client 2023-07-26 15:58:00,377 [INFO] Creating output directory '/home/cmuser/mobilenet_results/valid_results/bb3b3f2d4d2e-tflite_cpp-cpu-tflite-vmaster-default_config/mobilenet-v2-precision_uint8-1.0-128/singlestream/performance/tmp_power'
client 2023-07-26 15:58:00,380 [INFO] Sending command to the server: 'mlcommons/power client v3'
client 2023-07-26 15:58:00,383 [INFO] Got response: 'mlcommons/power server v3'
client 2023-07-26 15:58:00,383 [INFO] Synchronizing with the server and with time.google.com...
client 2023-07-26 15:58:00,446 [INFO] NTP:offset = -0.001 s, delay = 0.015 s 
client 2023-07-26 15:58:00,446 [INFO] Sending command to the server: 'time'
client 2023-07-26 15:58:00,448 [INFO] Got response: '1690412280.310651'
client 2023-07-26 15:58:00,448 [INFO] The time difference between the client and the server is within range 135.584 ms..138.160 ms
client 2023-07-26 15:58:00,448 [INFO] Sending command to the server: 'new,,e810e268-a51f-45bc-929a-c23268e21e7d'
client 2023-07-26 15:58:00,451 [INFO] Got response: 'OK 2023-07-26_23-58-00,b0bd3480-db4a-4dd1-bc57-b93301149beb'
client 2023-07-26 15:58:00,451 [INFO] Session id is '2023-07-26_23-58-00'
client 2023-07-26 15:58:00,451 [INFO] Sources: {"sources": {"__init__.py": "da39a3ee5e6b4b0d3255bfef95601890afd80709", "client.py": "33ca4f26368777ac06e01f9567b714a4b8063886", "lib/__init__.py": "da39a3ee5e6b4b0d3255bfef95601890afd80709", "lib/client.py": "ac2aa093c8e8bbc9569b9e2a3471bc64e58a2258", "lib/common.py": "611d8b29633d331eb19c9455ea3b5fa3284ed6df", "lib/external/__init__.py": "da39a3ee5e6b4b0d3255bfef95601890afd80709", "lib/external/ntplib.py": "4da8f970656505a40483206ef2b5d3dd5e81711d", "lib/server.py": "c7af63c31bb2fbedea4345f571f6e3507d268ada", "lib/source_hashes.py": "60a2e02193209e8d392803326208d5466342da18", "lib/summary.py": "aa92f0a3f975eecd44d3c0cd0236342ccc9f941d", "lib/time_sync.py": "122eba67a9abc85635223e054def53be1367ade2", "server.py": "c3f90f2f7eeb4db30727556d0c815ebc89b3d28b", "tests/unit/__init__.py": "da39a3ee5e6b4b0d3255bfef95601890afd80709", "tests/unit/test_server.py": "948c1995d4008bc2aa6c4046a34ffa3858d6d671", "tests/unit/test_source_hashes.py": "00468a2907583c593e6574a1f6b404e4651c221a"}, "modules": {"ptd_client_server.lib.client": "lib/client.py", "ptd_client_server.lib.common": "lib/common.py", "ptd_client_server.lib.external.ntplib": "lib/external/ntplib.py", "ptd_client_server.lib.source_hashes": "lib/source_hashes.py", "ptd_client_server.lib.summary": "lib/summary.py", "ptd_client_server.lib.time_sync": "lib/time_sync.py"}}
client 2023-07-26 15:58:00,451 [INFO] Running workload in ranging mode
client 2023-07-26 15:58:00,451 [INFO] Synchronizing with the server and with time.google.com...
client 2023-07-26 15:58:00,508 [INFO] NTP:offset = -0.001 s, delay = 0.016 s 
client 2023-07-26 15:58:00,508 [INFO] Sending command to the server: 'time'
client 2023-07-26 15:58:00,512 [INFO] Got response: '1690412280.3718252'
client 2023-07-26 15:58:00,512 [INFO] The time difference between the client and the server is within range 137.074 ms..140.473 ms
client 2023-07-26 15:58:00,512 [INFO] Sending command to the server: 'session,2023-07-26_23-58-00,start,ranging'
client 2023-07-26 15:58:24,374 [INFO] Got response: 'OK'
client 2023-07-26 15:58:24,374 [INFO] Sending command to the server: 'time'
client 2023-07-26 15:58:24,377 [INFO] Got response: '1690412304.2383363'
client 2023-07-26 15:58:24,377 [INFO] The time difference between the client and the server is within range 135.962 ms..138.939 ms
client 2023-07-26 15:58:24,377 [INFO] Running the workload 'CM_MLPERF_RUN_COUNT=$(cat ${CM_RUN_DIR}/count.txt); echo ${CM_MLPERF_RUN_COUNT}; CM_MLPERF_RUN_COUNT=$((CM_MLPERF_RUN_COUNT+1)); echo ${CM_MLPERF_RUN_COUNT} > ${CM_RUN_DIR}/count.txt && if [ ${CM_MLPERF_RUN_COUNT} -eq "1" ]; then export CM_MLPERF_USER_CONF=${CM_MLPERF_RANGING_USER_CONF}; else export CM_MLPERF_USER_CONF=${CM_MLPERF_TESTING_USER_CONF}; fi && /home/cmuser/run.out'
client 2023-07-26 16:03:24,965 [INFO] Sending command to the server: 'time'
client 2023-07-26 16:03:24,968 [INFO] Got response: '1690412604.8336353'
client 2023-07-26 16:03:24,968 [INFO] The time difference between the client and the server is within range 131.635 ms..134.495 ms
client 2023-07-26 16:03:24,968 [INFO] Sending command to the server: 'session,2023-07-26_23-58-00,stop,ranging'
client 2023-07-26 16:03:35,576 [INFO] Got response: 'OK'
client 2023-07-26 16:03:35,576 [INFO] Sending command to the server: 'time'
client 2023-07-26 16:03:35,578 [INFO] Got response: '1690412615.4371376'
client 2023-07-26 16:03:35,578 [INFO] The time difference between the client and the server is within range 139.591 ms..141.165 ms
client 2023-07-26 16:03:35,587 [INFO] Copying loadgen logs from '/home/cmuser/mobilenet_results/valid_results/bb3b3f2d4d2e-tflite_cpp-cpu-tflite-vmaster-default_config/mobilenet-v2-precision_uint8-1.0-128/singlestream/performance/run_1' to '/home/cmuser/mobilenet_results/valid_results/bb3b3f2d4d2e-tflite_cpp-cpu-tflite-vmaster-default_config/mobilenet-v2-precision_uint8-1.0-128/singlestream/performance/tmp_power/ranging'
client 2023-07-26 16:03:35,587 [INFO] Running workload in testing mode
client 2023-07-26 16:03:35,588 [INFO] Synchronizing with the server and with time.google.com...
client 2023-07-26 16:03:35,647 [INFO] NTP:offset = -0.001 s, delay = 0.015 s 
client 2023-07-26 16:03:35,647 [INFO] Sending command to the server: 'time'
client 2023-07-26 16:03:35,649 [INFO] Got response: '1690412615.508993'
client 2023-07-26 16:03:35,649 [INFO] The time difference between the client and the server is within range 138.124 ms..140.692 ms
client 2023-07-26 16:03:35,649 [INFO] Sending command to the server: 'session,2023-07-26_23-58-00,start,testing'
client 2023-07-26 16:03:48,705 [INFO] Got response: 'OK'
client 2023-07-26 16:03:48,705 [INFO] Sending command to the server: 'time'
client 2023-07-26 16:03:48,707 [INFO] Got response: '1690412628.5706074'
client 2023-07-26 16:03:48,707 [INFO] The time difference between the client and the server is within range 135.126 ms..137.002 ms
client 2023-07-26 16:03:48,707 [INFO] Running the workload 'CM_MLPERF_RUN_COUNT=$(cat ${CM_RUN_DIR}/count.txt); echo ${CM_MLPERF_RUN_COUNT}; CM_MLPERF_RUN_COUNT=$((CM_MLPERF_RUN_COUNT+1)); echo ${CM_MLPERF_RUN_COUNT} > ${CM_RUN_DIR}/count.txt && if [ ${CM_MLPERF_RUN_COUNT} -eq "1" ]; then export CM_MLPERF_USER_CONF=${CM_MLPERF_RANGING_USER_CONF}; else export CM_MLPERF_USER_CONF=${CM_MLPERF_TESTING_USER_CONF}; fi && /home/cmuser/run.out'
client 2023-07-26 16:13:49,809 [INFO] Sending command to the server: 'time'
client 2023-07-26 16:13:49,813 [INFO] Got response: '1690413229.6752262'
client 2023-07-26 16:13:49,813 [INFO] The time difference between the client and the server is within range 134.046 ms..137.931 ms
client 2023-07-26 16:13:49,813 [INFO] Sending command to the server: 'session,2023-07-26_23-58-00,stop,testing'
client 2023-07-26 16:14:00,796 [INFO] Got response: 'OK'
client 2023-07-26 16:14:00,797 [INFO] Sending command to the server: 'time'
client 2023-07-26 16:14:00,813 [INFO] Got response: '1690413240.656043'
client 2023-07-26 16:14:00,813 [INFO] The time difference between the client and the server is within range 141.037 ms..157.762 ms
client 2023-07-26 16:14:00,814 [INFO] Copying loadgen logs from '/home/cmuser/mobilenet_results/valid_results/bb3b3f2d4d2e-tflite_cpp-cpu-tflite-vmaster-default_config/mobilenet-v2-precision_uint8-1.0-128/singlestream/performance/run_1' to '/home/cmuser/mobilenet_results/valid_results/bb3b3f2d4d2e-tflite_cpp-cpu-tflite-vmaster-default_config/mobilenet-v2-precision_uint8-1.0-128/singlestream/performance/tmp_power/run_1'
client 2023-07-26 16:14:00,814 [INFO] Done runs
