client 2023-07-26 11:07:34,684 [INFO] Creating output directory '/home/cmuser/mobilenet_results/valid_results/bb3b3f2d4d2e-tflite_cpp-cpu-tflite-vmaster-default_config/mobilenet-v1-precision_uint8-0.5-160/singlestream/performance/tmp_power'
client 2023-07-26 11:07:34,686 [INFO] Sending command to the server: 'mlcommons/power client v3'
client 2023-07-26 11:07:34,689 [INFO] Got response: 'mlcommons/power server v3'
client 2023-07-26 11:07:34,689 [INFO] Synchronizing with the server and with time.google.com...
client 2023-07-26 11:07:34,748 [INFO] NTP:offset = -0.002 s, delay = 0.019 s 
client 2023-07-26 11:07:34,748 [INFO] Sending command to the server: 'time'
client 2023-07-26 11:07:34,751 [INFO] Got response: '1690394854.736329'
client 2023-07-26 11:07:34,751 [INFO] The time difference between the client and the server is within range 11.983 ms..15.045 ms
client 2023-07-26 11:07:34,751 [INFO] Sending command to the server: 'new,,35ff16c2-2230-4e3b-ba34-2bd1ee229e14'
client 2023-07-26 11:07:34,754 [INFO] Got response: 'OK 2023-07-26_19-07-34,ddacadde-cab3-4e78-b8f3-54f1243f76ce'
client 2023-07-26 11:07:34,754 [INFO] Session id is '2023-07-26_19-07-34'
client 2023-07-26 11:07:34,754 [INFO] Sources: {"sources": {"__init__.py": "da39a3ee5e6b4b0d3255bfef95601890afd80709", "client.py": "33ca4f26368777ac06e01f9567b714a4b8063886", "lib/__init__.py": "da39a3ee5e6b4b0d3255bfef95601890afd80709", "lib/client.py": "ac2aa093c8e8bbc9569b9e2a3471bc64e58a2258", "lib/common.py": "611d8b29633d331eb19c9455ea3b5fa3284ed6df", "lib/external/__init__.py": "da39a3ee5e6b4b0d3255bfef95601890afd80709", "lib/external/ntplib.py": "4da8f970656505a40483206ef2b5d3dd5e81711d", "lib/server.py": "c7af63c31bb2fbedea4345f571f6e3507d268ada", "lib/source_hashes.py": "60a2e02193209e8d392803326208d5466342da18", "lib/summary.py": "aa92f0a3f975eecd44d3c0cd0236342ccc9f941d", "lib/time_sync.py": "122eba67a9abc85635223e054def53be1367ade2", "server.py": "c3f90f2f7eeb4db30727556d0c815ebc89b3d28b", "tests/unit/__init__.py": "da39a3ee5e6b4b0d3255bfef95601890afd80709", "tests/unit/test_server.py": "948c1995d4008bc2aa6c4046a34ffa3858d6d671", "tests/unit/test_source_hashes.py": "00468a2907583c593e6574a1f6b404e4651c221a"}, "modules": {"ptd_client_server.lib.client": "lib/client.py", "ptd_client_server.lib.common": "lib/common.py", "ptd_client_server.lib.external.ntplib": "lib/external/ntplib.py", "ptd_client_server.lib.source_hashes": "lib/source_hashes.py", "ptd_client_server.lib.summary": "lib/summary.py", "ptd_client_server.lib.time_sync": "lib/time_sync.py"}}
client 2023-07-26 11:07:34,755 [INFO] Running workload in ranging mode
client 2023-07-26 11:07:34,755 [INFO] Synchronizing with the server and with time.google.com...
client 2023-07-26 11:07:34,817 [INFO] NTP:offset = -0.001 s, delay = 0.020 s 
client 2023-07-26 11:07:34,817 [INFO] Sending command to the server: 'time'
client 2023-07-26 11:07:34,820 [INFO] Got response: '1690394854.8073862'
client 2023-07-26 11:07:34,820 [INFO] The time difference between the client and the server is within range 10.038 ms..13.310 ms
client 2023-07-26 11:07:34,820 [INFO] Sending command to the server: 'session,2023-07-26_19-07-34,start,ranging'
client 2023-07-26 11:07:58,722 [INFO] Got response: 'OK'
client 2023-07-26 11:07:58,722 [INFO] Sending command to the server: 'time'
client 2023-07-26 11:07:58,725 [INFO] Got response: '1690394878.7112894'
client 2023-07-26 11:07:58,725 [INFO] The time difference between the client and the server is within range 10.846 ms..14.170 ms
client 2023-07-26 11:07:58,725 [INFO] Running the workload 'CM_MLPERF_RUN_COUNT=$(cat ${CM_RUN_DIR}/count.txt); echo ${CM_MLPERF_RUN_COUNT}; CM_MLPERF_RUN_COUNT=$((CM_MLPERF_RUN_COUNT+1)); echo ${CM_MLPERF_RUN_COUNT} > ${CM_RUN_DIR}/count.txt && if [ ${CM_MLPERF_RUN_COUNT} -eq "1" ]; then export CM_MLPERF_USER_CONF=${CM_MLPERF_RANGING_USER_CONF}; else export CM_MLPERF_USER_CONF=${CM_MLPERF_TESTING_USER_CONF}; fi && /home/cmuser/run.out'
client 2023-07-26 11:12:59,332 [INFO] Sending command to the server: 'time'
client 2023-07-26 11:12:59,336 [INFO] Got response: '1690395179.3162513'
client 2023-07-26 11:12:59,336 [INFO] The time difference between the client and the server is within range 16.032 ms..20.522 ms
client 2023-07-26 11:12:59,336 [INFO] Sending command to the server: 'session,2023-07-26_19-07-34,stop,ranging'
client 2023-07-26 11:13:09,843 [INFO] Got response: 'OK'
client 2023-07-26 11:13:09,843 [INFO] Sending command to the server: 'time'
client 2023-07-26 11:13:09,845 [INFO] Got response: '1690395189.82256'
client 2023-07-26 11:13:09,845 [INFO] The time difference between the client and the server is within range 20.625 ms..22.822 ms
client 2023-07-26 11:13:09,848 [INFO] Copying loadgen logs from '/home/cmuser/mobilenet_results/valid_results/bb3b3f2d4d2e-tflite_cpp-cpu-tflite-vmaster-default_config/mobilenet-v1-precision_uint8-0.5-160/singlestream/performance/run_1' to '/home/cmuser/mobilenet_results/valid_results/bb3b3f2d4d2e-tflite_cpp-cpu-tflite-vmaster-default_config/mobilenet-v1-precision_uint8-0.5-160/singlestream/performance/tmp_power/ranging'
client 2023-07-26 11:13:09,849 [INFO] Running workload in testing mode
client 2023-07-26 11:13:09,849 [INFO] Synchronizing with the server and with time.google.com...
client 2023-07-26 11:13:09,930 [INFO] NTP:offset = -0.000 s, delay = 0.013 s 
client 2023-07-26 11:13:09,930 [INFO] Sending command to the server: 'time'
client 2023-07-26 11:13:09,933 [INFO] Got response: '1690395189.9134061'
client 2023-07-26 11:13:09,933 [INFO] The time difference between the client and the server is within range 17.052 ms..19.878 ms
client 2023-07-26 11:13:09,933 [INFO] Sending command to the server: 'session,2023-07-26_19-07-34,start,testing'
client 2023-07-26 11:13:22,975 [INFO] Got response: 'OK'
client 2023-07-26 11:13:22,975 [INFO] Sending command to the server: 'time'
client 2023-07-26 11:13:22,978 [INFO] Got response: '1690395202.9565027'
client 2023-07-26 11:13:22,978 [INFO] The time difference between the client and the server is within range 19.023 ms..22.099 ms
client 2023-07-26 11:13:22,978 [INFO] Running the workload 'CM_MLPERF_RUN_COUNT=$(cat ${CM_RUN_DIR}/count.txt); echo ${CM_MLPERF_RUN_COUNT}; CM_MLPERF_RUN_COUNT=$((CM_MLPERF_RUN_COUNT+1)); echo ${CM_MLPERF_RUN_COUNT} > ${CM_RUN_DIR}/count.txt && if [ ${CM_MLPERF_RUN_COUNT} -eq "1" ]; then export CM_MLPERF_USER_CONF=${CM_MLPERF_RANGING_USER_CONF}; else export CM_MLPERF_USER_CONF=${CM_MLPERF_TESTING_USER_CONF}; fi && /home/cmuser/run.out'
client 2023-07-26 11:23:24,165 [INFO] Sending command to the server: 'time'
client 2023-07-26 11:23:24,169 [INFO] Got response: '1690395804.1491144'
client 2023-07-26 11:23:24,169 [INFO] The time difference between the client and the server is within range 16.632 ms..20.452 ms
client 2023-07-26 11:23:24,169 [INFO] Sending command to the server: 'session,2023-07-26_19-07-34,stop,testing'
client 2023-07-26 11:23:35,359 [INFO] Got response: 'OK'
client 2023-07-26 11:23:35,359 [INFO] Sending command to the server: 'time'
client 2023-07-26 11:23:35,361 [INFO] Got response: '1690395815.338833'
client 2023-07-26 11:23:35,361 [INFO] The time difference between the client and the server is within range 21.135 ms..22.954 ms
client 2023-07-26 11:23:35,362 [INFO] Copying loadgen logs from '/home/cmuser/mobilenet_results/valid_results/bb3b3f2d4d2e-tflite_cpp-cpu-tflite-vmaster-default_config/mobilenet-v1-precision_uint8-0.5-160/singlestream/performance/run_1' to '/home/cmuser/mobilenet_results/valid_results/bb3b3f2d4d2e-tflite_cpp-cpu-tflite-vmaster-default_config/mobilenet-v1-precision_uint8-0.5-160/singlestream/performance/tmp_power/run_1'
client 2023-07-26 11:23:35,362 [INFO] Done runs
