client 2023-07-12 20:25:32,317 [INFO] Creating output directory '/home/arjun/mobilenet_results/valid_results/phoenix_Amd_Am5-tflite_cpp-cpu-tflite-vmaster-default_config/mobilenet-v1-precision_uint8-0.75-192/singlestream/performance/tmp_power'
client 2023-07-12 20:25:32,319 [INFO] Sending command to the server: 'mlcommons/power client v3'
client 2023-07-12 20:25:32,322 [INFO] Got response: 'mlcommons/power server v3'
client 2023-07-12 20:25:32,323 [INFO] Synchronizing with the server and with time.google.com...
client 2023-07-12 20:25:32,337 [INFO] NTP:offset = -0.007 s, delay = 0.013 s 
client 2023-07-12 20:25:32,337 [INFO] Sending command to the server: 'time'
client 2023-07-12 20:25:32,347 [INFO] Got response: '1689189932.3162956'
client 2023-07-12 20:25:32,347 [INFO] The time difference between the client and the server is within range 21.045 ms..31.028 ms
client 2023-07-12 20:25:32,347 [INFO] Sending command to the server: 'new,,90c8dfa3-ebc4-4436-935d-520b9631d046'
client 2023-07-12 20:25:32,350 [INFO] Got response: 'OK 2023-07-12_20-25-32,b27ae0f6-b72e-416d-a9a7-c2acaab5e705'
client 2023-07-12 20:25:32,350 [INFO] Session id is '2023-07-12_20-25-32'
client 2023-07-12 20:25:32,350 [INFO] Sources: {"sources": {"__init__.py": "da39a3ee5e6b4b0d3255bfef95601890afd80709", "client.py": "33ca4f26368777ac06e01f9567b714a4b8063886", "lib/__init__.py": "da39a3ee5e6b4b0d3255bfef95601890afd80709", "lib/client.py": "ac2aa093c8e8bbc9569b9e2a3471bc64e58a2258", "lib/common.py": "611d8b29633d331eb19c9455ea3b5fa3284ed6df", "lib/external/__init__.py": "da39a3ee5e6b4b0d3255bfef95601890afd80709", "lib/external/ntplib.py": "4da8f970656505a40483206ef2b5d3dd5e81711d", "lib/server.py": "c7af63c31bb2fbedea4345f571f6e3507d268ada", "lib/source_hashes.py": "60a2e02193209e8d392803326208d5466342da18", "lib/summary.py": "aa92f0a3f975eecd44d3c0cd0236342ccc9f941d", "lib/time_sync.py": "122eba67a9abc85635223e054def53be1367ade2", "server.py": "c3f90f2f7eeb4db30727556d0c815ebc89b3d28b", "tests/unit/__init__.py": "da39a3ee5e6b4b0d3255bfef95601890afd80709", "tests/unit/test_server.py": "948c1995d4008bc2aa6c4046a34ffa3858d6d671", "tests/unit/test_source_hashes.py": "00468a2907583c593e6574a1f6b404e4651c221a"}, "modules": {"ptd_client_server.lib.client": "lib/client.py", "ptd_client_server.lib.common": "lib/common.py", "ptd_client_server.lib.external.ntplib": "lib/external/ntplib.py", "ptd_client_server.lib.source_hashes": "lib/source_hashes.py", "ptd_client_server.lib.summary": "lib/summary.py", "ptd_client_server.lib.time_sync": "lib/time_sync.py"}}
client 2023-07-12 20:25:32,350 [INFO] Running workload in ranging mode
client 2023-07-12 20:25:32,350 [INFO] Synchronizing with the server and with time.google.com...
client 2023-07-12 20:25:32,365 [INFO] NTP:offset = -0.007 s, delay = 0.014 s 
client 2023-07-12 20:25:32,365 [INFO] Sending command to the server: 'time'
client 2023-07-12 20:25:32,366 [INFO] Got response: '1689189932.3368306'
client 2023-07-12 20:25:32,366 [INFO] The time difference between the client and the server is within range 28.475 ms..30.154 ms
client 2023-07-12 20:25:32,367 [INFO] Sending command to the server: 'session,2023-07-12_20-25-32,start,ranging'
client 2023-07-12 20:25:56,450 [INFO] Got response: 'OK'
client 2023-07-12 20:25:56,450 [INFO] Sending command to the server: 'time'
client 2023-07-12 20:25:56,454 [INFO] Got response: '1689189956.421757'
client 2023-07-12 20:25:56,454 [INFO] The time difference between the client and the server is within range 29.087 ms..32.717 ms
client 2023-07-12 20:25:56,454 [INFO] Running the workload 'CM_MLPERF_RUN_COUNT=$(cat ${CM_RUN_DIR}/count.txt); echo ${CM_MLPERF_RUN_COUNT}; CM_MLPERF_RUN_COUNT=$((CM_MLPERF_RUN_COUNT+1)); echo ${CM_MLPERF_RUN_COUNT} > ${CM_RUN_DIR}/count.txt && if [ ${CM_MLPERF_RUN_COUNT} -eq "1" ]; then export CM_MLPERF_USER_CONF=${CM_MLPERF_RANGING_USER_CONF}; else export CM_MLPERF_USER_CONF=${CM_MLPERF_TESTING_USER_CONF}; fi && /home/arjun/run.out'
client 2023-07-12 20:30:57,015 [INFO] Sending command to the server: 'time'
client 2023-07-12 20:30:57,018 [INFO] Got response: '1689190256.9881537'
client 2023-07-12 20:30:57,018 [INFO] The time difference between the client and the server is within range 27.683 ms..30.673 ms
client 2023-07-12 20:30:57,018 [INFO] Sending command to the server: 'session,2023-07-12_20-25-32,stop,ranging'
client 2023-07-12 20:31:07,520 [INFO] Got response: 'OK'
client 2023-07-12 20:31:07,520 [INFO] Sending command to the server: 'time'
client 2023-07-12 20:31:07,522 [INFO] Got response: '1689190267.495719'
client 2023-07-12 20:31:07,522 [INFO] The time difference between the client and the server is within range 25.041 ms..27.164 ms
client 2023-07-12 20:31:07,525 [INFO] Copying loadgen logs from '/home/arjun/mobilenet_results/valid_results/phoenix_Amd_Am5-tflite_cpp-cpu-tflite-vmaster-default_config/mobilenet-v1-precision_uint8-0.75-192/singlestream/performance/run_1' to '/home/arjun/mobilenet_results/valid_results/phoenix_Amd_Am5-tflite_cpp-cpu-tflite-vmaster-default_config/mobilenet-v1-precision_uint8-0.75-192/singlestream/performance/tmp_power/ranging'
client 2023-07-12 20:31:07,525 [INFO] Running workload in testing mode
client 2023-07-12 20:31:07,525 [INFO] Synchronizing with the server and with time.google.com...
client 2023-07-12 20:31:07,542 [INFO] NTP:offset = -0.004 s, delay = 0.016 s 
client 2023-07-12 20:31:07,542 [INFO] Sending command to the server: 'time'
client 2023-07-12 20:31:07,625 [INFO] Got response: '1689190267.596385'
client 2023-07-12 20:31:07,625 [INFO] The time difference between the client and the server is within range -53.927 ms..29.459 ms
client 2023-07-12 20:31:07,625 [INFO] Sending command to the server: 'session,2023-07-12_20-25-32,start,testing'
client 2023-07-12 20:31:20,691 [INFO] Got response: 'OK'
client 2023-07-12 20:31:20,691 [INFO] Sending command to the server: 'time'
client 2023-07-12 20:31:20,695 [INFO] Got response: '1689190280.6645353'
client 2023-07-12 20:31:20,695 [INFO] The time difference between the client and the server is within range 27.345 ms..30.995 ms
client 2023-07-12 20:31:20,695 [INFO] Running the workload 'CM_MLPERF_RUN_COUNT=$(cat ${CM_RUN_DIR}/count.txt); echo ${CM_MLPERF_RUN_COUNT}; CM_MLPERF_RUN_COUNT=$((CM_MLPERF_RUN_COUNT+1)); echo ${CM_MLPERF_RUN_COUNT} > ${CM_RUN_DIR}/count.txt && if [ ${CM_MLPERF_RUN_COUNT} -eq "1" ]; then export CM_MLPERF_USER_CONF=${CM_MLPERF_RANGING_USER_CONF}; else export CM_MLPERF_USER_CONF=${CM_MLPERF_TESTING_USER_CONF}; fi && /home/arjun/run.out'
client 2023-07-12 20:41:21,809 [INFO] Sending command to the server: 'time'
client 2023-07-12 20:41:21,811 [INFO] Got response: '1689190881.7737339'
client 2023-07-12 20:41:21,811 [INFO] The time difference between the client and the server is within range 36.005 ms..38.109 ms
client 2023-07-12 20:41:21,811 [INFO] Sending command to the server: 'session,2023-07-12_20-25-32,stop,testing'
client 2023-07-12 20:41:32,876 [INFO] Got response: 'OK'
client 2023-07-12 20:41:32,876 [INFO] Sending command to the server: 'time'
client 2023-07-12 20:41:32,877 [INFO] Got response: '1689190892.8373816'
client 2023-07-12 20:41:32,877 [INFO] The time difference between the client and the server is within range 39.044 ms..40.422 ms
client 2023-07-12 20:41:32,878 [INFO] Copying loadgen logs from '/home/arjun/mobilenet_results/valid_results/phoenix_Amd_Am5-tflite_cpp-cpu-tflite-vmaster-default_config/mobilenet-v1-precision_uint8-0.75-192/singlestream/performance/run_1' to '/home/arjun/mobilenet_results/valid_results/phoenix_Amd_Am5-tflite_cpp-cpu-tflite-vmaster-default_config/mobilenet-v1-precision_uint8-0.75-192/singlestream/performance/tmp_power/run_1'
client 2023-07-12 20:41:32,878 [INFO] Done runs
