client 2023-07-26 17:34:52,305 [INFO] Creating output directory '/home/cmuser/mobilenet_results/valid_results/bb3b3f2d4d2e-tflite_cpp-cpu-tflite-vmaster-default_config/mobilenet-v2-precision_uint8-0.75-160/singlestream/performance/tmp_power'
client 2023-07-26 17:34:52,308 [INFO] Sending command to the server: 'mlcommons/power client v3'
client 2023-07-26 17:34:52,310 [INFO] Got response: 'mlcommons/power server v3'
client 2023-07-26 17:34:52,310 [INFO] Synchronizing with the server and with time.google.com...
client 2023-07-26 17:34:52,370 [INFO] NTP:offset = -0.000 s, delay = 0.021 s 
client 2023-07-26 17:34:52,370 [INFO] Sending command to the server: 'time'
client 2023-07-26 17:34:52,374 [INFO] Got response: '1690418092.2270074'
client 2023-07-26 17:34:52,374 [INFO] The time difference between the client and the server is within range 143.632 ms..147.233 ms
client 2023-07-26 17:34:52,374 [INFO] Sending command to the server: 'new,,1510d286-87ab-49bf-85ff-9c2b0788a6b6'
client 2023-07-26 17:34:52,378 [INFO] Got response: 'OK 2023-07-27_01-34-52,34c3f1b6-65a8-4bd5-8d55-11c7e007abf4'
client 2023-07-26 17:34:52,378 [INFO] Session id is '2023-07-27_01-34-52'
client 2023-07-26 17:34:52,378 [INFO] Sources: {"sources": {"__init__.py": "da39a3ee5e6b4b0d3255bfef95601890afd80709", "client.py": "33ca4f26368777ac06e01f9567b714a4b8063886", "lib/__init__.py": "da39a3ee5e6b4b0d3255bfef95601890afd80709", "lib/client.py": "ac2aa093c8e8bbc9569b9e2a3471bc64e58a2258", "lib/common.py": "611d8b29633d331eb19c9455ea3b5fa3284ed6df", "lib/external/__init__.py": "da39a3ee5e6b4b0d3255bfef95601890afd80709", "lib/external/ntplib.py": "4da8f970656505a40483206ef2b5d3dd5e81711d", "lib/server.py": "c7af63c31bb2fbedea4345f571f6e3507d268ada", "lib/source_hashes.py": "60a2e02193209e8d392803326208d5466342da18", "lib/summary.py": "aa92f0a3f975eecd44d3c0cd0236342ccc9f941d", "lib/time_sync.py": "122eba67a9abc85635223e054def53be1367ade2", "server.py": "c3f90f2f7eeb4db30727556d0c815ebc89b3d28b", "tests/unit/__init__.py": "da39a3ee5e6b4b0d3255bfef95601890afd80709", "tests/unit/test_server.py": "948c1995d4008bc2aa6c4046a34ffa3858d6d671", "tests/unit/test_source_hashes.py": "00468a2907583c593e6574a1f6b404e4651c221a"}, "modules": {"ptd_client_server.lib.client": "lib/client.py", "ptd_client_server.lib.common": "lib/common.py", "ptd_client_server.lib.external.ntplib": "lib/external/ntplib.py", "ptd_client_server.lib.source_hashes": "lib/source_hashes.py", "ptd_client_server.lib.summary": "lib/summary.py", "ptd_client_server.lib.time_sync": "lib/time_sync.py"}}
client 2023-07-26 17:34:52,379 [INFO] Running workload in ranging mode
client 2023-07-26 17:34:52,379 [INFO] Synchronizing with the server and with time.google.com...
client 2023-07-26 17:34:52,437 [INFO] NTP:offset = -0.002 s, delay = 0.021 s 
client 2023-07-26 17:34:52,437 [INFO] Sending command to the server: 'time'
client 2023-07-26 17:34:52,442 [INFO] Got response: '1690418092.2873344'
client 2023-07-26 17:34:52,442 [INFO] The time difference between the client and the server is within range 150.417 ms..154.817 ms
client 2023-07-26 17:34:52,442 [INFO] Sending command to the server: 'session,2023-07-27_01-34-52,start,ranging'
client 2023-07-26 17:35:16,328 [INFO] Got response: 'OK'
client 2023-07-26 17:35:16,328 [INFO] Sending command to the server: 'time'
client 2023-07-26 17:35:16,331 [INFO] Got response: '1690418116.1780524'
client 2023-07-26 17:35:16,331 [INFO] The time difference between the client and the server is within range 150.768 ms..153.916 ms
client 2023-07-26 17:35:16,332 [INFO] Running the workload 'CM_MLPERF_RUN_COUNT=$(cat ${CM_RUN_DIR}/count.txt); echo ${CM_MLPERF_RUN_COUNT}; CM_MLPERF_RUN_COUNT=$((CM_MLPERF_RUN_COUNT+1)); echo ${CM_MLPERF_RUN_COUNT} > ${CM_RUN_DIR}/count.txt && if [ ${CM_MLPERF_RUN_COUNT} -eq "1" ]; then export CM_MLPERF_USER_CONF=${CM_MLPERF_RANGING_USER_CONF}; else export CM_MLPERF_USER_CONF=${CM_MLPERF_TESTING_USER_CONF}; fi && /home/cmuser/run.out'
client 2023-07-26 17:40:16,925 [INFO] Sending command to the server: 'time'
client 2023-07-26 17:40:16,929 [INFO] Got response: '1690418416.7763402'
client 2023-07-26 17:40:16,929 [INFO] The time difference between the client and the server is within range 149.312 ms..153.055 ms
client 2023-07-26 17:40:16,929 [INFO] Sending command to the server: 'session,2023-07-27_01-34-52,stop,ranging'
client 2023-07-26 17:40:27,472 [INFO] Got response: 'OK'
client 2023-07-26 17:40:27,473 [INFO] Sending command to the server: 'time'
client 2023-07-26 17:40:27,475 [INFO] Got response: '1690418427.321988'
client 2023-07-26 17:40:27,475 [INFO] The time difference between the client and the server is within range 151.043 ms..153.276 ms
client 2023-07-26 17:40:27,478 [INFO] Copying loadgen logs from '/home/cmuser/mobilenet_results/valid_results/bb3b3f2d4d2e-tflite_cpp-cpu-tflite-vmaster-default_config/mobilenet-v2-precision_uint8-0.75-160/singlestream/performance/run_1' to '/home/cmuser/mobilenet_results/valid_results/bb3b3f2d4d2e-tflite_cpp-cpu-tflite-vmaster-default_config/mobilenet-v2-precision_uint8-0.75-160/singlestream/performance/tmp_power/ranging'
client 2023-07-26 17:40:27,478 [INFO] Running workload in testing mode
client 2023-07-26 17:40:27,479 [INFO] Synchronizing with the server and with time.google.com...
client 2023-07-26 17:40:27,529 [INFO] NTP:offset = -0.001 s, delay = 0.012 s 
client 2023-07-26 17:40:27,529 [INFO] Sending command to the server: 'time'
client 2023-07-26 17:40:27,531 [INFO] Got response: '1690418427.3830125'
client 2023-07-26 17:40:27,531 [INFO] The time difference between the client and the server is within range 146.500 ms..148.410 ms
client 2023-07-26 17:40:27,531 [INFO] Sending command to the server: 'session,2023-07-27_01-34-52,start,testing'
client 2023-07-26 17:40:40,590 [INFO] Got response: 'OK'
client 2023-07-26 17:40:40,590 [INFO] Sending command to the server: 'time'
client 2023-07-26 17:40:40,663 [INFO] Got response: '1690418440.5115175'
client 2023-07-26 17:40:40,663 [INFO] The time difference between the client and the server is within range 79.125 ms..151.869 ms
client 2023-07-26 17:40:40,663 [INFO] Running the workload 'CM_MLPERF_RUN_COUNT=$(cat ${CM_RUN_DIR}/count.txt); echo ${CM_MLPERF_RUN_COUNT}; CM_MLPERF_RUN_COUNT=$((CM_MLPERF_RUN_COUNT+1)); echo ${CM_MLPERF_RUN_COUNT} > ${CM_RUN_DIR}/count.txt && if [ ${CM_MLPERF_RUN_COUNT} -eq "1" ]; then export CM_MLPERF_USER_CONF=${CM_MLPERF_RANGING_USER_CONF}; else export CM_MLPERF_USER_CONF=${CM_MLPERF_TESTING_USER_CONF}; fi && /home/cmuser/run.out'
client 2023-07-26 17:50:41,763 [INFO] Sending command to the server: 'time'
client 2023-07-26 17:50:41,767 [INFO] Got response: '1690419041.6121626'
client 2023-07-26 17:50:41,767 [INFO] The time difference between the client and the server is within range 151.419 ms..155.005 ms
client 2023-07-26 17:50:41,767 [INFO] Sending command to the server: 'session,2023-07-27_01-34-52,stop,testing'
client 2023-07-26 17:50:52,671 [INFO] Got response: 'OK'
client 2023-07-26 17:50:52,671 [INFO] Sending command to the server: 'time'
client 2023-07-26 17:50:52,673 [INFO] Got response: '1690419052.512409'
client 2023-07-26 17:50:52,673 [INFO] The time difference between the client and the server is within range 158.805 ms..160.634 ms
client 2023-07-26 17:50:52,673 [INFO] Copying loadgen logs from '/home/cmuser/mobilenet_results/valid_results/bb3b3f2d4d2e-tflite_cpp-cpu-tflite-vmaster-default_config/mobilenet-v2-precision_uint8-0.75-160/singlestream/performance/run_1' to '/home/cmuser/mobilenet_results/valid_results/bb3b3f2d4d2e-tflite_cpp-cpu-tflite-vmaster-default_config/mobilenet-v2-precision_uint8-0.75-160/singlestream/performance/tmp_power/run_1'
client 2023-07-26 17:50:52,673 [INFO] Done runs
