client 2023-07-12 23:55:37,158 [INFO] Creating output directory '/home/arjun/mobilenet_results/valid_results/phoenix_Amd_Am5-tflite_cpp-cpu-tflite-vmaster-default_config/mobilenet-v1-precision_uint8-0.5-160/singlestream/performance/tmp_power'
client 2023-07-12 23:55:37,238 [INFO] Sending command to the server: 'mlcommons/power client v3'
client 2023-07-12 23:55:37,240 [INFO] Got response: 'mlcommons/power server v3'
client 2023-07-12 23:55:37,240 [INFO] Synchronizing with the server and with time.google.com...
client 2023-07-12 23:55:37,255 [INFO] NTP:offset = -0.004 s, delay = 0.013 s 
client 2023-07-12 23:55:37,255 [INFO] Sending command to the server: 'time'
client 2023-07-12 23:55:37,262 [INFO] Got response: '1689202537.182592'
client 2023-07-12 23:55:37,262 [INFO] The time difference between the client and the server is within range 72.657 ms..79.537 ms
client 2023-07-12 23:55:37,262 [INFO] Sending command to the server: 'new,,3eb1ebc8-ee88-45c0-bd95-9302549a3592'
client 2023-07-12 23:55:37,265 [INFO] Got response: 'OK 2023-07-12_23-55-37,38596156-2307-4a8d-947a-9c0b0b79094a'
client 2023-07-12 23:55:37,265 [INFO] Session id is '2023-07-12_23-55-37'
client 2023-07-12 23:55:37,265 [INFO] Sources: {"sources": {"__init__.py": "da39a3ee5e6b4b0d3255bfef95601890afd80709", "client.py": "33ca4f26368777ac06e01f9567b714a4b8063886", "lib/__init__.py": "da39a3ee5e6b4b0d3255bfef95601890afd80709", "lib/client.py": "ac2aa093c8e8bbc9569b9e2a3471bc64e58a2258", "lib/common.py": "611d8b29633d331eb19c9455ea3b5fa3284ed6df", "lib/external/__init__.py": "da39a3ee5e6b4b0d3255bfef95601890afd80709", "lib/external/ntplib.py": "4da8f970656505a40483206ef2b5d3dd5e81711d", "lib/server.py": "c7af63c31bb2fbedea4345f571f6e3507d268ada", "lib/source_hashes.py": "60a2e02193209e8d392803326208d5466342da18", "lib/summary.py": "aa92f0a3f975eecd44d3c0cd0236342ccc9f941d", "lib/time_sync.py": "122eba67a9abc85635223e054def53be1367ade2", "server.py": "c3f90f2f7eeb4db30727556d0c815ebc89b3d28b", "tests/unit/__init__.py": "da39a3ee5e6b4b0d3255bfef95601890afd80709", "tests/unit/test_server.py": "948c1995d4008bc2aa6c4046a34ffa3858d6d671", "tests/unit/test_source_hashes.py": "00468a2907583c593e6574a1f6b404e4651c221a"}, "modules": {"ptd_client_server.lib.client": "lib/client.py", "ptd_client_server.lib.common": "lib/common.py", "ptd_client_server.lib.external.ntplib": "lib/external/ntplib.py", "ptd_client_server.lib.source_hashes": "lib/source_hashes.py", "ptd_client_server.lib.summary": "lib/summary.py", "ptd_client_server.lib.time_sync": "lib/time_sync.py"}}
client 2023-07-12 23:55:37,265 [INFO] Running workload in ranging mode
client 2023-07-12 23:55:37,265 [INFO] Synchronizing with the server and with time.google.com...
client 2023-07-12 23:55:37,296 [INFO] NTP:offset = 0.004 s, delay = 0.030 s 
client 2023-07-12 23:55:37,296 [INFO] Sending command to the server: 'time'
client 2023-07-12 23:55:37,297 [INFO] Got response: '1689202537.2227561'
client 2023-07-12 23:55:37,297 [INFO] The time difference between the client and the server is within range 73.483 ms..75.100 ms
client 2023-07-12 23:55:37,297 [INFO] Sending command to the server: 'session,2023-07-12_23-55-37,start,ranging'
client 2023-07-12 23:56:01,155 [INFO] Got response: 'OK'
client 2023-07-12 23:56:01,155 [INFO] Sending command to the server: 'time'
client 2023-07-12 23:56:01,158 [INFO] Got response: '1689202561.0780666'
client 2023-07-12 23:56:01,158 [INFO] The time difference between the client and the server is within range 77.426 ms..80.278 ms
client 2023-07-12 23:56:01,158 [INFO] Running the workload 'CM_MLPERF_RUN_COUNT=$(cat ${CM_RUN_DIR}/count.txt); echo ${CM_MLPERF_RUN_COUNT}; CM_MLPERF_RUN_COUNT=$((CM_MLPERF_RUN_COUNT+1)); echo ${CM_MLPERF_RUN_COUNT} > ${CM_RUN_DIR}/count.txt && if [ ${CM_MLPERF_RUN_COUNT} -eq "1" ]; then export CM_MLPERF_USER_CONF=${CM_MLPERF_RANGING_USER_CONF}; else export CM_MLPERF_USER_CONF=${CM_MLPERF_TESTING_USER_CONF}; fi && /home/arjun/run.out'
client 2023-07-13 00:01:01,772 [INFO] Sending command to the server: 'time'
client 2023-07-13 00:01:01,775 [INFO] Got response: '1689202861.6974819'
client 2023-07-13 00:01:01,775 [INFO] The time difference between the client and the server is within range 74.888 ms..78.442 ms
client 2023-07-13 00:01:01,775 [INFO] Sending command to the server: 'session,2023-07-12_23-55-37,stop,ranging'
client 2023-07-13 00:01:12,655 [INFO] Got response: 'OK'
client 2023-07-13 00:01:12,655 [INFO] Sending command to the server: 'time'
client 2023-07-13 00:01:12,658 [INFO] Got response: '1689202872.5750008'
client 2023-07-13 00:01:12,658 [INFO] The time difference between the client and the server is within range 80.752 ms..83.504 ms
client 2023-07-13 00:01:12,661 [INFO] Copying loadgen logs from '/home/arjun/mobilenet_results/valid_results/phoenix_Amd_Am5-tflite_cpp-cpu-tflite-vmaster-default_config/mobilenet-v1-precision_uint8-0.5-160/singlestream/performance/run_1' to '/home/arjun/mobilenet_results/valid_results/phoenix_Amd_Am5-tflite_cpp-cpu-tflite-vmaster-default_config/mobilenet-v1-precision_uint8-0.5-160/singlestream/performance/tmp_power/ranging'
client 2023-07-13 00:01:12,661 [INFO] Running workload in testing mode
client 2023-07-13 00:01:12,661 [INFO] Synchronizing with the server and with time.google.com...
client 2023-07-13 00:01:12,676 [INFO] NTP:offset = -0.003 s, delay = 0.014 s 
client 2023-07-13 00:01:12,676 [INFO] Sending command to the server: 'time'
client 2023-07-13 00:01:12,678 [INFO] Got response: '1689202872.5961623'
client 2023-07-13 00:01:12,678 [INFO] The time difference between the client and the server is within range 80.209 ms..82.013 ms
client 2023-07-13 00:01:12,678 [INFO] Sending command to the server: 'session,2023-07-12_23-55-37,start,testing'
client 2023-07-13 00:01:25,755 [INFO] Got response: 'OK'
client 2023-07-13 00:01:25,755 [INFO] Sending command to the server: 'time'
client 2023-07-13 00:01:25,758 [INFO] Got response: '1689202885.6784039'
client 2023-07-13 00:01:25,758 [INFO] The time difference between the client and the server is within range 77.530 ms..79.943 ms
client 2023-07-13 00:01:25,758 [INFO] Running the workload 'CM_MLPERF_RUN_COUNT=$(cat ${CM_RUN_DIR}/count.txt); echo ${CM_MLPERF_RUN_COUNT}; CM_MLPERF_RUN_COUNT=$((CM_MLPERF_RUN_COUNT+1)); echo ${CM_MLPERF_RUN_COUNT} > ${CM_RUN_DIR}/count.txt && if [ ${CM_MLPERF_RUN_COUNT} -eq "1" ]; then export CM_MLPERF_USER_CONF=${CM_MLPERF_RANGING_USER_CONF}; else export CM_MLPERF_USER_CONF=${CM_MLPERF_TESTING_USER_CONF}; fi && /home/arjun/run.out'
client 2023-07-13 00:11:26,998 [INFO] Sending command to the server: 'time'
client 2023-07-13 00:11:27,001 [INFO] Got response: '1689203486.9221368'
client 2023-07-13 00:11:27,001 [INFO] The time difference between the client and the server is within range 76.232 ms..79.368 ms
client 2023-07-13 00:11:27,001 [INFO] Sending command to the server: 'session,2023-07-12_23-55-37,stop,testing'
client 2023-07-13 00:11:37,829 [INFO] Got response: 'OK'
client 2023-07-13 00:11:37,829 [INFO] Sending command to the server: 'time'
client 2023-07-13 00:11:37,830 [INFO] Got response: '1689203497.7541625'
client 2023-07-13 00:11:37,830 [INFO] The time difference between the client and the server is within range 74.941 ms..76.544 ms
client 2023-07-13 00:11:37,831 [INFO] Copying loadgen logs from '/home/arjun/mobilenet_results/valid_results/phoenix_Amd_Am5-tflite_cpp-cpu-tflite-vmaster-default_config/mobilenet-v1-precision_uint8-0.5-160/singlestream/performance/run_1' to '/home/arjun/mobilenet_results/valid_results/phoenix_Amd_Am5-tflite_cpp-cpu-tflite-vmaster-default_config/mobilenet-v1-precision_uint8-0.5-160/singlestream/performance/tmp_power/run_1'
client 2023-07-13 00:11:37,831 [INFO] Done runs
