client 2023-07-12 18:48:15,441 [INFO] Creating output directory '/home/arjun/mobilenet_results/valid_results/phoenix_Amd_Am5-tflite_cpp-cpu-tflite-vmaster-default_config/mobilenet-v1-precision_uint8-1.0-160/singlestream/performance/tmp_power'
client 2023-07-12 18:48:15,444 [INFO] Sending command to the server: 'mlcommons/power client v3'
client 2023-07-12 18:48:15,447 [INFO] Got response: 'mlcommons/power server v3'
client 2023-07-12 18:48:15,447 [INFO] Synchronizing with the server and with time.google.com...
client 2023-07-12 18:48:15,467 [INFO] NTP:offset = 0.001 s, delay = 0.019 s 
client 2023-07-12 18:48:15,467 [INFO] Sending command to the server: 'time'
client 2023-07-12 18:48:15,470 [INFO] Got response: '1689184095.4609654'
client 2023-07-12 18:48:15,470 [INFO] The time difference between the client and the server is within range 6.901 ms..10.025 ms
client 2023-07-12 18:48:15,471 [INFO] Sending command to the server: 'new,,2320b8d6-6aa5-4613-9f5b-85aa41792853'
client 2023-07-12 18:48:15,473 [INFO] Got response: 'OK 2023-07-12_18-48-15,1b1198df-9705-4ee5-8045-708bbc5b1750'
client 2023-07-12 18:48:15,473 [INFO] Session id is '2023-07-12_18-48-15'
client 2023-07-12 18:48:15,473 [INFO] Sources: {"sources": {"__init__.py": "da39a3ee5e6b4b0d3255bfef95601890afd80709", "client.py": "33ca4f26368777ac06e01f9567b714a4b8063886", "lib/__init__.py": "da39a3ee5e6b4b0d3255bfef95601890afd80709", "lib/client.py": "ac2aa093c8e8bbc9569b9e2a3471bc64e58a2258", "lib/common.py": "611d8b29633d331eb19c9455ea3b5fa3284ed6df", "lib/external/__init__.py": "da39a3ee5e6b4b0d3255bfef95601890afd80709", "lib/external/ntplib.py": "4da8f970656505a40483206ef2b5d3dd5e81711d", "lib/server.py": "c7af63c31bb2fbedea4345f571f6e3507d268ada", "lib/source_hashes.py": "60a2e02193209e8d392803326208d5466342da18", "lib/summary.py": "aa92f0a3f975eecd44d3c0cd0236342ccc9f941d", "lib/time_sync.py": "122eba67a9abc85635223e054def53be1367ade2", "server.py": "c3f90f2f7eeb4db30727556d0c815ebc89b3d28b", "tests/unit/__init__.py": "da39a3ee5e6b4b0d3255bfef95601890afd80709", "tests/unit/test_server.py": "948c1995d4008bc2aa6c4046a34ffa3858d6d671", "tests/unit/test_source_hashes.py": "00468a2907583c593e6574a1f6b404e4651c221a"}, "modules": {"ptd_client_server.lib.client": "lib/client.py", "ptd_client_server.lib.common": "lib/common.py", "ptd_client_server.lib.external.ntplib": "lib/external/ntplib.py", "ptd_client_server.lib.source_hashes": "lib/source_hashes.py", "ptd_client_server.lib.summary": "lib/summary.py", "ptd_client_server.lib.time_sync": "lib/time_sync.py"}}
client 2023-07-12 18:48:15,473 [INFO] Running workload in ranging mode
client 2023-07-12 18:48:15,473 [INFO] Synchronizing with the server and with time.google.com...
client 2023-07-12 18:48:15,485 [INFO] NTP:offset = 0.001 s, delay = 0.011 s 
client 2023-07-12 18:48:15,485 [INFO] Sending command to the server: 'time'
client 2023-07-12 18:48:15,490 [INFO] Got response: '1689184095.481299'
client 2023-07-12 18:48:15,490 [INFO] The time difference between the client and the server is within range 4.300 ms..9.494 ms
client 2023-07-12 18:48:15,490 [INFO] Sending command to the server: 'session,2023-07-12_18-48-15,start,ranging'
client 2023-07-12 18:48:39,342 [INFO] Got response: 'OK'
client 2023-07-12 18:48:39,342 [INFO] Sending command to the server: 'time'
client 2023-07-12 18:48:39,345 [INFO] Got response: '1689184119.335127'
client 2023-07-12 18:48:39,345 [INFO] The time difference between the client and the server is within range 7.674 ms..10.423 ms
client 2023-07-12 18:48:39,345 [INFO] Running the workload 'CM_MLPERF_RUN_COUNT=$(cat ${CM_RUN_DIR}/count.txt); echo ${CM_MLPERF_RUN_COUNT}; CM_MLPERF_RUN_COUNT=$((CM_MLPERF_RUN_COUNT+1)); echo ${CM_MLPERF_RUN_COUNT} > ${CM_RUN_DIR}/count.txt && if [ ${CM_MLPERF_RUN_COUNT} -eq "1" ]; then export CM_MLPERF_USER_CONF=${CM_MLPERF_RANGING_USER_CONF}; else export CM_MLPERF_USER_CONF=${CM_MLPERF_TESTING_USER_CONF}; fi && /home/arjun/run.out'
client 2023-07-12 18:53:39,899 [INFO] Sending command to the server: 'time'
client 2023-07-12 18:53:39,902 [INFO] Got response: '1689184419.8937502'
client 2023-07-12 18:53:39,902 [INFO] The time difference between the client and the server is within range 5.910 ms..9.167 ms
client 2023-07-12 18:53:39,902 [INFO] Sending command to the server: 'session,2023-07-12_18-48-15,stop,ranging'
client 2023-07-12 18:53:50,416 [INFO] Got response: 'OK'
client 2023-07-12 18:53:50,416 [INFO] Sending command to the server: 'time'
client 2023-07-12 18:53:50,418 [INFO] Got response: '1689184430.4101467'
client 2023-07-12 18:53:50,418 [INFO] The time difference between the client and the server is within range 6.283 ms..8.611 ms
client 2023-07-12 18:53:50,421 [INFO] Copying loadgen logs from '/home/arjun/mobilenet_results/valid_results/phoenix_Amd_Am5-tflite_cpp-cpu-tflite-vmaster-default_config/mobilenet-v1-precision_uint8-1.0-160/singlestream/performance/run_1' to '/home/arjun/mobilenet_results/valid_results/phoenix_Amd_Am5-tflite_cpp-cpu-tflite-vmaster-default_config/mobilenet-v1-precision_uint8-1.0-160/singlestream/performance/tmp_power/ranging'
client 2023-07-12 18:53:50,421 [INFO] Running workload in testing mode
client 2023-07-12 18:53:50,421 [INFO] Synchronizing with the server and with time.google.com...
client 2023-07-12 18:53:50,435 [INFO] NTP:offset = 0.000 s, delay = 0.013 s 
client 2023-07-12 18:53:50,435 [INFO] Sending command to the server: 'time'
client 2023-07-12 18:53:50,437 [INFO] Got response: '1689184430.430696'
client 2023-07-12 18:53:50,437 [INFO] The time difference between the client and the server is within range 5.157 ms..7.178 ms
client 2023-07-12 18:53:50,437 [INFO] Sending command to the server: 'session,2023-07-12_18-48-15,start,testing'
client 2023-07-12 18:54:03,493 [INFO] Got response: 'OK'
client 2023-07-12 18:54:03,493 [INFO] Sending command to the server: 'time'
client 2023-07-12 18:54:03,498 [INFO] Got response: '1689184443.4900963'
client 2023-07-12 18:54:03,498 [INFO] The time difference between the client and the server is within range 3.449 ms..8.176 ms
client 2023-07-12 18:54:03,498 [INFO] Running the workload 'CM_MLPERF_RUN_COUNT=$(cat ${CM_RUN_DIR}/count.txt); echo ${CM_MLPERF_RUN_COUNT}; CM_MLPERF_RUN_COUNT=$((CM_MLPERF_RUN_COUNT+1)); echo ${CM_MLPERF_RUN_COUNT} > ${CM_RUN_DIR}/count.txt && if [ ${CM_MLPERF_RUN_COUNT} -eq "1" ]; then export CM_MLPERF_USER_CONF=${CM_MLPERF_RANGING_USER_CONF}; else export CM_MLPERF_USER_CONF=${CM_MLPERF_TESTING_USER_CONF}; fi && /home/arjun/run.out'
client 2023-07-12 19:04:04,577 [INFO] Sending command to the server: 'time'
client 2023-07-12 19:04:04,579 [INFO] Got response: '1689185044.563377'
client 2023-07-12 19:04:04,579 [INFO] The time difference between the client and the server is within range 13.662 ms..15.932 ms
client 2023-07-12 19:04:04,579 [INFO] Sending command to the server: 'session,2023-07-12_18-48-15,stop,testing'
client 2023-07-12 19:04:15,582 [INFO] Got response: 'OK'
client 2023-07-12 19:04:15,582 [INFO] Sending command to the server: 'time'
client 2023-07-12 19:04:15,583 [INFO] Got response: '1689185055.5678003'
client 2023-07-12 19:04:15,583 [INFO] The time difference between the client and the server is within range 14.444 ms..16.036 ms
client 2023-07-12 19:04:15,584 [INFO] Copying loadgen logs from '/home/arjun/mobilenet_results/valid_results/phoenix_Amd_Am5-tflite_cpp-cpu-tflite-vmaster-default_config/mobilenet-v1-precision_uint8-1.0-160/singlestream/performance/run_1' to '/home/arjun/mobilenet_results/valid_results/phoenix_Amd_Am5-tflite_cpp-cpu-tflite-vmaster-default_config/mobilenet-v1-precision_uint8-1.0-160/singlestream/performance/tmp_power/run_1'
client 2023-07-12 19:04:15,584 [INFO] Done runs
