client 2023-07-26 22:41:26,675 [INFO] Creating output directory '/home/cmuser/mobilenet_results/valid_results/bb3b3f2d4d2e-tflite_cpp-cpu-tflite-vmaster-default_config/mobilenet-v3-precision_uint8-large-224/singlestream/performance/tmp_power'
client 2023-07-26 22:41:26,677 [INFO] Sending command to the server: 'mlcommons/power client v3'
client 2023-07-26 22:41:26,679 [INFO] Got response: 'mlcommons/power server v3'
client 2023-07-26 22:41:26,679 [INFO] Synchronizing with the server and with time.google.com...
client 2023-07-26 22:41:26,741 [INFO] NTP:offset = 0.001 s, delay = 0.012 s 
client 2023-07-26 22:41:26,741 [INFO] Sending command to the server: 'time'
client 2023-07-26 22:41:26,745 [INFO] Got response: '1690436486.6376693'
client 2023-07-26 22:41:26,745 [INFO] The time difference between the client and the server is within range 103.723 ms..107.756 ms
client 2023-07-26 22:41:26,745 [INFO] Sending command to the server: 'new,,643aa304-b6f1-40b1-af0d-d238be4779c3'
client 2023-07-26 22:41:26,750 [INFO] Got response: 'OK 2023-07-27_06-41-26,b1e8539e-b332-49f8-81aa-e71799b0f8aa'
client 2023-07-26 22:41:26,750 [INFO] Session id is '2023-07-27_06-41-26'
client 2023-07-26 22:41:26,750 [INFO] Sources: {"sources": {"__init__.py": "da39a3ee5e6b4b0d3255bfef95601890afd80709", "client.py": "33ca4f26368777ac06e01f9567b714a4b8063886", "lib/__init__.py": "da39a3ee5e6b4b0d3255bfef95601890afd80709", "lib/client.py": "ac2aa093c8e8bbc9569b9e2a3471bc64e58a2258", "lib/common.py": "611d8b29633d331eb19c9455ea3b5fa3284ed6df", "lib/external/__init__.py": "da39a3ee5e6b4b0d3255bfef95601890afd80709", "lib/external/ntplib.py": "4da8f970656505a40483206ef2b5d3dd5e81711d", "lib/server.py": "c7af63c31bb2fbedea4345f571f6e3507d268ada", "lib/source_hashes.py": "60a2e02193209e8d392803326208d5466342da18", "lib/summary.py": "aa92f0a3f975eecd44d3c0cd0236342ccc9f941d", "lib/time_sync.py": "122eba67a9abc85635223e054def53be1367ade2", "server.py": "c3f90f2f7eeb4db30727556d0c815ebc89b3d28b", "tests/unit/__init__.py": "da39a3ee5e6b4b0d3255bfef95601890afd80709", "tests/unit/test_server.py": "948c1995d4008bc2aa6c4046a34ffa3858d6d671", "tests/unit/test_source_hashes.py": "00468a2907583c593e6574a1f6b404e4651c221a"}, "modules": {"ptd_client_server.lib.client": "lib/client.py", "ptd_client_server.lib.common": "lib/common.py", "ptd_client_server.lib.external.ntplib": "lib/external/ntplib.py", "ptd_client_server.lib.source_hashes": "lib/source_hashes.py", "ptd_client_server.lib.summary": "lib/summary.py", "ptd_client_server.lib.time_sync": "lib/time_sync.py"}}
client 2023-07-26 22:41:26,750 [INFO] Running workload in ranging mode
client 2023-07-26 22:41:26,750 [INFO] Synchronizing with the server and with time.google.com...
client 2023-07-26 22:41:26,799 [INFO] NTP:offset = 0.002 s, delay = 0.012 s 
client 2023-07-26 22:41:26,800 [INFO] Sending command to the server: 'time'
client 2023-07-26 22:41:26,802 [INFO] Got response: '1690436486.689245'
client 2023-07-26 22:41:26,802 [INFO] The time difference between the client and the server is within range 110.844 ms..113.536 ms
client 2023-07-26 22:41:26,802 [INFO] Sending command to the server: 'session,2023-07-27_06-41-26,start,ranging'
client 2023-07-26 22:41:50,613 [INFO] Got response: 'OK'
client 2023-07-26 22:41:50,613 [INFO] Sending command to the server: 'time'
client 2023-07-26 22:41:50,615 [INFO] Got response: '1690436510.5007637'
client 2023-07-26 22:41:50,615 [INFO] The time difference between the client and the server is within range 112.636 ms..114.976 ms
client 2023-07-26 22:41:50,615 [INFO] Running the workload 'CM_MLPERF_RUN_COUNT=$(cat ${CM_RUN_DIR}/count.txt); echo ${CM_MLPERF_RUN_COUNT}; CM_MLPERF_RUN_COUNT=$((CM_MLPERF_RUN_COUNT+1)); echo ${CM_MLPERF_RUN_COUNT} > ${CM_RUN_DIR}/count.txt && if [ ${CM_MLPERF_RUN_COUNT} -eq "1" ]; then export CM_MLPERF_USER_CONF=${CM_MLPERF_RANGING_USER_CONF}; else export CM_MLPERF_USER_CONF=${CM_MLPERF_TESTING_USER_CONF}; fi && /home/cmuser/run.out'
client 2023-07-26 22:46:51,206 [INFO] Sending command to the server: 'time'
client 2023-07-26 22:46:51,210 [INFO] Got response: '1690436811.0989938'
client 2023-07-26 22:46:51,210 [INFO] The time difference between the client and the server is within range 107.521 ms..111.355 ms
client 2023-07-26 22:46:51,210 [INFO] Sending command to the server: 'session,2023-07-27_06-41-26,stop,ranging'
client 2023-07-26 22:47:01,995 [INFO] Got response: 'OK'
client 2023-07-26 22:47:01,995 [INFO] Sending command to the server: 'time'
client 2023-07-26 22:47:01,997 [INFO] Got response: '1690436821.8823543'
client 2023-07-26 22:47:01,997 [INFO] The time difference between the client and the server is within range 113.069 ms..114.974 ms
client 2023-07-26 22:47:02,000 [INFO] Copying loadgen logs from '/home/cmuser/mobilenet_results/valid_results/bb3b3f2d4d2e-tflite_cpp-cpu-tflite-vmaster-default_config/mobilenet-v3-precision_uint8-large-224/singlestream/performance/run_1' to '/home/cmuser/mobilenet_results/valid_results/bb3b3f2d4d2e-tflite_cpp-cpu-tflite-vmaster-default_config/mobilenet-v3-precision_uint8-large-224/singlestream/performance/tmp_power/ranging'
client 2023-07-26 22:47:02,001 [INFO] Running workload in testing mode
client 2023-07-26 22:47:02,001 [INFO] Synchronizing with the server and with time.google.com...
client 2023-07-26 22:47:02,069 [INFO] NTP:offset = 0.003 s, delay = 0.016 s 
client 2023-07-26 22:47:02,069 [INFO] Sending command to the server: 'time'
client 2023-07-26 22:47:02,073 [INFO] Got response: '1690436821.9607098'
client 2023-07-26 22:47:02,073 [INFO] The time difference between the client and the server is within range 109.020 ms..112.838 ms
client 2023-07-26 22:47:02,073 [INFO] Sending command to the server: 'session,2023-07-27_06-41-26,start,testing'
client 2023-07-26 22:47:15,125 [INFO] Got response: 'OK'
client 2023-07-26 22:47:15,125 [INFO] Sending command to the server: 'time'
client 2023-07-26 22:47:15,128 [INFO] Got response: '1690436835.0153954'
client 2023-07-26 22:47:15,128 [INFO] The time difference between the client and the server is within range 110.190 ms..113.036 ms
client 2023-07-26 22:47:15,128 [INFO] Running the workload 'CM_MLPERF_RUN_COUNT=$(cat ${CM_RUN_DIR}/count.txt); echo ${CM_MLPERF_RUN_COUNT}; CM_MLPERF_RUN_COUNT=$((CM_MLPERF_RUN_COUNT+1)); echo ${CM_MLPERF_RUN_COUNT} > ${CM_RUN_DIR}/count.txt && if [ ${CM_MLPERF_RUN_COUNT} -eq "1" ]; then export CM_MLPERF_USER_CONF=${CM_MLPERF_RANGING_USER_CONF}; else export CM_MLPERF_USER_CONF=${CM_MLPERF_TESTING_USER_CONF}; fi && /home/cmuser/run.out'
client 2023-07-26 22:57:16,126 [INFO] Sending command to the server: 'time'
client 2023-07-26 22:57:16,131 [INFO] Got response: '1690437436.0107837'
client 2023-07-26 22:57:16,132 [INFO] The time difference between the client and the server is within range 115.991 ms..121.230 ms
client 2023-07-26 22:57:16,132 [INFO] Sending command to the server: 'session,2023-07-27_06-41-26,stop,testing'
client 2023-07-26 22:57:26,199 [INFO] Got response: 'OK'
client 2023-07-26 22:57:26,199 [INFO] Sending command to the server: 'time'
client 2023-07-26 22:57:26,200 [INFO] Got response: '1690437446.076806'
client 2023-07-26 22:57:26,200 [INFO] The time difference between the client and the server is within range 122.522 ms..124.129 ms
client 2023-07-26 22:57:26,201 [INFO] Copying loadgen logs from '/home/cmuser/mobilenet_results/valid_results/bb3b3f2d4d2e-tflite_cpp-cpu-tflite-vmaster-default_config/mobilenet-v3-precision_uint8-large-224/singlestream/performance/run_1' to '/home/cmuser/mobilenet_results/valid_results/bb3b3f2d4d2e-tflite_cpp-cpu-tflite-vmaster-default_config/mobilenet-v3-precision_uint8-large-224/singlestream/performance/tmp_power/run_1'
client 2023-07-26 22:57:26,202 [INFO] Done runs
