client 2023-07-13 01:01:00,044 [INFO] Creating output directory '/home/arjun/mobilenet_results/valid_results/phoenix_Amd_Am5-tflite_cpp-cpu-tflite-vmaster-default_config/mobilenet-v1-precision_float-0.25-128/singlestream/performance/tmp_power'
client 2023-07-13 01:01:00,046 [INFO] Sending command to the server: 'mlcommons/power client v3'
client 2023-07-13 01:01:00,049 [INFO] Got response: 'mlcommons/power server v3'
client 2023-07-13 01:01:00,050 [INFO] Synchronizing with the server and with time.google.com...
client 2023-07-13 01:01:00,063 [INFO] NTP:offset = -0.000 s, delay = 0.012 s 
client 2023-07-13 01:01:00,063 [INFO] Sending command to the server: 'time'
client 2023-07-13 01:01:00,069 [INFO] Got response: '1689206460.0045788'
client 2023-07-13 01:01:00,069 [INFO] The time difference between the client and the server is within range 59.033 ms..64.569 ms
client 2023-07-13 01:01:00,069 [INFO] Sending command to the server: 'new,,6a62efbf-f916-43eb-b80d-f104ec14e6fa'
client 2023-07-13 01:01:00,071 [INFO] Got response: 'OK 2023-07-13_01-01-00,0710e426-b2ec-47f3-905b-eafdf4d62aff'
client 2023-07-13 01:01:00,071 [INFO] Session id is '2023-07-13_01-01-00'
client 2023-07-13 01:01:00,071 [INFO] Sources: {"sources": {"__init__.py": "da39a3ee5e6b4b0d3255bfef95601890afd80709", "client.py": "33ca4f26368777ac06e01f9567b714a4b8063886", "lib/__init__.py": "da39a3ee5e6b4b0d3255bfef95601890afd80709", "lib/client.py": "ac2aa093c8e8bbc9569b9e2a3471bc64e58a2258", "lib/common.py": "611d8b29633d331eb19c9455ea3b5fa3284ed6df", "lib/external/__init__.py": "da39a3ee5e6b4b0d3255bfef95601890afd80709", "lib/external/ntplib.py": "4da8f970656505a40483206ef2b5d3dd5e81711d", "lib/server.py": "c7af63c31bb2fbedea4345f571f6e3507d268ada", "lib/source_hashes.py": "60a2e02193209e8d392803326208d5466342da18", "lib/summary.py": "aa92f0a3f975eecd44d3c0cd0236342ccc9f941d", "lib/time_sync.py": "122eba67a9abc85635223e054def53be1367ade2", "server.py": "c3f90f2f7eeb4db30727556d0c815ebc89b3d28b", "tests/unit/__init__.py": "da39a3ee5e6b4b0d3255bfef95601890afd80709", "tests/unit/test_server.py": "948c1995d4008bc2aa6c4046a34ffa3858d6d671", "tests/unit/test_source_hashes.py": "00468a2907583c593e6574a1f6b404e4651c221a"}, "modules": {"ptd_client_server.lib.client": "lib/client.py", "ptd_client_server.lib.common": "lib/common.py", "ptd_client_server.lib.external.ntplib": "lib/external/ntplib.py", "ptd_client_server.lib.source_hashes": "lib/source_hashes.py", "ptd_client_server.lib.summary": "lib/summary.py", "ptd_client_server.lib.time_sync": "lib/time_sync.py"}}
client 2023-07-13 01:01:00,071 [INFO] Running workload in ranging mode
client 2023-07-13 01:01:00,071 [INFO] Synchronizing with the server and with time.google.com...
client 2023-07-13 01:01:00,086 [INFO] NTP:offset = -0.001 s, delay = 0.013 s 
client 2023-07-13 01:01:00,086 [INFO] Sending command to the server: 'time'
client 2023-07-13 01:01:00,088 [INFO] Got response: '1689206460.0204778'
client 2023-07-13 01:01:00,088 [INFO] The time difference between the client and the server is within range 65.651 ms..67.911 ms
client 2023-07-13 01:01:00,088 [INFO] Sending command to the server: 'session,2023-07-13_01-01-00,start,ranging'
client 2023-07-13 01:01:23,950 [INFO] Got response: 'OK'
client 2023-07-13 01:01:23,950 [INFO] Sending command to the server: 'time'
client 2023-07-13 01:01:23,953 [INFO] Got response: '1689206483.882394'
client 2023-07-13 01:01:23,953 [INFO] The time difference between the client and the server is within range 68.104 ms..71.489 ms
client 2023-07-13 01:01:23,953 [INFO] Running the workload 'CM_MLPERF_RUN_COUNT=$(cat ${CM_RUN_DIR}/count.txt); echo ${CM_MLPERF_RUN_COUNT}; CM_MLPERF_RUN_COUNT=$((CM_MLPERF_RUN_COUNT+1)); echo ${CM_MLPERF_RUN_COUNT} > ${CM_RUN_DIR}/count.txt && if [ ${CM_MLPERF_RUN_COUNT} -eq "1" ]; then export CM_MLPERF_USER_CONF=${CM_MLPERF_RANGING_USER_CONF}; else export CM_MLPERF_USER_CONF=${CM_MLPERF_TESTING_USER_CONF}; fi && /home/arjun/run.out'
client 2023-07-13 01:06:24,741 [INFO] Sending command to the server: 'time'
client 2023-07-13 01:06:24,745 [INFO] Got response: '1689206784.6766584'
client 2023-07-13 01:06:24,745 [INFO] The time difference between the client and the server is within range 64.645 ms..68.604 ms
client 2023-07-13 01:06:24,745 [INFO] Sending command to the server: 'session,2023-07-13_01-01-00,stop,ranging'
client 2023-07-13 01:06:35,494 [INFO] Got response: 'OK'
client 2023-07-13 01:06:35,494 [INFO] Sending command to the server: 'time'
client 2023-07-13 01:06:35,496 [INFO] Got response: '1689206795.4303584'
client 2023-07-13 01:06:35,496 [INFO] The time difference between the client and the server is within range 64.137 ms..65.881 ms
client 2023-07-13 01:06:35,498 [INFO] Copying loadgen logs from '/home/arjun/mobilenet_results/valid_results/phoenix_Amd_Am5-tflite_cpp-cpu-tflite-vmaster-default_config/mobilenet-v1-precision_float-0.25-128/singlestream/performance/run_1' to '/home/arjun/mobilenet_results/valid_results/phoenix_Amd_Am5-tflite_cpp-cpu-tflite-vmaster-default_config/mobilenet-v1-precision_float-0.25-128/singlestream/performance/tmp_power/ranging'
client 2023-07-13 01:06:35,499 [INFO] Running workload in testing mode
client 2023-07-13 01:06:35,499 [INFO] Synchronizing with the server and with time.google.com...
client 2023-07-13 01:06:35,512 [INFO] NTP:offset = 0.000 s, delay = 0.013 s 
client 2023-07-13 01:06:35,512 [INFO] Sending command to the server: 'time'
client 2023-07-13 01:06:35,514 [INFO] Got response: '1689206795.4507754'
client 2023-07-13 01:06:35,515 [INFO] The time difference between the client and the server is within range 62.109 ms..64.305 ms
client 2023-07-13 01:06:35,515 [INFO] Sending command to the server: 'session,2023-07-13_01-01-00,start,testing'
client 2023-07-13 01:06:48,581 [INFO] Got response: 'OK'
client 2023-07-13 01:06:48,581 [INFO] Sending command to the server: 'time'
client 2023-07-13 01:06:48,584 [INFO] Got response: '1689206808.520926'
client 2023-07-13 01:06:48,584 [INFO] The time difference between the client and the server is within range 60.546 ms..63.234 ms
client 2023-07-13 01:06:48,584 [INFO] Running the workload 'CM_MLPERF_RUN_COUNT=$(cat ${CM_RUN_DIR}/count.txt); echo ${CM_MLPERF_RUN_COUNT}; CM_MLPERF_RUN_COUNT=$((CM_MLPERF_RUN_COUNT+1)); echo ${CM_MLPERF_RUN_COUNT} > ${CM_RUN_DIR}/count.txt && if [ ${CM_MLPERF_RUN_COUNT} -eq "1" ]; then export CM_MLPERF_USER_CONF=${CM_MLPERF_RANGING_USER_CONF}; else export CM_MLPERF_USER_CONF=${CM_MLPERF_TESTING_USER_CONF}; fi && /home/arjun/run.out'
client 2023-07-13 01:16:50,217 [INFO] Sending command to the server: 'time'
client 2023-07-13 01:16:50,221 [INFO] Got response: '1689207410.1534154'
client 2023-07-13 01:16:50,221 [INFO] The time difference between the client and the server is within range 64.111 ms..68.017 ms
client 2023-07-13 01:16:50,221 [INFO] Sending command to the server: 'session,2023-07-13_01-01-00,stop,testing'
client 2023-07-13 01:17:00,654 [INFO] Got response: 'OK'
client 2023-07-13 01:17:00,654 [INFO] Sending command to the server: 'time'
client 2023-07-13 01:17:00,711 [INFO] Got response: '1689207420.643837'
client 2023-07-13 01:17:00,711 [INFO] The time difference between the client and the server is within range 10.929 ms..68.119 ms
client 2023-07-13 01:17:00,712 [INFO] Copying loadgen logs from '/home/arjun/mobilenet_results/valid_results/phoenix_Amd_Am5-tflite_cpp-cpu-tflite-vmaster-default_config/mobilenet-v1-precision_float-0.25-128/singlestream/performance/run_1' to '/home/arjun/mobilenet_results/valid_results/phoenix_Amd_Am5-tflite_cpp-cpu-tflite-vmaster-default_config/mobilenet-v1-precision_float-0.25-128/singlestream/performance/tmp_power/run_1'
client 2023-07-13 01:17:00,712 [INFO] Done runs
