client 2023-07-13 09:37:39,430 [INFO] Creating output directory '/home/arjun/mobilenet_results/valid_results/phoenix_Amd_Am5-tflite_cpp-cpu-tflite-vmaster-default_config/mobilenet-v2-precision_float-0.35-128/singlestream/performance/tmp_power'
client 2023-07-13 09:37:39,431 [INFO] Sending command to the server: 'mlcommons/power client v3'
client 2023-07-13 09:37:39,434 [INFO] Got response: 'mlcommons/power server v3'
client 2023-07-13 09:37:39,434 [INFO] Synchronizing with the server and with time.google.com...
client 2023-07-13 09:37:39,449 [INFO] NTP:offset = 0.000 s, delay = 0.013 s 
client 2023-07-13 09:37:39,449 [INFO] Sending command to the server: 'time'
client 2023-07-13 09:37:39,457 [INFO] Got response: '1689237459.3883915'
client 2023-07-13 09:37:39,457 [INFO] The time difference between the client and the server is within range 60.798 ms..68.881 ms
client 2023-07-13 09:37:39,457 [INFO] Sending command to the server: 'new,,c49198de-a29d-4e0c-b74b-7fe709527511'
client 2023-07-13 09:37:39,459 [INFO] Got response: 'OK 2023-07-13_09-37-39,7f2e7f91-09db-4e02-bd56-3247b89d8b77'
client 2023-07-13 09:37:39,459 [INFO] Session id is '2023-07-13_09-37-39'
client 2023-07-13 09:37:39,459 [INFO] Sources: {"sources": {"__init__.py": "da39a3ee5e6b4b0d3255bfef95601890afd80709", "client.py": "33ca4f26368777ac06e01f9567b714a4b8063886", "lib/__init__.py": "da39a3ee5e6b4b0d3255bfef95601890afd80709", "lib/client.py": "ac2aa093c8e8bbc9569b9e2a3471bc64e58a2258", "lib/common.py": "611d8b29633d331eb19c9455ea3b5fa3284ed6df", "lib/external/__init__.py": "da39a3ee5e6b4b0d3255bfef95601890afd80709", "lib/external/ntplib.py": "4da8f970656505a40483206ef2b5d3dd5e81711d", "lib/server.py": "c7af63c31bb2fbedea4345f571f6e3507d268ada", "lib/source_hashes.py": "60a2e02193209e8d392803326208d5466342da18", "lib/summary.py": "aa92f0a3f975eecd44d3c0cd0236342ccc9f941d", "lib/time_sync.py": "122eba67a9abc85635223e054def53be1367ade2", "server.py": "c3f90f2f7eeb4db30727556d0c815ebc89b3d28b", "tests/unit/__init__.py": "da39a3ee5e6b4b0d3255bfef95601890afd80709", "tests/unit/test_server.py": "948c1995d4008bc2aa6c4046a34ffa3858d6d671", "tests/unit/test_source_hashes.py": "00468a2907583c593e6574a1f6b404e4651c221a"}, "modules": {"ptd_client_server.lib.client": "lib/client.py", "ptd_client_server.lib.common": "lib/common.py", "ptd_client_server.lib.external.ntplib": "lib/external/ntplib.py", "ptd_client_server.lib.source_hashes": "lib/source_hashes.py", "ptd_client_server.lib.summary": "lib/summary.py", "ptd_client_server.lib.time_sync": "lib/time_sync.py"}}
client 2023-07-13 09:37:39,460 [INFO] Running workload in ranging mode
client 2023-07-13 09:37:39,460 [INFO] Synchronizing with the server and with time.google.com...
client 2023-07-13 09:37:39,475 [INFO] NTP:offset = -0.002 s, delay = 0.015 s 
client 2023-07-13 09:37:39,475 [INFO] Sending command to the server: 'time'
client 2023-07-13 09:37:39,477 [INFO] Got response: '1689237459.40853'
client 2023-07-13 09:37:39,477 [INFO] The time difference between the client and the server is within range 67.096 ms..68.679 ms
client 2023-07-13 09:37:39,477 [INFO] Sending command to the server: 'session,2023-07-13_09-37-39,start,ranging'
client 2023-07-13 09:38:03,311 [INFO] Got response: 'OK'
client 2023-07-13 09:38:03,311 [INFO] Sending command to the server: 'time'
client 2023-07-13 09:38:03,314 [INFO] Got response: '1689237483.252061'
client 2023-07-13 09:38:03,314 [INFO] The time difference between the client and the server is within range 59.470 ms..62.830 ms
client 2023-07-13 09:38:03,314 [INFO] Running the workload 'CM_MLPERF_RUN_COUNT=$(cat ${CM_RUN_DIR}/count.txt); echo ${CM_MLPERF_RUN_COUNT}; CM_MLPERF_RUN_COUNT=$((CM_MLPERF_RUN_COUNT+1)); echo ${CM_MLPERF_RUN_COUNT} > ${CM_RUN_DIR}/count.txt && if [ ${CM_MLPERF_RUN_COUNT} -eq "1" ]; then export CM_MLPERF_USER_CONF=${CM_MLPERF_RANGING_USER_CONF}; else export CM_MLPERF_USER_CONF=${CM_MLPERF_TESTING_USER_CONF}; fi && /home/arjun/run.out'
client 2023-07-13 09:43:04,002 [INFO] Sending command to the server: 'time'
client 2023-07-13 09:43:04,006 [INFO] Got response: '1689237783.9391186'
client 2023-07-13 09:43:04,006 [INFO] The time difference between the client and the server is within range 63.601 ms..67.345 ms
client 2023-07-13 09:43:04,006 [INFO] Sending command to the server: 'session,2023-07-13_09-37-39,stop,ranging'
client 2023-07-13 09:43:14,572 [INFO] Got response: 'OK'
client 2023-07-13 09:43:14,572 [INFO] Sending command to the server: 'time'
client 2023-07-13 09:43:14,574 [INFO] Got response: '1689237794.510632'
client 2023-07-13 09:43:14,574 [INFO] The time difference between the client and the server is within range 62.006 ms..64.090 ms
client 2023-07-13 09:43:14,576 [INFO] Copying loadgen logs from '/home/arjun/mobilenet_results/valid_results/phoenix_Amd_Am5-tflite_cpp-cpu-tflite-vmaster-default_config/mobilenet-v2-precision_float-0.35-128/singlestream/performance/run_1' to '/home/arjun/mobilenet_results/valid_results/phoenix_Amd_Am5-tflite_cpp-cpu-tflite-vmaster-default_config/mobilenet-v2-precision_float-0.35-128/singlestream/performance/tmp_power/ranging'
client 2023-07-13 09:43:14,576 [INFO] Running workload in testing mode
client 2023-07-13 09:43:14,576 [INFO] Synchronizing with the server and with time.google.com...
client 2023-07-13 09:43:14,592 [INFO] NTP:offset = -0.001 s, delay = 0.015 s 
client 2023-07-13 09:43:14,592 [INFO] Sending command to the server: 'time'
client 2023-07-13 09:43:14,595 [INFO] Got response: '1689237794.531017'
client 2023-07-13 09:43:14,595 [INFO] The time difference between the client and the server is within range 61.938 ms..64.482 ms
client 2023-07-13 09:43:14,595 [INFO] Sending command to the server: 'session,2023-07-13_09-37-39,start,testing'
client 2023-07-13 09:43:27,650 [INFO] Got response: 'OK'
client 2023-07-13 09:43:27,650 [INFO] Sending command to the server: 'time'
client 2023-07-13 09:43:27,653 [INFO] Got response: '1689237807.583799'
client 2023-07-13 09:43:27,653 [INFO] The time difference between the client and the server is within range 66.672 ms..69.661 ms
client 2023-07-13 09:43:27,653 [INFO] Running the workload 'CM_MLPERF_RUN_COUNT=$(cat ${CM_RUN_DIR}/count.txt); echo ${CM_MLPERF_RUN_COUNT}; CM_MLPERF_RUN_COUNT=$((CM_MLPERF_RUN_COUNT+1)); echo ${CM_MLPERF_RUN_COUNT} > ${CM_RUN_DIR}/count.txt && if [ ${CM_MLPERF_RUN_COUNT} -eq "1" ]; then export CM_MLPERF_USER_CONF=${CM_MLPERF_RANGING_USER_CONF}; else export CM_MLPERF_USER_CONF=${CM_MLPERF_TESTING_USER_CONF}; fi && /home/arjun/run.out'
client 2023-07-13 09:53:29,004 [INFO] Sending command to the server: 'time'
client 2023-07-13 09:53:29,008 [INFO] Got response: '1689238408.9426243'
client 2023-07-13 09:53:29,008 [INFO] The time difference between the client and the server is within range 61.853 ms..66.184 ms
client 2023-07-13 09:53:29,008 [INFO] Sending command to the server: 'session,2023-07-13_09-37-39,stop,testing'
client 2023-07-13 09:53:39,723 [INFO] Got response: 'OK'
client 2023-07-13 09:53:39,723 [INFO] Sending command to the server: 'time'
client 2023-07-13 09:53:39,729 [INFO] Got response: '1689238419.6566331'
client 2023-07-13 09:53:39,729 [INFO] The time difference between the client and the server is within range 66.913 ms..73.081 ms
client 2023-07-13 09:53:39,730 [INFO] Copying loadgen logs from '/home/arjun/mobilenet_results/valid_results/phoenix_Amd_Am5-tflite_cpp-cpu-tflite-vmaster-default_config/mobilenet-v2-precision_float-0.35-128/singlestream/performance/run_1' to '/home/arjun/mobilenet_results/valid_results/phoenix_Amd_Am5-tflite_cpp-cpu-tflite-vmaster-default_config/mobilenet-v2-precision_float-0.35-128/singlestream/performance/tmp_power/run_1'
client 2023-07-13 09:53:39,730 [INFO] Done runs
