client 2023-07-26 13:32:45,387 [INFO] Creating output directory '/home/cmuser/mobilenet_results/valid_results/bb3b3f2d4d2e-tflite_cpp-cpu-tflite-vmaster-default_config/mobilenet-v1-precision_float-0.25-128/singlestream/performance/tmp_power'
client 2023-07-26 13:32:45,388 [INFO] Sending command to the server: 'mlcommons/power client v3'
client 2023-07-26 13:32:45,392 [INFO] Got response: 'mlcommons/power server v3'
client 2023-07-26 13:32:45,392 [INFO] Synchronizing with the server and with time.google.com...
client 2023-07-26 13:32:45,463 [INFO] NTP:offset = -0.001 s, delay = 0.020 s 
client 2023-07-26 13:32:45,463 [INFO] Sending command to the server: 'time'
client 2023-07-26 13:32:45,466 [INFO] Got response: '1690403565.3653119'
client 2023-07-26 13:32:45,466 [INFO] The time difference between the client and the server is within range 97.908 ms..101.559 ms
client 2023-07-26 13:32:45,466 [INFO] Sending command to the server: 'new,,9ebee4d6-70f5-4d37-948e-a97290bcc93d'
client 2023-07-26 13:32:45,470 [INFO] Got response: 'OK 2023-07-26_21-32-45,c2290975-b73a-410b-be49-56e4d08f53e2'
client 2023-07-26 13:32:45,470 [INFO] Session id is '2023-07-26_21-32-45'
client 2023-07-26 13:32:45,470 [INFO] Sources: {"sources": {"__init__.py": "da39a3ee5e6b4b0d3255bfef95601890afd80709", "client.py": "33ca4f26368777ac06e01f9567b714a4b8063886", "lib/__init__.py": "da39a3ee5e6b4b0d3255bfef95601890afd80709", "lib/client.py": "ac2aa093c8e8bbc9569b9e2a3471bc64e58a2258", "lib/common.py": "611d8b29633d331eb19c9455ea3b5fa3284ed6df", "lib/external/__init__.py": "da39a3ee5e6b4b0d3255bfef95601890afd80709", "lib/external/ntplib.py": "4da8f970656505a40483206ef2b5d3dd5e81711d", "lib/server.py": "c7af63c31bb2fbedea4345f571f6e3507d268ada", "lib/source_hashes.py": "60a2e02193209e8d392803326208d5466342da18", "lib/summary.py": "aa92f0a3f975eecd44d3c0cd0236342ccc9f941d", "lib/time_sync.py": "122eba67a9abc85635223e054def53be1367ade2", "server.py": "c3f90f2f7eeb4db30727556d0c815ebc89b3d28b", "tests/unit/__init__.py": "da39a3ee5e6b4b0d3255bfef95601890afd80709", "tests/unit/test_server.py": "948c1995d4008bc2aa6c4046a34ffa3858d6d671", "tests/unit/test_source_hashes.py": "00468a2907583c593e6574a1f6b404e4651c221a"}, "modules": {"ptd_client_server.lib.client": "lib/client.py", "ptd_client_server.lib.common": "lib/common.py", "ptd_client_server.lib.external.ntplib": "lib/external/ntplib.py", "ptd_client_server.lib.source_hashes": "lib/source_hashes.py", "ptd_client_server.lib.summary": "lib/summary.py", "ptd_client_server.lib.time_sync": "lib/time_sync.py"}}
client 2023-07-26 13:32:45,470 [INFO] Running workload in ranging mode
client 2023-07-26 13:32:45,470 [INFO] Synchronizing with the server and with time.google.com...
client 2023-07-26 13:32:45,521 [INFO] NTP:offset = -0.001 s, delay = 0.014 s 
client 2023-07-26 13:32:45,521 [INFO] Sending command to the server: 'time'
client 2023-07-26 13:32:45,527 [INFO] Got response: '1690403565.4174376'
client 2023-07-26 13:32:45,527 [INFO] The time difference between the client and the server is within range 104.289 ms..110.328 ms
client 2023-07-26 13:32:45,527 [INFO] Sending command to the server: 'session,2023-07-26_21-32-45,start,ranging'
client 2023-07-26 13:33:09,391 [INFO] Got response: 'OK'
client 2023-07-26 13:33:09,391 [INFO] Sending command to the server: 'time'
client 2023-07-26 13:33:09,393 [INFO] Got response: '1690403589.2877524'
client 2023-07-26 13:33:09,393 [INFO] The time difference between the client and the server is within range 103.542 ms..105.674 ms
client 2023-07-26 13:33:09,393 [INFO] Running the workload 'CM_MLPERF_RUN_COUNT=$(cat ${CM_RUN_DIR}/count.txt); echo ${CM_MLPERF_RUN_COUNT}; CM_MLPERF_RUN_COUNT=$((CM_MLPERF_RUN_COUNT+1)); echo ${CM_MLPERF_RUN_COUNT} > ${CM_RUN_DIR}/count.txt && if [ ${CM_MLPERF_RUN_COUNT} -eq "1" ]; then export CM_MLPERF_USER_CONF=${CM_MLPERF_RANGING_USER_CONF}; else export CM_MLPERF_USER_CONF=${CM_MLPERF_TESTING_USER_CONF}; fi && /home/cmuser/run.out'
client 2023-07-26 13:38:10,245 [INFO] Sending command to the server: 'time'
client 2023-07-26 13:38:10,249 [INFO] Got response: '1690403890.1407018'
client 2023-07-26 13:38:10,249 [INFO] The time difference between the client and the server is within range 105.119 ms..109.084 ms
client 2023-07-26 13:38:10,249 [INFO] Sending command to the server: 'session,2023-07-26_21-32-45,stop,ranging'
client 2023-07-26 13:38:20,768 [INFO] Got response: 'OK'
client 2023-07-26 13:38:20,768 [INFO] Sending command to the server: 'time'
client 2023-07-26 13:38:20,775 [INFO] Got response: '1690403900.666818'
client 2023-07-26 13:38:20,776 [INFO] The time difference between the client and the server is within range 101.807 ms..109.204 ms
client 2023-07-26 13:38:20,779 [INFO] Copying loadgen logs from '/home/cmuser/mobilenet_results/valid_results/bb3b3f2d4d2e-tflite_cpp-cpu-tflite-vmaster-default_config/mobilenet-v1-precision_float-0.25-128/singlestream/performance/run_1' to '/home/cmuser/mobilenet_results/valid_results/bb3b3f2d4d2e-tflite_cpp-cpu-tflite-vmaster-default_config/mobilenet-v1-precision_float-0.25-128/singlestream/performance/tmp_power/ranging'
client 2023-07-26 13:38:20,779 [INFO] Running workload in testing mode
client 2023-07-26 13:38:20,779 [INFO] Synchronizing with the server and with time.google.com...
client 2023-07-26 13:38:20,831 [INFO] NTP:offset = -0.000 s, delay = 0.015 s 
client 2023-07-26 13:38:20,831 [INFO] Sending command to the server: 'time'
client 2023-07-26 13:38:20,834 [INFO] Got response: '1690403900.7271426'
client 2023-07-26 13:38:20,834 [INFO] The time difference between the client and the server is within range 104.671 ms..107.045 ms
client 2023-07-26 13:38:20,834 [INFO] Sending command to the server: 'session,2023-07-26_21-32-45,start,testing'
client 2023-07-26 13:38:33,884 [INFO] Got response: 'OK'
client 2023-07-26 13:38:33,884 [INFO] Sending command to the server: 'time'
client 2023-07-26 13:38:33,888 [INFO] Got response: '1690403913.7754407'
client 2023-07-26 13:38:33,888 [INFO] The time difference between the client and the server is within range 108.882 ms..112.713 ms
client 2023-07-26 13:38:33,888 [INFO] Running the workload 'CM_MLPERF_RUN_COUNT=$(cat ${CM_RUN_DIR}/count.txt); echo ${CM_MLPERF_RUN_COUNT}; CM_MLPERF_RUN_COUNT=$((CM_MLPERF_RUN_COUNT+1)); echo ${CM_MLPERF_RUN_COUNT} > ${CM_RUN_DIR}/count.txt && if [ ${CM_MLPERF_RUN_COUNT} -eq "1" ]; then export CM_MLPERF_USER_CONF=${CM_MLPERF_RANGING_USER_CONF}; else export CM_MLPERF_USER_CONF=${CM_MLPERF_TESTING_USER_CONF}; fi && /home/cmuser/run.out'
client 2023-07-26 13:48:35,651 [INFO] Sending command to the server: 'time'
client 2023-07-26 13:48:35,656 [INFO] Got response: '1690404515.5403404'
client 2023-07-26 13:48:35,656 [INFO] The time difference between the client and the server is within range 111.471 ms..115.765 ms
client 2023-07-26 13:48:35,656 [INFO] Sending command to the server: 'session,2023-07-26_21-32-45,stop,testing'
client 2023-07-26 13:48:46,145 [INFO] Got response: 'OK'
client 2023-07-26 13:48:46,146 [INFO] Sending command to the server: 'time'
client 2023-07-26 13:48:46,147 [INFO] Got response: '1690404526.0264678'
client 2023-07-26 13:48:46,147 [INFO] The time difference between the client and the server is within range 119.589 ms..121.198 ms
client 2023-07-26 13:48:46,148 [INFO] Copying loadgen logs from '/home/cmuser/mobilenet_results/valid_results/bb3b3f2d4d2e-tflite_cpp-cpu-tflite-vmaster-default_config/mobilenet-v1-precision_float-0.25-128/singlestream/performance/run_1' to '/home/cmuser/mobilenet_results/valid_results/bb3b3f2d4d2e-tflite_cpp-cpu-tflite-vmaster-default_config/mobilenet-v1-precision_float-0.25-128/singlestream/performance/tmp_power/run_1'
client 2023-07-26 13:48:46,148 [INFO] Done runs
