client 2023-07-26 20:00:09,922 [INFO] Creating output directory '/home/cmuser/mobilenet_results/valid_results/bb3b3f2d4d2e-tflite_cpp-cpu-tflite-vmaster-default_config/mobilenet-v2-precision_uint8-0.5-128/singlestream/performance/tmp_power'
client 2023-07-26 20:00:09,923 [INFO] Sending command to the server: 'mlcommons/power client v3'
client 2023-07-26 20:00:09,925 [INFO] Got response: 'mlcommons/power server v3'
client 2023-07-26 20:00:09,925 [INFO] Synchronizing with the server and with time.google.com...
client 2023-07-26 20:00:10,000 [INFO] NTP:offset = -0.000 s, delay = 0.024 s 
client 2023-07-26 20:00:10,000 [INFO] Sending command to the server: 'time'
client 2023-07-26 20:00:10,004 [INFO] Got response: '1690426809.9753036'
client 2023-07-26 20:00:10,004 [INFO] The time difference between the client and the server is within range 25.465 ms..28.884 ms
client 2023-07-26 20:00:10,004 [INFO] Sending command to the server: 'new,,2ad62d58-5205-4b72-af87-5ffc00ac35d1'
client 2023-07-26 20:00:10,008 [INFO] Got response: 'OK 2023-07-27_04-00-09,4ec1cc06-89a0-4954-a740-3e1ed6869fd9'
client 2023-07-26 20:00:10,008 [INFO] Session id is '2023-07-27_04-00-09'
client 2023-07-26 20:00:10,008 [INFO] Sources: {"sources": {"__init__.py": "da39a3ee5e6b4b0d3255bfef95601890afd80709", "client.py": "33ca4f26368777ac06e01f9567b714a4b8063886", "lib/__init__.py": "da39a3ee5e6b4b0d3255bfef95601890afd80709", "lib/client.py": "ac2aa093c8e8bbc9569b9e2a3471bc64e58a2258", "lib/common.py": "611d8b29633d331eb19c9455ea3b5fa3284ed6df", "lib/external/__init__.py": "da39a3ee5e6b4b0d3255bfef95601890afd80709", "lib/external/ntplib.py": "4da8f970656505a40483206ef2b5d3dd5e81711d", "lib/server.py": "c7af63c31bb2fbedea4345f571f6e3507d268ada", "lib/source_hashes.py": "60a2e02193209e8d392803326208d5466342da18", "lib/summary.py": "aa92f0a3f975eecd44d3c0cd0236342ccc9f941d", "lib/time_sync.py": "122eba67a9abc85635223e054def53be1367ade2", "server.py": "c3f90f2f7eeb4db30727556d0c815ebc89b3d28b", "tests/unit/__init__.py": "da39a3ee5e6b4b0d3255bfef95601890afd80709", "tests/unit/test_server.py": "948c1995d4008bc2aa6c4046a34ffa3858d6d671", "tests/unit/test_source_hashes.py": "00468a2907583c593e6574a1f6b404e4651c221a"}, "modules": {"ptd_client_server.lib.client": "lib/client.py", "ptd_client_server.lib.common": "lib/common.py", "ptd_client_server.lib.external.ntplib": "lib/external/ntplib.py", "ptd_client_server.lib.source_hashes": "lib/source_hashes.py", "ptd_client_server.lib.summary": "lib/summary.py", "ptd_client_server.lib.time_sync": "lib/time_sync.py"}}
client 2023-07-26 20:00:10,008 [INFO] Running workload in ranging mode
client 2023-07-26 20:00:10,008 [INFO] Synchronizing with the server and with time.google.com...
client 2023-07-26 20:00:10,095 [INFO] NTP:offset = -0.001 s, delay = 0.019 s 
client 2023-07-26 20:00:10,095 [INFO] Sending command to the server: 'time'
client 2023-07-26 20:00:10,097 [INFO] Got response: '1690426810.0667267'
client 2023-07-26 20:00:10,097 [INFO] The time difference between the client and the server is within range 28.676 ms..31.189 ms
client 2023-07-26 20:00:10,097 [INFO] Sending command to the server: 'session,2023-07-27_04-00-09,start,ranging'
client 2023-07-26 20:00:33,970 [INFO] Got response: 'OK'
client 2023-07-26 20:00:33,970 [INFO] Sending command to the server: 'time'
client 2023-07-26 20:00:33,972 [INFO] Got response: '1690426833.9442494'
client 2023-07-26 20:00:33,972 [INFO] The time difference between the client and the server is within range 26.536 ms..28.620 ms
client 2023-07-26 20:00:33,972 [INFO] Running the workload 'CM_MLPERF_RUN_COUNT=$(cat ${CM_RUN_DIR}/count.txt); echo ${CM_MLPERF_RUN_COUNT}; CM_MLPERF_RUN_COUNT=$((CM_MLPERF_RUN_COUNT+1)); echo ${CM_MLPERF_RUN_COUNT} > ${CM_RUN_DIR}/count.txt && if [ ${CM_MLPERF_RUN_COUNT} -eq "1" ]; then export CM_MLPERF_USER_CONF=${CM_MLPERF_RANGING_USER_CONF}; else export CM_MLPERF_USER_CONF=${CM_MLPERF_TESTING_USER_CONF}; fi && /home/cmuser/run.out'
client 2023-07-26 20:05:34,639 [INFO] Sending command to the server: 'time'
client 2023-07-26 20:05:34,642 [INFO] Got response: '1690427134.6080885'
client 2023-07-26 20:05:34,642 [INFO] The time difference between the client and the server is within range 31.078 ms..34.738 ms
client 2023-07-26 20:05:34,642 [INFO] Sending command to the server: 'session,2023-07-27_04-00-09,stop,ranging'
client 2023-07-26 20:05:45,452 [INFO] Got response: 'OK'
client 2023-07-26 20:05:45,452 [INFO] Sending command to the server: 'time'
client 2023-07-26 20:05:45,453 [INFO] Got response: '1690427145.4240654'
client 2023-07-26 20:05:45,454 [INFO] The time difference between the client and the server is within range 28.110 ms..29.977 ms
client 2023-07-26 20:05:45,457 [INFO] Copying loadgen logs from '/home/cmuser/mobilenet_results/valid_results/bb3b3f2d4d2e-tflite_cpp-cpu-tflite-vmaster-default_config/mobilenet-v2-precision_uint8-0.5-128/singlestream/performance/run_1' to '/home/cmuser/mobilenet_results/valid_results/bb3b3f2d4d2e-tflite_cpp-cpu-tflite-vmaster-default_config/mobilenet-v2-precision_uint8-0.5-128/singlestream/performance/tmp_power/ranging'
client 2023-07-26 20:05:45,457 [INFO] Running workload in testing mode
client 2023-07-26 20:05:45,457 [INFO] Synchronizing with the server and with time.google.com...
client 2023-07-26 20:05:45,520 [INFO] NTP:offset = -0.000 s, delay = 0.013 s 
client 2023-07-26 20:05:45,520 [INFO] Sending command to the server: 'time'
client 2023-07-26 20:05:45,524 [INFO] Got response: '1690427145.4945037'
client 2023-07-26 20:05:45,524 [INFO] The time difference between the client and the server is within range 26.325 ms..29.612 ms
client 2023-07-26 20:05:45,524 [INFO] Sending command to the server: 'session,2023-07-27_04-00-09,start,testing'
client 2023-07-26 20:05:58,586 [INFO] Got response: 'OK'
client 2023-07-26 20:05:58,586 [INFO] Sending command to the server: 'time'
client 2023-07-26 20:05:58,589 [INFO] Got response: '1690427158.5582213'
client 2023-07-26 20:05:58,589 [INFO] The time difference between the client and the server is within range 28.642 ms..31.103 ms
client 2023-07-26 20:05:58,589 [INFO] Running the workload 'CM_MLPERF_RUN_COUNT=$(cat ${CM_RUN_DIR}/count.txt); echo ${CM_MLPERF_RUN_COUNT}; CM_MLPERF_RUN_COUNT=$((CM_MLPERF_RUN_COUNT+1)); echo ${CM_MLPERF_RUN_COUNT} > ${CM_RUN_DIR}/count.txt && if [ ${CM_MLPERF_RUN_COUNT} -eq "1" ]; then export CM_MLPERF_USER_CONF=${CM_MLPERF_RANGING_USER_CONF}; else export CM_MLPERF_USER_CONF=${CM_MLPERF_TESTING_USER_CONF}; fi && /home/cmuser/run.out'
client 2023-07-26 20:15:59,905 [INFO] Sending command to the server: 'time'
client 2023-07-26 20:15:59,910 [INFO] Got response: '1690427759.870071'
client 2023-07-26 20:15:59,910 [INFO] The time difference between the client and the server is within range 35.306 ms..40.496 ms
client 2023-07-26 20:15:59,910 [INFO] Sending command to the server: 'session,2023-07-27_04-00-09,stop,testing'
client 2023-07-26 20:16:10,692 [INFO] Got response: 'OK'
client 2023-07-26 20:16:10,692 [INFO] Sending command to the server: 'time'
client 2023-07-26 20:16:10,694 [INFO] Got response: '1690427770.6530254'
client 2023-07-26 20:16:10,694 [INFO] The time difference between the client and the server is within range 39.755 ms..41.083 ms
client 2023-07-26 20:16:10,694 [INFO] Copying loadgen logs from '/home/cmuser/mobilenet_results/valid_results/bb3b3f2d4d2e-tflite_cpp-cpu-tflite-vmaster-default_config/mobilenet-v2-precision_uint8-0.5-128/singlestream/performance/run_1' to '/home/cmuser/mobilenet_results/valid_results/bb3b3f2d4d2e-tflite_cpp-cpu-tflite-vmaster-default_config/mobilenet-v2-precision_uint8-0.5-128/singlestream/performance/tmp_power/run_1'
client 2023-07-26 20:16:10,694 [INFO] Done runs
