client 2023-07-13 12:35:11,642 [INFO] Creating output directory '/home/arjun/mobilenet_results/valid_results/phoenix_Amd_Am5-tflite_cpp-cpu-tflite-vmaster-default_config/efficientnet-fp32-lite1/singlestream/performance/tmp_power'
client 2023-07-13 12:35:11,643 [INFO] Sending command to the server: 'mlcommons/power client v3'
client 2023-07-13 12:35:11,645 [INFO] Got response: 'mlcommons/power server v3'
client 2023-07-13 12:35:11,645 [INFO] Synchronizing with the server and with time.google.com...
client 2023-07-13 12:35:11,662 [INFO] NTP:offset = -0.001 s, delay = 0.016 s 
client 2023-07-13 12:35:11,662 [INFO] Sending command to the server: 'time'
client 2023-07-13 12:35:11,665 [INFO] Got response: '1689248111.5904899'
client 2023-07-13 12:35:11,665 [INFO] The time difference between the client and the server is within range 72.372 ms..74.875 ms
client 2023-07-13 12:35:11,665 [INFO] Sending command to the server: 'new,,f90325b6-f8c0-4c26-a62f-75ac62a7152d'
client 2023-07-13 12:35:11,668 [INFO] Got response: 'OK 2023-07-13_12-35-11,f3fe00a1-d187-4f0d-b493-6f68915b40b3'
client 2023-07-13 12:35:11,668 [INFO] Session id is '2023-07-13_12-35-11'
client 2023-07-13 12:35:11,668 [INFO] Sources: {"sources": {"__init__.py": "da39a3ee5e6b4b0d3255bfef95601890afd80709", "client.py": "33ca4f26368777ac06e01f9567b714a4b8063886", "lib/__init__.py": "da39a3ee5e6b4b0d3255bfef95601890afd80709", "lib/client.py": "ac2aa093c8e8bbc9569b9e2a3471bc64e58a2258", "lib/common.py": "611d8b29633d331eb19c9455ea3b5fa3284ed6df", "lib/external/__init__.py": "da39a3ee5e6b4b0d3255bfef95601890afd80709", "lib/external/ntplib.py": "4da8f970656505a40483206ef2b5d3dd5e81711d", "lib/server.py": "c7af63c31bb2fbedea4345f571f6e3507d268ada", "lib/source_hashes.py": "60a2e02193209e8d392803326208d5466342da18", "lib/summary.py": "aa92f0a3f975eecd44d3c0cd0236342ccc9f941d", "lib/time_sync.py": "122eba67a9abc85635223e054def53be1367ade2", "server.py": "c3f90f2f7eeb4db30727556d0c815ebc89b3d28b", "tests/unit/__init__.py": "da39a3ee5e6b4b0d3255bfef95601890afd80709", "tests/unit/test_server.py": "948c1995d4008bc2aa6c4046a34ffa3858d6d671", "tests/unit/test_source_hashes.py": "00468a2907583c593e6574a1f6b404e4651c221a"}, "modules": {"ptd_client_server.lib.client": "lib/client.py", "ptd_client_server.lib.common": "lib/common.py", "ptd_client_server.lib.external.ntplib": "lib/external/ntplib.py", "ptd_client_server.lib.source_hashes": "lib/source_hashes.py", "ptd_client_server.lib.summary": "lib/summary.py", "ptd_client_server.lib.time_sync": "lib/time_sync.py"}}
client 2023-07-13 12:35:11,668 [INFO] Running workload in ranging mode
client 2023-07-13 12:35:11,668 [INFO] Synchronizing with the server and with time.google.com...
client 2023-07-13 12:35:11,682 [INFO] NTP:offset = -0.001 s, delay = 0.013 s 
client 2023-07-13 12:35:11,682 [INFO] Sending command to the server: 'time'
client 2023-07-13 12:35:11,685 [INFO] Got response: '1689248111.609997'
client 2023-07-13 12:35:11,685 [INFO] The time difference between the client and the server is within range 72.043 ms..75.532 ms
client 2023-07-13 12:35:11,685 [INFO] Sending command to the server: 'session,2023-07-13_12-35-11,start,ranging'
client 2023-07-13 12:35:35,526 [INFO] Got response: 'OK'
client 2023-07-13 12:35:35,526 [INFO] Sending command to the server: 'time'
client 2023-07-13 12:35:35,529 [INFO] Got response: '1689248135.4598722'
client 2023-07-13 12:35:35,529 [INFO] The time difference between the client and the server is within range 66.994 ms..69.257 ms
client 2023-07-13 12:35:35,529 [INFO] Running the workload 'CM_MLPERF_RUN_COUNT=$(cat ${CM_RUN_DIR}/count.txt); echo ${CM_MLPERF_RUN_COUNT}; CM_MLPERF_RUN_COUNT=$((CM_MLPERF_RUN_COUNT+1)); echo ${CM_MLPERF_RUN_COUNT} > ${CM_RUN_DIR}/count.txt && if [ ${CM_MLPERF_RUN_COUNT} -eq "1" ]; then export CM_MLPERF_USER_CONF=${CM_MLPERF_RANGING_USER_CONF}; else export CM_MLPERF_USER_CONF=${CM_MLPERF_TESTING_USER_CONF}; fi && /home/arjun/run.out'
client 2023-07-13 12:40:36,538 [INFO] Sending command to the server: 'time'
client 2023-07-13 12:40:36,541 [INFO] Got response: '1689248436.4672837'
client 2023-07-13 12:40:36,541 [INFO] The time difference between the client and the server is within range 71.553 ms..73.956 ms
client 2023-07-13 12:40:36,541 [INFO] Sending command to the server: 'session,2023-07-13_12-35-11,stop,ranging'
client 2023-07-13 12:40:47,856 [INFO] Got response: 'OK'
client 2023-07-13 12:40:47,856 [INFO] Sending command to the server: 'time'
client 2023-07-13 12:40:47,858 [INFO] Got response: '1689248447.7880445'
client 2023-07-13 12:40:47,858 [INFO] The time difference between the client and the server is within range 68.581 ms..70.731 ms
client 2023-07-13 12:40:47,860 [INFO] Copying loadgen logs from '/home/arjun/mobilenet_results/valid_results/phoenix_Amd_Am5-tflite_cpp-cpu-tflite-vmaster-default_config/efficientnet-fp32-lite1/singlestream/performance/run_1' to '/home/arjun/mobilenet_results/valid_results/phoenix_Amd_Am5-tflite_cpp-cpu-tflite-vmaster-default_config/efficientnet-fp32-lite1/singlestream/performance/tmp_power/ranging'
client 2023-07-13 12:40:47,860 [INFO] Running workload in testing mode
client 2023-07-13 12:40:47,860 [INFO] Synchronizing with the server and with time.google.com...
client 2023-07-13 12:40:47,879 [INFO] NTP:offset = 0.001 s, delay = 0.018 s 
client 2023-07-13 12:40:47,879 [INFO] Sending command to the server: 'time'
client 2023-07-13 12:40:47,881 [INFO] Got response: '1689248447.80903'
client 2023-07-13 12:40:47,881 [INFO] The time difference between the client and the server is within range 70.322 ms..72.413 ms
client 2023-07-13 12:40:47,881 [INFO] Sending command to the server: 'session,2023-07-13_12-35-11,start,testing'
client 2023-07-13 12:41:00,951 [INFO] Got response: 'OK'
client 2023-07-13 12:41:00,951 [INFO] Sending command to the server: 'time'
client 2023-07-13 12:41:00,954 [INFO] Got response: '1689248460.881695'
client 2023-07-13 12:41:00,954 [INFO] The time difference between the client and the server is within range 69.860 ms..72.492 ms
client 2023-07-13 12:41:00,954 [INFO] Running the workload 'CM_MLPERF_RUN_COUNT=$(cat ${CM_RUN_DIR}/count.txt); echo ${CM_MLPERF_RUN_COUNT}; CM_MLPERF_RUN_COUNT=$((CM_MLPERF_RUN_COUNT+1)); echo ${CM_MLPERF_RUN_COUNT} > ${CM_RUN_DIR}/count.txt && if [ ${CM_MLPERF_RUN_COUNT} -eq "1" ]; then export CM_MLPERF_USER_CONF=${CM_MLPERF_RANGING_USER_CONF}; else export CM_MLPERF_USER_CONF=${CM_MLPERF_TESTING_USER_CONF}; fi && /home/arjun/run.out'
client 2023-07-13 12:51:01,937 [INFO] Sending command to the server: 'time'
client 2023-07-13 12:51:01,941 [INFO] Got response: '1689249061.872415'
client 2023-07-13 12:51:01,941 [INFO] The time difference between the client and the server is within range 65.438 ms..68.983 ms
client 2023-07-13 12:51:01,941 [INFO] Sending command to the server: 'session,2023-07-13_12-35-11,stop,testing'
client 2023-07-13 12:51:12,030 [INFO] Got response: 'OK'
client 2023-07-13 12:51:12,031 [INFO] Sending command to the server: 'time'
client 2023-07-13 12:51:12,034 [INFO] Got response: '1689249071.966056'
client 2023-07-13 12:51:12,034 [INFO] The time difference between the client and the server is within range 65.031 ms..68.633 ms
client 2023-07-13 12:51:12,035 [INFO] Copying loadgen logs from '/home/arjun/mobilenet_results/valid_results/phoenix_Amd_Am5-tflite_cpp-cpu-tflite-vmaster-default_config/efficientnet-fp32-lite1/singlestream/performance/run_1' to '/home/arjun/mobilenet_results/valid_results/phoenix_Amd_Am5-tflite_cpp-cpu-tflite-vmaster-default_config/efficientnet-fp32-lite1/singlestream/performance/tmp_power/run_1'
client 2023-07-13 12:51:12,035 [INFO] Done runs
