client 2023-07-13 13:23:37,692 [INFO] Creating output directory '/home/arjun/mobilenet_results/valid_results/phoenix_Amd_Am5-tflite_cpp-cpu-tflite-vmaster-default_config/efficientnet-int8-lite2/singlestream/performance/tmp_power'
client 2023-07-13 13:23:37,694 [INFO] Sending command to the server: 'mlcommons/power client v3'
client 2023-07-13 13:23:37,696 [INFO] Got response: 'mlcommons/power server v3'
client 2023-07-13 13:23:37,696 [INFO] Synchronizing with the server and with time.google.com...
client 2023-07-13 13:23:37,724 [INFO] NTP:offset = -0.002 s, delay = 0.014 s 
client 2023-07-13 13:23:37,724 [INFO] Sending command to the server: 'time'
client 2023-07-13 13:23:37,730 [INFO] Got response: '1689251017.650691'
client 2023-07-13 13:23:37,730 [INFO] The time difference between the client and the server is within range 73.593 ms..79.601 ms
client 2023-07-13 13:23:37,730 [INFO] Sending command to the server: 'new,,d0cebe96-5a2d-4563-9a29-cc2170e83b0f'
client 2023-07-13 13:23:37,733 [INFO] Got response: 'OK 2023-07-13_13-23-37,4455bc2f-c607-4ab3-9af4-427343fb41be'
client 2023-07-13 13:23:37,733 [INFO] Session id is '2023-07-13_13-23-37'
client 2023-07-13 13:23:37,733 [INFO] Sources: {"sources": {"__init__.py": "da39a3ee5e6b4b0d3255bfef95601890afd80709", "client.py": "33ca4f26368777ac06e01f9567b714a4b8063886", "lib/__init__.py": "da39a3ee5e6b4b0d3255bfef95601890afd80709", "lib/client.py": "ac2aa093c8e8bbc9569b9e2a3471bc64e58a2258", "lib/common.py": "611d8b29633d331eb19c9455ea3b5fa3284ed6df", "lib/external/__init__.py": "da39a3ee5e6b4b0d3255bfef95601890afd80709", "lib/external/ntplib.py": "4da8f970656505a40483206ef2b5d3dd5e81711d", "lib/server.py": "c7af63c31bb2fbedea4345f571f6e3507d268ada", "lib/source_hashes.py": "60a2e02193209e8d392803326208d5466342da18", "lib/summary.py": "aa92f0a3f975eecd44d3c0cd0236342ccc9f941d", "lib/time_sync.py": "122eba67a9abc85635223e054def53be1367ade2", "server.py": "c3f90f2f7eeb4db30727556d0c815ebc89b3d28b", "tests/unit/__init__.py": "da39a3ee5e6b4b0d3255bfef95601890afd80709", "tests/unit/test_server.py": "948c1995d4008bc2aa6c4046a34ffa3858d6d671", "tests/unit/test_source_hashes.py": "00468a2907583c593e6574a1f6b404e4651c221a"}, "modules": {"ptd_client_server.lib.client": "lib/client.py", "ptd_client_server.lib.common": "lib/common.py", "ptd_client_server.lib.external.ntplib": "lib/external/ntplib.py", "ptd_client_server.lib.source_hashes": "lib/source_hashes.py", "ptd_client_server.lib.summary": "lib/summary.py", "ptd_client_server.lib.time_sync": "lib/time_sync.py"}}
client 2023-07-13 13:23:37,733 [INFO] Running workload in ranging mode
client 2023-07-13 13:23:37,733 [INFO] Synchronizing with the server and with time.google.com...
client 2023-07-13 13:23:37,749 [INFO] NTP:offset = -0.000 s, delay = 0.015 s 
client 2023-07-13 13:23:37,749 [INFO] Sending command to the server: 'time'
client 2023-07-13 13:23:37,758 [INFO] Got response: '1689251017.6808808'
client 2023-07-13 13:23:37,758 [INFO] The time difference between the client and the server is within range 68.373 ms..77.725 ms
client 2023-07-13 13:23:37,758 [INFO] Sending command to the server: 'session,2023-07-13_13-23-37,start,ranging'
client 2023-07-13 13:24:01,583 [INFO] Got response: 'OK'
client 2023-07-13 13:24:01,583 [INFO] Sending command to the server: 'time'
client 2023-07-13 13:24:01,586 [INFO] Got response: '1689251041.503236'
client 2023-07-13 13:24:01,586 [INFO] The time difference between the client and the server is within range 80.165 ms..83.237 ms
client 2023-07-13 13:24:01,586 [INFO] Running the workload 'CM_MLPERF_RUN_COUNT=$(cat ${CM_RUN_DIR}/count.txt); echo ${CM_MLPERF_RUN_COUNT}; CM_MLPERF_RUN_COUNT=$((CM_MLPERF_RUN_COUNT+1)); echo ${CM_MLPERF_RUN_COUNT} > ${CM_RUN_DIR}/count.txt && if [ ${CM_MLPERF_RUN_COUNT} -eq "1" ]; then export CM_MLPERF_USER_CONF=${CM_MLPERF_RANGING_USER_CONF}; else export CM_MLPERF_USER_CONF=${CM_MLPERF_TESTING_USER_CONF}; fi && /home/arjun/run.out'
client 2023-07-13 13:29:02,142 [INFO] Sending command to the server: 'time'
client 2023-07-13 13:29:02,145 [INFO] Got response: '1689251342.0631127'
client 2023-07-13 13:29:02,145 [INFO] The time difference between the client and the server is within range 79.122 ms..82.550 ms
client 2023-07-13 13:29:02,145 [INFO] Sending command to the server: 'session,2023-07-13_13-23-37,stop,ranging'
client 2023-07-13 13:29:12,734 [INFO] Got response: 'OK'
client 2023-07-13 13:29:12,734 [INFO] Sending command to the server: 'time'
client 2023-07-13 13:29:12,736 [INFO] Got response: '1689251352.6502259'
client 2023-07-13 13:29:12,736 [INFO] The time difference between the client and the server is within range 84.279 ms..86.151 ms
client 2023-07-13 13:29:12,738 [INFO] Copying loadgen logs from '/home/arjun/mobilenet_results/valid_results/phoenix_Amd_Am5-tflite_cpp-cpu-tflite-vmaster-default_config/efficientnet-int8-lite2/singlestream/performance/run_1' to '/home/arjun/mobilenet_results/valid_results/phoenix_Amd_Am5-tflite_cpp-cpu-tflite-vmaster-default_config/efficientnet-int8-lite2/singlestream/performance/tmp_power/ranging'
client 2023-07-13 13:29:12,738 [INFO] Running workload in testing mode
client 2023-07-13 13:29:12,738 [INFO] Synchronizing with the server and with time.google.com...
client 2023-07-13 13:29:12,752 [INFO] NTP:offset = -0.002 s, delay = 0.013 s 
client 2023-07-13 13:29:12,752 [INFO] Sending command to the server: 'time'
client 2023-07-13 13:29:12,755 [INFO] Got response: '1689251352.671562'
client 2023-07-13 13:29:12,755 [INFO] The time difference between the client and the server is within range 80.879 ms..83.869 ms
client 2023-07-13 13:29:12,755 [INFO] Sending command to the server: 'session,2023-07-13_13-23-37,start,testing'
client 2023-07-13 13:29:25,810 [INFO] Got response: 'OK'
client 2023-07-13 13:29:25,811 [INFO] Sending command to the server: 'time'
client 2023-07-13 13:29:25,813 [INFO] Got response: '1689251365.7260973'
client 2023-07-13 13:29:25,813 [INFO] The time difference between the client and the server is within range 84.974 ms..87.650 ms
client 2023-07-13 13:29:25,813 [INFO] Running the workload 'CM_MLPERF_RUN_COUNT=$(cat ${CM_RUN_DIR}/count.txt); echo ${CM_MLPERF_RUN_COUNT}; CM_MLPERF_RUN_COUNT=$((CM_MLPERF_RUN_COUNT+1)); echo ${CM_MLPERF_RUN_COUNT} > ${CM_RUN_DIR}/count.txt && if [ ${CM_MLPERF_RUN_COUNT} -eq "1" ]; then export CM_MLPERF_USER_CONF=${CM_MLPERF_RANGING_USER_CONF}; else export CM_MLPERF_USER_CONF=${CM_MLPERF_TESTING_USER_CONF}; fi && /home/arjun/run.out'
client 2023-07-13 13:39:26,787 [INFO] Sending command to the server: 'time'
client 2023-07-13 13:39:26,790 [INFO] Got response: '1689251966.6960843'
client 2023-07-13 13:39:26,790 [INFO] The time difference between the client and the server is within range 91.195 ms..94.897 ms
client 2023-07-13 13:39:26,791 [INFO] Sending command to the server: 'session,2023-07-13_13-23-37,stop,testing'
client 2023-07-13 13:39:37,311 [INFO] Got response: 'OK'
client 2023-07-13 13:39:37,311 [INFO] Sending command to the server: 'time'
client 2023-07-13 13:39:37,313 [INFO] Got response: '1689251977.2157884'
client 2023-07-13 13:39:37,313 [INFO] The time difference between the client and the server is within range 96.187 ms..97.326 ms
client 2023-07-13 13:39:37,313 [INFO] Copying loadgen logs from '/home/arjun/mobilenet_results/valid_results/phoenix_Amd_Am5-tflite_cpp-cpu-tflite-vmaster-default_config/efficientnet-int8-lite2/singlestream/performance/run_1' to '/home/arjun/mobilenet_results/valid_results/phoenix_Amd_Am5-tflite_cpp-cpu-tflite-vmaster-default_config/efficientnet-int8-lite2/singlestream/performance/tmp_power/run_1'
client 2023-07-13 13:39:37,313 [INFO] Done runs
