client 2023-07-27 01:55:07,872 [INFO] Creating output directory '/home/cmuser/mobilenet_results/valid_results/bb3b3f2d4d2e-tflite_cpp-cpu-tflite-vmaster-default_config/efficientnet-fp32-lite3/singlestream/performance/tmp_power'
client 2023-07-27 01:55:07,874 [INFO] Sending command to the server: 'mlcommons/power client v3'
client 2023-07-27 01:55:07,875 [INFO] Got response: 'mlcommons/power server v3'
client 2023-07-27 01:55:07,875 [INFO] Synchronizing with the server and with time.google.com...
client 2023-07-27 01:55:07,949 [INFO] NTP:offset = -0.001 s, delay = 0.012 s 
client 2023-07-27 01:55:07,949 [INFO] Sending command to the server: 'time'
client 2023-07-27 01:55:07,952 [INFO] Got response: '1690448107.8123882'
client 2023-07-27 01:55:07,952 [INFO] The time difference between the client and the server is within range 136.906 ms..140.186 ms
client 2023-07-27 01:55:07,952 [INFO] Sending command to the server: 'new,,33967fd8-c644-4eb6-8eb5-e79c3ca003b8'
client 2023-07-27 01:55:07,957 [INFO] Got response: 'OK 2023-07-27_09-55-07,8b43f0cb-d3e5-4e91-ba99-00e68e71146c'
client 2023-07-27 01:55:07,957 [INFO] Session id is '2023-07-27_09-55-07'
client 2023-07-27 01:55:07,957 [INFO] Sources: {"sources": {"__init__.py": "da39a3ee5e6b4b0d3255bfef95601890afd80709", "client.py": "33ca4f26368777ac06e01f9567b714a4b8063886", "lib/__init__.py": "da39a3ee5e6b4b0d3255bfef95601890afd80709", "lib/client.py": "ac2aa093c8e8bbc9569b9e2a3471bc64e58a2258", "lib/common.py": "611d8b29633d331eb19c9455ea3b5fa3284ed6df", "lib/external/__init__.py": "da39a3ee5e6b4b0d3255bfef95601890afd80709", "lib/external/ntplib.py": "4da8f970656505a40483206ef2b5d3dd5e81711d", "lib/server.py": "c7af63c31bb2fbedea4345f571f6e3507d268ada", "lib/source_hashes.py": "60a2e02193209e8d392803326208d5466342da18", "lib/summary.py": "aa92f0a3f975eecd44d3c0cd0236342ccc9f941d", "lib/time_sync.py": "122eba67a9abc85635223e054def53be1367ade2", "server.py": "c3f90f2f7eeb4db30727556d0c815ebc89b3d28b", "tests/unit/__init__.py": "da39a3ee5e6b4b0d3255bfef95601890afd80709", "tests/unit/test_server.py": "948c1995d4008bc2aa6c4046a34ffa3858d6d671", "tests/unit/test_source_hashes.py": "00468a2907583c593e6574a1f6b404e4651c221a"}, "modules": {"ptd_client_server.lib.client": "lib/client.py", "ptd_client_server.lib.common": "lib/common.py", "ptd_client_server.lib.external.ntplib": "lib/external/ntplib.py", "ptd_client_server.lib.source_hashes": "lib/source_hashes.py", "ptd_client_server.lib.summary": "lib/summary.py", "ptd_client_server.lib.time_sync": "lib/time_sync.py"}}
client 2023-07-27 01:55:07,957 [INFO] Running workload in ranging mode
client 2023-07-27 01:55:07,957 [INFO] Synchronizing with the server and with time.google.com...
client 2023-07-27 01:55:08,029 [INFO] NTP:offset = 0.001 s, delay = 0.023 s 
client 2023-07-27 01:55:08,029 [INFO] Sending command to the server: 'time'
client 2023-07-27 01:55:08,033 [INFO] Got response: '1690448107.8926322'
client 2023-07-27 01:55:08,033 [INFO] The time difference between the client and the server is within range 137.176 ms..140.961 ms
client 2023-07-27 01:55:08,033 [INFO] Sending command to the server: 'session,2023-07-27_09-55-07,start,ranging'
client 2023-07-27 01:55:31,913 [INFO] Got response: 'OK'
client 2023-07-27 01:55:31,914 [INFO] Sending command to the server: 'time'
client 2023-07-27 01:55:31,917 [INFO] Got response: '1690448131.7808266'
client 2023-07-27 01:55:31,917 [INFO] The time difference between the client and the server is within range 133.276 ms..136.348 ms
client 2023-07-27 01:55:31,917 [INFO] Running the workload 'CM_MLPERF_RUN_COUNT=$(cat ${CM_RUN_DIR}/count.txt); echo ${CM_MLPERF_RUN_COUNT}; CM_MLPERF_RUN_COUNT=$((CM_MLPERF_RUN_COUNT+1)); echo ${CM_MLPERF_RUN_COUNT} > ${CM_RUN_DIR}/count.txt && if [ ${CM_MLPERF_RUN_COUNT} -eq "1" ]; then export CM_MLPERF_USER_CONF=${CM_MLPERF_RANGING_USER_CONF}; else export CM_MLPERF_USER_CONF=${CM_MLPERF_TESTING_USER_CONF}; fi && /home/cmuser/run.out'
client 2023-07-27 02:00:32,896 [INFO] Sending command to the server: 'time'
client 2023-07-27 02:00:32,899 [INFO] Got response: '1690448432.76388'
client 2023-07-27 02:00:32,900 [INFO] The time difference between the client and the server is within range 132.161 ms..136.150 ms
client 2023-07-27 02:00:32,900 [INFO] Sending command to the server: 'session,2023-07-27_09-55-07,stop,ranging'
client 2023-07-27 02:00:43,103 [INFO] Got response: 'OK'
client 2023-07-27 02:00:43,103 [INFO] Sending command to the server: 'time'
client 2023-07-27 02:00:43,106 [INFO] Got response: '1690448442.9682915'
client 2023-07-27 02:00:43,106 [INFO] The time difference between the client and the server is within range 135.590 ms..138.332 ms
client 2023-07-27 02:00:43,110 [INFO] Copying loadgen logs from '/home/cmuser/mobilenet_results/valid_results/bb3b3f2d4d2e-tflite_cpp-cpu-tflite-vmaster-default_config/efficientnet-fp32-lite3/singlestream/performance/run_1' to '/home/cmuser/mobilenet_results/valid_results/bb3b3f2d4d2e-tflite_cpp-cpu-tflite-vmaster-default_config/efficientnet-fp32-lite3/singlestream/performance/tmp_power/ranging'
client 2023-07-27 02:00:43,110 [INFO] Running workload in testing mode
client 2023-07-27 02:00:43,110 [INFO] Synchronizing with the server and with time.google.com...
client 2023-07-27 02:00:43,163 [INFO] NTP:offset = -0.001 s, delay = 0.013 s 
client 2023-07-27 02:00:43,163 [INFO] Sending command to the server: 'time'
client 2023-07-27 02:00:43,166 [INFO] Got response: '1690448443.0295808'
client 2023-07-27 02:00:43,166 [INFO] The time difference between the client and the server is within range 133.826 ms..136.788 ms
client 2023-07-27 02:00:43,166 [INFO] Sending command to the server: 'session,2023-07-27_09-55-07,start,testing'
client 2023-07-27 02:00:56,209 [INFO] Got response: 'OK'
client 2023-07-27 02:00:56,209 [INFO] Sending command to the server: 'time'
client 2023-07-27 02:00:56,213 [INFO] Got response: '1690448456.071851'
client 2023-07-27 02:00:56,213 [INFO] The time difference between the client and the server is within range 137.346 ms..141.230 ms
client 2023-07-27 02:00:56,213 [INFO] Running the workload 'CM_MLPERF_RUN_COUNT=$(cat ${CM_RUN_DIR}/count.txt); echo ${CM_MLPERF_RUN_COUNT}; CM_MLPERF_RUN_COUNT=$((CM_MLPERF_RUN_COUNT+1)); echo ${CM_MLPERF_RUN_COUNT} > ${CM_RUN_DIR}/count.txt && if [ ${CM_MLPERF_RUN_COUNT} -eq "1" ]; then export CM_MLPERF_USER_CONF=${CM_MLPERF_RANGING_USER_CONF}; else export CM_MLPERF_USER_CONF=${CM_MLPERF_TESTING_USER_CONF}; fi && /home/cmuser/run.out'
client 2023-07-27 02:10:57,285 [INFO] Sending command to the server: 'time'
client 2023-07-27 02:10:57,289 [INFO] Got response: '1690449057.1494706'
client 2023-07-27 02:10:57,289 [INFO] The time difference between the client and the server is within range 136.319 ms..139.906 ms
client 2023-07-27 02:10:57,289 [INFO] Sending command to the server: 'session,2023-07-27_09-55-07,stop,testing'
client 2023-07-27 02:11:08,303 [INFO] Got response: 'OK'
client 2023-07-27 02:11:08,303 [INFO] Sending command to the server: 'time'
client 2023-07-27 02:11:08,305 [INFO] Got response: '1690449068.1636438'
client 2023-07-27 02:11:08,305 [INFO] The time difference between the client and the server is within range 140.122 ms..142.259 ms
client 2023-07-27 02:11:08,306 [INFO] Copying loadgen logs from '/home/cmuser/mobilenet_results/valid_results/bb3b3f2d4d2e-tflite_cpp-cpu-tflite-vmaster-default_config/efficientnet-fp32-lite3/singlestream/performance/run_1' to '/home/cmuser/mobilenet_results/valid_results/bb3b3f2d4d2e-tflite_cpp-cpu-tflite-vmaster-default_config/efficientnet-fp32-lite3/singlestream/performance/tmp_power/run_1'
client 2023-07-27 02:11:08,306 [INFO] Done runs
