client 2023-07-13 05:35:28,652 [INFO] Creating output directory '/home/arjun/mobilenet_results/valid_results/phoenix_Amd_Am5-tflite_cpp-cpu-tflite-vmaster-default_config/mobilenet-v2-precision_uint8-0.75-128/singlestream/performance/tmp_power'
client 2023-07-13 05:35:28,654 [INFO] Sending command to the server: 'mlcommons/power client v3'
client 2023-07-13 05:35:28,656 [INFO] Got response: 'mlcommons/power server v3'
client 2023-07-13 05:35:28,656 [INFO] Synchronizing with the server and with time.google.com...
client 2023-07-13 05:35:28,684 [INFO] NTP:offset = -0.001 s, delay = 0.016 s 
client 2023-07-13 05:35:28,685 [INFO] Sending command to the server: 'time'
client 2023-07-13 05:35:28,688 [INFO] Got response: '1689222928.6131916'
client 2023-07-13 05:35:28,688 [INFO] The time difference between the client and the server is within range 71.895 ms..75.026 ms
client 2023-07-13 05:35:28,688 [INFO] Sending command to the server: 'new,,2d62a45f-915e-4667-9585-ef9aecad02fe'
client 2023-07-13 05:35:28,701 [INFO] Got response: 'OK 2023-07-13_05-35-28,be042389-bc86-487d-919e-2a93e7b7b415'
client 2023-07-13 05:35:28,701 [INFO] Session id is '2023-07-13_05-35-28'
client 2023-07-13 05:35:28,701 [INFO] Sources: {"sources": {"__init__.py": "da39a3ee5e6b4b0d3255bfef95601890afd80709", "client.py": "33ca4f26368777ac06e01f9567b714a4b8063886", "lib/__init__.py": "da39a3ee5e6b4b0d3255bfef95601890afd80709", "lib/client.py": "ac2aa093c8e8bbc9569b9e2a3471bc64e58a2258", "lib/common.py": "611d8b29633d331eb19c9455ea3b5fa3284ed6df", "lib/external/__init__.py": "da39a3ee5e6b4b0d3255bfef95601890afd80709", "lib/external/ntplib.py": "4da8f970656505a40483206ef2b5d3dd5e81711d", "lib/server.py": "c7af63c31bb2fbedea4345f571f6e3507d268ada", "lib/source_hashes.py": "60a2e02193209e8d392803326208d5466342da18", "lib/summary.py": "aa92f0a3f975eecd44d3c0cd0236342ccc9f941d", "lib/time_sync.py": "122eba67a9abc85635223e054def53be1367ade2", "server.py": "c3f90f2f7eeb4db30727556d0c815ebc89b3d28b", "tests/unit/__init__.py": "da39a3ee5e6b4b0d3255bfef95601890afd80709", "tests/unit/test_server.py": "948c1995d4008bc2aa6c4046a34ffa3858d6d671", "tests/unit/test_source_hashes.py": "00468a2907583c593e6574a1f6b404e4651c221a"}, "modules": {"ptd_client_server.lib.client": "lib/client.py", "ptd_client_server.lib.common": "lib/common.py", "ptd_client_server.lib.external.ntplib": "lib/external/ntplib.py", "ptd_client_server.lib.source_hashes": "lib/source_hashes.py", "ptd_client_server.lib.summary": "lib/summary.py", "ptd_client_server.lib.time_sync": "lib/time_sync.py"}}
client 2023-07-13 05:35:28,701 [INFO] Running workload in ranging mode
client 2023-07-13 05:35:28,701 [INFO] Synchronizing with the server and with time.google.com...
client 2023-07-13 05:35:28,717 [INFO] NTP:offset = -0.001 s, delay = 0.015 s 
client 2023-07-13 05:35:28,717 [INFO] Sending command to the server: 'time'
client 2023-07-13 05:35:28,719 [INFO] Got response: '1689222928.6438363'
client 2023-07-13 05:35:28,719 [INFO] The time difference between the client and the server is within range 73.326 ms..75.865 ms
client 2023-07-13 05:35:28,719 [INFO] Sending command to the server: 'session,2023-07-13_05-35-28,start,ranging'
client 2023-07-13 05:35:52,579 [INFO] Got response: 'OK'
client 2023-07-13 05:35:52,579 [INFO] Sending command to the server: 'time'
client 2023-07-13 05:35:52,582 [INFO] Got response: '1689222952.5101929'
client 2023-07-13 05:35:52,582 [INFO] The time difference between the client and the server is within range 69.097 ms..72.056 ms
client 2023-07-13 05:35:52,582 [INFO] Running the workload 'CM_MLPERF_RUN_COUNT=$(cat ${CM_RUN_DIR}/count.txt); echo ${CM_MLPERF_RUN_COUNT}; CM_MLPERF_RUN_COUNT=$((CM_MLPERF_RUN_COUNT+1)); echo ${CM_MLPERF_RUN_COUNT} > ${CM_RUN_DIR}/count.txt && if [ ${CM_MLPERF_RUN_COUNT} -eq "1" ]; then export CM_MLPERF_USER_CONF=${CM_MLPERF_RANGING_USER_CONF}; else export CM_MLPERF_USER_CONF=${CM_MLPERF_TESTING_USER_CONF}; fi && /home/arjun/run.out'
client 2023-07-13 05:40:53,110 [INFO] Sending command to the server: 'time'
client 2023-07-13 05:40:53,111 [INFO] Got response: '1689223253.0437841'
client 2023-07-13 05:40:53,111 [INFO] The time difference between the client and the server is within range 66.209 ms..68.153 ms
client 2023-07-13 05:40:53,111 [INFO] Sending command to the server: 'session,2023-07-13_05-35-28,stop,ranging'
client 2023-07-13 05:41:03,871 [INFO] Got response: 'OK'
client 2023-07-13 05:41:03,872 [INFO] Sending command to the server: 'time'
client 2023-07-13 05:41:03,873 [INFO] Got response: '1689223263.8018'
client 2023-07-13 05:41:03,873 [INFO] The time difference between the client and the server is within range 70.273 ms..71.971 ms
client 2023-07-13 05:41:03,876 [INFO] Copying loadgen logs from '/home/arjun/mobilenet_results/valid_results/phoenix_Amd_Am5-tflite_cpp-cpu-tflite-vmaster-default_config/mobilenet-v2-precision_uint8-0.75-128/singlestream/performance/run_1' to '/home/arjun/mobilenet_results/valid_results/phoenix_Amd_Am5-tflite_cpp-cpu-tflite-vmaster-default_config/mobilenet-v2-precision_uint8-0.75-128/singlestream/performance/tmp_power/ranging'
client 2023-07-13 05:41:03,876 [INFO] Running workload in testing mode
client 2023-07-13 05:41:03,876 [INFO] Synchronizing with the server and with time.google.com...
client 2023-07-13 05:41:03,894 [INFO] NTP:offset = -0.001 s, delay = 0.016 s 
client 2023-07-13 05:41:03,894 [INFO] Sending command to the server: 'time'
client 2023-07-13 05:41:03,895 [INFO] Got response: '1689223263.8227458'
client 2023-07-13 05:41:03,896 [INFO] The time difference between the client and the server is within range 71.399 ms..73.294 ms
client 2023-07-13 05:41:03,896 [INFO] Sending command to the server: 'session,2023-07-13_05-35-28,start,testing'
client 2023-07-13 05:41:16,953 [INFO] Got response: 'OK'
client 2023-07-13 05:41:16,953 [INFO] Sending command to the server: 'time'
client 2023-07-13 05:41:16,956 [INFO] Got response: '1689223276.8875427'
client 2023-07-13 05:41:16,956 [INFO] The time difference between the client and the server is within range 65.961 ms..68.937 ms
client 2023-07-13 05:41:16,956 [INFO] Running the workload 'CM_MLPERF_RUN_COUNT=$(cat ${CM_RUN_DIR}/count.txt); echo ${CM_MLPERF_RUN_COUNT}; CM_MLPERF_RUN_COUNT=$((CM_MLPERF_RUN_COUNT+1)); echo ${CM_MLPERF_RUN_COUNT} > ${CM_RUN_DIR}/count.txt && if [ ${CM_MLPERF_RUN_COUNT} -eq "1" ]; then export CM_MLPERF_USER_CONF=${CM_MLPERF_RANGING_USER_CONF}; else export CM_MLPERF_USER_CONF=${CM_MLPERF_TESTING_USER_CONF}; fi && /home/arjun/run.out'
client 2023-07-13 05:51:18,037 [INFO] Sending command to the server: 'time'
client 2023-07-13 05:51:18,040 [INFO] Got response: '1689223877.9737647'
client 2023-07-13 05:51:18,040 [INFO] The time difference between the client and the server is within range 63.268 ms..66.690 ms
client 2023-07-13 05:51:18,040 [INFO] Sending command to the server: 'session,2023-07-13_05-35-28,stop,testing'
client 2023-07-13 05:51:29,034 [INFO] Got response: 'OK'
client 2023-07-13 05:51:29,034 [INFO] Sending command to the server: 'time'
client 2023-07-13 05:51:29,051 [INFO] Got response: '1689223888.9814143'
client 2023-07-13 05:51:29,051 [INFO] The time difference between the client and the server is within range 53.489 ms..69.983 ms
client 2023-07-13 05:51:29,051 [INFO] Copying loadgen logs from '/home/arjun/mobilenet_results/valid_results/phoenix_Amd_Am5-tflite_cpp-cpu-tflite-vmaster-default_config/mobilenet-v2-precision_uint8-0.75-128/singlestream/performance/run_1' to '/home/arjun/mobilenet_results/valid_results/phoenix_Amd_Am5-tflite_cpp-cpu-tflite-vmaster-default_config/mobilenet-v2-precision_uint8-0.75-128/singlestream/performance/tmp_power/run_1'
client 2023-07-13 05:51:29,052 [INFO] Done runs
