client 2023-07-13 03:58:35,305 [INFO] Creating output directory '/home/arjun/mobilenet_results/valid_results/phoenix_Amd_Am5-tflite_cpp-cpu-tflite-vmaster-default_config/mobilenet-v2-precision_uint8-0.75-224/singlestream/performance/tmp_power'
client 2023-07-13 03:58:35,307 [INFO] Sending command to the server: 'mlcommons/power client v3'
client 2023-07-13 03:58:35,309 [INFO] Got response: 'mlcommons/power server v3'
client 2023-07-13 03:58:35,309 [INFO] Synchronizing with the server and with time.google.com...
client 2023-07-13 03:58:35,325 [INFO] NTP:offset = -0.000 s, delay = 0.015 s 
client 2023-07-13 03:58:35,325 [INFO] Sending command to the server: 'time'
client 2023-07-13 03:58:35,441 [INFO] Got response: '1689217115.3672378'
client 2023-07-13 03:58:35,441 [INFO] The time difference between the client and the server is within range -41.248 ms..74.339 ms
client 2023-07-13 03:58:35,441 [INFO] Sending command to the server: 'new,,f98c3165-53f9-418e-993b-070748136c33'
client 2023-07-13 03:58:35,446 [INFO] Got response: 'OK 2023-07-13_03-58-35,cbf2c050-60c2-44e7-ae5a-04fbc3aa5239'
client 2023-07-13 03:58:35,446 [INFO] Session id is '2023-07-13_03-58-35'
client 2023-07-13 03:58:35,447 [INFO] Sources: {"sources": {"__init__.py": "da39a3ee5e6b4b0d3255bfef95601890afd80709", "client.py": "33ca4f26368777ac06e01f9567b714a4b8063886", "lib/__init__.py": "da39a3ee5e6b4b0d3255bfef95601890afd80709", "lib/client.py": "ac2aa093c8e8bbc9569b9e2a3471bc64e58a2258", "lib/common.py": "611d8b29633d331eb19c9455ea3b5fa3284ed6df", "lib/external/__init__.py": "da39a3ee5e6b4b0d3255bfef95601890afd80709", "lib/external/ntplib.py": "4da8f970656505a40483206ef2b5d3dd5e81711d", "lib/server.py": "c7af63c31bb2fbedea4345f571f6e3507d268ada", "lib/source_hashes.py": "60a2e02193209e8d392803326208d5466342da18", "lib/summary.py": "aa92f0a3f975eecd44d3c0cd0236342ccc9f941d", "lib/time_sync.py": "122eba67a9abc85635223e054def53be1367ade2", "server.py": "c3f90f2f7eeb4db30727556d0c815ebc89b3d28b", "tests/unit/__init__.py": "da39a3ee5e6b4b0d3255bfef95601890afd80709", "tests/unit/test_server.py": "948c1995d4008bc2aa6c4046a34ffa3858d6d671", "tests/unit/test_source_hashes.py": "00468a2907583c593e6574a1f6b404e4651c221a"}, "modules": {"ptd_client_server.lib.client": "lib/client.py", "ptd_client_server.lib.common": "lib/common.py", "ptd_client_server.lib.external.ntplib": "lib/external/ntplib.py", "ptd_client_server.lib.source_hashes": "lib/source_hashes.py", "ptd_client_server.lib.summary": "lib/summary.py", "ptd_client_server.lib.time_sync": "lib/time_sync.py"}}
client 2023-07-13 03:58:35,447 [INFO] Running workload in ranging mode
client 2023-07-13 03:58:35,447 [INFO] Synchronizing with the server and with time.google.com...
client 2023-07-13 03:58:35,463 [INFO] NTP:offset = -0.001 s, delay = 0.016 s 
client 2023-07-13 03:58:35,463 [INFO] Sending command to the server: 'time'
client 2023-07-13 03:58:35,466 [INFO] Got response: '1689217115.397252'
client 2023-07-13 03:58:35,466 [INFO] The time difference between the client and the server is within range 66.697 ms..69.400 ms
client 2023-07-13 03:58:35,466 [INFO] Sending command to the server: 'session,2023-07-13_03-58-35,start,ranging'
client 2023-07-13 03:58:59,322 [INFO] Got response: 'OK'
client 2023-07-13 03:58:59,322 [INFO] Sending command to the server: 'time'
client 2023-07-13 03:58:59,324 [INFO] Got response: '1689217139.2571075'
client 2023-07-13 03:58:59,324 [INFO] The time difference between the client and the server is within range 65.089 ms..67.815 ms
client 2023-07-13 03:58:59,324 [INFO] Running the workload 'CM_MLPERF_RUN_COUNT=$(cat ${CM_RUN_DIR}/count.txt); echo ${CM_MLPERF_RUN_COUNT}; CM_MLPERF_RUN_COUNT=$((CM_MLPERF_RUN_COUNT+1)); echo ${CM_MLPERF_RUN_COUNT} > ${CM_RUN_DIR}/count.txt && if [ ${CM_MLPERF_RUN_COUNT} -eq "1" ]; then export CM_MLPERF_USER_CONF=${CM_MLPERF_RANGING_USER_CONF}; else export CM_MLPERF_USER_CONF=${CM_MLPERF_TESTING_USER_CONF}; fi && /home/arjun/run.out'
client 2023-07-13 04:03:59,880 [INFO] Sending command to the server: 'time'
client 2023-07-13 04:03:59,883 [INFO] Got response: '1689217439.814689'
client 2023-07-13 04:03:59,883 [INFO] The time difference between the client and the server is within range 65.518 ms..68.536 ms
client 2023-07-13 04:03:59,883 [INFO] Sending command to the server: 'session,2023-07-13_03-58-35,stop,ranging'
client 2023-07-13 04:04:10,421 [INFO] Got response: 'OK'
client 2023-07-13 04:04:10,421 [INFO] Sending command to the server: 'time'
client 2023-07-13 04:04:10,423 [INFO] Got response: '1689217450.3552907'
client 2023-07-13 04:04:10,423 [INFO] The time difference between the client and the server is within range 66.551 ms..68.210 ms
client 2023-07-13 04:04:10,426 [INFO] Copying loadgen logs from '/home/arjun/mobilenet_results/valid_results/phoenix_Amd_Am5-tflite_cpp-cpu-tflite-vmaster-default_config/mobilenet-v2-precision_uint8-0.75-224/singlestream/performance/run_1' to '/home/arjun/mobilenet_results/valid_results/phoenix_Amd_Am5-tflite_cpp-cpu-tflite-vmaster-default_config/mobilenet-v2-precision_uint8-0.75-224/singlestream/performance/tmp_power/ranging'
client 2023-07-13 04:04:10,426 [INFO] Running workload in testing mode
client 2023-07-13 04:04:10,426 [INFO] Synchronizing with the server and with time.google.com...
client 2023-07-13 04:04:10,444 [INFO] NTP:offset = -0.001 s, delay = 0.017 s 
client 2023-07-13 04:04:10,444 [INFO] Sending command to the server: 'time'
client 2023-07-13 04:04:10,448 [INFO] Got response: '1689217450.3814764'
client 2023-07-13 04:04:10,448 [INFO] The time difference between the client and the server is within range 63.080 ms..67.210 ms
client 2023-07-13 04:04:10,448 [INFO] Sending command to the server: 'session,2023-07-13_03-58-35,start,testing'
client 2023-07-13 04:04:23,510 [INFO] Got response: 'OK'
client 2023-07-13 04:04:23,511 [INFO] Sending command to the server: 'time'
client 2023-07-13 04:04:23,513 [INFO] Got response: '1689217463.4430766'
client 2023-07-13 04:04:23,513 [INFO] The time difference between the client and the server is within range 67.966 ms..70.546 ms
client 2023-07-13 04:04:23,513 [INFO] Running the workload 'CM_MLPERF_RUN_COUNT=$(cat ${CM_RUN_DIR}/count.txt); echo ${CM_MLPERF_RUN_COUNT}; CM_MLPERF_RUN_COUNT=$((CM_MLPERF_RUN_COUNT+1)); echo ${CM_MLPERF_RUN_COUNT} > ${CM_RUN_DIR}/count.txt && if [ ${CM_MLPERF_RUN_COUNT} -eq "1" ]; then export CM_MLPERF_USER_CONF=${CM_MLPERF_RANGING_USER_CONF}; else export CM_MLPERF_USER_CONF=${CM_MLPERF_TESTING_USER_CONF}; fi && /home/arjun/run.out'
client 2023-07-13 04:14:24,526 [INFO] Sending command to the server: 'time'
client 2023-07-13 04:14:24,528 [INFO] Got response: '1689218064.455888'
client 2023-07-13 04:14:24,528 [INFO] The time difference between the client and the server is within range 70.321 ms..72.570 ms
client 2023-07-13 04:14:24,528 [INFO] Sending command to the server: 'session,2023-07-13_03-58-35,stop,testing'
client 2023-07-13 04:14:35,620 [INFO] Got response: 'OK'
client 2023-07-13 04:14:35,620 [INFO] Sending command to the server: 'time'
client 2023-07-13 04:14:35,621 [INFO] Got response: '1689218075.548881'
client 2023-07-13 04:14:35,621 [INFO] The time difference between the client and the server is within range 71.453 ms..72.845 ms
client 2023-07-13 04:14:35,622 [INFO] Copying loadgen logs from '/home/arjun/mobilenet_results/valid_results/phoenix_Amd_Am5-tflite_cpp-cpu-tflite-vmaster-default_config/mobilenet-v2-precision_uint8-0.75-224/singlestream/performance/run_1' to '/home/arjun/mobilenet_results/valid_results/phoenix_Amd_Am5-tflite_cpp-cpu-tflite-vmaster-default_config/mobilenet-v2-precision_uint8-0.75-224/singlestream/performance/tmp_power/run_1'
client 2023-07-13 04:14:35,622 [INFO] Done runs
