client 2023-07-26 12:28:13,467 [INFO] Creating output directory '/home/cmuser/mobilenet_results/valid_results/bb3b3f2d4d2e-tflite_cpp-cpu-tflite-vmaster-default_config/mobilenet-v1-precision_float-0.25-192/singlestream/performance/tmp_power'
client 2023-07-26 12:28:13,469 [INFO] Sending command to the server: 'mlcommons/power client v3'
client 2023-07-26 12:28:13,472 [INFO] Got response: 'mlcommons/power server v3'
client 2023-07-26 12:28:13,472 [INFO] Synchronizing with the server and with time.google.com...
client 2023-07-26 12:28:13,544 [INFO] NTP:offset = -0.002 s, delay = 0.023 s 
client 2023-07-26 12:28:13,544 [INFO] Sending command to the server: 'time'
client 2023-07-26 12:28:13,547 [INFO] Got response: '1690399693.482817'
client 2023-07-26 12:28:13,547 [INFO] The time difference between the client and the server is within range 61.316 ms..64.614 ms
client 2023-07-26 12:28:13,547 [INFO] Sending command to the server: 'new,,cb7ed392-3198-4bcc-b208-3205ef429fa5'
client 2023-07-26 12:28:13,551 [INFO] Got response: 'OK 2023-07-26_20-28-13,ef1fa216-f188-4b1f-850b-65a083387e7b'
client 2023-07-26 12:28:13,551 [INFO] Session id is '2023-07-26_20-28-13'
client 2023-07-26 12:28:13,551 [INFO] Sources: {"sources": {"__init__.py": "da39a3ee5e6b4b0d3255bfef95601890afd80709", "client.py": "33ca4f26368777ac06e01f9567b714a4b8063886", "lib/__init__.py": "da39a3ee5e6b4b0d3255bfef95601890afd80709", "lib/client.py": "ac2aa093c8e8bbc9569b9e2a3471bc64e58a2258", "lib/common.py": "611d8b29633d331eb19c9455ea3b5fa3284ed6df", "lib/external/__init__.py": "da39a3ee5e6b4b0d3255bfef95601890afd80709", "lib/external/ntplib.py": "4da8f970656505a40483206ef2b5d3dd5e81711d", "lib/server.py": "c7af63c31bb2fbedea4345f571f6e3507d268ada", "lib/source_hashes.py": "60a2e02193209e8d392803326208d5466342da18", "lib/summary.py": "aa92f0a3f975eecd44d3c0cd0236342ccc9f941d", "lib/time_sync.py": "122eba67a9abc85635223e054def53be1367ade2", "server.py": "c3f90f2f7eeb4db30727556d0c815ebc89b3d28b", "tests/unit/__init__.py": "da39a3ee5e6b4b0d3255bfef95601890afd80709", "tests/unit/test_server.py": "948c1995d4008bc2aa6c4046a34ffa3858d6d671", "tests/unit/test_source_hashes.py": "00468a2907583c593e6574a1f6b404e4651c221a"}, "modules": {"ptd_client_server.lib.client": "lib/client.py", "ptd_client_server.lib.common": "lib/common.py", "ptd_client_server.lib.external.ntplib": "lib/external/ntplib.py", "ptd_client_server.lib.source_hashes": "lib/source_hashes.py", "ptd_client_server.lib.summary": "lib/summary.py", "ptd_client_server.lib.time_sync": "lib/time_sync.py"}}
client 2023-07-26 12:28:13,552 [INFO] Running workload in ranging mode
client 2023-07-26 12:28:13,552 [INFO] Synchronizing with the server and with time.google.com...
client 2023-07-26 12:28:13,610 [INFO] NTP:offset = -0.001 s, delay = 0.020 s 
client 2023-07-26 12:28:13,611 [INFO] Sending command to the server: 'time'
client 2023-07-26 12:28:13,614 [INFO] Got response: '1690399693.553243'
client 2023-07-26 12:28:13,614 [INFO] The time difference between the client and the server is within range 57.766 ms..61.089 ms
client 2023-07-26 12:28:13,614 [INFO] Sending command to the server: 'session,2023-07-26_20-28-13,start,ranging'
client 2023-07-26 12:28:37,512 [INFO] Got response: 'OK'
client 2023-07-26 12:28:37,512 [INFO] Sending command to the server: 'time'
client 2023-07-26 12:28:37,514 [INFO] Got response: '1690399717.4494781'
client 2023-07-26 12:28:37,514 [INFO] The time difference between the client and the server is within range 63.365 ms..65.052 ms
client 2023-07-26 12:28:37,514 [INFO] Running the workload 'CM_MLPERF_RUN_COUNT=$(cat ${CM_RUN_DIR}/count.txt); echo ${CM_MLPERF_RUN_COUNT}; CM_MLPERF_RUN_COUNT=$((CM_MLPERF_RUN_COUNT+1)); echo ${CM_MLPERF_RUN_COUNT} > ${CM_RUN_DIR}/count.txt && if [ ${CM_MLPERF_RUN_COUNT} -eq "1" ]; then export CM_MLPERF_USER_CONF=${CM_MLPERF_RANGING_USER_CONF}; else export CM_MLPERF_USER_CONF=${CM_MLPERF_TESTING_USER_CONF}; fi && /home/cmuser/run.out'
client 2023-07-26 12:33:38,180 [INFO] Sending command to the server: 'time'
client 2023-07-26 12:33:38,184 [INFO] Got response: '1690400018.112726'
client 2023-07-26 12:33:38,184 [INFO] The time difference between the client and the server is within range 67.977 ms..71.606 ms
client 2023-07-26 12:33:38,184 [INFO] Sending command to the server: 'session,2023-07-26_20-28-13,stop,ranging'
client 2023-07-26 12:33:48,761 [INFO] Got response: 'OK'
client 2023-07-26 12:33:48,761 [INFO] Sending command to the server: 'time'
client 2023-07-26 12:33:48,764 [INFO] Got response: '1690400028.6977787'
client 2023-07-26 12:33:48,765 [INFO] The time difference between the client and the server is within range 64.152 ms..67.319 ms
client 2023-07-26 12:33:48,768 [INFO] Copying loadgen logs from '/home/cmuser/mobilenet_results/valid_results/bb3b3f2d4d2e-tflite_cpp-cpu-tflite-vmaster-default_config/mobilenet-v1-precision_float-0.25-192/singlestream/performance/run_1' to '/home/cmuser/mobilenet_results/valid_results/bb3b3f2d4d2e-tflite_cpp-cpu-tflite-vmaster-default_config/mobilenet-v1-precision_float-0.25-192/singlestream/performance/tmp_power/ranging'
client 2023-07-26 12:33:48,768 [INFO] Running workload in testing mode
client 2023-07-26 12:33:48,768 [INFO] Synchronizing with the server and with time.google.com...
client 2023-07-26 12:33:48,841 [INFO] NTP:offset = -0.003 s, delay = 0.014 s 
client 2023-07-26 12:33:48,841 [INFO] Sending command to the server: 'time'
client 2023-07-26 12:33:48,844 [INFO] Got response: '1690400028.7786262'
client 2023-07-26 12:33:48,844 [INFO] The time difference between the client and the server is within range 63.168 ms..65.943 ms
client 2023-07-26 12:33:48,844 [INFO] Sending command to the server: 'session,2023-07-26_20-28-13,start,testing'
client 2023-07-26 12:34:01,906 [INFO] Got response: 'OK'
client 2023-07-26 12:34:01,906 [INFO] Sending command to the server: 'time'
client 2023-07-26 12:34:01,908 [INFO] Got response: '1690400041.8393738'
client 2023-07-26 12:34:01,908 [INFO] The time difference between the client and the server is within range 67.251 ms..69.267 ms
client 2023-07-26 12:34:01,908 [INFO] Running the workload 'CM_MLPERF_RUN_COUNT=$(cat ${CM_RUN_DIR}/count.txt); echo ${CM_MLPERF_RUN_COUNT}; CM_MLPERF_RUN_COUNT=$((CM_MLPERF_RUN_COUNT+1)); echo ${CM_MLPERF_RUN_COUNT} > ${CM_RUN_DIR}/count.txt && if [ ${CM_MLPERF_RUN_COUNT} -eq "1" ]; then export CM_MLPERF_USER_CONF=${CM_MLPERF_RANGING_USER_CONF}; else export CM_MLPERF_USER_CONF=${CM_MLPERF_TESTING_USER_CONF}; fi && /home/cmuser/run.out'
client 2023-07-26 12:44:03,205 [INFO] Sending command to the server: 'time'
client 2023-07-26 12:44:03,209 [INFO] Got response: '1690400643.1328247'
client 2023-07-26 12:44:03,209 [INFO] The time difference between the client and the server is within range 72.558 ms..77.141 ms
client 2023-07-26 12:44:03,210 [INFO] Sending command to the server: 'session,2023-07-26_20-28-13,stop,testing'
client 2023-07-26 12:44:13,979 [INFO] Got response: 'OK'
client 2023-07-26 12:44:13,979 [INFO] Sending command to the server: 'time'
client 2023-07-26 12:44:13,980 [INFO] Got response: '1690400653.9003701'
client 2023-07-26 12:44:13,980 [INFO] The time difference between the client and the server is within range 79.053 ms..80.477 ms
client 2023-07-26 12:44:13,981 [INFO] Copying loadgen logs from '/home/cmuser/mobilenet_results/valid_results/bb3b3f2d4d2e-tflite_cpp-cpu-tflite-vmaster-default_config/mobilenet-v1-precision_float-0.25-192/singlestream/performance/run_1' to '/home/cmuser/mobilenet_results/valid_results/bb3b3f2d4d2e-tflite_cpp-cpu-tflite-vmaster-default_config/mobilenet-v1-precision_float-0.25-192/singlestream/performance/tmp_power/run_1'
client 2023-07-26 12:44:13,981 [INFO] Done runs
