client 2023-07-25 10:10:29,292 [INFO] Creating output directory '/home/cmuser/results_dir/valid_results/28df27c48ad9-nvidia_original-gpu-tensorrt-vdefault-default_config/bert-99/server/performance/tmp_power'
client 2023-07-25 10:10:29,294 [INFO] Sending command to the server: 'mlcommons/power client v3'
client 2023-07-25 10:10:29,297 [INFO] Got response: 'mlcommons/power server v3'
client 2023-07-25 10:10:29,297 [INFO] Synchronizing with the server and with time.google.com...
client 2023-07-25 10:10:29,437 [INFO] NTP:offset = -0.002 s, delay = 0.012 s 
client 2023-07-25 10:10:29,437 [INFO] Sending command to the server: 'time'
client 2023-07-25 10:10:29,441 [INFO] Got response: '1690279829.3966832'
client 2023-07-25 10:10:29,441 [INFO] The time difference between the client and the server is within range 41.217 ms..44.867 ms
client 2023-07-25 10:10:29,441 [INFO] Sending command to the server: 'new,,9bf05ebc-17e0-4608-b7e0-7928b4e52a6e'
client 2023-07-25 10:10:29,447 [INFO] Got response: 'OK 2023-07-25_11-10-29,f9bade97-c825-40a7-9aec-911b3f1beb0f'
client 2023-07-25 10:10:29,447 [INFO] Session id is '2023-07-25_11-10-29'
client 2023-07-25 10:10:29,447 [INFO] Sources: {"sources": {"__init__.py": "da39a3ee5e6b4b0d3255bfef95601890afd80709", "client.py": "33ca4f26368777ac06e01f9567b714a4b8063886", "lib/__init__.py": "da39a3ee5e6b4b0d3255bfef95601890afd80709", "lib/client.py": "ac2aa093c8e8bbc9569b9e2a3471bc64e58a2258", "lib/common.py": "611d8b29633d331eb19c9455ea3b5fa3284ed6df", "lib/external/__init__.py": "da39a3ee5e6b4b0d3255bfef95601890afd80709", "lib/external/ntplib.py": "4da8f970656505a40483206ef2b5d3dd5e81711d", "lib/server.py": "c7af63c31bb2fbedea4345f571f6e3507d268ada", "lib/source_hashes.py": "60a2e02193209e8d392803326208d5466342da18", "lib/summary.py": "aa92f0a3f975eecd44d3c0cd0236342ccc9f941d", "lib/time_sync.py": "122eba67a9abc85635223e054def53be1367ade2", "server.py": "c3f90f2f7eeb4db30727556d0c815ebc89b3d28b", "tests/unit/__init__.py": "da39a3ee5e6b4b0d3255bfef95601890afd80709", "tests/unit/test_server.py": "948c1995d4008bc2aa6c4046a34ffa3858d6d671", "tests/unit/test_source_hashes.py": "00468a2907583c593e6574a1f6b404e4651c221a"}, "modules": {"ptd_client_server.lib.client": "lib/client.py", "ptd_client_server.lib.common": "lib/common.py", "ptd_client_server.lib.external.ntplib": "lib/external/ntplib.py", "ptd_client_server.lib.source_hashes": "lib/source_hashes.py", "ptd_client_server.lib.summary": "lib/summary.py", "ptd_client_server.lib.time_sync": "lib/time_sync.py"}}
client 2023-07-25 10:10:29,447 [INFO] Running workload in ranging mode
client 2023-07-25 10:10:29,447 [INFO] Synchronizing with the server and with time.google.com...
client 2023-07-25 10:10:29,537 [INFO] NTP:offset = -0.001 s, delay = 0.018 s 
client 2023-07-25 10:10:29,537 [INFO] Sending command to the server: 'time'
client 2023-07-25 10:10:29,540 [INFO] Got response: '1690279829.4968443'
client 2023-07-25 10:10:29,540 [INFO] The time difference between the client and the server is within range 40.274 ms..43.451 ms
client 2023-07-25 10:10:29,540 [INFO] Sending command to the server: 'session,2023-07-25_11-10-29,start,ranging'
client 2023-07-25 10:10:53,392 [INFO] Got response: 'OK'
client 2023-07-25 10:10:53,392 [INFO] Sending command to the server: 'time'
client 2023-07-25 10:10:53,395 [INFO] Got response: '1690279853.350662'
client 2023-07-25 10:10:53,395 [INFO] The time difference between the client and the server is within range 41.744 ms..44.554 ms
client 2023-07-25 10:10:53,395 [INFO] Running the workload 'CM_MLPERF_RUN_COUNT=$(cat ${CM_RUN_DIR}/count.txt); echo ${CM_MLPERF_RUN_COUNT}; CM_MLPERF_RUN_COUNT=$((CM_MLPERF_RUN_COUNT+1)); echo ${CM_MLPERF_RUN_COUNT} > ${CM_RUN_DIR}/count.txt && if [ ${CM_MLPERF_RUN_COUNT} -eq "1" ]; then export CM_MLPERF_USER_CONF=${CM_MLPERF_RANGING_USER_CONF}; else export CM_MLPERF_USER_CONF=${CM_MLPERF_TESTING_USER_CONF}; fi && make run_harness RUN_ARGS=" --benchmarks=bert --scenarios=server --test_mode=PerformanceOnly --offline_expected_qps=38000 --server_target_qps=3950 --single_stream_expected_latency_ns=230000 --multi_stream_expected_latency_ns=400000 --user_conf_path=${CM_MLPERF_USER_CONF} --mlperf_conf_path=/home/cmuser/CM/repos/local/cache/a3af5496e00b4b47/inference/mlperf.conf --gpu_batch_size=256 --no_audit_verify "'
client 2023-07-25 10:16:23,373 [INFO] Sending command to the server: 'time'
client 2023-07-25 10:16:23,375 [INFO] Got response: '1690280183.3225513'
client 2023-07-25 10:16:23,375 [INFO] The time difference between the client and the server is within range 50.499 ms..53.410 ms
client 2023-07-25 10:16:23,375 [INFO] Sending command to the server: 'session,2023-07-25_11-10-29,stop,ranging'
client 2023-07-25 10:16:33,836 [INFO] Got response: 'OK'
client 2023-07-25 10:16:33,837 [INFO] Sending command to the server: 'time'
client 2023-07-25 10:16:33,839 [INFO] Got response: '1690280193.7892492'
client 2023-07-25 10:16:33,839 [INFO] The time difference between the client and the server is within range 47.852 ms..50.064 ms
client 2023-07-25 10:16:33,842 [INFO] Copying loadgen logs from '/home/cmuser/results_dir/valid_results/28df27c48ad9-nvidia_original-gpu-tensorrt-vdefault-default_config/bert-99/server/performance/run_1' to '/home/cmuser/results_dir/valid_results/28df27c48ad9-nvidia_original-gpu-tensorrt-vdefault-default_config/bert-99/server/performance/tmp_power/ranging'
client 2023-07-25 10:16:33,842 [INFO] Running workload in testing mode
client 2023-07-25 10:16:33,842 [INFO] Synchronizing with the server and with time.google.com...
client 2023-07-25 10:16:33,975 [INFO] NTP:offset = -0.002 s, delay = 0.015 s 
client 2023-07-25 10:16:33,975 [INFO] Sending command to the server: 'time'
client 2023-07-25 10:16:33,979 [INFO] Got response: '1690280193.930632'
client 2023-07-25 10:16:33,979 [INFO] The time difference between the client and the server is within range 44.686 ms..48.683 ms
client 2023-07-25 10:16:33,979 [INFO] Sending command to the server: 'session,2023-07-25_11-10-29,start,testing'
client 2023-07-25 10:16:47,034 [INFO] Got response: 'OK'
client 2023-07-25 10:16:47,034 [INFO] Sending command to the server: 'time'
client 2023-07-25 10:16:47,038 [INFO] Got response: '1690280206.9872131'
client 2023-07-25 10:16:47,038 [INFO] The time difference between the client and the server is within range 47.753 ms..51.697 ms
client 2023-07-25 10:16:47,038 [INFO] Running the workload 'CM_MLPERF_RUN_COUNT=$(cat ${CM_RUN_DIR}/count.txt); echo ${CM_MLPERF_RUN_COUNT}; CM_MLPERF_RUN_COUNT=$((CM_MLPERF_RUN_COUNT+1)); echo ${CM_MLPERF_RUN_COUNT} > ${CM_RUN_DIR}/count.txt && if [ ${CM_MLPERF_RUN_COUNT} -eq "1" ]; then export CM_MLPERF_USER_CONF=${CM_MLPERF_RANGING_USER_CONF}; else export CM_MLPERF_USER_CONF=${CM_MLPERF_TESTING_USER_CONF}; fi && make run_harness RUN_ARGS=" --benchmarks=bert --scenarios=server --test_mode=PerformanceOnly --offline_expected_qps=38000 --server_target_qps=3950 --single_stream_expected_latency_ns=230000 --multi_stream_expected_latency_ns=400000 --user_conf_path=${CM_MLPERF_USER_CONF} --mlperf_conf_path=/home/cmuser/CM/repos/local/cache/a3af5496e00b4b47/inference/mlperf.conf --gpu_batch_size=256 --no_audit_verify "'
client 2023-07-25 10:27:17,602 [INFO] Sending command to the server: 'time'
client 2023-07-25 10:27:17,606 [INFO] Got response: '1690280837.549257'
client 2023-07-25 10:27:17,606 [INFO] The time difference between the client and the server is within range 53.245 ms..57.159 ms
client 2023-07-25 10:27:17,606 [INFO] Sending command to the server: 'session,2023-07-25_11-10-29,stop,testing'
client 2023-07-25 10:27:28,130 [INFO] Got response: 'OK'
client 2023-07-25 10:27:28,130 [INFO] Sending command to the server: 'time'
client 2023-07-25 10:27:28,132 [INFO] Got response: '1690280848.0773418'
client 2023-07-25 10:27:28,132 [INFO] The time difference between the client and the server is within range 53.327 ms..55.042 ms
client 2023-07-25 10:27:28,132 [INFO] Copying loadgen logs from '/home/cmuser/results_dir/valid_results/28df27c48ad9-nvidia_original-gpu-tensorrt-vdefault-default_config/bert-99/server/performance/run_1' to '/home/cmuser/results_dir/valid_results/28df27c48ad9-nvidia_original-gpu-tensorrt-vdefault-default_config/bert-99/server/performance/tmp_power/run_1'
client 2023-07-25 10:27:28,133 [INFO] Done runs
