client 2023-07-13 03:26:17,920 [INFO] Creating output directory '/home/arjun/mobilenet_results/valid_results/phoenix_Amd_Am5-tflite_cpp-cpu-tflite-vmaster-default_config/mobilenet-v2-precision_uint8-1.0-128/singlestream/performance/tmp_power'
client 2023-07-13 03:26:17,921 [INFO] Sending command to the server: 'mlcommons/power client v3'
client 2023-07-13 03:26:17,924 [INFO] Got response: 'mlcommons/power server v3'
client 2023-07-13 03:26:17,924 [INFO] Synchronizing with the server and with time.google.com...
client 2023-07-13 03:26:17,951 [INFO] NTP:offset = -0.002 s, delay = 0.014 s 
client 2023-07-13 03:26:17,951 [INFO] Sending command to the server: 'time'
client 2023-07-13 03:26:17,953 [INFO] Got response: '1689215177.8672779'
client 2023-07-13 03:26:17,953 [INFO] The time difference between the client and the server is within range 84.445 ms..86.591 ms
client 2023-07-13 03:26:17,953 [INFO] Sending command to the server: 'new,,8c25cdad-478c-45b9-805f-0c5ff1b57b05'
client 2023-07-13 03:26:17,956 [INFO] Got response: 'OK 2023-07-13_03-26-17,c5e149d3-b5bc-4656-9f6e-d07e18c67110'
client 2023-07-13 03:26:17,956 [INFO] Session id is '2023-07-13_03-26-17'
client 2023-07-13 03:26:17,956 [INFO] Sources: {"sources": {"__init__.py": "da39a3ee5e6b4b0d3255bfef95601890afd80709", "client.py": "33ca4f26368777ac06e01f9567b714a4b8063886", "lib/__init__.py": "da39a3ee5e6b4b0d3255bfef95601890afd80709", "lib/client.py": "ac2aa093c8e8bbc9569b9e2a3471bc64e58a2258", "lib/common.py": "611d8b29633d331eb19c9455ea3b5fa3284ed6df", "lib/external/__init__.py": "da39a3ee5e6b4b0d3255bfef95601890afd80709", "lib/external/ntplib.py": "4da8f970656505a40483206ef2b5d3dd5e81711d", "lib/server.py": "c7af63c31bb2fbedea4345f571f6e3507d268ada", "lib/source_hashes.py": "60a2e02193209e8d392803326208d5466342da18", "lib/summary.py": "aa92f0a3f975eecd44d3c0cd0236342ccc9f941d", "lib/time_sync.py": "122eba67a9abc85635223e054def53be1367ade2", "server.py": "c3f90f2f7eeb4db30727556d0c815ebc89b3d28b", "tests/unit/__init__.py": "da39a3ee5e6b4b0d3255bfef95601890afd80709", "tests/unit/test_server.py": "948c1995d4008bc2aa6c4046a34ffa3858d6d671", "tests/unit/test_source_hashes.py": "00468a2907583c593e6574a1f6b404e4651c221a"}, "modules": {"ptd_client_server.lib.client": "lib/client.py", "ptd_client_server.lib.common": "lib/common.py", "ptd_client_server.lib.external.ntplib": "lib/external/ntplib.py", "ptd_client_server.lib.source_hashes": "lib/source_hashes.py", "ptd_client_server.lib.summary": "lib/summary.py", "ptd_client_server.lib.time_sync": "lib/time_sync.py"}}
client 2023-07-13 03:26:17,956 [INFO] Running workload in ranging mode
client 2023-07-13 03:26:17,956 [INFO] Synchronizing with the server and with time.google.com...
client 2023-07-13 03:26:17,974 [INFO] NTP:offset = -0.002 s, delay = 0.018 s 
client 2023-07-13 03:26:17,975 [INFO] Sending command to the server: 'time'
client 2023-07-13 03:26:17,976 [INFO] Got response: '1689215177.8880153'
client 2023-07-13 03:26:17,976 [INFO] The time difference between the client and the server is within range 87.030 ms..88.829 ms
client 2023-07-13 03:26:17,976 [INFO] Sending command to the server: 'session,2023-07-13_03-26-17,start,ranging'
client 2023-07-13 03:26:41,971 [INFO] Got response: 'OK'
client 2023-07-13 03:26:41,971 [INFO] Sending command to the server: 'time'
client 2023-07-13 03:26:41,974 [INFO] Got response: '1689215201.8855774'
client 2023-07-13 03:26:41,974 [INFO] The time difference between the client and the server is within range 85.603 ms..88.667 ms
client 2023-07-13 03:26:41,974 [INFO] Running the workload 'CM_MLPERF_RUN_COUNT=$(cat ${CM_RUN_DIR}/count.txt); echo ${CM_MLPERF_RUN_COUNT}; CM_MLPERF_RUN_COUNT=$((CM_MLPERF_RUN_COUNT+1)); echo ${CM_MLPERF_RUN_COUNT} > ${CM_RUN_DIR}/count.txt && if [ ${CM_MLPERF_RUN_COUNT} -eq "1" ]; then export CM_MLPERF_USER_CONF=${CM_MLPERF_RANGING_USER_CONF}; else export CM_MLPERF_USER_CONF=${CM_MLPERF_TESTING_USER_CONF}; fi && /home/arjun/run.out'
client 2023-07-13 03:31:42,518 [INFO] Sending command to the server: 'time'
client 2023-07-13 03:31:42,522 [INFO] Got response: '1689215502.4428818'
client 2023-07-13 03:31:42,522 [INFO] The time difference between the client and the server is within range 76.084 ms..79.604 ms
client 2023-07-13 03:31:42,522 [INFO] Sending command to the server: 'session,2023-07-13_03-26-17,stop,ranging'
client 2023-07-13 03:31:53,256 [INFO] Got response: 'OK'
client 2023-07-13 03:31:53,256 [INFO] Sending command to the server: 'time'
client 2023-07-13 03:31:53,258 [INFO] Got response: '1689215513.1704235'
client 2023-07-13 03:31:53,258 [INFO] The time difference between the client and the server is within range 86.128 ms..87.920 ms
client 2023-07-13 03:31:53,261 [INFO] Copying loadgen logs from '/home/arjun/mobilenet_results/valid_results/phoenix_Amd_Am5-tflite_cpp-cpu-tflite-vmaster-default_config/mobilenet-v2-precision_uint8-1.0-128/singlestream/performance/run_1' to '/home/arjun/mobilenet_results/valid_results/phoenix_Amd_Am5-tflite_cpp-cpu-tflite-vmaster-default_config/mobilenet-v2-precision_uint8-1.0-128/singlestream/performance/tmp_power/ranging'
client 2023-07-13 03:31:53,261 [INFO] Running workload in testing mode
client 2023-07-13 03:31:53,261 [INFO] Synchronizing with the server and with time.google.com...
client 2023-07-13 03:31:53,275 [INFO] NTP:offset = -0.001 s, delay = 0.013 s 
client 2023-07-13 03:31:53,275 [INFO] Sending command to the server: 'time'
client 2023-07-13 03:31:53,277 [INFO] Got response: '1689215513.1907108'
client 2023-07-13 03:31:53,277 [INFO] The time difference between the client and the server is within range 85.002 ms..86.865 ms
client 2023-07-13 03:31:53,277 [INFO] Sending command to the server: 'session,2023-07-13_03-26-17,start,testing'
client 2023-07-13 03:32:06,326 [INFO] Got response: 'OK'
client 2023-07-13 03:32:06,326 [INFO] Sending command to the server: 'time'
client 2023-07-13 03:32:06,328 [INFO] Got response: '1689215526.2472973'
client 2023-07-13 03:32:06,328 [INFO] The time difference between the client and the server is within range 79.454 ms..81.053 ms
client 2023-07-13 03:32:06,328 [INFO] Running the workload 'CM_MLPERF_RUN_COUNT=$(cat ${CM_RUN_DIR}/count.txt); echo ${CM_MLPERF_RUN_COUNT}; CM_MLPERF_RUN_COUNT=$((CM_MLPERF_RUN_COUNT+1)); echo ${CM_MLPERF_RUN_COUNT} > ${CM_RUN_DIR}/count.txt && if [ ${CM_MLPERF_RUN_COUNT} -eq "1" ]; then export CM_MLPERF_USER_CONF=${CM_MLPERF_RANGING_USER_CONF}; else export CM_MLPERF_USER_CONF=${CM_MLPERF_TESTING_USER_CONF}; fi && /home/arjun/run.out'
client 2023-07-13 03:42:07,381 [INFO] Sending command to the server: 'time'
client 2023-07-13 03:42:07,385 [INFO] Got response: '1689216127.304502'
client 2023-07-13 03:42:07,385 [INFO] The time difference between the client and the server is within range 76.968 ms..80.626 ms
client 2023-07-13 03:42:07,385 [INFO] Sending command to the server: 'session,2023-07-13_03-26-17,stop,testing'
client 2023-07-13 03:42:18,399 [INFO] Got response: 'OK'
client 2023-07-13 03:42:18,399 [INFO] Sending command to the server: 'time'
client 2023-07-13 03:42:18,400 [INFO] Got response: '1689216138.318182'
client 2023-07-13 03:42:18,400 [INFO] The time difference between the client and the server is within range 81.352 ms..82.668 ms
client 2023-07-13 03:42:18,401 [INFO] Copying loadgen logs from '/home/arjun/mobilenet_results/valid_results/phoenix_Amd_Am5-tflite_cpp-cpu-tflite-vmaster-default_config/mobilenet-v2-precision_uint8-1.0-128/singlestream/performance/run_1' to '/home/arjun/mobilenet_results/valid_results/phoenix_Amd_Am5-tflite_cpp-cpu-tflite-vmaster-default_config/mobilenet-v2-precision_uint8-1.0-128/singlestream/performance/tmp_power/run_1'
client 2023-07-13 03:42:18,401 [INFO] Done runs
