client 2023-07-27 01:38:59,627 [INFO] Creating output directory '/home/cmuser/mobilenet_results/valid_results/bb3b3f2d4d2e-tflite_cpp-cpu-tflite-vmaster-default_config/efficientnet-int8-lite2/singlestream/performance/tmp_power'
client 2023-07-27 01:38:59,629 [INFO] Sending command to the server: 'mlcommons/power client v3'
client 2023-07-27 01:38:59,632 [INFO] Got response: 'mlcommons/power server v3'
client 2023-07-27 01:38:59,632 [INFO] Synchronizing with the server and with time.google.com...
client 2023-07-27 01:38:59,690 [INFO] NTP:offset = -0.001 s, delay = 0.016 s 
client 2023-07-27 01:38:59,690 [INFO] Sending command to the server: 'time'
client 2023-07-27 01:38:59,693 [INFO] Got response: '1690447139.5549016'
client 2023-07-27 01:38:59,693 [INFO] The time difference between the client and the server is within range 135.401 ms..139.032 ms
client 2023-07-27 01:38:59,693 [INFO] Sending command to the server: 'new,,969f5b44-b7f4-43f8-a856-655ec512c1cd'
client 2023-07-27 01:38:59,698 [INFO] Got response: 'OK 2023-07-27_09-38-59,cbcbd989-fca4-4b13-8ec0-9657ea0c60f8'
client 2023-07-27 01:38:59,698 [INFO] Session id is '2023-07-27_09-38-59'
client 2023-07-27 01:38:59,698 [INFO] Sources: {"sources": {"__init__.py": "da39a3ee5e6b4b0d3255bfef95601890afd80709", "client.py": "33ca4f26368777ac06e01f9567b714a4b8063886", "lib/__init__.py": "da39a3ee5e6b4b0d3255bfef95601890afd80709", "lib/client.py": "ac2aa093c8e8bbc9569b9e2a3471bc64e58a2258", "lib/common.py": "611d8b29633d331eb19c9455ea3b5fa3284ed6df", "lib/external/__init__.py": "da39a3ee5e6b4b0d3255bfef95601890afd80709", "lib/external/ntplib.py": "4da8f970656505a40483206ef2b5d3dd5e81711d", "lib/server.py": "c7af63c31bb2fbedea4345f571f6e3507d268ada", "lib/source_hashes.py": "60a2e02193209e8d392803326208d5466342da18", "lib/summary.py": "aa92f0a3f975eecd44d3c0cd0236342ccc9f941d", "lib/time_sync.py": "122eba67a9abc85635223e054def53be1367ade2", "server.py": "c3f90f2f7eeb4db30727556d0c815ebc89b3d28b", "tests/unit/__init__.py": "da39a3ee5e6b4b0d3255bfef95601890afd80709", "tests/unit/test_server.py": "948c1995d4008bc2aa6c4046a34ffa3858d6d671", "tests/unit/test_source_hashes.py": "00468a2907583c593e6574a1f6b404e4651c221a"}, "modules": {"ptd_client_server.lib.client": "lib/client.py", "ptd_client_server.lib.common": "lib/common.py", "ptd_client_server.lib.external.ntplib": "lib/external/ntplib.py", "ptd_client_server.lib.source_hashes": "lib/source_hashes.py", "ptd_client_server.lib.summary": "lib/summary.py", "ptd_client_server.lib.time_sync": "lib/time_sync.py"}}
client 2023-07-27 01:38:59,698 [INFO] Running workload in ranging mode
client 2023-07-27 01:38:59,698 [INFO] Synchronizing with the server and with time.google.com...
client 2023-07-27 01:38:59,759 [INFO] NTP:offset = -0.001 s, delay = 0.014 s 
client 2023-07-27 01:38:59,759 [INFO] Sending command to the server: 'time'
client 2023-07-27 01:38:59,762 [INFO] Got response: '1690447139.6259084'
client 2023-07-27 01:38:59,762 [INFO] The time difference between the client and the server is within range 133.744 ms..137.010 ms
client 2023-07-27 01:38:59,762 [INFO] Sending command to the server: 'session,2023-07-27_09-38-59,start,ranging'
client 2023-07-27 01:39:23,636 [INFO] Got response: 'OK'
client 2023-07-27 01:39:23,636 [INFO] Sending command to the server: 'time'
client 2023-07-27 01:39:23,639 [INFO] Got response: '1690447163.4989722'
client 2023-07-27 01:39:23,639 [INFO] The time difference between the client and the server is within range 137.452 ms..140.301 ms
client 2023-07-27 01:39:23,639 [INFO] Running the workload 'CM_MLPERF_RUN_COUNT=$(cat ${CM_RUN_DIR}/count.txt); echo ${CM_MLPERF_RUN_COUNT}; CM_MLPERF_RUN_COUNT=$((CM_MLPERF_RUN_COUNT+1)); echo ${CM_MLPERF_RUN_COUNT} > ${CM_RUN_DIR}/count.txt && if [ ${CM_MLPERF_RUN_COUNT} -eq "1" ]; then export CM_MLPERF_USER_CONF=${CM_MLPERF_RANGING_USER_CONF}; else export CM_MLPERF_USER_CONF=${CM_MLPERF_TESTING_USER_CONF}; fi && /home/cmuser/run.out'
client 2023-07-27 01:44:24,241 [INFO] Sending command to the server: 'time'
client 2023-07-27 01:44:24,244 [INFO] Got response: '1690447464.1006525'
client 2023-07-27 01:44:24,244 [INFO] The time difference between the client and the server is within range 140.588 ms..143.809 ms
client 2023-07-27 01:44:24,244 [INFO] Sending command to the server: 'session,2023-07-27_09-38-59,stop,ranging'
client 2023-07-27 01:44:34,967 [INFO] Got response: 'OK'
client 2023-07-27 01:44:34,967 [INFO] Sending command to the server: 'time'
client 2023-07-27 01:44:34,970 [INFO] Got response: '1690447474.8327446'
client 2023-07-27 01:44:34,970 [INFO] The time difference between the client and the server is within range 134.723 ms..138.160 ms
client 2023-07-27 01:44:34,974 [INFO] Copying loadgen logs from '/home/cmuser/mobilenet_results/valid_results/bb3b3f2d4d2e-tflite_cpp-cpu-tflite-vmaster-default_config/efficientnet-int8-lite2/singlestream/performance/run_1' to '/home/cmuser/mobilenet_results/valid_results/bb3b3f2d4d2e-tflite_cpp-cpu-tflite-vmaster-default_config/efficientnet-int8-lite2/singlestream/performance/tmp_power/ranging'
client 2023-07-27 01:44:34,974 [INFO] Running workload in testing mode
client 2023-07-27 01:44:34,974 [INFO] Synchronizing with the server and with time.google.com...
client 2023-07-27 01:44:35,030 [INFO] NTP:offset = -0.000 s, delay = 0.015 s 
client 2023-07-27 01:44:35,030 [INFO] Sending command to the server: 'time'
client 2023-07-27 01:44:35,032 [INFO] Got response: '1690447474.8936932'
client 2023-07-27 01:44:35,032 [INFO] The time difference between the client and the server is within range 136.456 ms..139.245 ms
client 2023-07-27 01:44:35,032 [INFO] Sending command to the server: 'session,2023-07-27_09-38-59,start,testing'
client 2023-07-27 01:44:48,077 [INFO] Got response: 'OK'
client 2023-07-27 01:44:48,077 [INFO] Sending command to the server: 'time'
client 2023-07-27 01:44:48,080 [INFO] Got response: '1690447487.9404137'
client 2023-07-27 01:44:48,080 [INFO] The time difference between the client and the server is within range 136.800 ms..139.793 ms
client 2023-07-27 01:44:48,080 [INFO] Running the workload 'CM_MLPERF_RUN_COUNT=$(cat ${CM_RUN_DIR}/count.txt); echo ${CM_MLPERF_RUN_COUNT}; CM_MLPERF_RUN_COUNT=$((CM_MLPERF_RUN_COUNT+1)); echo ${CM_MLPERF_RUN_COUNT} > ${CM_RUN_DIR}/count.txt && if [ ${CM_MLPERF_RUN_COUNT} -eq "1" ]; then export CM_MLPERF_USER_CONF=${CM_MLPERF_RANGING_USER_CONF}; else export CM_MLPERF_USER_CONF=${CM_MLPERF_TESTING_USER_CONF}; fi && /home/cmuser/run.out'
client 2023-07-27 01:54:49,142 [INFO] Sending command to the server: 'time'
client 2023-07-27 01:54:49,146 [INFO] Got response: '1690448089.0056272'
client 2023-07-27 01:54:49,146 [INFO] The time difference between the client and the server is within range 136.334 ms..140.568 ms
client 2023-07-27 01:54:49,146 [INFO] Sending command to the server: 'session,2023-07-27_09-38-59,stop,testing'
client 2023-07-27 01:55:00,156 [INFO] Got response: 'OK'
client 2023-07-27 01:55:00,156 [INFO] Sending command to the server: 'time'
client 2023-07-27 01:55:00,213 [INFO] Got response: '1690448100.0754025'
client 2023-07-27 01:55:00,213 [INFO] The time difference between the client and the server is within range 80.836 ms..138.290 ms
client 2023-07-27 01:55:00,214 [INFO] Copying loadgen logs from '/home/cmuser/mobilenet_results/valid_results/bb3b3f2d4d2e-tflite_cpp-cpu-tflite-vmaster-default_config/efficientnet-int8-lite2/singlestream/performance/run_1' to '/home/cmuser/mobilenet_results/valid_results/bb3b3f2d4d2e-tflite_cpp-cpu-tflite-vmaster-default_config/efficientnet-int8-lite2/singlestream/performance/tmp_power/run_1'
client 2023-07-27 01:55:00,214 [INFO] Done runs
