client 2023-07-13 12:51:20,691 [INFO] Creating output directory '/home/arjun/mobilenet_results/valid_results/phoenix_Amd_Am5-tflite_cpp-cpu-tflite-vmaster-default_config/efficientnet-int8-lite1/singlestream/performance/tmp_power'
client 2023-07-13 12:51:20,693 [INFO] Sending command to the server: 'mlcommons/power client v3'
client 2023-07-13 12:51:20,697 [INFO] Got response: 'mlcommons/power server v3'
client 2023-07-13 12:51:20,697 [INFO] Synchronizing with the server and with time.google.com...
client 2023-07-13 12:51:20,717 [INFO] NTP:offset = -0.001 s, delay = 0.019 s 
client 2023-07-13 12:51:20,717 [INFO] Sending command to the server: 'time'
client 2023-07-13 12:51:20,719 [INFO] Got response: '1689249080.6513798'
client 2023-07-13 12:51:20,719 [INFO] The time difference between the client and the server is within range 66.495 ms..68.572 ms
client 2023-07-13 12:51:20,719 [INFO] Sending command to the server: 'new,,40071781-aaa4-46ac-a4f3-d33b7f73d89b'
client 2023-07-13 12:51:20,722 [INFO] Got response: 'OK 2023-07-13_12-51-20,9a2fe4bb-0f0a-4904-9156-38e63f7a35d7'
client 2023-07-13 12:51:20,723 [INFO] Session id is '2023-07-13_12-51-20'
client 2023-07-13 12:51:20,723 [INFO] Sources: {"sources": {"__init__.py": "da39a3ee5e6b4b0d3255bfef95601890afd80709", "client.py": "33ca4f26368777ac06e01f9567b714a4b8063886", "lib/__init__.py": "da39a3ee5e6b4b0d3255bfef95601890afd80709", "lib/client.py": "ac2aa093c8e8bbc9569b9e2a3471bc64e58a2258", "lib/common.py": "611d8b29633d331eb19c9455ea3b5fa3284ed6df", "lib/external/__init__.py": "da39a3ee5e6b4b0d3255bfef95601890afd80709", "lib/external/ntplib.py": "4da8f970656505a40483206ef2b5d3dd5e81711d", "lib/server.py": "c7af63c31bb2fbedea4345f571f6e3507d268ada", "lib/source_hashes.py": "60a2e02193209e8d392803326208d5466342da18", "lib/summary.py": "aa92f0a3f975eecd44d3c0cd0236342ccc9f941d", "lib/time_sync.py": "122eba67a9abc85635223e054def53be1367ade2", "server.py": "c3f90f2f7eeb4db30727556d0c815ebc89b3d28b", "tests/unit/__init__.py": "da39a3ee5e6b4b0d3255bfef95601890afd80709", "tests/unit/test_server.py": "948c1995d4008bc2aa6c4046a34ffa3858d6d671", "tests/unit/test_source_hashes.py": "00468a2907583c593e6574a1f6b404e4651c221a"}, "modules": {"ptd_client_server.lib.client": "lib/client.py", "ptd_client_server.lib.common": "lib/common.py", "ptd_client_server.lib.external.ntplib": "lib/external/ntplib.py", "ptd_client_server.lib.source_hashes": "lib/source_hashes.py", "ptd_client_server.lib.summary": "lib/summary.py", "ptd_client_server.lib.time_sync": "lib/time_sync.py"}}
client 2023-07-13 12:51:20,723 [INFO] Running workload in ranging mode
client 2023-07-13 12:51:20,723 [INFO] Synchronizing with the server and with time.google.com...
client 2023-07-13 12:51:20,735 [INFO] NTP:offset = -0.001 s, delay = 0.012 s 
client 2023-07-13 12:51:20,736 [INFO] Sending command to the server: 'time'
client 2023-07-13 12:51:20,738 [INFO] Got response: '1689249080.6619756'
client 2023-07-13 12:51:20,738 [INFO] The time difference between the client and the server is within range 74.106 ms..76.896 ms
client 2023-07-13 12:51:20,738 [INFO] Sending command to the server: 'session,2023-07-13_12-51-20,start,ranging'
client 2023-07-13 12:51:44,584 [INFO] Got response: 'OK'
client 2023-07-13 12:51:44,584 [INFO] Sending command to the server: 'time'
client 2023-07-13 12:51:44,587 [INFO] Got response: '1689249104.5121582'
client 2023-07-13 12:51:44,587 [INFO] The time difference between the client and the server is within range 72.798 ms..75.592 ms
client 2023-07-13 12:51:44,587 [INFO] Running the workload 'CM_MLPERF_RUN_COUNT=$(cat ${CM_RUN_DIR}/count.txt); echo ${CM_MLPERF_RUN_COUNT}; CM_MLPERF_RUN_COUNT=$((CM_MLPERF_RUN_COUNT+1)); echo ${CM_MLPERF_RUN_COUNT} > ${CM_RUN_DIR}/count.txt && if [ ${CM_MLPERF_RUN_COUNT} -eq "1" ]; then export CM_MLPERF_USER_CONF=${CM_MLPERF_RANGING_USER_CONF}; else export CM_MLPERF_USER_CONF=${CM_MLPERF_TESTING_USER_CONF}; fi && /home/arjun/run.out'
client 2023-07-13 12:56:45,136 [INFO] Sending command to the server: 'time'
client 2023-07-13 12:56:45,139 [INFO] Got response: '1689249405.0645647'
client 2023-07-13 12:56:45,139 [INFO] The time difference between the client and the server is within range 71.923 ms..75.177 ms
client 2023-07-13 12:56:45,139 [INFO] Sending command to the server: 'session,2023-07-13_12-51-20,stop,ranging'
client 2023-07-13 12:56:55,916 [INFO] Got response: 'OK'
client 2023-07-13 12:56:55,917 [INFO] Sending command to the server: 'time'
client 2023-07-13 12:56:55,919 [INFO] Got response: '1689249415.8473077'
client 2023-07-13 12:56:55,919 [INFO] The time difference between the client and the server is within range 69.758 ms..72.626 ms
client 2023-07-13 12:56:55,921 [INFO] Copying loadgen logs from '/home/arjun/mobilenet_results/valid_results/phoenix_Amd_Am5-tflite_cpp-cpu-tflite-vmaster-default_config/efficientnet-int8-lite1/singlestream/performance/run_1' to '/home/arjun/mobilenet_results/valid_results/phoenix_Amd_Am5-tflite_cpp-cpu-tflite-vmaster-default_config/efficientnet-int8-lite1/singlestream/performance/tmp_power/ranging'
client 2023-07-13 12:56:55,922 [INFO] Running workload in testing mode
client 2023-07-13 12:56:55,922 [INFO] Synchronizing with the server and with time.google.com...
client 2023-07-13 12:56:55,941 [INFO] NTP:offset = -0.001 s, delay = 0.019 s 
client 2023-07-13 12:56:55,941 [INFO] Sending command to the server: 'time'
client 2023-07-13 12:56:55,943 [INFO] Got response: '1689249415.8674958'
client 2023-07-13 12:56:55,943 [INFO] The time difference between the client and the server is within range 74.474 ms..76.283 ms
client 2023-07-13 12:56:55,943 [INFO] Sending command to the server: 'session,2023-07-13_12-51-20,start,testing'
client 2023-07-13 12:57:08,995 [INFO] Got response: 'OK'
client 2023-07-13 12:57:08,995 [INFO] Sending command to the server: 'time'
client 2023-07-13 12:57:08,999 [INFO] Got response: '1689249428.9226131'
client 2023-07-13 12:57:08,999 [INFO] The time difference between the client and the server is within range 72.551 ms..76.459 ms
client 2023-07-13 12:57:08,999 [INFO] Running the workload 'CM_MLPERF_RUN_COUNT=$(cat ${CM_RUN_DIR}/count.txt); echo ${CM_MLPERF_RUN_COUNT}; CM_MLPERF_RUN_COUNT=$((CM_MLPERF_RUN_COUNT+1)); echo ${CM_MLPERF_RUN_COUNT} > ${CM_RUN_DIR}/count.txt && if [ ${CM_MLPERF_RUN_COUNT} -eq "1" ]; then export CM_MLPERF_USER_CONF=${CM_MLPERF_RANGING_USER_CONF}; else export CM_MLPERF_USER_CONF=${CM_MLPERF_TESTING_USER_CONF}; fi && /home/arjun/run.out'
client 2023-07-13 13:07:09,971 [INFO] Sending command to the server: 'time'
client 2023-07-13 13:07:09,974 [INFO] Got response: '1689250029.8985424'
client 2023-07-13 13:07:09,974 [INFO] The time difference between the client and the server is within range 72.538 ms..75.833 ms
client 2023-07-13 13:07:09,974 [INFO] Sending command to the server: 'session,2023-07-13_12-51-20,stop,testing'
client 2023-07-13 13:07:20,368 [INFO] Got response: 'OK'
client 2023-07-13 13:07:20,368 [INFO] Sending command to the server: 'time'
client 2023-07-13 13:07:20,370 [INFO] Got response: '1689250040.3001382'
client 2023-07-13 13:07:20,370 [INFO] The time difference between the client and the server is within range 68.328 ms..70.584 ms
client 2023-07-13 13:07:20,371 [INFO] Copying loadgen logs from '/home/arjun/mobilenet_results/valid_results/phoenix_Amd_Am5-tflite_cpp-cpu-tflite-vmaster-default_config/efficientnet-int8-lite1/singlestream/performance/run_1' to '/home/arjun/mobilenet_results/valid_results/phoenix_Amd_Am5-tflite_cpp-cpu-tflite-vmaster-default_config/efficientnet-int8-lite1/singlestream/performance/tmp_power/run_1'
client 2023-07-13 13:07:20,371 [INFO] Done runs
