client 2023-07-26 10:51:27,091 [INFO] Creating output directory '/home/cmuser/mobilenet_results/valid_results/bb3b3f2d4d2e-tflite_cpp-cpu-tflite-vmaster-default_config/mobilenet-v1-precision_float-0.5-160/singlestream/performance/tmp_power'
client 2023-07-26 10:51:27,092 [INFO] Sending command to the server: 'mlcommons/power client v3'
client 2023-07-26 10:51:27,095 [INFO] Got response: 'mlcommons/power server v3'
client 2023-07-26 10:51:27,095 [INFO] Synchronizing with the server and with time.google.com...
client 2023-07-26 10:51:27,185 [INFO] NTP:offset = -0.003 s, delay = 0.016 s 
client 2023-07-26 10:51:27,185 [INFO] Sending command to the server: 'time'
client 2023-07-26 10:51:27,190 [INFO] Got response: '1690393887.1868896'
client 2023-07-26 10:51:27,190 [INFO] The time difference between the client and the server is within range -0.917 ms..3.349 ms
client 2023-07-26 10:51:27,190 [INFO] Sending command to the server: 'new,,dbbe3d1c-8537-46fe-bba6-8cb264f89d53'
client 2023-07-26 10:51:27,195 [INFO] Got response: 'OK 2023-07-26_18-51-27,e1d451c6-2335-4c63-a7ff-fe0dc75b874f'
client 2023-07-26 10:51:27,195 [INFO] Session id is '2023-07-26_18-51-27'
client 2023-07-26 10:51:27,195 [INFO] Sources: {"sources": {"__init__.py": "da39a3ee5e6b4b0d3255bfef95601890afd80709", "client.py": "33ca4f26368777ac06e01f9567b714a4b8063886", "lib/__init__.py": "da39a3ee5e6b4b0d3255bfef95601890afd80709", "lib/client.py": "ac2aa093c8e8bbc9569b9e2a3471bc64e58a2258", "lib/common.py": "611d8b29633d331eb19c9455ea3b5fa3284ed6df", "lib/external/__init__.py": "da39a3ee5e6b4b0d3255bfef95601890afd80709", "lib/external/ntplib.py": "4da8f970656505a40483206ef2b5d3dd5e81711d", "lib/server.py": "c7af63c31bb2fbedea4345f571f6e3507d268ada", "lib/source_hashes.py": "60a2e02193209e8d392803326208d5466342da18", "lib/summary.py": "aa92f0a3f975eecd44d3c0cd0236342ccc9f941d", "lib/time_sync.py": "122eba67a9abc85635223e054def53be1367ade2", "server.py": "c3f90f2f7eeb4db30727556d0c815ebc89b3d28b", "tests/unit/__init__.py": "da39a3ee5e6b4b0d3255bfef95601890afd80709", "tests/unit/test_server.py": "948c1995d4008bc2aa6c4046a34ffa3858d6d671", "tests/unit/test_source_hashes.py": "00468a2907583c593e6574a1f6b404e4651c221a"}, "modules": {"ptd_client_server.lib.client": "lib/client.py", "ptd_client_server.lib.common": "lib/common.py", "ptd_client_server.lib.external.ntplib": "lib/external/ntplib.py", "ptd_client_server.lib.source_hashes": "lib/source_hashes.py", "ptd_client_server.lib.summary": "lib/summary.py", "ptd_client_server.lib.time_sync": "lib/time_sync.py"}}
client 2023-07-26 10:51:27,195 [INFO] Running workload in ranging mode
client 2023-07-26 10:51:27,195 [INFO] Synchronizing with the server and with time.google.com...
client 2023-07-26 10:51:27,265 [INFO] NTP:offset = -0.002 s, delay = 0.014 s 
client 2023-07-26 10:51:27,265 [INFO] Sending command to the server: 'time'
client 2023-07-26 10:51:27,267 [INFO] Got response: '1690393887.260522'
client 2023-07-26 10:51:27,267 [INFO] The time difference between the client and the server is within range 4.861 ms..7.452 ms
client 2023-07-26 10:51:27,268 [INFO] Sending command to the server: 'session,2023-07-26_18-51-27,start,ranging'
client 2023-07-26 10:51:51,143 [INFO] Got response: 'OK'
client 2023-07-26 10:51:51,144 [INFO] Sending command to the server: 'time'
client 2023-07-26 10:51:51,147 [INFO] Got response: '1690393911.1442032'
client 2023-07-26 10:51:51,147 [INFO] The time difference between the client and the server is within range -0.087 ms..3.500 ms
client 2023-07-26 10:51:51,147 [INFO] Running the workload 'CM_MLPERF_RUN_COUNT=$(cat ${CM_RUN_DIR}/count.txt); echo ${CM_MLPERF_RUN_COUNT}; CM_MLPERF_RUN_COUNT=$((CM_MLPERF_RUN_COUNT+1)); echo ${CM_MLPERF_RUN_COUNT} > ${CM_RUN_DIR}/count.txt && if [ ${CM_MLPERF_RUN_COUNT} -eq "1" ]; then export CM_MLPERF_USER_CONF=${CM_MLPERF_RANGING_USER_CONF}; else export CM_MLPERF_USER_CONF=${CM_MLPERF_TESTING_USER_CONF}; fi && /home/cmuser/run.out'
client 2023-07-26 10:56:51,786 [INFO] Sending command to the server: 'time'
client 2023-07-26 10:56:51,790 [INFO] Got response: '1690394211.7814207'
client 2023-07-26 10:56:51,790 [INFO] The time difference between the client and the server is within range 4.647 ms..9.203 ms
client 2023-07-26 10:56:51,790 [INFO] Sending command to the server: 'session,2023-07-26_18-51-27,stop,ranging'
client 2023-07-26 10:57:02,358 [INFO] Got response: 'OK'
client 2023-07-26 10:57:02,358 [INFO] Sending command to the server: 'time'
client 2023-07-26 10:57:02,361 [INFO] Got response: '1690394222.3486397'
client 2023-07-26 10:57:02,361 [INFO] The time difference between the client and the server is within range 9.968 ms..13.290 ms
client 2023-07-26 10:57:02,365 [INFO] Copying loadgen logs from '/home/cmuser/mobilenet_results/valid_results/bb3b3f2d4d2e-tflite_cpp-cpu-tflite-vmaster-default_config/mobilenet-v1-precision_float-0.5-160/singlestream/performance/run_1' to '/home/cmuser/mobilenet_results/valid_results/bb3b3f2d4d2e-tflite_cpp-cpu-tflite-vmaster-default_config/mobilenet-v1-precision_float-0.5-160/singlestream/performance/tmp_power/ranging'
client 2023-07-26 10:57:02,365 [INFO] Running workload in testing mode
client 2023-07-26 10:57:02,365 [INFO] Synchronizing with the server and with time.google.com...
client 2023-07-26 10:57:02,420 [INFO] NTP:offset = -0.004 s, delay = 0.014 s 
client 2023-07-26 10:57:02,420 [INFO] Sending command to the server: 'time'
client 2023-07-26 10:57:02,423 [INFO] Got response: '1690394222.4096096'
client 2023-07-26 10:57:02,423 [INFO] The time difference between the client and the server is within range 10.508 ms..14.357 ms
client 2023-07-26 10:57:02,424 [INFO] Sending command to the server: 'session,2023-07-26_18-51-27,start,testing'
client 2023-07-26 10:57:15,474 [INFO] Got response: 'OK'
client 2023-07-26 10:57:15,474 [INFO] Sending command to the server: 'time'
client 2023-07-26 10:57:15,478 [INFO] Got response: '1690394235.4683626'
client 2023-07-26 10:57:15,478 [INFO] The time difference between the client and the server is within range 5.997 ms..10.280 ms
client 2023-07-26 10:57:15,478 [INFO] Running the workload 'CM_MLPERF_RUN_COUNT=$(cat ${CM_RUN_DIR}/count.txt); echo ${CM_MLPERF_RUN_COUNT}; CM_MLPERF_RUN_COUNT=$((CM_MLPERF_RUN_COUNT+1)); echo ${CM_MLPERF_RUN_COUNT} > ${CM_RUN_DIR}/count.txt && if [ ${CM_MLPERF_RUN_COUNT} -eq "1" ]; then export CM_MLPERF_USER_CONF=${CM_MLPERF_RANGING_USER_CONF}; else export CM_MLPERF_USER_CONF=${CM_MLPERF_TESTING_USER_CONF}; fi && /home/cmuser/run.out'
client 2023-07-26 11:07:16,674 [INFO] Sending command to the server: 'time'
client 2023-07-26 11:07:16,679 [INFO] Got response: '1690394836.6665227'
client 2023-07-26 11:07:16,679 [INFO] The time difference between the client and the server is within range 7.808 ms..12.956 ms
client 2023-07-26 11:07:16,679 [INFO] Sending command to the server: 'session,2023-07-26_18-51-27,stop,testing'
client 2023-07-26 11:07:27,564 [INFO] Got response: 'OK'
client 2023-07-26 11:07:27,564 [INFO] Sending command to the server: 'time'
client 2023-07-26 11:07:27,566 [INFO] Got response: '1690394847.5517905'
client 2023-07-26 11:07:27,566 [INFO] The time difference between the client and the server is within range 12.753 ms..14.873 ms
client 2023-07-26 11:07:27,567 [INFO] Copying loadgen logs from '/home/cmuser/mobilenet_results/valid_results/bb3b3f2d4d2e-tflite_cpp-cpu-tflite-vmaster-default_config/mobilenet-v1-precision_float-0.5-160/singlestream/performance/run_1' to '/home/cmuser/mobilenet_results/valid_results/bb3b3f2d4d2e-tflite_cpp-cpu-tflite-vmaster-default_config/mobilenet-v1-precision_float-0.5-160/singlestream/performance/tmp_power/run_1'
client 2023-07-26 11:07:27,567 [INFO] Done runs
