client 2023-07-24 15:04:48,406 [INFO] Creating output directory '/home/cmuser/results_dir/valid_results/28df27c48ad9-nvidia_original-gpu-tensorrt-vdefault-default_config/resnet50/singlestream/performance/tmp_power'
client 2023-07-24 15:04:48,409 [INFO] Sending command to the server: 'mlcommons/power client v3'
client 2023-07-24 15:04:48,412 [INFO] Got response: 'mlcommons/power server v3'
client 2023-07-24 15:04:48,412 [INFO] Synchronizing with the server and with time.google.com...
client 2023-07-24 15:04:48,526 [INFO] NTP:offset = 0.003 s, delay = 0.017 s 
client 2023-07-24 15:04:48,526 [INFO] Sending command to the server: 'time'
client 2023-07-24 15:04:48,528 [INFO] Got response: '1690211088.2424822'
client 2023-07-24 15:04:48,528 [INFO] The time difference between the client and the server is within range 283.890 ms..286.431 ms
client 2023-07-24 15:04:48,528 [WARNING] The time difference between the client and the server is more than 200 ms
client 2023-07-24 15:04:48,528 [INFO] Sending command to the server: 'set_ntp'
client 2023-07-24 15:04:49,570 [INFO] Got response: 'OK'
client 2023-07-24 15:04:49,570 [INFO] Synchronizing with time.google.com time using NTP...
client 2023-07-24 15:04:57,455 [INFO] Set system time at 2023-07-24 15:04:57.455915
client 2023-07-24 15:04:57,538 [INFO] NTP:offset = 0.003 s, delay = 0.015 s 
client 2023-07-24 15:04:57,538 [INFO] Sending command to the server: 'time'
client 2023-07-24 15:04:57,542 [INFO] Got response: '1690211097.5364938'
client 2023-07-24 15:04:57,542 [INFO] The time difference between the client and the server is within range 1.668 ms..5.824 ms
client 2023-07-24 15:04:57,542 [INFO] Sending command to the server: 'new,,c658d9c9-bc38-4940-8f5e-bdaccef738ea'
client 2023-07-24 15:04:57,549 [INFO] Got response: 'OK 2023-07-24_16-04-57,d21c282a-3939-4155-9a73-7449e213ad95'
client 2023-07-24 15:04:57,549 [INFO] Session id is '2023-07-24_16-04-57'
client 2023-07-24 15:04:57,549 [INFO] Sources: {"sources": {"__init__.py": "da39a3ee5e6b4b0d3255bfef95601890afd80709", "client.py": "33ca4f26368777ac06e01f9567b714a4b8063886", "lib/__init__.py": "da39a3ee5e6b4b0d3255bfef95601890afd80709", "lib/client.py": "ac2aa093c8e8bbc9569b9e2a3471bc64e58a2258", "lib/common.py": "611d8b29633d331eb19c9455ea3b5fa3284ed6df", "lib/external/__init__.py": "da39a3ee5e6b4b0d3255bfef95601890afd80709", "lib/external/ntplib.py": "4da8f970656505a40483206ef2b5d3dd5e81711d", "lib/server.py": "c7af63c31bb2fbedea4345f571f6e3507d268ada", "lib/source_hashes.py": "60a2e02193209e8d392803326208d5466342da18", "lib/summary.py": "aa92f0a3f975eecd44d3c0cd0236342ccc9f941d", "lib/time_sync.py": "122eba67a9abc85635223e054def53be1367ade2", "server.py": "c3f90f2f7eeb4db30727556d0c815ebc89b3d28b", "tests/unit/__init__.py": "da39a3ee5e6b4b0d3255bfef95601890afd80709", "tests/unit/test_server.py": "948c1995d4008bc2aa6c4046a34ffa3858d6d671", "tests/unit/test_source_hashes.py": "00468a2907583c593e6574a1f6b404e4651c221a"}, "modules": {"ptd_client_server.lib.client": "lib/client.py", "ptd_client_server.lib.common": "lib/common.py", "ptd_client_server.lib.external.ntplib": "lib/external/ntplib.py", "ptd_client_server.lib.source_hashes": "lib/source_hashes.py", "ptd_client_server.lib.summary": "lib/summary.py", "ptd_client_server.lib.time_sync": "lib/time_sync.py"}}
client 2023-07-24 15:04:57,549 [INFO] Running workload in ranging mode
client 2023-07-24 15:04:57,549 [INFO] Synchronizing with the server and with time.google.com...
client 2023-07-24 15:04:57,606 [INFO] NTP:offset = 0.003 s, delay = 0.013 s 
client 2023-07-24 15:04:57,606 [INFO] Sending command to the server: 'time'
client 2023-07-24 15:04:57,611 [INFO] Got response: '1690211097.607267'
client 2023-07-24 15:04:57,611 [INFO] The time difference between the client and the server is within range -0.463 ms..4.647 ms
client 2023-07-24 15:04:57,611 [INFO] Sending command to the server: 'session,2023-07-24_16-04-57,start,ranging'
client 2023-07-24 15:05:21,487 [INFO] Got response: 'OK'
client 2023-07-24 15:05:21,487 [INFO] Sending command to the server: 'time'
client 2023-07-24 15:05:21,491 [INFO] Got response: '1690211121.4938593'
client 2023-07-24 15:05:21,492 [INFO] The time difference between the client and the server is within range -6.102 ms..-1.846 ms
client 2023-07-24 15:05:21,492 [INFO] Running the workload 'CM_MLPERF_RUN_COUNT=$(cat ${CM_RUN_DIR}/count.txt); echo ${CM_MLPERF_RUN_COUNT}; CM_MLPERF_RUN_COUNT=$((CM_MLPERF_RUN_COUNT+1)); echo ${CM_MLPERF_RUN_COUNT} > ${CM_RUN_DIR}/count.txt && if [ ${CM_MLPERF_RUN_COUNT} -eq "1" ]; then export CM_MLPERF_USER_CONF=${CM_MLPERF_RANGING_USER_CONF}; else export CM_MLPERF_USER_CONF=${CM_MLPERF_TESTING_USER_CONF}; fi && make run_harness RUN_ARGS=" --benchmarks=resnet50 --scenarios=singlestream --test_mode=PerformanceOnly --offline_expected_qps=38000 --single_stream_expected_latency_ns=230000 --multi_stream_expected_latency_ns=400000 --user_conf_path=${CM_MLPERF_USER_CONF} --mlperf_conf_path=/home/cmuser/CM/repos/local/cache/669f6ef943704402/inference/mlperf.conf --gpu_batch_size=1 --no_audit_verify "'
client 2023-07-24 15:10:30,318 [INFO] Sending command to the server: 'time'
client 2023-07-24 15:10:30,322 [INFO] Got response: '1690211430.3155253'
client 2023-07-24 15:10:30,322 [INFO] The time difference between the client and the server is within range 2.555 ms..6.696 ms
client 2023-07-24 15:10:30,322 [INFO] Sending command to the server: 'session,2023-07-24_16-04-57,stop,ranging'
client 2023-07-24 15:10:40,656 [INFO] Got response: 'OK'
client 2023-07-24 15:10:40,656 [INFO] Sending command to the server: 'time'
client 2023-07-24 15:10:40,660 [INFO] Got response: '1690211440.6545384'
client 2023-07-24 15:10:40,660 [INFO] The time difference between the client and the server is within range 2.171 ms..6.200 ms
client 2023-07-24 15:10:40,663 [INFO] Copying loadgen logs from '/home/cmuser/results_dir/valid_results/28df27c48ad9-nvidia_original-gpu-tensorrt-vdefault-default_config/resnet50/singlestream/performance/run_1' to '/home/cmuser/results_dir/valid_results/28df27c48ad9-nvidia_original-gpu-tensorrt-vdefault-default_config/resnet50/singlestream/performance/tmp_power/ranging'
client 2023-07-24 15:10:40,663 [INFO] Running workload in testing mode
client 2023-07-24 15:10:40,663 [INFO] Synchronizing with the server and with time.google.com...
client 2023-07-24 15:10:40,755 [INFO] NTP:offset = -0.003 s, delay = 0.027 s 
client 2023-07-24 15:10:40,755 [INFO] Sending command to the server: 'time'
client 2023-07-24 15:10:40,759 [INFO] Got response: '1690211440.7561324'
client 2023-07-24 15:10:40,759 [INFO] The time difference between the client and the server is within range -0.575 ms..3.786 ms
client 2023-07-24 15:10:40,759 [INFO] Sending command to the server: 'session,2023-07-24_16-04-57,start,testing'
client 2023-07-24 15:10:53,840 [INFO] Got response: 'OK'
client 2023-07-24 15:10:53,840 [INFO] Sending command to the server: 'time'
client 2023-07-24 15:10:53,939 [INFO] Got response: '1690211453.937052'
client 2023-07-24 15:10:53,939 [INFO] The time difference between the client and the server is within range -96.148 ms..2.785 ms
client 2023-07-24 15:10:53,939 [INFO] Running the workload 'CM_MLPERF_RUN_COUNT=$(cat ${CM_RUN_DIR}/count.txt); echo ${CM_MLPERF_RUN_COUNT}; CM_MLPERF_RUN_COUNT=$((CM_MLPERF_RUN_COUNT+1)); echo ${CM_MLPERF_RUN_COUNT} > ${CM_RUN_DIR}/count.txt && if [ ${CM_MLPERF_RUN_COUNT} -eq "1" ]; then export CM_MLPERF_USER_CONF=${CM_MLPERF_RANGING_USER_CONF}; else export CM_MLPERF_USER_CONF=${CM_MLPERF_TESTING_USER_CONF}; fi && make run_harness RUN_ARGS=" --benchmarks=resnet50 --scenarios=singlestream --test_mode=PerformanceOnly --offline_expected_qps=38000 --single_stream_expected_latency_ns=230000 --multi_stream_expected_latency_ns=400000 --user_conf_path=${CM_MLPERF_USER_CONF} --mlperf_conf_path=/home/cmuser/CM/repos/local/cache/669f6ef943704402/inference/mlperf.conf --gpu_batch_size=1 --no_audit_verify "'
client 2023-07-24 15:21:04,072 [INFO] Sending command to the server: 'time'
client 2023-07-24 15:21:04,076 [INFO] Got response: '1690212064.0700946'
client 2023-07-24 15:21:04,076 [INFO] The time difference between the client and the server is within range 2.685 ms..6.390 ms
client 2023-07-24 15:21:04,076 [INFO] Sending command to the server: 'session,2023-07-24_16-04-57,stop,testing'
client 2023-07-24 15:21:14,919 [INFO] Got response: 'OK'
client 2023-07-24 15:21:14,919 [INFO] Sending command to the server: 'time'
client 2023-07-24 15:21:14,922 [INFO] Got response: '1690212074.9099364'
client 2023-07-24 15:21:14,922 [INFO] The time difference between the client and the server is within range 9.547 ms..12.409 ms
client 2023-07-24 15:21:14,922 [INFO] Copying loadgen logs from '/home/cmuser/results_dir/valid_results/28df27c48ad9-nvidia_original-gpu-tensorrt-vdefault-default_config/resnet50/singlestream/performance/run_1' to '/home/cmuser/results_dir/valid_results/28df27c48ad9-nvidia_original-gpu-tensorrt-vdefault-default_config/resnet50/singlestream/performance/tmp_power/run_1'
client 2023-07-24 15:21:14,923 [INFO] Done runs
