client 2023-07-13 14:12:03,792 [INFO] Creating output directory '/home/arjun/mobilenet_results/valid_results/phoenix_Amd_Am5-tflite_cpp-cpu-tflite-vmaster-default_config/efficientnet-fp32-lite4/singlestream/performance/tmp_power'
client 2023-07-13 14:12:03,794 [INFO] Sending command to the server: 'mlcommons/power client v3'
client 2023-07-13 14:12:03,797 [INFO] Got response: 'mlcommons/power server v3'
client 2023-07-13 14:12:03,797 [INFO] Synchronizing with the server and with time.google.com...
client 2023-07-13 14:12:03,816 [INFO] NTP:offset = -0.001 s, delay = 0.018 s 
client 2023-07-13 14:12:03,816 [INFO] Sending command to the server: 'time'
client 2023-07-13 14:12:03,819 [INFO] Got response: '1689253923.6943347'
client 2023-07-13 14:12:03,819 [INFO] The time difference between the client and the server is within range 122.442 ms..125.612 ms
client 2023-07-13 14:12:03,820 [INFO] Sending command to the server: 'new,,de439d44-b31f-4dd3-98cf-a642f06a4623'
client 2023-07-13 14:12:03,822 [INFO] Got response: 'OK 2023-07-13_14-12-03,3e9a2543-7f3b-4743-a80b-9315c8e1c985'
client 2023-07-13 14:12:03,822 [INFO] Session id is '2023-07-13_14-12-03'
client 2023-07-13 14:12:03,822 [INFO] Sources: {"sources": {"__init__.py": "da39a3ee5e6b4b0d3255bfef95601890afd80709", "client.py": "33ca4f26368777ac06e01f9567b714a4b8063886", "lib/__init__.py": "da39a3ee5e6b4b0d3255bfef95601890afd80709", "lib/client.py": "ac2aa093c8e8bbc9569b9e2a3471bc64e58a2258", "lib/common.py": "611d8b29633d331eb19c9455ea3b5fa3284ed6df", "lib/external/__init__.py": "da39a3ee5e6b4b0d3255bfef95601890afd80709", "lib/external/ntplib.py": "4da8f970656505a40483206ef2b5d3dd5e81711d", "lib/server.py": "c7af63c31bb2fbedea4345f571f6e3507d268ada", "lib/source_hashes.py": "60a2e02193209e8d392803326208d5466342da18", "lib/summary.py": "aa92f0a3f975eecd44d3c0cd0236342ccc9f941d", "lib/time_sync.py": "122eba67a9abc85635223e054def53be1367ade2", "server.py": "c3f90f2f7eeb4db30727556d0c815ebc89b3d28b", "tests/unit/__init__.py": "da39a3ee5e6b4b0d3255bfef95601890afd80709", "tests/unit/test_server.py": "948c1995d4008bc2aa6c4046a34ffa3858d6d671", "tests/unit/test_source_hashes.py": "00468a2907583c593e6574a1f6b404e4651c221a"}, "modules": {"ptd_client_server.lib.client": "lib/client.py", "ptd_client_server.lib.common": "lib/common.py", "ptd_client_server.lib.external.ntplib": "lib/external/ntplib.py", "ptd_client_server.lib.source_hashes": "lib/source_hashes.py", "ptd_client_server.lib.summary": "lib/summary.py", "ptd_client_server.lib.time_sync": "lib/time_sync.py"}}
client 2023-07-13 14:12:03,822 [INFO] Running workload in ranging mode
client 2023-07-13 14:12:03,822 [INFO] Synchronizing with the server and with time.google.com...
client 2023-07-13 14:12:03,838 [INFO] NTP:offset = -0.001 s, delay = 0.015 s 
client 2023-07-13 14:12:03,838 [INFO] Sending command to the server: 'time'
client 2023-07-13 14:12:03,840 [INFO] Got response: '1689253923.7219644'
client 2023-07-13 14:12:03,840 [INFO] The time difference between the client and the server is within range 116.349 ms..118.902 ms
client 2023-07-13 14:12:03,840 [INFO] Sending command to the server: 'session,2023-07-13_14-12-03,start,ranging'
client 2023-07-13 14:12:27,663 [INFO] Got response: 'OK'
client 2023-07-13 14:12:27,663 [INFO] Sending command to the server: 'time'
client 2023-07-13 14:12:27,677 [INFO] Got response: '1689253947.551716'
client 2023-07-13 14:12:27,677 [INFO] The time difference between the client and the server is within range 111.848 ms..125.550 ms
client 2023-07-13 14:12:27,677 [INFO] Running the workload 'CM_MLPERF_RUN_COUNT=$(cat ${CM_RUN_DIR}/count.txt); echo ${CM_MLPERF_RUN_COUNT}; CM_MLPERF_RUN_COUNT=$((CM_MLPERF_RUN_COUNT+1)); echo ${CM_MLPERF_RUN_COUNT} > ${CM_RUN_DIR}/count.txt && if [ ${CM_MLPERF_RUN_COUNT} -eq "1" ]; then export CM_MLPERF_USER_CONF=${CM_MLPERF_RANGING_USER_CONF}; else export CM_MLPERF_USER_CONF=${CM_MLPERF_TESTING_USER_CONF}; fi && /home/arjun/run.out'
client 2023-07-13 14:17:28,851 [INFO] Sending command to the server: 'time'
client 2023-07-13 14:17:28,855 [INFO] Got response: '1689254248.7331061'
client 2023-07-13 14:17:28,855 [INFO] The time difference between the client and the server is within range 118.748 ms..122.611 ms
client 2023-07-13 14:17:28,855 [INFO] Sending command to the server: 'session,2023-07-13_14-12-03,stop,ranging'
client 2023-07-13 14:17:39,818 [INFO] Got response: 'OK'
client 2023-07-13 14:17:39,818 [INFO] Sending command to the server: 'time'
client 2023-07-13 14:17:39,823 [INFO] Got response: '1689254259.6984985'
client 2023-07-13 14:17:39,823 [INFO] The time difference between the client and the server is within range 120.223 ms..125.226 ms
client 2023-07-13 14:17:39,825 [INFO] Copying loadgen logs from '/home/arjun/mobilenet_results/valid_results/phoenix_Amd_Am5-tflite_cpp-cpu-tflite-vmaster-default_config/efficientnet-fp32-lite4/singlestream/performance/run_1' to '/home/arjun/mobilenet_results/valid_results/phoenix_Amd_Am5-tflite_cpp-cpu-tflite-vmaster-default_config/efficientnet-fp32-lite4/singlestream/performance/tmp_power/ranging'
client 2023-07-13 14:17:39,825 [INFO] Running workload in testing mode
client 2023-07-13 14:17:39,825 [INFO] Synchronizing with the server and with time.google.com...
client 2023-07-13 14:17:39,852 [INFO] NTP:offset = 0.000 s, delay = 0.015 s 
client 2023-07-13 14:17:39,852 [INFO] Sending command to the server: 'time'
client 2023-07-13 14:17:39,855 [INFO] Got response: '1689254259.72877'
client 2023-07-13 14:17:39,855 [INFO] The time difference between the client and the server is within range 124.010 ms..126.736 ms
client 2023-07-13 14:17:39,855 [INFO] Sending command to the server: 'session,2023-07-13_14-12-03,start,testing'
client 2023-07-13 14:17:52,915 [INFO] Got response: 'OK'
client 2023-07-13 14:17:52,915 [INFO] Sending command to the server: 'time'
client 2023-07-13 14:17:52,917 [INFO] Got response: '1689254272.7941148'
client 2023-07-13 14:17:52,917 [INFO] The time difference between the client and the server is within range 121.145 ms..123.322 ms
client 2023-07-13 14:17:52,917 [INFO] Running the workload 'CM_MLPERF_RUN_COUNT=$(cat ${CM_RUN_DIR}/count.txt); echo ${CM_MLPERF_RUN_COUNT}; CM_MLPERF_RUN_COUNT=$((CM_MLPERF_RUN_COUNT+1)); echo ${CM_MLPERF_RUN_COUNT} > ${CM_RUN_DIR}/count.txt && if [ ${CM_MLPERF_RUN_COUNT} -eq "1" ]; then export CM_MLPERF_USER_CONF=${CM_MLPERF_RANGING_USER_CONF}; else export CM_MLPERF_USER_CONF=${CM_MLPERF_TESTING_USER_CONF}; fi && /home/arjun/run.out'
client 2023-07-13 14:27:53,966 [INFO] Sending command to the server: 'time'
client 2023-07-13 14:27:53,971 [INFO] Got response: '1689254873.8326757'
client 2023-07-13 14:27:53,971 [INFO] The time difference between the client and the server is within range 134.283 ms..138.775 ms
client 2023-07-13 14:27:53,971 [INFO] Sending command to the server: 'session,2023-07-13_14-12-03,stop,testing'
client 2023-07-13 14:28:05,278 [INFO] Got response: 'OK'
client 2023-07-13 14:28:05,278 [INFO] Sending command to the server: 'time'
client 2023-07-13 14:28:05,280 [INFO] Got response: '1689254885.142091'
client 2023-07-13 14:28:05,280 [INFO] The time difference between the client and the server is within range 136.300 ms..137.944 ms
client 2023-07-13 14:28:05,280 [INFO] Copying loadgen logs from '/home/arjun/mobilenet_results/valid_results/phoenix_Amd_Am5-tflite_cpp-cpu-tflite-vmaster-default_config/efficientnet-fp32-lite4/singlestream/performance/run_1' to '/home/arjun/mobilenet_results/valid_results/phoenix_Amd_Am5-tflite_cpp-cpu-tflite-vmaster-default_config/efficientnet-fp32-lite4/singlestream/performance/tmp_power/run_1'
client 2023-07-13 14:28:05,280 [INFO] Done runs
