client 2023-07-26 09:30:46,003 [INFO] Creating output directory '/home/cmuser/mobilenet_results/valid_results/bb3b3f2d4d2e-tflite_cpp-cpu-tflite-vmaster-default_config/mobilenet-v1-precision_float-0.75-128/singlestream/performance/tmp_power'
client 2023-07-26 09:30:46,005 [INFO] Sending command to the server: 'mlcommons/power client v3'
client 2023-07-26 09:30:46,008 [INFO] Got response: 'mlcommons/power server v3'
client 2023-07-26 09:30:46,008 [INFO] Synchronizing with the server and with time.google.com...
client 2023-07-26 09:30:46,071 [INFO] NTP:offset = 0.000 s, delay = 0.014 s 
client 2023-07-26 09:30:46,071 [INFO] Sending command to the server: 'time'
client 2023-07-26 09:30:46,075 [INFO] Got response: '1690389045.9311304'
client 2023-07-26 09:30:46,075 [INFO] The time difference between the client and the server is within range 140.564 ms..144.737 ms
client 2023-07-26 09:30:46,075 [INFO] Sending command to the server: 'new,,8daf3db7-90b0-417c-9558-1836f8150c0a'
client 2023-07-26 09:30:46,080 [INFO] Got response: 'OK 2023-07-26_17-30-45,6a9a69b2-6d0b-4656-a80b-6119d751f594'
client 2023-07-26 09:30:46,080 [INFO] Session id is '2023-07-26_17-30-45'
client 2023-07-26 09:30:46,080 [INFO] Sources: {"sources": {"__init__.py": "da39a3ee5e6b4b0d3255bfef95601890afd80709", "client.py": "33ca4f26368777ac06e01f9567b714a4b8063886", "lib/__init__.py": "da39a3ee5e6b4b0d3255bfef95601890afd80709", "lib/client.py": "ac2aa093c8e8bbc9569b9e2a3471bc64e58a2258", "lib/common.py": "611d8b29633d331eb19c9455ea3b5fa3284ed6df", "lib/external/__init__.py": "da39a3ee5e6b4b0d3255bfef95601890afd80709", "lib/external/ntplib.py": "4da8f970656505a40483206ef2b5d3dd5e81711d", "lib/server.py": "c7af63c31bb2fbedea4345f571f6e3507d268ada", "lib/source_hashes.py": "60a2e02193209e8d392803326208d5466342da18", "lib/summary.py": "aa92f0a3f975eecd44d3c0cd0236342ccc9f941d", "lib/time_sync.py": "122eba67a9abc85635223e054def53be1367ade2", "server.py": "c3f90f2f7eeb4db30727556d0c815ebc89b3d28b", "tests/unit/__init__.py": "da39a3ee5e6b4b0d3255bfef95601890afd80709", "tests/unit/test_server.py": "948c1995d4008bc2aa6c4046a34ffa3858d6d671", "tests/unit/test_source_hashes.py": "00468a2907583c593e6574a1f6b404e4651c221a"}, "modules": {"ptd_client_server.lib.client": "lib/client.py", "ptd_client_server.lib.common": "lib/common.py", "ptd_client_server.lib.external.ntplib": "lib/external/ntplib.py", "ptd_client_server.lib.source_hashes": "lib/source_hashes.py", "ptd_client_server.lib.summary": "lib/summary.py", "ptd_client_server.lib.time_sync": "lib/time_sync.py"}}
client 2023-07-26 09:30:46,080 [INFO] Running workload in ranging mode
client 2023-07-26 09:30:46,080 [INFO] Synchronizing with the server and with time.google.com...
client 2023-07-26 09:30:46,144 [INFO] NTP:offset = -0.000 s, delay = 0.012 s 
client 2023-07-26 09:30:46,144 [INFO] Sending command to the server: 'time'
client 2023-07-26 09:30:46,148 [INFO] Got response: '1690389046.002639'
client 2023-07-26 09:30:46,148 [INFO] The time difference between the client and the server is within range 141.513 ms..145.496 ms
client 2023-07-26 09:30:46,148 [INFO] Sending command to the server: 'session,2023-07-26_17-30-45,start,ranging'
client 2023-07-26 09:31:10,000 [INFO] Got response: 'OK'
client 2023-07-26 09:31:10,000 [INFO] Sending command to the server: 'time'
client 2023-07-26 09:31:10,002 [INFO] Got response: '1690389069.8546815'
client 2023-07-26 09:31:10,002 [INFO] The time difference between the client and the server is within range 146.029 ms..147.474 ms
client 2023-07-26 09:31:10,002 [INFO] Running the workload 'CM_MLPERF_RUN_COUNT=$(cat ${CM_RUN_DIR}/count.txt); echo ${CM_MLPERF_RUN_COUNT}; CM_MLPERF_RUN_COUNT=$((CM_MLPERF_RUN_COUNT+1)); echo ${CM_MLPERF_RUN_COUNT} > ${CM_RUN_DIR}/count.txt && if [ ${CM_MLPERF_RUN_COUNT} -eq "1" ]; then export CM_MLPERF_USER_CONF=${CM_MLPERF_RANGING_USER_CONF}; else export CM_MLPERF_USER_CONF=${CM_MLPERF_TESTING_USER_CONF}; fi && /home/cmuser/run.out'
client 2023-07-26 09:36:10,614 [INFO] Sending command to the server: 'time'
client 2023-07-26 09:36:10,617 [INFO] Got response: '1690389370.4681304'
client 2023-07-26 09:36:10,617 [INFO] The time difference between the client and the server is within range 145.869 ms..149.794 ms
client 2023-07-26 09:36:10,617 [INFO] Sending command to the server: 'session,2023-07-26_17-30-45,stop,ranging'
client 2023-07-26 09:36:21,230 [INFO] Got response: 'OK'
client 2023-07-26 09:36:21,230 [INFO] Sending command to the server: 'time'
client 2023-07-26 09:36:21,232 [INFO] Got response: '1690389381.0816283'
client 2023-07-26 09:36:21,232 [INFO] The time difference between the client and the server is within range 148.778 ms..151.137 ms
client 2023-07-26 09:36:21,236 [INFO] Copying loadgen logs from '/home/cmuser/mobilenet_results/valid_results/bb3b3f2d4d2e-tflite_cpp-cpu-tflite-vmaster-default_config/mobilenet-v1-precision_float-0.75-128/singlestream/performance/run_1' to '/home/cmuser/mobilenet_results/valid_results/bb3b3f2d4d2e-tflite_cpp-cpu-tflite-vmaster-default_config/mobilenet-v1-precision_float-0.75-128/singlestream/performance/tmp_power/ranging'
client 2023-07-26 09:36:21,236 [INFO] Running workload in testing mode
client 2023-07-26 09:36:21,236 [INFO] Synchronizing with the server and with time.google.com...
client 2023-07-26 09:36:21,303 [INFO] NTP:offset = -0.001 s, delay = 0.023 s 
client 2023-07-26 09:36:21,303 [INFO] Sending command to the server: 'time'
client 2023-07-26 09:36:21,306 [INFO] Got response: '1690389381.1528084'
client 2023-07-26 09:36:21,307 [INFO] The time difference between the client and the server is within range 151.035 ms..154.200 ms
client 2023-07-26 09:36:21,307 [INFO] Sending command to the server: 'session,2023-07-26_17-30-45,start,testing'
client 2023-07-26 09:36:34,370 [INFO] Got response: 'OK'
client 2023-07-26 09:36:34,371 [INFO] Sending command to the server: 'time'
client 2023-07-26 09:36:34,374 [INFO] Got response: '1690389394.2210515'
client 2023-07-26 09:36:34,374 [INFO] The time difference between the client and the server is within range 149.944 ms..153.400 ms
client 2023-07-26 09:36:34,374 [INFO] Running the workload 'CM_MLPERF_RUN_COUNT=$(cat ${CM_RUN_DIR}/count.txt); echo ${CM_MLPERF_RUN_COUNT}; CM_MLPERF_RUN_COUNT=$((CM_MLPERF_RUN_COUNT+1)); echo ${CM_MLPERF_RUN_COUNT} > ${CM_RUN_DIR}/count.txt && if [ ${CM_MLPERF_RUN_COUNT} -eq "1" ]; then export CM_MLPERF_USER_CONF=${CM_MLPERF_RANGING_USER_CONF}; else export CM_MLPERF_USER_CONF=${CM_MLPERF_TESTING_USER_CONF}; fi && /home/cmuser/run.out'
client 2023-07-26 09:46:35,470 [INFO] Sending command to the server: 'time'
client 2023-07-26 09:46:35,474 [INFO] Got response: '1690389995.3150797'
client 2023-07-26 09:46:35,474 [INFO] The time difference between the client and the server is within range 155.095 ms..159.270 ms
client 2023-07-26 09:46:35,474 [INFO] Sending command to the server: 'session,2023-07-26_17-30-45,stop,testing'
client 2023-07-26 09:46:46,459 [INFO] Got response: 'OK'
client 2023-07-26 09:46:46,459 [INFO] Sending command to the server: 'time'
client 2023-07-26 09:46:46,461 [INFO] Got response: '1690390006.304864'
client 2023-07-26 09:46:46,461 [INFO] The time difference between the client and the server is within range 154.957 ms..156.918 ms
client 2023-07-26 09:46:46,462 [INFO] Copying loadgen logs from '/home/cmuser/mobilenet_results/valid_results/bb3b3f2d4d2e-tflite_cpp-cpu-tflite-vmaster-default_config/mobilenet-v1-precision_float-0.75-128/singlestream/performance/run_1' to '/home/cmuser/mobilenet_results/valid_results/bb3b3f2d4d2e-tflite_cpp-cpu-tflite-vmaster-default_config/mobilenet-v1-precision_float-0.75-128/singlestream/performance/tmp_power/run_1'
client 2023-07-26 09:46:46,462 [INFO] Done runs
