client 2023-07-26 08:10:08,247 [INFO] Creating output directory '/home/cmuser/mobilenet_results/valid_results/bb3b3f2d4d2e-tflite_cpp-cpu-tflite-vmaster-default_config/mobilenet-v1-precision_uint8-0.75-224/singlestream/performance/tmp_power'
client 2023-07-26 08:10:08,249 [INFO] Sending command to the server: 'mlcommons/power client v3'
client 2023-07-26 08:10:08,251 [INFO] Got response: 'mlcommons/power server v3'
client 2023-07-26 08:10:08,251 [INFO] Synchronizing with the server and with time.google.com...
client 2023-07-26 08:10:08,302 [INFO] NTP:offset = -0.000 s, delay = 0.012 s 
client 2023-07-26 08:10:08,302 [INFO] Sending command to the server: 'time'
client 2023-07-26 08:10:08,306 [INFO] Got response: '1690384208.2054327'
client 2023-07-26 08:10:08,306 [INFO] The time difference between the client and the server is within range 97.263 ms..101.175 ms
client 2023-07-26 08:10:08,306 [INFO] Sending command to the server: 'new,,cfddd11a-e51c-4079-becb-2e2bfd41287a'
client 2023-07-26 08:10:08,311 [INFO] Got response: 'OK 2023-07-26_16-10-08,c59932ee-9945-4922-9bbb-de58edff6fce'
client 2023-07-26 08:10:08,311 [INFO] Session id is '2023-07-26_16-10-08'
client 2023-07-26 08:10:08,311 [INFO] Sources: {"sources": {"__init__.py": "da39a3ee5e6b4b0d3255bfef95601890afd80709", "client.py": "33ca4f26368777ac06e01f9567b714a4b8063886", "lib/__init__.py": "da39a3ee5e6b4b0d3255bfef95601890afd80709", "lib/client.py": "ac2aa093c8e8bbc9569b9e2a3471bc64e58a2258", "lib/common.py": "611d8b29633d331eb19c9455ea3b5fa3284ed6df", "lib/external/__init__.py": "da39a3ee5e6b4b0d3255bfef95601890afd80709", "lib/external/ntplib.py": "4da8f970656505a40483206ef2b5d3dd5e81711d", "lib/server.py": "c7af63c31bb2fbedea4345f571f6e3507d268ada", "lib/source_hashes.py": "60a2e02193209e8d392803326208d5466342da18", "lib/summary.py": "aa92f0a3f975eecd44d3c0cd0236342ccc9f941d", "lib/time_sync.py": "122eba67a9abc85635223e054def53be1367ade2", "server.py": "c3f90f2f7eeb4db30727556d0c815ebc89b3d28b", "tests/unit/__init__.py": "da39a3ee5e6b4b0d3255bfef95601890afd80709", "tests/unit/test_server.py": "948c1995d4008bc2aa6c4046a34ffa3858d6d671", "tests/unit/test_source_hashes.py": "00468a2907583c593e6574a1f6b404e4651c221a"}, "modules": {"ptd_client_server.lib.client": "lib/client.py", "ptd_client_server.lib.common": "lib/common.py", "ptd_client_server.lib.external.ntplib": "lib/external/ntplib.py", "ptd_client_server.lib.source_hashes": "lib/source_hashes.py", "ptd_client_server.lib.summary": "lib/summary.py", "ptd_client_server.lib.time_sync": "lib/time_sync.py"}}
client 2023-07-26 08:10:08,311 [INFO] Running workload in ranging mode
client 2023-07-26 08:10:08,311 [INFO] Synchronizing with the server and with time.google.com...
client 2023-07-26 08:10:08,381 [INFO] NTP:offset = -0.000 s, delay = 0.011 s 
client 2023-07-26 08:10:08,381 [INFO] Sending command to the server: 'time'
client 2023-07-26 08:10:08,384 [INFO] Got response: '1690384208.288804'
client 2023-07-26 08:10:08,384 [INFO] The time difference between the client and the server is within range 93.034 ms..95.778 ms
client 2023-07-26 08:10:08,384 [INFO] Sending command to the server: 'session,2023-07-26_16-10-08,start,ranging'
client 2023-07-26 08:10:32,241 [INFO] Got response: 'OK'
client 2023-07-26 08:10:32,241 [INFO] Sending command to the server: 'time'
client 2023-07-26 08:10:32,244 [INFO] Got response: '1690384232.1440802'
client 2023-07-26 08:10:32,244 [INFO] The time difference between the client and the server is within range 97.519 ms..100.683 ms
client 2023-07-26 08:10:32,244 [INFO] Running the workload 'CM_MLPERF_RUN_COUNT=$(cat ${CM_RUN_DIR}/count.txt); echo ${CM_MLPERF_RUN_COUNT}; CM_MLPERF_RUN_COUNT=$((CM_MLPERF_RUN_COUNT+1)); echo ${CM_MLPERF_RUN_COUNT} > ${CM_RUN_DIR}/count.txt && if [ ${CM_MLPERF_RUN_COUNT} -eq "1" ]; then export CM_MLPERF_USER_CONF=${CM_MLPERF_RANGING_USER_CONF}; else export CM_MLPERF_USER_CONF=${CM_MLPERF_TESTING_USER_CONF}; fi && /home/cmuser/run.out'
client 2023-07-26 08:15:32,837 [INFO] Sending command to the server: 'time'
client 2023-07-26 08:15:32,841 [INFO] Got response: '1690384532.7407455'
client 2023-07-26 08:15:32,841 [INFO] The time difference between the client and the server is within range 96.739 ms..100.754 ms
client 2023-07-26 08:15:32,841 [INFO] Sending command to the server: 'session,2023-07-26_16-10-08,stop,ranging'
client 2023-07-26 08:15:43,593 [INFO] Got response: 'OK'
client 2023-07-26 08:15:43,593 [INFO] Sending command to the server: 'time'
client 2023-07-26 08:15:43,595 [INFO] Got response: '1690384543.4928896'
client 2023-07-26 08:15:43,595 [INFO] The time difference between the client and the server is within range 100.875 ms..103.085 ms
client 2023-07-26 08:15:43,599 [INFO] Copying loadgen logs from '/home/cmuser/mobilenet_results/valid_results/bb3b3f2d4d2e-tflite_cpp-cpu-tflite-vmaster-default_config/mobilenet-v1-precision_uint8-0.75-224/singlestream/performance/run_1' to '/home/cmuser/mobilenet_results/valid_results/bb3b3f2d4d2e-tflite_cpp-cpu-tflite-vmaster-default_config/mobilenet-v1-precision_uint8-0.75-224/singlestream/performance/tmp_power/ranging'
client 2023-07-26 08:15:43,599 [INFO] Running workload in testing mode
client 2023-07-26 08:15:43,599 [INFO] Synchronizing with the server and with time.google.com...
client 2023-07-26 08:15:43,657 [INFO] NTP:offset = -0.001 s, delay = 0.016 s 
client 2023-07-26 08:15:43,657 [INFO] Sending command to the server: 'time'
client 2023-07-26 08:15:43,661 [INFO] Got response: '1690384543.5635068'
client 2023-07-26 08:15:43,661 [INFO] The time difference between the client and the server is within range 94.309 ms..98.079 ms
client 2023-07-26 08:15:43,661 [INFO] Sending command to the server: 'session,2023-07-26_16-10-08,start,testing'
client 2023-07-26 08:15:56,704 [INFO] Got response: 'OK'
client 2023-07-26 08:15:56,705 [INFO] Sending command to the server: 'time'
client 2023-07-26 08:15:56,708 [INFO] Got response: '1690384556.603732'
client 2023-07-26 08:15:56,708 [INFO] The time difference between the client and the server is within range 101.310 ms..104.396 ms
client 2023-07-26 08:15:56,708 [INFO] Running the workload 'CM_MLPERF_RUN_COUNT=$(cat ${CM_RUN_DIR}/count.txt); echo ${CM_MLPERF_RUN_COUNT}; CM_MLPERF_RUN_COUNT=$((CM_MLPERF_RUN_COUNT+1)); echo ${CM_MLPERF_RUN_COUNT} > ${CM_RUN_DIR}/count.txt && if [ ${CM_MLPERF_RUN_COUNT} -eq "1" ]; then export CM_MLPERF_USER_CONF=${CM_MLPERF_RANGING_USER_CONF}; else export CM_MLPERF_USER_CONF=${CM_MLPERF_TESTING_USER_CONF}; fi && /home/cmuser/run.out'
client 2023-07-26 08:25:57,772 [INFO] Sending command to the server: 'time'
client 2023-07-26 08:25:57,774 [INFO] Got response: '1690385157.6700606'
client 2023-07-26 08:25:57,774 [INFO] The time difference between the client and the server is within range 102.100 ms..104.242 ms
client 2023-07-26 08:25:57,774 [INFO] Sending command to the server: 'session,2023-07-26_16-10-08,stop,testing'
client 2023-07-26 08:26:08,785 [INFO] Got response: 'OK'
client 2023-07-26 08:26:08,786 [INFO] Sending command to the server: 'time'
client 2023-07-26 08:26:08,788 [INFO] Got response: '1690385168.680472'
client 2023-07-26 08:26:08,788 [INFO] The time difference between the client and the server is within range 105.597 ms..107.644 ms
client 2023-07-26 08:26:08,788 [INFO] Copying loadgen logs from '/home/cmuser/mobilenet_results/valid_results/bb3b3f2d4d2e-tflite_cpp-cpu-tflite-vmaster-default_config/mobilenet-v1-precision_uint8-0.75-224/singlestream/performance/run_1' to '/home/cmuser/mobilenet_results/valid_results/bb3b3f2d4d2e-tflite_cpp-cpu-tflite-vmaster-default_config/mobilenet-v1-precision_uint8-0.75-224/singlestream/performance/tmp_power/run_1'
client 2023-07-26 08:26:08,789 [INFO] Done runs
