client 2023-07-26 13:48:53,302 [INFO] Creating output directory '/home/cmuser/mobilenet_results/valid_results/bb3b3f2d4d2e-tflite_cpp-cpu-tflite-vmaster-default_config/mobilenet-v1-precision_uint8-0.25-128/singlestream/performance/tmp_power'
client 2023-07-26 13:48:53,305 [INFO] Sending command to the server: 'mlcommons/power client v3'
client 2023-07-26 13:48:53,308 [INFO] Got response: 'mlcommons/power server v3'
client 2023-07-26 13:48:53,308 [INFO] Synchronizing with the server and with time.google.com...
client 2023-07-26 13:48:53,382 [INFO] NTP:offset = -0.001 s, delay = 0.014 s 
client 2023-07-26 13:48:53,382 [INFO] Sending command to the server: 'time'
client 2023-07-26 13:48:53,387 [INFO] Got response: '1690404533.269267'
client 2023-07-26 13:48:53,387 [INFO] The time difference between the client and the server is within range 113.657 ms..118.153 ms
client 2023-07-26 13:48:53,387 [INFO] Sending command to the server: 'new,,f02e413b-d538-4f7d-8dec-1fb76c6f7aee'
client 2023-07-26 13:48:53,390 [INFO] Got response: 'OK 2023-07-26_21-48-53,2abb8244-3ea0-4352-9f24-b80445b23323'
client 2023-07-26 13:48:53,390 [INFO] Session id is '2023-07-26_21-48-53'
client 2023-07-26 13:48:53,390 [INFO] Sources: {"sources": {"__init__.py": "da39a3ee5e6b4b0d3255bfef95601890afd80709", "client.py": "33ca4f26368777ac06e01f9567b714a4b8063886", "lib/__init__.py": "da39a3ee5e6b4b0d3255bfef95601890afd80709", "lib/client.py": "ac2aa093c8e8bbc9569b9e2a3471bc64e58a2258", "lib/common.py": "611d8b29633d331eb19c9455ea3b5fa3284ed6df", "lib/external/__init__.py": "da39a3ee5e6b4b0d3255bfef95601890afd80709", "lib/external/ntplib.py": "4da8f970656505a40483206ef2b5d3dd5e81711d", "lib/server.py": "c7af63c31bb2fbedea4345f571f6e3507d268ada", "lib/source_hashes.py": "60a2e02193209e8d392803326208d5466342da18", "lib/summary.py": "aa92f0a3f975eecd44d3c0cd0236342ccc9f941d", "lib/time_sync.py": "122eba67a9abc85635223e054def53be1367ade2", "server.py": "c3f90f2f7eeb4db30727556d0c815ebc89b3d28b", "tests/unit/__init__.py": "da39a3ee5e6b4b0d3255bfef95601890afd80709", "tests/unit/test_server.py": "948c1995d4008bc2aa6c4046a34ffa3858d6d671", "tests/unit/test_source_hashes.py": "00468a2907583c593e6574a1f6b404e4651c221a"}, "modules": {"ptd_client_server.lib.client": "lib/client.py", "ptd_client_server.lib.common": "lib/common.py", "ptd_client_server.lib.external.ntplib": "lib/external/ntplib.py", "ptd_client_server.lib.source_hashes": "lib/source_hashes.py", "ptd_client_server.lib.summary": "lib/summary.py", "ptd_client_server.lib.time_sync": "lib/time_sync.py"}}
client 2023-07-26 13:48:53,390 [INFO] Running workload in ranging mode
client 2023-07-26 13:48:53,390 [INFO] Synchronizing with the server and with time.google.com...
client 2023-07-26 13:48:53,452 [INFO] NTP:offset = -0.000 s, delay = 0.015 s 
client 2023-07-26 13:48:53,452 [INFO] Sending command to the server: 'time'
client 2023-07-26 13:48:53,455 [INFO] Got response: '1690404533.342122'
client 2023-07-26 13:48:53,455 [INFO] The time difference between the client and the server is within range 110.084 ms..113.264 ms
client 2023-07-26 13:48:53,455 [INFO] Sending command to the server: 'session,2023-07-26_21-48-53,start,ranging'
client 2023-07-26 13:49:17,305 [INFO] Got response: 'OK'
client 2023-07-26 13:49:17,305 [INFO] Sending command to the server: 'time'
client 2023-07-26 13:49:17,308 [INFO] Got response: '1690404557.191663'
client 2023-07-26 13:49:17,308 [INFO] The time difference between the client and the server is within range 114.322 ms..116.929 ms
client 2023-07-26 13:49:17,308 [INFO] Running the workload 'CM_MLPERF_RUN_COUNT=$(cat ${CM_RUN_DIR}/count.txt); echo ${CM_MLPERF_RUN_COUNT}; CM_MLPERF_RUN_COUNT=$((CM_MLPERF_RUN_COUNT+1)); echo ${CM_MLPERF_RUN_COUNT} > ${CM_RUN_DIR}/count.txt && if [ ${CM_MLPERF_RUN_COUNT} -eq "1" ]; then export CM_MLPERF_USER_CONF=${CM_MLPERF_RANGING_USER_CONF}; else export CM_MLPERF_USER_CONF=${CM_MLPERF_TESTING_USER_CONF}; fi && /home/cmuser/run.out'
client 2023-07-26 13:54:18,183 [INFO] Sending command to the server: 'time'
client 2023-07-26 13:54:18,187 [INFO] Got response: '1690404858.0672677'
client 2023-07-26 13:54:18,187 [INFO] The time difference between the client and the server is within range 116.028 ms..120.114 ms
client 2023-07-26 13:54:18,187 [INFO] Sending command to the server: 'session,2023-07-26_21-48-53,stop,ranging'
client 2023-07-26 13:54:28,468 [INFO] Got response: 'OK'
client 2023-07-26 13:54:28,468 [INFO] Sending command to the server: 'time'
client 2023-07-26 13:54:28,470 [INFO] Got response: '1690404868.3470452'
client 2023-07-26 13:54:28,470 [INFO] The time difference between the client and the server is within range 121.495 ms..123.697 ms
client 2023-07-26 13:54:28,474 [INFO] Copying loadgen logs from '/home/cmuser/mobilenet_results/valid_results/bb3b3f2d4d2e-tflite_cpp-cpu-tflite-vmaster-default_config/mobilenet-v1-precision_uint8-0.25-128/singlestream/performance/run_1' to '/home/cmuser/mobilenet_results/valid_results/bb3b3f2d4d2e-tflite_cpp-cpu-tflite-vmaster-default_config/mobilenet-v1-precision_uint8-0.25-128/singlestream/performance/tmp_power/ranging'
client 2023-07-26 13:54:28,474 [INFO] Running workload in testing mode
client 2023-07-26 13:54:28,474 [INFO] Synchronizing with the server and with time.google.com...
client 2023-07-26 13:54:28,541 [INFO] NTP:offset = -0.002 s, delay = 0.014 s 
client 2023-07-26 13:54:28,541 [INFO] Sending command to the server: 'time'
client 2023-07-26 13:54:28,543 [INFO] Got response: '1690404868.4278438'
client 2023-07-26 13:54:28,543 [INFO] The time difference between the client and the server is within range 113.595 ms..115.768 ms
client 2023-07-26 13:54:28,543 [INFO] Sending command to the server: 'session,2023-07-26_21-48-53,start,testing'
client 2023-07-26 13:54:41,598 [INFO] Got response: 'OK'
client 2023-07-26 13:54:41,598 [INFO] Sending command to the server: 'time'
client 2023-07-26 13:54:41,600 [INFO] Got response: '1690404881.4803777'
client 2023-07-26 13:54:41,600 [INFO] The time difference between the client and the server is within range 117.831 ms..120.435 ms
client 2023-07-26 13:54:41,600 [INFO] Running the workload 'CM_MLPERF_RUN_COUNT=$(cat ${CM_RUN_DIR}/count.txt); echo ${CM_MLPERF_RUN_COUNT}; CM_MLPERF_RUN_COUNT=$((CM_MLPERF_RUN_COUNT+1)); echo ${CM_MLPERF_RUN_COUNT} > ${CM_RUN_DIR}/count.txt && if [ ${CM_MLPERF_RUN_COUNT} -eq "1" ]; then export CM_MLPERF_USER_CONF=${CM_MLPERF_RANGING_USER_CONF}; else export CM_MLPERF_USER_CONF=${CM_MLPERF_TESTING_USER_CONF}; fi && /home/cmuser/run.out'
client 2023-07-26 14:04:43,448 [INFO] Sending command to the server: 'time'
client 2023-07-26 14:04:43,455 [INFO] Got response: '1690405483.3266485'
client 2023-07-26 14:04:43,456 [INFO] The time difference between the client and the server is within range 122.161 ms..129.359 ms
client 2023-07-26 14:04:43,456 [INFO] Sending command to the server: 'session,2023-07-26_21-48-53,stop,testing'
client 2023-07-26 14:04:53,693 [INFO] Got response: 'OK'
client 2023-07-26 14:04:53,693 [INFO] Sending command to the server: 'time'
client 2023-07-26 14:04:53,695 [INFO] Got response: '1690405493.5713372'
client 2023-07-26 14:04:53,695 [INFO] The time difference between the client and the server is within range 122.016 ms..123.796 ms
client 2023-07-26 14:04:53,695 [INFO] Copying loadgen logs from '/home/cmuser/mobilenet_results/valid_results/bb3b3f2d4d2e-tflite_cpp-cpu-tflite-vmaster-default_config/mobilenet-v1-precision_uint8-0.25-128/singlestream/performance/run_1' to '/home/cmuser/mobilenet_results/valid_results/bb3b3f2d4d2e-tflite_cpp-cpu-tflite-vmaster-default_config/mobilenet-v1-precision_uint8-0.25-128/singlestream/performance/tmp_power/run_1'
client 2023-07-26 14:04:53,696 [INFO] Done runs
