client 2023-07-12 20:09:13,678 [INFO] Creating output directory '/home/arjun/mobilenet_results/valid_results/phoenix_Amd_Am5-tflite_cpp-cpu-tflite-vmaster-default_config/mobilenet-v1-precision_float-0.75-192/singlestream/performance/tmp_power'
client 2023-07-12 20:09:13,679 [INFO] Sending command to the server: 'mlcommons/power client v3'
client 2023-07-12 20:09:13,682 [INFO] Got response: 'mlcommons/power server v3'
client 2023-07-12 20:09:13,682 [INFO] Synchronizing with the server and with time.google.com...
client 2023-07-12 20:09:13,697 [INFO] NTP:offset = -0.007 s, delay = 0.014 s 
client 2023-07-12 20:09:13,697 [INFO] Sending command to the server: 'time'
client 2023-07-12 20:09:13,702 [INFO] Got response: '1689188953.6617362'
client 2023-07-12 20:09:13,702 [INFO] The time difference between the client and the server is within range 35.709 ms..40.686 ms
client 2023-07-12 20:09:13,702 [INFO] Sending command to the server: 'new,,2afcf3f6-b878-48b0-bc94-e2484ffa4b09'
client 2023-07-12 20:09:13,704 [INFO] Got response: 'OK 2023-07-12_20-09-13,33286e3f-9d90-4d4b-9da8-f5c9d75c6ec7'
client 2023-07-12 20:09:13,704 [INFO] Session id is '2023-07-12_20-09-13'
client 2023-07-12 20:09:13,705 [INFO] Sources: {"sources": {"__init__.py": "da39a3ee5e6b4b0d3255bfef95601890afd80709", "client.py": "33ca4f26368777ac06e01f9567b714a4b8063886", "lib/__init__.py": "da39a3ee5e6b4b0d3255bfef95601890afd80709", "lib/client.py": "ac2aa093c8e8bbc9569b9e2a3471bc64e58a2258", "lib/common.py": "611d8b29633d331eb19c9455ea3b5fa3284ed6df", "lib/external/__init__.py": "da39a3ee5e6b4b0d3255bfef95601890afd80709", "lib/external/ntplib.py": "4da8f970656505a40483206ef2b5d3dd5e81711d", "lib/server.py": "c7af63c31bb2fbedea4345f571f6e3507d268ada", "lib/source_hashes.py": "60a2e02193209e8d392803326208d5466342da18", "lib/summary.py": "aa92f0a3f975eecd44d3c0cd0236342ccc9f941d", "lib/time_sync.py": "122eba67a9abc85635223e054def53be1367ade2", "server.py": "c3f90f2f7eeb4db30727556d0c815ebc89b3d28b", "tests/unit/__init__.py": "da39a3ee5e6b4b0d3255bfef95601890afd80709", "tests/unit/test_server.py": "948c1995d4008bc2aa6c4046a34ffa3858d6d671", "tests/unit/test_source_hashes.py": "00468a2907583c593e6574a1f6b404e4651c221a"}, "modules": {"ptd_client_server.lib.client": "lib/client.py", "ptd_client_server.lib.common": "lib/common.py", "ptd_client_server.lib.external.ntplib": "lib/external/ntplib.py", "ptd_client_server.lib.source_hashes": "lib/source_hashes.py", "ptd_client_server.lib.summary": "lib/summary.py", "ptd_client_server.lib.time_sync": "lib/time_sync.py"}}
client 2023-07-12 20:09:13,705 [INFO] Running workload in ranging mode
client 2023-07-12 20:09:13,705 [INFO] Synchronizing with the server and with time.google.com...
client 2023-07-12 20:09:13,719 [INFO] NTP:offset = -0.007 s, delay = 0.014 s 
client 2023-07-12 20:09:13,719 [INFO] Sending command to the server: 'time'
client 2023-07-12 20:09:14,236 [INFO] Got response: '1689188954.193138'
client 2023-07-12 20:09:14,236 [INFO] The time difference between the client and the server is within range -473.302 ms..43.098 ms
client 2023-07-12 20:09:14,236 [WARNING] The time difference between the client and the server is more than 200 ms
client 2023-07-12 20:09:14,236 [INFO] Sending command to the server: 'set_ntp'
client 2023-07-12 20:09:15,279 [INFO] Got response: 'OK'
client 2023-07-12 20:09:15,279 [INFO] Synchronizing with time.google.com time using NTP...
client 2023-07-12 20:09:23,793 [INFO] Set system time at 2023-07-12 20:09:23.793060
client 2023-07-12 20:09:23,836 [INFO] NTP:offset = -0.007 s, delay = 0.025 s 
client 2023-07-12 20:09:23,836 [INFO] Sending command to the server: 'time'
client 2023-07-12 20:09:23,838 [INFO] Got response: '1689188963.8255372'
client 2023-07-12 20:09:23,838 [INFO] The time difference between the client and the server is within range 10.793 ms..12.845 ms
client 2023-07-12 20:09:23,838 [INFO] Sending command to the server: 'session,2023-07-12_20-09-13,start,ranging'
client 2023-07-12 20:09:47,656 [INFO] Got response: 'OK'
client 2023-07-12 20:09:47,657 [INFO] Sending command to the server: 'time'
client 2023-07-12 20:09:47,660 [INFO] Got response: '1689188987.6453786'
client 2023-07-12 20:09:47,660 [INFO] The time difference between the client and the server is within range 11.641 ms..14.730 ms
client 2023-07-12 20:09:47,660 [INFO] Running the workload 'CM_MLPERF_RUN_COUNT=$(cat ${CM_RUN_DIR}/count.txt); echo ${CM_MLPERF_RUN_COUNT}; CM_MLPERF_RUN_COUNT=$((CM_MLPERF_RUN_COUNT+1)); echo ${CM_MLPERF_RUN_COUNT} > ${CM_RUN_DIR}/count.txt && if [ ${CM_MLPERF_RUN_COUNT} -eq "1" ]; then export CM_MLPERF_USER_CONF=${CM_MLPERF_RANGING_USER_CONF}; else export CM_MLPERF_USER_CONF=${CM_MLPERF_TESTING_USER_CONF}; fi && /home/arjun/run.out'
client 2023-07-12 20:14:48,227 [INFO] Sending command to the server: 'time'
client 2023-07-12 20:14:48,268 [INFO] Got response: '1689189288.2535434'
client 2023-07-12 20:14:48,268 [INFO] The time difference between the client and the server is within range -26.253 ms..14.783 ms
client 2023-07-12 20:14:48,268 [INFO] Sending command to the server: 'session,2023-07-12_20-09-13,stop,ranging'
client 2023-07-12 20:14:58,900 [INFO] Got response: 'OK'
client 2023-07-12 20:14:58,900 [INFO] Sending command to the server: 'time'
client 2023-07-12 20:14:58,915 [INFO] Got response: '1689189298.8942826'
client 2023-07-12 20:14:58,915 [INFO] The time difference between the client and the server is within range 6.163 ms..21.366 ms
client 2023-07-12 20:14:58,918 [INFO] Copying loadgen logs from '/home/arjun/mobilenet_results/valid_results/phoenix_Amd_Am5-tflite_cpp-cpu-tflite-vmaster-default_config/mobilenet-v1-precision_float-0.75-192/singlestream/performance/run_1' to '/home/arjun/mobilenet_results/valid_results/phoenix_Amd_Am5-tflite_cpp-cpu-tflite-vmaster-default_config/mobilenet-v1-precision_float-0.75-192/singlestream/performance/tmp_power/ranging'
client 2023-07-12 20:14:58,923 [INFO] Running workload in testing mode
client 2023-07-12 20:14:58,923 [INFO] Synchronizing with the server and with time.google.com...
client 2023-07-12 20:14:58,939 [INFO] NTP:offset = -0.004 s, delay = 0.015 s 
client 2023-07-12 20:14:58,939 [INFO] Sending command to the server: 'time'
client 2023-07-12 20:14:58,941 [INFO] Got response: '1689189298.9253964'
client 2023-07-12 20:14:58,941 [INFO] The time difference between the client and the server is within range 14.060 ms..16.007 ms
client 2023-07-12 20:14:58,941 [INFO] Sending command to the server: 'session,2023-07-12_20-09-13,start,testing'
client 2023-07-12 20:15:11,996 [INFO] Got response: 'OK'
client 2023-07-12 20:15:11,996 [INFO] Sending command to the server: 'time'
client 2023-07-12 20:15:11,999 [INFO] Got response: '1689189311.9860337'
client 2023-07-12 20:15:11,999 [INFO] The time difference between the client and the server is within range 10.830 ms..13.767 ms
client 2023-07-12 20:15:11,999 [INFO] Running the workload 'CM_MLPERF_RUN_COUNT=$(cat ${CM_RUN_DIR}/count.txt); echo ${CM_MLPERF_RUN_COUNT}; CM_MLPERF_RUN_COUNT=$((CM_MLPERF_RUN_COUNT+1)); echo ${CM_MLPERF_RUN_COUNT} > ${CM_RUN_DIR}/count.txt && if [ ${CM_MLPERF_RUN_COUNT} -eq "1" ]; then export CM_MLPERF_USER_CONF=${CM_MLPERF_RANGING_USER_CONF}; else export CM_MLPERF_USER_CONF=${CM_MLPERF_TESTING_USER_CONF}; fi && /home/arjun/run.out'
client 2023-07-12 20:25:13,001 [INFO] Sending command to the server: 'time'
client 2023-07-12 20:25:13,004 [INFO] Got response: '1689189912.9785316'
client 2023-07-12 20:25:13,004 [INFO] The time difference between the client and the server is within range 22.919 ms..26.390 ms
client 2023-07-12 20:25:13,004 [INFO] Sending command to the server: 'session,2023-07-12_20-09-13,stop,testing'
client 2023-07-12 20:25:24,532 [INFO] Got response: 'OK'
client 2023-07-12 20:25:24,532 [INFO] Sending command to the server: 'time'
client 2023-07-12 20:25:24,534 [INFO] Got response: '1689189924.50463'
client 2023-07-12 20:25:24,534 [INFO] The time difference between the client and the server is within range 28.124 ms..29.856 ms
client 2023-07-12 20:25:24,534 [INFO] Copying loadgen logs from '/home/arjun/mobilenet_results/valid_results/phoenix_Amd_Am5-tflite_cpp-cpu-tflite-vmaster-default_config/mobilenet-v1-precision_float-0.75-192/singlestream/performance/run_1' to '/home/arjun/mobilenet_results/valid_results/phoenix_Amd_Am5-tflite_cpp-cpu-tflite-vmaster-default_config/mobilenet-v1-precision_float-0.75-192/singlestream/performance/tmp_power/run_1'
client 2023-07-12 20:25:24,535 [INFO] Done runs
