client 2023-08-04 02:50:01,729 [INFO] Creating output directory '/home/cmuser/results_dir/valid_results/cecdad8c31f6-nvidia_original-gpu-tensorrt-vdefault-default_config/resnet50/offline/performance/tmp_power'
client 2023-08-04 02:50:01,734 [INFO] Sending command to the server: 'mlcommons/power client v3'
client 2023-08-04 02:50:01,750 [INFO] Got response: 'mlcommons/power server v3'
client 2023-08-04 02:50:01,750 [INFO] Synchronizing with the server and with time.google.com...
client 2023-08-04 02:50:01,886 [INFO] NTP:offset = -0.000 s, delay = 0.015 s 
client 2023-08-04 02:50:01,886 [INFO] Sending command to the server: 'time'
client 2023-08-04 02:50:01,915 [INFO] Got response: '1691142601.7275'
client 2023-08-04 02:50:01,915 [INFO] The time difference between the client and the server is within range 159.048 ms..188.478 ms
client 2023-08-04 02:50:01,916 [INFO] Sending command to the server: 'new,,d170e007-e045-4cde-a97a-1f5e29d1cea8'
client 2023-08-04 02:50:01,931 [INFO] Got response: 'OK 2023-08-04_10-50-01,31cde75c-f5c9-482b-9ccb-f3616048bef5'
client 2023-08-04 02:50:01,931 [INFO] Session id is '2023-08-04_10-50-01'
client 2023-08-04 02:50:01,931 [INFO] Sources: {"sources": {"__init__.py": "da39a3ee5e6b4b0d3255bfef95601890afd80709", "client.py": "33ca4f26368777ac06e01f9567b714a4b8063886", "lib/__init__.py": "da39a3ee5e6b4b0d3255bfef95601890afd80709", "lib/client.py": "ac2aa093c8e8bbc9569b9e2a3471bc64e58a2258", "lib/common.py": "611d8b29633d331eb19c9455ea3b5fa3284ed6df", "lib/external/__init__.py": "da39a3ee5e6b4b0d3255bfef95601890afd80709", "lib/external/ntplib.py": "4da8f970656505a40483206ef2b5d3dd5e81711d", "lib/server.py": "c7af63c31bb2fbedea4345f571f6e3507d268ada", "lib/source_hashes.py": "60a2e02193209e8d392803326208d5466342da18", "lib/summary.py": "aa92f0a3f975eecd44d3c0cd0236342ccc9f941d", "lib/time_sync.py": "80894ef2389e540781ff78de94db16aa4203a14e", "server.py": "c3f90f2f7eeb4db30727556d0c815ebc89b3d28b", "tests/unit/__init__.py": "da39a3ee5e6b4b0d3255bfef95601890afd80709", "tests/unit/test_server.py": "948c1995d4008bc2aa6c4046a34ffa3858d6d671", "tests/unit/test_source_hashes.py": "00468a2907583c593e6574a1f6b404e4651c221a"}, "modules": {"ptd_client_server.lib.client": "lib/client.py", "ptd_client_server.lib.common": "lib/common.py", "ptd_client_server.lib.external.ntplib": "lib/external/ntplib.py", "ptd_client_server.lib.source_hashes": "lib/source_hashes.py", "ptd_client_server.lib.summary": "lib/summary.py", "ptd_client_server.lib.time_sync": "lib/time_sync.py"}}
client 2023-08-04 02:50:01,931 [INFO] Running workload in ranging mode
client 2023-08-04 02:50:01,931 [INFO] Synchronizing with the server and with time.google.com...
client 2023-08-04 02:50:01,993 [INFO] NTP:offset = 0.001 s, delay = 0.013 s 
client 2023-08-04 02:50:01,993 [INFO] Sending command to the server: 'time'
client 2023-08-04 02:50:02,000 [INFO] Got response: '1691142601.8103633'
client 2023-08-04 02:50:02,000 [INFO] The time difference between the client and the server is within range 183.308 ms..190.045 ms
client 2023-08-04 02:50:02,000 [INFO] Sending command to the server: 'session,2023-08-04_10-50-01,start,ranging'
client 2023-08-04 02:50:25,831 [INFO] Got response: 'OK'
client 2023-08-04 02:50:25,831 [INFO] Sending command to the server: 'time'
client 2023-08-04 02:50:25,859 [INFO] Got response: '1691142625.664667'
client 2023-08-04 02:50:25,859 [INFO] The time difference between the client and the server is within range 166.658 ms..194.605 ms
client 2023-08-04 02:50:25,859 [INFO] Running the workload 'CM_MLPERF_RUN_COUNT=$(cat ${CM_RUN_DIR}/count.txt); echo ${CM_MLPERF_RUN_COUNT}; CM_MLPERF_RUN_COUNT=$((CM_MLPERF_RUN_COUNT+1)); echo ${CM_MLPERF_RUN_COUNT} > ${CM_RUN_DIR}/count.txt && if [ ${CM_MLPERF_RUN_COUNT} -eq "1" ]; then export CM_MLPERF_USER_CONF=${CM_MLPERF_RANGING_USER_CONF}; else export CM_MLPERF_USER_CONF=${CM_MLPERF_TESTING_USER_CONF}; fi && make run_harness RUN_ARGS=" --benchmarks=resnet50 --scenarios=offline --test_mode=PerformanceOnly --offline_expected_qps=45000 --single_stream_expected_latency_ns=200000000 --multi_stream_expected_latency_ns=10000000 --user_conf_path=${CM_MLPERF_USER_CONF} --mlperf_conf_path=/home/cmuser/CM/repos/local/cache/8e4007dd35894603/inference/mlperf.conf --gpu_batch_size=64 --workspace_size=14238508288 --no_audit_verify "'
client 2023-08-04 02:55:58,182 [INFO] Sending command to the server: 'time'
client 2023-08-04 02:55:58,186 [INFO] Got response: '1691142957.9969926'
client 2023-08-04 02:55:58,186 [INFO] The time difference between the client and the server is within range 185.417 ms..189.829 ms
client 2023-08-04 02:55:58,186 [INFO] Sending command to the server: 'session,2023-08-04_10-50-01,stop,ranging'
client 2023-08-04 02:56:09,301 [INFO] Got response: 'OK'
client 2023-08-04 02:56:09,301 [INFO] Sending command to the server: 'time'
client 2023-08-04 02:56:09,303 [INFO] Got response: '1691142969.1207652'
client 2023-08-04 02:56:09,304 [INFO] The time difference between the client and the server is within range 180.553 ms..183.290 ms
client 2023-08-04 02:56:09,306 [INFO] Copying loadgen logs from '/home/cmuser/results_dir/valid_results/cecdad8c31f6-nvidia_original-gpu-tensorrt-vdefault-default_config/resnet50/offline/performance/run_1' to '/home/cmuser/results_dir/valid_results/cecdad8c31f6-nvidia_original-gpu-tensorrt-vdefault-default_config/resnet50/offline/performance/tmp_power/ranging'
client 2023-08-04 02:56:09,306 [INFO] Running workload in testing mode
client 2023-08-04 02:56:09,306 [INFO] Synchronizing with the server and with time.google.com...
client 2023-08-04 02:56:09,397 [INFO] NTP:offset = 0.001 s, delay = 0.014 s 
client 2023-08-04 02:56:09,397 [INFO] Sending command to the server: 'time'
client 2023-08-04 02:56:09,410 [INFO] Got response: '1691142969.2222555'
client 2023-08-04 02:56:09,410 [INFO] The time difference between the client and the server is within range 175.137 ms..188.210 ms
client 2023-08-04 02:56:09,410 [INFO] Sending command to the server: 'session,2023-08-04_10-50-01,start,testing'
client 2023-08-04 02:56:22,482 [INFO] Got response: 'OK'
client 2023-08-04 02:56:22,482 [INFO] Sending command to the server: 'time'
client 2023-08-04 02:56:22,491 [INFO] Got response: '1691142982.300024'
client 2023-08-04 02:56:22,491 [INFO] The time difference between the client and the server is within range 182.344 ms..191.248 ms
client 2023-08-04 02:56:22,491 [INFO] Running the workload 'CM_MLPERF_RUN_COUNT=$(cat ${CM_RUN_DIR}/count.txt); echo ${CM_MLPERF_RUN_COUNT}; CM_MLPERF_RUN_COUNT=$((CM_MLPERF_RUN_COUNT+1)); echo ${CM_MLPERF_RUN_COUNT} > ${CM_RUN_DIR}/count.txt && if [ ${CM_MLPERF_RUN_COUNT} -eq "1" ]; then export CM_MLPERF_USER_CONF=${CM_MLPERF_RANGING_USER_CONF}; else export CM_MLPERF_USER_CONF=${CM_MLPERF_TESTING_USER_CONF}; fi && make run_harness RUN_ARGS=" --benchmarks=resnet50 --scenarios=offline --test_mode=PerformanceOnly --offline_expected_qps=45000 --single_stream_expected_latency_ns=200000000 --multi_stream_expected_latency_ns=10000000 --user_conf_path=${CM_MLPERF_USER_CONF} --mlperf_conf_path=/home/cmuser/CM/repos/local/cache/8e4007dd35894603/inference/mlperf.conf --gpu_batch_size=64 --workspace_size=14238508288 --no_audit_verify "'
client 2023-08-04 03:07:21,523 [INFO] Sending command to the server: 'time'
client 2023-08-04 03:07:21,530 [INFO] Got response: '1691143641.3403733'
client 2023-08-04 03:07:21,530 [INFO] The time difference between the client and the server is within range 183.015 ms..189.993 ms
client 2023-08-04 03:07:21,530 [INFO] Sending command to the server: 'session,2023-08-04_10-50-01,stop,testing'
client 2023-08-04 03:07:32,530 [INFO] Got response: 'OK'
client 2023-08-04 03:07:32,530 [INFO] Sending command to the server: 'time'
client 2023-08-04 03:07:32,543 [INFO] Got response: '1691143652.3584285'
client 2023-08-04 03:07:32,543 [INFO] The time difference between the client and the server is within range 171.816 ms..184.986 ms
client 2023-08-04 03:07:32,543 [INFO] Copying loadgen logs from '/home/cmuser/results_dir/valid_results/cecdad8c31f6-nvidia_original-gpu-tensorrt-vdefault-default_config/resnet50/offline/performance/run_1' to '/home/cmuser/results_dir/valid_results/cecdad8c31f6-nvidia_original-gpu-tensorrt-vdefault-default_config/resnet50/offline/performance/tmp_power/run_1'
client 2023-08-04 03:07:32,544 [INFO] Done runs
