client 2023-07-27 07:17:57,918 [INFO] Creating output directory '/home/cmuser/mobilenet_results/valid_results/bb3b3f2d4d2e-tflite_cpp-cpu-tflite-vmaster-default_config/mobilenet-v3-precision_uint8-small-224/singlestream/performance/tmp_power'
client 2023-07-27 07:17:57,980 [INFO] Sending command to the server: 'mlcommons/power client v3'
client 2023-07-27 07:17:57,983 [INFO] Got response: 'mlcommons/power server v3'
client 2023-07-27 07:17:57,983 [INFO] Synchronizing with the server and with time.google.com...
client 2023-07-27 07:17:58,044 [INFO] NTP:offset = -0.002 s, delay = 0.019 s 
client 2023-07-27 07:17:58,045 [INFO] Sending command to the server: 'time'
client 2023-07-27 07:17:58,047 [INFO] Got response: '1690467477.8824244'
client 2023-07-27 07:17:58,047 [INFO] The time difference between the client and the server is within range 162.652 ms..164.856 ms
client 2023-07-27 07:17:58,047 [INFO] Sending command to the server: 'new,,197d9c21-5164-445f-a9cb-8d48d4f24e40'
client 2023-07-27 07:17:58,049 [INFO] Got response: 'OK 2023-07-27_15-17-57,f30c9558-082d-4ee2-904e-816d1da99532'
client 2023-07-27 07:17:58,049 [INFO] Session id is '2023-07-27_15-17-57'
client 2023-07-27 07:17:58,049 [INFO] Sources: {"sources": {"__init__.py": "da39a3ee5e6b4b0d3255bfef95601890afd80709", "client.py": "33ca4f26368777ac06e01f9567b714a4b8063886", "lib/__init__.py": "da39a3ee5e6b4b0d3255bfef95601890afd80709", "lib/client.py": "ac2aa093c8e8bbc9569b9e2a3471bc64e58a2258", "lib/common.py": "611d8b29633d331eb19c9455ea3b5fa3284ed6df", "lib/external/__init__.py": "da39a3ee5e6b4b0d3255bfef95601890afd80709", "lib/external/ntplib.py": "4da8f970656505a40483206ef2b5d3dd5e81711d", "lib/server.py": "c7af63c31bb2fbedea4345f571f6e3507d268ada", "lib/source_hashes.py": "60a2e02193209e8d392803326208d5466342da18", "lib/summary.py": "aa92f0a3f975eecd44d3c0cd0236342ccc9f941d", "lib/time_sync.py": "122eba67a9abc85635223e054def53be1367ade2", "server.py": "c3f90f2f7eeb4db30727556d0c815ebc89b3d28b", "tests/unit/__init__.py": "da39a3ee5e6b4b0d3255bfef95601890afd80709", "tests/unit/test_server.py": "948c1995d4008bc2aa6c4046a34ffa3858d6d671", "tests/unit/test_source_hashes.py": "00468a2907583c593e6574a1f6b404e4651c221a"}, "modules": {"ptd_client_server.lib.client": "lib/client.py", "ptd_client_server.lib.common": "lib/common.py", "ptd_client_server.lib.external.ntplib": "lib/external/ntplib.py", "ptd_client_server.lib.source_hashes": "lib/source_hashes.py", "ptd_client_server.lib.summary": "lib/summary.py", "ptd_client_server.lib.time_sync": "lib/time_sync.py"}}
client 2023-07-27 07:17:58,049 [INFO] Running workload in ranging mode
client 2023-07-27 07:17:58,049 [INFO] Synchronizing with the server and with time.google.com...
client 2023-07-27 07:17:58,106 [INFO] NTP:offset = -0.001 s, delay = 0.017 s 
client 2023-07-27 07:17:58,106 [INFO] Sending command to the server: 'time'
client 2023-07-27 07:17:58,109 [INFO] Got response: '1690467477.9437008'
client 2023-07-27 07:17:58,109 [INFO] The time difference between the client and the server is within range 162.833 ms..166.181 ms
client 2023-07-27 07:17:58,109 [INFO] Sending command to the server: 'session,2023-07-27_15-17-57,start,ranging'
client 2023-07-27 07:18:21,986 [INFO] Got response: 'OK'
client 2023-07-27 07:18:21,986 [INFO] Sending command to the server: 'time'
client 2023-07-27 07:18:21,989 [INFO] Got response: '1690467501.8303106'
client 2023-07-27 07:18:21,990 [INFO] The time difference between the client and the server is within range 156.276 ms..159.720 ms
client 2023-07-27 07:18:21,990 [INFO] Running the workload 'CM_MLPERF_RUN_COUNT=$(cat ${CM_RUN_DIR}/count.txt); echo ${CM_MLPERF_RUN_COUNT}; CM_MLPERF_RUN_COUNT=$((CM_MLPERF_RUN_COUNT+1)); echo ${CM_MLPERF_RUN_COUNT} > ${CM_RUN_DIR}/count.txt && if [ ${CM_MLPERF_RUN_COUNT} -eq "1" ]; then export CM_MLPERF_USER_CONF=${CM_MLPERF_RANGING_USER_CONF}; else export CM_MLPERF_USER_CONF=${CM_MLPERF_TESTING_USER_CONF}; fi && /home/cmuser/run.out'
client 2023-07-27 07:23:22,582 [INFO] Sending command to the server: 'time'
client 2023-07-27 07:23:22,586 [INFO] Got response: '1690467802.4218514'
client 2023-07-27 07:23:22,586 [INFO] The time difference between the client and the server is within range 160.428 ms..164.348 ms
client 2023-07-27 07:23:22,586 [INFO] Sending command to the server: 'session,2023-07-27_15-17-57,stop,ranging'
client 2023-07-27 07:23:33,199 [INFO] Got response: 'OK'
client 2023-07-27 07:23:33,199 [INFO] Sending command to the server: 'time'
client 2023-07-27 07:23:33,201 [INFO] Got response: '1690467813.0432167'
client 2023-07-27 07:23:33,201 [INFO] The time difference between the client and the server is within range 156.124 ms..158.666 ms
client 2023-07-27 07:23:33,205 [INFO] Copying loadgen logs from '/home/cmuser/mobilenet_results/valid_results/bb3b3f2d4d2e-tflite_cpp-cpu-tflite-vmaster-default_config/mobilenet-v3-precision_uint8-small-224/singlestream/performance/run_1' to '/home/cmuser/mobilenet_results/valid_results/bb3b3f2d4d2e-tflite_cpp-cpu-tflite-vmaster-default_config/mobilenet-v3-precision_uint8-small-224/singlestream/performance/tmp_power/ranging'
client 2023-07-27 07:23:33,205 [INFO] Running workload in testing mode
client 2023-07-27 07:23:33,205 [INFO] Synchronizing with the server and with time.google.com...
client 2023-07-27 07:23:33,252 [INFO] NTP:offset = -0.002 s, delay = 0.014 s 
client 2023-07-27 07:23:33,253 [INFO] Sending command to the server: 'time'
client 2023-07-27 07:23:33,255 [INFO] Got response: '1690467813.0935366'
client 2023-07-27 07:23:33,255 [INFO] The time difference between the client and the server is within range 159.552 ms..162.050 ms
client 2023-07-27 07:23:33,255 [INFO] Sending command to the server: 'session,2023-07-27_15-17-57,start,testing'
client 2023-07-27 07:23:46,326 [INFO] Got response: 'OK'
client 2023-07-27 07:23:46,326 [INFO] Sending command to the server: 'time'
client 2023-07-27 07:23:46,329 [INFO] Got response: '1690467826.1678963'
client 2023-07-27 07:23:46,329 [INFO] The time difference between the client and the server is within range 158.462 ms..161.997 ms
client 2023-07-27 07:23:46,329 [INFO] Running the workload 'CM_MLPERF_RUN_COUNT=$(cat ${CM_RUN_DIR}/count.txt); echo ${CM_MLPERF_RUN_COUNT}; CM_MLPERF_RUN_COUNT=$((CM_MLPERF_RUN_COUNT+1)); echo ${CM_MLPERF_RUN_COUNT} > ${CM_RUN_DIR}/count.txt && if [ ${CM_MLPERF_RUN_COUNT} -eq "1" ]; then export CM_MLPERF_USER_CONF=${CM_MLPERF_RANGING_USER_CONF}; else export CM_MLPERF_USER_CONF=${CM_MLPERF_TESTING_USER_CONF}; fi && /home/cmuser/run.out'
client 2023-07-27 07:33:47,450 [INFO] Sending command to the server: 'time'
client 2023-07-27 07:33:47,454 [INFO] Got response: '1690468427.2887862'
client 2023-07-27 07:33:47,454 [INFO] The time difference between the client and the server is within range 161.571 ms..165.736 ms
client 2023-07-27 07:33:47,454 [INFO] Sending command to the server: 'session,2023-07-27_15-17-57,stop,testing'
client 2023-07-27 07:33:58,403 [INFO] Got response: 'OK'
client 2023-07-27 07:33:58,403 [INFO] Sending command to the server: 'time'
client 2023-07-27 07:33:58,405 [INFO] Got response: '1690468438.237211'
client 2023-07-27 07:33:58,405 [INFO] The time difference between the client and the server is within range 166.215 ms..168.710 ms
client 2023-07-27 07:33:58,406 [INFO] Copying loadgen logs from '/home/cmuser/mobilenet_results/valid_results/bb3b3f2d4d2e-tflite_cpp-cpu-tflite-vmaster-default_config/mobilenet-v3-precision_uint8-small-224/singlestream/performance/run_1' to '/home/cmuser/mobilenet_results/valid_results/bb3b3f2d4d2e-tflite_cpp-cpu-tflite-vmaster-default_config/mobilenet-v3-precision_uint8-small-224/singlestream/performance/tmp_power/run_1'
client 2023-07-27 07:33:58,406 [INFO] Done runs
