client 2023-07-26 16:30:15,926 [INFO] Creating output directory '/home/cmuser/mobilenet_results/valid_results/bb3b3f2d4d2e-tflite_cpp-cpu-tflite-vmaster-default_config/mobilenet-v2-precision_uint8-0.75-224/singlestream/performance/tmp_power'
client 2023-07-26 16:30:15,928 [INFO] Sending command to the server: 'mlcommons/power client v3'
client 2023-07-26 16:30:15,930 [INFO] Got response: 'mlcommons/power server v3'
client 2023-07-26 16:30:15,930 [INFO] Synchronizing with the server and with time.google.com...
client 2023-07-26 16:30:15,995 [INFO] NTP:offset = 0.000 s, delay = 0.012 s 
client 2023-07-26 16:30:15,995 [INFO] Sending command to the server: 'time'
client 2023-07-26 16:30:15,999 [INFO] Got response: '1690414215.8644521'
client 2023-07-26 16:30:15,999 [INFO] The time difference between the client and the server is within range 131.229 ms..134.984 ms
client 2023-07-26 16:30:15,999 [INFO] Sending command to the server: 'new,,d9d5faa1-d8cc-48c6-836f-78bada9387fc'
client 2023-07-26 16:30:16,003 [INFO] Got response: 'OK 2023-07-27_00-30-15,1ed0f00f-b2fd-42e6-8552-a7109bb847e0'
client 2023-07-26 16:30:16,003 [INFO] Session id is '2023-07-27_00-30-15'
client 2023-07-26 16:30:16,003 [INFO] Sources: {"sources": {"__init__.py": "da39a3ee5e6b4b0d3255bfef95601890afd80709", "client.py": "33ca4f26368777ac06e01f9567b714a4b8063886", "lib/__init__.py": "da39a3ee5e6b4b0d3255bfef95601890afd80709", "lib/client.py": "ac2aa093c8e8bbc9569b9e2a3471bc64e58a2258", "lib/common.py": "611d8b29633d331eb19c9455ea3b5fa3284ed6df", "lib/external/__init__.py": "da39a3ee5e6b4b0d3255bfef95601890afd80709", "lib/external/ntplib.py": "4da8f970656505a40483206ef2b5d3dd5e81711d", "lib/server.py": "c7af63c31bb2fbedea4345f571f6e3507d268ada", "lib/source_hashes.py": "60a2e02193209e8d392803326208d5466342da18", "lib/summary.py": "aa92f0a3f975eecd44d3c0cd0236342ccc9f941d", "lib/time_sync.py": "122eba67a9abc85635223e054def53be1367ade2", "server.py": "c3f90f2f7eeb4db30727556d0c815ebc89b3d28b", "tests/unit/__init__.py": "da39a3ee5e6b4b0d3255bfef95601890afd80709", "tests/unit/test_server.py": "948c1995d4008bc2aa6c4046a34ffa3858d6d671", "tests/unit/test_source_hashes.py": "00468a2907583c593e6574a1f6b404e4651c221a"}, "modules": {"ptd_client_server.lib.client": "lib/client.py", "ptd_client_server.lib.common": "lib/common.py", "ptd_client_server.lib.external.ntplib": "lib/external/ntplib.py", "ptd_client_server.lib.source_hashes": "lib/source_hashes.py", "ptd_client_server.lib.summary": "lib/summary.py", "ptd_client_server.lib.time_sync": "lib/time_sync.py"}}
client 2023-07-26 16:30:16,003 [INFO] Running workload in ranging mode
client 2023-07-26 16:30:16,003 [INFO] Synchronizing with the server and with time.google.com...
client 2023-07-26 16:30:16,070 [INFO] NTP:offset = -0.000 s, delay = 0.014 s 
client 2023-07-26 16:30:16,071 [INFO] Sending command to the server: 'time'
client 2023-07-26 16:30:16,075 [INFO] Got response: '1690414215.9351835'
client 2023-07-26 16:30:16,075 [INFO] The time difference between the client and the server is within range 135.842 ms..140.688 ms
client 2023-07-26 16:30:16,075 [INFO] Sending command to the server: 'session,2023-07-27_00-30-15,start,ranging'
client 2023-07-26 16:30:39,969 [INFO] Got response: 'OK'
client 2023-07-26 16:30:39,969 [INFO] Sending command to the server: 'time'
client 2023-07-26 16:30:39,975 [INFO] Got response: '1690414239.8402486'
client 2023-07-26 16:30:39,975 [INFO] The time difference between the client and the server is within range 129.015 ms..135.618 ms
client 2023-07-26 16:30:39,975 [INFO] Running the workload 'CM_MLPERF_RUN_COUNT=$(cat ${CM_RUN_DIR}/count.txt); echo ${CM_MLPERF_RUN_COUNT}; CM_MLPERF_RUN_COUNT=$((CM_MLPERF_RUN_COUNT+1)); echo ${CM_MLPERF_RUN_COUNT} > ${CM_RUN_DIR}/count.txt && if [ ${CM_MLPERF_RUN_COUNT} -eq "1" ]; then export CM_MLPERF_USER_CONF=${CM_MLPERF_RANGING_USER_CONF}; else export CM_MLPERF_USER_CONF=${CM_MLPERF_TESTING_USER_CONF}; fi && /home/cmuser/run.out'
client 2023-07-26 16:35:40,571 [INFO] Sending command to the server: 'time'
client 2023-07-26 16:35:40,576 [INFO] Got response: '1690414540.4363554'
client 2023-07-26 16:35:40,576 [INFO] The time difference between the client and the server is within range 135.104 ms..139.730 ms
client 2023-07-26 16:35:40,576 [INFO] Sending command to the server: 'session,2023-07-27_00-30-15,stop,ranging'
client 2023-07-26 16:35:51,351 [INFO] Got response: 'OK'
client 2023-07-26 16:35:51,351 [INFO] Sending command to the server: 'time'
client 2023-07-26 16:35:51,354 [INFO] Got response: '1690414551.2159238'
client 2023-07-26 16:35:51,354 [INFO] The time difference between the client and the server is within range 135.274 ms..138.629 ms
client 2023-07-26 16:35:51,357 [INFO] Copying loadgen logs from '/home/cmuser/mobilenet_results/valid_results/bb3b3f2d4d2e-tflite_cpp-cpu-tflite-vmaster-default_config/mobilenet-v2-precision_uint8-0.75-224/singlestream/performance/run_1' to '/home/cmuser/mobilenet_results/valid_results/bb3b3f2d4d2e-tflite_cpp-cpu-tflite-vmaster-default_config/mobilenet-v2-precision_uint8-0.75-224/singlestream/performance/tmp_power/ranging'
client 2023-07-26 16:35:51,358 [INFO] Running workload in testing mode
client 2023-07-26 16:35:51,358 [INFO] Synchronizing with the server and with time.google.com...
client 2023-07-26 16:35:51,437 [INFO] NTP:offset = 0.000 s, delay = 0.014 s 
client 2023-07-26 16:35:51,437 [INFO] Sending command to the server: 'time'
client 2023-07-26 16:35:51,440 [INFO] Got response: '1690414551.3059564'
client 2023-07-26 16:35:51,440 [INFO] The time difference between the client and the server is within range 131.588 ms..134.627 ms
client 2023-07-26 16:35:51,440 [INFO] Sending command to the server: 'session,2023-07-27_00-30-15,start,testing'
client 2023-07-26 16:36:04,494 [INFO] Got response: 'OK'
client 2023-07-26 16:36:04,495 [INFO] Sending command to the server: 'time'
client 2023-07-26 16:36:04,497 [INFO] Got response: '1690414564.3562384'
client 2023-07-26 16:36:04,497 [INFO] The time difference between the client and the server is within range 138.780 ms..141.579 ms
client 2023-07-26 16:36:04,497 [INFO] Running the workload 'CM_MLPERF_RUN_COUNT=$(cat ${CM_RUN_DIR}/count.txt); echo ${CM_MLPERF_RUN_COUNT}; CM_MLPERF_RUN_COUNT=$((CM_MLPERF_RUN_COUNT+1)); echo ${CM_MLPERF_RUN_COUNT} > ${CM_RUN_DIR}/count.txt && if [ ${CM_MLPERF_RUN_COUNT} -eq "1" ]; then export CM_MLPERF_USER_CONF=${CM_MLPERF_RANGING_USER_CONF}; else export CM_MLPERF_USER_CONF=${CM_MLPERF_TESTING_USER_CONF}; fi && /home/cmuser/run.out'
client 2023-07-26 16:46:05,613 [INFO] Sending command to the server: 'time'
client 2023-07-26 16:46:05,618 [INFO] Got response: '1690415165.4756162'
client 2023-07-26 16:46:05,618 [INFO] The time difference between the client and the server is within range 138.194 ms..142.553 ms
client 2023-07-26 16:46:05,618 [INFO] Sending command to the server: 'session,2023-07-27_00-30-15,stop,testing'
client 2023-07-26 16:46:16,579 [INFO] Got response: 'OK'
client 2023-07-26 16:46:16,579 [INFO] Sending command to the server: 'time'
client 2023-07-26 16:46:16,581 [INFO] Got response: '1690415176.4444675'
client 2023-07-26 16:46:16,581 [INFO] The time difference between the client and the server is within range 134.837 ms..137.110 ms
client 2023-07-26 16:46:16,582 [INFO] Copying loadgen logs from '/home/cmuser/mobilenet_results/valid_results/bb3b3f2d4d2e-tflite_cpp-cpu-tflite-vmaster-default_config/mobilenet-v2-precision_uint8-0.75-224/singlestream/performance/run_1' to '/home/cmuser/mobilenet_results/valid_results/bb3b3f2d4d2e-tflite_cpp-cpu-tflite-vmaster-default_config/mobilenet-v2-precision_uint8-0.75-224/singlestream/performance/tmp_power/run_1'
client 2023-07-26 16:46:16,582 [INFO] Done runs
