client 2023-07-26 10:19:09,212 [INFO] Creating output directory '/home/cmuser/mobilenet_results/valid_results/bb3b3f2d4d2e-tflite_cpp-cpu-tflite-vmaster-default_config/mobilenet-v1-precision_uint8-0.5-224/singlestream/performance/tmp_power'
client 2023-07-26 10:19:09,214 [INFO] Sending command to the server: 'mlcommons/power client v3'
client 2023-07-26 10:19:09,218 [INFO] Got response: 'mlcommons/power server v3'
client 2023-07-26 10:19:09,218 [INFO] Synchronizing with the server and with time.google.com...
client 2023-07-26 10:19:09,281 [INFO] NTP:offset = -0.001 s, delay = 0.015 s 
client 2023-07-26 10:19:09,281 [INFO] Sending command to the server: 'time'
client 2023-07-26 10:19:09,284 [INFO] Got response: '1690391949.1060865'
client 2023-07-26 10:19:09,284 [INFO] The time difference between the client and the server is within range 175.056 ms..178.115 ms
client 2023-07-26 10:19:09,284 [INFO] Sending command to the server: 'new,,0f5eace6-cbcd-4736-a9d7-31ce6802d3d0'
client 2023-07-26 10:19:09,287 [INFO] Got response: 'OK 2023-07-26_18-19-09,a6cca85c-60b6-4d39-9eb7-601f58226539'
client 2023-07-26 10:19:09,287 [INFO] Session id is '2023-07-26_18-19-09'
client 2023-07-26 10:19:09,287 [INFO] Sources: {"sources": {"__init__.py": "da39a3ee5e6b4b0d3255bfef95601890afd80709", "client.py": "33ca4f26368777ac06e01f9567b714a4b8063886", "lib/__init__.py": "da39a3ee5e6b4b0d3255bfef95601890afd80709", "lib/client.py": "ac2aa093c8e8bbc9569b9e2a3471bc64e58a2258", "lib/common.py": "611d8b29633d331eb19c9455ea3b5fa3284ed6df", "lib/external/__init__.py": "da39a3ee5e6b4b0d3255bfef95601890afd80709", "lib/external/ntplib.py": "4da8f970656505a40483206ef2b5d3dd5e81711d", "lib/server.py": "c7af63c31bb2fbedea4345f571f6e3507d268ada", "lib/source_hashes.py": "60a2e02193209e8d392803326208d5466342da18", "lib/summary.py": "aa92f0a3f975eecd44d3c0cd0236342ccc9f941d", "lib/time_sync.py": "122eba67a9abc85635223e054def53be1367ade2", "server.py": "c3f90f2f7eeb4db30727556d0c815ebc89b3d28b", "tests/unit/__init__.py": "da39a3ee5e6b4b0d3255bfef95601890afd80709", "tests/unit/test_server.py": "948c1995d4008bc2aa6c4046a34ffa3858d6d671", "tests/unit/test_source_hashes.py": "00468a2907583c593e6574a1f6b404e4651c221a"}, "modules": {"ptd_client_server.lib.client": "lib/client.py", "ptd_client_server.lib.common": "lib/common.py", "ptd_client_server.lib.external.ntplib": "lib/external/ntplib.py", "ptd_client_server.lib.source_hashes": "lib/source_hashes.py", "ptd_client_server.lib.summary": "lib/summary.py", "ptd_client_server.lib.time_sync": "lib/time_sync.py"}}
client 2023-07-26 10:19:09,287 [INFO] Running workload in ranging mode
client 2023-07-26 10:19:09,287 [INFO] Synchronizing with the server and with time.google.com...
client 2023-07-26 10:19:09,344 [INFO] NTP:offset = -0.002 s, delay = 0.017 s 
client 2023-07-26 10:19:09,345 [INFO] Sending command to the server: 'time'
client 2023-07-26 10:19:09,347 [INFO] Got response: '1690391949.1659944'
client 2023-07-26 10:19:09,347 [INFO] The time difference between the client and the server is within range 179.088 ms..181.458 ms
client 2023-07-26 10:19:09,347 [INFO] Sending command to the server: 'session,2023-07-26_18-19-09,start,ranging'
client 2023-07-26 10:19:33,233 [INFO] Got response: 'OK'
client 2023-07-26 10:19:33,233 [INFO] Sending command to the server: 'time'
client 2023-07-26 10:19:33,236 [INFO] Got response: '1690391973.054934'
client 2023-07-26 10:19:33,236 [INFO] The time difference between the client and the server is within range 178.816 ms..181.571 ms
client 2023-07-26 10:19:33,236 [INFO] Running the workload 'CM_MLPERF_RUN_COUNT=$(cat ${CM_RUN_DIR}/count.txt); echo ${CM_MLPERF_RUN_COUNT}; CM_MLPERF_RUN_COUNT=$((CM_MLPERF_RUN_COUNT+1)); echo ${CM_MLPERF_RUN_COUNT} > ${CM_RUN_DIR}/count.txt && if [ ${CM_MLPERF_RUN_COUNT} -eq "1" ]; then export CM_MLPERF_USER_CONF=${CM_MLPERF_RANGING_USER_CONF}; else export CM_MLPERF_USER_CONF=${CM_MLPERF_TESTING_USER_CONF}; fi && /home/cmuser/run.out'
client 2023-07-26 10:24:33,845 [INFO] Sending command to the server: 'time'
client 2023-07-26 10:24:33,848 [INFO] Got response: '1690392273.662464'
client 2023-07-26 10:24:33,848 [INFO] The time difference between the client and the server is within range 182.939 ms..185.832 ms
client 2023-07-26 10:24:33,848 [INFO] Sending command to the server: 'session,2023-07-26_18-19-09,stop,ranging'
client 2023-07-26 10:24:44,688 [INFO] Got response: 'OK'
client 2023-07-26 10:24:44,688 [INFO] Sending command to the server: 'time'
client 2023-07-26 10:24:44,690 [INFO] Got response: '1690392284.500779'
client 2023-07-26 10:24:44,690 [INFO] The time difference between the client and the server is within range 187.341 ms..189.304 ms
client 2023-07-26 10:24:44,693 [INFO] Copying loadgen logs from '/home/cmuser/mobilenet_results/valid_results/bb3b3f2d4d2e-tflite_cpp-cpu-tflite-vmaster-default_config/mobilenet-v1-precision_uint8-0.5-224/singlestream/performance/run_1' to '/home/cmuser/mobilenet_results/valid_results/bb3b3f2d4d2e-tflite_cpp-cpu-tflite-vmaster-default_config/mobilenet-v1-precision_uint8-0.5-224/singlestream/performance/tmp_power/ranging'
client 2023-07-26 10:24:44,693 [INFO] Running workload in testing mode
client 2023-07-26 10:24:44,693 [INFO] Synchronizing with the server and with time.google.com...
client 2023-07-26 10:24:45,081 [INFO] NTP:offset = -0.002 s, delay = 0.014 s 
client 2023-07-26 10:24:45,081 [INFO] Sending command to the server: 'time'
client 2023-07-26 10:24:45,085 [INFO] Got response: '1690392284.895397'
client 2023-07-26 10:24:45,085 [INFO] The time difference between the client and the server is within range 186.063 ms..190.108 ms
client 2023-07-26 10:24:45,085 [INFO] Sending command to the server: 'session,2023-07-26_18-19-09,start,testing'
client 2023-07-26 10:24:58,141 [INFO] Got response: 'OK'
client 2023-07-26 10:24:58,141 [INFO] Sending command to the server: 'time'
client 2023-07-26 10:24:58,144 [INFO] Got response: '1690392297.960008'
client 2023-07-26 10:24:58,144 [INFO] The time difference between the client and the server is within range 181.725 ms..184.753 ms
client 2023-07-26 10:24:58,144 [INFO] Running the workload 'CM_MLPERF_RUN_COUNT=$(cat ${CM_RUN_DIR}/count.txt); echo ${CM_MLPERF_RUN_COUNT}; CM_MLPERF_RUN_COUNT=$((CM_MLPERF_RUN_COUNT+1)); echo ${CM_MLPERF_RUN_COUNT} > ${CM_RUN_DIR}/count.txt && if [ ${CM_MLPERF_RUN_COUNT} -eq "1" ]; then export CM_MLPERF_USER_CONF=${CM_MLPERF_RANGING_USER_CONF}; else export CM_MLPERF_USER_CONF=${CM_MLPERF_TESTING_USER_CONF}; fi && /home/cmuser/run.out'
client 2023-07-26 10:34:59,314 [INFO] Sending command to the server: 'time'
client 2023-07-26 10:34:59,318 [INFO] Got response: '1690392899.1221805'
client 2023-07-26 10:34:59,318 [INFO] The time difference between the client and the server is within range 192.500 ms..196.302 ms
client 2023-07-26 10:34:59,318 [INFO] Sending command to the server: 'session,2023-07-26_18-19-09,stop,testing'
client 2023-07-26 10:35:10,199 [INFO] Got response: 'OK'
client 2023-07-26 10:35:10,199 [INFO] Sending command to the server: 'time'
client 2023-07-26 10:35:10,201 [INFO] Got response: '1690392910.0100687'
client 2023-07-26 10:35:10,201 [INFO] The time difference between the client and the server is within range 189.833 ms..191.667 ms
client 2023-07-26 10:35:10,202 [INFO] Copying loadgen logs from '/home/cmuser/mobilenet_results/valid_results/bb3b3f2d4d2e-tflite_cpp-cpu-tflite-vmaster-default_config/mobilenet-v1-precision_uint8-0.5-224/singlestream/performance/run_1' to '/home/cmuser/mobilenet_results/valid_results/bb3b3f2d4d2e-tflite_cpp-cpu-tflite-vmaster-default_config/mobilenet-v1-precision_uint8-0.5-224/singlestream/performance/tmp_power/run_1'
client 2023-07-26 10:35:10,202 [INFO] Done runs
