client 2023-07-26 21:20:47,321 [INFO] Creating output directory '/home/cmuser/mobilenet_results/valid_results/bb3b3f2d4d2e-tflite_cpp-cpu-tflite-vmaster-default_config/mobilenet-v2-precision_float-0.35-160/singlestream/performance/tmp_power'
client 2023-07-26 21:20:47,323 [INFO] Sending command to the server: 'mlcommons/power client v3'
client 2023-07-26 21:20:47,325 [INFO] Got response: 'mlcommons/power server v3'
client 2023-07-26 21:20:47,325 [INFO] Synchronizing with the server and with time.google.com...
client 2023-07-26 21:20:47,383 [INFO] NTP:offset = -0.000 s, delay = 0.017 s 
client 2023-07-26 21:20:47,383 [INFO] Sending command to the server: 'time'
client 2023-07-26 21:20:47,386 [INFO] Got response: '1690431647.3187764'
client 2023-07-26 21:20:47,386 [INFO] The time difference between the client and the server is within range 64.713 ms..67.932 ms
client 2023-07-26 21:20:47,386 [INFO] Sending command to the server: 'new,,65fa434f-fc57-4c6f-876c-9018e9e3de14'
client 2023-07-26 21:20:47,391 [INFO] Got response: 'OK 2023-07-27_05-20-47,e34bcf93-0733-4b88-9c12-d3eca2d86269'
client 2023-07-26 21:20:47,391 [INFO] Session id is '2023-07-27_05-20-47'
client 2023-07-26 21:20:47,391 [INFO] Sources: {"sources": {"__init__.py": "da39a3ee5e6b4b0d3255bfef95601890afd80709", "client.py": "33ca4f26368777ac06e01f9567b714a4b8063886", "lib/__init__.py": "da39a3ee5e6b4b0d3255bfef95601890afd80709", "lib/client.py": "ac2aa093c8e8bbc9569b9e2a3471bc64e58a2258", "lib/common.py": "611d8b29633d331eb19c9455ea3b5fa3284ed6df", "lib/external/__init__.py": "da39a3ee5e6b4b0d3255bfef95601890afd80709", "lib/external/ntplib.py": "4da8f970656505a40483206ef2b5d3dd5e81711d", "lib/server.py": "c7af63c31bb2fbedea4345f571f6e3507d268ada", "lib/source_hashes.py": "60a2e02193209e8d392803326208d5466342da18", "lib/summary.py": "aa92f0a3f975eecd44d3c0cd0236342ccc9f941d", "lib/time_sync.py": "122eba67a9abc85635223e054def53be1367ade2", "server.py": "c3f90f2f7eeb4db30727556d0c815ebc89b3d28b", "tests/unit/__init__.py": "da39a3ee5e6b4b0d3255bfef95601890afd80709", "tests/unit/test_server.py": "948c1995d4008bc2aa6c4046a34ffa3858d6d671", "tests/unit/test_source_hashes.py": "00468a2907583c593e6574a1f6b404e4651c221a"}, "modules": {"ptd_client_server.lib.client": "lib/client.py", "ptd_client_server.lib.common": "lib/common.py", "ptd_client_server.lib.external.ntplib": "lib/external/ntplib.py", "ptd_client_server.lib.source_hashes": "lib/source_hashes.py", "ptd_client_server.lib.summary": "lib/summary.py", "ptd_client_server.lib.time_sync": "lib/time_sync.py"}}
client 2023-07-26 21:20:47,391 [INFO] Running workload in ranging mode
client 2023-07-26 21:20:47,391 [INFO] Synchronizing with the server and with time.google.com...
client 2023-07-26 21:20:47,442 [INFO] NTP:offset = 0.001 s, delay = 0.015 s 
client 2023-07-26 21:20:47,442 [INFO] Sending command to the server: 'time'
client 2023-07-26 21:20:47,444 [INFO] Got response: '1690431647.3783455'
client 2023-07-26 21:20:47,444 [INFO] The time difference between the client and the server is within range 64.150 ms..66.339 ms
client 2023-07-26 21:20:47,444 [INFO] Sending command to the server: 'session,2023-07-27_05-20-47,start,ranging'
client 2023-07-26 21:21:11,311 [INFO] Got response: 'OK'
client 2023-07-26 21:21:11,311 [INFO] Sending command to the server: 'time'
client 2023-07-26 21:21:11,313 [INFO] Got response: '1690431671.2472079'
client 2023-07-26 21:21:11,313 [INFO] The time difference between the client and the server is within range 64.715 ms..66.456 ms
client 2023-07-26 21:21:11,313 [INFO] Running the workload 'CM_MLPERF_RUN_COUNT=$(cat ${CM_RUN_DIR}/count.txt); echo ${CM_MLPERF_RUN_COUNT}; CM_MLPERF_RUN_COUNT=$((CM_MLPERF_RUN_COUNT+1)); echo ${CM_MLPERF_RUN_COUNT} > ${CM_RUN_DIR}/count.txt && if [ ${CM_MLPERF_RUN_COUNT} -eq "1" ]; then export CM_MLPERF_USER_CONF=${CM_MLPERF_RANGING_USER_CONF}; else export CM_MLPERF_USER_CONF=${CM_MLPERF_TESTING_USER_CONF}; fi && /home/cmuser/run.out'
client 2023-07-26 21:26:11,973 [INFO] Sending command to the server: 'time'
client 2023-07-26 21:26:11,976 [INFO] Got response: '1690431971.905063'
client 2023-07-26 21:26:11,976 [INFO] The time difference between the client and the server is within range 67.998 ms..71.745 ms
client 2023-07-26 21:26:11,976 [INFO] Sending command to the server: 'session,2023-07-27_05-20-47,stop,ranging'
client 2023-07-26 21:26:22,505 [INFO] Got response: 'OK'
client 2023-07-26 21:26:22,505 [INFO] Sending command to the server: 'time'
client 2023-07-26 21:26:22,508 [INFO] Got response: '1690431982.4343443'
client 2023-07-26 21:26:22,508 [INFO] The time difference between the client and the server is within range 71.493 ms..74.136 ms
client 2023-07-26 21:26:22,511 [INFO] Copying loadgen logs from '/home/cmuser/mobilenet_results/valid_results/bb3b3f2d4d2e-tflite_cpp-cpu-tflite-vmaster-default_config/mobilenet-v2-precision_float-0.35-160/singlestream/performance/run_1' to '/home/cmuser/mobilenet_results/valid_results/bb3b3f2d4d2e-tflite_cpp-cpu-tflite-vmaster-default_config/mobilenet-v2-precision_float-0.35-160/singlestream/performance/tmp_power/ranging'
client 2023-07-26 21:26:22,512 [INFO] Running workload in testing mode
client 2023-07-26 21:26:22,512 [INFO] Synchronizing with the server and with time.google.com...
client 2023-07-26 21:26:22,574 [INFO] NTP:offset = -0.001 s, delay = 0.014 s 
client 2023-07-26 21:26:22,574 [INFO] Sending command to the server: 'time'
client 2023-07-26 21:26:22,576 [INFO] Got response: '1690431982.5047798'
client 2023-07-26 21:26:22,577 [INFO] The time difference between the client and the server is within range 69.751 ms..72.236 ms
client 2023-07-26 21:26:22,577 [INFO] Sending command to the server: 'session,2023-07-27_05-20-47,start,testing'
client 2023-07-26 21:26:35,621 [INFO] Got response: 'OK'
client 2023-07-26 21:26:35,621 [INFO] Sending command to the server: 'time'
client 2023-07-26 21:26:35,623 [INFO] Got response: '1690431995.5529137'
client 2023-07-26 21:26:35,623 [INFO] The time difference between the client and the server is within range 68.200 ms..70.795 ms
client 2023-07-26 21:26:35,623 [INFO] Running the workload 'CM_MLPERF_RUN_COUNT=$(cat ${CM_RUN_DIR}/count.txt); echo ${CM_MLPERF_RUN_COUNT}; CM_MLPERF_RUN_COUNT=$((CM_MLPERF_RUN_COUNT+1)); echo ${CM_MLPERF_RUN_COUNT} > ${CM_RUN_DIR}/count.txt && if [ ${CM_MLPERF_RUN_COUNT} -eq "1" ]; then export CM_MLPERF_USER_CONF=${CM_MLPERF_RANGING_USER_CONF}; else export CM_MLPERF_USER_CONF=${CM_MLPERF_TESTING_USER_CONF}; fi && /home/cmuser/run.out'
client 2023-07-26 21:36:36,913 [INFO] Sending command to the server: 'time'
client 2023-07-26 21:36:36,917 [INFO] Got response: '1690432596.8437083'
client 2023-07-26 21:36:36,917 [INFO] The time difference between the client and the server is within range 70.148 ms..73.736 ms
client 2023-07-26 21:36:36,917 [INFO] Sending command to the server: 'session,2023-07-27_05-20-47,stop,testing'
client 2023-07-26 21:36:47,710 [INFO] Got response: 'OK'
client 2023-07-26 21:36:47,710 [INFO] Sending command to the server: 'time'
client 2023-07-26 21:36:47,712 [INFO] Got response: '1690432607.6347423'
client 2023-07-26 21:36:47,712 [INFO] The time difference between the client and the server is within range 76.248 ms..78.093 ms
client 2023-07-26 21:36:47,713 [INFO] Copying loadgen logs from '/home/cmuser/mobilenet_results/valid_results/bb3b3f2d4d2e-tflite_cpp-cpu-tflite-vmaster-default_config/mobilenet-v2-precision_float-0.35-160/singlestream/performance/run_1' to '/home/cmuser/mobilenet_results/valid_results/bb3b3f2d4d2e-tflite_cpp-cpu-tflite-vmaster-default_config/mobilenet-v2-precision_float-0.35-160/singlestream/performance/tmp_power/run_1'
client 2023-07-26 21:36:47,713 [INFO] Done runs
