client 2023-07-23 17:01:20,670 [INFO] Creating output directory '/home/cmuser/results_dir/valid_results/28df27c48ad9-nvidia_original-gpu-tensorrt-vdefault-default_config/bert-99.9/offline/performance/tmp_power'
client 2023-07-23 17:01:20,675 [INFO] Sending command to the server: 'mlcommons/power client v3'
client 2023-07-23 17:01:20,680 [INFO] Got response: 'mlcommons/power server v3'
client 2023-07-23 17:01:20,680 [INFO] Synchronizing with the server and with time.google.com...
client 2023-07-23 17:01:20,749 [INFO] NTP:offset = -0.001 s, delay = 0.016 s 
client 2023-07-23 17:01:20,749 [INFO] Sending command to the server: 'time'
client 2023-07-23 17:01:20,753 [INFO] Got response: '1690131680.658807'
client 2023-07-23 17:01:20,753 [INFO] The time difference between the client and the server is within range 90.780 ms..94.600 ms
client 2023-07-23 17:01:20,753 [INFO] Sending command to the server: 'new,,e2fd8eb5-1d00-4a91-95a9-809f85445327'
client 2023-07-23 17:01:20,756 [INFO] Got response: 'OK 2023-07-23_18-01-20,17960b35-7839-49d1-a529-118780258738'
client 2023-07-23 17:01:20,756 [INFO] Session id is '2023-07-23_18-01-20'
client 2023-07-23 17:01:20,757 [INFO] Sources: {"sources": {"__init__.py": "da39a3ee5e6b4b0d3255bfef95601890afd80709", "client.py": "33ca4f26368777ac06e01f9567b714a4b8063886", "lib/__init__.py": "da39a3ee5e6b4b0d3255bfef95601890afd80709", "lib/client.py": "ac2aa093c8e8bbc9569b9e2a3471bc64e58a2258", "lib/common.py": "611d8b29633d331eb19c9455ea3b5fa3284ed6df", "lib/external/__init__.py": "da39a3ee5e6b4b0d3255bfef95601890afd80709", "lib/external/ntplib.py": "4da8f970656505a40483206ef2b5d3dd5e81711d", "lib/server.py": "c7af63c31bb2fbedea4345f571f6e3507d268ada", "lib/source_hashes.py": "60a2e02193209e8d392803326208d5466342da18", "lib/summary.py": "aa92f0a3f975eecd44d3c0cd0236342ccc9f941d", "lib/time_sync.py": "122eba67a9abc85635223e054def53be1367ade2", "server.py": "c3f90f2f7eeb4db30727556d0c815ebc89b3d28b", "tests/unit/__init__.py": "da39a3ee5e6b4b0d3255bfef95601890afd80709", "tests/unit/test_server.py": "948c1995d4008bc2aa6c4046a34ffa3858d6d671", "tests/unit/test_source_hashes.py": "00468a2907583c593e6574a1f6b404e4651c221a"}, "modules": {"ptd_client_server.lib.client": "lib/client.py", "ptd_client_server.lib.common": "lib/common.py", "ptd_client_server.lib.external.ntplib": "lib/external/ntplib.py", "ptd_client_server.lib.source_hashes": "lib/source_hashes.py", "ptd_client_server.lib.summary": "lib/summary.py", "ptd_client_server.lib.time_sync": "lib/time_sync.py"}}
client 2023-07-23 17:01:20,757 [INFO] Running workload in ranging mode
client 2023-07-23 17:01:20,757 [INFO] Synchronizing with the server and with time.google.com...
client 2023-07-23 17:01:20,817 [INFO] NTP:offset = -0.003 s, delay = 0.014 s 
client 2023-07-23 17:01:20,817 [INFO] Sending command to the server: 'time'
client 2023-07-23 17:01:20,821 [INFO] Got response: '1690131680.722215'
client 2023-07-23 17:01:20,821 [INFO] The time difference between the client and the server is within range 95.374 ms..99.155 ms
client 2023-07-23 17:01:20,821 [INFO] Sending command to the server: 'session,2023-07-23_18-01-20,start,ranging'
client 2023-07-23 17:01:44,697 [INFO] Got response: 'OK'
client 2023-07-23 17:01:44,697 [INFO] Sending command to the server: 'time'
client 2023-07-23 17:01:44,701 [INFO] Got response: '1690131704.5980713'
client 2023-07-23 17:01:44,701 [INFO] The time difference between the client and the server is within range 99.537 ms..103.873 ms
client 2023-07-23 17:01:44,701 [INFO] Running the workload 'CM_MLPERF_RUN_COUNT=$(cat ${CM_RUN_DIR}/count.txt); echo ${CM_MLPERF_RUN_COUNT}; CM_MLPERF_RUN_COUNT=$((CM_MLPERF_RUN_COUNT+1)); echo ${CM_MLPERF_RUN_COUNT} > ${CM_RUN_DIR}/count.txt && if [ ${CM_MLPERF_RUN_COUNT} -eq "1" ]; then export CM_MLPERF_USER_CONF=${CM_MLPERF_RANGING_USER_CONF}; else export CM_MLPERF_USER_CONF=${CM_MLPERF_TESTING_USER_CONF}; fi && make run_harness RUN_ARGS=" --benchmarks=bert --scenarios=offline --test_mode=PerformanceOnly --offline_expected_qps=4000 --config_ver=high_accuracy --user_conf_path=${CM_MLPERF_USER_CONF} --mlperf_conf_path=/home/cmuser/CM/repos/local/cache/a3af5496e00b4b47/inference/mlperf.conf --gpu_batch_size=256 --no_audit_verify "'
client 2023-07-23 17:14:58,845 [INFO] Sending command to the server: 'time'
client 2023-07-23 17:14:58,848 [INFO] Got response: '1690132498.743289'
client 2023-07-23 17:14:58,848 [INFO] The time difference between the client and the server is within range 102.413 ms..104.890 ms
client 2023-07-23 17:14:58,848 [INFO] Sending command to the server: 'session,2023-07-23_18-01-20,stop,ranging'
client 2023-07-23 17:15:10,050 [INFO] Got response: 'OK'
client 2023-07-23 17:15:10,050 [INFO] Sending command to the server: 'time'
client 2023-07-23 17:15:10,053 [INFO] Got response: '1690132509.9477875'
client 2023-07-23 17:15:10,053 [INFO] The time difference between the client and the server is within range 103.150 ms..105.370 ms
client 2023-07-23 17:15:10,056 [INFO] Copying loadgen logs from '/home/cmuser/results_dir/valid_results/28df27c48ad9-nvidia_original-gpu-tensorrt-vdefault-default_config/bert-99.9/offline/performance/run_1' to '/home/cmuser/results_dir/valid_results/28df27c48ad9-nvidia_original-gpu-tensorrt-vdefault-default_config/bert-99.9/offline/performance/tmp_power/ranging'
client 2023-07-23 17:15:10,056 [INFO] Running workload in testing mode
client 2023-07-23 17:15:10,056 [INFO] Synchronizing with the server and with time.google.com...
client 2023-07-23 17:15:10,185 [INFO] NTP:offset = -0.001 s, delay = 0.015 s 
client 2023-07-23 17:15:10,185 [INFO] Sending command to the server: 'time'
client 2023-07-23 17:15:10,188 [INFO] Got response: '1690132510.0893958'
client 2023-07-23 17:15:10,188 [INFO] The time difference between the client and the server is within range 96.324 ms..99.490 ms
client 2023-07-23 17:15:10,188 [INFO] Sending command to the server: 'session,2023-07-23_18-01-20,start,testing'
client 2023-07-23 17:15:23,262 [INFO] Got response: 'OK'
client 2023-07-23 17:15:23,262 [INFO] Sending command to the server: 'time'
client 2023-07-23 17:15:23,265 [INFO] Got response: '1690132523.159781'
client 2023-07-23 17:15:23,265 [INFO] The time difference between the client and the server is within range 102.605 ms..105.447 ms
client 2023-07-23 17:15:23,265 [INFO] Running the workload 'CM_MLPERF_RUN_COUNT=$(cat ${CM_RUN_DIR}/count.txt); echo ${CM_MLPERF_RUN_COUNT}; CM_MLPERF_RUN_COUNT=$((CM_MLPERF_RUN_COUNT+1)); echo ${CM_MLPERF_RUN_COUNT} > ${CM_RUN_DIR}/count.txt && if [ ${CM_MLPERF_RUN_COUNT} -eq "1" ]; then export CM_MLPERF_USER_CONF=${CM_MLPERF_RANGING_USER_CONF}; else export CM_MLPERF_USER_CONF=${CM_MLPERF_TESTING_USER_CONF}; fi && make run_harness RUN_ARGS=" --benchmarks=bert --scenarios=offline --test_mode=PerformanceOnly --offline_expected_qps=4000 --config_ver=high_accuracy --user_conf_path=${CM_MLPERF_USER_CONF} --mlperf_conf_path=/home/cmuser/CM/repos/local/cache/a3af5496e00b4b47/inference/mlperf.conf --gpu_batch_size=256 --no_audit_verify "'
client 2023-07-23 17:41:44,194 [INFO] Sending command to the server: 'time'
client 2023-07-23 17:41:44,199 [INFO] Got response: '1690134104.0906496'
client 2023-07-23 17:41:44,199 [INFO] The time difference between the client and the server is within range 104.269 ms..108.485 ms
client 2023-07-23 17:41:44,199 [INFO] Sending command to the server: 'session,2023-07-23_18-01-20,stop,testing'
client 2023-07-23 17:41:54,449 [INFO] Got response: 'OK'
client 2023-07-23 17:41:54,449 [INFO] Sending command to the server: 'time'
client 2023-07-23 17:41:54,451 [INFO] Got response: '1690134114.3386314'
client 2023-07-23 17:41:54,451 [INFO] The time difference between the client and the server is within range 110.649 ms..112.448 ms
client 2023-07-23 17:41:54,451 [INFO] Copying loadgen logs from '/home/cmuser/results_dir/valid_results/28df27c48ad9-nvidia_original-gpu-tensorrt-vdefault-default_config/bert-99.9/offline/performance/run_1' to '/home/cmuser/results_dir/valid_results/28df27c48ad9-nvidia_original-gpu-tensorrt-vdefault-default_config/bert-99.9/offline/performance/tmp_power/run_1'
client 2023-07-23 17:41:54,451 [INFO] Done runs
