client 2023-07-13 01:17:08,785 [INFO] Creating output directory '/home/arjun/mobilenet_results/valid_results/phoenix_Amd_Am5-tflite_cpp-cpu-tflite-vmaster-default_config/mobilenet-v1-precision_uint8-0.25-128/singlestream/performance/tmp_power'
client 2023-07-13 01:17:08,787 [INFO] Sending command to the server: 'mlcommons/power client v3'
client 2023-07-13 01:17:08,791 [INFO] Got response: 'mlcommons/power server v3'
client 2023-07-13 01:17:08,791 [INFO] Synchronizing with the server and with time.google.com...
client 2023-07-13 01:17:08,809 [INFO] NTP:offset = 0.000 s, delay = 0.016 s 
client 2023-07-13 01:17:08,809 [INFO] Sending command to the server: 'time'
client 2023-07-13 01:17:08,810 [INFO] Got response: '1689207428.7456093'
client 2023-07-13 01:17:08,811 [INFO] The time difference between the client and the server is within range 63.599 ms..65.416 ms
client 2023-07-13 01:17:08,811 [INFO] Sending command to the server: 'new,,c45b7bd8-e457-4f05-a558-d355e5f69f2f'
client 2023-07-13 01:17:08,813 [INFO] Got response: 'OK 2023-07-13_01-17-08,a6d2b910-054e-4216-9776-3d6e1e291f04'
client 2023-07-13 01:17:08,813 [INFO] Session id is '2023-07-13_01-17-08'
client 2023-07-13 01:17:08,813 [INFO] Sources: {"sources": {"__init__.py": "da39a3ee5e6b4b0d3255bfef95601890afd80709", "client.py": "33ca4f26368777ac06e01f9567b714a4b8063886", "lib/__init__.py": "da39a3ee5e6b4b0d3255bfef95601890afd80709", "lib/client.py": "ac2aa093c8e8bbc9569b9e2a3471bc64e58a2258", "lib/common.py": "611d8b29633d331eb19c9455ea3b5fa3284ed6df", "lib/external/__init__.py": "da39a3ee5e6b4b0d3255bfef95601890afd80709", "lib/external/ntplib.py": "4da8f970656505a40483206ef2b5d3dd5e81711d", "lib/server.py": "c7af63c31bb2fbedea4345f571f6e3507d268ada", "lib/source_hashes.py": "60a2e02193209e8d392803326208d5466342da18", "lib/summary.py": "aa92f0a3f975eecd44d3c0cd0236342ccc9f941d", "lib/time_sync.py": "122eba67a9abc85635223e054def53be1367ade2", "server.py": "c3f90f2f7eeb4db30727556d0c815ebc89b3d28b", "tests/unit/__init__.py": "da39a3ee5e6b4b0d3255bfef95601890afd80709", "tests/unit/test_server.py": "948c1995d4008bc2aa6c4046a34ffa3858d6d671", "tests/unit/test_source_hashes.py": "00468a2907583c593e6574a1f6b404e4651c221a"}, "modules": {"ptd_client_server.lib.client": "lib/client.py", "ptd_client_server.lib.common": "lib/common.py", "ptd_client_server.lib.external.ntplib": "lib/external/ntplib.py", "ptd_client_server.lib.source_hashes": "lib/source_hashes.py", "ptd_client_server.lib.summary": "lib/summary.py", "ptd_client_server.lib.time_sync": "lib/time_sync.py"}}
client 2023-07-13 01:17:08,813 [INFO] Running workload in ranging mode
client 2023-07-13 01:17:08,813 [INFO] Synchronizing with the server and with time.google.com...
client 2023-07-13 01:17:08,827 [INFO] NTP:offset = 0.001 s, delay = 0.013 s 
client 2023-07-13 01:17:08,827 [INFO] Sending command to the server: 'time'
client 2023-07-13 01:17:08,829 [INFO] Got response: '1689207428.7560477'
client 2023-07-13 01:17:08,829 [INFO] The time difference between the client and the server is within range 71.218 ms..73.352 ms
client 2023-07-13 01:17:08,829 [INFO] Sending command to the server: 'session,2023-07-13_01-17-08,start,ranging'
client 2023-07-13 01:17:32,669 [INFO] Got response: 'OK'
client 2023-07-13 01:17:32,669 [INFO] Sending command to the server: 'time'
client 2023-07-13 01:17:32,672 [INFO] Got response: '1689207452.6020453'
client 2023-07-13 01:17:32,672 [INFO] The time difference between the client and the server is within range 67.203 ms..70.549 ms
client 2023-07-13 01:17:32,672 [INFO] Running the workload 'CM_MLPERF_RUN_COUNT=$(cat ${CM_RUN_DIR}/count.txt); echo ${CM_MLPERF_RUN_COUNT}; CM_MLPERF_RUN_COUNT=$((CM_MLPERF_RUN_COUNT+1)); echo ${CM_MLPERF_RUN_COUNT} > ${CM_RUN_DIR}/count.txt && if [ ${CM_MLPERF_RUN_COUNT} -eq "1" ]; then export CM_MLPERF_USER_CONF=${CM_MLPERF_RANGING_USER_CONF}; else export CM_MLPERF_USER_CONF=${CM_MLPERF_TESTING_USER_CONF}; fi && /home/arjun/run.out'
client 2023-07-13 01:22:33,462 [INFO] Sending command to the server: 'time'
client 2023-07-13 01:22:33,466 [INFO] Got response: '1689207753.397132'
client 2023-07-13 01:22:33,466 [INFO] The time difference between the client and the server is within range 65.434 ms..69.102 ms
client 2023-07-13 01:22:33,466 [INFO] Sending command to the server: 'session,2023-07-13_01-17-08,stop,ranging'
client 2023-07-13 01:22:43,756 [INFO] Got response: 'OK'
client 2023-07-13 01:22:43,756 [INFO] Sending command to the server: 'time'
client 2023-07-13 01:22:43,759 [INFO] Got response: '1689207763.6863475'
client 2023-07-13 01:22:43,759 [INFO] The time difference between the client and the server is within range 69.911 ms..73.289 ms
client 2023-07-13 01:22:43,762 [INFO] Copying loadgen logs from '/home/arjun/mobilenet_results/valid_results/phoenix_Amd_Am5-tflite_cpp-cpu-tflite-vmaster-default_config/mobilenet-v1-precision_uint8-0.25-128/singlestream/performance/run_1' to '/home/arjun/mobilenet_results/valid_results/phoenix_Amd_Am5-tflite_cpp-cpu-tflite-vmaster-default_config/mobilenet-v1-precision_uint8-0.25-128/singlestream/performance/tmp_power/ranging'
client 2023-07-13 01:22:43,762 [INFO] Running workload in testing mode
client 2023-07-13 01:22:43,762 [INFO] Synchronizing with the server and with time.google.com...
client 2023-07-13 01:22:43,783 [INFO] NTP:offset = -0.000 s, delay = 0.020 s 
client 2023-07-13 01:22:43,783 [INFO] Sending command to the server: 'time'
client 2023-07-13 01:22:43,785 [INFO] Got response: '1689207763.7167337'
client 2023-07-13 01:22:43,785 [INFO] The time difference between the client and the server is within range 66.905 ms..68.878 ms
client 2023-07-13 01:22:43,785 [INFO] Sending command to the server: 'session,2023-07-13_01-17-08,start,testing'
client 2023-07-13 01:22:56,845 [INFO] Got response: 'OK'
client 2023-07-13 01:22:56,845 [INFO] Sending command to the server: 'time'
client 2023-07-13 01:22:56,848 [INFO] Got response: '1689207776.7760453'
client 2023-07-13 01:22:56,848 [INFO] The time difference between the client and the server is within range 69.294 ms..72.518 ms
client 2023-07-13 01:22:56,848 [INFO] Running the workload 'CM_MLPERF_RUN_COUNT=$(cat ${CM_RUN_DIR}/count.txt); echo ${CM_MLPERF_RUN_COUNT}; CM_MLPERF_RUN_COUNT=$((CM_MLPERF_RUN_COUNT+1)); echo ${CM_MLPERF_RUN_COUNT} > ${CM_RUN_DIR}/count.txt && if [ ${CM_MLPERF_RUN_COUNT} -eq "1" ]; then export CM_MLPERF_USER_CONF=${CM_MLPERF_RANGING_USER_CONF}; else export CM_MLPERF_USER_CONF=${CM_MLPERF_TESTING_USER_CONF}; fi && /home/arjun/run.out'
client 2023-07-13 01:32:58,485 [INFO] Sending command to the server: 'time'
client 2023-07-13 01:32:58,489 [INFO] Got response: '1689208378.418753'
client 2023-07-13 01:32:58,489 [INFO] The time difference between the client and the server is within range 66.437 ms..70.371 ms
client 2023-07-13 01:32:58,489 [INFO] Sending command to the server: 'session,2023-07-13_01-17-08,stop,testing'
client 2023-07-13 01:33:09,331 [INFO] Got response: 'OK'
client 2023-07-13 01:33:09,331 [INFO] Sending command to the server: 'time'
client 2023-07-13 01:33:09,332 [INFO] Got response: '1689208389.2590144'
client 2023-07-13 01:33:09,332 [INFO] The time difference between the client and the server is within range 72.261 ms..73.549 ms
client 2023-07-13 01:33:09,333 [INFO] Copying loadgen logs from '/home/arjun/mobilenet_results/valid_results/phoenix_Amd_Am5-tflite_cpp-cpu-tflite-vmaster-default_config/mobilenet-v1-precision_uint8-0.25-128/singlestream/performance/run_1' to '/home/arjun/mobilenet_results/valid_results/phoenix_Amd_Am5-tflite_cpp-cpu-tflite-vmaster-default_config/mobilenet-v1-precision_uint8-0.25-128/singlestream/performance/tmp_power/run_1'
client 2023-07-13 01:33:09,333 [INFO] Done runs
