client 2023-07-27 07:50:13,727 [INFO] Creating output directory '/home/cmuser/mobilenet_results/valid_results/bb3b3f2d4d2e-tflite_cpp-cpu-tflite-vmaster-default_config/efficientnet-fp32-lite0/singlestream/performance/tmp_power'
client 2023-07-27 07:50:13,729 [INFO] Sending command to the server: 'mlcommons/power client v3'
client 2023-07-27 07:50:13,732 [INFO] Got response: 'mlcommons/power server v3'
client 2023-07-27 07:50:13,732 [INFO] Synchronizing with the server and with time.google.com...
client 2023-07-27 07:50:13,787 [INFO] NTP:offset = 0.000 s, delay = 0.013 s 
client 2023-07-27 07:50:13,787 [INFO] Sending command to the server: 'time'
client 2023-07-27 07:50:13,790 [INFO] Got response: '1690469413.6232188'
client 2023-07-27 07:50:13,790 [INFO] The time difference between the client and the server is within range 164.093 ms..167.605 ms
client 2023-07-27 07:50:13,790 [INFO] Sending command to the server: 'new,,5cfbf447-f1f5-47bb-9c45-b4411b8b15a4'
client 2023-07-27 07:50:13,794 [INFO] Got response: 'OK 2023-07-27_15-50-13,d181748c-9e10-447a-babc-9c31f6cca6d3'
client 2023-07-27 07:50:13,795 [INFO] Session id is '2023-07-27_15-50-13'
client 2023-07-27 07:50:13,795 [INFO] Sources: {"sources": {"__init__.py": "da39a3ee5e6b4b0d3255bfef95601890afd80709", "client.py": "33ca4f26368777ac06e01f9567b714a4b8063886", "lib/__init__.py": "da39a3ee5e6b4b0d3255bfef95601890afd80709", "lib/client.py": "ac2aa093c8e8bbc9569b9e2a3471bc64e58a2258", "lib/common.py": "611d8b29633d331eb19c9455ea3b5fa3284ed6df", "lib/external/__init__.py": "da39a3ee5e6b4b0d3255bfef95601890afd80709", "lib/external/ntplib.py": "4da8f970656505a40483206ef2b5d3dd5e81711d", "lib/server.py": "c7af63c31bb2fbedea4345f571f6e3507d268ada", "lib/source_hashes.py": "60a2e02193209e8d392803326208d5466342da18", "lib/summary.py": "aa92f0a3f975eecd44d3c0cd0236342ccc9f941d", "lib/time_sync.py": "122eba67a9abc85635223e054def53be1367ade2", "server.py": "c3f90f2f7eeb4db30727556d0c815ebc89b3d28b", "tests/unit/__init__.py": "da39a3ee5e6b4b0d3255bfef95601890afd80709", "tests/unit/test_server.py": "948c1995d4008bc2aa6c4046a34ffa3858d6d671", "tests/unit/test_source_hashes.py": "00468a2907583c593e6574a1f6b404e4651c221a"}, "modules": {"ptd_client_server.lib.client": "lib/client.py", "ptd_client_server.lib.common": "lib/common.py", "ptd_client_server.lib.external.ntplib": "lib/external/ntplib.py", "ptd_client_server.lib.source_hashes": "lib/source_hashes.py", "ptd_client_server.lib.summary": "lib/summary.py", "ptd_client_server.lib.time_sync": "lib/time_sync.py"}}
client 2023-07-27 07:50:13,795 [INFO] Running workload in ranging mode
client 2023-07-27 07:50:13,795 [INFO] Synchronizing with the server and with time.google.com...
client 2023-07-27 07:50:13,862 [INFO] NTP:offset = -0.001 s, delay = 0.021 s 
client 2023-07-27 07:50:13,862 [INFO] Sending command to the server: 'time'
client 2023-07-27 07:50:13,865 [INFO] Got response: '1690469413.7036874'
client 2023-07-27 07:50:13,866 [INFO] The time difference between the client and the server is within range 158.901 ms..162.317 ms
client 2023-07-27 07:50:13,866 [INFO] Sending command to the server: 'session,2023-07-27_15-50-13,start,ranging'
client 2023-07-27 07:50:37,747 [INFO] Got response: 'OK'
client 2023-07-27 07:50:37,747 [INFO] Sending command to the server: 'time'
client 2023-07-27 07:50:37,750 [INFO] Got response: '1690469437.586356'
client 2023-07-27 07:50:37,750 [INFO] The time difference between the client and the server is within range 161.453 ms..164.598 ms
client 2023-07-27 07:50:37,751 [INFO] Running the workload 'CM_MLPERF_RUN_COUNT=$(cat ${CM_RUN_DIR}/count.txt); echo ${CM_MLPERF_RUN_COUNT}; CM_MLPERF_RUN_COUNT=$((CM_MLPERF_RUN_COUNT+1)); echo ${CM_MLPERF_RUN_COUNT} > ${CM_RUN_DIR}/count.txt && if [ ${CM_MLPERF_RUN_COUNT} -eq "1" ]; then export CM_MLPERF_USER_CONF=${CM_MLPERF_RANGING_USER_CONF}; else export CM_MLPERF_USER_CONF=${CM_MLPERF_TESTING_USER_CONF}; fi && /home/cmuser/run.out'
client 2023-07-27 07:55:38,342 [INFO] Sending command to the server: 'time'
client 2023-07-27 07:55:38,346 [INFO] Got response: '1690469738.181696'
client 2023-07-27 07:55:38,346 [INFO] The time difference between the client and the server is within range 161.232 ms..165.122 ms
client 2023-07-27 07:55:38,346 [INFO] Sending command to the server: 'session,2023-07-27_15-50-13,stop,ranging'
client 2023-07-27 07:55:48,954 [INFO] Got response: 'OK'
client 2023-07-27 07:55:48,954 [INFO] Sending command to the server: 'time'
client 2023-07-27 07:55:48,956 [INFO] Got response: '1690469748.7932858'
client 2023-07-27 07:55:48,956 [INFO] The time difference between the client and the server is within range 161.213 ms..163.299 ms
client 2023-07-27 07:55:48,959 [INFO] Copying loadgen logs from '/home/cmuser/mobilenet_results/valid_results/bb3b3f2d4d2e-tflite_cpp-cpu-tflite-vmaster-default_config/efficientnet-fp32-lite0/singlestream/performance/run_1' to '/home/cmuser/mobilenet_results/valid_results/bb3b3f2d4d2e-tflite_cpp-cpu-tflite-vmaster-default_config/efficientnet-fp32-lite0/singlestream/performance/tmp_power/ranging'
client 2023-07-27 07:55:48,960 [INFO] Running workload in testing mode
client 2023-07-27 07:55:48,960 [INFO] Synchronizing with the server and with time.google.com...
client 2023-07-27 07:55:49,012 [INFO] NTP:offset = -0.001 s, delay = 0.010 s 
client 2023-07-27 07:55:49,012 [INFO] Sending command to the server: 'time'
client 2023-07-27 07:55:49,014 [INFO] Got response: '1690469748.8541586'
client 2023-07-27 07:55:49,014 [INFO] The time difference between the client and the server is within range 158.156 ms..160.612 ms
client 2023-07-27 07:55:49,014 [INFO] Sending command to the server: 'session,2023-07-27_15-50-13,start,testing'
client 2023-07-27 07:56:02,072 [INFO] Got response: 'OK'
client 2023-07-27 07:56:02,072 [INFO] Sending command to the server: 'time'
client 2023-07-27 07:56:02,075 [INFO] Got response: '1690469761.906286'
client 2023-07-27 07:56:02,075 [INFO] The time difference between the client and the server is within range 166.655 ms..169.625 ms
client 2023-07-27 07:56:02,075 [INFO] Running the workload 'CM_MLPERF_RUN_COUNT=$(cat ${CM_RUN_DIR}/count.txt); echo ${CM_MLPERF_RUN_COUNT}; CM_MLPERF_RUN_COUNT=$((CM_MLPERF_RUN_COUNT+1)); echo ${CM_MLPERF_RUN_COUNT} > ${CM_RUN_DIR}/count.txt && if [ ${CM_MLPERF_RUN_COUNT} -eq "1" ]; then export CM_MLPERF_USER_CONF=${CM_MLPERF_RANGING_USER_CONF}; else export CM_MLPERF_USER_CONF=${CM_MLPERF_TESTING_USER_CONF}; fi && /home/cmuser/run.out'
client 2023-07-27 08:06:03,191 [INFO] Sending command to the server: 'time'
client 2023-07-27 08:06:03,195 [INFO] Got response: '1690470363.0299604'
client 2023-07-27 08:06:03,195 [INFO] The time difference between the client and the server is within range 161.671 ms..165.694 ms
client 2023-07-27 08:06:03,195 [INFO] Sending command to the server: 'session,2023-07-27_15-50-13,stop,testing'
client 2023-07-27 08:06:14,340 [INFO] Got response: 'OK'
client 2023-07-27 08:06:14,340 [INFO] Sending command to the server: 'time'
client 2023-07-27 08:06:14,342 [INFO] Got response: '1690470374.1730902'
client 2023-07-27 08:06:14,342 [INFO] The time difference between the client and the server is within range 167.839 ms..169.218 ms
client 2023-07-27 08:06:14,342 [INFO] Copying loadgen logs from '/home/cmuser/mobilenet_results/valid_results/bb3b3f2d4d2e-tflite_cpp-cpu-tflite-vmaster-default_config/efficientnet-fp32-lite0/singlestream/performance/run_1' to '/home/cmuser/mobilenet_results/valid_results/bb3b3f2d4d2e-tflite_cpp-cpu-tflite-vmaster-default_config/efficientnet-fp32-lite0/singlestream/performance/tmp_power/run_1'
client 2023-07-27 08:06:14,343 [INFO] Done runs
