client 2023-07-26 07:21:46,185 [INFO] Creating output directory '/home/cmuser/mobilenet_results/valid_results/bb3b3f2d4d2e-tflite_cpp-cpu-tflite-vmaster-default_config/mobilenet-v1-precision_float-1.0-128/singlestream/performance/tmp_power'
client 2023-07-26 07:21:46,187 [INFO] Sending command to the server: 'mlcommons/power client v3'
client 2023-07-26 07:21:46,189 [INFO] Got response: 'mlcommons/power server v3'
client 2023-07-26 07:21:46,189 [INFO] Synchronizing with the server and with time.google.com...
client 2023-07-26 07:21:46,244 [INFO] NTP:offset = -0.000 s, delay = 0.015 s 
client 2023-07-26 07:21:46,245 [INFO] Sending command to the server: 'time'
client 2023-07-26 07:21:46,248 [INFO] Got response: '1690381306.1818862'
client 2023-07-26 07:21:46,248 [INFO] The time difference between the client and the server is within range 63.167 ms..66.919 ms
client 2023-07-26 07:21:46,248 [INFO] Sending command to the server: 'new,,d0e42b6c-9851-46d5-ae7f-af91e1b6f77e'
client 2023-07-26 07:21:46,253 [INFO] Got response: 'OK 2023-07-26_15-21-46,c78aea3f-f285-4c9a-a4bf-d8aecd8f4686'
client 2023-07-26 07:21:46,253 [INFO] Session id is '2023-07-26_15-21-46'
client 2023-07-26 07:21:46,253 [INFO] Sources: {"sources": {"__init__.py": "da39a3ee5e6b4b0d3255bfef95601890afd80709", "client.py": "33ca4f26368777ac06e01f9567b714a4b8063886", "lib/__init__.py": "da39a3ee5e6b4b0d3255bfef95601890afd80709", "lib/client.py": "ac2aa093c8e8bbc9569b9e2a3471bc64e58a2258", "lib/common.py": "611d8b29633d331eb19c9455ea3b5fa3284ed6df", "lib/external/__init__.py": "da39a3ee5e6b4b0d3255bfef95601890afd80709", "lib/external/ntplib.py": "4da8f970656505a40483206ef2b5d3dd5e81711d", "lib/server.py": "c7af63c31bb2fbedea4345f571f6e3507d268ada", "lib/source_hashes.py": "60a2e02193209e8d392803326208d5466342da18", "lib/summary.py": "aa92f0a3f975eecd44d3c0cd0236342ccc9f941d", "lib/time_sync.py": "122eba67a9abc85635223e054def53be1367ade2", "server.py": "c3f90f2f7eeb4db30727556d0c815ebc89b3d28b", "tests/unit/__init__.py": "da39a3ee5e6b4b0d3255bfef95601890afd80709", "tests/unit/test_server.py": "948c1995d4008bc2aa6c4046a34ffa3858d6d671", "tests/unit/test_source_hashes.py": "00468a2907583c593e6574a1f6b404e4651c221a"}, "modules": {"ptd_client_server.lib.client": "lib/client.py", "ptd_client_server.lib.common": "lib/common.py", "ptd_client_server.lib.external.ntplib": "lib/external/ntplib.py", "ptd_client_server.lib.source_hashes": "lib/source_hashes.py", "ptd_client_server.lib.summary": "lib/summary.py", "ptd_client_server.lib.time_sync": "lib/time_sync.py"}}
client 2023-07-26 07:21:46,253 [INFO] Running workload in ranging mode
client 2023-07-26 07:21:46,253 [INFO] Synchronizing with the server and with time.google.com...
client 2023-07-26 07:21:46,305 [INFO] NTP:offset = -0.000 s, delay = 0.015 s 
client 2023-07-26 07:21:46,305 [INFO] Sending command to the server: 'time'
client 2023-07-26 07:21:46,309 [INFO] Got response: '1690381306.241915'
client 2023-07-26 07:21:46,309 [INFO] The time difference between the client and the server is within range 63.843 ms..67.447 ms
client 2023-07-26 07:21:46,309 [INFO] Sending command to the server: 'session,2023-07-26_15-21-46,start,ranging'
client 2023-07-26 07:22:10,200 [INFO] Got response: 'OK'
client 2023-07-26 07:22:10,201 [INFO] Sending command to the server: 'time'
client 2023-07-26 07:22:10,203 [INFO] Got response: '1690381330.1358294'
client 2023-07-26 07:22:10,203 [INFO] The time difference between the client and the server is within range 65.253 ms..68.147 ms
client 2023-07-26 07:22:10,204 [INFO] Running the workload 'CM_MLPERF_RUN_COUNT=$(cat ${CM_RUN_DIR}/count.txt); echo ${CM_MLPERF_RUN_COUNT}; CM_MLPERF_RUN_COUNT=$((CM_MLPERF_RUN_COUNT+1)); echo ${CM_MLPERF_RUN_COUNT} > ${CM_RUN_DIR}/count.txt && if [ ${CM_MLPERF_RUN_COUNT} -eq "1" ]; then export CM_MLPERF_USER_CONF=${CM_MLPERF_RANGING_USER_CONF}; else export CM_MLPERF_USER_CONF=${CM_MLPERF_TESTING_USER_CONF}; fi && /home/cmuser/run.out'
client 2023-07-26 07:27:10,975 [INFO] Sending command to the server: 'time'
client 2023-07-26 07:27:10,978 [INFO] Got response: '1690381630.90085'
client 2023-07-26 07:27:10,979 [INFO] The time difference between the client and the server is within range 74.172 ms..78.173 ms
client 2023-07-26 07:27:10,979 [INFO] Sending command to the server: 'session,2023-07-26_15-21-46,stop,ranging'
client 2023-07-26 07:27:21,722 [INFO] Got response: 'OK'
client 2023-07-26 07:27:21,722 [INFO] Sending command to the server: 'time'
client 2023-07-26 07:27:21,724 [INFO] Got response: '1690381641.6518676'
client 2023-07-26 07:27:21,724 [INFO] The time difference between the client and the server is within range 70.549 ms..72.742 ms
client 2023-07-26 07:27:21,728 [INFO] Copying loadgen logs from '/home/cmuser/mobilenet_results/valid_results/bb3b3f2d4d2e-tflite_cpp-cpu-tflite-vmaster-default_config/mobilenet-v1-precision_float-1.0-128/singlestream/performance/run_1' to '/home/cmuser/mobilenet_results/valid_results/bb3b3f2d4d2e-tflite_cpp-cpu-tflite-vmaster-default_config/mobilenet-v1-precision_float-1.0-128/singlestream/performance/tmp_power/ranging'
client 2023-07-26 07:27:21,728 [INFO] Running workload in testing mode
client 2023-07-26 07:27:21,728 [INFO] Synchronizing with the server and with time.google.com...
client 2023-07-26 07:27:21,778 [INFO] NTP:offset = 0.001 s, delay = 0.013 s 
client 2023-07-26 07:27:21,778 [INFO] Sending command to the server: 'time'
client 2023-07-26 07:27:21,781 [INFO] Got response: '1690381641.7027524'
client 2023-07-26 07:27:21,781 [INFO] The time difference between the client and the server is within range 75.828 ms..79.233 ms
client 2023-07-26 07:27:21,782 [INFO] Sending command to the server: 'session,2023-07-26_15-21-46,start,testing'
client 2023-07-26 07:27:34,857 [INFO] Got response: 'OK'
client 2023-07-26 07:27:34,857 [INFO] Sending command to the server: 'time'
client 2023-07-26 07:27:34,861 [INFO] Got response: '1690381654.788718'
client 2023-07-26 07:27:34,861 [INFO] The time difference between the client and the server is within range 69.260 ms..72.492 ms
client 2023-07-26 07:27:34,861 [INFO] Running the workload 'CM_MLPERF_RUN_COUNT=$(cat ${CM_RUN_DIR}/count.txt); echo ${CM_MLPERF_RUN_COUNT}; CM_MLPERF_RUN_COUNT=$((CM_MLPERF_RUN_COUNT+1)); echo ${CM_MLPERF_RUN_COUNT} > ${CM_RUN_DIR}/count.txt && if [ ${CM_MLPERF_RUN_COUNT} -eq "1" ]; then export CM_MLPERF_USER_CONF=${CM_MLPERF_RANGING_USER_CONF}; else export CM_MLPERF_USER_CONF=${CM_MLPERF_TESTING_USER_CONF}; fi && /home/cmuser/run.out'
client 2023-07-26 07:37:35,906 [INFO] Sending command to the server: 'time'
client 2023-07-26 07:37:35,910 [INFO] Got response: '1690382255.8315058'
client 2023-07-26 07:37:35,910 [INFO] The time difference between the client and the server is within range 75.064 ms..78.896 ms
client 2023-07-26 07:37:35,910 [INFO] Sending command to the server: 'session,2023-07-26_15-21-46,stop,testing'
client 2023-07-26 07:37:46,945 [INFO] Got response: 'OK'
client 2023-07-26 07:37:46,945 [INFO] Sending command to the server: 'time'
client 2023-07-26 07:37:46,959 [INFO] Got response: '1690382266.8803463'
client 2023-07-26 07:37:46,959 [INFO] The time difference between the client and the server is within range 64.920 ms..79.068 ms
client 2023-07-26 07:37:46,960 [INFO] Copying loadgen logs from '/home/cmuser/mobilenet_results/valid_results/bb3b3f2d4d2e-tflite_cpp-cpu-tflite-vmaster-default_config/mobilenet-v1-precision_float-1.0-128/singlestream/performance/run_1' to '/home/cmuser/mobilenet_results/valid_results/bb3b3f2d4d2e-tflite_cpp-cpu-tflite-vmaster-default_config/mobilenet-v1-precision_float-1.0-128/singlestream/performance/tmp_power/run_1'
client 2023-07-26 07:37:46,960 [INFO] Done runs
