client 2023-07-26 08:26:15,637 [INFO] Creating output directory '/home/cmuser/mobilenet_results/valid_results/bb3b3f2d4d2e-tflite_cpp-cpu-tflite-vmaster-default_config/mobilenet-v1-precision_float-0.75-192/singlestream/performance/tmp_power'
client 2023-07-26 08:26:15,638 [INFO] Sending command to the server: 'mlcommons/power client v3'
client 2023-07-26 08:26:15,642 [INFO] Got response: 'mlcommons/power server v3'
client 2023-07-26 08:26:15,642 [INFO] Synchronizing with the server and with time.google.com...
client 2023-07-26 08:26:15,709 [INFO] NTP:offset = -0.000 s, delay = 0.012 s 
client 2023-07-26 08:26:15,710 [INFO] Sending command to the server: 'time'
client 2023-07-26 08:26:15,713 [INFO] Got response: '1690385175.6033046'
client 2023-07-26 08:26:15,713 [INFO] The time difference between the client and the server is within range 106.778 ms..109.772 ms
client 2023-07-26 08:26:15,713 [INFO] Sending command to the server: 'new,,1731cda5-7832-43d7-b9ef-2203652462ef'
client 2023-07-26 08:26:15,716 [INFO] Got response: 'OK 2023-07-26_16-26-15,0d47d224-b42d-4295-a58d-3003ce404fa0'
client 2023-07-26 08:26:15,716 [INFO] Session id is '2023-07-26_16-26-15'
client 2023-07-26 08:26:15,716 [INFO] Sources: {"sources": {"__init__.py": "da39a3ee5e6b4b0d3255bfef95601890afd80709", "client.py": "33ca4f26368777ac06e01f9567b714a4b8063886", "lib/__init__.py": "da39a3ee5e6b4b0d3255bfef95601890afd80709", "lib/client.py": "ac2aa093c8e8bbc9569b9e2a3471bc64e58a2258", "lib/common.py": "611d8b29633d331eb19c9455ea3b5fa3284ed6df", "lib/external/__init__.py": "da39a3ee5e6b4b0d3255bfef95601890afd80709", "lib/external/ntplib.py": "4da8f970656505a40483206ef2b5d3dd5e81711d", "lib/server.py": "c7af63c31bb2fbedea4345f571f6e3507d268ada", "lib/source_hashes.py": "60a2e02193209e8d392803326208d5466342da18", "lib/summary.py": "aa92f0a3f975eecd44d3c0cd0236342ccc9f941d", "lib/time_sync.py": "122eba67a9abc85635223e054def53be1367ade2", "server.py": "c3f90f2f7eeb4db30727556d0c815ebc89b3d28b", "tests/unit/__init__.py": "da39a3ee5e6b4b0d3255bfef95601890afd80709", "tests/unit/test_server.py": "948c1995d4008bc2aa6c4046a34ffa3858d6d671", "tests/unit/test_source_hashes.py": "00468a2907583c593e6574a1f6b404e4651c221a"}, "modules": {"ptd_client_server.lib.client": "lib/client.py", "ptd_client_server.lib.common": "lib/common.py", "ptd_client_server.lib.external.ntplib": "lib/external/ntplib.py", "ptd_client_server.lib.source_hashes": "lib/source_hashes.py", "ptd_client_server.lib.summary": "lib/summary.py", "ptd_client_server.lib.time_sync": "lib/time_sync.py"}}
client 2023-07-26 08:26:15,716 [INFO] Running workload in ranging mode
client 2023-07-26 08:26:15,716 [INFO] Synchronizing with the server and with time.google.com...
client 2023-07-26 08:26:15,785 [INFO] NTP:offset = -0.000 s, delay = 0.016 s 
client 2023-07-26 08:26:15,785 [INFO] Sending command to the server: 'time'
client 2023-07-26 08:26:15,788 [INFO] Got response: '1690385175.683462'
client 2023-07-26 08:26:15,788 [INFO] The time difference between the client and the server is within range 101.644 ms..105.121 ms
client 2023-07-26 08:26:15,788 [INFO] Sending command to the server: 'session,2023-07-26_16-26-15,start,ranging'
client 2023-07-26 08:26:40,263 [INFO] Got response: 'OK'
client 2023-07-26 08:26:40,263 [INFO] Sending command to the server: 'time'
client 2023-07-26 08:26:40,266 [INFO] Got response: '1690385200.1584897'
client 2023-07-26 08:26:40,266 [INFO] The time difference between the client and the server is within range 105.090 ms..108.339 ms
client 2023-07-26 08:26:40,266 [INFO] Running the workload 'CM_MLPERF_RUN_COUNT=$(cat ${CM_RUN_DIR}/count.txt); echo ${CM_MLPERF_RUN_COUNT}; CM_MLPERF_RUN_COUNT=$((CM_MLPERF_RUN_COUNT+1)); echo ${CM_MLPERF_RUN_COUNT} > ${CM_RUN_DIR}/count.txt && if [ ${CM_MLPERF_RUN_COUNT} -eq "1" ]; then export CM_MLPERF_USER_CONF=${CM_MLPERF_RANGING_USER_CONF}; else export CM_MLPERF_USER_CONF=${CM_MLPERF_TESTING_USER_CONF}; fi && /home/cmuser/run.out'
client 2023-07-26 08:31:40,895 [INFO] Sending command to the server: 'time'
client 2023-07-26 08:31:40,897 [INFO] Got response: '1690385500.7878249'
client 2023-07-26 08:31:40,897 [INFO] The time difference between the client and the server is within range 107.349 ms..109.945 ms
client 2023-07-26 08:31:40,897 [INFO] Sending command to the server: 'session,2023-07-26_16-26-15,stop,ranging'
client 2023-07-26 08:31:51,385 [INFO] Got response: 'OK'
client 2023-07-26 08:31:51,385 [INFO] Sending command to the server: 'time'
client 2023-07-26 08:31:51,387 [INFO] Got response: '1690385511.2759876'
client 2023-07-26 08:31:51,387 [INFO] The time difference between the client and the server is within range 109.715 ms..111.987 ms
client 2023-07-26 08:31:51,391 [INFO] Copying loadgen logs from '/home/cmuser/mobilenet_results/valid_results/bb3b3f2d4d2e-tflite_cpp-cpu-tflite-vmaster-default_config/mobilenet-v1-precision_float-0.75-192/singlestream/performance/run_1' to '/home/cmuser/mobilenet_results/valid_results/bb3b3f2d4d2e-tflite_cpp-cpu-tflite-vmaster-default_config/mobilenet-v1-precision_float-0.75-192/singlestream/performance/tmp_power/ranging'
client 2023-07-26 08:31:51,391 [INFO] Running workload in testing mode
client 2023-07-26 08:31:51,391 [INFO] Synchronizing with the server and with time.google.com...
client 2023-07-26 08:31:51,463 [INFO] NTP:offset = -0.001 s, delay = 0.021 s 
client 2023-07-26 08:31:51,463 [INFO] Sending command to the server: 'time'
client 2023-07-26 08:31:51,466 [INFO] Got response: '1690385511.3560545'
client 2023-07-26 08:31:51,466 [INFO] The time difference between the client and the server is within range 107.846 ms..110.712 ms
client 2023-07-26 08:31:51,466 [INFO] Sending command to the server: 'session,2023-07-26_16-26-15,start,testing'
client 2023-07-26 08:32:04,526 [INFO] Got response: 'OK'
client 2023-07-26 08:32:04,526 [INFO] Sending command to the server: 'time'
client 2023-07-26 08:32:04,530 [INFO] Got response: '1690385524.4223824'
client 2023-07-26 08:32:04,530 [INFO] The time difference between the client and the server is within range 104.255 ms..108.099 ms
client 2023-07-26 08:32:04,530 [INFO] Running the workload 'CM_MLPERF_RUN_COUNT=$(cat ${CM_RUN_DIR}/count.txt); echo ${CM_MLPERF_RUN_COUNT}; CM_MLPERF_RUN_COUNT=$((CM_MLPERF_RUN_COUNT+1)); echo ${CM_MLPERF_RUN_COUNT} > ${CM_RUN_DIR}/count.txt && if [ ${CM_MLPERF_RUN_COUNT} -eq "1" ]; then export CM_MLPERF_USER_CONF=${CM_MLPERF_RANGING_USER_CONF}; else export CM_MLPERF_USER_CONF=${CM_MLPERF_TESTING_USER_CONF}; fi && /home/cmuser/run.out'
client 2023-07-26 08:42:05,618 [INFO] Sending command to the server: 'time'
client 2023-07-26 08:42:05,623 [INFO] Got response: '1690386125.5043862'
client 2023-07-26 08:42:05,623 [INFO] The time difference between the client and the server is within range 113.787 ms..118.905 ms
client 2023-07-26 08:42:05,623 [INFO] Sending command to the server: 'session,2023-07-26_16-26-15,stop,testing'
client 2023-07-26 08:42:16,600 [INFO] Got response: 'OK'
client 2023-07-26 08:42:16,600 [INFO] Sending command to the server: 'time'
client 2023-07-26 08:42:16,601 [INFO] Got response: '1690386136.4867306'
client 2023-07-26 08:42:16,601 [INFO] The time difference between the client and the server is within range 113.416 ms..114.696 ms
client 2023-07-26 08:42:16,602 [INFO] Copying loadgen logs from '/home/cmuser/mobilenet_results/valid_results/bb3b3f2d4d2e-tflite_cpp-cpu-tflite-vmaster-default_config/mobilenet-v1-precision_float-0.75-192/singlestream/performance/run_1' to '/home/cmuser/mobilenet_results/valid_results/bb3b3f2d4d2e-tflite_cpp-cpu-tflite-vmaster-default_config/mobilenet-v1-precision_float-0.75-192/singlestream/performance/tmp_power/run_1'
client 2023-07-26 08:42:16,602 [INFO] Done runs
