client 2023-07-23 12:49:39,229 [INFO] Creating output directory '/home/cmuser/results_dir/valid_results/28df27c48ad9-nvidia_original-gpu-tensorrt-vdefault-default_config/resnet50/offline/performance/tmp_power'
client 2023-07-23 12:49:39,231 [INFO] Sending command to the server: 'mlcommons/power client v3'
client 2023-07-23 12:49:39,234 [INFO] Got response: 'mlcommons/power server v3'
client 2023-07-23 12:49:39,234 [INFO] Synchronizing with the server and with time.google.com...
client 2023-07-23 12:49:39,310 [INFO] NTP:offset = -0.001 s, delay = 0.015 s 
client 2023-07-23 12:49:39,310 [INFO] Sending command to the server: 'time'
client 2023-07-23 12:49:39,313 [INFO] Got response: '1690116579.3097968'
client 2023-07-23 12:49:39,313 [INFO] The time difference between the client and the server is within range 0.927 ms..3.275 ms
client 2023-07-23 12:49:39,313 [INFO] Sending command to the server: 'new,,096a6b4c-64b0-43d4-ac39-58e2c0c2dc86'
client 2023-07-23 12:49:39,315 [INFO] Got response: 'OK 2023-07-23_13-49-39,148acdcb-7082-42e0-866c-b498d6fb0f95'
client 2023-07-23 12:49:39,315 [INFO] Session id is '2023-07-23_13-49-39'
client 2023-07-23 12:49:39,315 [INFO] Sources: {"sources": {"__init__.py": "da39a3ee5e6b4b0d3255bfef95601890afd80709", "client.py": "33ca4f26368777ac06e01f9567b714a4b8063886", "lib/__init__.py": "da39a3ee5e6b4b0d3255bfef95601890afd80709", "lib/client.py": "ac2aa093c8e8bbc9569b9e2a3471bc64e58a2258", "lib/common.py": "611d8b29633d331eb19c9455ea3b5fa3284ed6df", "lib/external/__init__.py": "da39a3ee5e6b4b0d3255bfef95601890afd80709", "lib/external/ntplib.py": "4da8f970656505a40483206ef2b5d3dd5e81711d", "lib/server.py": "c7af63c31bb2fbedea4345f571f6e3507d268ada", "lib/source_hashes.py": "60a2e02193209e8d392803326208d5466342da18", "lib/summary.py": "aa92f0a3f975eecd44d3c0cd0236342ccc9f941d", "lib/time_sync.py": "122eba67a9abc85635223e054def53be1367ade2", "server.py": "c3f90f2f7eeb4db30727556d0c815ebc89b3d28b", "tests/unit/__init__.py": "da39a3ee5e6b4b0d3255bfef95601890afd80709", "tests/unit/test_server.py": "948c1995d4008bc2aa6c4046a34ffa3858d6d671", "tests/unit/test_source_hashes.py": "00468a2907583c593e6574a1f6b404e4651c221a"}, "modules": {"ptd_client_server.lib.client": "lib/client.py", "ptd_client_server.lib.common": "lib/common.py", "ptd_client_server.lib.external.ntplib": "lib/external/ntplib.py", "ptd_client_server.lib.source_hashes": "lib/source_hashes.py", "ptd_client_server.lib.summary": "lib/summary.py", "ptd_client_server.lib.time_sync": "lib/time_sync.py"}}
client 2023-07-23 12:49:39,315 [INFO] Running workload in ranging mode
client 2023-07-23 12:49:39,315 [INFO] Synchronizing with the server and with time.google.com...
client 2023-07-23 12:49:39,380 [INFO] NTP:offset = -0.002 s, delay = 0.016 s 
client 2023-07-23 12:49:39,380 [INFO] Sending command to the server: 'time'
client 2023-07-23 12:49:39,383 [INFO] Got response: '1690116579.3803964'
client 2023-07-23 12:49:39,383 [INFO] The time difference between the client and the server is within range -0.023 ms..3.369 ms
client 2023-07-23 12:49:39,383 [INFO] Sending command to the server: 'session,2023-07-23_13-49-39,start,ranging'
client 2023-07-23 12:50:03,254 [INFO] Got response: 'OK'
client 2023-07-23 12:50:03,254 [INFO] Sending command to the server: 'time'
client 2023-07-23 12:50:03,257 [INFO] Got response: '1690116603.2537034'
client 2023-07-23 12:50:03,257 [INFO] The time difference between the client and the server is within range 1.238 ms..4.248 ms
client 2023-07-23 12:50:03,257 [INFO] Running the workload 'CM_MLPERF_RUN_COUNT=$(cat ${CM_RUN_DIR}/count.txt); echo ${CM_MLPERF_RUN_COUNT}; CM_MLPERF_RUN_COUNT=$((CM_MLPERF_RUN_COUNT+1)); echo ${CM_MLPERF_RUN_COUNT} > ${CM_RUN_DIR}/count.txt && if [ ${CM_MLPERF_RUN_COUNT} -eq "1" ]; then export CM_MLPERF_USER_CONF=${CM_MLPERF_RANGING_USER_CONF}; else export CM_MLPERF_USER_CONF=${CM_MLPERF_TESTING_USER_CONF}; fi && make run_harness RUN_ARGS=" --benchmarks=resnet50 --scenarios=offline --test_mode=PerformanceOnly --offline_expected_qps=38000 --user_conf_path=${CM_MLPERF_USER_CONF} --mlperf_conf_path=/home/cmuser/CM/repos/local/cache/669f6ef943704402/inference/mlperf.conf --gpu_batch_size=64 --no_audit_verify "'
client 2023-07-23 12:55:40,712 [INFO] Sending command to the server: 'time'
client 2023-07-23 12:55:40,716 [INFO] Got response: '1690116940.7079446'
client 2023-07-23 12:55:40,716 [INFO] The time difference between the client and the server is within range 4.762 ms..8.973 ms
client 2023-07-23 12:55:40,716 [INFO] Sending command to the server: 'session,2023-07-23_13-49-39,stop,ranging'
client 2023-07-23 12:55:51,547 [INFO] Got response: 'OK'
client 2023-07-23 12:55:51,547 [INFO] Sending command to the server: 'time'
client 2023-07-23 12:55:51,549 [INFO] Got response: '1690116951.5414882'
client 2023-07-23 12:55:51,549 [INFO] The time difference between the client and the server is within range 5.867 ms..7.888 ms
client 2023-07-23 12:55:51,552 [INFO] Copying loadgen logs from '/home/cmuser/results_dir/valid_results/28df27c48ad9-nvidia_original-gpu-tensorrt-vdefault-default_config/resnet50/offline/performance/run_1' to '/home/cmuser/results_dir/valid_results/28df27c48ad9-nvidia_original-gpu-tensorrt-vdefault-default_config/resnet50/offline/performance/tmp_power/ranging'
client 2023-07-23 12:55:51,552 [INFO] Running workload in testing mode
client 2023-07-23 12:55:51,552 [INFO] Synchronizing with the server and with time.google.com...
client 2023-07-23 12:55:51,889 [INFO] NTP:offset = -0.001 s, delay = 0.019 s 
client 2023-07-23 12:55:51,889 [INFO] Sending command to the server: 'time'
client 2023-07-23 12:55:51,891 [INFO] Got response: '1690116951.8854003'
client 2023-07-23 12:55:51,891 [INFO] The time difference between the client and the server is within range 3.742 ms..6.131 ms
client 2023-07-23 12:55:51,891 [INFO] Sending command to the server: 'session,2023-07-23_13-49-39,start,testing'
client 2023-07-23 12:56:04,965 [INFO] Got response: 'OK'
client 2023-07-23 12:56:04,965 [INFO] Sending command to the server: 'time'
client 2023-07-23 12:56:04,980 [INFO] Got response: '1690116964.9695482'
client 2023-07-23 12:56:04,980 [INFO] The time difference between the client and the server is within range -3.896 ms..10.918 ms
client 2023-07-23 12:56:04,980 [INFO] Running the workload 'CM_MLPERF_RUN_COUNT=$(cat ${CM_RUN_DIR}/count.txt); echo ${CM_MLPERF_RUN_COUNT}; CM_MLPERF_RUN_COUNT=$((CM_MLPERF_RUN_COUNT+1)); echo ${CM_MLPERF_RUN_COUNT} > ${CM_RUN_DIR}/count.txt && if [ ${CM_MLPERF_RUN_COUNT} -eq "1" ]; then export CM_MLPERF_USER_CONF=${CM_MLPERF_RANGING_USER_CONF}; else export CM_MLPERF_USER_CONF=${CM_MLPERF_TESTING_USER_CONF}; fi && make run_harness RUN_ARGS=" --benchmarks=resnet50 --scenarios=offline --test_mode=PerformanceOnly --offline_expected_qps=38000 --user_conf_path=${CM_MLPERF_USER_CONF} --mlperf_conf_path=/home/cmuser/CM/repos/local/cache/669f6ef943704402/inference/mlperf.conf --gpu_batch_size=64 --no_audit_verify "'
client 2023-07-23 13:07:02,703 [INFO] Sending command to the server: 'time'
client 2023-07-23 13:07:02,708 [INFO] Got response: '1690117622.6876755'
client 2023-07-23 13:07:02,708 [INFO] The time difference between the client and the server is within range 16.058 ms..20.973 ms
client 2023-07-23 13:07:02,708 [INFO] Sending command to the server: 'session,2023-07-23_13-49-39,stop,testing'
client 2023-07-23 13:07:13,089 [INFO] Got response: 'OK'
client 2023-07-23 13:07:13,089 [INFO] Sending command to the server: 'time'
client 2023-07-23 13:07:13,092 [INFO] Got response: '1690117633.0778742'
client 2023-07-23 13:07:13,092 [INFO] The time difference between the client and the server is within range 12.076 ms..14.256 ms
client 2023-07-23 13:07:13,092 [INFO] Copying loadgen logs from '/home/cmuser/results_dir/valid_results/28df27c48ad9-nvidia_original-gpu-tensorrt-vdefault-default_config/resnet50/offline/performance/run_1' to '/home/cmuser/results_dir/valid_results/28df27c48ad9-nvidia_original-gpu-tensorrt-vdefault-default_config/resnet50/offline/performance/tmp_power/run_1'
client 2023-07-23 13:07:13,092 [INFO] Done runs
