client 2023-07-26 07:05:33,762 [INFO] Creating output directory '/home/cmuser/mobilenet_results/valid_results/bb3b3f2d4d2e-tflite_cpp-cpu-tflite-vmaster-default_config/mobilenet-v1-precision_uint8-1.0-160/singlestream/performance/tmp_power'
client 2023-07-26 07:05:33,763 [INFO] Sending command to the server: 'mlcommons/power client v3'
client 2023-07-26 07:05:33,766 [INFO] Got response: 'mlcommons/power server v3'
client 2023-07-26 07:05:33,766 [INFO] Synchronizing with the server and with time.google.com...
client 2023-07-26 07:05:38,856 [INFO] NTP:offset = 0.000 s, delay = 0.014 s 
client 2023-07-26 07:05:38,856 [INFO] Sending command to the server: 'time'
client 2023-07-26 07:05:38,860 [INFO] Got response: '1690380338.7962909'
client 2023-07-26 07:05:38,860 [INFO] The time difference between the client and the server is within range 60.483 ms..63.895 ms
client 2023-07-26 07:05:38,860 [INFO] Sending command to the server: 'new,,f3b13bc8-efb9-4a4d-9493-9858cbd7cfdb'
client 2023-07-26 07:05:38,864 [INFO] Got response: 'OK 2023-07-26_15-05-38,e57910e6-ce0e-44cf-a97d-63eaaa862239'
client 2023-07-26 07:05:38,864 [INFO] Session id is '2023-07-26_15-05-38'
client 2023-07-26 07:05:38,865 [INFO] Sources: {"sources": {"__init__.py": "da39a3ee5e6b4b0d3255bfef95601890afd80709", "client.py": "33ca4f26368777ac06e01f9567b714a4b8063886", "lib/__init__.py": "da39a3ee5e6b4b0d3255bfef95601890afd80709", "lib/client.py": "ac2aa093c8e8bbc9569b9e2a3471bc64e58a2258", "lib/common.py": "611d8b29633d331eb19c9455ea3b5fa3284ed6df", "lib/external/__init__.py": "da39a3ee5e6b4b0d3255bfef95601890afd80709", "lib/external/ntplib.py": "4da8f970656505a40483206ef2b5d3dd5e81711d", "lib/server.py": "c7af63c31bb2fbedea4345f571f6e3507d268ada", "lib/source_hashes.py": "60a2e02193209e8d392803326208d5466342da18", "lib/summary.py": "aa92f0a3f975eecd44d3c0cd0236342ccc9f941d", "lib/time_sync.py": "122eba67a9abc85635223e054def53be1367ade2", "server.py": "c3f90f2f7eeb4db30727556d0c815ebc89b3d28b", "tests/unit/__init__.py": "da39a3ee5e6b4b0d3255bfef95601890afd80709", "tests/unit/test_server.py": "948c1995d4008bc2aa6c4046a34ffa3858d6d671", "tests/unit/test_source_hashes.py": "00468a2907583c593e6574a1f6b404e4651c221a"}, "modules": {"ptd_client_server.lib.client": "lib/client.py", "ptd_client_server.lib.common": "lib/common.py", "ptd_client_server.lib.external.ntplib": "lib/external/ntplib.py", "ptd_client_server.lib.source_hashes": "lib/source_hashes.py", "ptd_client_server.lib.summary": "lib/summary.py", "ptd_client_server.lib.time_sync": "lib/time_sync.py"}}
client 2023-07-26 07:05:38,865 [INFO] Running workload in ranging mode
client 2023-07-26 07:05:38,865 [INFO] Synchronizing with the server and with time.google.com...
client 2023-07-26 07:05:38,942 [INFO] NTP:offset = 0.001 s, delay = 0.016 s 
client 2023-07-26 07:05:38,942 [INFO] Sending command to the server: 'time'
client 2023-07-26 07:05:38,945 [INFO] Got response: '1690380338.8867707'
client 2023-07-26 07:05:38,945 [INFO] The time difference between the client and the server is within range 55.592 ms..59.069 ms
client 2023-07-26 07:05:38,945 [INFO] Sending command to the server: 'session,2023-07-26_15-05-38,start,ranging'
client 2023-07-26 07:06:02,912 [INFO] Got response: 'OK'
client 2023-07-26 07:06:02,912 [INFO] Sending command to the server: 'time'
client 2023-07-26 07:06:02,914 [INFO] Got response: '1690380362.8519552'
client 2023-07-26 07:06:02,914 [INFO] The time difference between the client and the server is within range 60.313 ms..62.276 ms
client 2023-07-26 07:06:02,914 [INFO] Running the workload 'CM_MLPERF_RUN_COUNT=$(cat ${CM_RUN_DIR}/count.txt); echo ${CM_MLPERF_RUN_COUNT}; CM_MLPERF_RUN_COUNT=$((CM_MLPERF_RUN_COUNT+1)); echo ${CM_MLPERF_RUN_COUNT} > ${CM_RUN_DIR}/count.txt && if [ ${CM_MLPERF_RUN_COUNT} -eq "1" ]; then export CM_MLPERF_USER_CONF=${CM_MLPERF_RANGING_USER_CONF}; else export CM_MLPERF_USER_CONF=${CM_MLPERF_TESTING_USER_CONF}; fi && /home/cmuser/run.out'
client 2023-07-26 07:11:03,524 [INFO] Sending command to the server: 'time'
client 2023-07-26 07:11:03,528 [INFO] Got response: '1690380663.4585376'
client 2023-07-26 07:11:03,528 [INFO] The time difference between the client and the server is within range 65.983 ms..69.679 ms
client 2023-07-26 07:11:03,528 [INFO] Sending command to the server: 'session,2023-07-26_15-05-38,stop,ranging'
client 2023-07-26 07:11:14,029 [INFO] Got response: 'OK'
client 2023-07-26 07:11:14,029 [INFO] Sending command to the server: 'time'
client 2023-07-26 07:11:14,031 [INFO] Got response: '1690380673.9687476'
client 2023-07-26 07:11:14,031 [INFO] The time difference between the client and the server is within range 61.062 ms..63.159 ms
client 2023-07-26 07:11:14,035 [INFO] Copying loadgen logs from '/home/cmuser/mobilenet_results/valid_results/bb3b3f2d4d2e-tflite_cpp-cpu-tflite-vmaster-default_config/mobilenet-v1-precision_uint8-1.0-160/singlestream/performance/run_1' to '/home/cmuser/mobilenet_results/valid_results/bb3b3f2d4d2e-tflite_cpp-cpu-tflite-vmaster-default_config/mobilenet-v1-precision_uint8-1.0-160/singlestream/performance/tmp_power/ranging'
client 2023-07-26 07:11:14,035 [INFO] Running workload in testing mode
client 2023-07-26 07:11:14,035 [INFO] Synchronizing with the server and with time.google.com...
client 2023-07-26 07:11:14,121 [INFO] NTP:offset = 0.001 s, delay = 0.015 s 
client 2023-07-26 07:11:14,121 [INFO] Sending command to the server: 'time'
client 2023-07-26 07:11:14,124 [INFO] Got response: '1690380674.0593028'
client 2023-07-26 07:11:14,124 [INFO] The time difference between the client and the server is within range 62.085 ms..65.191 ms
client 2023-07-26 07:11:14,124 [INFO] Sending command to the server: 'session,2023-07-26_15-05-38,start,testing'
client 2023-07-26 07:11:27,180 [INFO] Got response: 'OK'
client 2023-07-26 07:11:27,181 [INFO] Sending command to the server: 'time'
client 2023-07-26 07:11:27,183 [INFO] Got response: '1690380687.114395'
client 2023-07-26 07:11:27,183 [INFO] The time difference between the client and the server is within range 66.640 ms..69.207 ms
client 2023-07-26 07:11:27,183 [INFO] Running the workload 'CM_MLPERF_RUN_COUNT=$(cat ${CM_RUN_DIR}/count.txt); echo ${CM_MLPERF_RUN_COUNT}; CM_MLPERF_RUN_COUNT=$((CM_MLPERF_RUN_COUNT+1)); echo ${CM_MLPERF_RUN_COUNT} > ${CM_RUN_DIR}/count.txt && if [ ${CM_MLPERF_RUN_COUNT} -eq "1" ]; then export CM_MLPERF_USER_CONF=${CM_MLPERF_RANGING_USER_CONF}; else export CM_MLPERF_USER_CONF=${CM_MLPERF_TESTING_USER_CONF}; fi && /home/cmuser/run.out'
client 2023-07-26 07:21:28,259 [INFO] Sending command to the server: 'time'
client 2023-07-26 07:21:28,263 [INFO] Got response: '1690381288.1901143'
client 2023-07-26 07:21:28,263 [INFO] The time difference between the client and the server is within range 69.600 ms..73.047 ms
client 2023-07-26 07:21:28,263 [INFO] Sending command to the server: 'session,2023-07-26_15-05-38,stop,testing'
client 2023-07-26 07:21:39,270 [INFO] Got response: 'OK'
client 2023-07-26 07:21:39,270 [INFO] Sending command to the server: 'time'
client 2023-07-26 07:21:39,282 [INFO] Got response: '1690381299.2130995'
client 2023-07-26 07:21:39,283 [INFO] The time difference between the client and the server is within range 57.241 ms..69.966 ms
client 2023-07-26 07:21:39,283 [INFO] Copying loadgen logs from '/home/cmuser/mobilenet_results/valid_results/bb3b3f2d4d2e-tflite_cpp-cpu-tflite-vmaster-default_config/mobilenet-v1-precision_uint8-1.0-160/singlestream/performance/run_1' to '/home/cmuser/mobilenet_results/valid_results/bb3b3f2d4d2e-tflite_cpp-cpu-tflite-vmaster-default_config/mobilenet-v1-precision_uint8-1.0-160/singlestream/performance/tmp_power/run_1'
client 2023-07-26 07:21:39,283 [INFO] Done runs
