client 2023-07-13 13:55:54,667 [INFO] Creating output directory '/home/arjun/mobilenet_results/valid_results/phoenix_Amd_Am5-tflite_cpp-cpu-tflite-vmaster-default_config/efficientnet-int8-lite3/singlestream/performance/tmp_power'
client 2023-07-13 13:55:54,668 [INFO] Sending command to the server: 'mlcommons/power client v3'
client 2023-07-13 13:55:54,670 [INFO] Got response: 'mlcommons/power server v3'
client 2023-07-13 13:55:54,670 [INFO] Synchronizing with the server and with time.google.com...
client 2023-07-13 13:55:54,685 [INFO] NTP:offset = -0.002 s, delay = 0.014 s 
client 2023-07-13 13:55:54,685 [INFO] Sending command to the server: 'time'
client 2023-07-13 13:55:54,687 [INFO] Got response: '1689252954.5796509'
client 2023-07-13 13:55:54,687 [INFO] The time difference between the client and the server is within range 106.333 ms..108.327 ms
client 2023-07-13 13:55:54,688 [INFO] Sending command to the server: 'new,,4a3c4d24-5139-46c7-9535-b064ca6fccd1'
client 2023-07-13 13:55:54,690 [INFO] Got response: 'OK 2023-07-13_13-55-54,914f60c2-d240-4370-8891-93958e241487'
client 2023-07-13 13:55:54,690 [INFO] Session id is '2023-07-13_13-55-54'
client 2023-07-13 13:55:54,690 [INFO] Sources: {"sources": {"__init__.py": "da39a3ee5e6b4b0d3255bfef95601890afd80709", "client.py": "33ca4f26368777ac06e01f9567b714a4b8063886", "lib/__init__.py": "da39a3ee5e6b4b0d3255bfef95601890afd80709", "lib/client.py": "ac2aa093c8e8bbc9569b9e2a3471bc64e58a2258", "lib/common.py": "611d8b29633d331eb19c9455ea3b5fa3284ed6df", "lib/external/__init__.py": "da39a3ee5e6b4b0d3255bfef95601890afd80709", "lib/external/ntplib.py": "4da8f970656505a40483206ef2b5d3dd5e81711d", "lib/server.py": "c7af63c31bb2fbedea4345f571f6e3507d268ada", "lib/source_hashes.py": "60a2e02193209e8d392803326208d5466342da18", "lib/summary.py": "aa92f0a3f975eecd44d3c0cd0236342ccc9f941d", "lib/time_sync.py": "122eba67a9abc85635223e054def53be1367ade2", "server.py": "c3f90f2f7eeb4db30727556d0c815ebc89b3d28b", "tests/unit/__init__.py": "da39a3ee5e6b4b0d3255bfef95601890afd80709", "tests/unit/test_server.py": "948c1995d4008bc2aa6c4046a34ffa3858d6d671", "tests/unit/test_source_hashes.py": "00468a2907583c593e6574a1f6b404e4651c221a"}, "modules": {"ptd_client_server.lib.client": "lib/client.py", "ptd_client_server.lib.common": "lib/common.py", "ptd_client_server.lib.external.ntplib": "lib/external/ntplib.py", "ptd_client_server.lib.source_hashes": "lib/source_hashes.py", "ptd_client_server.lib.summary": "lib/summary.py", "ptd_client_server.lib.time_sync": "lib/time_sync.py"}}
client 2023-07-13 13:55:54,690 [INFO] Running workload in ranging mode
client 2023-07-13 13:55:54,690 [INFO] Synchronizing with the server and with time.google.com...
client 2023-07-13 13:55:54,706 [INFO] NTP:offset = -0.001 s, delay = 0.015 s 
client 2023-07-13 13:55:54,706 [INFO] Sending command to the server: 'time'
client 2023-07-13 13:55:54,708 [INFO] Got response: '1689252954.599459'
client 2023-07-13 13:55:54,708 [INFO] The time difference between the client and the server is within range 106.776 ms..109.394 ms
client 2023-07-13 13:55:54,708 [INFO] Sending command to the server: 'session,2023-07-13_13-55-54,start,ranging'
client 2023-07-13 13:56:18,520 [INFO] Got response: 'OK'
client 2023-07-13 13:56:18,520 [INFO] Sending command to the server: 'time'
client 2023-07-13 13:56:18,523 [INFO] Got response: '1689252978.4125264'
client 2023-07-13 13:56:18,524 [INFO] The time difference between the client and the server is within range 107.877 ms..111.501 ms
client 2023-07-13 13:56:18,524 [INFO] Running the workload 'CM_MLPERF_RUN_COUNT=$(cat ${CM_RUN_DIR}/count.txt); echo ${CM_MLPERF_RUN_COUNT}; CM_MLPERF_RUN_COUNT=$((CM_MLPERF_RUN_COUNT+1)); echo ${CM_MLPERF_RUN_COUNT} > ${CM_RUN_DIR}/count.txt && if [ ${CM_MLPERF_RUN_COUNT} -eq "1" ]; then export CM_MLPERF_USER_CONF=${CM_MLPERF_RANGING_USER_CONF}; else export CM_MLPERF_USER_CONF=${CM_MLPERF_TESTING_USER_CONF}; fi && /home/arjun/run.out'
client 2023-07-13 14:01:19,111 [INFO] Sending command to the server: 'time'
client 2023-07-13 14:01:19,115 [INFO] Got response: '1689253279.00235'
client 2023-07-13 14:01:19,115 [INFO] The time difference between the client and the server is within range 109.056 ms..113.612 ms
client 2023-07-13 14:01:19,116 [INFO] Sending command to the server: 'session,2023-07-13_13-55-54,stop,ranging'
client 2023-07-13 14:01:29,677 [INFO] Got response: 'OK'
client 2023-07-13 14:01:29,677 [INFO] Sending command to the server: 'time'
client 2023-07-13 14:01:29,680 [INFO] Got response: '1689253289.566282'
client 2023-07-13 14:01:29,680 [INFO] The time difference between the client and the server is within range 111.686 ms..114.436 ms
client 2023-07-13 14:01:29,682 [INFO] Copying loadgen logs from '/home/arjun/mobilenet_results/valid_results/phoenix_Amd_Am5-tflite_cpp-cpu-tflite-vmaster-default_config/efficientnet-int8-lite3/singlestream/performance/run_1' to '/home/arjun/mobilenet_results/valid_results/phoenix_Amd_Am5-tflite_cpp-cpu-tflite-vmaster-default_config/efficientnet-int8-lite3/singlestream/performance/tmp_power/ranging'
client 2023-07-13 14:01:29,682 [INFO] Running workload in testing mode
client 2023-07-13 14:01:29,682 [INFO] Synchronizing with the server and with time.google.com...
client 2023-07-13 14:01:29,697 [INFO] NTP:offset = -0.002 s, delay = 0.015 s 
client 2023-07-13 14:01:29,697 [INFO] Sending command to the server: 'time'
client 2023-07-13 14:01:29,700 [INFO] Got response: '1689253289.58667'
client 2023-07-13 14:01:29,700 [INFO] The time difference between the client and the server is within range 111.296 ms..114.104 ms
client 2023-07-13 14:01:29,700 [INFO] Sending command to the server: 'session,2023-07-13_13-55-54,start,testing'
client 2023-07-13 14:01:42,758 [INFO] Got response: 'OK'
client 2023-07-13 14:01:42,758 [INFO] Sending command to the server: 'time'
client 2023-07-13 14:01:42,762 [INFO] Got response: '1689253302.6475317'
client 2023-07-13 14:01:42,762 [INFO] The time difference between the client and the server is within range 111.456 ms..115.142 ms
client 2023-07-13 14:01:42,762 [INFO] Running the workload 'CM_MLPERF_RUN_COUNT=$(cat ${CM_RUN_DIR}/count.txt); echo ${CM_MLPERF_RUN_COUNT}; CM_MLPERF_RUN_COUNT=$((CM_MLPERF_RUN_COUNT+1)); echo ${CM_MLPERF_RUN_COUNT} > ${CM_RUN_DIR}/count.txt && if [ ${CM_MLPERF_RUN_COUNT} -eq "1" ]; then export CM_MLPERF_USER_CONF=${CM_MLPERF_RANGING_USER_CONF}; else export CM_MLPERF_USER_CONF=${CM_MLPERF_TESTING_USER_CONF}; fi && /home/arjun/run.out'
client 2023-07-13 14:11:43,778 [INFO] Sending command to the server: 'time'
client 2023-07-13 14:11:43,782 [INFO] Got response: '1689253903.6595'
client 2023-07-13 14:11:43,782 [INFO] The time difference between the client and the server is within range 118.747 ms..123.041 ms
client 2023-07-13 14:11:43,782 [INFO] Sending command to the server: 'session,2023-07-13_13-55-54,stop,testing'
client 2023-07-13 14:11:54,845 [INFO] Got response: 'OK'
client 2023-07-13 14:11:54,845 [INFO] Sending command to the server: 'time'
client 2023-07-13 14:11:54,847 [INFO] Got response: '1689253914.7304652'
client 2023-07-13 14:11:54,847 [INFO] The time difference between the client and the server is within range 114.714 ms..116.708 ms
client 2023-07-13 14:11:54,847 [INFO] Copying loadgen logs from '/home/arjun/mobilenet_results/valid_results/phoenix_Amd_Am5-tflite_cpp-cpu-tflite-vmaster-default_config/efficientnet-int8-lite3/singlestream/performance/run_1' to '/home/arjun/mobilenet_results/valid_results/phoenix_Amd_Am5-tflite_cpp-cpu-tflite-vmaster-default_config/efficientnet-int8-lite3/singlestream/performance/tmp_power/run_1'
client 2023-07-13 14:11:54,847 [INFO] Done runs
