client 2023-07-12 19:04:23,285 [INFO] Creating output directory '/home/arjun/mobilenet_results/valid_results/phoenix_Amd_Am5-tflite_cpp-cpu-tflite-vmaster-default_config/mobilenet-v1-precision_float-1.0-128/singlestream/performance/tmp_power'
client 2023-07-12 19:04:23,287 [INFO] Sending command to the server: 'mlcommons/power client v3'
client 2023-07-12 19:04:23,289 [INFO] Got response: 'mlcommons/power server v3'
client 2023-07-12 19:04:23,289 [INFO] Synchronizing with the server and with time.google.com...
client 2023-07-12 19:04:23,311 [INFO] NTP:offset = 0.002 s, delay = 0.020 s 
client 2023-07-12 19:04:23,311 [INFO] Sending command to the server: 'time'
client 2023-07-12 19:04:23,313 [INFO] Got response: '1689185063.2967103'
client 2023-07-12 19:04:23,313 [INFO] The time difference between the client and the server is within range 14.614 ms..16.592 ms
client 2023-07-12 19:04:23,313 [INFO] Sending command to the server: 'new,,88fe2ede-7006-48dc-90b2-a7695799f1bb'
client 2023-07-12 19:04:23,315 [INFO] Got response: 'OK 2023-07-12_19-04-23,165ce1bf-509f-4839-9410-956703a1db04'
client 2023-07-12 19:04:23,315 [INFO] Session id is '2023-07-12_19-04-23'
client 2023-07-12 19:04:23,315 [INFO] Sources: {"sources": {"__init__.py": "da39a3ee5e6b4b0d3255bfef95601890afd80709", "client.py": "33ca4f26368777ac06e01f9567b714a4b8063886", "lib/__init__.py": "da39a3ee5e6b4b0d3255bfef95601890afd80709", "lib/client.py": "ac2aa093c8e8bbc9569b9e2a3471bc64e58a2258", "lib/common.py": "611d8b29633d331eb19c9455ea3b5fa3284ed6df", "lib/external/__init__.py": "da39a3ee5e6b4b0d3255bfef95601890afd80709", "lib/external/ntplib.py": "4da8f970656505a40483206ef2b5d3dd5e81711d", "lib/server.py": "c7af63c31bb2fbedea4345f571f6e3507d268ada", "lib/source_hashes.py": "60a2e02193209e8d392803326208d5466342da18", "lib/summary.py": "aa92f0a3f975eecd44d3c0cd0236342ccc9f941d", "lib/time_sync.py": "122eba67a9abc85635223e054def53be1367ade2", "server.py": "c3f90f2f7eeb4db30727556d0c815ebc89b3d28b", "tests/unit/__init__.py": "da39a3ee5e6b4b0d3255bfef95601890afd80709", "tests/unit/test_server.py": "948c1995d4008bc2aa6c4046a34ffa3858d6d671", "tests/unit/test_source_hashes.py": "00468a2907583c593e6574a1f6b404e4651c221a"}, "modules": {"ptd_client_server.lib.client": "lib/client.py", "ptd_client_server.lib.common": "lib/common.py", "ptd_client_server.lib.external.ntplib": "lib/external/ntplib.py", "ptd_client_server.lib.source_hashes": "lib/source_hashes.py", "ptd_client_server.lib.summary": "lib/summary.py", "ptd_client_server.lib.time_sync": "lib/time_sync.py"}}
client 2023-07-12 19:04:23,315 [INFO] Running workload in ranging mode
client 2023-07-12 19:04:23,315 [INFO] Synchronizing with the server and with time.google.com...
client 2023-07-12 19:04:23,334 [INFO] NTP:offset = 0.003 s, delay = 0.018 s 
client 2023-07-12 19:04:23,334 [INFO] Sending command to the server: 'time'
client 2023-07-12 19:04:23,348 [INFO] Got response: '1689185063.3269198'
client 2023-07-12 19:04:23,348 [INFO] The time difference between the client and the server is within range 8.038 ms..21.356 ms
client 2023-07-12 19:04:23,348 [INFO] Sending command to the server: 'session,2023-07-12_19-04-23,start,ranging'
client 2023-07-12 19:04:47,195 [INFO] Got response: 'OK'
client 2023-07-12 19:04:47,195 [INFO] Sending command to the server: 'time'
client 2023-07-12 19:04:47,205 [INFO] Got response: '1689185087.181715'
client 2023-07-12 19:04:47,205 [INFO] The time difference between the client and the server is within range 13.478 ms..24.107 ms
client 2023-07-12 19:04:47,205 [INFO] Running the workload 'CM_MLPERF_RUN_COUNT=$(cat ${CM_RUN_DIR}/count.txt); echo ${CM_MLPERF_RUN_COUNT}; CM_MLPERF_RUN_COUNT=$((CM_MLPERF_RUN_COUNT+1)); echo ${CM_MLPERF_RUN_COUNT} > ${CM_RUN_DIR}/count.txt && if [ ${CM_MLPERF_RUN_COUNT} -eq "1" ]; then export CM_MLPERF_USER_CONF=${CM_MLPERF_RANGING_USER_CONF}; else export CM_MLPERF_USER_CONF=${CM_MLPERF_TESTING_USER_CONF}; fi && /home/arjun/run.out'
client 2023-07-12 19:09:48,041 [INFO] Sending command to the server: 'time'
client 2023-07-12 19:09:48,044 [INFO] Got response: '1689185388.0139306'
client 2023-07-12 19:09:48,044 [INFO] The time difference between the client and the server is within range 27.876 ms..30.225 ms
client 2023-07-12 19:09:48,044 [INFO] Sending command to the server: 'session,2023-07-12_19-04-23,stop,ranging'
client 2023-07-12 19:09:58,254 [INFO] Got response: 'OK'
client 2023-07-12 19:09:58,254 [INFO] Sending command to the server: 'time'
client 2023-07-12 19:09:58,257 [INFO] Got response: '1689185398.2280102'
client 2023-07-12 19:09:58,257 [INFO] The time difference between the client and the server is within range 26.578 ms..29.134 ms
client 2023-07-12 19:09:58,260 [INFO] Copying loadgen logs from '/home/arjun/mobilenet_results/valid_results/phoenix_Amd_Am5-tflite_cpp-cpu-tflite-vmaster-default_config/mobilenet-v1-precision_float-1.0-128/singlestream/performance/run_1' to '/home/arjun/mobilenet_results/valid_results/phoenix_Amd_Am5-tflite_cpp-cpu-tflite-vmaster-default_config/mobilenet-v1-precision_float-1.0-128/singlestream/performance/tmp_power/ranging'
client 2023-07-12 19:09:58,260 [INFO] Running workload in testing mode
client 2023-07-12 19:09:58,260 [INFO] Synchronizing with the server and with time.google.com...
client 2023-07-12 19:09:58,276 [INFO] NTP:offset = 0.001 s, delay = 0.015 s 
client 2023-07-12 19:09:58,276 [INFO] Sending command to the server: 'time'
client 2023-07-12 19:09:58,278 [INFO] Got response: '1689185398.2484498'
client 2023-07-12 19:09:58,278 [INFO] The time difference between the client and the server is within range 27.766 ms..30.065 ms
client 2023-07-12 19:09:58,278 [INFO] Sending command to the server: 'session,2023-07-12_19-04-23,start,testing'
client 2023-07-12 19:10:11,341 [INFO] Got response: 'OK'
client 2023-07-12 19:10:11,341 [INFO] Sending command to the server: 'time'
client 2023-07-12 19:10:11,344 [INFO] Got response: '1689185411.321598'
client 2023-07-12 19:10:11,344 [INFO] The time difference between the client and the server is within range 20.077 ms..23.196 ms
client 2023-07-12 19:10:11,344 [INFO] Running the workload 'CM_MLPERF_RUN_COUNT=$(cat ${CM_RUN_DIR}/count.txt); echo ${CM_MLPERF_RUN_COUNT}; CM_MLPERF_RUN_COUNT=$((CM_MLPERF_RUN_COUNT+1)); echo ${CM_MLPERF_RUN_COUNT} > ${CM_RUN_DIR}/count.txt && if [ ${CM_MLPERF_RUN_COUNT} -eq "1" ]; then export CM_MLPERF_USER_CONF=${CM_MLPERF_RANGING_USER_CONF}; else export CM_MLPERF_USER_CONF=${CM_MLPERF_TESTING_USER_CONF}; fi && /home/arjun/run.out'
client 2023-07-12 19:20:12,298 [INFO] Sending command to the server: 'time'
client 2023-07-12 19:20:12,302 [INFO] Got response: '1689186012.2609978'
client 2023-07-12 19:20:12,302 [INFO] The time difference between the client and the server is within range 37.238 ms..41.394 ms
client 2023-07-12 19:20:12,302 [INFO] Sending command to the server: 'session,2023-07-12_19-04-23,stop,testing'
client 2023-07-12 19:20:22,411 [INFO] Got response: 'OK'
client 2023-07-12 19:20:22,411 [INFO] Sending command to the server: 'time'
client 2023-07-12 19:20:22,413 [INFO] Got response: '1689186022.3696878'
client 2023-07-12 19:20:22,413 [INFO] The time difference between the client and the server is within range 42.149 ms..43.675 ms
client 2023-07-12 19:20:22,413 [INFO] Copying loadgen logs from '/home/arjun/mobilenet_results/valid_results/phoenix_Amd_Am5-tflite_cpp-cpu-tflite-vmaster-default_config/mobilenet-v1-precision_float-1.0-128/singlestream/performance/run_1' to '/home/arjun/mobilenet_results/valid_results/phoenix_Amd_Am5-tflite_cpp-cpu-tflite-vmaster-default_config/mobilenet-v1-precision_float-1.0-128/singlestream/performance/tmp_power/run_1'
client 2023-07-12 19:20:22,414 [INFO] Done runs
