client 2023-07-26 12:44:21,295 [INFO] Creating output directory '/home/cmuser/mobilenet_results/valid_results/bb3b3f2d4d2e-tflite_cpp-cpu-tflite-vmaster-default_config/mobilenet-v1-precision_uint8-0.25-192/singlestream/performance/tmp_power'
client 2023-07-26 12:44:21,298 [INFO] Sending command to the server: 'mlcommons/power client v3'
client 2023-07-26 12:44:21,301 [INFO] Got response: 'mlcommons/power server v3'
client 2023-07-26 12:44:21,301 [INFO] Synchronizing with the server and with time.google.com...
client 2023-07-26 12:44:21,353 [INFO] NTP:offset = -0.003 s, delay = 0.013 s 
client 2023-07-26 12:44:21,353 [INFO] Sending command to the server: 'time'
client 2023-07-26 12:44:21,357 [INFO] Got response: '1690400661.2776196'
client 2023-07-26 12:44:21,357 [INFO] The time difference between the client and the server is within range 75.784 ms..80.015 ms
client 2023-07-26 12:44:21,357 [INFO] Sending command to the server: 'new,,2d86c163-aeb6-4f6f-a2ab-bcd2de938ecd'
client 2023-07-26 12:44:21,361 [INFO] Got response: 'OK 2023-07-26_20-44-21,39d0f686-ba53-48e6-a252-52f98a804686'
client 2023-07-26 12:44:21,361 [INFO] Session id is '2023-07-26_20-44-21'
client 2023-07-26 12:44:21,361 [INFO] Sources: {"sources": {"__init__.py": "da39a3ee5e6b4b0d3255bfef95601890afd80709", "client.py": "33ca4f26368777ac06e01f9567b714a4b8063886", "lib/__init__.py": "da39a3ee5e6b4b0d3255bfef95601890afd80709", "lib/client.py": "ac2aa093c8e8bbc9569b9e2a3471bc64e58a2258", "lib/common.py": "611d8b29633d331eb19c9455ea3b5fa3284ed6df", "lib/external/__init__.py": "da39a3ee5e6b4b0d3255bfef95601890afd80709", "lib/external/ntplib.py": "4da8f970656505a40483206ef2b5d3dd5e81711d", "lib/server.py": "c7af63c31bb2fbedea4345f571f6e3507d268ada", "lib/source_hashes.py": "60a2e02193209e8d392803326208d5466342da18", "lib/summary.py": "aa92f0a3f975eecd44d3c0cd0236342ccc9f941d", "lib/time_sync.py": "122eba67a9abc85635223e054def53be1367ade2", "server.py": "c3f90f2f7eeb4db30727556d0c815ebc89b3d28b", "tests/unit/__init__.py": "da39a3ee5e6b4b0d3255bfef95601890afd80709", "tests/unit/test_server.py": "948c1995d4008bc2aa6c4046a34ffa3858d6d671", "tests/unit/test_source_hashes.py": "00468a2907583c593e6574a1f6b404e4651c221a"}, "modules": {"ptd_client_server.lib.client": "lib/client.py", "ptd_client_server.lib.common": "lib/common.py", "ptd_client_server.lib.external.ntplib": "lib/external/ntplib.py", "ptd_client_server.lib.source_hashes": "lib/source_hashes.py", "ptd_client_server.lib.summary": "lib/summary.py", "ptd_client_server.lib.time_sync": "lib/time_sync.py"}}
client 2023-07-26 12:44:21,361 [INFO] Running workload in ranging mode
client 2023-07-26 12:44:21,361 [INFO] Synchronizing with the server and with time.google.com...
client 2023-07-26 12:44:21,413 [INFO] NTP:offset = -0.002 s, delay = 0.016 s 
client 2023-07-26 12:44:21,413 [INFO] Sending command to the server: 'time'
client 2023-07-26 12:44:21,416 [INFO] Got response: '1690400661.340857'
client 2023-07-26 12:44:21,416 [INFO] The time difference between the client and the server is within range 72.299 ms..76.102 ms
client 2023-07-26 12:44:21,417 [INFO] Sending command to the server: 'session,2023-07-26_20-44-21,start,ranging'
client 2023-07-26 12:44:45,278 [INFO] Got response: 'OK'
client 2023-07-26 12:44:45,278 [INFO] Sending command to the server: 'time'
client 2023-07-26 12:44:45,281 [INFO] Got response: '1690400685.2057211'
client 2023-07-26 12:44:45,281 [INFO] The time difference between the client and the server is within range 72.993 ms..75.880 ms
client 2023-07-26 12:44:45,281 [INFO] Running the workload 'CM_MLPERF_RUN_COUNT=$(cat ${CM_RUN_DIR}/count.txt); echo ${CM_MLPERF_RUN_COUNT}; CM_MLPERF_RUN_COUNT=$((CM_MLPERF_RUN_COUNT+1)); echo ${CM_MLPERF_RUN_COUNT} > ${CM_RUN_DIR}/count.txt && if [ ${CM_MLPERF_RUN_COUNT} -eq "1" ]; then export CM_MLPERF_USER_CONF=${CM_MLPERF_RANGING_USER_CONF}; else export CM_MLPERF_USER_CONF=${CM_MLPERF_TESTING_USER_CONF}; fi && /home/cmuser/run.out'
client 2023-07-26 12:49:45,936 [INFO] Sending command to the server: 'time'
client 2023-07-26 12:49:45,940 [INFO] Got response: '1690400985.861047'
client 2023-07-26 12:49:45,940 [INFO] The time difference between the client and the server is within range 75.253 ms..79.169 ms
client 2023-07-26 12:49:45,940 [INFO] Sending command to the server: 'session,2023-07-26_20-44-21,stop,ranging'
client 2023-07-26 12:49:56,408 [INFO] Got response: 'OK'
client 2023-07-26 12:49:56,408 [INFO] Sending command to the server: 'time'
client 2023-07-26 12:49:56,410 [INFO] Got response: '1690400996.330384'
client 2023-07-26 12:49:56,410 [INFO] The time difference between the client and the server is within range 78.131 ms..80.195 ms
client 2023-07-26 12:49:56,414 [INFO] Copying loadgen logs from '/home/cmuser/mobilenet_results/valid_results/bb3b3f2d4d2e-tflite_cpp-cpu-tflite-vmaster-default_config/mobilenet-v1-precision_uint8-0.25-192/singlestream/performance/run_1' to '/home/cmuser/mobilenet_results/valid_results/bb3b3f2d4d2e-tflite_cpp-cpu-tflite-vmaster-default_config/mobilenet-v1-precision_uint8-0.25-192/singlestream/performance/tmp_power/ranging'
client 2023-07-26 12:49:56,414 [INFO] Running workload in testing mode
client 2023-07-26 12:49:56,414 [INFO] Synchronizing with the server and with time.google.com...
client 2023-07-26 12:49:56,488 [INFO] NTP:offset = -0.001 s, delay = 0.012 s 
client 2023-07-26 12:49:56,488 [INFO] Sending command to the server: 'time'
client 2023-07-26 12:49:56,493 [INFO] Got response: '1690400996.4105852'
client 2023-07-26 12:49:56,493 [INFO] The time difference between the client and the server is within range 77.530 ms..82.900 ms
client 2023-07-26 12:49:56,493 [INFO] Sending command to the server: 'session,2023-07-26_20-44-21,start,testing'
client 2023-07-26 12:50:09,551 [INFO] Got response: 'OK'
client 2023-07-26 12:50:09,551 [INFO] Sending command to the server: 'time'
client 2023-07-26 12:50:09,554 [INFO] Got response: '1690401009.478997'
client 2023-07-26 12:50:09,554 [INFO] The time difference between the client and the server is within range 72.768 ms..75.624 ms
client 2023-07-26 12:50:09,554 [INFO] Running the workload 'CM_MLPERF_RUN_COUNT=$(cat ${CM_RUN_DIR}/count.txt); echo ${CM_MLPERF_RUN_COUNT}; CM_MLPERF_RUN_COUNT=$((CM_MLPERF_RUN_COUNT+1)); echo ${CM_MLPERF_RUN_COUNT} > ${CM_RUN_DIR}/count.txt && if [ ${CM_MLPERF_RUN_COUNT} -eq "1" ]; then export CM_MLPERF_USER_CONF=${CM_MLPERF_RANGING_USER_CONF}; else export CM_MLPERF_USER_CONF=${CM_MLPERF_TESTING_USER_CONF}; fi && /home/cmuser/run.out'
client 2023-07-26 13:00:10,867 [INFO] Sending command to the server: 'time'
client 2023-07-26 13:00:10,871 [INFO] Got response: '1690401610.7841961'
client 2023-07-26 13:00:10,871 [INFO] The time difference between the client and the server is within range 83.368 ms..87.532 ms
client 2023-07-26 13:00:10,871 [INFO] Sending command to the server: 'session,2023-07-26_20-44-21,stop,testing'
client 2023-07-26 13:00:21,630 [INFO] Got response: 'OK'
client 2023-07-26 13:00:21,630 [INFO] Sending command to the server: 'time'
client 2023-07-26 13:00:21,632 [INFO] Got response: '1690401621.5447338'
client 2023-07-26 13:00:21,632 [INFO] The time difference between the client and the server is within range 85.998 ms..87.543 ms
client 2023-07-26 13:00:21,632 [INFO] Copying loadgen logs from '/home/cmuser/mobilenet_results/valid_results/bb3b3f2d4d2e-tflite_cpp-cpu-tflite-vmaster-default_config/mobilenet-v1-precision_uint8-0.25-192/singlestream/performance/run_1' to '/home/cmuser/mobilenet_results/valid_results/bb3b3f2d4d2e-tflite_cpp-cpu-tflite-vmaster-default_config/mobilenet-v1-precision_uint8-0.25-192/singlestream/performance/tmp_power/run_1'
client 2023-07-26 13:00:21,633 [INFO] Done runs
