client 2023-07-26 17:02:31,738 [INFO] Creating output directory '/home/cmuser/mobilenet_results/valid_results/bb3b3f2d4d2e-tflite_cpp-cpu-tflite-vmaster-default_config/mobilenet-v2-precision_uint8-0.75-192/singlestream/performance/tmp_power'
client 2023-07-26 17:02:31,740 [INFO] Sending command to the server: 'mlcommons/power client v3'
client 2023-07-26 17:02:31,743 [INFO] Got response: 'mlcommons/power server v3'
client 2023-07-26 17:02:31,743 [INFO] Synchronizing with the server and with time.google.com...
client 2023-07-26 17:02:31,800 [INFO] NTP:offset = 0.000 s, delay = 0.011 s 
client 2023-07-26 17:02:31,800 [INFO] Sending command to the server: 'time'
client 2023-07-26 17:02:31,803 [INFO] Got response: '1690416151.6605256'
client 2023-07-26 17:02:31,803 [INFO] The time difference between the client and the server is within range 140.023 ms..142.778 ms
client 2023-07-26 17:02:31,803 [INFO] Sending command to the server: 'new,,82214bfa-51ef-47a5-97ac-483b0c331859'
client 2023-07-26 17:02:31,805 [INFO] Got response: 'OK 2023-07-27_01-02-31,0f39e62b-8fa5-439c-af66-7384e9b1b875'
client 2023-07-26 17:02:31,805 [INFO] Session id is '2023-07-27_01-02-31'
client 2023-07-26 17:02:31,805 [INFO] Sources: {"sources": {"__init__.py": "da39a3ee5e6b4b0d3255bfef95601890afd80709", "client.py": "33ca4f26368777ac06e01f9567b714a4b8063886", "lib/__init__.py": "da39a3ee5e6b4b0d3255bfef95601890afd80709", "lib/client.py": "ac2aa093c8e8bbc9569b9e2a3471bc64e58a2258", "lib/common.py": "611d8b29633d331eb19c9455ea3b5fa3284ed6df", "lib/external/__init__.py": "da39a3ee5e6b4b0d3255bfef95601890afd80709", "lib/external/ntplib.py": "4da8f970656505a40483206ef2b5d3dd5e81711d", "lib/server.py": "c7af63c31bb2fbedea4345f571f6e3507d268ada", "lib/source_hashes.py": "60a2e02193209e8d392803326208d5466342da18", "lib/summary.py": "aa92f0a3f975eecd44d3c0cd0236342ccc9f941d", "lib/time_sync.py": "122eba67a9abc85635223e054def53be1367ade2", "server.py": "c3f90f2f7eeb4db30727556d0c815ebc89b3d28b", "tests/unit/__init__.py": "da39a3ee5e6b4b0d3255bfef95601890afd80709", "tests/unit/test_server.py": "948c1995d4008bc2aa6c4046a34ffa3858d6d671", "tests/unit/test_source_hashes.py": "00468a2907583c593e6574a1f6b404e4651c221a"}, "modules": {"ptd_client_server.lib.client": "lib/client.py", "ptd_client_server.lib.common": "lib/common.py", "ptd_client_server.lib.external.ntplib": "lib/external/ntplib.py", "ptd_client_server.lib.source_hashes": "lib/source_hashes.py", "ptd_client_server.lib.summary": "lib/summary.py", "ptd_client_server.lib.time_sync": "lib/time_sync.py"}}
client 2023-07-26 17:02:31,805 [INFO] Running workload in ranging mode
client 2023-07-26 17:02:31,805 [INFO] Synchronizing with the server and with time.google.com...
client 2023-07-26 17:02:31,868 [INFO] NTP:offset = -0.000 s, delay = 0.014 s 
client 2023-07-26 17:02:31,869 [INFO] Sending command to the server: 'time'
client 2023-07-26 17:02:31,871 [INFO] Got response: '1690416151.730793'
client 2023-07-26 17:02:31,872 [INFO] The time difference between the client and the server is within range 138.257 ms..141.229 ms
client 2023-07-26 17:02:31,872 [INFO] Sending command to the server: 'session,2023-07-27_01-02-31,start,ranging'
client 2023-07-26 17:02:55,730 [INFO] Got response: 'OK'
client 2023-07-26 17:02:55,730 [INFO] Sending command to the server: 'time'
client 2023-07-26 17:02:55,733 [INFO] Got response: '1690416175.5960486'
client 2023-07-26 17:02:55,733 [INFO] The time difference between the client and the server is within range 134.464 ms..137.554 ms
client 2023-07-26 17:02:55,733 [INFO] Running the workload 'CM_MLPERF_RUN_COUNT=$(cat ${CM_RUN_DIR}/count.txt); echo ${CM_MLPERF_RUN_COUNT}; CM_MLPERF_RUN_COUNT=$((CM_MLPERF_RUN_COUNT+1)); echo ${CM_MLPERF_RUN_COUNT} > ${CM_RUN_DIR}/count.txt && if [ ${CM_MLPERF_RUN_COUNT} -eq "1" ]; then export CM_MLPERF_USER_CONF=${CM_MLPERF_RANGING_USER_CONF}; else export CM_MLPERF_USER_CONF=${CM_MLPERF_TESTING_USER_CONF}; fi && /home/cmuser/run.out'
client 2023-07-26 17:07:56,320 [INFO] Sending command to the server: 'time'
client 2023-07-26 17:07:56,323 [INFO] Got response: '1690416476.185014'
client 2023-07-26 17:07:56,323 [INFO] The time difference between the client and the server is within range 135.594 ms..138.802 ms
client 2023-07-26 17:07:56,323 [INFO] Sending command to the server: 'session,2023-07-27_01-02-31,stop,ranging'
client 2023-07-26 17:08:06,903 [INFO] Got response: 'OK'
client 2023-07-26 17:08:06,903 [INFO] Sending command to the server: 'time'
client 2023-07-26 17:08:06,906 [INFO] Got response: '1690416486.763135'
client 2023-07-26 17:08:06,906 [INFO] The time difference between the client and the server is within range 140.772 ms..143.309 ms
client 2023-07-26 17:08:06,909 [INFO] Copying loadgen logs from '/home/cmuser/mobilenet_results/valid_results/bb3b3f2d4d2e-tflite_cpp-cpu-tflite-vmaster-default_config/mobilenet-v2-precision_uint8-0.75-192/singlestream/performance/run_1' to '/home/cmuser/mobilenet_results/valid_results/bb3b3f2d4d2e-tflite_cpp-cpu-tflite-vmaster-default_config/mobilenet-v2-precision_uint8-0.75-192/singlestream/performance/tmp_power/ranging'
client 2023-07-26 17:08:06,910 [INFO] Running workload in testing mode
client 2023-07-26 17:08:06,910 [INFO] Synchronizing with the server and with time.google.com...
client 2023-07-26 17:08:12,007 [INFO] NTP:offset = 0.001 s, delay = 0.011 s 
client 2023-07-26 17:08:12,007 [INFO] Sending command to the server: 'time'
client 2023-07-26 17:08:12,011 [INFO] Got response: '1690416491.8665102'
client 2023-07-26 17:08:12,011 [INFO] The time difference between the client and the server is within range 140.693 ms..144.846 ms
client 2023-07-26 17:08:12,011 [INFO] Sending command to the server: 'session,2023-07-27_01-02-31,start,testing'
client 2023-07-26 17:08:25,056 [INFO] Got response: 'OK'
client 2023-07-26 17:08:25,056 [INFO] Sending command to the server: 'time'
client 2023-07-26 17:08:25,059 [INFO] Got response: '1690416504.9183316'
client 2023-07-26 17:08:25,059 [INFO] The time difference between the client and the server is within range 138.534 ms..141.189 ms
client 2023-07-26 17:08:25,059 [INFO] Running the workload 'CM_MLPERF_RUN_COUNT=$(cat ${CM_RUN_DIR}/count.txt); echo ${CM_MLPERF_RUN_COUNT}; CM_MLPERF_RUN_COUNT=$((CM_MLPERF_RUN_COUNT+1)); echo ${CM_MLPERF_RUN_COUNT} > ${CM_RUN_DIR}/count.txt && if [ ${CM_MLPERF_RUN_COUNT} -eq "1" ]; then export CM_MLPERF_USER_CONF=${CM_MLPERF_RANGING_USER_CONF}; else export CM_MLPERF_USER_CONF=${CM_MLPERF_TESTING_USER_CONF}; fi && /home/cmuser/run.out'
client 2023-07-26 17:18:26,176 [INFO] Sending command to the server: 'time'
client 2023-07-26 17:18:26,182 [INFO] Got response: '1690417106.0360358'
client 2023-07-26 17:18:26,182 [INFO] The time difference between the client and the server is within range 140.740 ms..146.768 ms
client 2023-07-26 17:18:26,182 [INFO] Sending command to the server: 'session,2023-07-27_01-02-31,stop,testing'
client 2023-07-26 17:18:37,140 [INFO] Got response: 'OK'
client 2023-07-26 17:18:37,140 [INFO] Sending command to the server: 'time'
client 2023-07-26 17:18:37,142 [INFO] Got response: '1690417116.9959302'
client 2023-07-26 17:18:37,142 [INFO] The time difference between the client and the server is within range 144.546 ms..146.645 ms
client 2023-07-26 17:18:37,143 [INFO] Copying loadgen logs from '/home/cmuser/mobilenet_results/valid_results/bb3b3f2d4d2e-tflite_cpp-cpu-tflite-vmaster-default_config/mobilenet-v2-precision_uint8-0.75-192/singlestream/performance/run_1' to '/home/cmuser/mobilenet_results/valid_results/bb3b3f2d4d2e-tflite_cpp-cpu-tflite-vmaster-default_config/mobilenet-v2-precision_uint8-0.75-192/singlestream/performance/tmp_power/run_1'
client 2023-07-26 17:18:37,143 [INFO] Done runs
