client 2023-07-22 23:04:14,705 [INFO] Creating output directory '/home/cmuser/results_dir/valid_results/28df27c48ad9-nvidia_original-gpu-tensorrt-vdefault-default_config/3d-unet-99/offline/performance/tmp_power'
client 2023-07-22 23:04:14,707 [INFO] Sending command to the server: 'mlcommons/power client v3'
client 2023-07-22 23:04:14,711 [INFO] Got response: 'mlcommons/power server v3'
client 2023-07-22 23:04:14,711 [INFO] Synchronizing with the server and with time.google.com...
client 2023-07-22 23:04:14,740 [INFO] NTP:offset = 0.001 s, delay = 0.016 s 
client 2023-07-22 23:04:14,740 [INFO] Sending command to the server: 'time'
client 2023-07-22 23:04:14,743 [INFO] Got response: '1690067054.7961621'
client 2023-07-22 23:04:14,743 [INFO] The time difference between the client and the server is within range -55.211 ms..-52.396 ms
client 2023-07-22 23:04:14,743 [INFO] Sending command to the server: 'new,,6025de77-c672-43de-9835-0dc0bfcf1ea4'
client 2023-07-22 23:04:14,746 [INFO] Got response: 'OK 2023-07-23_00-04-14,22bf3b2a-b0be-4539-9ac4-928f1cc2eb3d'
client 2023-07-22 23:04:14,746 [INFO] Session id is '2023-07-23_00-04-14'
client 2023-07-22 23:04:14,746 [INFO] Sources: {"sources": {"__init__.py": "da39a3ee5e6b4b0d3255bfef95601890afd80709", "client.py": "33ca4f26368777ac06e01f9567b714a4b8063886", "lib/__init__.py": "da39a3ee5e6b4b0d3255bfef95601890afd80709", "lib/client.py": "ac2aa093c8e8bbc9569b9e2a3471bc64e58a2258", "lib/common.py": "611d8b29633d331eb19c9455ea3b5fa3284ed6df", "lib/external/__init__.py": "da39a3ee5e6b4b0d3255bfef95601890afd80709", "lib/external/ntplib.py": "4da8f970656505a40483206ef2b5d3dd5e81711d", "lib/server.py": "c7af63c31bb2fbedea4345f571f6e3507d268ada", "lib/source_hashes.py": "60a2e02193209e8d392803326208d5466342da18", "lib/summary.py": "aa92f0a3f975eecd44d3c0cd0236342ccc9f941d", "lib/time_sync.py": "122eba67a9abc85635223e054def53be1367ade2", "server.py": "c3f90f2f7eeb4db30727556d0c815ebc89b3d28b", "tests/unit/__init__.py": "da39a3ee5e6b4b0d3255bfef95601890afd80709", "tests/unit/test_server.py": "948c1995d4008bc2aa6c4046a34ffa3858d6d671", "tests/unit/test_source_hashes.py": "00468a2907583c593e6574a1f6b404e4651c221a"}, "modules": {"ptd_client_server.lib.client": "lib/client.py", "ptd_client_server.lib.common": "lib/common.py", "ptd_client_server.lib.external.ntplib": "lib/external/ntplib.py", "ptd_client_server.lib.source_hashes": "lib/source_hashes.py", "ptd_client_server.lib.summary": "lib/summary.py", "ptd_client_server.lib.time_sync": "lib/time_sync.py"}}
client 2023-07-22 23:04:14,746 [INFO] Running workload in ranging mode
client 2023-07-22 23:04:14,746 [INFO] Synchronizing with the server and with time.google.com...
client 2023-07-22 23:04:14,776 [INFO] NTP:offset = 0.002 s, delay = 0.016 s 
client 2023-07-22 23:04:14,776 [INFO] Sending command to the server: 'time'
client 2023-07-22 23:04:14,782 [INFO] Got response: '1690067054.8261418'
client 2023-07-22 23:04:14,782 [INFO] The time difference between the client and the server is within range -50.054 ms..-44.008 ms
client 2023-07-22 23:04:14,782 [INFO] Sending command to the server: 'session,2023-07-23_00-04-14,start,ranging'
client 2023-07-22 23:04:38,649 [INFO] Got response: 'OK'
client 2023-07-22 23:04:38,649 [INFO] Sending command to the server: 'time'
client 2023-07-22 23:04:38,652 [INFO] Got response: '1690067078.7045567'
client 2023-07-22 23:04:38,652 [INFO] The time difference between the client and the server is within range -54.647 ms..-52.412 ms
client 2023-07-22 23:04:38,652 [INFO] Running the workload 'CM_MLPERF_RUN_COUNT=$(cat ${CM_RUN_DIR}/count.txt); echo ${CM_MLPERF_RUN_COUNT}; CM_MLPERF_RUN_COUNT=$((CM_MLPERF_RUN_COUNT+1)); echo ${CM_MLPERF_RUN_COUNT} > ${CM_RUN_DIR}/count.txt && if [ ${CM_MLPERF_RUN_COUNT} -eq "1" ]; then export CM_MLPERF_USER_CONF=${CM_MLPERF_RANGING_USER_CONF}; else export CM_MLPERF_USER_CONF=${CM_MLPERF_TESTING_USER_CONF}; fi && make run_harness RUN_ARGS=" --benchmarks=3d-unet --scenarios=offline --test_mode=PerformanceOnly --offline_expected_qps=4 --user_conf_path=${CM_MLPERF_USER_CONF} --mlperf_conf_path=/home/cmuser/CM/repos/local/cache/669f6ef943704402/inference/mlperf.conf --gpu_batch_size=8 --no_audit_verify "'
client 2023-07-22 23:10:08,182 [INFO] Sending command to the server: 'time'
client 2023-07-22 23:10:08,185 [INFO] Got response: '1690067408.229755'
client 2023-07-22 23:10:08,185 [INFO] The time difference between the client and the server is within range -47.559 ms..-43.914 ms
client 2023-07-22 23:10:08,185 [INFO] Sending command to the server: 'session,2023-07-23_00-04-14,stop,ranging'
client 2023-07-22 23:10:18,941 [INFO] Got response: 'OK'
client 2023-07-22 23:10:18,941 [INFO] Sending command to the server: 'time'
client 2023-07-22 23:10:18,944 [INFO] Got response: '1690067418.9880397'
client 2023-07-22 23:10:18,944 [INFO] The time difference between the client and the server is within range -46.890 ms..-43.878 ms
client 2023-07-22 23:10:18,947 [INFO] Copying loadgen logs from '/home/cmuser/results_dir/valid_results/28df27c48ad9-nvidia_original-gpu-tensorrt-vdefault-default_config/3d-unet-99/offline/performance/run_1' to '/home/cmuser/results_dir/valid_results/28df27c48ad9-nvidia_original-gpu-tensorrt-vdefault-default_config/3d-unet-99/offline/performance/tmp_power/ranging'
client 2023-07-22 23:10:18,947 [INFO] Running workload in testing mode
client 2023-07-22 23:10:18,947 [INFO] Synchronizing with the server and with time.google.com...
client 2023-07-22 23:10:18,971 [INFO] NTP:offset = -0.001 s, delay = 0.013 s 
client 2023-07-22 23:10:18,971 [INFO] Sending command to the server: 'time'
client 2023-07-22 23:10:18,975 [INFO] Got response: '1690067419.0187597'
client 2023-07-22 23:10:18,975 [INFO] The time difference between the client and the server is within range -47.086 ms..-43.592 ms
client 2023-07-22 23:10:18,975 [INFO] Sending command to the server: 'session,2023-07-23_00-04-14,start,testing'
client 2023-07-22 23:10:32,044 [INFO] Got response: 'OK'
client 2023-07-22 23:10:32,044 [INFO] Sending command to the server: 'time'
client 2023-07-22 23:10:32,047 [INFO] Got response: '1690067432.0927908'
client 2023-07-22 23:10:32,047 [INFO] The time difference between the client and the server is within range -48.154 ms..-45.339 ms
client 2023-07-22 23:10:32,047 [INFO] Running the workload 'CM_MLPERF_RUN_COUNT=$(cat ${CM_RUN_DIR}/count.txt); echo ${CM_MLPERF_RUN_COUNT}; CM_MLPERF_RUN_COUNT=$((CM_MLPERF_RUN_COUNT+1)); echo ${CM_MLPERF_RUN_COUNT} > ${CM_RUN_DIR}/count.txt && if [ ${CM_MLPERF_RUN_COUNT} -eq "1" ]; then export CM_MLPERF_USER_CONF=${CM_MLPERF_RANGING_USER_CONF}; else export CM_MLPERF_USER_CONF=${CM_MLPERF_TESTING_USER_CONF}; fi && make run_harness RUN_ARGS=" --benchmarks=3d-unet --scenarios=offline --test_mode=PerformanceOnly --offline_expected_qps=4 --user_conf_path=${CM_MLPERF_USER_CONF} --mlperf_conf_path=/home/cmuser/CM/repos/local/cache/669f6ef943704402/inference/mlperf.conf --gpu_batch_size=8 --no_audit_verify "'
client 2023-07-23 00:48:51,697 [INFO] Sending command to the server: 'time'
client 2023-07-23 00:48:51,701 [INFO] Got response: '1690073331.6300635'
client 2023-07-23 00:48:51,701 [INFO] The time difference between the client and the server is within range 67.177 ms..71.206 ms
client 2023-07-23 00:48:51,701 [INFO] Sending command to the server: 'session,2023-07-23_00-04-14,stop,testing'
client 2023-07-23 00:49:03,089 [INFO] Got response: 'OK'
client 2023-07-23 00:49:03,090 [INFO] Sending command to the server: 'time'
client 2023-07-23 00:49:03,092 [INFO] Got response: '1690073343.0205348'
client 2023-07-23 00:49:03,092 [INFO] The time difference between the client and the server is within range 69.481 ms..71.568 ms
client 2023-07-23 00:49:03,092 [INFO] Copying loadgen logs from '/home/cmuser/results_dir/valid_results/28df27c48ad9-nvidia_original-gpu-tensorrt-vdefault-default_config/3d-unet-99/offline/performance/run_1' to '/home/cmuser/results_dir/valid_results/28df27c48ad9-nvidia_original-gpu-tensorrt-vdefault-default_config/3d-unet-99/offline/performance/tmp_power/run_1'
client 2023-07-23 00:49:03,092 [INFO] Done runs
