client 2023-07-26 06:17:06,762 [INFO] Creating output directory '/home/cmuser/mobilenet_results/valid_results/bb3b3f2d4d2e-tflite_cpp-cpu-tflite-vmaster-default_config/mobilenet-v1-precision_float-1.0-192/singlestream/performance/tmp_power'
client 2023-07-26 06:17:06,764 [INFO] Sending command to the server: 'mlcommons/power client v3'
client 2023-07-26 06:17:06,766 [INFO] Got response: 'mlcommons/power server v3'
client 2023-07-26 06:17:06,766 [INFO] Synchronizing with the server and with time.google.com...
client 2023-07-26 06:17:06,825 [INFO] NTP:offset = -0.003 s, delay = 0.021 s 
client 2023-07-26 06:17:06,825 [INFO] Sending command to the server: 'time'
client 2023-07-26 06:17:06,829 [INFO] Got response: '1690377426.7853618'
client 2023-07-26 06:17:06,829 [INFO] The time difference between the client and the server is within range 40.220 ms..43.747 ms
client 2023-07-26 06:17:06,829 [INFO] Sending command to the server: 'new,,b575d49d-d9bf-4491-8ae9-874991bbc965'
client 2023-07-26 06:17:06,833 [INFO] Got response: 'OK 2023-07-26_14-17-06,51bc9d47-e33a-4d3b-8fb1-41ea09b55e22'
client 2023-07-26 06:17:06,833 [INFO] Session id is '2023-07-26_14-17-06'
client 2023-07-26 06:17:06,833 [INFO] Sources: {"sources": {"__init__.py": "da39a3ee5e6b4b0d3255bfef95601890afd80709", "client.py": "33ca4f26368777ac06e01f9567b714a4b8063886", "lib/__init__.py": "da39a3ee5e6b4b0d3255bfef95601890afd80709", "lib/client.py": "ac2aa093c8e8bbc9569b9e2a3471bc64e58a2258", "lib/common.py": "611d8b29633d331eb19c9455ea3b5fa3284ed6df", "lib/external/__init__.py": "da39a3ee5e6b4b0d3255bfef95601890afd80709", "lib/external/ntplib.py": "4da8f970656505a40483206ef2b5d3dd5e81711d", "lib/server.py": "c7af63c31bb2fbedea4345f571f6e3507d268ada", "lib/source_hashes.py": "60a2e02193209e8d392803326208d5466342da18", "lib/summary.py": "aa92f0a3f975eecd44d3c0cd0236342ccc9f941d", "lib/time_sync.py": "122eba67a9abc85635223e054def53be1367ade2", "server.py": "c3f90f2f7eeb4db30727556d0c815ebc89b3d28b", "tests/unit/__init__.py": "da39a3ee5e6b4b0d3255bfef95601890afd80709", "tests/unit/test_server.py": "948c1995d4008bc2aa6c4046a34ffa3858d6d671", "tests/unit/test_source_hashes.py": "00468a2907583c593e6574a1f6b404e4651c221a"}, "modules": {"ptd_client_server.lib.client": "lib/client.py", "ptd_client_server.lib.common": "lib/common.py", "ptd_client_server.lib.external.ntplib": "lib/external/ntplib.py", "ptd_client_server.lib.source_hashes": "lib/source_hashes.py", "ptd_client_server.lib.summary": "lib/summary.py", "ptd_client_server.lib.time_sync": "lib/time_sync.py"}}
client 2023-07-26 06:17:06,834 [INFO] Running workload in ranging mode
client 2023-07-26 06:17:06,834 [INFO] Synchronizing with the server and with time.google.com...
client 2023-07-26 06:17:06,890 [INFO] NTP:offset = -0.002 s, delay = 0.022 s 
client 2023-07-26 06:17:06,890 [INFO] Sending command to the server: 'time'
client 2023-07-26 06:17:06,894 [INFO] Got response: '1690377426.8554728'
client 2023-07-26 06:17:06,894 [INFO] The time difference between the client and the server is within range 34.663 ms..38.650 ms
client 2023-07-26 06:17:06,894 [INFO] Sending command to the server: 'session,2023-07-26_14-17-06,start,ranging'
client 2023-07-26 06:17:30,814 [INFO] Got response: 'OK'
client 2023-07-26 06:17:30,814 [INFO] Sending command to the server: 'time'
client 2023-07-26 06:17:30,816 [INFO] Got response: '1690377450.7768786'
client 2023-07-26 06:17:30,816 [INFO] The time difference between the client and the server is within range 38.082 ms..39.660 ms
client 2023-07-26 06:17:30,816 [INFO] Running the workload 'CM_MLPERF_RUN_COUNT=$(cat ${CM_RUN_DIR}/count.txt); echo ${CM_MLPERF_RUN_COUNT}; CM_MLPERF_RUN_COUNT=$((CM_MLPERF_RUN_COUNT+1)); echo ${CM_MLPERF_RUN_COUNT} > ${CM_RUN_DIR}/count.txt && if [ ${CM_MLPERF_RUN_COUNT} -eq "1" ]; then export CM_MLPERF_USER_CONF=${CM_MLPERF_RANGING_USER_CONF}; else export CM_MLPERF_USER_CONF=${CM_MLPERF_TESTING_USER_CONF}; fi && /home/cmuser/run.out'
client 2023-07-26 06:22:31,720 [INFO] Sending command to the server: 'time'
client 2023-07-26 06:22:31,724 [INFO] Got response: '1690377751.6762214'
client 2023-07-26 06:22:31,724 [INFO] The time difference between the client and the server is within range 44.143 ms..48.470 ms
client 2023-07-26 06:22:31,724 [INFO] Sending command to the server: 'session,2023-07-26_14-17-06,stop,ranging'
client 2023-07-26 06:22:42,030 [INFO] Got response: 'OK'
client 2023-07-26 06:22:42,030 [INFO] Sending command to the server: 'time'
client 2023-07-26 06:22:42,032 [INFO] Got response: '1690377761.9873571'
client 2023-07-26 06:22:42,032 [INFO] The time difference between the client and the server is within range 42.949 ms..44.763 ms
client 2023-07-26 06:22:42,035 [INFO] Copying loadgen logs from '/home/cmuser/mobilenet_results/valid_results/bb3b3f2d4d2e-tflite_cpp-cpu-tflite-vmaster-default_config/mobilenet-v1-precision_float-1.0-192/singlestream/performance/run_1' to '/home/cmuser/mobilenet_results/valid_results/bb3b3f2d4d2e-tflite_cpp-cpu-tflite-vmaster-default_config/mobilenet-v1-precision_float-1.0-192/singlestream/performance/tmp_power/ranging'
client 2023-07-26 06:22:42,036 [INFO] Running workload in testing mode
client 2023-07-26 06:22:42,036 [INFO] Synchronizing with the server and with time.google.com...
client 2023-07-26 06:22:42,095 [INFO] NTP:offset = -0.002 s, delay = 0.021 s 
client 2023-07-26 06:22:42,095 [INFO] Sending command to the server: 'time'
client 2023-07-26 06:22:42,099 [INFO] Got response: '1690377762.0589423'
client 2023-07-26 06:22:42,099 [INFO] The time difference between the client and the server is within range 36.478 ms..40.639 ms
client 2023-07-26 06:22:42,099 [INFO] Sending command to the server: 'session,2023-07-26_14-17-06,start,testing'
client 2023-07-26 06:22:55,173 [INFO] Got response: 'OK'
client 2023-07-26 06:22:55,173 [INFO] Sending command to the server: 'time'
client 2023-07-26 06:22:55,177 [INFO] Got response: '1690377775.132186'
client 2023-07-26 06:22:55,177 [INFO] The time difference between the client and the server is within range 41.329 ms..44.922 ms
client 2023-07-26 06:22:55,177 [INFO] Running the workload 'CM_MLPERF_RUN_COUNT=$(cat ${CM_RUN_DIR}/count.txt); echo ${CM_MLPERF_RUN_COUNT}; CM_MLPERF_RUN_COUNT=$((CM_MLPERF_RUN_COUNT+1)); echo ${CM_MLPERF_RUN_COUNT} > ${CM_RUN_DIR}/count.txt && if [ ${CM_MLPERF_RUN_COUNT} -eq "1" ]; then export CM_MLPERF_USER_CONF=${CM_MLPERF_RANGING_USER_CONF}; else export CM_MLPERF_USER_CONF=${CM_MLPERF_TESTING_USER_CONF}; fi && /home/cmuser/run.out'
client 2023-07-26 06:32:56,292 [INFO] Sending command to the server: 'time'
client 2023-07-26 06:32:56,297 [INFO] Got response: '1690378376.2448325'
client 2023-07-26 06:32:56,297 [INFO] The time difference between the client and the server is within range 47.842 ms..52.649 ms
client 2023-07-26 06:32:56,297 [INFO] Sending command to the server: 'session,2023-07-26_14-17-06,stop,testing'
client 2023-07-26 06:33:07,241 [INFO] Got response: 'OK'
client 2023-07-26 06:33:07,241 [INFO] Sending command to the server: 'time'
client 2023-07-26 06:33:07,244 [INFO] Got response: '1690378387.1915758'
client 2023-07-26 06:33:07,244 [INFO] The time difference between the client and the server is within range 49.544 ms..52.495 ms
client 2023-07-26 06:33:07,244 [INFO] Copying loadgen logs from '/home/cmuser/mobilenet_results/valid_results/bb3b3f2d4d2e-tflite_cpp-cpu-tflite-vmaster-default_config/mobilenet-v1-precision_float-1.0-192/singlestream/performance/run_1' to '/home/cmuser/mobilenet_results/valid_results/bb3b3f2d4d2e-tflite_cpp-cpu-tflite-vmaster-default_config/mobilenet-v1-precision_float-1.0-192/singlestream/performance/tmp_power/run_1'
client 2023-07-26 06:33:07,244 [INFO] Done runs
