client 2023-07-12 18:15:56,066 [INFO] Creating output directory '/home/arjun/mobilenet_results/valid_results/phoenix_Amd_Am5-tflite_cpp-cpu-tflite-vmaster-default_config/mobilenet-v1-precision_uint8-1.0-192/singlestream/performance/tmp_power'
client 2023-07-12 18:15:56,067 [INFO] Sending command to the server: 'mlcommons/power client v3'
client 2023-07-12 18:15:56,069 [INFO] Got response: 'mlcommons/power server v3'
client 2023-07-12 18:15:56,069 [INFO] Synchronizing with the server and with time.google.com...
client 2023-07-12 18:15:56,084 [INFO] NTP:offset = 0.002 s, delay = 0.014 s 
client 2023-07-12 18:15:56,084 [INFO] Sending command to the server: 'time'
client 2023-07-12 18:15:56,087 [INFO] Got response: '1689182156.0662606'
client 2023-07-12 18:15:56,087 [INFO] The time difference between the client and the server is within range 18.691 ms..21.306 ms
client 2023-07-12 18:15:56,087 [INFO] Sending command to the server: 'new,,ab954e38-90b8-45a0-bc84-f6766972518e'
client 2023-07-12 18:15:56,106 [INFO] Got response: 'OK 2023-07-12_18-15-56,6a3a0575-9077-4722-b4a8-eb6b0907781b'
client 2023-07-12 18:15:56,107 [INFO] Session id is '2023-07-12_18-15-56'
client 2023-07-12 18:15:56,107 [INFO] Sources: {"sources": {"__init__.py": "da39a3ee5e6b4b0d3255bfef95601890afd80709", "client.py": "33ca4f26368777ac06e01f9567b714a4b8063886", "lib/__init__.py": "da39a3ee5e6b4b0d3255bfef95601890afd80709", "lib/client.py": "ac2aa093c8e8bbc9569b9e2a3471bc64e58a2258", "lib/common.py": "611d8b29633d331eb19c9455ea3b5fa3284ed6df", "lib/external/__init__.py": "da39a3ee5e6b4b0d3255bfef95601890afd80709", "lib/external/ntplib.py": "4da8f970656505a40483206ef2b5d3dd5e81711d", "lib/server.py": "c7af63c31bb2fbedea4345f571f6e3507d268ada", "lib/source_hashes.py": "60a2e02193209e8d392803326208d5466342da18", "lib/summary.py": "aa92f0a3f975eecd44d3c0cd0236342ccc9f941d", "lib/time_sync.py": "122eba67a9abc85635223e054def53be1367ade2", "server.py": "c3f90f2f7eeb4db30727556d0c815ebc89b3d28b", "tests/unit/__init__.py": "da39a3ee5e6b4b0d3255bfef95601890afd80709", "tests/unit/test_server.py": "948c1995d4008bc2aa6c4046a34ffa3858d6d671", "tests/unit/test_source_hashes.py": "00468a2907583c593e6574a1f6b404e4651c221a"}, "modules": {"ptd_client_server.lib.client": "lib/client.py", "ptd_client_server.lib.common": "lib/common.py", "ptd_client_server.lib.external.ntplib": "lib/external/ntplib.py", "ptd_client_server.lib.source_hashes": "lib/source_hashes.py", "ptd_client_server.lib.summary": "lib/summary.py", "ptd_client_server.lib.time_sync": "lib/time_sync.py"}}
client 2023-07-12 18:15:56,107 [INFO] Running workload in ranging mode
client 2023-07-12 18:15:56,107 [INFO] Synchronizing with the server and with time.google.com...
client 2023-07-12 18:15:56,122 [INFO] NTP:offset = 0.000 s, delay = 0.014 s 
client 2023-07-12 18:15:56,122 [INFO] Sending command to the server: 'time'
client 2023-07-12 18:15:56,126 [INFO] Got response: '1689182156.106355'
client 2023-07-12 18:15:56,126 [INFO] The time difference between the client and the server is within range 15.962 ms..20.116 ms
client 2023-07-12 18:15:56,126 [INFO] Sending command to the server: 'session,2023-07-12_18-15-56,start,ranging'
client 2023-07-12 18:16:21,091 [INFO] Got response: 'OK'
client 2023-07-12 18:16:21,091 [INFO] Sending command to the server: 'time'
client 2023-07-12 18:16:21,162 [INFO] Got response: '1689182181.1395743'
client 2023-07-12 18:16:21,162 [INFO] The time difference between the client and the server is within range -48.334 ms..23.286 ms
client 2023-07-12 18:16:21,162 [INFO] Running the workload 'CM_MLPERF_RUN_COUNT=$(cat ${CM_RUN_DIR}/count.txt); echo ${CM_MLPERF_RUN_COUNT}; CM_MLPERF_RUN_COUNT=$((CM_MLPERF_RUN_COUNT+1)); echo ${CM_MLPERF_RUN_COUNT} > ${CM_RUN_DIR}/count.txt && if [ ${CM_MLPERF_RUN_COUNT} -eq "1" ]; then export CM_MLPERF_USER_CONF=${CM_MLPERF_RANGING_USER_CONF}; else export CM_MLPERF_USER_CONF=${CM_MLPERF_TESTING_USER_CONF}; fi && /home/arjun/run.out'
client 2023-07-12 18:21:21,675 [INFO] Sending command to the server: 'time'
client 2023-07-12 18:21:21,680 [INFO] Got response: '1689182481.656114'
client 2023-07-12 18:21:21,680 [INFO] The time difference between the client and the server is within range 19.590 ms..24.408 ms
client 2023-07-12 18:21:21,680 [INFO] Sending command to the server: 'session,2023-07-12_18-15-56,stop,ranging'
client 2023-07-12 18:21:32,207 [INFO] Got response: 'OK'
client 2023-07-12 18:21:32,207 [INFO] Sending command to the server: 'time'
client 2023-07-12 18:21:32,254 [INFO] Got response: '1689182492.2315931'
client 2023-07-12 18:21:32,255 [INFO] The time difference between the client and the server is within range -23.921 ms..23.408 ms
client 2023-07-12 18:21:32,257 [INFO] Copying loadgen logs from '/home/arjun/mobilenet_results/valid_results/phoenix_Amd_Am5-tflite_cpp-cpu-tflite-vmaster-default_config/mobilenet-v1-precision_uint8-1.0-192/singlestream/performance/run_1' to '/home/arjun/mobilenet_results/valid_results/phoenix_Amd_Am5-tflite_cpp-cpu-tflite-vmaster-default_config/mobilenet-v1-precision_uint8-1.0-192/singlestream/performance/tmp_power/ranging'
client 2023-07-12 18:21:32,258 [INFO] Running workload in testing mode
client 2023-07-12 18:21:32,258 [INFO] Synchronizing with the server and with time.google.com...
client 2023-07-12 18:21:32,282 [INFO] NTP:offset = 0.001 s, delay = 0.013 s 
client 2023-07-12 18:21:32,282 [INFO] Sending command to the server: 'time'
client 2023-07-12 18:21:32,296 [INFO] Got response: '1689182492.2647154'
client 2023-07-12 18:21:32,296 [INFO] The time difference between the client and the server is within range 17.671 ms..31.450 ms
client 2023-07-12 18:21:32,296 [INFO] Sending command to the server: 'session,2023-07-12_18-15-56,start,testing'
client 2023-07-12 18:21:45,385 [INFO] Got response: 'OK'
client 2023-07-12 18:21:45,385 [INFO] Sending command to the server: 'time'
client 2023-07-12 18:21:45,389 [INFO] Got response: '1689182505.3615077'
client 2023-07-12 18:21:45,389 [INFO] The time difference between the client and the server is within range 23.924 ms..27.966 ms
client 2023-07-12 18:21:45,389 [INFO] Running the workload 'CM_MLPERF_RUN_COUNT=$(cat ${CM_RUN_DIR}/count.txt); echo ${CM_MLPERF_RUN_COUNT}; CM_MLPERF_RUN_COUNT=$((CM_MLPERF_RUN_COUNT+1)); echo ${CM_MLPERF_RUN_COUNT} > ${CM_RUN_DIR}/count.txt && if [ ${CM_MLPERF_RUN_COUNT} -eq "1" ]; then export CM_MLPERF_USER_CONF=${CM_MLPERF_RANGING_USER_CONF}; else export CM_MLPERF_USER_CONF=${CM_MLPERF_TESTING_USER_CONF}; fi && /home/arjun/run.out'
client 2023-07-12 18:31:46,464 [INFO] Sending command to the server: 'time'
client 2023-07-12 18:31:46,469 [INFO] Got response: '1689183106.4230459'
client 2023-07-12 18:31:46,469 [INFO] The time difference between the client and the server is within range 41.578 ms..46.771 ms
client 2023-07-12 18:31:46,469 [INFO] Sending command to the server: 'session,2023-07-12_18-15-56,stop,testing'
client 2023-07-12 18:31:57,621 [INFO] Got response: 'OK'
client 2023-07-12 18:31:57,621 [INFO] Sending command to the server: 'time'
client 2023-07-12 18:31:57,629 [INFO] Got response: '1689183117.5853207'
client 2023-07-12 18:31:57,629 [INFO] The time difference between the client and the server is within range 36.648 ms..44.325 ms
client 2023-07-12 18:31:57,630 [INFO] Copying loadgen logs from '/home/arjun/mobilenet_results/valid_results/phoenix_Amd_Am5-tflite_cpp-cpu-tflite-vmaster-default_config/mobilenet-v1-precision_uint8-1.0-192/singlestream/performance/run_1' to '/home/arjun/mobilenet_results/valid_results/phoenix_Amd_Am5-tflite_cpp-cpu-tflite-vmaster-default_config/mobilenet-v1-precision_uint8-1.0-192/singlestream/performance/tmp_power/run_1'
client 2023-07-12 18:31:57,630 [INFO] Done runs
