client 2023-07-12 18:32:05,601 [INFO] Creating output directory '/home/arjun/mobilenet_results/valid_results/phoenix_Amd_Am5-tflite_cpp-cpu-tflite-vmaster-default_config/mobilenet-v1-precision_float-1.0-160/singlestream/performance/tmp_power'
client 2023-07-12 18:32:05,603 [INFO] Sending command to the server: 'mlcommons/power client v3'
client 2023-07-12 18:32:05,607 [INFO] Got response: 'mlcommons/power server v3'
client 2023-07-12 18:32:05,607 [INFO] Synchronizing with the server and with time.google.com...
client 2023-07-12 18:32:05,623 [INFO] NTP:offset = 0.004 s, delay = 0.015 s 
client 2023-07-12 18:32:05,623 [INFO] Sending command to the server: 'time'
client 2023-07-12 18:32:05,628 [INFO] Got response: '1689183125.583361'
client 2023-07-12 18:32:05,628 [INFO] The time difference between the client and the server is within range 39.797 ms..45.480 ms
client 2023-07-12 18:32:05,628 [INFO] Sending command to the server: 'new,,869dc296-91ac-4276-b896-2b5c17607931'
client 2023-07-12 18:32:05,648 [INFO] Got response: 'OK 2023-07-12_18-32-05,9e89a8ca-4af3-433b-b696-ea89a13d0bad'
client 2023-07-12 18:32:05,648 [INFO] Session id is '2023-07-12_18-32-05'
client 2023-07-12 18:32:05,648 [INFO] Sources: {"sources": {"__init__.py": "da39a3ee5e6b4b0d3255bfef95601890afd80709", "client.py": "33ca4f26368777ac06e01f9567b714a4b8063886", "lib/__init__.py": "da39a3ee5e6b4b0d3255bfef95601890afd80709", "lib/client.py": "ac2aa093c8e8bbc9569b9e2a3471bc64e58a2258", "lib/common.py": "611d8b29633d331eb19c9455ea3b5fa3284ed6df", "lib/external/__init__.py": "da39a3ee5e6b4b0d3255bfef95601890afd80709", "lib/external/ntplib.py": "4da8f970656505a40483206ef2b5d3dd5e81711d", "lib/server.py": "c7af63c31bb2fbedea4345f571f6e3507d268ada", "lib/source_hashes.py": "60a2e02193209e8d392803326208d5466342da18", "lib/summary.py": "aa92f0a3f975eecd44d3c0cd0236342ccc9f941d", "lib/time_sync.py": "122eba67a9abc85635223e054def53be1367ade2", "server.py": "c3f90f2f7eeb4db30727556d0c815ebc89b3d28b", "tests/unit/__init__.py": "da39a3ee5e6b4b0d3255bfef95601890afd80709", "tests/unit/test_server.py": "948c1995d4008bc2aa6c4046a34ffa3858d6d671", "tests/unit/test_source_hashes.py": "00468a2907583c593e6574a1f6b404e4651c221a"}, "modules": {"ptd_client_server.lib.client": "lib/client.py", "ptd_client_server.lib.common": "lib/common.py", "ptd_client_server.lib.external.ntplib": "lib/external/ntplib.py", "ptd_client_server.lib.source_hashes": "lib/source_hashes.py", "ptd_client_server.lib.summary": "lib/summary.py", "ptd_client_server.lib.time_sync": "lib/time_sync.py"}}
client 2023-07-12 18:32:05,648 [INFO] Running workload in ranging mode
client 2023-07-12 18:32:05,648 [INFO] Synchronizing with the server and with time.google.com...
client 2023-07-12 18:32:05,664 [INFO] NTP:offset = 0.003 s, delay = 0.015 s 
client 2023-07-12 18:32:05,664 [INFO] Sending command to the server: 'time'
client 2023-07-12 18:32:05,667 [INFO] Got response: '1689183125.6231515'
client 2023-07-12 18:32:05,667 [INFO] The time difference between the client and the server is within range 41.184 ms..44.709 ms
client 2023-07-12 18:32:05,667 [INFO] Sending command to the server: 'session,2023-07-12_18-32-05,start,ranging'
client 2023-07-12 18:32:29,985 [INFO] Got response: 'OK'
client 2023-07-12 18:32:29,985 [INFO] Sending command to the server: 'time'
client 2023-07-12 18:32:30,077 [INFO] Got response: '1689183150.0305722'
client 2023-07-12 18:32:30,077 [INFO] The time difference between the client and the server is within range -45.010 ms..47.014 ms
client 2023-07-12 18:32:30,077 [INFO] Running the workload 'CM_MLPERF_RUN_COUNT=$(cat ${CM_RUN_DIR}/count.txt); echo ${CM_MLPERF_RUN_COUNT}; CM_MLPERF_RUN_COUNT=$((CM_MLPERF_RUN_COUNT+1)); echo ${CM_MLPERF_RUN_COUNT} > ${CM_RUN_DIR}/count.txt && if [ ${CM_MLPERF_RUN_COUNT} -eq "1" ]; then export CM_MLPERF_USER_CONF=${CM_MLPERF_RANGING_USER_CONF}; else export CM_MLPERF_USER_CONF=${CM_MLPERF_TESTING_USER_CONF}; fi && /home/arjun/run.out'
client 2023-07-12 18:37:30,935 [INFO] Sending command to the server: 'time'
client 2023-07-12 18:37:30,940 [INFO] Got response: '1689183450.8895483'
client 2023-07-12 18:37:30,940 [INFO] The time difference between the client and the server is within range 45.833 ms..51.148 ms
client 2023-07-12 18:37:30,940 [INFO] Sending command to the server: 'session,2023-07-12_18-32-05,stop,ranging'
client 2023-07-12 18:37:41,899 [INFO] Got response: 'OK'
client 2023-07-12 18:37:41,899 [INFO] Sending command to the server: 'time'
client 2023-07-12 18:37:41,914 [INFO] Got response: '1689183461.854992'
client 2023-07-12 18:37:41,914 [INFO] The time difference between the client and the server is within range 44.788 ms..59.251 ms
client 2023-07-12 18:37:41,917 [INFO] Copying loadgen logs from '/home/arjun/mobilenet_results/valid_results/phoenix_Amd_Am5-tflite_cpp-cpu-tflite-vmaster-default_config/mobilenet-v1-precision_float-1.0-160/singlestream/performance/run_1' to '/home/arjun/mobilenet_results/valid_results/phoenix_Amd_Am5-tflite_cpp-cpu-tflite-vmaster-default_config/mobilenet-v1-precision_float-1.0-160/singlestream/performance/tmp_power/ranging'
client 2023-07-12 18:37:41,917 [INFO] Running workload in testing mode
client 2023-07-12 18:37:41,917 [INFO] Synchronizing with the server and with time.google.com...
client 2023-07-12 18:37:41,933 [INFO] NTP:offset = 0.002 s, delay = 0.015 s 
client 2023-07-12 18:37:41,933 [INFO] Sending command to the server: 'time'
client 2023-07-12 18:37:41,936 [INFO] Got response: '1689183461.890068'
client 2023-07-12 18:37:41,936 [INFO] The time difference between the client and the server is within range 43.612 ms..46.081 ms
client 2023-07-12 18:37:41,936 [INFO] Sending command to the server: 'session,2023-07-12_18-32-05,start,testing'
client 2023-07-12 18:37:55,095 [INFO] Got response: 'OK'
client 2023-07-12 18:37:55,095 [INFO] Sending command to the server: 'time'
client 2023-07-12 18:37:55,114 [INFO] Got response: '1689183475.0511782'
client 2023-07-12 18:37:55,114 [INFO] The time difference between the client and the server is within range 44.119 ms..63.381 ms
client 2023-07-12 18:37:55,114 [INFO] Running the workload 'CM_MLPERF_RUN_COUNT=$(cat ${CM_RUN_DIR}/count.txt); echo ${CM_MLPERF_RUN_COUNT}; CM_MLPERF_RUN_COUNT=$((CM_MLPERF_RUN_COUNT+1)); echo ${CM_MLPERF_RUN_COUNT} > ${CM_RUN_DIR}/count.txt && if [ ${CM_MLPERF_RUN_COUNT} -eq "1" ]; then export CM_MLPERF_USER_CONF=${CM_MLPERF_RANGING_USER_CONF}; else export CM_MLPERF_USER_CONF=${CM_MLPERF_TESTING_USER_CONF}; fi && /home/arjun/run.out'
client 2023-07-12 18:47:56,088 [INFO] Sending command to the server: 'time'
client 2023-07-12 18:47:56,095 [INFO] Got response: '1689184076.0865612'
client 2023-07-12 18:47:56,095 [INFO] The time difference between the client and the server is within range 1.680 ms..8.578 ms
client 2023-07-12 18:47:56,095 [INFO] Sending command to the server: 'session,2023-07-12_18-32-05,stop,testing'
client 2023-07-12 18:48:07,437 [INFO] Got response: 'OK'
client 2023-07-12 18:48:07,437 [INFO] Sending command to the server: 'time'
client 2023-07-12 18:48:07,439 [INFO] Got response: '1689184087.4279137'
client 2023-07-12 18:48:07,439 [INFO] The time difference between the client and the server is within range 9.952 ms..11.802 ms
client 2023-07-12 18:48:07,440 [INFO] Copying loadgen logs from '/home/arjun/mobilenet_results/valid_results/phoenix_Amd_Am5-tflite_cpp-cpu-tflite-vmaster-default_config/mobilenet-v1-precision_float-1.0-160/singlestream/performance/run_1' to '/home/arjun/mobilenet_results/valid_results/phoenix_Amd_Am5-tflite_cpp-cpu-tflite-vmaster-default_config/mobilenet-v1-precision_float-1.0-160/singlestream/performance/tmp_power/run_1'
client 2023-07-12 18:48:07,440 [INFO] Done runs
