client 2023-07-13 08:33:04,018 [INFO] Creating output directory '/home/arjun/mobilenet_results/valid_results/phoenix_Amd_Am5-tflite_cpp-cpu-tflite-vmaster-default_config/mobilenet-v2-precision_float-0.35-192/singlestream/performance/tmp_power'
client 2023-07-13 08:33:04,020 [INFO] Sending command to the server: 'mlcommons/power client v3'
client 2023-07-13 08:33:04,022 [INFO] Got response: 'mlcommons/power server v3'
client 2023-07-13 08:33:04,022 [INFO] Synchronizing with the server and with time.google.com...
client 2023-07-13 08:33:04,037 [INFO] NTP:offset = -0.001 s, delay = 0.013 s 
client 2023-07-13 08:33:04,037 [INFO] Sending command to the server: 'time'
client 2023-07-13 08:33:04,046 [INFO] Got response: '1689233583.9788265'
client 2023-07-13 08:33:04,046 [INFO] The time difference between the client and the server is within range 59.033 ms..67.980 ms
client 2023-07-13 08:33:04,046 [INFO] Sending command to the server: 'new,,3760e3e3-6473-4fe1-9801-efe66bfe9e40'
client 2023-07-13 08:33:04,049 [INFO] Got response: 'OK 2023-07-13_08-33-03,c60b8c59-3238-4391-aee0-e23c37933114'
client 2023-07-13 08:33:04,049 [INFO] Session id is '2023-07-13_08-33-03'
client 2023-07-13 08:33:04,049 [INFO] Sources: {"sources": {"__init__.py": "da39a3ee5e6b4b0d3255bfef95601890afd80709", "client.py": "33ca4f26368777ac06e01f9567b714a4b8063886", "lib/__init__.py": "da39a3ee5e6b4b0d3255bfef95601890afd80709", "lib/client.py": "ac2aa093c8e8bbc9569b9e2a3471bc64e58a2258", "lib/common.py": "611d8b29633d331eb19c9455ea3b5fa3284ed6df", "lib/external/__init__.py": "da39a3ee5e6b4b0d3255bfef95601890afd80709", "lib/external/ntplib.py": "4da8f970656505a40483206ef2b5d3dd5e81711d", "lib/server.py": "c7af63c31bb2fbedea4345f571f6e3507d268ada", "lib/source_hashes.py": "60a2e02193209e8d392803326208d5466342da18", "lib/summary.py": "aa92f0a3f975eecd44d3c0cd0236342ccc9f941d", "lib/time_sync.py": "122eba67a9abc85635223e054def53be1367ade2", "server.py": "c3f90f2f7eeb4db30727556d0c815ebc89b3d28b", "tests/unit/__init__.py": "da39a3ee5e6b4b0d3255bfef95601890afd80709", "tests/unit/test_server.py": "948c1995d4008bc2aa6c4046a34ffa3858d6d671", "tests/unit/test_source_hashes.py": "00468a2907583c593e6574a1f6b404e4651c221a"}, "modules": {"ptd_client_server.lib.client": "lib/client.py", "ptd_client_server.lib.common": "lib/common.py", "ptd_client_server.lib.external.ntplib": "lib/external/ntplib.py", "ptd_client_server.lib.source_hashes": "lib/source_hashes.py", "ptd_client_server.lib.summary": "lib/summary.py", "ptd_client_server.lib.time_sync": "lib/time_sync.py"}}
client 2023-07-13 08:33:04,049 [INFO] Running workload in ranging mode
client 2023-07-13 08:33:04,049 [INFO] Synchronizing with the server and with time.google.com...
client 2023-07-13 08:33:04,068 [INFO] NTP:offset = 0.000 s, delay = 0.018 s 
client 2023-07-13 08:33:04,069 [INFO] Sending command to the server: 'time'
client 2023-07-13 08:33:04,071 [INFO] Got response: '1689233584.0090377'
client 2023-07-13 08:33:04,071 [INFO] The time difference between the client and the server is within range 60.036 ms..62.367 ms
client 2023-07-13 08:33:04,071 [INFO] Sending command to the server: 'session,2023-07-13_08-33-03,start,ranging'
client 2023-07-13 08:33:27,951 [INFO] Got response: 'OK'
client 2023-07-13 08:33:27,951 [INFO] Sending command to the server: 'time'
client 2023-07-13 08:33:27,954 [INFO] Got response: '1689233607.8900588'
client 2023-07-13 08:33:27,954 [INFO] The time difference between the client and the server is within range 61.612 ms..64.347 ms
client 2023-07-13 08:33:27,954 [INFO] Running the workload 'CM_MLPERF_RUN_COUNT=$(cat ${CM_RUN_DIR}/count.txt); echo ${CM_MLPERF_RUN_COUNT}; CM_MLPERF_RUN_COUNT=$((CM_MLPERF_RUN_COUNT+1)); echo ${CM_MLPERF_RUN_COUNT} > ${CM_RUN_DIR}/count.txt && if [ ${CM_MLPERF_RUN_COUNT} -eq "1" ]; then export CM_MLPERF_USER_CONF=${CM_MLPERF_RANGING_USER_CONF}; else export CM_MLPERF_USER_CONF=${CM_MLPERF_TESTING_USER_CONF}; fi && /home/arjun/run.out'
client 2023-07-13 08:38:28,570 [INFO] Sending command to the server: 'time'
client 2023-07-13 08:38:28,574 [INFO] Got response: '1689233908.5131965'
client 2023-07-13 08:38:28,574 [INFO] The time difference between the client and the server is within range 57.458 ms..61.377 ms
client 2023-07-13 08:38:28,574 [INFO] Sending command to the server: 'session,2023-07-13_08-33-03,stop,ranging'
client 2023-07-13 08:38:39,236 [INFO] Got response: 'OK'
client 2023-07-13 08:38:39,236 [INFO] Sending command to the server: 'time'
client 2023-07-13 08:38:39,238 [INFO] Got response: '1689233919.1754594'
client 2023-07-13 08:38:39,238 [INFO] The time difference between the client and the server is within range 60.862 ms..63.466 ms
client 2023-07-13 08:38:39,241 [INFO] Copying loadgen logs from '/home/arjun/mobilenet_results/valid_results/phoenix_Amd_Am5-tflite_cpp-cpu-tflite-vmaster-default_config/mobilenet-v2-precision_float-0.35-192/singlestream/performance/run_1' to '/home/arjun/mobilenet_results/valid_results/phoenix_Amd_Am5-tflite_cpp-cpu-tflite-vmaster-default_config/mobilenet-v2-precision_float-0.35-192/singlestream/performance/tmp_power/ranging'
client 2023-07-13 08:38:39,242 [INFO] Running workload in testing mode
client 2023-07-13 08:38:39,242 [INFO] Synchronizing with the server and with time.google.com...
client 2023-07-13 08:38:39,257 [INFO] NTP:offset = -0.000 s, delay = 0.014 s 
client 2023-07-13 08:38:39,257 [INFO] Sending command to the server: 'time'
client 2023-07-13 08:38:39,259 [INFO] Got response: '1689233919.1960304'
client 2023-07-13 08:38:39,259 [INFO] The time difference between the client and the server is within range 61.266 ms..63.628 ms
client 2023-07-13 08:38:39,259 [INFO] Sending command to the server: 'session,2023-07-13_08-33-03,start,testing'
client 2023-07-13 08:38:52,335 [INFO] Got response: 'OK'
client 2023-07-13 08:38:52,335 [INFO] Sending command to the server: 'time'
client 2023-07-13 08:38:52,338 [INFO] Got response: '1689233932.2717352'
client 2023-07-13 08:38:52,338 [INFO] The time difference between the client and the server is within range 64.012 ms..66.446 ms
client 2023-07-13 08:38:52,338 [INFO] Running the workload 'CM_MLPERF_RUN_COUNT=$(cat ${CM_RUN_DIR}/count.txt); echo ${CM_MLPERF_RUN_COUNT}; CM_MLPERF_RUN_COUNT=$((CM_MLPERF_RUN_COUNT+1)); echo ${CM_MLPERF_RUN_COUNT} > ${CM_RUN_DIR}/count.txt && if [ ${CM_MLPERF_RUN_COUNT} -eq "1" ]; then export CM_MLPERF_USER_CONF=${CM_MLPERF_RANGING_USER_CONF}; else export CM_MLPERF_USER_CONF=${CM_MLPERF_TESTING_USER_CONF}; fi && /home/arjun/run.out'
client 2023-07-13 08:48:53,471 [INFO] Sending command to the server: 'time'
client 2023-07-13 08:48:53,478 [INFO] Got response: '1689234533.4066136'
client 2023-07-13 08:48:53,478 [INFO] The time difference between the client and the server is within range 65.068 ms..71.624 ms
client 2023-07-13 08:48:53,478 [INFO] Sending command to the server: 'session,2023-07-13_08-33-03,stop,testing'
client 2023-07-13 08:49:04,472 [INFO] Got response: 'OK'
client 2023-07-13 08:49:04,472 [INFO] Sending command to the server: 'time'
client 2023-07-13 08:49:04,473 [INFO] Got response: '1689234544.4028094'
client 2023-07-13 08:49:04,473 [INFO] The time difference between the client and the server is within range 69.526 ms..71.154 ms
client 2023-07-13 08:49:04,474 [INFO] Copying loadgen logs from '/home/arjun/mobilenet_results/valid_results/phoenix_Amd_Am5-tflite_cpp-cpu-tflite-vmaster-default_config/mobilenet-v2-precision_float-0.35-192/singlestream/performance/run_1' to '/home/arjun/mobilenet_results/valid_results/phoenix_Amd_Am5-tflite_cpp-cpu-tflite-vmaster-default_config/mobilenet-v2-precision_float-0.35-192/singlestream/performance/tmp_power/run_1'
client 2023-07-13 08:49:04,474 [INFO] Done runs
