client 2023-07-13 00:44:51,231 [INFO] Creating output directory '/home/arjun/mobilenet_results/valid_results/phoenix_Amd_Am5-tflite_cpp-cpu-tflite-vmaster-default_config/mobilenet-v1-precision_uint8-0.25-160/singlestream/performance/tmp_power'
client 2023-07-13 00:44:51,233 [INFO] Sending command to the server: 'mlcommons/power client v3'
client 2023-07-13 00:44:51,234 [INFO] Got response: 'mlcommons/power server v3'
client 2023-07-13 00:44:51,235 [INFO] Synchronizing with the server and with time.google.com...
client 2023-07-13 00:44:51,287 [INFO] NTP:offset = 0.002 s, delay = 0.052 s 
client 2023-07-13 00:44:51,288 [INFO] Sending command to the server: 'time'
client 2023-07-13 00:44:51,290 [INFO] Got response: '1689205491.2161014'
client 2023-07-13 00:44:51,290 [INFO] The time difference between the client and the server is within range 71.932 ms..74.845 ms
client 2023-07-13 00:44:51,291 [INFO] Sending command to the server: 'new,,ca69d554-635c-4016-8598-e03d4c35ae16'
client 2023-07-13 00:44:51,294 [INFO] Got response: 'OK 2023-07-13_00-44-51,05ae3788-b81b-4214-a673-ed5b032df759'
client 2023-07-13 00:44:51,294 [INFO] Session id is '2023-07-13_00-44-51'
client 2023-07-13 00:44:51,294 [INFO] Sources: {"sources": {"__init__.py": "da39a3ee5e6b4b0d3255bfef95601890afd80709", "client.py": "33ca4f26368777ac06e01f9567b714a4b8063886", "lib/__init__.py": "da39a3ee5e6b4b0d3255bfef95601890afd80709", "lib/client.py": "ac2aa093c8e8bbc9569b9e2a3471bc64e58a2258", "lib/common.py": "611d8b29633d331eb19c9455ea3b5fa3284ed6df", "lib/external/__init__.py": "da39a3ee5e6b4b0d3255bfef95601890afd80709", "lib/external/ntplib.py": "4da8f970656505a40483206ef2b5d3dd5e81711d", "lib/server.py": "c7af63c31bb2fbedea4345f571f6e3507d268ada", "lib/source_hashes.py": "60a2e02193209e8d392803326208d5466342da18", "lib/summary.py": "aa92f0a3f975eecd44d3c0cd0236342ccc9f941d", "lib/time_sync.py": "122eba67a9abc85635223e054def53be1367ade2", "server.py": "c3f90f2f7eeb4db30727556d0c815ebc89b3d28b", "tests/unit/__init__.py": "da39a3ee5e6b4b0d3255bfef95601890afd80709", "tests/unit/test_server.py": "948c1995d4008bc2aa6c4046a34ffa3858d6d671", "tests/unit/test_source_hashes.py": "00468a2907583c593e6574a1f6b404e4651c221a"}, "modules": {"ptd_client_server.lib.client": "lib/client.py", "ptd_client_server.lib.common": "lib/common.py", "ptd_client_server.lib.external.ntplib": "lib/external/ntplib.py", "ptd_client_server.lib.source_hashes": "lib/source_hashes.py", "ptd_client_server.lib.summary": "lib/summary.py", "ptd_client_server.lib.time_sync": "lib/time_sync.py"}}
client 2023-07-13 00:44:51,294 [INFO] Running workload in ranging mode
client 2023-07-13 00:44:51,295 [INFO] Synchronizing with the server and with time.google.com...
client 2023-07-13 00:44:51,348 [INFO] NTP:offset = 0.002 s, delay = 0.053 s 
client 2023-07-13 00:44:51,348 [INFO] Sending command to the server: 'time'
client 2023-07-13 00:44:51,351 [INFO] Got response: '1689205491.2861373'
client 2023-07-13 00:44:51,351 [INFO] The time difference between the client and the server is within range 62.382 ms..65.530 ms
client 2023-07-13 00:44:51,351 [INFO] Sending command to the server: 'session,2023-07-13_00-44-51,start,ranging'
client 2023-07-13 00:45:15,183 [INFO] Got response: 'OK'
client 2023-07-13 00:45:15,183 [INFO] Sending command to the server: 'time'
client 2023-07-13 00:45:15,186 [INFO] Got response: '1689205515.1210985'
client 2023-07-13 00:45:15,186 [INFO] The time difference between the client and the server is within range 62.767 ms..65.300 ms
client 2023-07-13 00:45:15,186 [INFO] Running the workload 'CM_MLPERF_RUN_COUNT=$(cat ${CM_RUN_DIR}/count.txt); echo ${CM_MLPERF_RUN_COUNT}; CM_MLPERF_RUN_COUNT=$((CM_MLPERF_RUN_COUNT+1)); echo ${CM_MLPERF_RUN_COUNT} > ${CM_RUN_DIR}/count.txt && if [ ${CM_MLPERF_RUN_COUNT} -eq "1" ]; then export CM_MLPERF_USER_CONF=${CM_MLPERF_RANGING_USER_CONF}; else export CM_MLPERF_USER_CONF=${CM_MLPERF_TESTING_USER_CONF}; fi && /home/arjun/run.out'
client 2023-07-13 00:50:15,869 [INFO] Sending command to the server: 'time'
client 2023-07-13 00:50:15,873 [INFO] Got response: '1689205815.8056734'
client 2023-07-13 00:50:15,873 [INFO] The time difference between the client and the server is within range 63.982 ms..67.462 ms
client 2023-07-13 00:50:15,873 [INFO] Sending command to the server: 'session,2023-07-13_00-44-51,stop,ranging'
client 2023-07-13 00:50:26,546 [INFO] Got response: 'OK'
client 2023-07-13 00:50:26,546 [INFO] Sending command to the server: 'time'
client 2023-07-13 00:50:26,548 [INFO] Got response: '1689205826.4832556'
client 2023-07-13 00:50:26,548 [INFO] The time difference between the client and the server is within range 62.903 ms..65.184 ms
client 2023-07-13 00:50:26,551 [INFO] Copying loadgen logs from '/home/arjun/mobilenet_results/valid_results/phoenix_Amd_Am5-tflite_cpp-cpu-tflite-vmaster-default_config/mobilenet-v1-precision_uint8-0.25-160/singlestream/performance/run_1' to '/home/arjun/mobilenet_results/valid_results/phoenix_Amd_Am5-tflite_cpp-cpu-tflite-vmaster-default_config/mobilenet-v1-precision_uint8-0.25-160/singlestream/performance/tmp_power/ranging'
client 2023-07-13 00:50:26,551 [INFO] Running workload in testing mode
client 2023-07-13 00:50:26,551 [INFO] Synchronizing with the server and with time.google.com...
client 2023-07-13 00:50:26,588 [INFO] NTP:offset = -0.000 s, delay = 0.036 s 
client 2023-07-13 00:50:26,588 [INFO] Sending command to the server: 'time'
client 2023-07-13 00:50:26,590 [INFO] Got response: '1689205826.5233712'
client 2023-07-13 00:50:26,590 [INFO] The time difference between the client and the server is within range 65.217 ms..67.104 ms
client 2023-07-13 00:50:26,590 [INFO] Sending command to the server: 'session,2023-07-13_00-44-51,start,testing'
client 2023-07-13 00:50:39,647 [INFO] Got response: 'OK'
client 2023-07-13 00:50:39,647 [INFO] Sending command to the server: 'time'
client 2023-07-13 00:50:39,649 [INFO] Got response: '1689205839.5815032'
client 2023-07-13 00:50:39,649 [INFO] The time difference between the client and the server is within range 66.223 ms..68.174 ms
client 2023-07-13 00:50:39,649 [INFO] Running the workload 'CM_MLPERF_RUN_COUNT=$(cat ${CM_RUN_DIR}/count.txt); echo ${CM_MLPERF_RUN_COUNT}; CM_MLPERF_RUN_COUNT=$((CM_MLPERF_RUN_COUNT+1)); echo ${CM_MLPERF_RUN_COUNT} > ${CM_RUN_DIR}/count.txt && if [ ${CM_MLPERF_RUN_COUNT} -eq "1" ]; then export CM_MLPERF_USER_CONF=${CM_MLPERF_RANGING_USER_CONF}; else export CM_MLPERF_USER_CONF=${CM_MLPERF_TESTING_USER_CONF}; fi && /home/arjun/run.out'
client 2023-07-13 01:00:41,135 [INFO] Sending command to the server: 'time'
client 2023-07-13 01:00:41,138 [INFO] Got response: '1689206441.0682988'
client 2023-07-13 01:00:41,138 [INFO] The time difference between the client and the server is within range 66.906 ms..70.689 ms
client 2023-07-13 01:00:41,139 [INFO] Sending command to the server: 'session,2023-07-13_00-44-51,stop,testing'
client 2023-07-13 01:00:51,734 [INFO] Got response: 'OK'
client 2023-07-13 01:00:51,735 [INFO] Sending command to the server: 'time'
client 2023-07-13 01:00:51,750 [INFO] Got response: '1689206451.673482'
client 2023-07-13 01:00:51,750 [INFO] The time difference between the client and the server is within range 61.530 ms..76.812 ms
client 2023-07-13 01:00:51,750 [INFO] Copying loadgen logs from '/home/arjun/mobilenet_results/valid_results/phoenix_Amd_Am5-tflite_cpp-cpu-tflite-vmaster-default_config/mobilenet-v1-precision_uint8-0.25-160/singlestream/performance/run_1' to '/home/arjun/mobilenet_results/valid_results/phoenix_Amd_Am5-tflite_cpp-cpu-tflite-vmaster-default_config/mobilenet-v1-precision_uint8-0.25-160/singlestream/performance/tmp_power/run_1'
client 2023-07-13 01:00:51,751 [INFO] Done runs
