client 2023-07-13 11:30:39,433 [INFO] Creating output directory '/home/arjun/mobilenet_results/valid_results/phoenix_Amd_Am5-tflite_cpp-cpu-tflite-vmaster-default_config/mobilenet-v3-precision_uint8-small-224/singlestream/performance/tmp_power'
client 2023-07-13 11:30:39,435 [INFO] Sending command to the server: 'mlcommons/power client v3'
client 2023-07-13 11:30:39,437 [INFO] Got response: 'mlcommons/power server v3'
client 2023-07-13 11:30:39,437 [INFO] Synchronizing with the server and with time.google.com...
client 2023-07-13 11:30:39,464 [INFO] NTP:offset = -0.002 s, delay = 0.016 s 
client 2023-07-13 11:30:39,465 [INFO] Sending command to the server: 'time'
client 2023-07-13 11:30:39,466 [INFO] Got response: '1689244239.4008906'
client 2023-07-13 11:30:39,466 [INFO] The time difference between the client and the server is within range 64.133 ms..65.818 ms
client 2023-07-13 11:30:39,466 [INFO] Sending command to the server: 'new,,4f71f760-4a9d-401e-8f8f-75bbda96ff99'
client 2023-07-13 11:30:39,469 [INFO] Got response: 'OK 2023-07-13_11-30-39,20f18467-6e41-4f23-a276-4f3c1b59f793'
client 2023-07-13 11:30:39,469 [INFO] Session id is '2023-07-13_11-30-39'
client 2023-07-13 11:30:39,469 [INFO] Sources: {"sources": {"__init__.py": "da39a3ee5e6b4b0d3255bfef95601890afd80709", "client.py": "33ca4f26368777ac06e01f9567b714a4b8063886", "lib/__init__.py": "da39a3ee5e6b4b0d3255bfef95601890afd80709", "lib/client.py": "ac2aa093c8e8bbc9569b9e2a3471bc64e58a2258", "lib/common.py": "611d8b29633d331eb19c9455ea3b5fa3284ed6df", "lib/external/__init__.py": "da39a3ee5e6b4b0d3255bfef95601890afd80709", "lib/external/ntplib.py": "4da8f970656505a40483206ef2b5d3dd5e81711d", "lib/server.py": "c7af63c31bb2fbedea4345f571f6e3507d268ada", "lib/source_hashes.py": "60a2e02193209e8d392803326208d5466342da18", "lib/summary.py": "aa92f0a3f975eecd44d3c0cd0236342ccc9f941d", "lib/time_sync.py": "122eba67a9abc85635223e054def53be1367ade2", "server.py": "c3f90f2f7eeb4db30727556d0c815ebc89b3d28b", "tests/unit/__init__.py": "da39a3ee5e6b4b0d3255bfef95601890afd80709", "tests/unit/test_server.py": "948c1995d4008bc2aa6c4046a34ffa3858d6d671", "tests/unit/test_source_hashes.py": "00468a2907583c593e6574a1f6b404e4651c221a"}, "modules": {"ptd_client_server.lib.client": "lib/client.py", "ptd_client_server.lib.common": "lib/common.py", "ptd_client_server.lib.external.ntplib": "lib/external/ntplib.py", "ptd_client_server.lib.source_hashes": "lib/source_hashes.py", "ptd_client_server.lib.summary": "lib/summary.py", "ptd_client_server.lib.time_sync": "lib/time_sync.py"}}
client 2023-07-13 11:30:39,469 [INFO] Running workload in ranging mode
client 2023-07-13 11:30:39,469 [INFO] Synchronizing with the server and with time.google.com...
client 2023-07-13 11:30:39,485 [INFO] NTP:offset = -0.000 s, delay = 0.015 s 
client 2023-07-13 11:30:39,485 [INFO] Sending command to the server: 'time'
client 2023-07-13 11:30:39,657 [INFO] Got response: '1689244239.5852463'
client 2023-07-13 11:30:39,657 [INFO] The time difference between the client and the server is within range -100.000 ms..72.250 ms
client 2023-07-13 11:30:39,657 [INFO] Sending command to the server: 'session,2023-07-13_11-30-39,start,ranging'
client 2023-07-13 11:31:03,447 [INFO] Got response: 'OK'
client 2023-07-13 11:31:03,447 [INFO] Sending command to the server: 'time'
client 2023-07-13 11:31:03,450 [INFO] Got response: '1689244263.3828208'
client 2023-07-13 11:31:03,450 [INFO] The time difference between the client and the server is within range 64.429 ms..67.342 ms
client 2023-07-13 11:31:03,450 [INFO] Running the workload 'CM_MLPERF_RUN_COUNT=$(cat ${CM_RUN_DIR}/count.txt); echo ${CM_MLPERF_RUN_COUNT}; CM_MLPERF_RUN_COUNT=$((CM_MLPERF_RUN_COUNT+1)); echo ${CM_MLPERF_RUN_COUNT} > ${CM_RUN_DIR}/count.txt && if [ ${CM_MLPERF_RUN_COUNT} -eq "1" ]; then export CM_MLPERF_USER_CONF=${CM_MLPERF_RANGING_USER_CONF}; else export CM_MLPERF_USER_CONF=${CM_MLPERF_TESTING_USER_CONF}; fi && /home/arjun/run.out'
client 2023-07-13 11:36:03,975 [INFO] Sending command to the server: 'time'
client 2023-07-13 11:36:03,978 [INFO] Got response: '1689244563.9101346'
client 2023-07-13 11:36:03,978 [INFO] The time difference between the client and the server is within range 64.903 ms..67.986 ms
client 2023-07-13 11:36:03,978 [INFO] Sending command to the server: 'session,2023-07-13_11-30-39,stop,ranging'
client 2023-07-13 11:36:14,608 [INFO] Got response: 'OK'
client 2023-07-13 11:36:14,608 [INFO] Sending command to the server: 'time'
client 2023-07-13 11:36:14,610 [INFO] Got response: '1689244574.5459468'
client 2023-07-13 11:36:14,610 [INFO] The time difference between the client and the server is within range 62.542 ms..64.777 ms
client 2023-07-13 11:36:14,612 [INFO] Copying loadgen logs from '/home/arjun/mobilenet_results/valid_results/phoenix_Amd_Am5-tflite_cpp-cpu-tflite-vmaster-default_config/mobilenet-v3-precision_uint8-small-224/singlestream/performance/run_1' to '/home/arjun/mobilenet_results/valid_results/phoenix_Amd_Am5-tflite_cpp-cpu-tflite-vmaster-default_config/mobilenet-v3-precision_uint8-small-224/singlestream/performance/tmp_power/ranging'
client 2023-07-13 11:36:14,612 [INFO] Running workload in testing mode
client 2023-07-13 11:36:14,612 [INFO] Synchronizing with the server and with time.google.com...
client 2023-07-13 11:36:14,630 [INFO] NTP:offset = 0.000 s, delay = 0.017 s 
client 2023-07-13 11:36:14,630 [INFO] Sending command to the server: 'time'
client 2023-07-13 11:36:14,633 [INFO] Got response: '1689244574.5670607'
client 2023-07-13 11:36:14,633 [INFO] The time difference between the client and the server is within range 63.500 ms..66.113 ms
client 2023-07-13 11:36:14,633 [INFO] Sending command to the server: 'session,2023-07-13_11-30-39,start,testing'
client 2023-07-13 11:36:27,689 [INFO] Got response: 'OK'
client 2023-07-13 11:36:27,689 [INFO] Sending command to the server: 'time'
client 2023-07-13 11:36:27,692 [INFO] Got response: '1689244587.619738'
client 2023-07-13 11:36:27,692 [INFO] The time difference between the client and the server is within range 69.403 ms..72.492 ms
client 2023-07-13 11:36:27,692 [INFO] Running the workload 'CM_MLPERF_RUN_COUNT=$(cat ${CM_RUN_DIR}/count.txt); echo ${CM_MLPERF_RUN_COUNT}; CM_MLPERF_RUN_COUNT=$((CM_MLPERF_RUN_COUNT+1)); echo ${CM_MLPERF_RUN_COUNT} > ${CM_RUN_DIR}/count.txt && if [ ${CM_MLPERF_RUN_COUNT} -eq "1" ]; then export CM_MLPERF_USER_CONF=${CM_MLPERF_RANGING_USER_CONF}; else export CM_MLPERF_USER_CONF=${CM_MLPERF_TESTING_USER_CONF}; fi && /home/arjun/run.out'
client 2023-07-13 11:46:28,622 [INFO] Sending command to the server: 'time'
client 2023-07-13 11:46:28,625 [INFO] Got response: '1689245188.559207'
client 2023-07-13 11:46:28,625 [INFO] The time difference between the client and the server is within range 63.438 ms..66.740 ms
client 2023-07-13 11:46:28,625 [INFO] Sending command to the server: 'session,2023-07-13_11-30-39,stop,testing'
client 2023-07-13 11:46:38,994 [INFO] Got response: 'OK'
client 2023-07-13 11:46:38,995 [INFO] Sending command to the server: 'time'
client 2023-07-13 11:46:39,007 [INFO] Got response: '1689245198.9422133'
client 2023-07-13 11:46:39,007 [INFO] The time difference between the client and the server is within range 52.791 ms..65.327 ms
client 2023-07-13 11:46:39,007 [INFO] Copying loadgen logs from '/home/arjun/mobilenet_results/valid_results/phoenix_Amd_Am5-tflite_cpp-cpu-tflite-vmaster-default_config/mobilenet-v3-precision_uint8-small-224/singlestream/performance/run_1' to '/home/arjun/mobilenet_results/valid_results/phoenix_Amd_Am5-tflite_cpp-cpu-tflite-vmaster-default_config/mobilenet-v3-precision_uint8-small-224/singlestream/performance/tmp_power/run_1'
client 2023-07-13 11:46:39,008 [INFO] Done runs
