client 2023-07-26 21:36:54,937 [INFO] Creating output directory '/home/cmuser/mobilenet_results/valid_results/bb3b3f2d4d2e-tflite_cpp-cpu-tflite-vmaster-default_config/mobilenet-v2-precision_uint8-0.35-160/singlestream/performance/tmp_power'
client 2023-07-26 21:36:54,939 [INFO] Sending command to the server: 'mlcommons/power client v3'
client 2023-07-26 21:36:54,941 [INFO] Got response: 'mlcommons/power server v3'
client 2023-07-26 21:36:54,941 [INFO] Synchronizing with the server and with time.google.com...
client 2023-07-26 21:36:55,007 [INFO] NTP:offset = -0.001 s, delay = 0.013 s 
client 2023-07-26 21:36:55,007 [INFO] Sending command to the server: 'time'
client 2023-07-26 21:36:55,010 [INFO] Got response: '1690432614.934877'
client 2023-07-26 21:36:55,010 [INFO] The time difference between the client and the server is within range 72.281 ms..75.644 ms
client 2023-07-26 21:36:55,010 [INFO] Sending command to the server: 'new,,7af3a103-bf0d-476a-b2ab-b8a538906c17'
client 2023-07-26 21:36:55,014 [INFO] Got response: 'OK 2023-07-27_05-36-54,529eb72d-3b0a-446b-979d-3cde12a41f0c'
client 2023-07-26 21:36:55,014 [INFO] Session id is '2023-07-27_05-36-54'
client 2023-07-26 21:36:55,014 [INFO] Sources: {"sources": {"__init__.py": "da39a3ee5e6b4b0d3255bfef95601890afd80709", "client.py": "33ca4f26368777ac06e01f9567b714a4b8063886", "lib/__init__.py": "da39a3ee5e6b4b0d3255bfef95601890afd80709", "lib/client.py": "ac2aa093c8e8bbc9569b9e2a3471bc64e58a2258", "lib/common.py": "611d8b29633d331eb19c9455ea3b5fa3284ed6df", "lib/external/__init__.py": "da39a3ee5e6b4b0d3255bfef95601890afd80709", "lib/external/ntplib.py": "4da8f970656505a40483206ef2b5d3dd5e81711d", "lib/server.py": "c7af63c31bb2fbedea4345f571f6e3507d268ada", "lib/source_hashes.py": "60a2e02193209e8d392803326208d5466342da18", "lib/summary.py": "aa92f0a3f975eecd44d3c0cd0236342ccc9f941d", "lib/time_sync.py": "122eba67a9abc85635223e054def53be1367ade2", "server.py": "c3f90f2f7eeb4db30727556d0c815ebc89b3d28b", "tests/unit/__init__.py": "da39a3ee5e6b4b0d3255bfef95601890afd80709", "tests/unit/test_server.py": "948c1995d4008bc2aa6c4046a34ffa3858d6d671", "tests/unit/test_source_hashes.py": "00468a2907583c593e6574a1f6b404e4651c221a"}, "modules": {"ptd_client_server.lib.client": "lib/client.py", "ptd_client_server.lib.common": "lib/common.py", "ptd_client_server.lib.external.ntplib": "lib/external/ntplib.py", "ptd_client_server.lib.source_hashes": "lib/source_hashes.py", "ptd_client_server.lib.summary": "lib/summary.py", "ptd_client_server.lib.time_sync": "lib/time_sync.py"}}
client 2023-07-26 21:36:55,014 [INFO] Running workload in ranging mode
client 2023-07-26 21:36:55,014 [INFO] Synchronizing with the server and with time.google.com...
client 2023-07-26 21:36:55,085 [INFO] NTP:offset = -0.001 s, delay = 0.018 s 
client 2023-07-26 21:36:55,085 [INFO] Sending command to the server: 'time'
client 2023-07-26 21:36:55,087 [INFO] Got response: '1690432615.015427'
client 2023-07-26 21:36:55,088 [INFO] The time difference between the client and the server is within range 69.754 ms..72.623 ms
client 2023-07-26 21:36:55,088 [INFO] Sending command to the server: 'session,2023-07-27_05-36-54,start,ranging'
client 2023-07-26 21:37:18,985 [INFO] Got response: 'OK'
client 2023-07-26 21:37:18,985 [INFO] Sending command to the server: 'time'
client 2023-07-26 21:37:18,988 [INFO] Got response: '1690432638.9135704'
client 2023-07-26 21:37:18,988 [INFO] The time difference between the client and the server is within range 72.290 ms..74.552 ms
client 2023-07-26 21:37:18,988 [INFO] Running the workload 'CM_MLPERF_RUN_COUNT=$(cat ${CM_RUN_DIR}/count.txt); echo ${CM_MLPERF_RUN_COUNT}; CM_MLPERF_RUN_COUNT=$((CM_MLPERF_RUN_COUNT+1)); echo ${CM_MLPERF_RUN_COUNT} > ${CM_RUN_DIR}/count.txt && if [ ${CM_MLPERF_RUN_COUNT} -eq "1" ]; then export CM_MLPERF_USER_CONF=${CM_MLPERF_RANGING_USER_CONF}; else export CM_MLPERF_USER_CONF=${CM_MLPERF_TESTING_USER_CONF}; fi && /home/cmuser/run.out'
client 2023-07-26 21:42:19,623 [INFO] Sending command to the server: 'time'
client 2023-07-26 21:42:19,626 [INFO] Got response: '1690432939.5450516'
client 2023-07-26 21:42:19,627 [INFO] The time difference between the client and the server is within range 78.287 ms..82.002 ms
client 2023-07-26 21:42:19,627 [INFO] Sending command to the server: 'session,2023-07-27_05-36-54,stop,ranging'
client 2023-07-26 21:42:30,206 [INFO] Got response: 'OK'
client 2023-07-26 21:42:30,206 [INFO] Sending command to the server: 'time'
client 2023-07-26 21:42:30,207 [INFO] Got response: '1690432950.125696'
client 2023-07-26 21:42:30,207 [INFO] The time difference between the client and the server is within range 80.443 ms..81.671 ms
client 2023-07-26 21:42:30,210 [INFO] Copying loadgen logs from '/home/cmuser/mobilenet_results/valid_results/bb3b3f2d4d2e-tflite_cpp-cpu-tflite-vmaster-default_config/mobilenet-v2-precision_uint8-0.35-160/singlestream/performance/run_1' to '/home/cmuser/mobilenet_results/valid_results/bb3b3f2d4d2e-tflite_cpp-cpu-tflite-vmaster-default_config/mobilenet-v2-precision_uint8-0.35-160/singlestream/performance/tmp_power/ranging'
client 2023-07-26 21:42:30,211 [INFO] Running workload in testing mode
client 2023-07-26 21:42:30,211 [INFO] Synchronizing with the server and with time.google.com...
client 2023-07-26 21:42:30,271 [INFO] NTP:offset = -0.001 s, delay = 0.019 s 
client 2023-07-26 21:42:30,271 [INFO] Sending command to the server: 'time'
client 2023-07-26 21:42:30,272 [INFO] Got response: '1690432950.1958647'
client 2023-07-26 21:42:30,272 [INFO] The time difference between the client and the server is within range 75.259 ms..76.883 ms
client 2023-07-26 21:42:30,272 [INFO] Sending command to the server: 'session,2023-07-27_05-36-54,start,testing'
client 2023-07-26 21:42:43,318 [INFO] Got response: 'OK'
client 2023-07-26 21:42:43,318 [INFO] Sending command to the server: 'time'
client 2023-07-26 21:42:43,321 [INFO] Got response: '1690432963.2399004'
client 2023-07-26 21:42:43,321 [INFO] The time difference between the client and the server is within range 78.408 ms..81.688 ms
client 2023-07-26 21:42:43,321 [INFO] Running the workload 'CM_MLPERF_RUN_COUNT=$(cat ${CM_RUN_DIR}/count.txt); echo ${CM_MLPERF_RUN_COUNT}; CM_MLPERF_RUN_COUNT=$((CM_MLPERF_RUN_COUNT+1)); echo ${CM_MLPERF_RUN_COUNT} > ${CM_RUN_DIR}/count.txt && if [ ${CM_MLPERF_RUN_COUNT} -eq "1" ]; then export CM_MLPERF_USER_CONF=${CM_MLPERF_RANGING_USER_CONF}; else export CM_MLPERF_USER_CONF=${CM_MLPERF_TESTING_USER_CONF}; fi && /home/cmuser/run.out'
client 2023-07-26 21:52:44,564 [INFO] Sending command to the server: 'time'
client 2023-07-26 21:52:44,568 [INFO] Got response: '1690433564.4864182'
client 2023-07-26 21:52:44,568 [INFO] The time difference between the client and the server is within range 78.388 ms..82.387 ms
client 2023-07-26 21:52:44,568 [INFO] Sending command to the server: 'session,2023-07-27_05-36-54,stop,testing'
client 2023-07-26 21:52:55,398 [INFO] Got response: 'OK'
client 2023-07-26 21:52:55,398 [INFO] Sending command to the server: 'time'
client 2023-07-26 21:52:55,399 [INFO] Got response: '1690433575.3106494'
client 2023-07-26 21:52:55,399 [INFO] The time difference between the client and the server is within range 87.541 ms..88.801 ms
client 2023-07-26 21:52:55,400 [INFO] Copying loadgen logs from '/home/cmuser/mobilenet_results/valid_results/bb3b3f2d4d2e-tflite_cpp-cpu-tflite-vmaster-default_config/mobilenet-v2-precision_uint8-0.35-160/singlestream/performance/run_1' to '/home/cmuser/mobilenet_results/valid_results/bb3b3f2d4d2e-tflite_cpp-cpu-tflite-vmaster-default_config/mobilenet-v2-precision_uint8-0.35-160/singlestream/performance/tmp_power/run_1'
client 2023-07-26 21:52:55,400 [INFO] Done runs
