client 2023-07-26 08:58:30,850 [INFO] Creating output directory '/home/cmuser/mobilenet_results/valid_results/bb3b3f2d4d2e-tflite_cpp-cpu-tflite-vmaster-default_config/mobilenet-v1-precision_float-0.75-160/singlestream/performance/tmp_power'
client 2023-07-26 08:58:30,852 [INFO] Sending command to the server: 'mlcommons/power client v3'
client 2023-07-26 08:58:30,854 [INFO] Got response: 'mlcommons/power server v3'
client 2023-07-26 08:58:30,854 [INFO] Synchronizing with the server and with time.google.com...
client 2023-07-26 08:58:30,906 [INFO] NTP:offset = 0.000 s, delay = 0.014 s 
client 2023-07-26 08:58:30,907 [INFO] Sending command to the server: 'time'
client 2023-07-26 08:58:30,911 [INFO] Got response: '1690387110.778582'
client 2023-07-26 08:58:30,911 [INFO] The time difference between the client and the server is within range 128.456 ms..132.704 ms
client 2023-07-26 08:58:30,911 [INFO] Sending command to the server: 'new,,591a8b38-a290-4221-bd3f-a3c4ae370b85'
client 2023-07-26 08:58:30,915 [INFO] Got response: 'OK 2023-07-26_16-58-30,bc0df7cf-01a7-4261-b83a-eae43c26c10d'
client 2023-07-26 08:58:30,915 [INFO] Session id is '2023-07-26_16-58-30'
client 2023-07-26 08:58:30,915 [INFO] Sources: {"sources": {"__init__.py": "da39a3ee5e6b4b0d3255bfef95601890afd80709", "client.py": "33ca4f26368777ac06e01f9567b714a4b8063886", "lib/__init__.py": "da39a3ee5e6b4b0d3255bfef95601890afd80709", "lib/client.py": "ac2aa093c8e8bbc9569b9e2a3471bc64e58a2258", "lib/common.py": "611d8b29633d331eb19c9455ea3b5fa3284ed6df", "lib/external/__init__.py": "da39a3ee5e6b4b0d3255bfef95601890afd80709", "lib/external/ntplib.py": "4da8f970656505a40483206ef2b5d3dd5e81711d", "lib/server.py": "c7af63c31bb2fbedea4345f571f6e3507d268ada", "lib/source_hashes.py": "60a2e02193209e8d392803326208d5466342da18", "lib/summary.py": "aa92f0a3f975eecd44d3c0cd0236342ccc9f941d", "lib/time_sync.py": "122eba67a9abc85635223e054def53be1367ade2", "server.py": "c3f90f2f7eeb4db30727556d0c815ebc89b3d28b", "tests/unit/__init__.py": "da39a3ee5e6b4b0d3255bfef95601890afd80709", "tests/unit/test_server.py": "948c1995d4008bc2aa6c4046a34ffa3858d6d671", "tests/unit/test_source_hashes.py": "00468a2907583c593e6574a1f6b404e4651c221a"}, "modules": {"ptd_client_server.lib.client": "lib/client.py", "ptd_client_server.lib.common": "lib/common.py", "ptd_client_server.lib.external.ntplib": "lib/external/ntplib.py", "ptd_client_server.lib.source_hashes": "lib/source_hashes.py", "ptd_client_server.lib.summary": "lib/summary.py", "ptd_client_server.lib.time_sync": "lib/time_sync.py"}}
client 2023-07-26 08:58:30,915 [INFO] Running workload in ranging mode
client 2023-07-26 08:58:30,915 [INFO] Synchronizing with the server and with time.google.com...
client 2023-07-26 08:58:30,968 [INFO] NTP:offset = -0.000 s, delay = 0.015 s 
client 2023-07-26 08:58:30,968 [INFO] Sending command to the server: 'time'
client 2023-07-26 08:58:30,972 [INFO] Got response: '1690387110.8482695'
client 2023-07-26 08:58:30,972 [INFO] The time difference between the client and the server is within range 119.960 ms..124.357 ms
client 2023-07-26 08:58:30,972 [INFO] Sending command to the server: 'session,2023-07-26_16-58-30,start,ranging'
client 2023-07-26 08:58:54,808 [INFO] Got response: 'OK'
client 2023-07-26 08:58:54,808 [INFO] Sending command to the server: 'time'
client 2023-07-26 08:58:54,812 [INFO] Got response: '1690387134.6806192'
client 2023-07-26 08:58:54,812 [INFO] The time difference between the client and the server is within range 127.903 ms..131.586 ms
client 2023-07-26 08:58:54,812 [INFO] Running the workload 'CM_MLPERF_RUN_COUNT=$(cat ${CM_RUN_DIR}/count.txt); echo ${CM_MLPERF_RUN_COUNT}; CM_MLPERF_RUN_COUNT=$((CM_MLPERF_RUN_COUNT+1)); echo ${CM_MLPERF_RUN_COUNT} > ${CM_RUN_DIR}/count.txt && if [ ${CM_MLPERF_RUN_COUNT} -eq "1" ]; then export CM_MLPERF_USER_CONF=${CM_MLPERF_RANGING_USER_CONF}; else export CM_MLPERF_USER_CONF=${CM_MLPERF_TESTING_USER_CONF}; fi && /home/cmuser/run.out'
client 2023-07-26 09:03:55,400 [INFO] Sending command to the server: 'time'
client 2023-07-26 09:03:55,403 [INFO] Got response: '1690387435.2728317'
client 2023-07-26 09:03:55,403 [INFO] The time difference between the client and the server is within range 127.410 ms..130.759 ms
client 2023-07-26 09:03:55,403 [INFO] Sending command to the server: 'session,2023-07-26_16-58-30,stop,ranging'
client 2023-07-26 09:04:06,279 [INFO] Got response: 'OK'
client 2023-07-26 09:04:06,279 [INFO] Sending command to the server: 'time'
client 2023-07-26 09:04:06,282 [INFO] Got response: '1690387446.1501582'
client 2023-07-26 09:04:06,282 [INFO] The time difference between the client and the server is within range 129.081 ms..132.003 ms
client 2023-07-26 09:04:06,285 [INFO] Copying loadgen logs from '/home/cmuser/mobilenet_results/valid_results/bb3b3f2d4d2e-tflite_cpp-cpu-tflite-vmaster-default_config/mobilenet-v1-precision_float-0.75-160/singlestream/performance/run_1' to '/home/cmuser/mobilenet_results/valid_results/bb3b3f2d4d2e-tflite_cpp-cpu-tflite-vmaster-default_config/mobilenet-v1-precision_float-0.75-160/singlestream/performance/tmp_power/ranging'
client 2023-07-26 09:04:06,285 [INFO] Running workload in testing mode
client 2023-07-26 09:04:06,286 [INFO] Synchronizing with the server and with time.google.com...
client 2023-07-26 09:04:06,361 [INFO] NTP:offset = -0.006 s, delay = 0.027 s 
client 2023-07-26 09:04:06,362 [INFO] Sending command to the server: 'time'
client 2023-07-26 09:04:06,365 [INFO] Got response: '1690387446.2303731'
client 2023-07-26 09:04:06,365 [INFO] The time difference between the client and the server is within range 131.669 ms..135.409 ms
client 2023-07-26 09:04:06,365 [INFO] Sending command to the server: 'session,2023-07-26_16-58-30,start,testing'
client 2023-07-26 09:04:19,415 [INFO] Got response: 'OK'
client 2023-07-26 09:04:19,415 [INFO] Sending command to the server: 'time'
client 2023-07-26 09:04:19,418 [INFO] Got response: '1690387459.2862413'
client 2023-07-26 09:04:19,418 [INFO] The time difference between the client and the server is within range 129.278 ms..132.460 ms
client 2023-07-26 09:04:19,418 [INFO] Running the workload 'CM_MLPERF_RUN_COUNT=$(cat ${CM_RUN_DIR}/count.txt); echo ${CM_MLPERF_RUN_COUNT}; CM_MLPERF_RUN_COUNT=$((CM_MLPERF_RUN_COUNT+1)); echo ${CM_MLPERF_RUN_COUNT} > ${CM_RUN_DIR}/count.txt && if [ ${CM_MLPERF_RUN_COUNT} -eq "1" ]; then export CM_MLPERF_USER_CONF=${CM_MLPERF_RANGING_USER_CONF}; else export CM_MLPERF_USER_CONF=${CM_MLPERF_TESTING_USER_CONF}; fi && /home/cmuser/run.out'
client 2023-07-26 09:14:20,480 [INFO] Sending command to the server: 'time'
client 2023-07-26 09:14:20,483 [INFO] Got response: '1690388060.3410912'
client 2023-07-26 09:14:20,483 [INFO] The time difference between the client and the server is within range 139.613 ms..142.008 ms
client 2023-07-26 09:14:20,483 [INFO] Sending command to the server: 'session,2023-07-26_16-58-30,stop,testing'
client 2023-07-26 09:14:31,505 [INFO] Got response: 'OK'
client 2023-07-26 09:14:31,505 [INFO] Sending command to the server: 'time'
client 2023-07-26 09:14:31,507 [INFO] Got response: '1690388071.3647842'
client 2023-07-26 09:14:31,507 [INFO] The time difference between the client and the server is within range 141.128 ms..142.723 ms
client 2023-07-26 09:14:31,508 [INFO] Copying loadgen logs from '/home/cmuser/mobilenet_results/valid_results/bb3b3f2d4d2e-tflite_cpp-cpu-tflite-vmaster-default_config/mobilenet-v1-precision_float-0.75-160/singlestream/performance/run_1' to '/home/cmuser/mobilenet_results/valid_results/bb3b3f2d4d2e-tflite_cpp-cpu-tflite-vmaster-default_config/mobilenet-v1-precision_float-0.75-160/singlestream/performance/tmp_power/run_1'
client 2023-07-26 09:14:31,508 [INFO] Done runs
