client 2023-07-14 14:34:12,099 [INFO] Creating output directory '/home/arjun/results_dir/valid_results/phoenix_Amd_Am5-reference-cpu-onnxruntime-v1.14.0-default_config/resnet50/singlestream/performance/tmp_power'
client 2023-07-14 14:34:12,102 [INFO] Sending command to the server: 'mlcommons/power client v3'
client 2023-07-14 14:34:12,104 [INFO] Got response: 'mlcommons/power server v3'
client 2023-07-14 14:34:12,104 [INFO] Synchronizing with the server and with time.google.com...
client 2023-07-14 14:34:12,132 [INFO] NTP:offset = 0.001 s, delay = 0.015 s 
client 2023-07-14 14:34:12,132 [INFO] Sending command to the server: 'time'
client 2023-07-14 14:34:12,135 [INFO] Got response: '1689341652.0661986'
client 2023-07-14 14:34:12,135 [INFO] The time difference between the client and the server is within range 66.159 ms..69.216 ms
client 2023-07-14 14:34:12,135 [INFO] Sending command to the server: 'new,,bd3817fc-ce6e-4722-b382-082017769373'
client 2023-07-14 14:34:12,138 [INFO] Got response: 'OK 2023-07-14_14-34-12,624e5ec0-fa1e-4837-acc0-b6ab6095bc18'
client 2023-07-14 14:34:12,138 [INFO] Session id is '2023-07-14_14-34-12'
client 2023-07-14 14:34:12,138 [INFO] Sources: {"sources": {"__init__.py": "da39a3ee5e6b4b0d3255bfef95601890afd80709", "client.py": "33ca4f26368777ac06e01f9567b714a4b8063886", "lib/__init__.py": "da39a3ee5e6b4b0d3255bfef95601890afd80709", "lib/client.py": "ac2aa093c8e8bbc9569b9e2a3471bc64e58a2258", "lib/common.py": "611d8b29633d331eb19c9455ea3b5fa3284ed6df", "lib/external/__init__.py": "da39a3ee5e6b4b0d3255bfef95601890afd80709", "lib/external/ntplib.py": "4da8f970656505a40483206ef2b5d3dd5e81711d", "lib/server.py": "c7af63c31bb2fbedea4345f571f6e3507d268ada", "lib/source_hashes.py": "60a2e02193209e8d392803326208d5466342da18", "lib/summary.py": "aa92f0a3f975eecd44d3c0cd0236342ccc9f941d", "lib/time_sync.py": "122eba67a9abc85635223e054def53be1367ade2", "server.py": "c3f90f2f7eeb4db30727556d0c815ebc89b3d28b", "tests/unit/__init__.py": "da39a3ee5e6b4b0d3255bfef95601890afd80709", "tests/unit/test_server.py": "948c1995d4008bc2aa6c4046a34ffa3858d6d671", "tests/unit/test_source_hashes.py": "00468a2907583c593e6574a1f6b404e4651c221a"}, "modules": {"ptd_client_server.lib.client": "lib/client.py", "ptd_client_server.lib.common": "lib/common.py", "ptd_client_server.lib.external.ntplib": "lib/external/ntplib.py", "ptd_client_server.lib.source_hashes": "lib/source_hashes.py", "ptd_client_server.lib.summary": "lib/summary.py", "ptd_client_server.lib.time_sync": "lib/time_sync.py"}}
client 2023-07-14 14:34:12,138 [INFO] Running workload in ranging mode
client 2023-07-14 14:34:12,138 [INFO] Synchronizing with the server and with time.google.com...
client 2023-07-14 14:34:12,156 [INFO] NTP:offset = 0.001 s, delay = 0.017 s 
client 2023-07-14 14:34:12,156 [INFO] Sending command to the server: 'time'
client 2023-07-14 14:34:12,158 [INFO] Got response: '1689341652.086464'
client 2023-07-14 14:34:12,158 [INFO] The time difference between the client and the server is within range 69.932 ms..72.225 ms
client 2023-07-14 14:34:12,158 [INFO] Sending command to the server: 'session,2023-07-14_14-34-12,start,ranging'
client 2023-07-14 14:34:36,014 [INFO] Got response: 'OK'
client 2023-07-14 14:34:36,015 [INFO] Sending command to the server: 'time'
client 2023-07-14 14:34:36,018 [INFO] Got response: '1689341675.9493246'
client 2023-07-14 14:34:36,018 [INFO] The time difference between the client and the server is within range 65.757 ms..68.950 ms
client 2023-07-14 14:34:36,018 [INFO] Running the workload 'CM_MLPERF_RUN_COUNT=$(cat ${CM_RUN_DIR}/count.txt); echo ${CM_MLPERF_RUN_COUNT}; CM_MLPERF_RUN_COUNT=$((CM_MLPERF_RUN_COUNT+1)); echo ${CM_MLPERF_RUN_COUNT} > ${CM_RUN_DIR}/count.txt && if [ ${CM_MLPERF_RUN_COUNT} -eq "1" ]; then export CM_MLPERF_USER_CONF=${CM_MLPERF_RANGING_USER_CONF}; else export CM_MLPERF_USER_CONF=${CM_MLPERF_TESTING_USER_CONF}; fi && cd "/home/arjun/CM/repos/local/cache/c042bda7a3d1463a/inference/vision/classification_and_detection" && OUTPUT_DIR="/home/arjun/results_dir/valid_results/phoenix_Amd_Am5-reference-cpu-onnxruntime-v1.14.0-default_config/resnet50/singlestream/performance/run_1" ./run_local.sh onnxruntime resnet50 cpu --scenario SingleStream --mlperf_conf "/home/arjun/CM/repos/local/cache/c042bda7a3d1463a/inference/mlperf.conf" --threads 32 --user_conf "/home/arjun/CM/repos/ctuning@mlcommons-ck/cm-mlops/script/generate-mlperf-inference-user-conf/tmp/57ebb60bb565472594c8a68f176bcf71.conf" --use_preprocessed_dataset --cache_dir /home/arjun/CM/repos/local/cache/1c39043a9246402c --dataset-list /home/arjun/CM/repos/local/cache/534a68d2aebf47ba/data/val.txt'
client 2023-07-14 14:44:36,796 [INFO] Sending command to the server: 'time'
client 2023-07-14 14:44:36,799 [INFO] Got response: '1689342276.7235844'
client 2023-07-14 14:44:36,799 [INFO] The time difference between the client and the server is within range 72.874 ms..76.126 ms
client 2023-07-14 14:44:36,799 [INFO] Sending command to the server: 'session,2023-07-14_14-34-12,stop,ranging'
client 2023-07-14 14:44:47,240 [INFO] Got response: 'OK'
client 2023-07-14 14:44:47,240 [INFO] Sending command to the server: 'time'
client 2023-07-14 14:44:47,248 [INFO] Got response: '1689342287.1785712'
client 2023-07-14 14:44:47,248 [INFO] The time difference between the client and the server is within range 62.102 ms..70.347 ms
client 2023-07-14 14:44:47,250 [INFO] Copying loadgen logs from '/home/arjun/results_dir/valid_results/phoenix_Amd_Am5-reference-cpu-onnxruntime-v1.14.0-default_config/resnet50/singlestream/performance/run_1' to '/home/arjun/results_dir/valid_results/phoenix_Amd_Am5-reference-cpu-onnxruntime-v1.14.0-default_config/resnet50/singlestream/performance/tmp_power/ranging'
client 2023-07-14 14:44:47,251 [INFO] Running workload in testing mode
client 2023-07-14 14:44:47,251 [INFO] Synchronizing with the server and with time.google.com...
client 2023-07-14 14:44:47,265 [INFO] NTP:offset = 0.000 s, delay = 0.014 s 
client 2023-07-14 14:44:47,265 [INFO] Sending command to the server: 'time'
client 2023-07-14 14:44:47,267 [INFO] Got response: '1689342287.189456'
client 2023-07-14 14:44:47,267 [INFO] The time difference between the client and the server is within range 75.897 ms..78.197 ms
client 2023-07-14 14:44:47,267 [INFO] Sending command to the server: 'session,2023-07-14_14-34-12,start,testing'
client 2023-07-14 14:45:00,315 [INFO] Got response: 'OK'
client 2023-07-14 14:45:00,315 [INFO] Sending command to the server: 'time'
client 2023-07-14 14:45:00,317 [INFO] Got response: '1689342300.2477698'
client 2023-07-14 14:45:00,317 [INFO] The time difference between the client and the server is within range 67.406 ms..70.125 ms
client 2023-07-14 14:45:00,317 [INFO] Running the workload 'CM_MLPERF_RUN_COUNT=$(cat ${CM_RUN_DIR}/count.txt); echo ${CM_MLPERF_RUN_COUNT}; CM_MLPERF_RUN_COUNT=$((CM_MLPERF_RUN_COUNT+1)); echo ${CM_MLPERF_RUN_COUNT} > ${CM_RUN_DIR}/count.txt && if [ ${CM_MLPERF_RUN_COUNT} -eq "1" ]; then export CM_MLPERF_USER_CONF=${CM_MLPERF_RANGING_USER_CONF}; else export CM_MLPERF_USER_CONF=${CM_MLPERF_TESTING_USER_CONF}; fi && cd "/home/arjun/CM/repos/local/cache/c042bda7a3d1463a/inference/vision/classification_and_detection" && OUTPUT_DIR="/home/arjun/results_dir/valid_results/phoenix_Amd_Am5-reference-cpu-onnxruntime-v1.14.0-default_config/resnet50/singlestream/performance/run_1" ./run_local.sh onnxruntime resnet50 cpu --scenario SingleStream --mlperf_conf "/home/arjun/CM/repos/local/cache/c042bda7a3d1463a/inference/mlperf.conf" --threads 32 --user_conf "/home/arjun/CM/repos/ctuning@mlcommons-ck/cm-mlops/script/generate-mlperf-inference-user-conf/tmp/57ebb60bb565472594c8a68f176bcf71.conf" --use_preprocessed_dataset --cache_dir /home/arjun/CM/repos/local/cache/1c39043a9246402c --dataset-list /home/arjun/CM/repos/local/cache/534a68d2aebf47ba/data/val.txt'
client 2023-07-14 14:55:01,119 [INFO] Sending command to the server: 'time'
client 2023-07-14 14:55:01,124 [INFO] Got response: '1689342901.0462484'
client 2023-07-14 14:55:01,124 [INFO] The time difference between the client and the server is within range 73.462 ms..77.849 ms
client 2023-07-14 14:55:01,124 [INFO] Sending command to the server: 'session,2023-07-14_14-34-12,stop,testing'
client 2023-07-14 14:55:11,584 [INFO] Got response: 'OK'
client 2023-07-14 14:55:11,584 [INFO] Sending command to the server: 'time'
client 2023-07-14 14:55:11,589 [INFO] Got response: '1689342911.5060222'
client 2023-07-14 14:55:11,589 [INFO] The time difference between the client and the server is within range 78.626 ms..83.344 ms
client 2023-07-14 14:55:11,589 [INFO] Copying loadgen logs from '/home/arjun/results_dir/valid_results/phoenix_Amd_Am5-reference-cpu-onnxruntime-v1.14.0-default_config/resnet50/singlestream/performance/run_1' to '/home/arjun/results_dir/valid_results/phoenix_Amd_Am5-reference-cpu-onnxruntime-v1.14.0-default_config/resnet50/singlestream/performance/tmp_power/run_1'
client 2023-07-14 14:55:11,590 [INFO] Done runs
