client 2023-07-13 06:40:02,832 [INFO] Creating output directory '/home/arjun/mobilenet_results/valid_results/phoenix_Amd_Am5-tflite_cpp-cpu-tflite-vmaster-default_config/mobilenet-v2-precision_uint8-0.5-192/singlestream/performance/tmp_power'
client 2023-07-13 06:40:02,833 [INFO] Sending command to the server: 'mlcommons/power client v3'
client 2023-07-13 06:40:02,837 [INFO] Got response: 'mlcommons/power server v3'
client 2023-07-13 06:40:02,837 [INFO] Synchronizing with the server and with time.google.com...
client 2023-07-13 06:40:02,852 [INFO] NTP:offset = -0.001 s, delay = 0.013 s 
client 2023-07-13 06:40:02,852 [INFO] Sending command to the server: 'time'
client 2023-07-13 06:40:02,854 [INFO] Got response: '1689226802.8345401'
client 2023-07-13 06:40:02,854 [INFO] The time difference between the client and the server is within range 18.203 ms..20.447 ms
client 2023-07-13 06:40:02,855 [INFO] Sending command to the server: 'new,,945c76ba-8fe9-47ce-9a6e-8d19b7b5a52c'
client 2023-07-13 06:40:02,858 [INFO] Got response: 'OK 2023-07-13_06-40-02,cbe57737-0d20-4a1e-9d58-01f276a2378b'
client 2023-07-13 06:40:02,858 [INFO] Session id is '2023-07-13_06-40-02'
client 2023-07-13 06:40:02,858 [INFO] Sources: {"sources": {"__init__.py": "da39a3ee5e6b4b0d3255bfef95601890afd80709", "client.py": "33ca4f26368777ac06e01f9567b714a4b8063886", "lib/__init__.py": "da39a3ee5e6b4b0d3255bfef95601890afd80709", "lib/client.py": "ac2aa093c8e8bbc9569b9e2a3471bc64e58a2258", "lib/common.py": "611d8b29633d331eb19c9455ea3b5fa3284ed6df", "lib/external/__init__.py": "da39a3ee5e6b4b0d3255bfef95601890afd80709", "lib/external/ntplib.py": "4da8f970656505a40483206ef2b5d3dd5e81711d", "lib/server.py": "c7af63c31bb2fbedea4345f571f6e3507d268ada", "lib/source_hashes.py": "60a2e02193209e8d392803326208d5466342da18", "lib/summary.py": "aa92f0a3f975eecd44d3c0cd0236342ccc9f941d", "lib/time_sync.py": "122eba67a9abc85635223e054def53be1367ade2", "server.py": "c3f90f2f7eeb4db30727556d0c815ebc89b3d28b", "tests/unit/__init__.py": "da39a3ee5e6b4b0d3255bfef95601890afd80709", "tests/unit/test_server.py": "948c1995d4008bc2aa6c4046a34ffa3858d6d671", "tests/unit/test_source_hashes.py": "00468a2907583c593e6574a1f6b404e4651c221a"}, "modules": {"ptd_client_server.lib.client": "lib/client.py", "ptd_client_server.lib.common": "lib/common.py", "ptd_client_server.lib.external.ntplib": "lib/external/ntplib.py", "ptd_client_server.lib.source_hashes": "lib/source_hashes.py", "ptd_client_server.lib.summary": "lib/summary.py", "ptd_client_server.lib.time_sync": "lib/time_sync.py"}}
client 2023-07-13 06:40:02,858 [INFO] Running workload in ranging mode
client 2023-07-13 06:40:02,858 [INFO] Synchronizing with the server and with time.google.com...
client 2023-07-13 06:40:02,875 [INFO] NTP:offset = -0.000 s, delay = 0.016 s 
client 2023-07-13 06:40:02,875 [INFO] Sending command to the server: 'time'
client 2023-07-13 06:40:02,876 [INFO] Got response: '1689226802.8626578'
client 2023-07-13 06:40:02,876 [INFO] The time difference between the client and the server is within range 12.482 ms..14.277 ms
client 2023-07-13 06:40:02,876 [INFO] Sending command to the server: 'session,2023-07-13_06-40-02,start,ranging'
client 2023-07-13 06:40:26,708 [INFO] Got response: 'OK'
client 2023-07-13 06:40:26,708 [INFO] Sending command to the server: 'time'
client 2023-07-13 06:40:26,711 [INFO] Got response: '1689226826.6893601'
client 2023-07-13 06:40:26,711 [INFO] The time difference between the client and the server is within range 19.244 ms..22.370 ms
client 2023-07-13 06:40:26,711 [INFO] Running the workload 'CM_MLPERF_RUN_COUNT=$(cat ${CM_RUN_DIR}/count.txt); echo ${CM_MLPERF_RUN_COUNT}; CM_MLPERF_RUN_COUNT=$((CM_MLPERF_RUN_COUNT+1)); echo ${CM_MLPERF_RUN_COUNT} > ${CM_RUN_DIR}/count.txt && if [ ${CM_MLPERF_RUN_COUNT} -eq "1" ]; then export CM_MLPERF_USER_CONF=${CM_MLPERF_RANGING_USER_CONF}; else export CM_MLPERF_USER_CONF=${CM_MLPERF_TESTING_USER_CONF}; fi && /home/arjun/run.out'
client 2023-07-13 06:45:27,282 [INFO] Sending command to the server: 'time'
client 2023-07-13 06:45:27,285 [INFO] Got response: '1689227127.262347'
client 2023-07-13 06:45:27,285 [INFO] The time difference between the client and the server is within range 20.009 ms..23.165 ms
client 2023-07-13 06:45:27,285 [INFO] Sending command to the server: 'session,2023-07-13_06-40-02,stop,ranging'
client 2023-07-13 06:45:37,828 [INFO] Got response: 'OK'
client 2023-07-13 06:45:37,828 [INFO] Sending command to the server: 'time'
client 2023-07-13 06:45:37,831 [INFO] Got response: '1689227137.8081243'
client 2023-07-13 06:45:37,831 [INFO] The time difference between the client and the server is within range 20.637 ms..23.084 ms
client 2023-07-13 06:45:37,834 [INFO] Copying loadgen logs from '/home/arjun/mobilenet_results/valid_results/phoenix_Amd_Am5-tflite_cpp-cpu-tflite-vmaster-default_config/mobilenet-v2-precision_uint8-0.5-192/singlestream/performance/run_1' to '/home/arjun/mobilenet_results/valid_results/phoenix_Amd_Am5-tflite_cpp-cpu-tflite-vmaster-default_config/mobilenet-v2-precision_uint8-0.5-192/singlestream/performance/tmp_power/ranging'
client 2023-07-13 06:45:37,834 [INFO] Running workload in testing mode
client 2023-07-13 06:45:37,834 [INFO] Synchronizing with the server and with time.google.com...
client 2023-07-13 06:45:37,850 [INFO] NTP:offset = -0.000 s, delay = 0.015 s 
client 2023-07-13 06:45:37,850 [INFO] Sending command to the server: 'time'
client 2023-07-13 06:45:37,852 [INFO] Got response: '1689227137.8289843'
client 2023-07-13 06:45:37,852 [INFO] The time difference between the client and the server is within range 21.568 ms..23.660 ms
client 2023-07-13 06:45:37,852 [INFO] Sending command to the server: 'session,2023-07-13_06-40-02,start,testing'
client 2023-07-13 06:45:50,914 [INFO] Got response: 'OK'
client 2023-07-13 06:45:50,914 [INFO] Sending command to the server: 'time'
client 2023-07-13 06:45:50,917 [INFO] Got response: '1689227150.8957894'
client 2023-07-13 06:45:50,917 [INFO] The time difference between the client and the server is within range 18.903 ms..21.429 ms
client 2023-07-13 06:45:50,917 [INFO] Running the workload 'CM_MLPERF_RUN_COUNT=$(cat ${CM_RUN_DIR}/count.txt); echo ${CM_MLPERF_RUN_COUNT}; CM_MLPERF_RUN_COUNT=$((CM_MLPERF_RUN_COUNT+1)); echo ${CM_MLPERF_RUN_COUNT} > ${CM_RUN_DIR}/count.txt && if [ ${CM_MLPERF_RUN_COUNT} -eq "1" ]; then export CM_MLPERF_USER_CONF=${CM_MLPERF_RANGING_USER_CONF}; else export CM_MLPERF_USER_CONF=${CM_MLPERF_TESTING_USER_CONF}; fi && /home/arjun/run.out'
client 2023-07-13 06:55:51,971 [INFO] Sending command to the server: 'time'
client 2023-07-13 06:55:51,973 [INFO] Got response: '1689227751.939511'
client 2023-07-13 06:55:51,973 [INFO] The time difference between the client and the server is within range 32.389 ms..34.128 ms
client 2023-07-13 06:55:51,973 [INFO] Sending command to the server: 'session,2023-07-13_06-40-02,stop,testing'
client 2023-07-13 06:56:03,000 [INFO] Got response: 'OK'
client 2023-07-13 06:56:03,000 [INFO] Sending command to the server: 'time'
client 2023-07-13 06:56:03,001 [INFO] Got response: '1689227762.971936'
client 2023-07-13 06:56:03,001 [INFO] The time difference between the client and the server is within range 28.543 ms..29.792 ms
client 2023-07-13 06:56:03,002 [INFO] Copying loadgen logs from '/home/arjun/mobilenet_results/valid_results/phoenix_Amd_Am5-tflite_cpp-cpu-tflite-vmaster-default_config/mobilenet-v2-precision_uint8-0.5-192/singlestream/performance/run_1' to '/home/arjun/mobilenet_results/valid_results/phoenix_Amd_Am5-tflite_cpp-cpu-tflite-vmaster-default_config/mobilenet-v2-precision_uint8-0.5-192/singlestream/performance/tmp_power/run_1'
client 2023-07-13 06:56:03,002 [INFO] Done runs
