client 2023-07-12 20:57:59,164 [INFO] Creating output directory '/home/arjun/mobilenet_results/valid_results/phoenix_Amd_Am5-tflite_cpp-cpu-tflite-vmaster-default_config/mobilenet-v1-precision_uint8-0.75-160/singlestream/performance/tmp_power'
client 2023-07-12 20:57:59,165 [INFO] Sending command to the server: 'mlcommons/power client v3'
client 2023-07-12 20:57:59,168 [INFO] Got response: 'mlcommons/power server v3'
client 2023-07-12 20:57:59,168 [INFO] Synchronizing with the server and with time.google.com...
client 2023-07-12 20:57:59,184 [INFO] NTP:offset = -0.001 s, delay = 0.015 s 
client 2023-07-12 20:57:59,185 [INFO] Sending command to the server: 'time'
client 2023-07-12 20:57:59,194 [INFO] Got response: '1689191879.1781578'
client 2023-07-12 20:57:59,194 [INFO] The time difference between the client and the server is within range 6.859 ms..16.486 ms
client 2023-07-12 20:57:59,194 [INFO] Sending command to the server: 'new,,a5d38094-18f4-4323-b9bc-4f08797825c5'
client 2023-07-12 20:57:59,198 [INFO] Got response: 'OK 2023-07-12_20-57-59,7968accb-dcdd-49a2-8614-515902fe93c9'
client 2023-07-12 20:57:59,198 [INFO] Session id is '2023-07-12_20-57-59'
client 2023-07-12 20:57:59,198 [INFO] Sources: {"sources": {"__init__.py": "da39a3ee5e6b4b0d3255bfef95601890afd80709", "client.py": "33ca4f26368777ac06e01f9567b714a4b8063886", "lib/__init__.py": "da39a3ee5e6b4b0d3255bfef95601890afd80709", "lib/client.py": "ac2aa093c8e8bbc9569b9e2a3471bc64e58a2258", "lib/common.py": "611d8b29633d331eb19c9455ea3b5fa3284ed6df", "lib/external/__init__.py": "da39a3ee5e6b4b0d3255bfef95601890afd80709", "lib/external/ntplib.py": "4da8f970656505a40483206ef2b5d3dd5e81711d", "lib/server.py": "c7af63c31bb2fbedea4345f571f6e3507d268ada", "lib/source_hashes.py": "60a2e02193209e8d392803326208d5466342da18", "lib/summary.py": "aa92f0a3f975eecd44d3c0cd0236342ccc9f941d", "lib/time_sync.py": "122eba67a9abc85635223e054def53be1367ade2", "server.py": "c3f90f2f7eeb4db30727556d0c815ebc89b3d28b", "tests/unit/__init__.py": "da39a3ee5e6b4b0d3255bfef95601890afd80709", "tests/unit/test_server.py": "948c1995d4008bc2aa6c4046a34ffa3858d6d671", "tests/unit/test_source_hashes.py": "00468a2907583c593e6574a1f6b404e4651c221a"}, "modules": {"ptd_client_server.lib.client": "lib/client.py", "ptd_client_server.lib.common": "lib/common.py", "ptd_client_server.lib.external.ntplib": "lib/external/ntplib.py", "ptd_client_server.lib.source_hashes": "lib/source_hashes.py", "ptd_client_server.lib.summary": "lib/summary.py", "ptd_client_server.lib.time_sync": "lib/time_sync.py"}}
client 2023-07-12 20:57:59,198 [INFO] Running workload in ranging mode
client 2023-07-12 20:57:59,198 [INFO] Synchronizing with the server and with time.google.com...
client 2023-07-12 20:57:59,212 [INFO] NTP:offset = -0.002 s, delay = 0.013 s 
client 2023-07-12 20:57:59,212 [INFO] Sending command to the server: 'time'
client 2023-07-12 20:57:59,215 [INFO] Got response: '1689191879.1981285'
client 2023-07-12 20:57:59,215 [INFO] The time difference between the client and the server is within range 14.858 ms..17.604 ms
client 2023-07-12 20:57:59,215 [INFO] Sending command to the server: 'session,2023-07-12_20-57-59,start,ranging'
client 2023-07-12 20:58:23,048 [INFO] Got response: 'OK'
client 2023-07-12 20:58:23,048 [INFO] Sending command to the server: 'time'
client 2023-07-12 20:58:23,051 [INFO] Got response: '1689191903.0294447'
client 2023-07-12 20:58:23,051 [INFO] The time difference between the client and the server is within range 19.238 ms..22.074 ms
client 2023-07-12 20:58:23,051 [INFO] Running the workload 'CM_MLPERF_RUN_COUNT=$(cat ${CM_RUN_DIR}/count.txt); echo ${CM_MLPERF_RUN_COUNT}; CM_MLPERF_RUN_COUNT=$((CM_MLPERF_RUN_COUNT+1)); echo ${CM_MLPERF_RUN_COUNT} > ${CM_RUN_DIR}/count.txt && if [ ${CM_MLPERF_RUN_COUNT} -eq "1" ]; then export CM_MLPERF_USER_CONF=${CM_MLPERF_RANGING_USER_CONF}; else export CM_MLPERF_USER_CONF=${CM_MLPERF_TESTING_USER_CONF}; fi && /home/arjun/run.out'
client 2023-07-12 21:03:23,607 [INFO] Sending command to the server: 'time'
client 2023-07-12 21:03:23,610 [INFO] Got response: '1689192203.588252'
client 2023-07-12 21:03:23,610 [INFO] The time difference between the client and the server is within range 19.403 ms..22.616 ms
client 2023-07-12 21:03:23,610 [INFO] Sending command to the server: 'session,2023-07-12_20-57-59,stop,ranging'
client 2023-07-12 21:03:34,130 [INFO] Got response: 'OK'
client 2023-07-12 21:03:34,130 [INFO] Sending command to the server: 'time'
client 2023-07-12 21:03:34,157 [INFO] Got response: '1689192214.1375983'
client 2023-07-12 21:03:34,157 [INFO] The time difference between the client and the server is within range -6.671 ms..19.569 ms
client 2023-07-12 21:03:34,159 [INFO] Copying loadgen logs from '/home/arjun/mobilenet_results/valid_results/phoenix_Amd_Am5-tflite_cpp-cpu-tflite-vmaster-default_config/mobilenet-v1-precision_uint8-0.75-160/singlestream/performance/run_1' to '/home/arjun/mobilenet_results/valid_results/phoenix_Amd_Am5-tflite_cpp-cpu-tflite-vmaster-default_config/mobilenet-v1-precision_uint8-0.75-160/singlestream/performance/tmp_power/ranging'
client 2023-07-12 21:03:34,160 [INFO] Running workload in testing mode
client 2023-07-12 21:03:34,160 [INFO] Synchronizing with the server and with time.google.com...
client 2023-07-12 21:03:34,178 [INFO] NTP:offset = -0.001 s, delay = 0.017 s 
client 2023-07-12 21:03:34,178 [INFO] Sending command to the server: 'time'
client 2023-07-12 21:03:34,180 [INFO] Got response: '1689192214.1574783'
client 2023-07-12 21:03:34,180 [INFO] The time difference between the client and the server is within range 20.675 ms..22.801 ms
client 2023-07-12 21:03:34,180 [INFO] Sending command to the server: 'session,2023-07-12_20-57-59,start,testing'
client 2023-07-12 21:03:47,230 [INFO] Got response: 'OK'
client 2023-07-12 21:03:47,230 [INFO] Sending command to the server: 'time'
client 2023-07-12 21:03:47,233 [INFO] Got response: '1689192227.2127643'
client 2023-07-12 21:03:47,233 [INFO] The time difference between the client and the server is within range 17.814 ms..20.561 ms
client 2023-07-12 21:03:47,233 [INFO] Running the workload 'CM_MLPERF_RUN_COUNT=$(cat ${CM_RUN_DIR}/count.txt); echo ${CM_MLPERF_RUN_COUNT}; CM_MLPERF_RUN_COUNT=$((CM_MLPERF_RUN_COUNT+1)); echo ${CM_MLPERF_RUN_COUNT} > ${CM_RUN_DIR}/count.txt && if [ ${CM_MLPERF_RUN_COUNT} -eq "1" ]; then export CM_MLPERF_USER_CONF=${CM_MLPERF_RANGING_USER_CONF}; else export CM_MLPERF_USER_CONF=${CM_MLPERF_TESTING_USER_CONF}; fi && /home/arjun/run.out'
client 2023-07-12 21:13:48,326 [INFO] Sending command to the server: 'time'
client 2023-07-12 21:13:48,347 [INFO] Got response: '1689192828.3178258'
client 2023-07-12 21:13:48,347 [INFO] The time difference between the client and the server is within range 8.269 ms..29.833 ms
client 2023-07-12 21:13:48,347 [INFO] Sending command to the server: 'session,2023-07-12_20-57-59,stop,testing'
client 2023-07-12 21:13:59,312 [INFO] Got response: 'OK'
client 2023-07-12 21:13:59,312 [INFO] Sending command to the server: 'time'
client 2023-07-12 21:13:59,313 [INFO] Got response: '1689192839.2864046'
client 2023-07-12 21:13:59,313 [INFO] The time difference between the client and the server is within range 26.253 ms..27.533 ms
client 2023-07-12 21:13:59,314 [INFO] Copying loadgen logs from '/home/arjun/mobilenet_results/valid_results/phoenix_Amd_Am5-tflite_cpp-cpu-tflite-vmaster-default_config/mobilenet-v1-precision_uint8-0.75-160/singlestream/performance/run_1' to '/home/arjun/mobilenet_results/valid_results/phoenix_Amd_Am5-tflite_cpp-cpu-tflite-vmaster-default_config/mobilenet-v1-precision_uint8-0.75-160/singlestream/performance/tmp_power/run_1'
client 2023-07-12 21:13:59,314 [INFO] Done runs
