client 2023-07-27 04:08:24,569 [INFO] Creating output directory '/home/cmuser/mobilenet_results/valid_results/bb3b3f2d4d2e-tflite_cpp-cpu-tflite-vmaster-default_config/mobilenet-v2-precision_uint8-0.35-224/singlestream/performance/tmp_power'
client 2023-07-27 04:08:24,571 [INFO] Sending command to the server: 'mlcommons/power client v3'
client 2023-07-27 04:08:24,575 [INFO] Got response: 'mlcommons/power server v3'
client 2023-07-27 04:08:24,575 [INFO] Synchronizing with the server and with time.google.com...
client 2023-07-27 04:08:24,637 [INFO] NTP:offset = -0.001 s, delay = 0.016 s 
client 2023-07-27 04:08:24,637 [INFO] Sending command to the server: 'time'
client 2023-07-27 04:08:24,640 [INFO] Got response: '1690456104.4539413'
client 2023-07-27 04:08:24,640 [INFO] The time difference between the client and the server is within range 183.724 ms..186.922 ms
client 2023-07-27 04:08:24,640 [INFO] Sending command to the server: 'new,,ea734f60-4f1c-4bef-bc1d-8ad05b967772'
client 2023-07-27 04:08:24,645 [INFO] Got response: 'OK 2023-07-27_12-08-24,d2a8000f-c511-4e40-b03f-5a1d800c500f'
client 2023-07-27 04:08:24,645 [INFO] Session id is '2023-07-27_12-08-24'
client 2023-07-27 04:08:24,645 [INFO] Sources: {"sources": {"__init__.py": "da39a3ee5e6b4b0d3255bfef95601890afd80709", "client.py": "33ca4f26368777ac06e01f9567b714a4b8063886", "lib/__init__.py": "da39a3ee5e6b4b0d3255bfef95601890afd80709", "lib/client.py": "ac2aa093c8e8bbc9569b9e2a3471bc64e58a2258", "lib/common.py": "611d8b29633d331eb19c9455ea3b5fa3284ed6df", "lib/external/__init__.py": "da39a3ee5e6b4b0d3255bfef95601890afd80709", "lib/external/ntplib.py": "4da8f970656505a40483206ef2b5d3dd5e81711d", "lib/server.py": "c7af63c31bb2fbedea4345f571f6e3507d268ada", "lib/source_hashes.py": "60a2e02193209e8d392803326208d5466342da18", "lib/summary.py": "aa92f0a3f975eecd44d3c0cd0236342ccc9f941d", "lib/time_sync.py": "122eba67a9abc85635223e054def53be1367ade2", "server.py": "c3f90f2f7eeb4db30727556d0c815ebc89b3d28b", "tests/unit/__init__.py": "da39a3ee5e6b4b0d3255bfef95601890afd80709", "tests/unit/test_server.py": "948c1995d4008bc2aa6c4046a34ffa3858d6d671", "tests/unit/test_source_hashes.py": "00468a2907583c593e6574a1f6b404e4651c221a"}, "modules": {"ptd_client_server.lib.client": "lib/client.py", "ptd_client_server.lib.common": "lib/common.py", "ptd_client_server.lib.external.ntplib": "lib/external/ntplib.py", "ptd_client_server.lib.source_hashes": "lib/source_hashes.py", "ptd_client_server.lib.summary": "lib/summary.py", "ptd_client_server.lib.time_sync": "lib/time_sync.py"}}
client 2023-07-27 04:08:24,645 [INFO] Running workload in ranging mode
client 2023-07-27 04:08:24,645 [INFO] Synchronizing with the server and with time.google.com...
client 2023-07-27 04:08:24,707 [INFO] NTP:offset = -0.001 s, delay = 0.018 s 
client 2023-07-27 04:08:24,707 [INFO] Sending command to the server: 'time'
client 2023-07-27 04:08:24,710 [INFO] Got response: '1690456104.5238993'
client 2023-07-27 04:08:24,710 [INFO] The time difference between the client and the server is within range 183.432 ms..186.771 ms
client 2023-07-27 04:08:24,710 [INFO] Sending command to the server: 'session,2023-07-27_12-08-24,start,ranging'
client 2023-07-27 04:08:48,582 [INFO] Got response: 'OK'
client 2023-07-27 04:08:48,583 [INFO] Sending command to the server: 'time'
client 2023-07-27 04:08:48,585 [INFO] Got response: '1690456128.3980613'
client 2023-07-27 04:08:48,585 [INFO] The time difference between the client and the server is within range 184.942 ms..187.351 ms
client 2023-07-27 04:08:48,585 [INFO] Running the workload 'CM_MLPERF_RUN_COUNT=$(cat ${CM_RUN_DIR}/count.txt); echo ${CM_MLPERF_RUN_COUNT}; CM_MLPERF_RUN_COUNT=$((CM_MLPERF_RUN_COUNT+1)); echo ${CM_MLPERF_RUN_COUNT} > ${CM_RUN_DIR}/count.txt && if [ ${CM_MLPERF_RUN_COUNT} -eq "1" ]; then export CM_MLPERF_USER_CONF=${CM_MLPERF_RANGING_USER_CONF}; else export CM_MLPERF_USER_CONF=${CM_MLPERF_TESTING_USER_CONF}; fi && /home/cmuser/run.out'
client 2023-07-27 04:13:49,175 [INFO] Sending command to the server: 'time'
client 2023-07-27 04:13:49,179 [INFO] Got response: '1690456428.990991'
client 2023-07-27 04:13:49,179 [INFO] The time difference between the client and the server is within range 184.740 ms..188.509 ms
client 2023-07-27 04:13:49,179 [INFO] Sending command to the server: 'session,2023-07-27_12-08-24,stop,ranging'
client 2023-07-27 04:13:59,950 [INFO] Got response: 'OK'
client 2023-07-27 04:13:59,950 [INFO] Sending command to the server: 'time'
client 2023-07-27 04:13:59,952 [INFO] Got response: '1690456439.7632444'
client 2023-07-27 04:13:59,952 [INFO] The time difference between the client and the server is within range 187.377 ms..189.552 ms
client 2023-07-27 04:13:59,956 [INFO] Copying loadgen logs from '/home/cmuser/mobilenet_results/valid_results/bb3b3f2d4d2e-tflite_cpp-cpu-tflite-vmaster-default_config/mobilenet-v2-precision_uint8-0.35-224/singlestream/performance/run_1' to '/home/cmuser/mobilenet_results/valid_results/bb3b3f2d4d2e-tflite_cpp-cpu-tflite-vmaster-default_config/mobilenet-v2-precision_uint8-0.35-224/singlestream/performance/tmp_power/ranging'
client 2023-07-27 04:13:59,956 [INFO] Running workload in testing mode
client 2023-07-27 04:13:59,956 [INFO] Synchronizing with the server and with time.google.com...
client 2023-07-27 04:14:00,027 [INFO] NTP:offset = -0.001 s, delay = 0.014 s 
client 2023-07-27 04:14:00,027 [INFO] Sending command to the server: 'time'
client 2023-07-27 04:14:00,030 [INFO] Got response: '1690456439.843251'
client 2023-07-27 04:14:00,030 [INFO] The time difference between the client and the server is within range 184.105 ms..187.701 ms
client 2023-07-27 04:14:00,030 [INFO] Sending command to the server: 'session,2023-07-27_12-08-24,start,testing'
client 2023-07-27 04:14:13,098 [INFO] Got response: 'OK'
client 2023-07-27 04:14:13,098 [INFO] Sending command to the server: 'time'
client 2023-07-27 04:14:13,102 [INFO] Got response: '1690456452.9116144'
client 2023-07-27 04:14:13,102 [INFO] The time difference between the client and the server is within range 187.336 ms..191.096 ms
client 2023-07-27 04:14:13,102 [INFO] Running the workload 'CM_MLPERF_RUN_COUNT=$(cat ${CM_RUN_DIR}/count.txt); echo ${CM_MLPERF_RUN_COUNT}; CM_MLPERF_RUN_COUNT=$((CM_MLPERF_RUN_COUNT+1)); echo ${CM_MLPERF_RUN_COUNT} > ${CM_RUN_DIR}/count.txt && if [ ${CM_MLPERF_RUN_COUNT} -eq "1" ]; then export CM_MLPERF_USER_CONF=${CM_MLPERF_RANGING_USER_CONF}; else export CM_MLPERF_USER_CONF=${CM_MLPERF_TESTING_USER_CONF}; fi && /home/cmuser/run.out'
client 2023-07-27 04:24:14,216 [INFO] Sending command to the server: 'time'
client 2023-07-27 04:24:14,219 [INFO] Got response: '1690457054.0242536'
client 2023-07-27 04:24:14,219 [INFO] The time difference between the client and the server is within range 191.815 ms..195.676 ms
client 2023-07-27 04:24:14,219 [INFO] Sending command to the server: 'session,2023-07-27_12-08-24,stop,testing'
client 2023-07-27 04:24:25,228 [INFO] Got response: 'OK'
client 2023-07-27 04:24:25,228 [INFO] Sending command to the server: 'time'
client 2023-07-27 04:24:25,230 [INFO] Got response: '1690457065.03117'
client 2023-07-27 04:24:25,230 [INFO] The time difference between the client and the server is within range 197.368 ms..199.248 ms
client 2023-07-27 04:24:25,231 [INFO] Copying loadgen logs from '/home/cmuser/mobilenet_results/valid_results/bb3b3f2d4d2e-tflite_cpp-cpu-tflite-vmaster-default_config/mobilenet-v2-precision_uint8-0.35-224/singlestream/performance/run_1' to '/home/cmuser/mobilenet_results/valid_results/bb3b3f2d4d2e-tflite_cpp-cpu-tflite-vmaster-default_config/mobilenet-v2-precision_uint8-0.35-224/singlestream/performance/tmp_power/run_1'
client 2023-07-27 04:24:25,231 [INFO] Done runs
