client 2023-07-24 19:16:09,966 [INFO] Creating output directory '/home/cmuser/results_dir/valid_results/28df27c48ad9-nvidia_original-gpu-tensorrt-vdefault-default_config/retinanet/multistream/performance/tmp_power'
client 2023-07-24 19:16:09,968 [INFO] Sending command to the server: 'mlcommons/power client v3'
client 2023-07-24 19:16:09,972 [INFO] Got response: 'mlcommons/power server v3'
client 2023-07-24 19:16:09,972 [INFO] Synchronizing with the server and with time.google.com...
client 2023-07-24 19:16:10,061 [INFO] NTP:offset = -0.002 s, delay = 0.019 s 
client 2023-07-24 19:16:10,061 [INFO] Sending command to the server: 'time'
client 2023-07-24 19:16:10,064 [INFO] Got response: '1690226169.9244797'
client 2023-07-24 19:16:10,064 [INFO] The time difference between the client and the server is within range 136.679 ms..139.949 ms
client 2023-07-24 19:16:10,064 [INFO] Sending command to the server: 'new,,4b0ba0df-c59a-4ec6-bcfa-46bcb383fd8c'
client 2023-07-24 19:16:10,069 [INFO] Got response: 'OK 2023-07-24_20-16-09,03e01c83-dd1e-4491-9b4e-40cc1f679918'
client 2023-07-24 19:16:10,069 [INFO] Session id is '2023-07-24_20-16-09'
client 2023-07-24 19:16:10,069 [INFO] Sources: {"sources": {"__init__.py": "da39a3ee5e6b4b0d3255bfef95601890afd80709", "client.py": "33ca4f26368777ac06e01f9567b714a4b8063886", "lib/__init__.py": "da39a3ee5e6b4b0d3255bfef95601890afd80709", "lib/client.py": "ac2aa093c8e8bbc9569b9e2a3471bc64e58a2258", "lib/common.py": "611d8b29633d331eb19c9455ea3b5fa3284ed6df", "lib/external/__init__.py": "da39a3ee5e6b4b0d3255bfef95601890afd80709", "lib/external/ntplib.py": "4da8f970656505a40483206ef2b5d3dd5e81711d", "lib/server.py": "c7af63c31bb2fbedea4345f571f6e3507d268ada", "lib/source_hashes.py": "60a2e02193209e8d392803326208d5466342da18", "lib/summary.py": "aa92f0a3f975eecd44d3c0cd0236342ccc9f941d", "lib/time_sync.py": "122eba67a9abc85635223e054def53be1367ade2", "server.py": "c3f90f2f7eeb4db30727556d0c815ebc89b3d28b", "tests/unit/__init__.py": "da39a3ee5e6b4b0d3255bfef95601890afd80709", "tests/unit/test_server.py": "948c1995d4008bc2aa6c4046a34ffa3858d6d671", "tests/unit/test_source_hashes.py": "00468a2907583c593e6574a1f6b404e4651c221a"}, "modules": {"ptd_client_server.lib.client": "lib/client.py", "ptd_client_server.lib.common": "lib/common.py", "ptd_client_server.lib.external.ntplib": "lib/external/ntplib.py", "ptd_client_server.lib.source_hashes": "lib/source_hashes.py", "ptd_client_server.lib.summary": "lib/summary.py", "ptd_client_server.lib.time_sync": "lib/time_sync.py"}}
client 2023-07-24 19:16:10,069 [INFO] Running workload in ranging mode
client 2023-07-24 19:16:10,069 [INFO] Synchronizing with the server and with time.google.com...
client 2023-07-24 19:16:10,143 [INFO] NTP:offset = -0.002 s, delay = 0.012 s 
client 2023-07-24 19:16:10,143 [INFO] Sending command to the server: 'time'
client 2023-07-24 19:16:10,145 [INFO] Got response: '1690226170.0051136'
client 2023-07-24 19:16:10,145 [INFO] The time difference between the client and the server is within range 138.021 ms..139.958 ms
client 2023-07-24 19:16:10,145 [INFO] Sending command to the server: 'session,2023-07-24_20-16-09,start,ranging'
client 2023-07-24 19:16:34,002 [INFO] Got response: 'OK'
client 2023-07-24 19:16:34,002 [INFO] Sending command to the server: 'time'
client 2023-07-24 19:16:34,006 [INFO] Got response: '1690226193.8616018'
client 2023-07-24 19:16:34,006 [INFO] The time difference between the client and the server is within range 141.165 ms..144.632 ms
client 2023-07-24 19:16:34,006 [INFO] Running the workload 'CM_MLPERF_RUN_COUNT=$(cat ${CM_RUN_DIR}/count.txt); echo ${CM_MLPERF_RUN_COUNT}; CM_MLPERF_RUN_COUNT=$((CM_MLPERF_RUN_COUNT+1)); echo ${CM_MLPERF_RUN_COUNT} > ${CM_RUN_DIR}/count.txt && if [ ${CM_MLPERF_RUN_COUNT} -eq "1" ]; then export CM_MLPERF_USER_CONF=${CM_MLPERF_RANGING_USER_CONF}; else export CM_MLPERF_USER_CONF=${CM_MLPERF_TESTING_USER_CONF}; fi && make run_harness RUN_ARGS=" --benchmarks=retinanet --scenarios=multistream --test_mode=PerformanceOnly --offline_expected_qps=620 --single_stream_expected_latency_ns=2000000 --multi_stream_expected_latency_ns=13000000 --user_conf_path=${CM_MLPERF_USER_CONF} --mlperf_conf_path=/home/cmuser/CM/repos/local/cache/669f6ef943704402/inference/mlperf.conf --gpu_batch_size=2 --no_audit_verify "'
client 2023-07-24 19:21:40,994 [INFO] Sending command to the server: 'time'
client 2023-07-24 19:21:41,000 [INFO] Got response: '1690226500.8574815'
client 2023-07-24 19:21:41,000 [INFO] The time difference between the client and the server is within range 136.979 ms..143.328 ms
client 2023-07-24 19:21:41,000 [INFO] Sending command to the server: 'session,2023-07-24_20-16-09,stop,ranging'
client 2023-07-24 19:21:51,227 [INFO] Got response: 'OK'
client 2023-07-24 19:21:51,227 [INFO] Sending command to the server: 'time'
client 2023-07-24 19:21:51,230 [INFO] Got response: '1690226511.085283'
client 2023-07-24 19:21:51,230 [INFO] The time difference between the client and the server is within range 142.040 ms..144.814 ms
client 2023-07-24 19:21:51,232 [INFO] Copying loadgen logs from '/home/cmuser/results_dir/valid_results/28df27c48ad9-nvidia_original-gpu-tensorrt-vdefault-default_config/retinanet/multistream/performance/run_1' to '/home/cmuser/results_dir/valid_results/28df27c48ad9-nvidia_original-gpu-tensorrt-vdefault-default_config/retinanet/multistream/performance/tmp_power/ranging'
client 2023-07-24 19:21:51,233 [INFO] Running workload in testing mode
client 2023-07-24 19:21:51,233 [INFO] Synchronizing with the server and with time.google.com...
client 2023-07-24 19:21:51,356 [INFO] NTP:offset = -0.003 s, delay = 0.016 s 
client 2023-07-24 19:21:51,356 [INFO] Sending command to the server: 'time'
client 2023-07-24 19:21:51,360 [INFO] Got response: '1690226511.2172577'
client 2023-07-24 19:21:51,360 [INFO] The time difference between the client and the server is within range 139.529 ms..143.151 ms
client 2023-07-24 19:21:51,360 [INFO] Sending command to the server: 'session,2023-07-24_20-16-09,start,testing'
client 2023-07-24 19:22:04,434 [INFO] Got response: 'OK'
client 2023-07-24 19:22:04,435 [INFO] Sending command to the server: 'time'
client 2023-07-24 19:22:04,436 [INFO] Got response: '1690226524.2915995'
client 2023-07-24 19:22:04,436 [INFO] The time difference between the client and the server is within range 143.461 ms..145.273 ms
client 2023-07-24 19:22:04,436 [INFO] Running the workload 'CM_MLPERF_RUN_COUNT=$(cat ${CM_RUN_DIR}/count.txt); echo ${CM_MLPERF_RUN_COUNT}; CM_MLPERF_RUN_COUNT=$((CM_MLPERF_RUN_COUNT+1)); echo ${CM_MLPERF_RUN_COUNT} > ${CM_RUN_DIR}/count.txt && if [ ${CM_MLPERF_RUN_COUNT} -eq "1" ]; then export CM_MLPERF_USER_CONF=${CM_MLPERF_RANGING_USER_CONF}; else export CM_MLPERF_USER_CONF=${CM_MLPERF_TESTING_USER_CONF}; fi && make run_harness RUN_ARGS=" --benchmarks=retinanet --scenarios=multistream --test_mode=PerformanceOnly --offline_expected_qps=620 --single_stream_expected_latency_ns=2000000 --multi_stream_expected_latency_ns=13000000 --user_conf_path=${CM_MLPERF_USER_CONF} --mlperf_conf_path=/home/cmuser/CM/repos/local/cache/669f6ef943704402/inference/mlperf.conf --gpu_batch_size=2 --no_audit_verify "'
client 2023-07-24 19:32:11,422 [INFO] Sending command to the server: 'time'
client 2023-07-24 19:32:11,426 [INFO] Got response: '1690227131.2710385'
client 2023-07-24 19:32:11,426 [INFO] The time difference between the client and the server is within range 151.397 ms..155.801 ms
client 2023-07-24 19:32:11,426 [INFO] Sending command to the server: 'session,2023-07-24_20-16-09,stop,testing'
client 2023-07-24 19:32:21,498 [INFO] Got response: 'OK'
client 2023-07-24 19:32:21,498 [INFO] Sending command to the server: 'time'
client 2023-07-24 19:32:21,515 [INFO] Got response: '1690227141.3443367'
client 2023-07-24 19:32:21,516 [INFO] The time difference between the client and the server is within range 154.583 ms..171.695 ms
client 2023-07-24 19:32:21,516 [INFO] Copying loadgen logs from '/home/cmuser/results_dir/valid_results/28df27c48ad9-nvidia_original-gpu-tensorrt-vdefault-default_config/retinanet/multistream/performance/run_1' to '/home/cmuser/results_dir/valid_results/28df27c48ad9-nvidia_original-gpu-tensorrt-vdefault-default_config/retinanet/multistream/performance/tmp_power/run_1'
client 2023-07-24 19:32:21,516 [INFO] Done runs
