client 2023-07-23 19:14:10,402 [INFO] Creating output directory '/home/cmuser/results_dir/valid_results/28df27c48ad9-nvidia_original-gpu-tensorrt-vdefault-default_config/3d-unet-99.9/offline/performance/tmp_power'
client 2023-07-23 19:14:10,404 [INFO] Sending command to the server: 'mlcommons/power client v3'
client 2023-07-23 19:14:10,407 [INFO] Got response: 'mlcommons/power server v3'
client 2023-07-23 19:14:10,407 [INFO] Synchronizing with the server and with time.google.com...
client 2023-07-23 19:14:10,519 [INFO] NTP:offset = -0.001 s, delay = 0.017 s 
client 2023-07-23 19:14:10,519 [INFO] Sending command to the server: 'time'
client 2023-07-23 19:14:10,521 [INFO] Got response: '1690139650.371126'
client 2023-07-23 19:14:10,521 [INFO] The time difference between the client and the server is within range 148.075 ms..150.450 ms
client 2023-07-23 19:14:10,521 [INFO] Sending command to the server: 'new,,9be45619-1194-4725-9759-4172eedd10db'
client 2023-07-23 19:14:10,524 [INFO] Got response: 'OK 2023-07-23_20-14-10,04f0accf-faac-4cdc-bfbf-a98a102eb1b7'
client 2023-07-23 19:14:10,524 [INFO] Session id is '2023-07-23_20-14-10'
client 2023-07-23 19:14:10,524 [INFO] Sources: {"sources": {"__init__.py": "da39a3ee5e6b4b0d3255bfef95601890afd80709", "client.py": "33ca4f26368777ac06e01f9567b714a4b8063886", "lib/__init__.py": "da39a3ee5e6b4b0d3255bfef95601890afd80709", "lib/client.py": "ac2aa093c8e8bbc9569b9e2a3471bc64e58a2258", "lib/common.py": "611d8b29633d331eb19c9455ea3b5fa3284ed6df", "lib/external/__init__.py": "da39a3ee5e6b4b0d3255bfef95601890afd80709", "lib/external/ntplib.py": "4da8f970656505a40483206ef2b5d3dd5e81711d", "lib/server.py": "c7af63c31bb2fbedea4345f571f6e3507d268ada", "lib/source_hashes.py": "60a2e02193209e8d392803326208d5466342da18", "lib/summary.py": "aa92f0a3f975eecd44d3c0cd0236342ccc9f941d", "lib/time_sync.py": "122eba67a9abc85635223e054def53be1367ade2", "server.py": "c3f90f2f7eeb4db30727556d0c815ebc89b3d28b", "tests/unit/__init__.py": "da39a3ee5e6b4b0d3255bfef95601890afd80709", "tests/unit/test_server.py": "948c1995d4008bc2aa6c4046a34ffa3858d6d671", "tests/unit/test_source_hashes.py": "00468a2907583c593e6574a1f6b404e4651c221a"}, "modules": {"ptd_client_server.lib.client": "lib/client.py", "ptd_client_server.lib.common": "lib/common.py", "ptd_client_server.lib.external.ntplib": "lib/external/ntplib.py", "ptd_client_server.lib.source_hashes": "lib/source_hashes.py", "ptd_client_server.lib.summary": "lib/summary.py", "ptd_client_server.lib.time_sync": "lib/time_sync.py"}}
client 2023-07-23 19:14:10,524 [INFO] Running workload in ranging mode
client 2023-07-23 19:14:10,524 [INFO] Synchronizing with the server and with time.google.com...
client 2023-07-23 19:14:10,594 [INFO] NTP:offset = -0.000 s, delay = 0.015 s 
client 2023-07-23 19:14:10,594 [INFO] Sending command to the server: 'time'
client 2023-07-23 19:14:10,596 [INFO] Got response: '1690139650.44654'
client 2023-07-23 19:14:10,597 [INFO] The time difference between the client and the server is within range 147.624 ms..150.494 ms
client 2023-07-23 19:14:10,597 [INFO] Sending command to the server: 'session,2023-07-23_20-14-10,start,ranging'
client 2023-07-23 19:14:34,479 [INFO] Got response: 'OK'
client 2023-07-23 19:14:34,479 [INFO] Sending command to the server: 'time'
client 2023-07-23 19:14:34,484 [INFO] Got response: '1690139674.3308444'
client 2023-07-23 19:14:34,485 [INFO] The time difference between the client and the server is within range 148.428 ms..154.171 ms
client 2023-07-23 19:14:34,485 [INFO] Running the workload 'CM_MLPERF_RUN_COUNT=$(cat ${CM_RUN_DIR}/count.txt); echo ${CM_MLPERF_RUN_COUNT}; CM_MLPERF_RUN_COUNT=$((CM_MLPERF_RUN_COUNT+1)); echo ${CM_MLPERF_RUN_COUNT} > ${CM_RUN_DIR}/count.txt && if [ ${CM_MLPERF_RUN_COUNT} -eq "1" ]; then export CM_MLPERF_USER_CONF=${CM_MLPERF_RANGING_USER_CONF}; else export CM_MLPERF_USER_CONF=${CM_MLPERF_TESTING_USER_CONF}; fi && make run_harness RUN_ARGS=" --benchmarks=3d-unet --scenarios=offline --test_mode=PerformanceOnly --offline_expected_qps=4 --config_ver=high_accuracy --user_conf_path=${CM_MLPERF_USER_CONF} --mlperf_conf_path=/home/cmuser/CM/repos/local/cache/669f6ef943704402/inference/mlperf.conf --gpu_batch_size=8 --no_audit_verify "'
client 2023-07-23 19:20:04,339 [INFO] Sending command to the server: 'time'
client 2023-07-23 19:20:04,342 [INFO] Got response: '1690140004.1810966'
client 2023-07-23 19:20:04,342 [INFO] The time difference between the client and the server is within range 158.069 ms..161.736 ms
client 2023-07-23 19:20:04,342 [INFO] Sending command to the server: 'session,2023-07-23_20-14-10,stop,ranging'
client 2023-07-23 19:20:14,584 [INFO] Got response: 'OK'
client 2023-07-23 19:20:14,584 [INFO] Sending command to the server: 'time'
client 2023-07-23 19:20:14,586 [INFO] Got response: '1690140014.4326096'
client 2023-07-23 19:20:14,586 [INFO] The time difference between the client and the server is within range 152.378 ms..154.168 ms
client 2023-07-23 19:20:14,589 [INFO] Copying loadgen logs from '/home/cmuser/results_dir/valid_results/28df27c48ad9-nvidia_original-gpu-tensorrt-vdefault-default_config/3d-unet-99.9/offline/performance/run_1' to '/home/cmuser/results_dir/valid_results/28df27c48ad9-nvidia_original-gpu-tensorrt-vdefault-default_config/3d-unet-99.9/offline/performance/tmp_power/ranging'
client 2023-07-23 19:20:14,590 [INFO] Running workload in testing mode
client 2023-07-23 19:20:14,590 [INFO] Synchronizing with the server and with time.google.com...
client 2023-07-23 19:20:19,619 [INFO] NTP:offset = -0.002 s, delay = 0.013 s 
client 2023-07-23 19:20:19,619 [INFO] Sending command to the server: 'time'
client 2023-07-23 19:20:19,623 [INFO] Got response: '1690140019.4647834'
client 2023-07-23 19:20:19,623 [INFO] The time difference between the client and the server is within range 154.990 ms..158.596 ms
client 2023-07-23 19:20:19,623 [INFO] Sending command to the server: 'session,2023-07-23_20-14-10,start,testing'
client 2023-07-23 19:20:32,697 [INFO] Got response: 'OK'
client 2023-07-23 19:20:32,697 [INFO] Sending command to the server: 'time'
client 2023-07-23 19:20:32,700 [INFO] Got response: '1690140032.5462432'
client 2023-07-23 19:20:32,700 [INFO] The time difference between the client and the server is within range 151.094 ms..154.323 ms
client 2023-07-23 19:20:32,700 [INFO] Running the workload 'CM_MLPERF_RUN_COUNT=$(cat ${CM_RUN_DIR}/count.txt); echo ${CM_MLPERF_RUN_COUNT}; CM_MLPERF_RUN_COUNT=$((CM_MLPERF_RUN_COUNT+1)); echo ${CM_MLPERF_RUN_COUNT} > ${CM_RUN_DIR}/count.txt && if [ ${CM_MLPERF_RUN_COUNT} -eq "1" ]; then export CM_MLPERF_USER_CONF=${CM_MLPERF_RANGING_USER_CONF}; else export CM_MLPERF_USER_CONF=${CM_MLPERF_TESTING_USER_CONF}; fi && make run_harness RUN_ARGS=" --benchmarks=3d-unet --scenarios=offline --test_mode=PerformanceOnly --offline_expected_qps=4 --config_ver=high_accuracy --user_conf_path=${CM_MLPERF_USER_CONF} --mlperf_conf_path=/home/cmuser/CM/repos/local/cache/669f6ef943704402/inference/mlperf.conf --gpu_batch_size=8 --no_audit_verify "'
client 2023-07-23 20:59:51,605 [INFO] Sending command to the server: 'time'
client 2023-07-23 20:59:51,609 [INFO] Got response: '1690145991.5922947'
client 2023-07-23 20:59:51,609 [INFO] The time difference between the client and the server is within range 13.417 ms..17.306 ms
client 2023-07-23 20:59:51,609 [INFO] Sending command to the server: 'session,2023-07-23_20-14-10,stop,testing'
client 2023-07-23 21:00:03,061 [INFO] Got response: 'OK'
client 2023-07-23 21:00:03,061 [INFO] Sending command to the server: 'time'
client 2023-07-23 21:00:03,072 [INFO] Got response: '1690146003.0556924'
client 2023-07-23 21:00:03,072 [INFO] The time difference between the client and the server is within range 5.558 ms..17.150 ms
client 2023-07-23 21:00:03,073 [INFO] Copying loadgen logs from '/home/cmuser/results_dir/valid_results/28df27c48ad9-nvidia_original-gpu-tensorrt-vdefault-default_config/3d-unet-99.9/offline/performance/run_1' to '/home/cmuser/results_dir/valid_results/28df27c48ad9-nvidia_original-gpu-tensorrt-vdefault-default_config/3d-unet-99.9/offline/performance/tmp_power/run_1'
client 2023-07-23 21:00:03,073 [INFO] Done runs
