client 2023-07-13 17:15:08,899 [INFO] Creating output directory '/home/arjun/mobilenet_results/valid_results/phoenix_Amd_Am5-tflite_cpp-cpu-tflite-vmaster-default_config/mobilenet-v1-precision_float-0.25-160/singlestream/performance/tmp_power'
client 2023-07-13 17:15:08,901 [INFO] Sending command to the server: 'mlcommons/power client v3'
client 2023-07-13 17:15:08,904 [INFO] Got response: 'mlcommons/power server v3'
client 2023-07-13 17:15:08,904 [INFO] Synchronizing with the server and with time.google.com...
client 2023-07-13 17:15:08,920 [INFO] NTP:offset = -0.001 s, delay = 0.014 s 
client 2023-07-13 17:15:08,920 [INFO] Sending command to the server: 'time'
client 2023-07-13 17:15:08,927 [INFO] Got response: '1689264908.8117282'
client 2023-07-13 17:15:08,928 [INFO] The time difference between the client and the server is within range 108.544 ms..116.336 ms
client 2023-07-13 17:15:08,928 [INFO] Sending command to the server: 'new,,27ab9d40-f2d5-4b25-92c2-ec62f0e8b7af'
client 2023-07-13 17:15:08,932 [INFO] Got response: 'OK 2023-07-13_17-15-08,6d3b8dc8-0203-4420-a381-9f8c76832fd9'
client 2023-07-13 17:15:08,932 [INFO] Session id is '2023-07-13_17-15-08'
client 2023-07-13 17:15:08,932 [INFO] Sources: {"sources": {"__init__.py": "da39a3ee5e6b4b0d3255bfef95601890afd80709", "client.py": "33ca4f26368777ac06e01f9567b714a4b8063886", "lib/__init__.py": "da39a3ee5e6b4b0d3255bfef95601890afd80709", "lib/client.py": "ac2aa093c8e8bbc9569b9e2a3471bc64e58a2258", "lib/common.py": "611d8b29633d331eb19c9455ea3b5fa3284ed6df", "lib/external/__init__.py": "da39a3ee5e6b4b0d3255bfef95601890afd80709", "lib/external/ntplib.py": "4da8f970656505a40483206ef2b5d3dd5e81711d", "lib/server.py": "c7af63c31bb2fbedea4345f571f6e3507d268ada", "lib/source_hashes.py": "60a2e02193209e8d392803326208d5466342da18", "lib/summary.py": "aa92f0a3f975eecd44d3c0cd0236342ccc9f941d", "lib/time_sync.py": "122eba67a9abc85635223e054def53be1367ade2", "server.py": "c3f90f2f7eeb4db30727556d0c815ebc89b3d28b", "tests/unit/__init__.py": "da39a3ee5e6b4b0d3255bfef95601890afd80709", "tests/unit/test_server.py": "948c1995d4008bc2aa6c4046a34ffa3858d6d671", "tests/unit/test_source_hashes.py": "00468a2907583c593e6574a1f6b404e4651c221a"}, "modules": {"ptd_client_server.lib.client": "lib/client.py", "ptd_client_server.lib.common": "lib/common.py", "ptd_client_server.lib.external.ntplib": "lib/external/ntplib.py", "ptd_client_server.lib.source_hashes": "lib/source_hashes.py", "ptd_client_server.lib.summary": "lib/summary.py", "ptd_client_server.lib.time_sync": "lib/time_sync.py"}}
client 2023-07-13 17:15:08,932 [INFO] Running workload in ranging mode
client 2023-07-13 17:15:08,932 [INFO] Synchronizing with the server and with time.google.com...
client 2023-07-13 17:15:08,949 [INFO] NTP:offset = -0.000 s, delay = 0.016 s 
client 2023-07-13 17:15:08,949 [INFO] Sending command to the server: 'time'
client 2023-07-13 17:15:08,954 [INFO] Got response: '1689264908.8320189'
client 2023-07-13 17:15:08,954 [INFO] The time difference between the client and the server is within range 117.094 ms..122.870 ms
client 2023-07-13 17:15:08,954 [INFO] Sending command to the server: 'session,2023-07-13_17-15-08,start,ranging'
client 2023-07-13 17:15:32,811 [INFO] Got response: 'OK'
client 2023-07-13 17:15:32,811 [INFO] Sending command to the server: 'time'
client 2023-07-13 17:15:32,815 [INFO] Got response: '1689264932.6918552'
client 2023-07-13 17:15:32,815 [INFO] The time difference between the client and the server is within range 120.001 ms..123.586 ms
client 2023-07-13 17:15:32,815 [INFO] Running the workload 'CM_MLPERF_RUN_COUNT=$(cat ${CM_RUN_DIR}/count.txt); echo ${CM_MLPERF_RUN_COUNT}; CM_MLPERF_RUN_COUNT=$((CM_MLPERF_RUN_COUNT+1)); echo ${CM_MLPERF_RUN_COUNT} > ${CM_RUN_DIR}/count.txt && if [ ${CM_MLPERF_RUN_COUNT} -eq "1" ]; then export CM_MLPERF_USER_CONF=${CM_MLPERF_RANGING_USER_CONF}; else export CM_MLPERF_USER_CONF=${CM_MLPERF_TESTING_USER_CONF}; fi && /home/arjun/run.out'
client 2023-07-13 17:20:33,469 [INFO] Sending command to the server: 'time'
client 2023-07-13 17:20:33,473 [INFO] Got response: '1689265233.354976'
client 2023-07-13 17:20:33,473 [INFO] The time difference between the client and the server is within range 114.780 ms..118.411 ms
client 2023-07-13 17:20:33,473 [INFO] Sending command to the server: 'session,2023-07-13_17-15-08,stop,ranging'
client 2023-07-13 17:20:43,967 [INFO] Got response: 'OK'
client 2023-07-13 17:20:43,968 [INFO] Sending command to the server: 'time'
client 2023-07-13 17:20:43,970 [INFO] Got response: '1689265243.8509407'
client 2023-07-13 17:20:43,970 [INFO] The time difference between the client and the server is within range 117.092 ms..119.327 ms
client 2023-07-13 17:20:43,972 [INFO] Copying loadgen logs from '/home/arjun/mobilenet_results/valid_results/phoenix_Amd_Am5-tflite_cpp-cpu-tflite-vmaster-default_config/mobilenet-v1-precision_float-0.25-160/singlestream/performance/run_1' to '/home/arjun/mobilenet_results/valid_results/phoenix_Amd_Am5-tflite_cpp-cpu-tflite-vmaster-default_config/mobilenet-v1-precision_float-0.25-160/singlestream/performance/tmp_power/ranging'
client 2023-07-13 17:20:43,972 [INFO] Running workload in testing mode
client 2023-07-13 17:20:43,972 [INFO] Synchronizing with the server and with time.google.com...
client 2023-07-13 17:20:43,988 [INFO] NTP:offset = 0.000 s, delay = 0.016 s 
client 2023-07-13 17:20:43,988 [INFO] Sending command to the server: 'time'
client 2023-07-13 17:20:43,991 [INFO] Got response: '1689265243.8713386'
client 2023-07-13 17:20:43,991 [INFO] The time difference between the client and the server is within range 117.413 ms..120.498 ms
client 2023-07-13 17:20:43,991 [INFO] Sending command to the server: 'session,2023-07-13_17-15-08,start,testing'
client 2023-07-13 17:20:57,052 [INFO] Got response: 'OK'
client 2023-07-13 17:20:57,052 [INFO] Sending command to the server: 'time'
client 2023-07-13 17:20:57,054 [INFO] Got response: '1689265256.9339807'
client 2023-07-13 17:20:57,054 [INFO] The time difference between the client and the server is within range 118.165 ms..120.974 ms
client 2023-07-13 17:20:57,054 [INFO] Running the workload 'CM_MLPERF_RUN_COUNT=$(cat ${CM_RUN_DIR}/count.txt); echo ${CM_MLPERF_RUN_COUNT}; CM_MLPERF_RUN_COUNT=$((CM_MLPERF_RUN_COUNT+1)); echo ${CM_MLPERF_RUN_COUNT} > ${CM_RUN_DIR}/count.txt && if [ ${CM_MLPERF_RUN_COUNT} -eq "1" ]; then export CM_MLPERF_USER_CONF=${CM_MLPERF_RANGING_USER_CONF}; else export CM_MLPERF_USER_CONF=${CM_MLPERF_TESTING_USER_CONF}; fi && /home/arjun/run.out'
client 2023-07-13 17:30:58,399 [INFO] Sending command to the server: 'time'
client 2023-07-13 17:30:58,402 [INFO] Got response: '1689265858.287145'
client 2023-07-13 17:30:58,402 [INFO] The time difference between the client and the server is within range 112.710 ms..115.702 ms
client 2023-07-13 17:30:58,402 [INFO] Sending command to the server: 'session,2023-07-13_17-15-08,stop,testing'
client 2023-07-13 17:31:09,107 [INFO] Got response: 'OK'
client 2023-07-13 17:31:09,107 [INFO] Sending command to the server: 'time'
client 2023-07-13 17:31:09,120 [INFO] Got response: '1689265869.0073867'
client 2023-07-13 17:31:09,120 [INFO] The time difference between the client and the server is within range 99.711 ms..112.747 ms
client 2023-07-13 17:31:09,120 [INFO] Copying loadgen logs from '/home/arjun/mobilenet_results/valid_results/phoenix_Amd_Am5-tflite_cpp-cpu-tflite-vmaster-default_config/mobilenet-v1-precision_float-0.25-160/singlestream/performance/run_1' to '/home/arjun/mobilenet_results/valid_results/phoenix_Amd_Am5-tflite_cpp-cpu-tflite-vmaster-default_config/mobilenet-v1-precision_float-0.25-160/singlestream/performance/tmp_power/run_1'
client 2023-07-13 17:31:09,120 [INFO] Done runs
