client 2023-07-14 17:20:35,243 [INFO] Creating output directory '/home/arjun/results_dir/valid_results/phoenix_Amd_Am5-reference-cpu-tf-v2.12.0-default_config/resnet50/singlestream/performance/tmp_power'
client 2023-07-14 17:20:35,245 [INFO] Sending command to the server: 'mlcommons/power client v3'
client 2023-07-14 17:20:35,247 [INFO] Got response: 'mlcommons/power server v3'
client 2023-07-14 17:20:35,247 [INFO] Synchronizing with the server and with time.google.com...
client 2023-07-14 17:20:35,260 [INFO] NTP:offset = -0.000 s, delay = 0.011 s 
client 2023-07-14 17:20:35,260 [INFO] Sending command to the server: 'time'
client 2023-07-14 17:20:35,263 [INFO] Got response: '1689351635.1151638'
client 2023-07-14 17:20:35,263 [INFO] The time difference between the client and the server is within range 145.581 ms..148.659 ms
client 2023-07-14 17:20:35,263 [INFO] Sending command to the server: 'new,,d1d74e4d-a936-4eb3-9aae-85d2ca143f60'
client 2023-07-14 17:20:35,272 [INFO] Got response: 'OK 2023-07-14_17-20-35,2ec8d594-426a-4d68-8545-be50d9e19f30'
client 2023-07-14 17:20:35,272 [INFO] Session id is '2023-07-14_17-20-35'
client 2023-07-14 17:20:35,272 [INFO] Sources: {"sources": {"__init__.py": "da39a3ee5e6b4b0d3255bfef95601890afd80709", "client.py": "33ca4f26368777ac06e01f9567b714a4b8063886", "lib/__init__.py": "da39a3ee5e6b4b0d3255bfef95601890afd80709", "lib/client.py": "ac2aa093c8e8bbc9569b9e2a3471bc64e58a2258", "lib/common.py": "611d8b29633d331eb19c9455ea3b5fa3284ed6df", "lib/external/__init__.py": "da39a3ee5e6b4b0d3255bfef95601890afd80709", "lib/external/ntplib.py": "4da8f970656505a40483206ef2b5d3dd5e81711d", "lib/server.py": "c7af63c31bb2fbedea4345f571f6e3507d268ada", "lib/source_hashes.py": "60a2e02193209e8d392803326208d5466342da18", "lib/summary.py": "aa92f0a3f975eecd44d3c0cd0236342ccc9f941d", "lib/time_sync.py": "122eba67a9abc85635223e054def53be1367ade2", "server.py": "c3f90f2f7eeb4db30727556d0c815ebc89b3d28b", "tests/unit/__init__.py": "da39a3ee5e6b4b0d3255bfef95601890afd80709", "tests/unit/test_server.py": "948c1995d4008bc2aa6c4046a34ffa3858d6d671", "tests/unit/test_source_hashes.py": "00468a2907583c593e6574a1f6b404e4651c221a"}, "modules": {"ptd_client_server.lib.client": "lib/client.py", "ptd_client_server.lib.common": "lib/common.py", "ptd_client_server.lib.external.ntplib": "lib/external/ntplib.py", "ptd_client_server.lib.source_hashes": "lib/source_hashes.py", "ptd_client_server.lib.summary": "lib/summary.py", "ptd_client_server.lib.time_sync": "lib/time_sync.py"}}
client 2023-07-14 17:20:35,272 [INFO] Running workload in ranging mode
client 2023-07-14 17:20:35,273 [INFO] Synchronizing with the server and with time.google.com...
client 2023-07-14 17:20:35,289 [INFO] NTP:offset = -0.001 s, delay = 0.016 s 
client 2023-07-14 17:20:35,289 [INFO] Sending command to the server: 'time'
client 2023-07-14 17:20:35,291 [INFO] Got response: '1689351635.1453967'
client 2023-07-14 17:20:35,291 [INFO] The time difference between the client and the server is within range 144.441 ms..146.413 ms
client 2023-07-14 17:20:35,291 [INFO] Sending command to the server: 'session,2023-07-14_17-20-35,start,ranging'
client 2023-07-14 17:20:59,139 [INFO] Got response: 'OK'
client 2023-07-14 17:20:59,139 [INFO] Sending command to the server: 'time'
client 2023-07-14 17:20:59,141 [INFO] Got response: '1689351658.9948483'
client 2023-07-14 17:20:59,142 [INFO] The time difference between the client and the server is within range 144.517 ms..147.215 ms
client 2023-07-14 17:20:59,142 [INFO] Running the workload 'CM_MLPERF_RUN_COUNT=$(cat ${CM_RUN_DIR}/count.txt); echo ${CM_MLPERF_RUN_COUNT}; CM_MLPERF_RUN_COUNT=$((CM_MLPERF_RUN_COUNT+1)); echo ${CM_MLPERF_RUN_COUNT} > ${CM_RUN_DIR}/count.txt && if [ ${CM_MLPERF_RUN_COUNT} -eq "1" ]; then export CM_MLPERF_USER_CONF=${CM_MLPERF_RANGING_USER_CONF}; else export CM_MLPERF_USER_CONF=${CM_MLPERF_TESTING_USER_CONF}; fi && cd "/home/arjun/CM/repos/local/cache/c042bda7a3d1463a/inference/vision/classification_and_detection" && OUTPUT_DIR="/home/arjun/results_dir/valid_results/phoenix_Amd_Am5-reference-cpu-tf-v2.12.0-default_config/resnet50/singlestream/performance/run_1" ./run_local.sh tf resnet50 cpu --scenario SingleStream --mlperf_conf "/home/arjun/CM/repos/local/cache/c042bda7a3d1463a/inference/mlperf.conf" --threads 32 --user_conf "${CM_MLPERF_USER_CONF}" --use_preprocessed_dataset --cache_dir /home/arjun/CM/repos/local/cache/53e23c1f408c4897 --dataset-list /home/arjun/CM/repos/local/cache/534a68d2aebf47ba/data/val.txt'
client 2023-07-14 17:26:26,895 [INFO] Sending command to the server: 'time'
client 2023-07-14 17:26:26,897 [INFO] Got response: '1689351986.7499106'
client 2023-07-14 17:26:26,897 [INFO] The time difference between the client and the server is within range 145.597 ms..147.946 ms
client 2023-07-14 17:26:26,897 [INFO] Sending command to the server: 'session,2023-07-14_17-20-35,stop,ranging'
client 2023-07-14 17:26:37,287 [INFO] Got response: 'OK'
client 2023-07-14 17:26:37,287 [INFO] Sending command to the server: 'time'
client 2023-07-14 17:26:37,288 [INFO] Got response: '1689351997.1428206'
client 2023-07-14 17:26:37,288 [INFO] The time difference between the client and the server is within range 144.321 ms..145.970 ms
client 2023-07-14 17:26:37,290 [INFO] Copying loadgen logs from '/home/arjun/results_dir/valid_results/phoenix_Amd_Am5-reference-cpu-tf-v2.12.0-default_config/resnet50/singlestream/performance/run_1' to '/home/arjun/results_dir/valid_results/phoenix_Amd_Am5-reference-cpu-tf-v2.12.0-default_config/resnet50/singlestream/performance/tmp_power/ranging'
client 2023-07-14 17:26:37,290 [INFO] Running workload in testing mode
client 2023-07-14 17:26:37,290 [INFO] Synchronizing with the server and with time.google.com...
client 2023-07-14 17:26:37,305 [INFO] NTP:offset = 0.001 s, delay = 0.014 s 
client 2023-07-14 17:26:37,305 [INFO] Sending command to the server: 'time'
client 2023-07-14 17:26:37,308 [INFO] Got response: '1689351997.1635263'
client 2023-07-14 17:26:37,308 [INFO] The time difference between the client and the server is within range 141.931 ms..144.707 ms
client 2023-07-14 17:26:37,308 [INFO] Sending command to the server: 'session,2023-07-14_17-20-35,start,testing'
client 2023-07-14 17:26:50,375 [INFO] Got response: 'OK'
client 2023-07-14 17:26:50,375 [INFO] Sending command to the server: 'time'
client 2023-07-14 17:26:50,377 [INFO] Got response: '1689352010.2288694'
client 2023-07-14 17:26:50,377 [INFO] The time difference between the client and the server is within range 146.707 ms..148.415 ms
client 2023-07-14 17:26:50,377 [INFO] Running the workload 'CM_MLPERF_RUN_COUNT=$(cat ${CM_RUN_DIR}/count.txt); echo ${CM_MLPERF_RUN_COUNT}; CM_MLPERF_RUN_COUNT=$((CM_MLPERF_RUN_COUNT+1)); echo ${CM_MLPERF_RUN_COUNT} > ${CM_RUN_DIR}/count.txt && if [ ${CM_MLPERF_RUN_COUNT} -eq "1" ]; then export CM_MLPERF_USER_CONF=${CM_MLPERF_RANGING_USER_CONF}; else export CM_MLPERF_USER_CONF=${CM_MLPERF_TESTING_USER_CONF}; fi && cd "/home/arjun/CM/repos/local/cache/c042bda7a3d1463a/inference/vision/classification_and_detection" && OUTPUT_DIR="/home/arjun/results_dir/valid_results/phoenix_Amd_Am5-reference-cpu-tf-v2.12.0-default_config/resnet50/singlestream/performance/run_1" ./run_local.sh tf resnet50 cpu --scenario SingleStream --mlperf_conf "/home/arjun/CM/repos/local/cache/c042bda7a3d1463a/inference/mlperf.conf" --threads 32 --user_conf "${CM_MLPERF_USER_CONF}" --use_preprocessed_dataset --cache_dir /home/arjun/CM/repos/local/cache/53e23c1f408c4897 --dataset-list /home/arjun/CM/repos/local/cache/534a68d2aebf47ba/data/val.txt'
client 2023-07-14 17:37:19,791 [INFO] Sending command to the server: 'time'
client 2023-07-14 17:37:19,794 [INFO] Got response: '1689352639.643828'
client 2023-07-14 17:37:19,794 [INFO] The time difference between the client and the server is within range 147.320 ms..150.924 ms
client 2023-07-14 17:37:19,794 [INFO] Sending command to the server: 'session,2023-07-14_17-20-35,stop,testing'
client 2023-07-14 17:37:30,455 [INFO] Got response: 'OK'
client 2023-07-14 17:37:30,455 [INFO] Sending command to the server: 'time'
client 2023-07-14 17:37:30,456 [INFO] Got response: '1689352650.3109653'
client 2023-07-14 17:37:30,456 [INFO] The time difference between the client and the server is within range 144.162 ms..145.621 ms
client 2023-07-14 17:37:30,456 [INFO] Copying loadgen logs from '/home/arjun/results_dir/valid_results/phoenix_Amd_Am5-reference-cpu-tf-v2.12.0-default_config/resnet50/singlestream/performance/run_1' to '/home/arjun/results_dir/valid_results/phoenix_Amd_Am5-reference-cpu-tf-v2.12.0-default_config/resnet50/singlestream/performance/tmp_power/run_1'
client 2023-07-14 17:37:30,457 [INFO] Done runs
