client 2023-07-27 03:35:42,920 [INFO] Creating output directory '/home/cmuser/mobilenet_results/valid_results/bb3b3f2d4d2e-tflite_cpp-cpu-tflite-vmaster-default_config/mobilenet-v2-precision_uint8-0.5-192/singlestream/performance/tmp_power'
client 2023-07-27 03:35:42,924 [INFO] Sending command to the server: 'mlcommons/power client v3'
client 2023-07-27 03:35:42,927 [INFO] Got response: 'mlcommons/power server v3'
client 2023-07-27 03:35:42,927 [INFO] Synchronizing with the server and with time.google.com...
client 2023-07-27 03:35:48,010 [INFO] NTP:offset = 0.001 s, delay = 0.017 s 
client 2023-07-27 03:35:48,010 [INFO] Sending command to the server: 'time'
client 2023-07-27 03:35:48,013 [INFO] Got response: '1690454147.843167'
client 2023-07-27 03:35:48,013 [INFO] The time difference between the client and the server is within range 167.006 ms..170.469 ms
client 2023-07-27 03:35:48,013 [INFO] Sending command to the server: 'new,,a1043f36-be09-4f97-a1ba-501acdd00366'
client 2023-07-27 03:35:48,016 [INFO] Got response: 'OK 2023-07-27_11-35-47,7dd937c4-edf2-40bf-b1f0-e5fbabe7b169'
client 2023-07-27 03:35:48,016 [INFO] Session id is '2023-07-27_11-35-47'
client 2023-07-27 03:35:48,016 [INFO] Sources: {"sources": {"__init__.py": "da39a3ee5e6b4b0d3255bfef95601890afd80709", "client.py": "33ca4f26368777ac06e01f9567b714a4b8063886", "lib/__init__.py": "da39a3ee5e6b4b0d3255bfef95601890afd80709", "lib/client.py": "ac2aa093c8e8bbc9569b9e2a3471bc64e58a2258", "lib/common.py": "611d8b29633d331eb19c9455ea3b5fa3284ed6df", "lib/external/__init__.py": "da39a3ee5e6b4b0d3255bfef95601890afd80709", "lib/external/ntplib.py": "4da8f970656505a40483206ef2b5d3dd5e81711d", "lib/server.py": "c7af63c31bb2fbedea4345f571f6e3507d268ada", "lib/source_hashes.py": "60a2e02193209e8d392803326208d5466342da18", "lib/summary.py": "aa92f0a3f975eecd44d3c0cd0236342ccc9f941d", "lib/time_sync.py": "122eba67a9abc85635223e054def53be1367ade2", "server.py": "c3f90f2f7eeb4db30727556d0c815ebc89b3d28b", "tests/unit/__init__.py": "da39a3ee5e6b4b0d3255bfef95601890afd80709", "tests/unit/test_server.py": "948c1995d4008bc2aa6c4046a34ffa3858d6d671", "tests/unit/test_source_hashes.py": "00468a2907583c593e6574a1f6b404e4651c221a"}, "modules": {"ptd_client_server.lib.client": "lib/client.py", "ptd_client_server.lib.common": "lib/common.py", "ptd_client_server.lib.external.ntplib": "lib/external/ntplib.py", "ptd_client_server.lib.source_hashes": "lib/source_hashes.py", "ptd_client_server.lib.summary": "lib/summary.py", "ptd_client_server.lib.time_sync": "lib/time_sync.py"}}
client 2023-07-27 03:35:48,016 [INFO] Running workload in ranging mode
client 2023-07-27 03:35:48,016 [INFO] Synchronizing with the server and with time.google.com...
client 2023-07-27 03:35:48,096 [INFO] NTP:offset = 0.001 s, delay = 0.012 s 
client 2023-07-27 03:35:48,096 [INFO] Sending command to the server: 'time'
client 2023-07-27 03:35:48,100 [INFO] Got response: '1690454147.9339824'
client 2023-07-27 03:35:48,100 [INFO] The time difference between the client and the server is within range 162.766 ms..166.273 ms
client 2023-07-27 03:35:48,100 [INFO] Sending command to the server: 'session,2023-07-27_11-35-47,start,ranging'
client 2023-07-27 03:36:12,082 [INFO] Got response: 'OK'
client 2023-07-27 03:36:12,082 [INFO] Sending command to the server: 'time'
client 2023-07-27 03:36:12,086 [INFO] Got response: '1690454171.9142003'
client 2023-07-27 03:36:12,086 [INFO] The time difference between the client and the server is within range 168.626 ms..172.468 ms
client 2023-07-27 03:36:12,086 [INFO] Running the workload 'CM_MLPERF_RUN_COUNT=$(cat ${CM_RUN_DIR}/count.txt); echo ${CM_MLPERF_RUN_COUNT}; CM_MLPERF_RUN_COUNT=$((CM_MLPERF_RUN_COUNT+1)); echo ${CM_MLPERF_RUN_COUNT} > ${CM_RUN_DIR}/count.txt && if [ ${CM_MLPERF_RUN_COUNT} -eq "1" ]; then export CM_MLPERF_USER_CONF=${CM_MLPERF_RANGING_USER_CONF}; else export CM_MLPERF_USER_CONF=${CM_MLPERF_TESTING_USER_CONF}; fi && /home/cmuser/run.out'
client 2023-07-27 03:41:12,658 [INFO] Sending command to the server: 'time'
client 2023-07-27 03:41:12,662 [INFO] Got response: '1690454472.4861546'
client 2023-07-27 03:41:12,662 [INFO] The time difference between the client and the server is within range 172.315 ms..176.451 ms
client 2023-07-27 03:41:12,662 [INFO] Sending command to the server: 'session,2023-07-27_11-35-47,stop,ranging'
client 2023-07-27 03:41:23,352 [INFO] Got response: 'OK'
client 2023-07-27 03:41:23,352 [INFO] Sending command to the server: 'time'
client 2023-07-27 03:41:23,357 [INFO] Got response: '1690454483.179067'
client 2023-07-27 03:41:23,357 [INFO] The time difference between the client and the server is within range 173.552 ms..178.639 ms
client 2023-07-27 03:41:23,361 [INFO] Copying loadgen logs from '/home/cmuser/mobilenet_results/valid_results/bb3b3f2d4d2e-tflite_cpp-cpu-tflite-vmaster-default_config/mobilenet-v2-precision_uint8-0.5-192/singlestream/performance/run_1' to '/home/cmuser/mobilenet_results/valid_results/bb3b3f2d4d2e-tflite_cpp-cpu-tflite-vmaster-default_config/mobilenet-v2-precision_uint8-0.5-192/singlestream/performance/tmp_power/ranging'
client 2023-07-27 03:41:23,361 [INFO] Running workload in testing mode
client 2023-07-27 03:41:23,361 [INFO] Synchronizing with the server and with time.google.com...
client 2023-07-27 03:41:23,456 [INFO] NTP:offset = 0.001 s, delay = 0.017 s 
client 2023-07-27 03:41:23,456 [INFO] Sending command to the server: 'time'
client 2023-07-27 03:41:23,460 [INFO] Got response: '1690454483.2900033'
client 2023-07-27 03:41:23,460 [INFO] The time difference between the client and the server is within range 166.193 ms..170.542 ms
client 2023-07-27 03:41:23,460 [INFO] Sending command to the server: 'session,2023-07-27_11-35-47,start,testing'
client 2023-07-27 03:41:36,519 [INFO] Got response: 'OK'
client 2023-07-27 03:41:36,519 [INFO] Sending command to the server: 'time'
client 2023-07-27 03:41:36,523 [INFO] Got response: '1690454496.3445327'
client 2023-07-27 03:41:36,523 [INFO] The time difference between the client and the server is within range 175.436 ms..178.716 ms
client 2023-07-27 03:41:36,523 [INFO] Running the workload 'CM_MLPERF_RUN_COUNT=$(cat ${CM_RUN_DIR}/count.txt); echo ${CM_MLPERF_RUN_COUNT}; CM_MLPERF_RUN_COUNT=$((CM_MLPERF_RUN_COUNT+1)); echo ${CM_MLPERF_RUN_COUNT} > ${CM_RUN_DIR}/count.txt && if [ ${CM_MLPERF_RUN_COUNT} -eq "1" ]; then export CM_MLPERF_USER_CONF=${CM_MLPERF_RANGING_USER_CONF}; else export CM_MLPERF_USER_CONF=${CM_MLPERF_TESTING_USER_CONF}; fi && /home/cmuser/run.out'
client 2023-07-27 03:51:37,623 [INFO] Sending command to the server: 'time'
client 2023-07-27 03:51:37,663 [INFO] Got response: '1690455097.4837754'
client 2023-07-27 03:51:37,663 [INFO] The time difference between the client and the server is within range 139.354 ms..179.837 ms
client 2023-07-27 03:51:37,663 [INFO] Sending command to the server: 'session,2023-07-27_11-35-47,stop,testing'
client 2023-07-27 03:51:48,592 [INFO] Got response: 'OK'
client 2023-07-27 03:51:48,592 [INFO] Sending command to the server: 'time'
client 2023-07-27 03:51:48,595 [INFO] Got response: '1690455108.415356'
client 2023-07-27 03:51:48,595 [INFO] The time difference between the client and the server is within range 177.272 ms..179.872 ms
client 2023-07-27 03:51:48,595 [INFO] Copying loadgen logs from '/home/cmuser/mobilenet_results/valid_results/bb3b3f2d4d2e-tflite_cpp-cpu-tflite-vmaster-default_config/mobilenet-v2-precision_uint8-0.5-192/singlestream/performance/run_1' to '/home/cmuser/mobilenet_results/valid_results/bb3b3f2d4d2e-tflite_cpp-cpu-tflite-vmaster-default_config/mobilenet-v2-precision_uint8-0.5-192/singlestream/performance/tmp_power/run_1'
client 2023-07-27 03:51:48,596 [INFO] Done runs
