client 2023-07-26 22:09:10,793 [INFO] Creating output directory '/home/cmuser/mobilenet_results/valid_results/bb3b3f2d4d2e-tflite_cpp-cpu-tflite-vmaster-default_config/mobilenet-v2-precision_uint8-0.35-128/singlestream/performance/tmp_power'
client 2023-07-26 22:09:10,795 [INFO] Sending command to the server: 'mlcommons/power client v3'
client 2023-07-26 22:09:10,797 [INFO] Got response: 'mlcommons/power server v3'
client 2023-07-26 22:09:10,797 [INFO] Synchronizing with the server and with time.google.com...
client 2023-07-26 22:09:10,856 [INFO] NTP:offset = -0.000 s, delay = 0.012 s 
client 2023-07-26 22:09:10,856 [INFO] Sending command to the server: 'time'
client 2023-07-26 22:09:10,858 [INFO] Got response: '1690434550.7639155'
client 2023-07-26 22:09:10,858 [INFO] The time difference between the client and the server is within range 92.783 ms..95.014 ms
client 2023-07-26 22:09:10,858 [INFO] Sending command to the server: 'new,,2fffa87b-5a69-4b8e-9fb2-f935ef4ff0e6'
client 2023-07-26 22:09:10,861 [INFO] Got response: 'OK 2023-07-27_06-09-10,5f456034-c21f-4eff-abe7-a24bf13c34e2'
client 2023-07-26 22:09:10,861 [INFO] Session id is '2023-07-27_06-09-10'
client 2023-07-26 22:09:10,861 [INFO] Sources: {"sources": {"__init__.py": "da39a3ee5e6b4b0d3255bfef95601890afd80709", "client.py": "33ca4f26368777ac06e01f9567b714a4b8063886", "lib/__init__.py": "da39a3ee5e6b4b0d3255bfef95601890afd80709", "lib/client.py": "ac2aa093c8e8bbc9569b9e2a3471bc64e58a2258", "lib/common.py": "611d8b29633d331eb19c9455ea3b5fa3284ed6df", "lib/external/__init__.py": "da39a3ee5e6b4b0d3255bfef95601890afd80709", "lib/external/ntplib.py": "4da8f970656505a40483206ef2b5d3dd5e81711d", "lib/server.py": "c7af63c31bb2fbedea4345f571f6e3507d268ada", "lib/source_hashes.py": "60a2e02193209e8d392803326208d5466342da18", "lib/summary.py": "aa92f0a3f975eecd44d3c0cd0236342ccc9f941d", "lib/time_sync.py": "122eba67a9abc85635223e054def53be1367ade2", "server.py": "c3f90f2f7eeb4db30727556d0c815ebc89b3d28b", "tests/unit/__init__.py": "da39a3ee5e6b4b0d3255bfef95601890afd80709", "tests/unit/test_server.py": "948c1995d4008bc2aa6c4046a34ffa3858d6d671", "tests/unit/test_source_hashes.py": "00468a2907583c593e6574a1f6b404e4651c221a"}, "modules": {"ptd_client_server.lib.client": "lib/client.py", "ptd_client_server.lib.common": "lib/common.py", "ptd_client_server.lib.external.ntplib": "lib/external/ntplib.py", "ptd_client_server.lib.source_hashes": "lib/source_hashes.py", "ptd_client_server.lib.summary": "lib/summary.py", "ptd_client_server.lib.time_sync": "lib/time_sync.py"}}
client 2023-07-26 22:09:10,861 [INFO] Running workload in ranging mode
client 2023-07-26 22:09:10,861 [INFO] Synchronizing with the server and with time.google.com...
client 2023-07-26 22:09:10,926 [INFO] NTP:offset = -0.000 s, delay = 0.018 s 
client 2023-07-26 22:09:10,926 [INFO] Sending command to the server: 'time'
client 2023-07-26 22:09:10,930 [INFO] Got response: '1690434550.8344107'
client 2023-07-26 22:09:10,930 [INFO] The time difference between the client and the server is within range 92.365 ms..95.670 ms
client 2023-07-26 22:09:10,930 [INFO] Sending command to the server: 'session,2023-07-27_06-09-10,start,ranging'
client 2023-07-26 22:09:34,816 [INFO] Got response: 'OK'
client 2023-07-26 22:09:34,816 [INFO] Sending command to the server: 'time'
client 2023-07-26 22:09:34,819 [INFO] Got response: '1690434574.7264345'
client 2023-07-26 22:09:34,819 [INFO] The time difference between the client and the server is within range 90.356 ms..93.004 ms
client 2023-07-26 22:09:34,819 [INFO] Running the workload 'CM_MLPERF_RUN_COUNT=$(cat ${CM_RUN_DIR}/count.txt); echo ${CM_MLPERF_RUN_COUNT}; CM_MLPERF_RUN_COUNT=$((CM_MLPERF_RUN_COUNT+1)); echo ${CM_MLPERF_RUN_COUNT} > ${CM_RUN_DIR}/count.txt && if [ ${CM_MLPERF_RUN_COUNT} -eq "1" ]; then export CM_MLPERF_USER_CONF=${CM_MLPERF_RANGING_USER_CONF}; else export CM_MLPERF_USER_CONF=${CM_MLPERF_TESTING_USER_CONF}; fi && /home/cmuser/run.out'
client 2023-07-26 22:14:35,531 [INFO] Sending command to the server: 'time'
client 2023-07-26 22:14:35,535 [INFO] Got response: '1690434875.4334047'
client 2023-07-26 22:14:35,535 [INFO] The time difference between the client and the server is within range 98.127 ms..101.940 ms
client 2023-07-26 22:14:35,535 [INFO] Sending command to the server: 'session,2023-07-27_06-09-10,stop,ranging'
client 2023-07-26 22:14:46,003 [INFO] Got response: 'OK'
client 2023-07-26 22:14:46,003 [INFO] Sending command to the server: 'time'
client 2023-07-26 22:14:46,005 [INFO] Got response: '1690434885.9065535'
client 2023-07-26 22:14:46,005 [INFO] The time difference between the client and the server is within range 97.137 ms..98.999 ms
client 2023-07-26 22:14:46,008 [INFO] Copying loadgen logs from '/home/cmuser/mobilenet_results/valid_results/bb3b3f2d4d2e-tflite_cpp-cpu-tflite-vmaster-default_config/mobilenet-v2-precision_uint8-0.35-128/singlestream/performance/run_1' to '/home/cmuser/mobilenet_results/valid_results/bb3b3f2d4d2e-tflite_cpp-cpu-tflite-vmaster-default_config/mobilenet-v2-precision_uint8-0.35-128/singlestream/performance/tmp_power/ranging'
client 2023-07-26 22:14:46,009 [INFO] Running workload in testing mode
client 2023-07-26 22:14:46,009 [INFO] Synchronizing with the server and with time.google.com...
client 2023-07-26 22:14:46,066 [INFO] NTP:offset = -0.001 s, delay = 0.012 s 
client 2023-07-26 22:14:46,066 [INFO] Sending command to the server: 'time'
client 2023-07-26 22:14:46,068 [INFO] Got response: '1690434885.9668808'
client 2023-07-26 22:14:46,068 [INFO] The time difference between the client and the server is within range 99.446 ms..101.916 ms
client 2023-07-26 22:14:46,068 [INFO] Sending command to the server: 'session,2023-07-27_06-09-10,start,testing'
client 2023-07-26 22:14:59,119 [INFO] Got response: 'OK'
client 2023-07-26 22:14:59,119 [INFO] Sending command to the server: 'time'
client 2023-07-26 22:14:59,122 [INFO] Got response: '1690434899.0221455'
client 2023-07-26 22:14:59,122 [INFO] The time difference between the client and the server is within range 97.191 ms..100.701 ms
client 2023-07-26 22:14:59,122 [INFO] Running the workload 'CM_MLPERF_RUN_COUNT=$(cat ${CM_RUN_DIR}/count.txt); echo ${CM_MLPERF_RUN_COUNT}; CM_MLPERF_RUN_COUNT=$((CM_MLPERF_RUN_COUNT+1)); echo ${CM_MLPERF_RUN_COUNT} > ${CM_RUN_DIR}/count.txt && if [ ${CM_MLPERF_RUN_COUNT} -eq "1" ]; then export CM_MLPERF_USER_CONF=${CM_MLPERF_RANGING_USER_CONF}; else export CM_MLPERF_USER_CONF=${CM_MLPERF_TESTING_USER_CONF}; fi && /home/cmuser/run.out'
client 2023-07-26 22:25:00,583 [INFO] Sending command to the server: 'time'
client 2023-07-26 22:25:00,586 [INFO] Got response: '1690435500.4812284'
client 2023-07-26 22:25:00,586 [INFO] The time difference between the client and the server is within range 102.392 ms..105.166 ms
client 2023-07-26 22:25:00,586 [INFO] Sending command to the server: 'session,2023-07-27_06-09-10,stop,testing'
client 2023-07-26 22:25:11,208 [INFO] Got response: 'OK'
client 2023-07-26 22:25:11,208 [INFO] Sending command to the server: 'time'
client 2023-07-26 22:25:11,210 [INFO] Got response: '1690435511.107336'
client 2023-07-26 22:25:11,210 [INFO] The time difference between the client and the server is within range 101.487 ms..103.227 ms
client 2023-07-26 22:25:11,211 [INFO] Copying loadgen logs from '/home/cmuser/mobilenet_results/valid_results/bb3b3f2d4d2e-tflite_cpp-cpu-tflite-vmaster-default_config/mobilenet-v2-precision_uint8-0.35-128/singlestream/performance/run_1' to '/home/cmuser/mobilenet_results/valid_results/bb3b3f2d4d2e-tflite_cpp-cpu-tflite-vmaster-default_config/mobilenet-v2-precision_uint8-0.35-128/singlestream/performance/tmp_power/run_1'
client 2023-07-26 22:25:11,211 [INFO] Done runs
