client 2023-07-26 07:37:53,802 [INFO] Creating output directory '/home/cmuser/mobilenet_results/valid_results/bb3b3f2d4d2e-tflite_cpp-cpu-tflite-vmaster-default_config/mobilenet-v1-precision_uint8-1.0-128/singlestream/performance/tmp_power'
client 2023-07-26 07:37:53,804 [INFO] Sending command to the server: 'mlcommons/power client v3'
client 2023-07-26 07:37:53,807 [INFO] Got response: 'mlcommons/power server v3'
client 2023-07-26 07:37:53,807 [INFO] Synchronizing with the server and with time.google.com...
client 2023-07-26 07:37:53,861 [INFO] NTP:offset = -0.001 s, delay = 0.012 s 
client 2023-07-26 07:37:53,861 [INFO] Sending command to the server: 'time'
client 2023-07-26 07:37:53,863 [INFO] Got response: '1690382273.7810752'
client 2023-07-26 07:37:53,863 [INFO] The time difference between the client and the server is within range 80.095 ms..82.319 ms
client 2023-07-26 07:37:53,863 [INFO] Sending command to the server: 'new,,0c67ac93-1440-4a80-b83d-0535e1974149'
client 2023-07-26 07:37:53,866 [INFO] Got response: 'OK 2023-07-26_15-37-53,612b16d7-f13d-4c47-9a03-1fbd4aaf2c08'
client 2023-07-26 07:37:53,866 [INFO] Session id is '2023-07-26_15-37-53'
client 2023-07-26 07:37:53,866 [INFO] Sources: {"sources": {"__init__.py": "da39a3ee5e6b4b0d3255bfef95601890afd80709", "client.py": "33ca4f26368777ac06e01f9567b714a4b8063886", "lib/__init__.py": "da39a3ee5e6b4b0d3255bfef95601890afd80709", "lib/client.py": "ac2aa093c8e8bbc9569b9e2a3471bc64e58a2258", "lib/common.py": "611d8b29633d331eb19c9455ea3b5fa3284ed6df", "lib/external/__init__.py": "da39a3ee5e6b4b0d3255bfef95601890afd80709", "lib/external/ntplib.py": "4da8f970656505a40483206ef2b5d3dd5e81711d", "lib/server.py": "c7af63c31bb2fbedea4345f571f6e3507d268ada", "lib/source_hashes.py": "60a2e02193209e8d392803326208d5466342da18", "lib/summary.py": "aa92f0a3f975eecd44d3c0cd0236342ccc9f941d", "lib/time_sync.py": "122eba67a9abc85635223e054def53be1367ade2", "server.py": "c3f90f2f7eeb4db30727556d0c815ebc89b3d28b", "tests/unit/__init__.py": "da39a3ee5e6b4b0d3255bfef95601890afd80709", "tests/unit/test_server.py": "948c1995d4008bc2aa6c4046a34ffa3858d6d671", "tests/unit/test_source_hashes.py": "00468a2907583c593e6574a1f6b404e4651c221a"}, "modules": {"ptd_client_server.lib.client": "lib/client.py", "ptd_client_server.lib.common": "lib/common.py", "ptd_client_server.lib.external.ntplib": "lib/external/ntplib.py", "ptd_client_server.lib.source_hashes": "lib/source_hashes.py", "ptd_client_server.lib.summary": "lib/summary.py", "ptd_client_server.lib.time_sync": "lib/time_sync.py"}}
client 2023-07-26 07:37:53,866 [INFO] Running workload in ranging mode
client 2023-07-26 07:37:53,866 [INFO] Synchronizing with the server and with time.google.com...
client 2023-07-26 07:37:53,936 [INFO] NTP:offset = -0.001 s, delay = 0.014 s 
client 2023-07-26 07:37:53,936 [INFO] Sending command to the server: 'time'
client 2023-07-26 07:37:53,938 [INFO] Got response: '1690382273.8616161'
client 2023-07-26 07:37:53,938 [INFO] The time difference between the client and the server is within range 75.099 ms..77.113 ms
client 2023-07-26 07:37:53,938 [INFO] Sending command to the server: 'session,2023-07-26_15-37-53,start,ranging'
client 2023-07-26 07:38:17,818 [INFO] Got response: 'OK'
client 2023-07-26 07:38:17,818 [INFO] Sending command to the server: 'time'
client 2023-07-26 07:38:17,820 [INFO] Got response: '1690382297.7418327'
client 2023-07-26 07:38:17,821 [INFO] The time difference between the client and the server is within range 76.297 ms..79.157 ms
client 2023-07-26 07:38:17,821 [INFO] Running the workload 'CM_MLPERF_RUN_COUNT=$(cat ${CM_RUN_DIR}/count.txt); echo ${CM_MLPERF_RUN_COUNT}; CM_MLPERF_RUN_COUNT=$((CM_MLPERF_RUN_COUNT+1)); echo ${CM_MLPERF_RUN_COUNT} > ${CM_RUN_DIR}/count.txt && if [ ${CM_MLPERF_RUN_COUNT} -eq "1" ]; then export CM_MLPERF_USER_CONF=${CM_MLPERF_RANGING_USER_CONF}; else export CM_MLPERF_USER_CONF=${CM_MLPERF_TESTING_USER_CONF}; fi && /home/cmuser/run.out'
client 2023-07-26 07:43:18,380 [INFO] Sending command to the server: 'time'
client 2023-07-26 07:43:18,384 [INFO] Got response: '1690382598.3041658'
client 2023-07-26 07:43:18,384 [INFO] The time difference between the client and the server is within range 76.089 ms..80.486 ms
client 2023-07-26 07:43:18,384 [INFO] Sending command to the server: 'session,2023-07-26_15-37-53,stop,ranging'
client 2023-07-26 07:43:28,914 [INFO] Got response: 'OK'
client 2023-07-26 07:43:28,914 [INFO] Sending command to the server: 'time'
client 2023-07-26 07:43:28,915 [INFO] Got response: '1690382608.8308153'
client 2023-07-26 07:43:28,915 [INFO] The time difference between the client and the server is within range 83.413 ms..84.980 ms
client 2023-07-26 07:43:28,919 [INFO] Copying loadgen logs from '/home/cmuser/mobilenet_results/valid_results/bb3b3f2d4d2e-tflite_cpp-cpu-tflite-vmaster-default_config/mobilenet-v1-precision_uint8-1.0-128/singlestream/performance/run_1' to '/home/cmuser/mobilenet_results/valid_results/bb3b3f2d4d2e-tflite_cpp-cpu-tflite-vmaster-default_config/mobilenet-v1-precision_uint8-1.0-128/singlestream/performance/tmp_power/ranging'
client 2023-07-26 07:43:28,919 [INFO] Running workload in testing mode
client 2023-07-26 07:43:28,919 [INFO] Synchronizing with the server and with time.google.com...
client 2023-07-26 07:43:28,978 [INFO] NTP:offset = -0.000 s, delay = 0.016 s 
client 2023-07-26 07:43:28,978 [INFO] Sending command to the server: 'time'
client 2023-07-26 07:43:28,982 [INFO] Got response: '1690382608.9014444'
client 2023-07-26 07:43:28,982 [INFO] The time difference between the client and the server is within range 77.382 ms..81.389 ms
client 2023-07-26 07:43:28,982 [INFO] Sending command to the server: 'session,2023-07-26_15-37-53,start,testing'
client 2023-07-26 07:43:42,045 [INFO] Got response: 'OK'
client 2023-07-26 07:43:42,045 [INFO] Sending command to the server: 'time'
client 2023-07-26 07:43:42,048 [INFO] Got response: '1690382621.9644983'
client 2023-07-26 07:43:42,048 [INFO] The time difference between the client and the server is within range 80.636 ms..84.297 ms
client 2023-07-26 07:43:42,048 [INFO] Running the workload 'CM_MLPERF_RUN_COUNT=$(cat ${CM_RUN_DIR}/count.txt); echo ${CM_MLPERF_RUN_COUNT}; CM_MLPERF_RUN_COUNT=$((CM_MLPERF_RUN_COUNT+1)); echo ${CM_MLPERF_RUN_COUNT} > ${CM_RUN_DIR}/count.txt && if [ ${CM_MLPERF_RUN_COUNT} -eq "1" ]; then export CM_MLPERF_USER_CONF=${CM_MLPERF_RANGING_USER_CONF}; else export CM_MLPERF_USER_CONF=${CM_MLPERF_TESTING_USER_CONF}; fi && /home/cmuser/run.out'
client 2023-07-26 07:53:43,117 [INFO] Sending command to the server: 'time'
client 2023-07-26 07:53:43,121 [INFO] Got response: '1690383223.0267544'
client 2023-07-26 07:53:43,121 [INFO] The time difference between the client and the server is within range 90.578 ms..94.737 ms
client 2023-07-26 07:53:43,121 [INFO] Sending command to the server: 'session,2023-07-26_15-37-53,stop,testing'
client 2023-07-26 07:53:54,096 [INFO] Got response: 'OK'
client 2023-07-26 07:53:54,096 [INFO] Sending command to the server: 'time'
client 2023-07-26 07:53:54,098 [INFO] Got response: '1690383234.008776'
client 2023-07-26 07:53:54,098 [INFO] The time difference between the client and the server is within range 87.463 ms..89.334 ms
client 2023-07-26 07:53:54,098 [INFO] Copying loadgen logs from '/home/cmuser/mobilenet_results/valid_results/bb3b3f2d4d2e-tflite_cpp-cpu-tflite-vmaster-default_config/mobilenet-v1-precision_uint8-1.0-128/singlestream/performance/run_1' to '/home/cmuser/mobilenet_results/valid_results/bb3b3f2d4d2e-tflite_cpp-cpu-tflite-vmaster-default_config/mobilenet-v1-precision_uint8-1.0-128/singlestream/performance/tmp_power/run_1'
client 2023-07-26 07:53:54,099 [INFO] Done runs
