client 2023-07-13 16:10:34,303 [INFO] Creating output directory '/home/arjun/mobilenet_results/valid_results/phoenix_Amd_Am5-tflite_cpp-cpu-tflite-vmaster-default_config/mobilenet-v1-precision_float-0.25-224/singlestream/performance/tmp_power'
client 2023-07-13 16:10:34,306 [INFO] Sending command to the server: 'mlcommons/power client v3'
client 2023-07-13 16:10:34,309 [INFO] Got response: 'mlcommons/power server v3'
client 2023-07-13 16:10:34,309 [INFO] Synchronizing with the server and with time.google.com...
client 2023-07-13 16:10:34,334 [INFO] NTP:offset = -0.001 s, delay = 0.013 s 
client 2023-07-13 16:10:34,334 [INFO] Sending command to the server: 'time'
client 2023-07-13 16:10:34,337 [INFO] Got response: '1689261034.2278564'
client 2023-07-13 16:10:34,337 [INFO] The time difference between the client and the server is within range 107.053 ms..109.654 ms
client 2023-07-13 16:10:34,337 [INFO] Sending command to the server: 'new,,6103a60e-33df-485f-8a39-08eb7c9d388e'
client 2023-07-13 16:10:34,339 [INFO] Got response: 'OK 2023-07-13_16-10-34,9a5ade40-363d-41b0-aefb-7890e7c8a4d0'
client 2023-07-13 16:10:34,339 [INFO] Session id is '2023-07-13_16-10-34'
client 2023-07-13 16:10:34,340 [INFO] Sources: {"sources": {"__init__.py": "da39a3ee5e6b4b0d3255bfef95601890afd80709", "client.py": "33ca4f26368777ac06e01f9567b714a4b8063886", "lib/__init__.py": "da39a3ee5e6b4b0d3255bfef95601890afd80709", "lib/client.py": "ac2aa093c8e8bbc9569b9e2a3471bc64e58a2258", "lib/common.py": "611d8b29633d331eb19c9455ea3b5fa3284ed6df", "lib/external/__init__.py": "da39a3ee5e6b4b0d3255bfef95601890afd80709", "lib/external/ntplib.py": "4da8f970656505a40483206ef2b5d3dd5e81711d", "lib/server.py": "c7af63c31bb2fbedea4345f571f6e3507d268ada", "lib/source_hashes.py": "60a2e02193209e8d392803326208d5466342da18", "lib/summary.py": "aa92f0a3f975eecd44d3c0cd0236342ccc9f941d", "lib/time_sync.py": "122eba67a9abc85635223e054def53be1367ade2", "server.py": "c3f90f2f7eeb4db30727556d0c815ebc89b3d28b", "tests/unit/__init__.py": "da39a3ee5e6b4b0d3255bfef95601890afd80709", "tests/unit/test_server.py": "948c1995d4008bc2aa6c4046a34ffa3858d6d671", "tests/unit/test_source_hashes.py": "00468a2907583c593e6574a1f6b404e4651c221a"}, "modules": {"ptd_client_server.lib.client": "lib/client.py", "ptd_client_server.lib.common": "lib/common.py", "ptd_client_server.lib.external.ntplib": "lib/external/ntplib.py", "ptd_client_server.lib.source_hashes": "lib/source_hashes.py", "ptd_client_server.lib.summary": "lib/summary.py", "ptd_client_server.lib.time_sync": "lib/time_sync.py"}}
client 2023-07-13 16:10:34,340 [INFO] Running workload in ranging mode
client 2023-07-13 16:10:34,340 [INFO] Synchronizing with the server and with time.google.com...
client 2023-07-13 16:10:34,353 [INFO] NTP:offset = -0.001 s, delay = 0.013 s 
client 2023-07-13 16:10:34,353 [INFO] Sending command to the server: 'time'
client 2023-07-13 16:10:34,356 [INFO] Got response: '1689261034.2480059'
client 2023-07-13 16:10:34,356 [INFO] The time difference between the client and the server is within range 105.835 ms..108.402 ms
client 2023-07-13 16:10:34,356 [INFO] Sending command to the server: 'session,2023-07-13_16-10-34,start,ranging'
client 2023-07-13 16:10:58,215 [INFO] Got response: 'OK'
client 2023-07-13 16:10:58,215 [INFO] Sending command to the server: 'time'
client 2023-07-13 16:10:58,218 [INFO] Got response: '1689261058.1118739'
client 2023-07-13 16:10:58,218 [INFO] The time difference between the client and the server is within range 103.484 ms..106.914 ms
client 2023-07-13 16:10:58,218 [INFO] Running the workload 'CM_MLPERF_RUN_COUNT=$(cat ${CM_RUN_DIR}/count.txt); echo ${CM_MLPERF_RUN_COUNT}; CM_MLPERF_RUN_COUNT=$((CM_MLPERF_RUN_COUNT+1)); echo ${CM_MLPERF_RUN_COUNT} > ${CM_RUN_DIR}/count.txt && if [ ${CM_MLPERF_RUN_COUNT} -eq "1" ]; then export CM_MLPERF_USER_CONF=${CM_MLPERF_RANGING_USER_CONF}; else export CM_MLPERF_USER_CONF=${CM_MLPERF_TESTING_USER_CONF}; fi && /home/arjun/run.out'
client 2023-07-13 16:15:58,789 [INFO] Sending command to the server: 'time'
client 2023-07-13 16:15:58,792 [INFO] Got response: '1689261358.6811123'
client 2023-07-13 16:15:58,793 [INFO] The time difference between the client and the server is within range 107.960 ms..111.967 ms
client 2023-07-13 16:15:58,793 [INFO] Sending command to the server: 'session,2023-07-13_16-10-34,stop,ranging'
client 2023-07-13 16:16:09,380 [INFO] Got response: 'OK'
client 2023-07-13 16:16:09,380 [INFO] Sending command to the server: 'time'
client 2023-07-13 16:16:09,382 [INFO] Got response: '1689261369.2667499'
client 2023-07-13 16:16:09,382 [INFO] The time difference between the client and the server is within range 113.360 ms..115.613 ms
client 2023-07-13 16:16:09,384 [INFO] Copying loadgen logs from '/home/arjun/mobilenet_results/valid_results/phoenix_Amd_Am5-tflite_cpp-cpu-tflite-vmaster-default_config/mobilenet-v1-precision_float-0.25-224/singlestream/performance/run_1' to '/home/arjun/mobilenet_results/valid_results/phoenix_Amd_Am5-tflite_cpp-cpu-tflite-vmaster-default_config/mobilenet-v1-precision_float-0.25-224/singlestream/performance/tmp_power/ranging'
client 2023-07-13 16:16:09,384 [INFO] Running workload in testing mode
client 2023-07-13 16:16:09,384 [INFO] Synchronizing with the server and with time.google.com...
client 2023-07-13 16:16:09,448 [INFO] NTP:offset = 0.023 s, delay = 0.063 s 
client 2023-07-13 16:16:09,448 [INFO] Sending command to the server: 'time'
client 2023-07-13 16:16:09,453 [INFO] Got response: '1689261369.3380315'
client 2023-07-13 16:16:09,453 [INFO] The time difference between the client and the server is within range 110.393 ms..115.124 ms
client 2023-07-13 16:16:09,453 [INFO] Sending command to the server: 'session,2023-07-13_16-10-34,start,testing'
client 2023-07-13 16:16:22,518 [INFO] Got response: 'OK'
client 2023-07-13 16:16:22,518 [INFO] Sending command to the server: 'time'
client 2023-07-13 16:16:22,520 [INFO] Got response: '1689261382.406364'
client 2023-07-13 16:16:22,520 [INFO] The time difference between the client and the server is within range 112.247 ms..114.048 ms
client 2023-07-13 16:16:22,520 [INFO] Running the workload 'CM_MLPERF_RUN_COUNT=$(cat ${CM_RUN_DIR}/count.txt); echo ${CM_MLPERF_RUN_COUNT}; CM_MLPERF_RUN_COUNT=$((CM_MLPERF_RUN_COUNT+1)); echo ${CM_MLPERF_RUN_COUNT} > ${CM_RUN_DIR}/count.txt && if [ ${CM_MLPERF_RUN_COUNT} -eq "1" ]; then export CM_MLPERF_USER_CONF=${CM_MLPERF_RANGING_USER_CONF}; else export CM_MLPERF_USER_CONF=${CM_MLPERF_TESTING_USER_CONF}; fi && /home/arjun/run.out'
client 2023-07-13 16:26:23,588 [INFO] Sending command to the server: 'time'
client 2023-07-13 16:26:23,592 [INFO] Got response: '1689261983.468947'
client 2023-07-13 16:26:23,592 [INFO] The time difference between the client and the server is within range 119.159 ms..123.578 ms
client 2023-07-13 16:26:23,592 [INFO] Sending command to the server: 'session,2023-07-13_16-10-34,stop,testing'
client 2023-07-13 16:26:34,597 [INFO] Got response: 'OK'
client 2023-07-13 16:26:34,597 [INFO] Sending command to the server: 'time'
client 2023-07-13 16:26:34,601 [INFO] Got response: '1689261994.4803379'
client 2023-07-13 16:26:34,601 [INFO] The time difference between the client and the server is within range 117.262 ms..121.447 ms
client 2023-07-13 16:26:34,602 [INFO] Copying loadgen logs from '/home/arjun/mobilenet_results/valid_results/phoenix_Amd_Am5-tflite_cpp-cpu-tflite-vmaster-default_config/mobilenet-v1-precision_float-0.25-224/singlestream/performance/run_1' to '/home/arjun/mobilenet_results/valid_results/phoenix_Amd_Am5-tflite_cpp-cpu-tflite-vmaster-default_config/mobilenet-v1-precision_float-0.25-224/singlestream/performance/tmp_power/run_1'
client 2023-07-13 16:26:34,602 [INFO] Done runs
