client 2023-07-26 06:33:14,052 [INFO] Creating output directory '/home/cmuser/mobilenet_results/valid_results/bb3b3f2d4d2e-tflite_cpp-cpu-tflite-vmaster-default_config/mobilenet-v1-precision_uint8-1.0-192/singlestream/performance/tmp_power'
client 2023-07-26 06:33:14,054 [INFO] Sending command to the server: 'mlcommons/power client v3'
client 2023-07-26 06:33:14,056 [INFO] Got response: 'mlcommons/power server v3'
client 2023-07-26 06:33:14,056 [INFO] Synchronizing with the server and with time.google.com...
client 2023-07-26 06:33:14,115 [INFO] NTP:offset = -0.004 s, delay = 0.013 s 
client 2023-07-26 06:33:14,115 [INFO] Sending command to the server: 'time'
client 2023-07-26 06:33:14,118 [INFO] Got response: '1690378394.0683177'
client 2023-07-26 06:33:14,118 [INFO] The time difference between the client and the server is within range 47.624 ms..50.652 ms
client 2023-07-26 06:33:14,119 [INFO] Sending command to the server: 'new,,b591f0bb-f1b4-46a9-9c5b-f753788c3852'
client 2023-07-26 06:33:14,122 [INFO] Got response: 'OK 2023-07-26_14-33-14,92e8a14c-b1cf-4495-a01d-e8454d09e4a3'
client 2023-07-26 06:33:14,122 [INFO] Session id is '2023-07-26_14-33-14'
client 2023-07-26 06:33:14,122 [INFO] Sources: {"sources": {"__init__.py": "da39a3ee5e6b4b0d3255bfef95601890afd80709", "client.py": "33ca4f26368777ac06e01f9567b714a4b8063886", "lib/__init__.py": "da39a3ee5e6b4b0d3255bfef95601890afd80709", "lib/client.py": "ac2aa093c8e8bbc9569b9e2a3471bc64e58a2258", "lib/common.py": "611d8b29633d331eb19c9455ea3b5fa3284ed6df", "lib/external/__init__.py": "da39a3ee5e6b4b0d3255bfef95601890afd80709", "lib/external/ntplib.py": "4da8f970656505a40483206ef2b5d3dd5e81711d", "lib/server.py": "c7af63c31bb2fbedea4345f571f6e3507d268ada", "lib/source_hashes.py": "60a2e02193209e8d392803326208d5466342da18", "lib/summary.py": "aa92f0a3f975eecd44d3c0cd0236342ccc9f941d", "lib/time_sync.py": "122eba67a9abc85635223e054def53be1367ade2", "server.py": "c3f90f2f7eeb4db30727556d0c815ebc89b3d28b", "tests/unit/__init__.py": "da39a3ee5e6b4b0d3255bfef95601890afd80709", "tests/unit/test_server.py": "948c1995d4008bc2aa6c4046a34ffa3858d6d671", "tests/unit/test_source_hashes.py": "00468a2907583c593e6574a1f6b404e4651c221a"}, "modules": {"ptd_client_server.lib.client": "lib/client.py", "ptd_client_server.lib.common": "lib/common.py", "ptd_client_server.lib.external.ntplib": "lib/external/ntplib.py", "ptd_client_server.lib.source_hashes": "lib/source_hashes.py", "ptd_client_server.lib.summary": "lib/summary.py", "ptd_client_server.lib.time_sync": "lib/time_sync.py"}}
client 2023-07-26 06:33:14,122 [INFO] Running workload in ranging mode
client 2023-07-26 06:33:14,122 [INFO] Synchronizing with the server and with time.google.com...
client 2023-07-26 06:33:14,170 [INFO] NTP:offset = -0.003 s, delay = 0.013 s 
client 2023-07-26 06:33:14,170 [INFO] Sending command to the server: 'time'
client 2023-07-26 06:33:14,173 [INFO] Got response: '1690378394.1291625'
client 2023-07-26 06:33:14,173 [INFO] The time difference between the client and the server is within range 41.188 ms..44.136 ms
client 2023-07-26 06:33:14,173 [INFO] Sending command to the server: 'session,2023-07-26_14-33-14,start,ranging'
client 2023-07-26 06:33:38,018 [INFO] Got response: 'OK'
client 2023-07-26 06:33:38,018 [INFO] Sending command to the server: 'time'
client 2023-07-26 06:33:38,022 [INFO] Got response: '1690378417.9707348'
client 2023-07-26 06:33:38,022 [INFO] The time difference between the client and the server is within range 48.247 ms..51.413 ms
client 2023-07-26 06:33:38,022 [INFO] Running the workload 'CM_MLPERF_RUN_COUNT=$(cat ${CM_RUN_DIR}/count.txt); echo ${CM_MLPERF_RUN_COUNT}; CM_MLPERF_RUN_COUNT=$((CM_MLPERF_RUN_COUNT+1)); echo ${CM_MLPERF_RUN_COUNT} > ${CM_RUN_DIR}/count.txt && if [ ${CM_MLPERF_RUN_COUNT} -eq "1" ]; then export CM_MLPERF_USER_CONF=${CM_MLPERF_RANGING_USER_CONF}; else export CM_MLPERF_USER_CONF=${CM_MLPERF_TESTING_USER_CONF}; fi && /home/cmuser/run.out'
client 2023-07-26 06:38:38,621 [INFO] Sending command to the server: 'time'
client 2023-07-26 06:38:38,625 [INFO] Got response: '1690378718.5778437'
client 2023-07-26 06:38:38,625 [INFO] The time difference between the client and the server is within range 43.987 ms..47.310 ms
client 2023-07-26 06:38:38,625 [INFO] Sending command to the server: 'session,2023-07-26_14-33-14,stop,ranging'
client 2023-07-26 06:38:49,119 [INFO] Got response: 'OK'
client 2023-07-26 06:38:49,119 [INFO] Sending command to the server: 'time'
client 2023-07-26 06:38:49,121 [INFO] Got response: '1690378729.0704138'
client 2023-07-26 06:38:49,121 [INFO] The time difference between the client and the server is within range 49.429 ms..51.472 ms
client 2023-07-26 06:38:49,125 [INFO] Copying loadgen logs from '/home/cmuser/mobilenet_results/valid_results/bb3b3f2d4d2e-tflite_cpp-cpu-tflite-vmaster-default_config/mobilenet-v1-precision_uint8-1.0-192/singlestream/performance/run_1' to '/home/cmuser/mobilenet_results/valid_results/bb3b3f2d4d2e-tflite_cpp-cpu-tflite-vmaster-default_config/mobilenet-v1-precision_uint8-1.0-192/singlestream/performance/tmp_power/ranging'
client 2023-07-26 06:38:49,125 [INFO] Running workload in testing mode
client 2023-07-26 06:38:49,125 [INFO] Synchronizing with the server and with time.google.com...
client 2023-07-26 06:38:54,211 [INFO] NTP:offset = -0.002 s, delay = 0.022 s 
client 2023-07-26 06:38:54,211 [INFO] Sending command to the server: 'time'
client 2023-07-26 06:38:54,215 [INFO] Got response: '1690378734.1633673'
client 2023-07-26 06:38:54,215 [INFO] The time difference between the client and the server is within range 48.224 ms..52.002 ms
client 2023-07-26 06:38:54,215 [INFO] Sending command to the server: 'session,2023-07-26_14-33-14,start,testing'
client 2023-07-26 06:39:07,284 [INFO] Got response: 'OK'
client 2023-07-26 06:39:07,284 [INFO] Sending command to the server: 'time'
client 2023-07-26 06:39:07,287 [INFO] Got response: '1690378747.2343554'
client 2023-07-26 06:39:07,287 [INFO] The time difference between the client and the server is within range 50.244 ms..53.274 ms
client 2023-07-26 06:39:07,287 [INFO] Running the workload 'CM_MLPERF_RUN_COUNT=$(cat ${CM_RUN_DIR}/count.txt); echo ${CM_MLPERF_RUN_COUNT}; CM_MLPERF_RUN_COUNT=$((CM_MLPERF_RUN_COUNT+1)); echo ${CM_MLPERF_RUN_COUNT} > ${CM_RUN_DIR}/count.txt && if [ ${CM_MLPERF_RUN_COUNT} -eq "1" ]; then export CM_MLPERF_USER_CONF=${CM_MLPERF_RANGING_USER_CONF}; else export CM_MLPERF_USER_CONF=${CM_MLPERF_TESTING_USER_CONF}; fi && /home/cmuser/run.out'
client 2023-07-26 06:49:08,385 [INFO] Sending command to the server: 'time'
client 2023-07-26 06:49:08,390 [INFO] Got response: '1690379348.3394573'
client 2023-07-26 06:49:08,390 [INFO] The time difference between the client and the server is within range 46.341 ms..50.696 ms
client 2023-07-26 06:49:08,390 [INFO] Sending command to the server: 'session,2023-07-26_14-33-14,stop,testing'
client 2023-07-26 06:49:19,669 [INFO] Got response: 'OK'
client 2023-07-26 06:49:19,669 [INFO] Sending command to the server: 'time'
client 2023-07-26 06:49:19,671 [INFO] Got response: '1690379359.6157115'
client 2023-07-26 06:49:19,671 [INFO] The time difference between the client and the server is within range 53.793 ms..55.774 ms
client 2023-07-26 06:49:19,672 [INFO] Copying loadgen logs from '/home/cmuser/mobilenet_results/valid_results/bb3b3f2d4d2e-tflite_cpp-cpu-tflite-vmaster-default_config/mobilenet-v1-precision_uint8-1.0-192/singlestream/performance/run_1' to '/home/cmuser/mobilenet_results/valid_results/bb3b3f2d4d2e-tflite_cpp-cpu-tflite-vmaster-default_config/mobilenet-v1-precision_uint8-1.0-192/singlestream/performance/tmp_power/run_1'
client 2023-07-26 06:49:19,672 [INFO] Done runs
