client 2023-07-13 00:11:46,031 [INFO] Creating output directory '/home/arjun/mobilenet_results/valid_results/phoenix_Amd_Am5-tflite_cpp-cpu-tflite-vmaster-default_config/mobilenet-v1-precision_float-0.5-128/singlestream/performance/tmp_power'
client 2023-07-13 00:11:46,033 [INFO] Sending command to the server: 'mlcommons/power client v3'
client 2023-07-13 00:11:46,035 [INFO] Got response: 'mlcommons/power server v3'
client 2023-07-13 00:11:46,035 [INFO] Synchronizing with the server and with time.google.com...
client 2023-07-13 00:11:46,054 [INFO] NTP:offset = -0.004 s, delay = 0.017 s 
client 2023-07-13 00:11:46,054 [INFO] Sending command to the server: 'time'
client 2023-07-13 00:11:46,056 [INFO] Got response: '1689203505.9751542'
client 2023-07-13 00:11:46,056 [INFO] The time difference between the client and the server is within range 79.731 ms..81.381 ms
client 2023-07-13 00:11:46,056 [INFO] Sending command to the server: 'new,,22109899-5b39-4fa3-a1ae-99af7c0f3a1e'
client 2023-07-13 00:11:46,058 [INFO] Got response: 'OK 2023-07-13_00-11-45,2b52b75c-acd1-4215-b712-365953d27ce5'
client 2023-07-13 00:11:46,058 [INFO] Session id is '2023-07-13_00-11-45'
client 2023-07-13 00:11:46,059 [INFO] Sources: {"sources": {"__init__.py": "da39a3ee5e6b4b0d3255bfef95601890afd80709", "client.py": "33ca4f26368777ac06e01f9567b714a4b8063886", "lib/__init__.py": "da39a3ee5e6b4b0d3255bfef95601890afd80709", "lib/client.py": "ac2aa093c8e8bbc9569b9e2a3471bc64e58a2258", "lib/common.py": "611d8b29633d331eb19c9455ea3b5fa3284ed6df", "lib/external/__init__.py": "da39a3ee5e6b4b0d3255bfef95601890afd80709", "lib/external/ntplib.py": "4da8f970656505a40483206ef2b5d3dd5e81711d", "lib/server.py": "c7af63c31bb2fbedea4345f571f6e3507d268ada", "lib/source_hashes.py": "60a2e02193209e8d392803326208d5466342da18", "lib/summary.py": "aa92f0a3f975eecd44d3c0cd0236342ccc9f941d", "lib/time_sync.py": "122eba67a9abc85635223e054def53be1367ade2", "server.py": "c3f90f2f7eeb4db30727556d0c815ebc89b3d28b", "tests/unit/__init__.py": "da39a3ee5e6b4b0d3255bfef95601890afd80709", "tests/unit/test_server.py": "948c1995d4008bc2aa6c4046a34ffa3858d6d671", "tests/unit/test_source_hashes.py": "00468a2907583c593e6574a1f6b404e4651c221a"}, "modules": {"ptd_client_server.lib.client": "lib/client.py", "ptd_client_server.lib.common": "lib/common.py", "ptd_client_server.lib.external.ntplib": "lib/external/ntplib.py", "ptd_client_server.lib.source_hashes": "lib/source_hashes.py", "ptd_client_server.lib.summary": "lib/summary.py", "ptd_client_server.lib.time_sync": "lib/time_sync.py"}}
client 2023-07-13 00:11:46,059 [INFO] Running workload in ranging mode
client 2023-07-13 00:11:46,059 [INFO] Synchronizing with the server and with time.google.com...
client 2023-07-13 00:11:46,073 [INFO] NTP:offset = -0.003 s, delay = 0.014 s 
client 2023-07-13 00:11:46,074 [INFO] Sending command to the server: 'time'
client 2023-07-13 00:11:46,077 [INFO] Got response: '1689203505.9951885'
client 2023-07-13 00:11:46,077 [INFO] The time difference between the client and the server is within range 78.815 ms..82.025 ms
client 2023-07-13 00:11:46,077 [INFO] Sending command to the server: 'session,2023-07-13_00-11-45,start,ranging'
client 2023-07-13 00:12:09,921 [INFO] Got response: 'OK'
client 2023-07-13 00:12:09,921 [INFO] Sending command to the server: 'time'
client 2023-07-13 00:12:09,925 [INFO] Got response: '1689203529.8437274'
client 2023-07-13 00:12:09,925 [INFO] The time difference between the client and the server is within range 78.126 ms..81.419 ms
client 2023-07-13 00:12:09,925 [INFO] Running the workload 'CM_MLPERF_RUN_COUNT=$(cat ${CM_RUN_DIR}/count.txt); echo ${CM_MLPERF_RUN_COUNT}; CM_MLPERF_RUN_COUNT=$((CM_MLPERF_RUN_COUNT+1)); echo ${CM_MLPERF_RUN_COUNT} > ${CM_RUN_DIR}/count.txt && if [ ${CM_MLPERF_RUN_COUNT} -eq "1" ]; then export CM_MLPERF_USER_CONF=${CM_MLPERF_RANGING_USER_CONF}; else export CM_MLPERF_USER_CONF=${CM_MLPERF_TESTING_USER_CONF}; fi && /home/arjun/run.out'
client 2023-07-13 00:17:10,546 [INFO] Sending command to the server: 'time'
client 2023-07-13 00:17:10,550 [INFO] Got response: '1689203830.4677036'
client 2023-07-13 00:17:10,550 [INFO] The time difference between the client and the server is within range 79.141 ms..82.817 ms
client 2023-07-13 00:17:10,550 [INFO] Sending command to the server: 'session,2023-07-13_00-11-45,stop,ranging'
client 2023-07-13 00:17:21,033 [INFO] Got response: 'OK'
client 2023-07-13 00:17:21,033 [INFO] Sending command to the server: 'time'
client 2023-07-13 00:17:21,037 [INFO] Got response: '1689203840.9590747'
client 2023-07-13 00:17:21,037 [INFO] The time difference between the client and the server is within range 74.470 ms..78.864 ms
client 2023-07-13 00:17:21,040 [INFO] Copying loadgen logs from '/home/arjun/mobilenet_results/valid_results/phoenix_Amd_Am5-tflite_cpp-cpu-tflite-vmaster-default_config/mobilenet-v1-precision_float-0.5-128/singlestream/performance/run_1' to '/home/arjun/mobilenet_results/valid_results/phoenix_Amd_Am5-tflite_cpp-cpu-tflite-vmaster-default_config/mobilenet-v1-precision_float-0.5-128/singlestream/performance/tmp_power/ranging'
client 2023-07-13 00:17:21,041 [INFO] Running workload in testing mode
client 2023-07-13 00:17:21,041 [INFO] Synchronizing with the server and with time.google.com...
client 2023-07-13 00:17:21,054 [INFO] NTP:offset = -0.005 s, delay = 0.013 s 
client 2023-07-13 00:17:21,054 [INFO] Sending command to the server: 'time'
client 2023-07-13 00:17:21,057 [INFO] Got response: '1689203840.9797094'
client 2023-07-13 00:17:21,057 [INFO] The time difference between the client and the server is within range 75.235 ms..77.406 ms
client 2023-07-13 00:17:21,057 [INFO] Sending command to the server: 'session,2023-07-13_00-11-45,start,testing'
client 2023-07-13 00:17:34,123 [INFO] Got response: 'OK'
client 2023-07-13 00:17:34,123 [INFO] Sending command to the server: 'time'
client 2023-07-13 00:17:34,126 [INFO] Got response: '1689203854.0456164'
client 2023-07-13 00:17:34,127 [INFO] The time difference between the client and the server is within range 78.242 ms..81.425 ms
client 2023-07-13 00:17:34,127 [INFO] Running the workload 'CM_MLPERF_RUN_COUNT=$(cat ${CM_RUN_DIR}/count.txt); echo ${CM_MLPERF_RUN_COUNT}; CM_MLPERF_RUN_COUNT=$((CM_MLPERF_RUN_COUNT+1)); echo ${CM_MLPERF_RUN_COUNT} > ${CM_RUN_DIR}/count.txt && if [ ${CM_MLPERF_RUN_COUNT} -eq "1" ]; then export CM_MLPERF_USER_CONF=${CM_MLPERF_RANGING_USER_CONF}; else export CM_MLPERF_USER_CONF=${CM_MLPERF_TESTING_USER_CONF}; fi && /home/arjun/run.out'
client 2023-07-13 00:27:35,329 [INFO] Sending command to the server: 'time'
client 2023-07-13 00:27:35,333 [INFO] Got response: '1689204455.2576244'
client 2023-07-13 00:27:35,333 [INFO] The time difference between the client and the server is within range 71.826 ms..75.644 ms
client 2023-07-13 00:27:35,333 [INFO] Sending command to the server: 'session,2023-07-13_00-11-45,stop,testing'
client 2023-07-13 00:27:46,195 [INFO] Got response: 'OK'
client 2023-07-13 00:27:46,195 [INFO] Sending command to the server: 'time'
client 2023-07-13 00:27:46,213 [INFO] Got response: '1689204466.1372302'
client 2023-07-13 00:27:46,213 [INFO] The time difference between the client and the server is within range 58.074 ms..76.046 ms
client 2023-07-13 00:27:46,213 [INFO] Copying loadgen logs from '/home/arjun/mobilenet_results/valid_results/phoenix_Amd_Am5-tflite_cpp-cpu-tflite-vmaster-default_config/mobilenet-v1-precision_float-0.5-128/singlestream/performance/run_1' to '/home/arjun/mobilenet_results/valid_results/phoenix_Amd_Am5-tflite_cpp-cpu-tflite-vmaster-default_config/mobilenet-v1-precision_float-0.5-128/singlestream/performance/tmp_power/run_1'
client 2023-07-13 00:27:46,214 [INFO] Done runs
