client 2023-07-13 01:33:17,480 [INFO] Creating output directory '/home/arjun/mobilenet_results/valid_results/phoenix_Amd_Am5-tflite_cpp-cpu-tflite-vmaster-default_config/mobilenet-v2-precision_float-1.0-224/singlestream/performance/tmp_power'
client 2023-07-13 01:33:17,481 [INFO] Sending command to the server: 'mlcommons/power client v3'
client 2023-07-13 01:33:17,484 [INFO] Got response: 'mlcommons/power server v3'
client 2023-07-13 01:33:17,484 [INFO] Synchronizing with the server and with time.google.com...
client 2023-07-13 01:33:17,515 [INFO] NTP:offset = -0.001 s, delay = 0.017 s 
client 2023-07-13 01:33:17,515 [INFO] Sending command to the server: 'time'
client 2023-07-13 01:33:17,517 [INFO] Got response: '1689208397.4425793'
client 2023-07-13 01:33:17,517 [INFO] The time difference between the client and the server is within range 73.025 ms..75.365 ms
client 2023-07-13 01:33:17,517 [INFO] Sending command to the server: 'new,,93dff630-b99b-45a6-8398-1b4e0d292165'
client 2023-07-13 01:33:17,523 [INFO] Got response: 'OK 2023-07-13_01-33-17,cbd1d784-46a0-4032-8692-580770308afb'
client 2023-07-13 01:33:17,523 [INFO] Session id is '2023-07-13_01-33-17'
client 2023-07-13 01:33:17,524 [INFO] Sources: {"sources": {"__init__.py": "da39a3ee5e6b4b0d3255bfef95601890afd80709", "client.py": "33ca4f26368777ac06e01f9567b714a4b8063886", "lib/__init__.py": "da39a3ee5e6b4b0d3255bfef95601890afd80709", "lib/client.py": "ac2aa093c8e8bbc9569b9e2a3471bc64e58a2258", "lib/common.py": "611d8b29633d331eb19c9455ea3b5fa3284ed6df", "lib/external/__init__.py": "da39a3ee5e6b4b0d3255bfef95601890afd80709", "lib/external/ntplib.py": "4da8f970656505a40483206ef2b5d3dd5e81711d", "lib/server.py": "c7af63c31bb2fbedea4345f571f6e3507d268ada", "lib/source_hashes.py": "60a2e02193209e8d392803326208d5466342da18", "lib/summary.py": "aa92f0a3f975eecd44d3c0cd0236342ccc9f941d", "lib/time_sync.py": "122eba67a9abc85635223e054def53be1367ade2", "server.py": "c3f90f2f7eeb4db30727556d0c815ebc89b3d28b", "tests/unit/__init__.py": "da39a3ee5e6b4b0d3255bfef95601890afd80709", "tests/unit/test_server.py": "948c1995d4008bc2aa6c4046a34ffa3858d6d671", "tests/unit/test_source_hashes.py": "00468a2907583c593e6574a1f6b404e4651c221a"}, "modules": {"ptd_client_server.lib.client": "lib/client.py", "ptd_client_server.lib.common": "lib/common.py", "ptd_client_server.lib.external.ntplib": "lib/external/ntplib.py", "ptd_client_server.lib.source_hashes": "lib/source_hashes.py", "ptd_client_server.lib.summary": "lib/summary.py", "ptd_client_server.lib.time_sync": "lib/time_sync.py"}}
client 2023-07-13 01:33:17,524 [INFO] Running workload in ranging mode
client 2023-07-13 01:33:17,524 [INFO] Synchronizing with the server and with time.google.com...
client 2023-07-13 01:33:17,540 [INFO] NTP:offset = -0.002 s, delay = 0.016 s 
client 2023-07-13 01:33:17,540 [INFO] Sending command to the server: 'time'
client 2023-07-13 01:33:17,542 [INFO] Got response: '1689208397.473153'
client 2023-07-13 01:33:17,542 [INFO] The time difference between the client and the server is within range 67.753 ms..69.745 ms
client 2023-07-13 01:33:17,542 [INFO] Sending command to the server: 'session,2023-07-13_01-33-17,start,ranging'
client 2023-07-13 01:33:41,394 [INFO] Got response: 'OK'
client 2023-07-13 01:33:41,394 [INFO] Sending command to the server: 'time'
client 2023-07-13 01:33:41,395 [INFO] Got response: '1689208421.3245237'
client 2023-07-13 01:33:41,395 [INFO] The time difference between the client and the server is within range 69.815 ms..71.107 ms
client 2023-07-13 01:33:41,395 [INFO] Running the workload 'CM_MLPERF_RUN_COUNT=$(cat ${CM_RUN_DIR}/count.txt); echo ${CM_MLPERF_RUN_COUNT}; CM_MLPERF_RUN_COUNT=$((CM_MLPERF_RUN_COUNT+1)); echo ${CM_MLPERF_RUN_COUNT} > ${CM_RUN_DIR}/count.txt && if [ ${CM_MLPERF_RUN_COUNT} -eq "1" ]; then export CM_MLPERF_USER_CONF=${CM_MLPERF_RANGING_USER_CONF}; else export CM_MLPERF_USER_CONF=${CM_MLPERF_TESTING_USER_CONF}; fi && /home/arjun/run.out'
client 2023-07-13 01:38:41,925 [INFO] Sending command to the server: 'time'
client 2023-07-13 01:38:41,929 [INFO] Got response: '1689208721.8499098'
client 2023-07-13 01:38:41,929 [INFO] The time difference between the client and the server is within range 75.970 ms..79.508 ms
client 2023-07-13 01:38:41,929 [INFO] Sending command to the server: 'session,2023-07-13_01-33-17,stop,ranging'
client 2023-07-13 01:38:52,670 [INFO] Got response: 'OK'
client 2023-07-13 01:38:52,670 [INFO] Sending command to the server: 'time'
client 2023-07-13 01:38:52,673 [INFO] Got response: '1689208732.5986383'
client 2023-07-13 01:38:52,673 [INFO] The time difference between the client and the server is within range 71.792 ms..74.659 ms
client 2023-07-13 01:38:52,676 [INFO] Copying loadgen logs from '/home/arjun/mobilenet_results/valid_results/phoenix_Amd_Am5-tflite_cpp-cpu-tflite-vmaster-default_config/mobilenet-v2-precision_float-1.0-224/singlestream/performance/run_1' to '/home/arjun/mobilenet_results/valid_results/phoenix_Amd_Am5-tflite_cpp-cpu-tflite-vmaster-default_config/mobilenet-v2-precision_float-1.0-224/singlestream/performance/tmp_power/ranging'
client 2023-07-13 01:38:52,676 [INFO] Running workload in testing mode
client 2023-07-13 01:38:52,676 [INFO] Synchronizing with the server and with time.google.com...
client 2023-07-13 01:38:52,692 [INFO] NTP:offset = -0.001 s, delay = 0.015 s 
client 2023-07-13 01:38:52,692 [INFO] Sending command to the server: 'time'
client 2023-07-13 01:38:52,694 [INFO] Got response: '1689208732.6197748'
client 2023-07-13 01:38:52,694 [INFO] The time difference between the client and the server is within range 72.530 ms..74.706 ms
client 2023-07-13 01:38:52,694 [INFO] Sending command to the server: 'session,2023-07-13_01-33-17,start,testing'
client 2023-07-13 01:39:05,754 [INFO] Got response: 'OK'
client 2023-07-13 01:39:05,754 [INFO] Sending command to the server: 'time'
client 2023-07-13 01:39:05,757 [INFO] Got response: '1689208745.6819756'
client 2023-07-13 01:39:05,757 [INFO] The time difference between the client and the server is within range 72.841 ms..75.804 ms
client 2023-07-13 01:39:05,757 [INFO] Running the workload 'CM_MLPERF_RUN_COUNT=$(cat ${CM_RUN_DIR}/count.txt); echo ${CM_MLPERF_RUN_COUNT}; CM_MLPERF_RUN_COUNT=$((CM_MLPERF_RUN_COUNT+1)); echo ${CM_MLPERF_RUN_COUNT} > ${CM_RUN_DIR}/count.txt && if [ ${CM_MLPERF_RUN_COUNT} -eq "1" ]; then export CM_MLPERF_USER_CONF=${CM_MLPERF_RANGING_USER_CONF}; else export CM_MLPERF_USER_CONF=${CM_MLPERF_TESTING_USER_CONF}; fi && /home/arjun/run.out'
client 2023-07-13 01:49:06,765 [INFO] Sending command to the server: 'time'
client 2023-07-13 01:49:06,769 [INFO] Got response: '1689209346.687583'
client 2023-07-13 01:49:06,769 [INFO] The time difference between the client and the server is within range 77.802 ms..81.593 ms
client 2023-07-13 01:49:06,769 [INFO] Sending command to the server: 'session,2023-07-13_01-33-17,stop,testing'
client 2023-07-13 01:49:17,840 [INFO] Got response: 'OK'
client 2023-07-13 01:49:17,840 [INFO] Sending command to the server: 'time'
client 2023-07-13 01:49:17,842 [INFO] Got response: '1689209357.7674487'
client 2023-07-13 01:49:17,842 [INFO] The time difference between the client and the server is within range 73.034 ms..74.704 ms
client 2023-07-13 01:49:17,842 [INFO] Copying loadgen logs from '/home/arjun/mobilenet_results/valid_results/phoenix_Amd_Am5-tflite_cpp-cpu-tflite-vmaster-default_config/mobilenet-v2-precision_float-1.0-224/singlestream/performance/run_1' to '/home/arjun/mobilenet_results/valid_results/phoenix_Amd_Am5-tflite_cpp-cpu-tflite-vmaster-default_config/mobilenet-v2-precision_float-1.0-224/singlestream/performance/tmp_power/run_1'
client 2023-07-13 01:49:17,842 [INFO] Done runs
