client 2023-07-27 03:01:35,655 [INFO] Creating output directory '/home/cmuser/mobilenet_results/valid_results/bb3b3f2d4d2e-tflite_cpp-cpu-tflite-vmaster-default_config/mobilenet-v1-precision_float-0.5-192/singlestream/performance/tmp_power'
client 2023-07-27 03:01:35,657 [INFO] Sending command to the server: 'mlcommons/power client v3'
client 2023-07-27 03:01:35,658 [INFO] Got response: 'mlcommons/power server v3'
client 2023-07-27 03:01:35,658 [INFO] Synchronizing with the server and with time.google.com...
client 2023-07-27 03:01:35,722 [INFO] NTP:offset = -0.001 s, delay = 0.017 s 
client 2023-07-27 03:01:35,722 [INFO] Sending command to the server: 'time'
client 2023-07-27 03:01:35,724 [INFO] Got response: '1690452095.571381'
client 2023-07-27 03:01:35,724 [INFO] The time difference between the client and the server is within range 151.158 ms..153.258 ms
client 2023-07-27 03:01:35,724 [INFO] Sending command to the server: 'new,,21d998b1-05a2-44c7-9c97-5b7a2d1b3687'
client 2023-07-27 03:01:35,727 [INFO] Got response: 'OK 2023-07-27_11-01-35,799f953b-f0e0-41fb-9e70-a012fd801531'
client 2023-07-27 03:01:35,727 [INFO] Session id is '2023-07-27_11-01-35'
client 2023-07-27 03:01:35,727 [INFO] Sources: {"sources": {"__init__.py": "da39a3ee5e6b4b0d3255bfef95601890afd80709", "client.py": "33ca4f26368777ac06e01f9567b714a4b8063886", "lib/__init__.py": "da39a3ee5e6b4b0d3255bfef95601890afd80709", "lib/client.py": "ac2aa093c8e8bbc9569b9e2a3471bc64e58a2258", "lib/common.py": "611d8b29633d331eb19c9455ea3b5fa3284ed6df", "lib/external/__init__.py": "da39a3ee5e6b4b0d3255bfef95601890afd80709", "lib/external/ntplib.py": "4da8f970656505a40483206ef2b5d3dd5e81711d", "lib/server.py": "c7af63c31bb2fbedea4345f571f6e3507d268ada", "lib/source_hashes.py": "60a2e02193209e8d392803326208d5466342da18", "lib/summary.py": "aa92f0a3f975eecd44d3c0cd0236342ccc9f941d", "lib/time_sync.py": "122eba67a9abc85635223e054def53be1367ade2", "server.py": "c3f90f2f7eeb4db30727556d0c815ebc89b3d28b", "tests/unit/__init__.py": "da39a3ee5e6b4b0d3255bfef95601890afd80709", "tests/unit/test_server.py": "948c1995d4008bc2aa6c4046a34ffa3858d6d671", "tests/unit/test_source_hashes.py": "00468a2907583c593e6574a1f6b404e4651c221a"}, "modules": {"ptd_client_server.lib.client": "lib/client.py", "ptd_client_server.lib.common": "lib/common.py", "ptd_client_server.lib.external.ntplib": "lib/external/ntplib.py", "ptd_client_server.lib.source_hashes": "lib/source_hashes.py", "ptd_client_server.lib.summary": "lib/summary.py", "ptd_client_server.lib.time_sync": "lib/time_sync.py"}}
client 2023-07-27 03:01:35,727 [INFO] Running workload in ranging mode
client 2023-07-27 03:01:35,727 [INFO] Synchronizing with the server and with time.google.com...
client 2023-07-27 03:01:35,778 [INFO] NTP:offset = -0.002 s, delay = 0.015 s 
client 2023-07-27 03:01:35,778 [INFO] Sending command to the server: 'time'
client 2023-07-27 03:01:35,782 [INFO] Got response: '1690452095.6223197'
client 2023-07-27 03:01:35,782 [INFO] The time difference between the client and the server is within range 156.495 ms..159.857 ms
client 2023-07-27 03:01:35,782 [INFO] Sending command to the server: 'session,2023-07-27_11-01-35,start,ranging'
client 2023-07-27 03:01:59,674 [INFO] Got response: 'OK'
client 2023-07-27 03:01:59,674 [INFO] Sending command to the server: 'time'
client 2023-07-27 03:01:59,677 [INFO] Got response: '1690452119.5189216'
client 2023-07-27 03:01:59,677 [INFO] The time difference between the client and the server is within range 156.055 ms..158.502 ms
client 2023-07-27 03:01:59,677 [INFO] Running the workload 'CM_MLPERF_RUN_COUNT=$(cat ${CM_RUN_DIR}/count.txt); echo ${CM_MLPERF_RUN_COUNT}; CM_MLPERF_RUN_COUNT=$((CM_MLPERF_RUN_COUNT+1)); echo ${CM_MLPERF_RUN_COUNT} > ${CM_RUN_DIR}/count.txt && if [ ${CM_MLPERF_RUN_COUNT} -eq "1" ]; then export CM_MLPERF_USER_CONF=${CM_MLPERF_RANGING_USER_CONF}; else export CM_MLPERF_USER_CONF=${CM_MLPERF_TESTING_USER_CONF}; fi && /home/cmuser/run.out'
client 2023-07-27 03:07:00,278 [INFO] Sending command to the server: 'time'
client 2023-07-27 03:07:00,281 [INFO] Got response: '1690452420.118854'
client 2023-07-27 03:07:00,281 [INFO] The time difference between the client and the server is within range 159.695 ms..162.777 ms
client 2023-07-27 03:07:00,281 [INFO] Sending command to the server: 'session,2023-07-27_11-01-35,stop,ranging'
client 2023-07-27 03:07:10,940 [INFO] Got response: 'OK'
client 2023-07-27 03:07:10,941 [INFO] Sending command to the server: 'time'
client 2023-07-27 03:07:10,943 [INFO] Got response: '1690452430.7846177'
client 2023-07-27 03:07:10,943 [INFO] The time difference between the client and the server is within range 156.432 ms..158.839 ms
client 2023-07-27 03:07:10,946 [INFO] Copying loadgen logs from '/home/cmuser/mobilenet_results/valid_results/bb3b3f2d4d2e-tflite_cpp-cpu-tflite-vmaster-default_config/mobilenet-v1-precision_float-0.5-192/singlestream/performance/run_1' to '/home/cmuser/mobilenet_results/valid_results/bb3b3f2d4d2e-tflite_cpp-cpu-tflite-vmaster-default_config/mobilenet-v1-precision_float-0.5-192/singlestream/performance/tmp_power/ranging'
client 2023-07-27 03:07:10,947 [INFO] Running workload in testing mode
client 2023-07-27 03:07:10,947 [INFO] Synchronizing with the server and with time.google.com...
client 2023-07-27 03:07:11,015 [INFO] NTP:offset = 0.000 s, delay = 0.015 s 
client 2023-07-27 03:07:11,015 [INFO] Sending command to the server: 'time'
client 2023-07-27 03:07:11,018 [INFO] Got response: '1690452430.8556304'
client 2023-07-27 03:07:11,018 [INFO] The time difference between the client and the server is within range 160.215 ms..163.320 ms
client 2023-07-27 03:07:11,019 [INFO] Sending command to the server: 'session,2023-07-27_11-01-35,start,testing'
client 2023-07-27 03:07:24,077 [INFO] Got response: 'OK'
client 2023-07-27 03:07:24,077 [INFO] Sending command to the server: 'time'
client 2023-07-27 03:07:24,080 [INFO] Got response: '1690452443.9259198'
client 2023-07-27 03:07:24,080 [INFO] The time difference between the client and the server is within range 151.505 ms..154.828 ms
client 2023-07-27 03:07:24,080 [INFO] Running the workload 'CM_MLPERF_RUN_COUNT=$(cat ${CM_RUN_DIR}/count.txt); echo ${CM_MLPERF_RUN_COUNT}; CM_MLPERF_RUN_COUNT=$((CM_MLPERF_RUN_COUNT+1)); echo ${CM_MLPERF_RUN_COUNT} > ${CM_RUN_DIR}/count.txt && if [ ${CM_MLPERF_RUN_COUNT} -eq "1" ]; then export CM_MLPERF_USER_CONF=${CM_MLPERF_RANGING_USER_CONF}; else export CM_MLPERF_USER_CONF=${CM_MLPERF_TESTING_USER_CONF}; fi && /home/cmuser/run.out'
client 2023-07-27 03:17:25,186 [INFO] Sending command to the server: 'time'
client 2023-07-27 03:17:25,190 [INFO] Got response: '1690453045.0258389'
client 2023-07-27 03:17:25,190 [INFO] The time difference between the client and the server is within range 160.863 ms..165.100 ms
client 2023-07-27 03:17:25,190 [INFO] Sending command to the server: 'session,2023-07-27_11-01-35,stop,testing'
client 2023-07-27 03:17:36,245 [INFO] Got response: 'OK'
client 2023-07-27 03:17:36,245 [INFO] Sending command to the server: 'time'
client 2023-07-27 03:17:36,259 [INFO] Got response: '1690453056.0989835'
client 2023-07-27 03:17:36,260 [INFO] The time difference between the client and the server is within range 146.247 ms..161.083 ms
client 2023-07-27 03:17:36,260 [INFO] Copying loadgen logs from '/home/cmuser/mobilenet_results/valid_results/bb3b3f2d4d2e-tflite_cpp-cpu-tflite-vmaster-default_config/mobilenet-v1-precision_float-0.5-192/singlestream/performance/run_1' to '/home/cmuser/mobilenet_results/valid_results/bb3b3f2d4d2e-tflite_cpp-cpu-tflite-vmaster-default_config/mobilenet-v1-precision_float-0.5-192/singlestream/performance/tmp_power/run_1'
client 2023-07-27 03:17:36,261 [INFO] Done runs
