client 2023-07-12 22:18:46,137 [INFO] Creating output directory '/home/arjun/mobilenet_results/valid_results/phoenix_Amd_Am5-tflite_cpp-cpu-tflite-vmaster-default_config/mobilenet-v1-precision_uint8-0.75-128/singlestream/performance/tmp_power'
client 2023-07-12 22:18:46,138 [INFO] Sending command to the server: 'mlcommons/power client v3'
client 2023-07-12 22:18:46,140 [INFO] Got response: 'mlcommons/power server v3'
client 2023-07-12 22:18:46,140 [INFO] Synchronizing with the server and with time.google.com...
client 2023-07-12 22:18:46,163 [INFO] NTP:offset = -0.014 s, delay = 0.021 s 
client 2023-07-12 22:18:46,163 [INFO] Sending command to the server: 'time'
client 2023-07-12 22:18:46,166 [INFO] Got response: '1689196726.089724'
client 2023-07-12 22:18:46,166 [INFO] The time difference between the client and the server is within range 73.681 ms..76.778 ms
client 2023-07-12 22:18:46,166 [INFO] Sending command to the server: 'new,,39776ab0-7c7f-4512-a63a-b2e4c7d787f6'
client 2023-07-12 22:18:46,169 [INFO] Got response: 'OK 2023-07-12_22-18-46,324e3eba-c93d-41f8-8c3a-4f34c14597d8'
client 2023-07-12 22:18:46,169 [INFO] Session id is '2023-07-12_22-18-46'
client 2023-07-12 22:18:46,169 [INFO] Sources: {"sources": {"__init__.py": "da39a3ee5e6b4b0d3255bfef95601890afd80709", "client.py": "33ca4f26368777ac06e01f9567b714a4b8063886", "lib/__init__.py": "da39a3ee5e6b4b0d3255bfef95601890afd80709", "lib/client.py": "ac2aa093c8e8bbc9569b9e2a3471bc64e58a2258", "lib/common.py": "611d8b29633d331eb19c9455ea3b5fa3284ed6df", "lib/external/__init__.py": "da39a3ee5e6b4b0d3255bfef95601890afd80709", "lib/external/ntplib.py": "4da8f970656505a40483206ef2b5d3dd5e81711d", "lib/server.py": "c7af63c31bb2fbedea4345f571f6e3507d268ada", "lib/source_hashes.py": "60a2e02193209e8d392803326208d5466342da18", "lib/summary.py": "aa92f0a3f975eecd44d3c0cd0236342ccc9f941d", "lib/time_sync.py": "122eba67a9abc85635223e054def53be1367ade2", "server.py": "c3f90f2f7eeb4db30727556d0c815ebc89b3d28b", "tests/unit/__init__.py": "da39a3ee5e6b4b0d3255bfef95601890afd80709", "tests/unit/test_server.py": "948c1995d4008bc2aa6c4046a34ffa3858d6d671", "tests/unit/test_source_hashes.py": "00468a2907583c593e6574a1f6b404e4651c221a"}, "modules": {"ptd_client_server.lib.client": "lib/client.py", "ptd_client_server.lib.common": "lib/common.py", "ptd_client_server.lib.external.ntplib": "lib/external/ntplib.py", "ptd_client_server.lib.source_hashes": "lib/source_hashes.py", "ptd_client_server.lib.summary": "lib/summary.py", "ptd_client_server.lib.time_sync": "lib/time_sync.py"}}
client 2023-07-12 22:18:46,169 [INFO] Running workload in ranging mode
client 2023-07-12 22:18:46,169 [INFO] Synchronizing with the server and with time.google.com...
client 2023-07-12 22:18:46,183 [INFO] NTP:offset = -0.013 s, delay = 0.014 s 
client 2023-07-12 22:18:46,183 [INFO] Sending command to the server: 'time'
client 2023-07-12 22:18:46,185 [INFO] Got response: '1689196726.1106515'
client 2023-07-12 22:18:46,185 [INFO] The time difference between the client and the server is within range 73.269 ms..75.176 ms
client 2023-07-12 22:18:46,185 [INFO] Sending command to the server: 'session,2023-07-12_22-18-46,start,ranging'
client 2023-07-12 22:19:10,063 [INFO] Got response: 'OK'
client 2023-07-12 22:19:10,063 [INFO] Sending command to the server: 'time'
client 2023-07-12 22:19:10,092 [INFO] Got response: '1689196750.0061853'
client 2023-07-12 22:19:10,093 [INFO] The time difference between the client and the server is within range 57.467 ms..86.864 ms
client 2023-07-12 22:19:10,093 [INFO] Running the workload 'CM_MLPERF_RUN_COUNT=$(cat ${CM_RUN_DIR}/count.txt); echo ${CM_MLPERF_RUN_COUNT}; CM_MLPERF_RUN_COUNT=$((CM_MLPERF_RUN_COUNT+1)); echo ${CM_MLPERF_RUN_COUNT} > ${CM_RUN_DIR}/count.txt && if [ ${CM_MLPERF_RUN_COUNT} -eq "1" ]; then export CM_MLPERF_USER_CONF=${CM_MLPERF_RANGING_USER_CONF}; else export CM_MLPERF_USER_CONF=${CM_MLPERF_TESTING_USER_CONF}; fi && /home/arjun/run.out'
client 2023-07-12 22:24:10,727 [INFO] Sending command to the server: 'time'
client 2023-07-12 22:24:10,731 [INFO] Got response: '1689197050.649199'
client 2023-07-12 22:24:10,731 [INFO] The time difference between the client and the server is within range 78.409 ms..81.976 ms
client 2023-07-12 22:24:10,731 [INFO] Sending command to the server: 'session,2023-07-12_22-18-46,stop,ranging'
client 2023-07-12 22:24:21,153 [INFO] Got response: 'OK'
client 2023-07-12 22:24:21,153 [INFO] Sending command to the server: 'time'
client 2023-07-12 22:24:21,158 [INFO] Got response: '1689197061.074232'
client 2023-07-12 22:24:21,158 [INFO] The time difference between the client and the server is within range 79.220 ms..84.371 ms
client 2023-07-12 22:24:21,161 [INFO] Copying loadgen logs from '/home/arjun/mobilenet_results/valid_results/phoenix_Amd_Am5-tflite_cpp-cpu-tflite-vmaster-default_config/mobilenet-v1-precision_uint8-0.75-128/singlestream/performance/run_1' to '/home/arjun/mobilenet_results/valid_results/phoenix_Amd_Am5-tflite_cpp-cpu-tflite-vmaster-default_config/mobilenet-v1-precision_uint8-0.75-128/singlestream/performance/tmp_power/ranging'
client 2023-07-12 22:24:21,162 [INFO] Running workload in testing mode
client 2023-07-12 22:24:21,162 [INFO] Synchronizing with the server and with time.google.com...
client 2023-07-12 22:24:21,181 [INFO] NTP:offset = -0.014 s, delay = 0.019 s 
client 2023-07-12 22:24:21,181 [INFO] Sending command to the server: 'time'
client 2023-07-12 22:24:21,183 [INFO] Got response: '1689197061.1042502'
client 2023-07-12 22:24:21,184 [INFO] The time difference between the client and the server is within range 77.587 ms..79.765 ms
client 2023-07-12 22:24:21,184 [INFO] Sending command to the server: 'session,2023-07-12_22-18-46,start,testing'
client 2023-07-12 22:24:34,246 [INFO] Got response: 'OK'
client 2023-07-12 22:24:34,246 [INFO] Sending command to the server: 'time'
client 2023-07-12 22:24:34,249 [INFO] Got response: '1689197074.16681'
client 2023-07-12 22:24:34,249 [INFO] The time difference between the client and the server is within range 80.103 ms..82.549 ms
client 2023-07-12 22:24:34,249 [INFO] Running the workload 'CM_MLPERF_RUN_COUNT=$(cat ${CM_RUN_DIR}/count.txt); echo ${CM_MLPERF_RUN_COUNT}; CM_MLPERF_RUN_COUNT=$((CM_MLPERF_RUN_COUNT+1)); echo ${CM_MLPERF_RUN_COUNT} > ${CM_RUN_DIR}/count.txt && if [ ${CM_MLPERF_RUN_COUNT} -eq "1" ]; then export CM_MLPERF_USER_CONF=${CM_MLPERF_RANGING_USER_CONF}; else export CM_MLPERF_USER_CONF=${CM_MLPERF_TESTING_USER_CONF}; fi && /home/arjun/run.out'
client 2023-07-12 22:34:35,435 [INFO] Sending command to the server: 'time'
client 2023-07-12 22:34:35,438 [INFO] Got response: '1689197675.3448665'
client 2023-07-12 22:34:35,438 [INFO] The time difference between the client and the server is within range 90.496 ms..93.680 ms
client 2023-07-12 22:34:35,438 [INFO] Sending command to the server: 'session,2023-07-12_22-18-46,stop,testing'
client 2023-07-12 22:34:46,712 [INFO] Got response: 'OK'
client 2023-07-12 22:34:46,712 [INFO] Sending command to the server: 'time'
client 2023-07-12 22:34:46,713 [INFO] Got response: '1689197686.619626'
client 2023-07-12 22:34:46,713 [INFO] The time difference between the client and the server is within range 92.732 ms..94.182 ms
client 2023-07-12 22:34:46,714 [INFO] Copying loadgen logs from '/home/arjun/mobilenet_results/valid_results/phoenix_Amd_Am5-tflite_cpp-cpu-tflite-vmaster-default_config/mobilenet-v1-precision_uint8-0.75-128/singlestream/performance/run_1' to '/home/arjun/mobilenet_results/valid_results/phoenix_Amd_Am5-tflite_cpp-cpu-tflite-vmaster-default_config/mobilenet-v1-precision_uint8-0.75-128/singlestream/performance/tmp_power/run_1'
client 2023-07-12 22:34:46,714 [INFO] Done runs
