client 2023-07-13 05:51:37,284 [INFO] Creating output directory '/home/arjun/mobilenet_results/valid_results/phoenix_Amd_Am5-tflite_cpp-cpu-tflite-vmaster-default_config/mobilenet-v2-precision_float-0.5-224/singlestream/performance/tmp_power'
client 2023-07-13 05:51:37,286 [INFO] Sending command to the server: 'mlcommons/power client v3'
client 2023-07-13 05:51:37,289 [INFO] Got response: 'mlcommons/power server v3'
client 2023-07-13 05:51:37,289 [INFO] Synchronizing with the server and with time.google.com...
client 2023-07-13 05:51:37,315 [INFO] NTP:offset = -0.000 s, delay = 0.015 s 
client 2023-07-13 05:51:37,315 [INFO] Sending command to the server: 'time'
client 2023-07-13 05:51:37,317 [INFO] Got response: '1689223897.245689'
client 2023-07-13 05:51:37,317 [INFO] The time difference between the client and the server is within range 69.835 ms..71.839 ms
client 2023-07-13 05:51:37,317 [INFO] Sending command to the server: 'new,,c3a42c11-aacc-460a-a238-077d0e272b70'
client 2023-07-13 05:51:37,319 [INFO] Got response: 'OK 2023-07-13_05-51-37,5b7abab4-2397-4953-9503-768b91797bf6'
client 2023-07-13 05:51:37,319 [INFO] Session id is '2023-07-13_05-51-37'
client 2023-07-13 05:51:37,319 [INFO] Sources: {"sources": {"__init__.py": "da39a3ee5e6b4b0d3255bfef95601890afd80709", "client.py": "33ca4f26368777ac06e01f9567b714a4b8063886", "lib/__init__.py": "da39a3ee5e6b4b0d3255bfef95601890afd80709", "lib/client.py": "ac2aa093c8e8bbc9569b9e2a3471bc64e58a2258", "lib/common.py": "611d8b29633d331eb19c9455ea3b5fa3284ed6df", "lib/external/__init__.py": "da39a3ee5e6b4b0d3255bfef95601890afd80709", "lib/external/ntplib.py": "4da8f970656505a40483206ef2b5d3dd5e81711d", "lib/server.py": "c7af63c31bb2fbedea4345f571f6e3507d268ada", "lib/source_hashes.py": "60a2e02193209e8d392803326208d5466342da18", "lib/summary.py": "aa92f0a3f975eecd44d3c0cd0236342ccc9f941d", "lib/time_sync.py": "122eba67a9abc85635223e054def53be1367ade2", "server.py": "c3f90f2f7eeb4db30727556d0c815ebc89b3d28b", "tests/unit/__init__.py": "da39a3ee5e6b4b0d3255bfef95601890afd80709", "tests/unit/test_server.py": "948c1995d4008bc2aa6c4046a34ffa3858d6d671", "tests/unit/test_source_hashes.py": "00468a2907583c593e6574a1f6b404e4651c221a"}, "modules": {"ptd_client_server.lib.client": "lib/client.py", "ptd_client_server.lib.common": "lib/common.py", "ptd_client_server.lib.external.ntplib": "lib/external/ntplib.py", "ptd_client_server.lib.source_hashes": "lib/source_hashes.py", "ptd_client_server.lib.summary": "lib/summary.py", "ptd_client_server.lib.time_sync": "lib/time_sync.py"}}
client 2023-07-13 05:51:37,320 [INFO] Running workload in ranging mode
client 2023-07-13 05:51:37,320 [INFO] Synchronizing with the server and with time.google.com...
client 2023-07-13 05:51:37,335 [INFO] NTP:offset = -0.000 s, delay = 0.015 s 
client 2023-07-13 05:51:37,335 [INFO] Sending command to the server: 'time'
client 2023-07-13 05:51:37,338 [INFO] Got response: '1689223897.2667184'
client 2023-07-13 05:51:37,338 [INFO] The time difference between the client and the server is within range 69.244 ms..71.420 ms
client 2023-07-13 05:51:37,338 [INFO] Sending command to the server: 'session,2023-07-13_05-51-37,start,ranging'
client 2023-07-13 05:52:01,145 [INFO] Got response: 'OK'
client 2023-07-13 05:52:01,146 [INFO] Sending command to the server: 'time'
client 2023-07-13 05:52:01,148 [INFO] Got response: '1689223921.0816615'
client 2023-07-13 05:52:01,148 [INFO] The time difference between the client and the server is within range 64.433 ms..66.863 ms
client 2023-07-13 05:52:01,148 [INFO] Running the workload 'CM_MLPERF_RUN_COUNT=$(cat ${CM_RUN_DIR}/count.txt); echo ${CM_MLPERF_RUN_COUNT}; CM_MLPERF_RUN_COUNT=$((CM_MLPERF_RUN_COUNT+1)); echo ${CM_MLPERF_RUN_COUNT} > ${CM_RUN_DIR}/count.txt && if [ ${CM_MLPERF_RUN_COUNT} -eq "1" ]; then export CM_MLPERF_USER_CONF=${CM_MLPERF_RANGING_USER_CONF}; else export CM_MLPERF_USER_CONF=${CM_MLPERF_TESTING_USER_CONF}; fi && /home/arjun/run.out'
client 2023-07-13 05:57:01,740 [INFO] Sending command to the server: 'time'
client 2023-07-13 05:57:01,742 [INFO] Got response: '1689224221.6753178'
client 2023-07-13 05:57:01,742 [INFO] The time difference between the client and the server is within range 64.708 ms..67.552 ms
client 2023-07-13 05:57:01,742 [INFO] Sending command to the server: 'session,2023-07-13_05-51-37,stop,ranging'
client 2023-07-13 05:57:12,403 [INFO] Got response: 'OK'
client 2023-07-13 05:57:12,403 [INFO] Sending command to the server: 'time'
client 2023-07-13 05:57:12,405 [INFO] Got response: '1689224232.332623'
client 2023-07-13 05:57:12,405 [INFO] The time difference between the client and the server is within range 70.746 ms..72.794 ms
client 2023-07-13 05:57:12,408 [INFO] Copying loadgen logs from '/home/arjun/mobilenet_results/valid_results/phoenix_Amd_Am5-tflite_cpp-cpu-tflite-vmaster-default_config/mobilenet-v2-precision_float-0.5-224/singlestream/performance/run_1' to '/home/arjun/mobilenet_results/valid_results/phoenix_Amd_Am5-tflite_cpp-cpu-tflite-vmaster-default_config/mobilenet-v2-precision_float-0.5-224/singlestream/performance/tmp_power/ranging'
client 2023-07-13 05:57:12,408 [INFO] Running workload in testing mode
client 2023-07-13 05:57:12,408 [INFO] Synchronizing with the server and with time.google.com...
client 2023-07-13 05:57:12,422 [INFO] NTP:offset = -0.000 s, delay = 0.014 s 
client 2023-07-13 05:57:12,423 [INFO] Sending command to the server: 'time'
client 2023-07-13 05:57:12,425 [INFO] Got response: '1689224232.3529775'
client 2023-07-13 05:57:12,425 [INFO] The time difference between the client and the server is within range 70.061 ms..72.174 ms
client 2023-07-13 05:57:12,425 [INFO] Sending command to the server: 'session,2023-07-13_05-51-37,start,testing'
client 2023-07-13 05:57:25,491 [INFO] Got response: 'OK'
client 2023-07-13 05:57:25,491 [INFO] Sending command to the server: 'time'
client 2023-07-13 05:57:25,494 [INFO] Got response: '1689224245.426368'
client 2023-07-13 05:57:25,494 [INFO] The time difference between the client and the server is within range 65.378 ms..68.160 ms
client 2023-07-13 05:57:25,494 [INFO] Running the workload 'CM_MLPERF_RUN_COUNT=$(cat ${CM_RUN_DIR}/count.txt); echo ${CM_MLPERF_RUN_COUNT}; CM_MLPERF_RUN_COUNT=$((CM_MLPERF_RUN_COUNT+1)); echo ${CM_MLPERF_RUN_COUNT} > ${CM_RUN_DIR}/count.txt && if [ ${CM_MLPERF_RUN_COUNT} -eq "1" ]; then export CM_MLPERF_USER_CONF=${CM_MLPERF_RANGING_USER_CONF}; else export CM_MLPERF_USER_CONF=${CM_MLPERF_TESTING_USER_CONF}; fi && /home/arjun/run.out'
client 2023-07-13 06:07:26,562 [INFO] Sending command to the server: 'time'
client 2023-07-13 06:07:26,566 [INFO] Got response: '1689224846.5025942'
client 2023-07-13 06:07:26,566 [INFO] The time difference between the client and the server is within range 59.936 ms..63.704 ms
client 2023-07-13 06:07:26,566 [INFO] Sending command to the server: 'session,2023-07-13_05-51-37,stop,testing'
client 2023-07-13 06:07:37,541 [INFO] Got response: 'OK'
client 2023-07-13 06:07:37,541 [INFO] Sending command to the server: 'time'
client 2023-07-13 06:07:37,543 [INFO] Got response: '1689224857.4758608'
client 2023-07-13 06:07:37,543 [INFO] The time difference between the client and the server is within range 65.944 ms..67.819 ms
client 2023-07-13 06:07:37,544 [INFO] Copying loadgen logs from '/home/arjun/mobilenet_results/valid_results/phoenix_Amd_Am5-tflite_cpp-cpu-tflite-vmaster-default_config/mobilenet-v2-precision_float-0.5-224/singlestream/performance/run_1' to '/home/arjun/mobilenet_results/valid_results/phoenix_Amd_Am5-tflite_cpp-cpu-tflite-vmaster-default_config/mobilenet-v2-precision_float-0.5-224/singlestream/performance/tmp_power/run_1'
client 2023-07-13 06:07:37,544 [INFO] Done runs
