client 2023-07-13 05:19:20,038 [INFO] Creating output directory '/home/arjun/mobilenet_results/valid_results/phoenix_Amd_Am5-tflite_cpp-cpu-tflite-vmaster-default_config/mobilenet-v2-precision_float-0.75-128/singlestream/performance/tmp_power'
client 2023-07-13 05:19:20,039 [INFO] Sending command to the server: 'mlcommons/power client v3'
client 2023-07-13 05:19:20,041 [INFO] Got response: 'mlcommons/power server v3'
client 2023-07-13 05:19:20,041 [INFO] Synchronizing with the server and with time.google.com...
client 2023-07-13 05:19:20,058 [INFO] NTP:offset = -0.000 s, delay = 0.016 s 
client 2023-07-13 05:19:20,059 [INFO] Sending command to the server: 'time'
client 2023-07-13 05:19:20,061 [INFO] Got response: '1689221959.998019'
client 2023-07-13 05:19:20,061 [INFO] The time difference between the client and the server is within range 61.063 ms..63.292 ms
client 2023-07-13 05:19:20,061 [INFO] Sending command to the server: 'new,,e8765634-48d6-484a-a709-a16a0b4278df'
client 2023-07-13 05:19:20,063 [INFO] Got response: 'OK 2023-07-13_05-19-19,509decf5-de20-46ee-996e-e1136f00d3c2'
client 2023-07-13 05:19:20,063 [INFO] Session id is '2023-07-13_05-19-19'
client 2023-07-13 05:19:20,063 [INFO] Sources: {"sources": {"__init__.py": "da39a3ee5e6b4b0d3255bfef95601890afd80709", "client.py": "33ca4f26368777ac06e01f9567b714a4b8063886", "lib/__init__.py": "da39a3ee5e6b4b0d3255bfef95601890afd80709", "lib/client.py": "ac2aa093c8e8bbc9569b9e2a3471bc64e58a2258", "lib/common.py": "611d8b29633d331eb19c9455ea3b5fa3284ed6df", "lib/external/__init__.py": "da39a3ee5e6b4b0d3255bfef95601890afd80709", "lib/external/ntplib.py": "4da8f970656505a40483206ef2b5d3dd5e81711d", "lib/server.py": "c7af63c31bb2fbedea4345f571f6e3507d268ada", "lib/source_hashes.py": "60a2e02193209e8d392803326208d5466342da18", "lib/summary.py": "aa92f0a3f975eecd44d3c0cd0236342ccc9f941d", "lib/time_sync.py": "122eba67a9abc85635223e054def53be1367ade2", "server.py": "c3f90f2f7eeb4db30727556d0c815ebc89b3d28b", "tests/unit/__init__.py": "da39a3ee5e6b4b0d3255bfef95601890afd80709", "tests/unit/test_server.py": "948c1995d4008bc2aa6c4046a34ffa3858d6d671", "tests/unit/test_source_hashes.py": "00468a2907583c593e6574a1f6b404e4651c221a"}, "modules": {"ptd_client_server.lib.client": "lib/client.py", "ptd_client_server.lib.common": "lib/common.py", "ptd_client_server.lib.external.ntplib": "lib/external/ntplib.py", "ptd_client_server.lib.source_hashes": "lib/source_hashes.py", "ptd_client_server.lib.summary": "lib/summary.py", "ptd_client_server.lib.time_sync": "lib/time_sync.py"}}
client 2023-07-13 05:19:20,063 [INFO] Running workload in ranging mode
client 2023-07-13 05:19:20,063 [INFO] Synchronizing with the server and with time.google.com...
client 2023-07-13 05:19:20,076 [INFO] NTP:offset = -0.001 s, delay = 0.012 s 
client 2023-07-13 05:19:20,076 [INFO] Sending command to the server: 'time'
client 2023-07-13 05:19:20,077 [INFO] Got response: '1689221960.0081344'
client 2023-07-13 05:19:20,077 [INFO] The time difference between the client and the server is within range 68.081 ms..69.749 ms
client 2023-07-13 05:19:20,077 [INFO] Sending command to the server: 'session,2023-07-13_05-19-19,start,ranging'
client 2023-07-13 05:19:44,059 [INFO] Got response: 'OK'
client 2023-07-13 05:19:44,059 [INFO] Sending command to the server: 'time'
client 2023-07-13 05:19:44,061 [INFO] Got response: '1689221983.993078'
client 2023-07-13 05:19:44,062 [INFO] The time difference between the client and the server is within range 66.484 ms..68.996 ms
client 2023-07-13 05:19:44,062 [INFO] Running the workload 'CM_MLPERF_RUN_COUNT=$(cat ${CM_RUN_DIR}/count.txt); echo ${CM_MLPERF_RUN_COUNT}; CM_MLPERF_RUN_COUNT=$((CM_MLPERF_RUN_COUNT+1)); echo ${CM_MLPERF_RUN_COUNT} > ${CM_RUN_DIR}/count.txt && if [ ${CM_MLPERF_RUN_COUNT} -eq "1" ]; then export CM_MLPERF_USER_CONF=${CM_MLPERF_RANGING_USER_CONF}; else export CM_MLPERF_USER_CONF=${CM_MLPERF_TESTING_USER_CONF}; fi && /home/arjun/run.out'
client 2023-07-13 05:24:44,626 [INFO] Sending command to the server: 'time'
client 2023-07-13 05:24:44,629 [INFO] Got response: '1689222284.5565968'
client 2023-07-13 05:24:44,629 [INFO] The time difference between the client and the server is within range 70.146 ms..73.364 ms
client 2023-07-13 05:24:44,630 [INFO] Sending command to the server: 'session,2023-07-13_05-19-19,stop,ranging'
client 2023-07-13 05:24:55,188 [INFO] Got response: 'OK'
client 2023-07-13 05:24:55,188 [INFO] Sending command to the server: 'time'
client 2023-07-13 05:24:55,190 [INFO] Got response: '1689222295.117633'
client 2023-07-13 05:24:55,190 [INFO] The time difference between the client and the server is within range 70.558 ms..72.584 ms
client 2023-07-13 05:24:55,193 [INFO] Copying loadgen logs from '/home/arjun/mobilenet_results/valid_results/phoenix_Amd_Am5-tflite_cpp-cpu-tflite-vmaster-default_config/mobilenet-v2-precision_float-0.75-128/singlestream/performance/run_1' to '/home/arjun/mobilenet_results/valid_results/phoenix_Amd_Am5-tflite_cpp-cpu-tflite-vmaster-default_config/mobilenet-v2-precision_float-0.75-128/singlestream/performance/tmp_power/ranging'
client 2023-07-13 05:24:55,193 [INFO] Running workload in testing mode
client 2023-07-13 05:24:55,193 [INFO] Synchronizing with the server and with time.google.com...
client 2023-07-13 05:24:55,208 [INFO] NTP:offset = -0.001 s, delay = 0.015 s 
client 2023-07-13 05:24:55,209 [INFO] Sending command to the server: 'time'
client 2023-07-13 05:24:55,211 [INFO] Got response: '1689222295.1379638'
client 2023-07-13 05:24:55,211 [INFO] The time difference between the client and the server is within range 71.095 ms..73.442 ms
client 2023-07-13 05:24:55,211 [INFO] Sending command to the server: 'session,2023-07-13_05-19-19,start,testing'
client 2023-07-13 05:25:08,265 [INFO] Got response: 'OK'
client 2023-07-13 05:25:08,265 [INFO] Sending command to the server: 'time'
client 2023-07-13 05:25:08,267 [INFO] Got response: '1689222308.1964898'
client 2023-07-13 05:25:08,267 [INFO] The time difference between the client and the server is within range 68.962 ms..70.948 ms
client 2023-07-13 05:25:08,267 [INFO] Running the workload 'CM_MLPERF_RUN_COUNT=$(cat ${CM_RUN_DIR}/count.txt); echo ${CM_MLPERF_RUN_COUNT}; CM_MLPERF_RUN_COUNT=$((CM_MLPERF_RUN_COUNT+1)); echo ${CM_MLPERF_RUN_COUNT} > ${CM_RUN_DIR}/count.txt && if [ ${CM_MLPERF_RUN_COUNT} -eq "1" ]; then export CM_MLPERF_USER_CONF=${CM_MLPERF_RANGING_USER_CONF}; else export CM_MLPERF_USER_CONF=${CM_MLPERF_TESTING_USER_CONF}; fi && /home/arjun/run.out'
client 2023-07-13 05:35:09,331 [INFO] Sending command to the server: 'time'
client 2023-07-13 05:35:09,336 [INFO] Got response: '1689222909.2661593'
client 2023-07-13 05:35:09,336 [INFO] The time difference between the client and the server is within range 65.676 ms..70.254 ms
client 2023-07-13 05:35:09,336 [INFO] Sending command to the server: 'session,2023-07-13_05-19-19,stop,testing'
client 2023-07-13 05:35:20,335 [INFO] Got response: 'OK'
client 2023-07-13 05:35:20,335 [INFO] Sending command to the server: 'time'
client 2023-07-13 05:35:20,352 [INFO] Got response: '1689222920.2792978'
client 2023-07-13 05:35:20,353 [INFO] The time difference between the client and the server is within range 56.259 ms..73.732 ms
client 2023-07-13 05:35:20,353 [INFO] Copying loadgen logs from '/home/arjun/mobilenet_results/valid_results/phoenix_Amd_Am5-tflite_cpp-cpu-tflite-vmaster-default_config/mobilenet-v2-precision_float-0.75-128/singlestream/performance/run_1' to '/home/arjun/mobilenet_results/valid_results/phoenix_Amd_Am5-tflite_cpp-cpu-tflite-vmaster-default_config/mobilenet-v2-precision_float-0.75-128/singlestream/performance/tmp_power/run_1'
client 2023-07-13 05:35:20,353 [INFO] Done runs
