client 2023-07-26 14:37:16,461 [INFO] Creating output directory '/home/cmuser/mobilenet_results/valid_results/bb3b3f2d4d2e-tflite_cpp-cpu-tflite-vmaster-default_config/mobilenet-v2-precision_float-1.0-192/singlestream/performance/tmp_power'
client 2023-07-26 14:37:16,465 [INFO] Sending command to the server: 'mlcommons/power client v3'
client 2023-07-26 14:37:16,469 [INFO] Got response: 'mlcommons/power server v3'
client 2023-07-26 14:37:16,469 [INFO] Synchronizing with the server and with time.google.com...
client 2023-07-26 14:37:16,528 [INFO] NTP:offset = 0.000 s, delay = 0.012 s 
client 2023-07-26 14:37:16,528 [INFO] Sending command to the server: 'time'
client 2023-07-26 14:37:16,531 [INFO] Got response: '1690407436.387045'
client 2023-07-26 14:37:16,531 [INFO] The time difference between the client and the server is within range 141.728 ms..144.706 ms
client 2023-07-26 14:37:16,531 [INFO] Sending command to the server: 'new,,a5e8c08a-823c-4267-b590-4cdc9a3b4a68'
client 2023-07-26 14:37:16,534 [INFO] Got response: 'OK 2023-07-26_22-37-16,09ff9e69-369f-4338-9590-f3cbcfb70bff'
client 2023-07-26 14:37:16,534 [INFO] Session id is '2023-07-26_22-37-16'
client 2023-07-26 14:37:16,534 [INFO] Sources: {"sources": {"__init__.py": "da39a3ee5e6b4b0d3255bfef95601890afd80709", "client.py": "33ca4f26368777ac06e01f9567b714a4b8063886", "lib/__init__.py": "da39a3ee5e6b4b0d3255bfef95601890afd80709", "lib/client.py": "ac2aa093c8e8bbc9569b9e2a3471bc64e58a2258", "lib/common.py": "611d8b29633d331eb19c9455ea3b5fa3284ed6df", "lib/external/__init__.py": "da39a3ee5e6b4b0d3255bfef95601890afd80709", "lib/external/ntplib.py": "4da8f970656505a40483206ef2b5d3dd5e81711d", "lib/server.py": "c7af63c31bb2fbedea4345f571f6e3507d268ada", "lib/source_hashes.py": "60a2e02193209e8d392803326208d5466342da18", "lib/summary.py": "aa92f0a3f975eecd44d3c0cd0236342ccc9f941d", "lib/time_sync.py": "122eba67a9abc85635223e054def53be1367ade2", "server.py": "c3f90f2f7eeb4db30727556d0c815ebc89b3d28b", "tests/unit/__init__.py": "da39a3ee5e6b4b0d3255bfef95601890afd80709", "tests/unit/test_server.py": "948c1995d4008bc2aa6c4046a34ffa3858d6d671", "tests/unit/test_source_hashes.py": "00468a2907583c593e6574a1f6b404e4651c221a"}, "modules": {"ptd_client_server.lib.client": "lib/client.py", "ptd_client_server.lib.common": "lib/common.py", "ptd_client_server.lib.external.ntplib": "lib/external/ntplib.py", "ptd_client_server.lib.source_hashes": "lib/source_hashes.py", "ptd_client_server.lib.summary": "lib/summary.py", "ptd_client_server.lib.time_sync": "lib/time_sync.py"}}
client 2023-07-26 14:37:16,534 [INFO] Running workload in ranging mode
client 2023-07-26 14:37:16,534 [INFO] Synchronizing with the server and with time.google.com...
client 2023-07-26 14:37:16,601 [INFO] NTP:offset = -0.002 s, delay = 0.021 s 
client 2023-07-26 14:37:16,601 [INFO] Sending command to the server: 'time'
client 2023-07-26 14:37:16,604 [INFO] Got response: '1690407436.4575644'
client 2023-07-26 14:37:16,604 [INFO] The time difference between the client and the server is within range 143.817 ms..147.061 ms
client 2023-07-26 14:37:16,604 [INFO] Sending command to the server: 'session,2023-07-26_22-37-16,start,ranging'
client 2023-07-26 14:37:40,596 [INFO] Got response: 'OK'
client 2023-07-26 14:37:40,596 [INFO] Sending command to the server: 'time'
client 2023-07-26 14:37:40,599 [INFO] Got response: '1690407460.4488025'
client 2023-07-26 14:37:40,599 [INFO] The time difference between the client and the server is within range 148.116 ms..151.152 ms
client 2023-07-26 14:37:40,600 [INFO] Running the workload 'CM_MLPERF_RUN_COUNT=$(cat ${CM_RUN_DIR}/count.txt); echo ${CM_MLPERF_RUN_COUNT}; CM_MLPERF_RUN_COUNT=$((CM_MLPERF_RUN_COUNT+1)); echo ${CM_MLPERF_RUN_COUNT} > ${CM_RUN_DIR}/count.txt && if [ ${CM_MLPERF_RUN_COUNT} -eq "1" ]; then export CM_MLPERF_USER_CONF=${CM_MLPERF_RANGING_USER_CONF}; else export CM_MLPERF_USER_CONF=${CM_MLPERF_TESTING_USER_CONF}; fi && /home/cmuser/run.out'
client 2023-07-26 14:42:41,179 [INFO] Sending command to the server: 'time'
client 2023-07-26 14:42:41,183 [INFO] Got response: '1690407761.0303948'
client 2023-07-26 14:42:41,183 [INFO] The time difference between the client and the server is within range 148.866 ms..152.818 ms
client 2023-07-26 14:42:41,183 [INFO] Sending command to the server: 'session,2023-07-26_22-37-16,stop,ranging'
client 2023-07-26 14:42:51,845 [INFO] Got response: 'OK'
client 2023-07-26 14:42:51,845 [INFO] Sending command to the server: 'time'
client 2023-07-26 14:42:51,847 [INFO] Got response: '1690407771.6901815'
client 2023-07-26 14:42:51,847 [INFO] The time difference between the client and the server is within range 155.343 ms..157.399 ms
client 2023-07-26 14:42:51,850 [INFO] Copying loadgen logs from '/home/cmuser/mobilenet_results/valid_results/bb3b3f2d4d2e-tflite_cpp-cpu-tflite-vmaster-default_config/mobilenet-v2-precision_float-1.0-192/singlestream/performance/run_1' to '/home/cmuser/mobilenet_results/valid_results/bb3b3f2d4d2e-tflite_cpp-cpu-tflite-vmaster-default_config/mobilenet-v2-precision_float-1.0-192/singlestream/performance/tmp_power/ranging'
client 2023-07-26 14:42:51,851 [INFO] Running workload in testing mode
client 2023-07-26 14:42:51,851 [INFO] Synchronizing with the server and with time.google.com...
client 2023-07-26 14:42:51,900 [INFO] NTP:offset = -0.001 s, delay = 0.014 s 
client 2023-07-26 14:42:51,900 [INFO] Sending command to the server: 'time'
client 2023-07-26 14:42:51,903 [INFO] Got response: '1690407771.750647'
client 2023-07-26 14:42:51,903 [INFO] The time difference between the client and the server is within range 150.254 ms..153.063 ms
client 2023-07-26 14:42:51,903 [INFO] Sending command to the server: 'session,2023-07-26_22-37-16,start,testing'
client 2023-07-26 14:43:04,955 [INFO] Got response: 'OK'
client 2023-07-26 14:43:04,955 [INFO] Sending command to the server: 'time'
client 2023-07-26 14:43:04,959 [INFO] Got response: '1690407784.8051045'
client 2023-07-26 14:43:04,959 [INFO] The time difference between the client and the server is within range 150.425 ms..154.366 ms
client 2023-07-26 14:43:04,959 [INFO] Running the workload 'CM_MLPERF_RUN_COUNT=$(cat ${CM_RUN_DIR}/count.txt); echo ${CM_MLPERF_RUN_COUNT}; CM_MLPERF_RUN_COUNT=$((CM_MLPERF_RUN_COUNT+1)); echo ${CM_MLPERF_RUN_COUNT} > ${CM_RUN_DIR}/count.txt && if [ ${CM_MLPERF_RUN_COUNT} -eq "1" ]; then export CM_MLPERF_USER_CONF=${CM_MLPERF_RANGING_USER_CONF}; else export CM_MLPERF_USER_CONF=${CM_MLPERF_TESTING_USER_CONF}; fi && /home/cmuser/run.out'
client 2023-07-26 14:53:06,033 [INFO] Sending command to the server: 'time'
client 2023-07-26 14:53:06,036 [INFO] Got response: '1690408385.8784652'
client 2023-07-26 14:53:06,036 [INFO] The time difference between the client and the server is within range 155.384 ms..157.877 ms
client 2023-07-26 14:53:06,036 [INFO] Sending command to the server: 'session,2023-07-26_22-37-16,stop,testing'
client 2023-07-26 14:53:17,044 [INFO] Got response: 'OK'
client 2023-07-26 14:53:17,044 [INFO] Sending command to the server: 'time'
client 2023-07-26 14:53:17,046 [INFO] Got response: '1690408396.8882794'
client 2023-07-26 14:53:17,046 [INFO] The time difference between the client and the server is within range 155.844 ms..158.509 ms
client 2023-07-26 14:53:17,047 [INFO] Copying loadgen logs from '/home/cmuser/mobilenet_results/valid_results/bb3b3f2d4d2e-tflite_cpp-cpu-tflite-vmaster-default_config/mobilenet-v2-precision_float-1.0-192/singlestream/performance/run_1' to '/home/cmuser/mobilenet_results/valid_results/bb3b3f2d4d2e-tflite_cpp-cpu-tflite-vmaster-default_config/mobilenet-v2-precision_float-1.0-192/singlestream/performance/tmp_power/run_1'
client 2023-07-26 14:53:17,047 [INFO] Done runs
