client 2023-07-26 12:12:05,635 [INFO] Creating output directory '/home/cmuser/mobilenet_results/valid_results/bb3b3f2d4d2e-tflite_cpp-cpu-tflite-vmaster-default_config/mobilenet-v1-precision_uint8-0.25-224/singlestream/performance/tmp_power'
client 2023-07-26 12:12:05,636 [INFO] Sending command to the server: 'mlcommons/power client v3'
client 2023-07-26 12:12:05,640 [INFO] Got response: 'mlcommons/power server v3'
client 2023-07-26 12:12:05,640 [INFO] Synchronizing with the server and with time.google.com...
client 2023-07-26 12:12:05,702 [INFO] NTP:offset = -0.001 s, delay = 0.019 s 
client 2023-07-26 12:12:05,702 [INFO] Sending command to the server: 'time'
client 2023-07-26 12:12:05,705 [INFO] Got response: '1690398725.654481'
client 2023-07-26 12:12:05,705 [INFO] The time difference between the client and the server is within range 48.311 ms..50.842 ms
client 2023-07-26 12:12:05,705 [INFO] Sending command to the server: 'new,,50762676-275d-4492-8453-f6ddaaaef86d'
client 2023-07-26 12:12:05,707 [INFO] Got response: 'OK 2023-07-26_20-12-05,b71517ef-1488-4636-92b3-4aced6d161f6'
client 2023-07-26 12:12:05,707 [INFO] Session id is '2023-07-26_20-12-05'
client 2023-07-26 12:12:05,708 [INFO] Sources: {"sources": {"__init__.py": "da39a3ee5e6b4b0d3255bfef95601890afd80709", "client.py": "33ca4f26368777ac06e01f9567b714a4b8063886", "lib/__init__.py": "da39a3ee5e6b4b0d3255bfef95601890afd80709", "lib/client.py": "ac2aa093c8e8bbc9569b9e2a3471bc64e58a2258", "lib/common.py": "611d8b29633d331eb19c9455ea3b5fa3284ed6df", "lib/external/__init__.py": "da39a3ee5e6b4b0d3255bfef95601890afd80709", "lib/external/ntplib.py": "4da8f970656505a40483206ef2b5d3dd5e81711d", "lib/server.py": "c7af63c31bb2fbedea4345f571f6e3507d268ada", "lib/source_hashes.py": "60a2e02193209e8d392803326208d5466342da18", "lib/summary.py": "aa92f0a3f975eecd44d3c0cd0236342ccc9f941d", "lib/time_sync.py": "122eba67a9abc85635223e054def53be1367ade2", "server.py": "c3f90f2f7eeb4db30727556d0c815ebc89b3d28b", "tests/unit/__init__.py": "da39a3ee5e6b4b0d3255bfef95601890afd80709", "tests/unit/test_server.py": "948c1995d4008bc2aa6c4046a34ffa3858d6d671", "tests/unit/test_source_hashes.py": "00468a2907583c593e6574a1f6b404e4651c221a"}, "modules": {"ptd_client_server.lib.client": "lib/client.py", "ptd_client_server.lib.common": "lib/common.py", "ptd_client_server.lib.external.ntplib": "lib/external/ntplib.py", "ptd_client_server.lib.source_hashes": "lib/source_hashes.py", "ptd_client_server.lib.summary": "lib/summary.py", "ptd_client_server.lib.time_sync": "lib/time_sync.py"}}
client 2023-07-26 12:12:05,708 [INFO] Running workload in ranging mode
client 2023-07-26 12:12:05,708 [INFO] Synchronizing with the server and with time.google.com...
client 2023-07-26 12:12:05,774 [INFO] NTP:offset = -0.001 s, delay = 0.019 s 
client 2023-07-26 12:12:05,774 [INFO] Sending command to the server: 'time'
client 2023-07-26 12:12:05,777 [INFO] Got response: '1690398725.7255414'
client 2023-07-26 12:12:05,777 [INFO] The time difference between the client and the server is within range 49.241 ms..51.751 ms
client 2023-07-26 12:12:05,777 [INFO] Sending command to the server: 'session,2023-07-26_20-12-05,start,ranging'
client 2023-07-26 12:12:29,667 [INFO] Got response: 'OK'
client 2023-07-26 12:12:29,667 [INFO] Sending command to the server: 'time'
client 2023-07-26 12:12:29,669 [INFO] Got response: '1690398749.6136649'
client 2023-07-26 12:12:29,669 [INFO] The time difference between the client and the server is within range 54.019 ms..55.665 ms
client 2023-07-26 12:12:29,669 [INFO] Running the workload 'CM_MLPERF_RUN_COUNT=$(cat ${CM_RUN_DIR}/count.txt); echo ${CM_MLPERF_RUN_COUNT}; CM_MLPERF_RUN_COUNT=$((CM_MLPERF_RUN_COUNT+1)); echo ${CM_MLPERF_RUN_COUNT} > ${CM_RUN_DIR}/count.txt && if [ ${CM_MLPERF_RUN_COUNT} -eq "1" ]; then export CM_MLPERF_USER_CONF=${CM_MLPERF_RANGING_USER_CONF}; else export CM_MLPERF_USER_CONF=${CM_MLPERF_TESTING_USER_CONF}; fi && /home/cmuser/run.out'
client 2023-07-26 12:17:30,327 [INFO] Sending command to the server: 'time'
client 2023-07-26 12:17:30,330 [INFO] Got response: '1690399050.276543'
client 2023-07-26 12:17:30,330 [INFO] The time difference between the client and the server is within range 50.685 ms..53.739 ms
client 2023-07-26 12:17:30,330 [INFO] Sending command to the server: 'session,2023-07-26_20-12-05,stop,ranging'
client 2023-07-26 12:17:41,089 [INFO] Got response: 'OK'
client 2023-07-26 12:17:41,089 [INFO] Sending command to the server: 'time'
client 2023-07-26 12:17:41,091 [INFO] Got response: '1690399061.0293431'
client 2023-07-26 12:17:41,091 [INFO] The time difference between the client and the server is within range 60.521 ms..62.518 ms
client 2023-07-26 12:17:41,095 [INFO] Copying loadgen logs from '/home/cmuser/mobilenet_results/valid_results/bb3b3f2d4d2e-tflite_cpp-cpu-tflite-vmaster-default_config/mobilenet-v1-precision_uint8-0.25-224/singlestream/performance/run_1' to '/home/cmuser/mobilenet_results/valid_results/bb3b3f2d4d2e-tflite_cpp-cpu-tflite-vmaster-default_config/mobilenet-v1-precision_uint8-0.25-224/singlestream/performance/tmp_power/ranging'
client 2023-07-26 12:17:41,095 [INFO] Running workload in testing mode
client 2023-07-26 12:17:41,095 [INFO] Synchronizing with the server and with time.google.com...
client 2023-07-26 12:17:41,168 [INFO] NTP:offset = -0.001 s, delay = 0.016 s 
client 2023-07-26 12:17:41,168 [INFO] Sending command to the server: 'time'
client 2023-07-26 12:17:41,171 [INFO] Got response: '1690399061.1112459'
client 2023-07-26 12:17:41,171 [INFO] The time difference between the client and the server is within range 57.601 ms..60.185 ms
client 2023-07-26 12:17:41,171 [INFO] Sending command to the server: 'session,2023-07-26_20-12-05,start,testing'
client 2023-07-26 12:17:54,231 [INFO] Got response: 'OK'
client 2023-07-26 12:17:54,231 [INFO] Sending command to the server: 'time'
client 2023-07-26 12:17:54,234 [INFO] Got response: '1690399074.1728566'
client 2023-07-26 12:17:54,234 [INFO] The time difference between the client and the server is within range 58.339 ms..61.290 ms
client 2023-07-26 12:17:54,234 [INFO] Running the workload 'CM_MLPERF_RUN_COUNT=$(cat ${CM_RUN_DIR}/count.txt); echo ${CM_MLPERF_RUN_COUNT}; CM_MLPERF_RUN_COUNT=$((CM_MLPERF_RUN_COUNT+1)); echo ${CM_MLPERF_RUN_COUNT} > ${CM_RUN_DIR}/count.txt && if [ ${CM_MLPERF_RUN_COUNT} -eq "1" ]; then export CM_MLPERF_USER_CONF=${CM_MLPERF_RANGING_USER_CONF}; else export CM_MLPERF_USER_CONF=${CM_MLPERF_TESTING_USER_CONF}; fi && /home/cmuser/run.out'
client 2023-07-26 12:27:55,486 [INFO] Sending command to the server: 'time'
client 2023-07-26 12:27:55,489 [INFO] Got response: '1690399675.427949'
client 2023-07-26 12:27:55,489 [INFO] The time difference between the client and the server is within range 58.223 ms..61.223 ms
client 2023-07-26 12:27:55,489 [INFO] Sending command to the server: 'session,2023-07-26_20-12-05,stop,testing'
client 2023-07-26 12:28:06,334 [INFO] Got response: 'OK'
client 2023-07-26 12:28:06,334 [INFO] Sending command to the server: 'time'
client 2023-07-26 12:28:06,336 [INFO] Got response: '1690399686.2666101'
client 2023-07-26 12:28:06,336 [INFO] The time difference between the client and the server is within range 67.921 ms..69.615 ms
client 2023-07-26 12:28:06,336 [INFO] Copying loadgen logs from '/home/cmuser/mobilenet_results/valid_results/bb3b3f2d4d2e-tflite_cpp-cpu-tflite-vmaster-default_config/mobilenet-v1-precision_uint8-0.25-224/singlestream/performance/run_1' to '/home/cmuser/mobilenet_results/valid_results/bb3b3f2d4d2e-tflite_cpp-cpu-tflite-vmaster-default_config/mobilenet-v1-precision_uint8-0.25-224/singlestream/performance/tmp_power/run_1'
client 2023-07-26 12:28:06,337 [INFO] Done runs
