client 2023-07-26 16:14:08,038 [INFO] Creating output directory '/home/cmuser/mobilenet_results/valid_results/bb3b3f2d4d2e-tflite_cpp-cpu-tflite-vmaster-default_config/mobilenet-v2-precision_float-0.75-224/singlestream/performance/tmp_power'
client 2023-07-26 16:14:08,041 [INFO] Sending command to the server: 'mlcommons/power client v3'
client 2023-07-26 16:14:08,044 [INFO] Got response: 'mlcommons/power server v3'
client 2023-07-26 16:14:08,044 [INFO] Synchronizing with the server and with time.google.com...
client 2023-07-26 16:14:08,098 [INFO] NTP:offset = -0.002 s, delay = 0.020 s 
client 2023-07-26 16:14:08,099 [INFO] Sending command to the server: 'time'
client 2023-07-26 16:14:08,104 [INFO] Got response: '1690413247.97124'
client 2023-07-26 16:14:08,105 [INFO] The time difference between the client and the server is within range 127.808 ms..133.754 ms
client 2023-07-26 16:14:08,105 [INFO] Sending command to the server: 'new,,81cfa630-ec8b-48fd-bc4a-76680a912a25'
client 2023-07-26 16:14:08,107 [INFO] Got response: 'OK 2023-07-27_00-14-07,d153e286-bdf6-4ef5-a855-6ccf9edd3d5d'
client 2023-07-26 16:14:08,107 [INFO] Session id is '2023-07-27_00-14-07'
client 2023-07-26 16:14:08,107 [INFO] Sources: {"sources": {"__init__.py": "da39a3ee5e6b4b0d3255bfef95601890afd80709", "client.py": "33ca4f26368777ac06e01f9567b714a4b8063886", "lib/__init__.py": "da39a3ee5e6b4b0d3255bfef95601890afd80709", "lib/client.py": "ac2aa093c8e8bbc9569b9e2a3471bc64e58a2258", "lib/common.py": "611d8b29633d331eb19c9455ea3b5fa3284ed6df", "lib/external/__init__.py": "da39a3ee5e6b4b0d3255bfef95601890afd80709", "lib/external/ntplib.py": "4da8f970656505a40483206ef2b5d3dd5e81711d", "lib/server.py": "c7af63c31bb2fbedea4345f571f6e3507d268ada", "lib/source_hashes.py": "60a2e02193209e8d392803326208d5466342da18", "lib/summary.py": "aa92f0a3f975eecd44d3c0cd0236342ccc9f941d", "lib/time_sync.py": "122eba67a9abc85635223e054def53be1367ade2", "server.py": "c3f90f2f7eeb4db30727556d0c815ebc89b3d28b", "tests/unit/__init__.py": "da39a3ee5e6b4b0d3255bfef95601890afd80709", "tests/unit/test_server.py": "948c1995d4008bc2aa6c4046a34ffa3858d6d671", "tests/unit/test_source_hashes.py": "00468a2907583c593e6574a1f6b404e4651c221a"}, "modules": {"ptd_client_server.lib.client": "lib/client.py", "ptd_client_server.lib.common": "lib/common.py", "ptd_client_server.lib.external.ntplib": "lib/external/ntplib.py", "ptd_client_server.lib.source_hashes": "lib/source_hashes.py", "ptd_client_server.lib.summary": "lib/summary.py", "ptd_client_server.lib.time_sync": "lib/time_sync.py"}}
client 2023-07-26 16:14:08,107 [INFO] Running workload in ranging mode
client 2023-07-26 16:14:08,107 [INFO] Synchronizing with the server and with time.google.com...
client 2023-07-26 16:14:08,167 [INFO] NTP:offset = -0.001 s, delay = 0.015 s 
client 2023-07-26 16:14:08,168 [INFO] Sending command to the server: 'time'
client 2023-07-26 16:14:08,172 [INFO] Got response: '1690413248.0321746'
client 2023-07-26 16:14:08,172 [INFO] The time difference between the client and the server is within range 135.909 ms..140.795 ms
client 2023-07-26 16:14:08,173 [INFO] Sending command to the server: 'session,2023-07-27_00-14-07,start,ranging'
client 2023-07-26 16:14:32,091 [INFO] Got response: 'OK'
client 2023-07-26 16:14:32,091 [INFO] Sending command to the server: 'time'
client 2023-07-26 16:14:32,093 [INFO] Got response: '1690413271.9586265'
client 2023-07-26 16:14:32,093 [INFO] The time difference between the client and the server is within range 132.668 ms..135.044 ms
client 2023-07-26 16:14:32,093 [INFO] Running the workload 'CM_MLPERF_RUN_COUNT=$(cat ${CM_RUN_DIR}/count.txt); echo ${CM_MLPERF_RUN_COUNT}; CM_MLPERF_RUN_COUNT=$((CM_MLPERF_RUN_COUNT+1)); echo ${CM_MLPERF_RUN_COUNT} > ${CM_RUN_DIR}/count.txt && if [ ${CM_MLPERF_RUN_COUNT} -eq "1" ]; then export CM_MLPERF_USER_CONF=${CM_MLPERF_RANGING_USER_CONF}; else export CM_MLPERF_USER_CONF=${CM_MLPERF_TESTING_USER_CONF}; fi && /home/cmuser/run.out'
client 2023-07-26 16:19:32,702 [INFO] Sending command to the server: 'time'
client 2023-07-26 16:19:32,705 [INFO] Got response: '1690413572.5669932'
client 2023-07-26 16:19:32,705 [INFO] The time difference between the client and the server is within range 135.281 ms..138.447 ms
client 2023-07-26 16:19:32,705 [INFO] Sending command to the server: 'session,2023-07-27_00-14-07,stop,ranging'
client 2023-07-26 16:19:43,474 [INFO] Got response: 'OK'
client 2023-07-26 16:19:43,474 [INFO] Sending command to the server: 'time'
client 2023-07-26 16:19:43,476 [INFO] Got response: '1690413583.3404565'
client 2023-07-26 16:19:43,476 [INFO] The time difference between the client and the server is within range 134.086 ms..136.485 ms
client 2023-07-26 16:19:43,479 [INFO] Copying loadgen logs from '/home/cmuser/mobilenet_results/valid_results/bb3b3f2d4d2e-tflite_cpp-cpu-tflite-vmaster-default_config/mobilenet-v2-precision_float-0.75-224/singlestream/performance/run_1' to '/home/cmuser/mobilenet_results/valid_results/bb3b3f2d4d2e-tflite_cpp-cpu-tflite-vmaster-default_config/mobilenet-v2-precision_float-0.75-224/singlestream/performance/tmp_power/ranging'
client 2023-07-26 16:19:43,479 [INFO] Running workload in testing mode
client 2023-07-26 16:19:43,479 [INFO] Synchronizing with the server and with time.google.com...
client 2023-07-26 16:19:43,538 [INFO] NTP:offset = -0.001 s, delay = 0.021 s 
client 2023-07-26 16:19:43,538 [INFO] Sending command to the server: 'time'
client 2023-07-26 16:19:43,543 [INFO] Got response: '1690413583.4009254'
client 2023-07-26 16:19:43,543 [INFO] The time difference between the client and the server is within range 137.373 ms..142.573 ms
client 2023-07-26 16:19:43,543 [INFO] Sending command to the server: 'session,2023-07-27_00-14-07,start,testing'
client 2023-07-26 16:19:56,598 [INFO] Got response: 'OK'
client 2023-07-26 16:19:56,598 [INFO] Sending command to the server: 'time'
client 2023-07-26 16:19:56,601 [INFO] Got response: '1690413596.4614615'
client 2023-07-26 16:19:56,601 [INFO] The time difference between the client and the server is within range 137.453 ms..140.468 ms
client 2023-07-26 16:19:56,601 [INFO] Running the workload 'CM_MLPERF_RUN_COUNT=$(cat ${CM_RUN_DIR}/count.txt); echo ${CM_MLPERF_RUN_COUNT}; CM_MLPERF_RUN_COUNT=$((CM_MLPERF_RUN_COUNT+1)); echo ${CM_MLPERF_RUN_COUNT} > ${CM_RUN_DIR}/count.txt && if [ ${CM_MLPERF_RUN_COUNT} -eq "1" ]; then export CM_MLPERF_USER_CONF=${CM_MLPERF_RANGING_USER_CONF}; else export CM_MLPERF_USER_CONF=${CM_MLPERF_TESTING_USER_CONF}; fi && /home/cmuser/run.out'
client 2023-07-26 16:29:57,716 [INFO] Sending command to the server: 'time'
client 2023-07-26 16:29:57,720 [INFO] Got response: '1690414197.5783703'
client 2023-07-26 16:29:57,720 [INFO] The time difference between the client and the server is within range 138.116 ms..142.105 ms
client 2023-07-26 16:29:57,720 [INFO] Sending command to the server: 'session,2023-07-27_00-14-07,stop,testing'
client 2023-07-26 16:30:08,710 [INFO] Got response: 'OK'
client 2023-07-26 16:30:08,710 [INFO] Sending command to the server: 'time'
client 2023-07-26 16:30:08,712 [INFO] Got response: '1690414208.5728815'
client 2023-07-26 16:30:08,712 [INFO] The time difference between the client and the server is within range 137.898 ms..139.726 ms
client 2023-07-26 16:30:08,713 [INFO] Copying loadgen logs from '/home/cmuser/mobilenet_results/valid_results/bb3b3f2d4d2e-tflite_cpp-cpu-tflite-vmaster-default_config/mobilenet-v2-precision_float-0.75-224/singlestream/performance/run_1' to '/home/cmuser/mobilenet_results/valid_results/bb3b3f2d4d2e-tflite_cpp-cpu-tflite-vmaster-default_config/mobilenet-v2-precision_float-0.75-224/singlestream/performance/tmp_power/run_1'
client 2023-07-26 16:30:08,713 [INFO] Done runs
