client 2023-07-26 09:46:53,484 [INFO] Creating output directory '/home/cmuser/mobilenet_results/valid_results/bb3b3f2d4d2e-tflite_cpp-cpu-tflite-vmaster-default_config/mobilenet-v1-precision_uint8-0.75-128/singlestream/performance/tmp_power'
client 2023-07-26 09:46:53,487 [INFO] Sending command to the server: 'mlcommons/power client v3'
client 2023-07-26 09:46:53,489 [INFO] Got response: 'mlcommons/power server v3'
client 2023-07-26 09:46:53,489 [INFO] Synchronizing with the server and with time.google.com...
client 2023-07-26 09:46:53,581 [INFO] NTP:offset = -0.001 s, delay = 0.017 s 
client 2023-07-26 09:46:53,581 [INFO] Sending command to the server: 'time'
client 2023-07-26 09:46:53,584 [INFO] Got response: '1690390013.424046'
client 2023-07-26 09:46:53,584 [INFO] The time difference between the client and the server is within range 157.572 ms..160.898 ms
client 2023-07-26 09:46:53,584 [INFO] Sending command to the server: 'new,,6c0e779e-420d-4afd-b5fd-155e0f90eef0'
client 2023-07-26 09:46:53,590 [INFO] Got response: 'OK 2023-07-26_17-46-53,2de37cf9-a669-47a9-a7a2-290880aed59b'
client 2023-07-26 09:46:53,590 [INFO] Session id is '2023-07-26_17-46-53'
client 2023-07-26 09:46:53,590 [INFO] Sources: {"sources": {"__init__.py": "da39a3ee5e6b4b0d3255bfef95601890afd80709", "client.py": "33ca4f26368777ac06e01f9567b714a4b8063886", "lib/__init__.py": "da39a3ee5e6b4b0d3255bfef95601890afd80709", "lib/client.py": "ac2aa093c8e8bbc9569b9e2a3471bc64e58a2258", "lib/common.py": "611d8b29633d331eb19c9455ea3b5fa3284ed6df", "lib/external/__init__.py": "da39a3ee5e6b4b0d3255bfef95601890afd80709", "lib/external/ntplib.py": "4da8f970656505a40483206ef2b5d3dd5e81711d", "lib/server.py": "c7af63c31bb2fbedea4345f571f6e3507d268ada", "lib/source_hashes.py": "60a2e02193209e8d392803326208d5466342da18", "lib/summary.py": "aa92f0a3f975eecd44d3c0cd0236342ccc9f941d", "lib/time_sync.py": "122eba67a9abc85635223e054def53be1367ade2", "server.py": "c3f90f2f7eeb4db30727556d0c815ebc89b3d28b", "tests/unit/__init__.py": "da39a3ee5e6b4b0d3255bfef95601890afd80709", "tests/unit/test_server.py": "948c1995d4008bc2aa6c4046a34ffa3858d6d671", "tests/unit/test_source_hashes.py": "00468a2907583c593e6574a1f6b404e4651c221a"}, "modules": {"ptd_client_server.lib.client": "lib/client.py", "ptd_client_server.lib.common": "lib/common.py", "ptd_client_server.lib.external.ntplib": "lib/external/ntplib.py", "ptd_client_server.lib.source_hashes": "lib/source_hashes.py", "ptd_client_server.lib.summary": "lib/summary.py", "ptd_client_server.lib.time_sync": "lib/time_sync.py"}}
client 2023-07-26 09:46:53,590 [INFO] Running workload in ranging mode
client 2023-07-26 09:46:53,590 [INFO] Synchronizing with the server and with time.google.com...
client 2023-07-26 09:46:53,675 [INFO] NTP:offset = 0.000 s, delay = 0.014 s 
client 2023-07-26 09:46:53,675 [INFO] Sending command to the server: 'time'
client 2023-07-26 09:46:53,679 [INFO] Got response: '1690390013.524675'
client 2023-07-26 09:46:53,679 [INFO] The time difference between the client and the server is within range 151.240 ms..154.630 ms
client 2023-07-26 09:46:53,679 [INFO] Sending command to the server: 'session,2023-07-26_17-46-53,start,ranging'
client 2023-07-26 09:47:17,550 [INFO] Got response: 'OK'
client 2023-07-26 09:47:17,550 [INFO] Sending command to the server: 'time'
client 2023-07-26 09:47:17,552 [INFO] Got response: '1690390037.3939693'
client 2023-07-26 09:47:17,553 [INFO] The time difference between the client and the server is within range 156.344 ms..159.032 ms
client 2023-07-26 09:47:17,553 [INFO] Running the workload 'CM_MLPERF_RUN_COUNT=$(cat ${CM_RUN_DIR}/count.txt); echo ${CM_MLPERF_RUN_COUNT}; CM_MLPERF_RUN_COUNT=$((CM_MLPERF_RUN_COUNT+1)); echo ${CM_MLPERF_RUN_COUNT} > ${CM_RUN_DIR}/count.txt && if [ ${CM_MLPERF_RUN_COUNT} -eq "1" ]; then export CM_MLPERF_USER_CONF=${CM_MLPERF_RANGING_USER_CONF}; else export CM_MLPERF_USER_CONF=${CM_MLPERF_TESTING_USER_CONF}; fi && /home/cmuser/run.out'
client 2023-07-26 09:52:18,174 [INFO] Sending command to the server: 'time'
client 2023-07-26 09:52:18,179 [INFO] Got response: '1690390338.0164888'
client 2023-07-26 09:52:18,179 [INFO] The time difference between the client and the server is within range 158.122 ms..163.277 ms
client 2023-07-26 09:52:18,179 [INFO] Sending command to the server: 'session,2023-07-26_17-46-53,stop,ranging'
client 2023-07-26 09:52:28,845 [INFO] Got response: 'OK'
client 2023-07-26 09:52:28,846 [INFO] Sending command to the server: 'time'
client 2023-07-26 09:52:28,848 [INFO] Got response: '1690390348.6825316'
client 2023-07-26 09:52:28,848 [INFO] The time difference between the client and the server is within range 163.566 ms..165.838 ms
client 2023-07-26 09:52:28,851 [INFO] Copying loadgen logs from '/home/cmuser/mobilenet_results/valid_results/bb3b3f2d4d2e-tflite_cpp-cpu-tflite-vmaster-default_config/mobilenet-v1-precision_uint8-0.75-128/singlestream/performance/run_1' to '/home/cmuser/mobilenet_results/valid_results/bb3b3f2d4d2e-tflite_cpp-cpu-tflite-vmaster-default_config/mobilenet-v1-precision_uint8-0.75-128/singlestream/performance/tmp_power/ranging'
client 2023-07-26 09:52:28,852 [INFO] Running workload in testing mode
client 2023-07-26 09:52:28,852 [INFO] Synchronizing with the server and with time.google.com...
client 2023-07-26 09:52:28,917 [INFO] NTP:offset = -0.001 s, delay = 0.013 s 
client 2023-07-26 09:52:28,917 [INFO] Sending command to the server: 'time'
client 2023-07-26 09:52:28,921 [INFO] Got response: '1690390348.7627912'
client 2023-07-26 09:52:28,921 [INFO] The time difference between the client and the server is within range 155.088 ms..158.344 ms
client 2023-07-26 09:52:28,921 [INFO] Sending command to the server: 'session,2023-07-26_17-46-53,start,testing'
client 2023-07-26 09:52:41,979 [INFO] Got response: 'OK'
client 2023-07-26 09:52:41,980 [INFO] Sending command to the server: 'time'
client 2023-07-26 09:52:41,983 [INFO] Got response: '1690390361.818877'
client 2023-07-26 09:52:41,983 [INFO] The time difference between the client and the server is within range 161.227 ms..164.584 ms
client 2023-07-26 09:52:41,983 [INFO] Running the workload 'CM_MLPERF_RUN_COUNT=$(cat ${CM_RUN_DIR}/count.txt); echo ${CM_MLPERF_RUN_COUNT}; CM_MLPERF_RUN_COUNT=$((CM_MLPERF_RUN_COUNT+1)); echo ${CM_MLPERF_RUN_COUNT} > ${CM_RUN_DIR}/count.txt && if [ ${CM_MLPERF_RUN_COUNT} -eq "1" ]; then export CM_MLPERF_USER_CONF=${CM_MLPERF_RANGING_USER_CONF}; else export CM_MLPERF_USER_CONF=${CM_MLPERF_TESTING_USER_CONF}; fi && /home/cmuser/run.out'
client 2023-07-26 10:02:43,126 [INFO] Sending command to the server: 'time'
client 2023-07-26 10:02:43,130 [INFO] Got response: '1690390962.9600415'
client 2023-07-26 10:02:43,130 [INFO] The time difference between the client and the server is within range 166.021 ms..170.486 ms
client 2023-07-26 10:02:43,130 [INFO] Sending command to the server: 'session,2023-07-26_17-46-53,stop,testing'
client 2023-07-26 10:02:54,399 [INFO] Got response: 'OK'
client 2023-07-26 10:02:54,400 [INFO] Sending command to the server: 'time'
client 2023-07-26 10:02:54,412 [INFO] Got response: '1690390974.2418408'
client 2023-07-26 10:02:54,412 [INFO] The time difference between the client and the server is within range 158.233 ms..170.951 ms
client 2023-07-26 10:02:54,413 [INFO] Copying loadgen logs from '/home/cmuser/mobilenet_results/valid_results/bb3b3f2d4d2e-tflite_cpp-cpu-tflite-vmaster-default_config/mobilenet-v1-precision_uint8-0.75-128/singlestream/performance/run_1' to '/home/cmuser/mobilenet_results/valid_results/bb3b3f2d4d2e-tflite_cpp-cpu-tflite-vmaster-default_config/mobilenet-v1-precision_uint8-0.75-128/singlestream/performance/tmp_power/run_1'
client 2023-07-26 10:02:54,413 [INFO] Done runs
