client 2023-07-26 22:57:33,743 [INFO] Creating output directory '/home/cmuser/mobilenet_results/valid_results/bb3b3f2d4d2e-tflite_cpp-cpu-tflite-vmaster-default_config/mobilenet-v3-precision_float-large-minimalistic-224/singlestream/performance/tmp_power'
client 2023-07-26 22:57:33,745 [INFO] Sending command to the server: 'mlcommons/power client v3'
client 2023-07-26 22:57:33,748 [INFO] Got response: 'mlcommons/power server v3'
client 2023-07-26 22:57:33,748 [INFO] Synchronizing with the server and with time.google.com...
client 2023-07-26 22:57:33,811 [INFO] NTP:offset = 0.002 s, delay = 0.013 s 
client 2023-07-26 22:57:33,811 [INFO] Sending command to the server: 'time'
client 2023-07-26 22:57:33,815 [INFO] Got response: '1690437453.6954367'
client 2023-07-26 22:57:33,815 [INFO] The time difference between the client and the server is within range 116.403 ms..119.964 ms
client 2023-07-26 22:57:33,815 [INFO] Sending command to the server: 'new,,bc2a94e2-65d3-4527-958c-71045b104866'
client 2023-07-26 22:57:33,819 [INFO] Got response: 'OK 2023-07-27_06-57-33,59625240-f231-43ef-8f00-94d08dcc215c'
client 2023-07-26 22:57:33,819 [INFO] Session id is '2023-07-27_06-57-33'
client 2023-07-26 22:57:33,819 [INFO] Sources: {"sources": {"__init__.py": "da39a3ee5e6b4b0d3255bfef95601890afd80709", "client.py": "33ca4f26368777ac06e01f9567b714a4b8063886", "lib/__init__.py": "da39a3ee5e6b4b0d3255bfef95601890afd80709", "lib/client.py": "ac2aa093c8e8bbc9569b9e2a3471bc64e58a2258", "lib/common.py": "611d8b29633d331eb19c9455ea3b5fa3284ed6df", "lib/external/__init__.py": "da39a3ee5e6b4b0d3255bfef95601890afd80709", "lib/external/ntplib.py": "4da8f970656505a40483206ef2b5d3dd5e81711d", "lib/server.py": "c7af63c31bb2fbedea4345f571f6e3507d268ada", "lib/source_hashes.py": "60a2e02193209e8d392803326208d5466342da18", "lib/summary.py": "aa92f0a3f975eecd44d3c0cd0236342ccc9f941d", "lib/time_sync.py": "122eba67a9abc85635223e054def53be1367ade2", "server.py": "c3f90f2f7eeb4db30727556d0c815ebc89b3d28b", "tests/unit/__init__.py": "da39a3ee5e6b4b0d3255bfef95601890afd80709", "tests/unit/test_server.py": "948c1995d4008bc2aa6c4046a34ffa3858d6d671", "tests/unit/test_source_hashes.py": "00468a2907583c593e6574a1f6b404e4651c221a"}, "modules": {"ptd_client_server.lib.client": "lib/client.py", "ptd_client_server.lib.common": "lib/common.py", "ptd_client_server.lib.external.ntplib": "lib/external/ntplib.py", "ptd_client_server.lib.source_hashes": "lib/source_hashes.py", "ptd_client_server.lib.summary": "lib/summary.py", "ptd_client_server.lib.time_sync": "lib/time_sync.py"}}
client 2023-07-26 22:57:33,819 [INFO] Running workload in ranging mode
client 2023-07-26 22:57:33,819 [INFO] Synchronizing with the server and with time.google.com...
client 2023-07-26 22:57:33,891 [INFO] NTP:offset = 0.003 s, delay = 0.016 s 
client 2023-07-26 22:57:33,891 [INFO] Sending command to the server: 'time'
client 2023-07-26 22:57:33,893 [INFO] Got response: '1690437453.7768013'
client 2023-07-26 22:57:33,893 [INFO] The time difference between the client and the server is within range 114.573 ms..116.966 ms
client 2023-07-26 22:57:33,893 [INFO] Sending command to the server: 'session,2023-07-27_06-57-33,start,ranging'
client 2023-07-26 22:57:57,759 [INFO] Got response: 'OK'
client 2023-07-26 22:57:57,759 [INFO] Sending command to the server: 'time'
client 2023-07-26 22:57:57,763 [INFO] Got response: '1690437477.6440759'
client 2023-07-26 22:57:57,763 [INFO] The time difference between the client and the server is within range 115.811 ms..119.020 ms
client 2023-07-26 22:57:57,763 [INFO] Running the workload 'CM_MLPERF_RUN_COUNT=$(cat ${CM_RUN_DIR}/count.txt); echo ${CM_MLPERF_RUN_COUNT}; CM_MLPERF_RUN_COUNT=$((CM_MLPERF_RUN_COUNT+1)); echo ${CM_MLPERF_RUN_COUNT} > ${CM_RUN_DIR}/count.txt && if [ ${CM_MLPERF_RUN_COUNT} -eq "1" ]; then export CM_MLPERF_USER_CONF=${CM_MLPERF_RANGING_USER_CONF}; else export CM_MLPERF_USER_CONF=${CM_MLPERF_TESTING_USER_CONF}; fi && /home/cmuser/run.out'
client 2023-07-26 23:02:58,323 [INFO] Sending command to the server: 'time'
client 2023-07-26 23:02:58,327 [INFO] Got response: '1690437778.2036119'
client 2023-07-26 23:02:58,327 [INFO] The time difference between the client and the server is within range 119.512 ms..123.775 ms
client 2023-07-26 23:02:58,327 [INFO] Sending command to the server: 'session,2023-07-27_06-57-33,stop,ranging'
client 2023-07-26 23:03:09,030 [INFO] Got response: 'OK'
client 2023-07-26 23:03:09,030 [INFO] Sending command to the server: 'time'
client 2023-07-26 23:03:09,032 [INFO] Got response: '1690437788.9143364'
client 2023-07-26 23:03:09,032 [INFO] The time difference between the client and the server is within range 116.176 ms..118.510 ms
client 2023-07-26 23:03:09,036 [INFO] Copying loadgen logs from '/home/cmuser/mobilenet_results/valid_results/bb3b3f2d4d2e-tflite_cpp-cpu-tflite-vmaster-default_config/mobilenet-v3-precision_float-large-minimalistic-224/singlestream/performance/run_1' to '/home/cmuser/mobilenet_results/valid_results/bb3b3f2d4d2e-tflite_cpp-cpu-tflite-vmaster-default_config/mobilenet-v3-precision_float-large-minimalistic-224/singlestream/performance/tmp_power/ranging'
client 2023-07-26 23:03:09,036 [INFO] Running workload in testing mode
client 2023-07-26 23:03:09,036 [INFO] Synchronizing with the server and with time.google.com...
client 2023-07-26 23:03:09,127 [INFO] NTP:offset = 0.001 s, delay = 0.020 s 
client 2023-07-26 23:03:09,127 [INFO] Sending command to the server: 'time'
client 2023-07-26 23:03:09,130 [INFO] Got response: '1690437789.0081553'
client 2023-07-26 23:03:09,131 [INFO] The time difference between the client and the server is within range 119.272 ms..122.926 ms
client 2023-07-26 23:03:09,131 [INFO] Sending command to the server: 'session,2023-07-27_06-57-33,start,testing'
client 2023-07-26 23:03:22,182 [INFO] Got response: 'OK'
client 2023-07-26 23:03:22,183 [INFO] Sending command to the server: 'time'
client 2023-07-26 23:03:22,186 [INFO] Got response: '1690437802.058806'
client 2023-07-26 23:03:22,186 [INFO] The time difference between the client and the server is within range 124.294 ms..127.540 ms
client 2023-07-26 23:03:22,186 [INFO] Running the workload 'CM_MLPERF_RUN_COUNT=$(cat ${CM_RUN_DIR}/count.txt); echo ${CM_MLPERF_RUN_COUNT}; CM_MLPERF_RUN_COUNT=$((CM_MLPERF_RUN_COUNT+1)); echo ${CM_MLPERF_RUN_COUNT} > ${CM_RUN_DIR}/count.txt && if [ ${CM_MLPERF_RUN_COUNT} -eq "1" ]; then export CM_MLPERF_USER_CONF=${CM_MLPERF_RANGING_USER_CONF}; else export CM_MLPERF_USER_CONF=${CM_MLPERF_TESTING_USER_CONF}; fi && /home/cmuser/run.out'
client 2023-07-26 23:13:23,254 [INFO] Sending command to the server: 'time'
client 2023-07-26 23:13:23,258 [INFO] Got response: '1690438403.132878'
client 2023-07-26 23:13:23,258 [INFO] The time difference between the client and the server is within range 121.460 ms..125.519 ms
client 2023-07-26 23:13:23,258 [INFO] Sending command to the server: 'session,2023-07-27_06-57-33,stop,testing'
client 2023-07-26 23:13:34,277 [INFO] Got response: 'OK'
client 2023-07-26 23:13:34,277 [INFO] Sending command to the server: 'time'
client 2023-07-26 23:13:34,279 [INFO] Got response: '1690438414.1486623'
client 2023-07-26 23:13:34,279 [INFO] The time difference between the client and the server is within range 128.698 ms..131.081 ms
client 2023-07-26 23:13:34,280 [INFO] Copying loadgen logs from '/home/cmuser/mobilenet_results/valid_results/bb3b3f2d4d2e-tflite_cpp-cpu-tflite-vmaster-default_config/mobilenet-v3-precision_float-large-minimalistic-224/singlestream/performance/run_1' to '/home/cmuser/mobilenet_results/valid_results/bb3b3f2d4d2e-tflite_cpp-cpu-tflite-vmaster-default_config/mobilenet-v3-precision_float-large-minimalistic-224/singlestream/performance/tmp_power/run_1'
client 2023-07-26 23:13:34,280 [INFO] Done runs
