client 2023-07-27 02:11:15,750 [INFO] Creating output directory '/home/cmuser/mobilenet_results/valid_results/bb3b3f2d4d2e-tflite_cpp-cpu-tflite-vmaster-default_config/efficientnet-int8-lite3/singlestream/performance/tmp_power'
client 2023-07-27 02:11:15,752 [INFO] Sending command to the server: 'mlcommons/power client v3'
client 2023-07-27 02:11:15,753 [INFO] Got response: 'mlcommons/power server v3'
client 2023-07-27 02:11:15,753 [INFO] Synchronizing with the server and with time.google.com...
client 2023-07-27 02:11:15,805 [INFO] NTP:offset = -0.002 s, delay = 0.016 s 
client 2023-07-27 02:11:15,805 [INFO] Sending command to the server: 'time'
client 2023-07-27 02:11:15,810 [INFO] Got response: '1690449075.6698651'
client 2023-07-27 02:11:15,810 [INFO] The time difference between the client and the server is within range 135.538 ms..140.783 ms
client 2023-07-27 02:11:15,810 [INFO] Sending command to the server: 'new,,ceddf079-23d6-4461-97ca-2980b3066be8'
client 2023-07-27 02:11:15,815 [INFO] Got response: 'OK 2023-07-27_10-11-15,728ea318-75d6-419c-82e1-f79a92ab7df7'
client 2023-07-27 02:11:15,815 [INFO] Session id is '2023-07-27_10-11-15'
client 2023-07-27 02:11:15,815 [INFO] Sources: {"sources": {"__init__.py": "da39a3ee5e6b4b0d3255bfef95601890afd80709", "client.py": "33ca4f26368777ac06e01f9567b714a4b8063886", "lib/__init__.py": "da39a3ee5e6b4b0d3255bfef95601890afd80709", "lib/client.py": "ac2aa093c8e8bbc9569b9e2a3471bc64e58a2258", "lib/common.py": "611d8b29633d331eb19c9455ea3b5fa3284ed6df", "lib/external/__init__.py": "da39a3ee5e6b4b0d3255bfef95601890afd80709", "lib/external/ntplib.py": "4da8f970656505a40483206ef2b5d3dd5e81711d", "lib/server.py": "c7af63c31bb2fbedea4345f571f6e3507d268ada", "lib/source_hashes.py": "60a2e02193209e8d392803326208d5466342da18", "lib/summary.py": "aa92f0a3f975eecd44d3c0cd0236342ccc9f941d", "lib/time_sync.py": "122eba67a9abc85635223e054def53be1367ade2", "server.py": "c3f90f2f7eeb4db30727556d0c815ebc89b3d28b", "tests/unit/__init__.py": "da39a3ee5e6b4b0d3255bfef95601890afd80709", "tests/unit/test_server.py": "948c1995d4008bc2aa6c4046a34ffa3858d6d671", "tests/unit/test_source_hashes.py": "00468a2907583c593e6574a1f6b404e4651c221a"}, "modules": {"ptd_client_server.lib.client": "lib/client.py", "ptd_client_server.lib.common": "lib/common.py", "ptd_client_server.lib.external.ntplib": "lib/external/ntplib.py", "ptd_client_server.lib.source_hashes": "lib/source_hashes.py", "ptd_client_server.lib.summary": "lib/summary.py", "ptd_client_server.lib.time_sync": "lib/time_sync.py"}}
client 2023-07-27 02:11:15,815 [INFO] Running workload in ranging mode
client 2023-07-27 02:11:15,815 [INFO] Synchronizing with the server and with time.google.com...
client 2023-07-27 02:11:15,871 [INFO] NTP:offset = -0.001 s, delay = 0.015 s 
client 2023-07-27 02:11:15,871 [INFO] Sending command to the server: 'time'
client 2023-07-27 02:11:15,874 [INFO] Got response: '1690449075.7316446'
client 2023-07-27 02:11:15,874 [INFO] The time difference between the client and the server is within range 139.735 ms..142.556 ms
client 2023-07-27 02:11:15,874 [INFO] Sending command to the server: 'session,2023-07-27_10-11-15,start,ranging'
client 2023-07-27 02:11:39,719 [INFO] Got response: 'OK'
client 2023-07-27 02:11:39,719 [INFO] Sending command to the server: 'time'
client 2023-07-27 02:11:39,722 [INFO] Got response: '1690449099.5792518'
client 2023-07-27 02:11:39,722 [INFO] The time difference between the client and the server is within range 140.018 ms..143.678 ms
client 2023-07-27 02:11:39,722 [INFO] Running the workload 'CM_MLPERF_RUN_COUNT=$(cat ${CM_RUN_DIR}/count.txt); echo ${CM_MLPERF_RUN_COUNT}; CM_MLPERF_RUN_COUNT=$((CM_MLPERF_RUN_COUNT+1)); echo ${CM_MLPERF_RUN_COUNT} > ${CM_RUN_DIR}/count.txt && if [ ${CM_MLPERF_RUN_COUNT} -eq "1" ]; then export CM_MLPERF_USER_CONF=${CM_MLPERF_RANGING_USER_CONF}; else export CM_MLPERF_USER_CONF=${CM_MLPERF_TESTING_USER_CONF}; fi && /home/cmuser/run.out'
client 2023-07-27 02:16:40,325 [INFO] Sending command to the server: 'time'
client 2023-07-27 02:16:40,329 [INFO] Got response: '1690449400.1855345'
client 2023-07-27 02:16:40,329 [INFO] The time difference between the client and the server is within range 139.713 ms..143.908 ms
client 2023-07-27 02:16:40,329 [INFO] Sending command to the server: 'session,2023-07-27_10-11-15,stop,ranging'
client 2023-07-27 02:16:50,919 [INFO] Got response: 'OK'
client 2023-07-27 02:16:50,919 [INFO] Sending command to the server: 'time'
client 2023-07-27 02:16:50,921 [INFO] Got response: '1690449410.7788646'
client 2023-07-27 02:16:50,921 [INFO] The time difference between the client and the server is within range 140.475 ms..142.857 ms
client 2023-07-27 02:16:50,925 [INFO] Copying loadgen logs from '/home/cmuser/mobilenet_results/valid_results/bb3b3f2d4d2e-tflite_cpp-cpu-tflite-vmaster-default_config/efficientnet-int8-lite3/singlestream/performance/run_1' to '/home/cmuser/mobilenet_results/valid_results/bb3b3f2d4d2e-tflite_cpp-cpu-tflite-vmaster-default_config/efficientnet-int8-lite3/singlestream/performance/tmp_power/ranging'
client 2023-07-27 02:16:50,925 [INFO] Running workload in testing mode
client 2023-07-27 02:16:50,925 [INFO] Synchronizing with the server and with time.google.com...
client 2023-07-27 02:16:50,990 [INFO] NTP:offset = -0.001 s, delay = 0.013 s 
client 2023-07-27 02:16:50,990 [INFO] Sending command to the server: 'time'
client 2023-07-27 02:16:50,992 [INFO] Got response: '1690449410.8497407'
client 2023-07-27 02:16:50,992 [INFO] The time difference between the client and the server is within range 140.452 ms..142.841 ms
client 2023-07-27 02:16:50,992 [INFO] Sending command to the server: 'session,2023-07-27_10-11-15,start,testing'
client 2023-07-27 02:17:04,048 [INFO] Got response: 'OK'
client 2023-07-27 02:17:04,048 [INFO] Sending command to the server: 'time'
client 2023-07-27 02:17:04,052 [INFO] Got response: '1690449423.9122355'
client 2023-07-27 02:17:04,052 [INFO] The time difference between the client and the server is within range 136.440 ms..140.128 ms
client 2023-07-27 02:17:04,052 [INFO] Running the workload 'CM_MLPERF_RUN_COUNT=$(cat ${CM_RUN_DIR}/count.txt); echo ${CM_MLPERF_RUN_COUNT}; CM_MLPERF_RUN_COUNT=$((CM_MLPERF_RUN_COUNT+1)); echo ${CM_MLPERF_RUN_COUNT} > ${CM_RUN_DIR}/count.txt && if [ ${CM_MLPERF_RUN_COUNT} -eq "1" ]; then export CM_MLPERF_USER_CONF=${CM_MLPERF_RANGING_USER_CONF}; else export CM_MLPERF_USER_CONF=${CM_MLPERF_TESTING_USER_CONF}; fi && /home/cmuser/run.out'
client 2023-07-27 02:27:05,129 [INFO] Sending command to the server: 'time'
client 2023-07-27 02:27:05,133 [INFO] Got response: '1690450024.9836366'
client 2023-07-27 02:27:05,133 [INFO] The time difference between the client and the server is within range 146.047 ms..149.869 ms
client 2023-07-27 02:27:05,133 [INFO] Sending command to the server: 'session,2023-07-27_10-11-15,stop,testing'
client 2023-07-27 02:27:16,121 [INFO] Got response: 'OK'
client 2023-07-27 02:27:16,121 [INFO] Sending command to the server: 'time'
client 2023-07-27 02:27:16,122 [INFO] Got response: '1690450035.979184'
client 2023-07-27 02:27:16,122 [INFO] The time difference between the client and the server is within range 142.066 ms..143.474 ms
client 2023-07-27 02:27:16,123 [INFO] Copying loadgen logs from '/home/cmuser/mobilenet_results/valid_results/bb3b3f2d4d2e-tflite_cpp-cpu-tflite-vmaster-default_config/efficientnet-int8-lite3/singlestream/performance/run_1' to '/home/cmuser/mobilenet_results/valid_results/bb3b3f2d4d2e-tflite_cpp-cpu-tflite-vmaster-default_config/efficientnet-int8-lite3/singlestream/performance/tmp_power/run_1'
client 2023-07-27 02:27:16,123 [INFO] Done runs
