client 2023-07-26 17:18:44,526 [INFO] Creating output directory '/home/cmuser/mobilenet_results/valid_results/bb3b3f2d4d2e-tflite_cpp-cpu-tflite-vmaster-default_config/mobilenet-v2-precision_float-0.75-160/singlestream/performance/tmp_power'
client 2023-07-26 17:18:44,528 [INFO] Sending command to the server: 'mlcommons/power client v3'
client 2023-07-26 17:18:44,532 [INFO] Got response: 'mlcommons/power server v3'
client 2023-07-26 17:18:44,532 [INFO] Synchronizing with the server and with time.google.com...
client 2023-07-26 17:18:44,581 [INFO] NTP:offset = -0.000 s, delay = 0.013 s 
client 2023-07-26 17:18:44,581 [INFO] Sending command to the server: 'time'
client 2023-07-26 17:18:44,583 [INFO] Got response: '1690417124.4442546'
client 2023-07-26 17:18:44,583 [INFO] The time difference between the client and the server is within range 136.988 ms..139.340 ms
client 2023-07-26 17:18:44,583 [INFO] Sending command to the server: 'new,,048609c6-6654-4fcf-b457-43be90b18ca8'
client 2023-07-26 17:18:44,586 [INFO] Got response: 'OK 2023-07-27_01-18-44,0e3c8d6e-5575-46da-a737-655a3462e1ad'
client 2023-07-26 17:18:44,586 [INFO] Session id is '2023-07-27_01-18-44'
client 2023-07-26 17:18:44,586 [INFO] Sources: {"sources": {"__init__.py": "da39a3ee5e6b4b0d3255bfef95601890afd80709", "client.py": "33ca4f26368777ac06e01f9567b714a4b8063886", "lib/__init__.py": "da39a3ee5e6b4b0d3255bfef95601890afd80709", "lib/client.py": "ac2aa093c8e8bbc9569b9e2a3471bc64e58a2258", "lib/common.py": "611d8b29633d331eb19c9455ea3b5fa3284ed6df", "lib/external/__init__.py": "da39a3ee5e6b4b0d3255bfef95601890afd80709", "lib/external/ntplib.py": "4da8f970656505a40483206ef2b5d3dd5e81711d", "lib/server.py": "c7af63c31bb2fbedea4345f571f6e3507d268ada", "lib/source_hashes.py": "60a2e02193209e8d392803326208d5466342da18", "lib/summary.py": "aa92f0a3f975eecd44d3c0cd0236342ccc9f941d", "lib/time_sync.py": "122eba67a9abc85635223e054def53be1367ade2", "server.py": "c3f90f2f7eeb4db30727556d0c815ebc89b3d28b", "tests/unit/__init__.py": "da39a3ee5e6b4b0d3255bfef95601890afd80709", "tests/unit/test_server.py": "948c1995d4008bc2aa6c4046a34ffa3858d6d671", "tests/unit/test_source_hashes.py": "00468a2907583c593e6574a1f6b404e4651c221a"}, "modules": {"ptd_client_server.lib.client": "lib/client.py", "ptd_client_server.lib.common": "lib/common.py", "ptd_client_server.lib.external.ntplib": "lib/external/ntplib.py", "ptd_client_server.lib.source_hashes": "lib/source_hashes.py", "ptd_client_server.lib.summary": "lib/summary.py", "ptd_client_server.lib.time_sync": "lib/time_sync.py"}}
client 2023-07-26 17:18:44,586 [INFO] Running workload in ranging mode
client 2023-07-26 17:18:44,586 [INFO] Synchronizing with the server and with time.google.com...
client 2023-07-26 17:18:44,640 [INFO] NTP:offset = 0.001 s, delay = 0.016 s 
client 2023-07-26 17:18:44,641 [INFO] Sending command to the server: 'time'
client 2023-07-26 17:18:44,644 [INFO] Got response: '1690417124.4955735'
client 2023-07-26 17:18:44,644 [INFO] The time difference between the client and the server is within range 145.451 ms..148.884 ms
client 2023-07-26 17:18:44,644 [INFO] Sending command to the server: 'session,2023-07-27_01-18-44,start,ranging'
client 2023-07-26 17:19:08,533 [INFO] Got response: 'OK'
client 2023-07-26 17:19:08,533 [INFO] Sending command to the server: 'time'
client 2023-07-26 17:19:08,535 [INFO] Got response: '1690417148.391342'
client 2023-07-26 17:19:08,535 [INFO] The time difference between the client and the server is within range 142.514 ms..144.264 ms
client 2023-07-26 17:19:08,535 [INFO] Running the workload 'CM_MLPERF_RUN_COUNT=$(cat ${CM_RUN_DIR}/count.txt); echo ${CM_MLPERF_RUN_COUNT}; CM_MLPERF_RUN_COUNT=$((CM_MLPERF_RUN_COUNT+1)); echo ${CM_MLPERF_RUN_COUNT} > ${CM_RUN_DIR}/count.txt && if [ ${CM_MLPERF_RUN_COUNT} -eq "1" ]; then export CM_MLPERF_USER_CONF=${CM_MLPERF_RANGING_USER_CONF}; else export CM_MLPERF_USER_CONF=${CM_MLPERF_TESTING_USER_CONF}; fi && /home/cmuser/run.out'
client 2023-07-26 17:24:09,140 [INFO] Sending command to the server: 'time'
client 2023-07-26 17:24:09,142 [INFO] Got response: '1690417448.9991229'
client 2023-07-26 17:24:09,142 [INFO] The time difference between the client and the server is within range 140.946 ms..143.612 ms
client 2023-07-26 17:24:09,142 [INFO] Sending command to the server: 'session,2023-07-27_01-18-44,stop,ranging'
client 2023-07-26 17:24:19,669 [INFO] Got response: 'OK'
client 2023-07-26 17:24:19,669 [INFO] Sending command to the server: 'time'
client 2023-07-26 17:24:19,672 [INFO] Got response: '1690417459.528372'
client 2023-07-26 17:24:19,672 [INFO] The time difference between the client and the server is within range 141.108 ms..144.207 ms
client 2023-07-26 17:24:19,676 [INFO] Copying loadgen logs from '/home/cmuser/mobilenet_results/valid_results/bb3b3f2d4d2e-tflite_cpp-cpu-tflite-vmaster-default_config/mobilenet-v2-precision_float-0.75-160/singlestream/performance/run_1' to '/home/cmuser/mobilenet_results/valid_results/bb3b3f2d4d2e-tflite_cpp-cpu-tflite-vmaster-default_config/mobilenet-v2-precision_float-0.75-160/singlestream/performance/tmp_power/ranging'
client 2023-07-26 17:24:19,676 [INFO] Running workload in testing mode
client 2023-07-26 17:24:19,676 [INFO] Synchronizing with the server and with time.google.com...
client 2023-07-26 17:24:19,739 [INFO] NTP:offset = -0.001 s, delay = 0.013 s 
client 2023-07-26 17:24:19,739 [INFO] Sending command to the server: 'time'
client 2023-07-26 17:24:19,742 [INFO] Got response: '1690417459.6000693'
client 2023-07-26 17:24:19,742 [INFO] The time difference between the client and the server is within range 139.461 ms..142.169 ms
client 2023-07-26 17:24:19,742 [INFO] Sending command to the server: 'session,2023-07-27_01-18-44,start,testing'
client 2023-07-26 17:24:32,807 [INFO] Got response: 'OK'
client 2023-07-26 17:24:32,807 [INFO] Sending command to the server: 'time'
client 2023-07-26 17:24:32,810 [INFO] Got response: '1690417472.6600611'
client 2023-07-26 17:24:32,810 [INFO] The time difference between the client and the server is within range 147.229 ms..150.888 ms
client 2023-07-26 17:24:32,810 [INFO] Running the workload 'CM_MLPERF_RUN_COUNT=$(cat ${CM_RUN_DIR}/count.txt); echo ${CM_MLPERF_RUN_COUNT}; CM_MLPERF_RUN_COUNT=$((CM_MLPERF_RUN_COUNT+1)); echo ${CM_MLPERF_RUN_COUNT} > ${CM_RUN_DIR}/count.txt && if [ ${CM_MLPERF_RUN_COUNT} -eq "1" ]; then export CM_MLPERF_USER_CONF=${CM_MLPERF_RANGING_USER_CONF}; else export CM_MLPERF_USER_CONF=${CM_MLPERF_TESTING_USER_CONF}; fi && /home/cmuser/run.out'
client 2023-07-26 17:34:33,926 [INFO] Sending command to the server: 'time'
client 2023-07-26 17:34:33,931 [INFO] Got response: '1690418073.7796407'
client 2023-07-26 17:34:33,931 [INFO] The time difference between the client and the server is within range 146.539 ms..151.752 ms
client 2023-07-26 17:34:33,931 [INFO] Sending command to the server: 'session,2023-07-27_01-18-44,stop,testing'
client 2023-07-26 17:34:44,889 [INFO] Got response: 'OK'
client 2023-07-26 17:34:44,889 [INFO] Sending command to the server: 'time'
client 2023-07-26 17:34:44,891 [INFO] Got response: '1690418084.7391047'
client 2023-07-26 17:34:44,891 [INFO] The time difference between the client and the server is within range 150.597 ms..152.271 ms
client 2023-07-26 17:34:44,891 [INFO] Copying loadgen logs from '/home/cmuser/mobilenet_results/valid_results/bb3b3f2d4d2e-tflite_cpp-cpu-tflite-vmaster-default_config/mobilenet-v2-precision_float-0.75-160/singlestream/performance/run_1' to '/home/cmuser/mobilenet_results/valid_results/bb3b3f2d4d2e-tflite_cpp-cpu-tflite-vmaster-default_config/mobilenet-v2-precision_float-0.75-160/singlestream/performance/tmp_power/run_1'
client 2023-07-26 17:34:44,892 [INFO] Done runs
