client 2023-07-13 05:03:11,459 [INFO] Creating output directory '/home/arjun/mobilenet_results/valid_results/phoenix_Amd_Am5-tflite_cpp-cpu-tflite-vmaster-default_config/mobilenet-v2-precision_uint8-0.75-160/singlestream/performance/tmp_power'
client 2023-07-13 05:03:11,461 [INFO] Sending command to the server: 'mlcommons/power client v3'
client 2023-07-13 05:03:11,463 [INFO] Got response: 'mlcommons/power server v3'
client 2023-07-13 05:03:11,464 [INFO] Synchronizing with the server and with time.google.com...
client 2023-07-13 05:03:11,481 [INFO] NTP:offset = -0.000 s, delay = 0.016 s 
client 2023-07-13 05:03:11,481 [INFO] Sending command to the server: 'time'
client 2023-07-13 05:03:11,486 [INFO] Got response: '1689220991.4229379'
client 2023-07-13 05:03:11,486 [INFO] The time difference between the client and the server is within range 58.886 ms..64.033 ms
client 2023-07-13 05:03:11,487 [INFO] Sending command to the server: 'new,,385d8057-d0e0-4cc7-a6b5-42a39ecc9fb6'
client 2023-07-13 05:03:11,490 [INFO] Got response: 'OK 2023-07-13_05-03-11,8bae756c-6b1a-4821-8871-942f37c5a316'
client 2023-07-13 05:03:11,490 [INFO] Session id is '2023-07-13_05-03-11'
client 2023-07-13 05:03:11,490 [INFO] Sources: {"sources": {"__init__.py": "da39a3ee5e6b4b0d3255bfef95601890afd80709", "client.py": "33ca4f26368777ac06e01f9567b714a4b8063886", "lib/__init__.py": "da39a3ee5e6b4b0d3255bfef95601890afd80709", "lib/client.py": "ac2aa093c8e8bbc9569b9e2a3471bc64e58a2258", "lib/common.py": "611d8b29633d331eb19c9455ea3b5fa3284ed6df", "lib/external/__init__.py": "da39a3ee5e6b4b0d3255bfef95601890afd80709", "lib/external/ntplib.py": "4da8f970656505a40483206ef2b5d3dd5e81711d", "lib/server.py": "c7af63c31bb2fbedea4345f571f6e3507d268ada", "lib/source_hashes.py": "60a2e02193209e8d392803326208d5466342da18", "lib/summary.py": "aa92f0a3f975eecd44d3c0cd0236342ccc9f941d", "lib/time_sync.py": "122eba67a9abc85635223e054def53be1367ade2", "server.py": "c3f90f2f7eeb4db30727556d0c815ebc89b3d28b", "tests/unit/__init__.py": "da39a3ee5e6b4b0d3255bfef95601890afd80709", "tests/unit/test_server.py": "948c1995d4008bc2aa6c4046a34ffa3858d6d671", "tests/unit/test_source_hashes.py": "00468a2907583c593e6574a1f6b404e4651c221a"}, "modules": {"ptd_client_server.lib.client": "lib/client.py", "ptd_client_server.lib.common": "lib/common.py", "ptd_client_server.lib.external.ntplib": "lib/external/ntplib.py", "ptd_client_server.lib.source_hashes": "lib/source_hashes.py", "ptd_client_server.lib.summary": "lib/summary.py", "ptd_client_server.lib.time_sync": "lib/time_sync.py"}}
client 2023-07-13 05:03:11,490 [INFO] Running workload in ranging mode
client 2023-07-13 05:03:11,490 [INFO] Synchronizing with the server and with time.google.com...
client 2023-07-13 05:03:11,506 [INFO] NTP:offset = -0.000 s, delay = 0.016 s 
client 2023-07-13 05:03:11,506 [INFO] Sending command to the server: 'time'
client 2023-07-13 05:03:11,508 [INFO] Got response: '1689220991.437226'
client 2023-07-13 05:03:11,508 [INFO] The time difference between the client and the server is within range 69.644 ms..71.526 ms
client 2023-07-13 05:03:11,508 [INFO] Sending command to the server: 'session,2023-07-13_05-03-11,start,ranging'
client 2023-07-13 05:03:35,361 [INFO] Got response: 'OK'
client 2023-07-13 05:03:35,361 [INFO] Sending command to the server: 'time'
client 2023-07-13 05:03:35,365 [INFO] Got response: '1689221015.294574'
client 2023-07-13 05:03:35,365 [INFO] The time difference between the client and the server is within range 66.881 ms..70.787 ms
client 2023-07-13 05:03:35,365 [INFO] Running the workload 'CM_MLPERF_RUN_COUNT=$(cat ${CM_RUN_DIR}/count.txt); echo ${CM_MLPERF_RUN_COUNT}; CM_MLPERF_RUN_COUNT=$((CM_MLPERF_RUN_COUNT+1)); echo ${CM_MLPERF_RUN_COUNT} > ${CM_RUN_DIR}/count.txt && if [ ${CM_MLPERF_RUN_COUNT} -eq "1" ]; then export CM_MLPERF_USER_CONF=${CM_MLPERF_RANGING_USER_CONF}; else export CM_MLPERF_USER_CONF=${CM_MLPERF_TESTING_USER_CONF}; fi && /home/arjun/run.out'
client 2023-07-13 05:08:35,881 [INFO] Sending command to the server: 'time'
client 2023-07-13 05:08:35,883 [INFO] Got response: '1689221315.8172524'
client 2023-07-13 05:08:35,883 [INFO] The time difference between the client and the server is within range 63.807 ms..66.025 ms
client 2023-07-13 05:08:35,883 [INFO] Sending command to the server: 'session,2023-07-13_05-03-11,stop,ranging'
client 2023-07-13 05:08:46,483 [INFO] Got response: 'OK'
client 2023-07-13 05:08:46,483 [INFO] Sending command to the server: 'time'
client 2023-07-13 05:08:46,485 [INFO] Got response: '1689221326.4146352'
client 2023-07-13 05:08:46,485 [INFO] The time difference between the client and the server is within range 69.013 ms..70.778 ms
client 2023-07-13 05:08:46,488 [INFO] Copying loadgen logs from '/home/arjun/mobilenet_results/valid_results/phoenix_Amd_Am5-tflite_cpp-cpu-tflite-vmaster-default_config/mobilenet-v2-precision_uint8-0.75-160/singlestream/performance/run_1' to '/home/arjun/mobilenet_results/valid_results/phoenix_Amd_Am5-tflite_cpp-cpu-tflite-vmaster-default_config/mobilenet-v2-precision_uint8-0.75-160/singlestream/performance/tmp_power/ranging'
client 2023-07-13 05:08:46,488 [INFO] Running workload in testing mode
client 2023-07-13 05:08:46,488 [INFO] Synchronizing with the server and with time.google.com...
client 2023-07-13 05:08:46,500 [INFO] NTP:offset = -0.000 s, delay = 0.011 s 
client 2023-07-13 05:08:46,500 [INFO] Sending command to the server: 'time'
client 2023-07-13 05:08:46,503 [INFO] Got response: '1689221326.4350367'
client 2023-07-13 05:08:46,503 [INFO] The time difference between the client and the server is within range 65.726 ms..68.329 ms
client 2023-07-13 05:08:46,503 [INFO] Sending command to the server: 'session,2023-07-13_05-03-11,start,testing'
client 2023-07-13 05:08:59,570 [INFO] Got response: 'OK'
client 2023-07-13 05:08:59,570 [INFO] Sending command to the server: 'time'
client 2023-07-13 05:08:59,573 [INFO] Got response: '1689221339.5031676'
client 2023-07-13 05:08:59,573 [INFO] The time difference between the client and the server is within range 67.289 ms..70.004 ms
client 2023-07-13 05:08:59,573 [INFO] Running the workload 'CM_MLPERF_RUN_COUNT=$(cat ${CM_RUN_DIR}/count.txt); echo ${CM_MLPERF_RUN_COUNT}; CM_MLPERF_RUN_COUNT=$((CM_MLPERF_RUN_COUNT+1)); echo ${CM_MLPERF_RUN_COUNT} > ${CM_RUN_DIR}/count.txt && if [ ${CM_MLPERF_RUN_COUNT} -eq "1" ]; then export CM_MLPERF_USER_CONF=${CM_MLPERF_RANGING_USER_CONF}; else export CM_MLPERF_USER_CONF=${CM_MLPERF_TESTING_USER_CONF}; fi && /home/arjun/run.out'
client 2023-07-13 05:19:00,627 [INFO] Sending command to the server: 'time'
client 2023-07-13 05:19:00,630 [INFO] Got response: '1689221940.560534'
client 2023-07-13 05:19:00,630 [INFO] The time difference between the client and the server is within range 66.634 ms..69.901 ms
client 2023-07-13 05:19:00,630 [INFO] Sending command to the server: 'session,2023-07-13_05-03-11,stop,testing'
client 2023-07-13 05:19:11,657 [INFO] Got response: 'OK'
client 2023-07-13 05:19:11,657 [INFO] Sending command to the server: 'time'
client 2023-07-13 05:19:11,659 [INFO] Got response: '1689221951.591286'
client 2023-07-13 05:19:11,659 [INFO] The time difference between the client and the server is within range 66.452 ms..68.222 ms
client 2023-07-13 05:19:11,659 [INFO] Copying loadgen logs from '/home/arjun/mobilenet_results/valid_results/phoenix_Amd_Am5-tflite_cpp-cpu-tflite-vmaster-default_config/mobilenet-v2-precision_uint8-0.75-160/singlestream/performance/run_1' to '/home/arjun/mobilenet_results/valid_results/phoenix_Amd_Am5-tflite_cpp-cpu-tflite-vmaster-default_config/mobilenet-v2-precision_uint8-0.75-160/singlestream/performance/tmp_power/run_1'
client 2023-07-13 05:19:11,660 [INFO] Done runs
