client 2023-07-13 10:26:05,783 [INFO] Creating output directory '/home/arjun/mobilenet_results/valid_results/phoenix_Amd_Am5-tflite_cpp-cpu-tflite-vmaster-default_config/mobilenet-v3-precision_uint8-large-224/singlestream/performance/tmp_power'
client 2023-07-13 10:26:05,785 [INFO] Sending command to the server: 'mlcommons/power client v3'
client 2023-07-13 10:26:05,786 [INFO] Got response: 'mlcommons/power server v3'
client 2023-07-13 10:26:05,786 [INFO] Synchronizing with the server and with time.google.com...
client 2023-07-13 10:26:05,804 [INFO] NTP:offset = 0.001 s, delay = 0.017 s 
client 2023-07-13 10:26:05,804 [INFO] Sending command to the server: 'time'
client 2023-07-13 10:26:05,807 [INFO] Got response: '1689240365.740874'
client 2023-07-13 10:26:05,807 [INFO] The time difference between the client and the server is within range 63.814 ms..66.195 ms
client 2023-07-13 10:26:05,807 [INFO] Sending command to the server: 'new,,ff8ccd08-9ff7-4046-94c3-c329003c636a'
client 2023-07-13 10:26:05,809 [INFO] Got response: 'OK 2023-07-13_10-26-05,560460aa-4483-4074-bd8d-b0eec0cf2402'
client 2023-07-13 10:26:05,809 [INFO] Session id is '2023-07-13_10-26-05'
client 2023-07-13 10:26:05,809 [INFO] Sources: {"sources": {"__init__.py": "da39a3ee5e6b4b0d3255bfef95601890afd80709", "client.py": "33ca4f26368777ac06e01f9567b714a4b8063886", "lib/__init__.py": "da39a3ee5e6b4b0d3255bfef95601890afd80709", "lib/client.py": "ac2aa093c8e8bbc9569b9e2a3471bc64e58a2258", "lib/common.py": "611d8b29633d331eb19c9455ea3b5fa3284ed6df", "lib/external/__init__.py": "da39a3ee5e6b4b0d3255bfef95601890afd80709", "lib/external/ntplib.py": "4da8f970656505a40483206ef2b5d3dd5e81711d", "lib/server.py": "c7af63c31bb2fbedea4345f571f6e3507d268ada", "lib/source_hashes.py": "60a2e02193209e8d392803326208d5466342da18", "lib/summary.py": "aa92f0a3f975eecd44d3c0cd0236342ccc9f941d", "lib/time_sync.py": "122eba67a9abc85635223e054def53be1367ade2", "server.py": "c3f90f2f7eeb4db30727556d0c815ebc89b3d28b", "tests/unit/__init__.py": "da39a3ee5e6b4b0d3255bfef95601890afd80709", "tests/unit/test_server.py": "948c1995d4008bc2aa6c4046a34ffa3858d6d671", "tests/unit/test_source_hashes.py": "00468a2907583c593e6574a1f6b404e4651c221a"}, "modules": {"ptd_client_server.lib.client": "lib/client.py", "ptd_client_server.lib.common": "lib/common.py", "ptd_client_server.lib.external.ntplib": "lib/external/ntplib.py", "ptd_client_server.lib.source_hashes": "lib/source_hashes.py", "ptd_client_server.lib.summary": "lib/summary.py", "ptd_client_server.lib.time_sync": "lib/time_sync.py"}}
client 2023-07-13 10:26:05,809 [INFO] Running workload in ranging mode
client 2023-07-13 10:26:05,809 [INFO] Synchronizing with the server and with time.google.com...
client 2023-07-13 10:26:05,822 [INFO] NTP:offset = -0.000 s, delay = 0.012 s 
client 2023-07-13 10:26:05,822 [INFO] Sending command to the server: 'time'
client 2023-07-13 10:26:05,825 [INFO] Got response: '1689240365.7610598'
client 2023-07-13 10:26:05,825 [INFO] The time difference between the client and the server is within range 61.647 ms..64.702 ms
client 2023-07-13 10:26:05,825 [INFO] Sending command to the server: 'session,2023-07-13_10-26-05,start,ranging'
client 2023-07-13 10:26:29,658 [INFO] Got response: 'OK'
client 2023-07-13 10:26:29,658 [INFO] Sending command to the server: 'time'
client 2023-07-13 10:26:29,661 [INFO] Got response: '1689240389.588952'
client 2023-07-13 10:26:29,661 [INFO] The time difference between the client and the server is within range 69.262 ms..72.610 ms
client 2023-07-13 10:26:29,661 [INFO] Running the workload 'CM_MLPERF_RUN_COUNT=$(cat ${CM_RUN_DIR}/count.txt); echo ${CM_MLPERF_RUN_COUNT}; CM_MLPERF_RUN_COUNT=$((CM_MLPERF_RUN_COUNT+1)); echo ${CM_MLPERF_RUN_COUNT} > ${CM_RUN_DIR}/count.txt && if [ ${CM_MLPERF_RUN_COUNT} -eq "1" ]; then export CM_MLPERF_USER_CONF=${CM_MLPERF_RANGING_USER_CONF}; else export CM_MLPERF_USER_CONF=${CM_MLPERF_TESTING_USER_CONF}; fi && /home/arjun/run.out'
client 2023-07-13 10:31:30,221 [INFO] Sending command to the server: 'time'
client 2023-07-13 10:31:30,224 [INFO] Got response: '1689240690.1594925'
client 2023-07-13 10:31:30,224 [INFO] The time difference between the client and the server is within range 61.878 ms..64.893 ms
client 2023-07-13 10:31:30,224 [INFO] Sending command to the server: 'session,2023-07-13_10-26-05,stop,ranging'
client 2023-07-13 10:31:41,011 [INFO] Got response: 'OK'
client 2023-07-13 10:31:41,011 [INFO] Sending command to the server: 'time'
client 2023-07-13 10:31:41,013 [INFO] Got response: '1689240700.9476328'
client 2023-07-13 10:31:41,013 [INFO] The time difference between the client and the server is within range 64.049 ms..65.850 ms
client 2023-07-13 10:31:41,015 [INFO] Copying loadgen logs from '/home/arjun/mobilenet_results/valid_results/phoenix_Amd_Am5-tflite_cpp-cpu-tflite-vmaster-default_config/mobilenet-v3-precision_uint8-large-224/singlestream/performance/run_1' to '/home/arjun/mobilenet_results/valid_results/phoenix_Amd_Am5-tflite_cpp-cpu-tflite-vmaster-default_config/mobilenet-v3-precision_uint8-large-224/singlestream/performance/tmp_power/ranging'
client 2023-07-13 10:31:41,015 [INFO] Running workload in testing mode
client 2023-07-13 10:31:41,015 [INFO] Synchronizing with the server and with time.google.com...
client 2023-07-13 10:31:41,031 [INFO] NTP:offset = -0.001 s, delay = 0.015 s 
client 2023-07-13 10:31:41,031 [INFO] Sending command to the server: 'time'
client 2023-07-13 10:31:41,033 [INFO] Got response: '1689240700.9678016'
client 2023-07-13 10:31:41,033 [INFO] The time difference between the client and the server is within range 63.696 ms..65.348 ms
client 2023-07-13 10:31:41,033 [INFO] Sending command to the server: 'session,2023-07-13_10-26-05,start,testing'
client 2023-07-13 10:31:54,084 [INFO] Got response: 'OK'
client 2023-07-13 10:31:54,084 [INFO] Sending command to the server: 'time'
client 2023-07-13 10:31:54,086 [INFO] Got response: '1689240714.0207028'
client 2023-07-13 10:31:54,086 [INFO] The time difference between the client and the server is within range 63.493 ms..65.941 ms
client 2023-07-13 10:31:54,086 [INFO] Running the workload 'CM_MLPERF_RUN_COUNT=$(cat ${CM_RUN_DIR}/count.txt); echo ${CM_MLPERF_RUN_COUNT}; CM_MLPERF_RUN_COUNT=$((CM_MLPERF_RUN_COUNT+1)); echo ${CM_MLPERF_RUN_COUNT} > ${CM_RUN_DIR}/count.txt && if [ ${CM_MLPERF_RUN_COUNT} -eq "1" ]; then export CM_MLPERF_USER_CONF=${CM_MLPERF_RANGING_USER_CONF}; else export CM_MLPERF_USER_CONF=${CM_MLPERF_TESTING_USER_CONF}; fi && /home/arjun/run.out'
client 2023-07-13 10:41:55,124 [INFO] Sending command to the server: 'time'
client 2023-07-13 10:41:55,128 [INFO] Got response: '1689241315.0658083'
client 2023-07-13 10:41:55,128 [INFO] The time difference between the client and the server is within range 58.666 ms..62.373 ms
client 2023-07-13 10:41:55,128 [INFO] Sending command to the server: 'session,2023-07-13_10-26-05,stop,testing'
client 2023-07-13 10:42:06,305 [INFO] Got response: 'OK'
client 2023-07-13 10:42:06,305 [INFO] Sending command to the server: 'time'
client 2023-07-13 10:42:06,307 [INFO] Got response: '1689241326.2424035'
client 2023-07-13 10:42:06,307 [INFO] The time difference between the client and the server is within range 62.806 ms..65.560 ms
client 2023-07-13 10:42:06,308 [INFO] Copying loadgen logs from '/home/arjun/mobilenet_results/valid_results/phoenix_Amd_Am5-tflite_cpp-cpu-tflite-vmaster-default_config/mobilenet-v3-precision_uint8-large-224/singlestream/performance/run_1' to '/home/arjun/mobilenet_results/valid_results/phoenix_Amd_Am5-tflite_cpp-cpu-tflite-vmaster-default_config/mobilenet-v3-precision_uint8-large-224/singlestream/performance/tmp_power/run_1'
client 2023-07-13 10:42:06,308 [INFO] Done runs
