client 2023-07-26 11:39:50,414 [INFO] Creating output directory '/home/cmuser/mobilenet_results/valid_results/bb3b3f2d4d2e-tflite_cpp-cpu-tflite-vmaster-default_config/mobilenet-v1-precision_uint8-0.5-128/singlestream/performance/tmp_power'
client 2023-07-26 11:39:50,416 [INFO] Sending command to the server: 'mlcommons/power client v3'
client 2023-07-26 11:39:50,418 [INFO] Got response: 'mlcommons/power server v3'
client 2023-07-26 11:39:50,418 [INFO] Synchronizing with the server and with time.google.com...
client 2023-07-26 11:39:50,482 [INFO] NTP:offset = -0.000 s, delay = 0.020 s 
client 2023-07-26 11:39:50,482 [INFO] Sending command to the server: 'time'
client 2023-07-26 11:39:50,484 [INFO] Got response: '1690396790.4551625'
client 2023-07-26 11:39:50,484 [INFO] The time difference between the client and the server is within range 27.122 ms..29.725 ms
client 2023-07-26 11:39:50,484 [INFO] Sending command to the server: 'new,,789971d3-5fa8-4d86-9e4d-f5dfe994b6fc'
client 2023-07-26 11:39:50,487 [INFO] Got response: 'OK 2023-07-26_19-39-50,fda1652f-9706-4099-98f9-36396fc5fe9f'
client 2023-07-26 11:39:50,487 [INFO] Session id is '2023-07-26_19-39-50'
client 2023-07-26 11:39:50,487 [INFO] Sources: {"sources": {"__init__.py": "da39a3ee5e6b4b0d3255bfef95601890afd80709", "client.py": "33ca4f26368777ac06e01f9567b714a4b8063886", "lib/__init__.py": "da39a3ee5e6b4b0d3255bfef95601890afd80709", "lib/client.py": "ac2aa093c8e8bbc9569b9e2a3471bc64e58a2258", "lib/common.py": "611d8b29633d331eb19c9455ea3b5fa3284ed6df", "lib/external/__init__.py": "da39a3ee5e6b4b0d3255bfef95601890afd80709", "lib/external/ntplib.py": "4da8f970656505a40483206ef2b5d3dd5e81711d", "lib/server.py": "c7af63c31bb2fbedea4345f571f6e3507d268ada", "lib/source_hashes.py": "60a2e02193209e8d392803326208d5466342da18", "lib/summary.py": "aa92f0a3f975eecd44d3c0cd0236342ccc9f941d", "lib/time_sync.py": "122eba67a9abc85635223e054def53be1367ade2", "server.py": "c3f90f2f7eeb4db30727556d0c815ebc89b3d28b", "tests/unit/__init__.py": "da39a3ee5e6b4b0d3255bfef95601890afd80709", "tests/unit/test_server.py": "948c1995d4008bc2aa6c4046a34ffa3858d6d671", "tests/unit/test_source_hashes.py": "00468a2907583c593e6574a1f6b404e4651c221a"}, "modules": {"ptd_client_server.lib.client": "lib/client.py", "ptd_client_server.lib.common": "lib/common.py", "ptd_client_server.lib.external.ntplib": "lib/external/ntplib.py", "ptd_client_server.lib.source_hashes": "lib/source_hashes.py", "ptd_client_server.lib.summary": "lib/summary.py", "ptd_client_server.lib.time_sync": "lib/time_sync.py"}}
client 2023-07-26 11:39:50,487 [INFO] Running workload in ranging mode
client 2023-07-26 11:39:50,487 [INFO] Synchronizing with the server and with time.google.com...
client 2023-07-26 11:39:50,542 [INFO] NTP:offset = 0.001 s, delay = 0.020 s 
client 2023-07-26 11:39:50,542 [INFO] Sending command to the server: 'time'
client 2023-07-26 11:39:50,545 [INFO] Got response: '1690396790.5160532'
client 2023-07-26 11:39:50,546 [INFO] The time difference between the client and the server is within range 26.631 ms..29.981 ms
client 2023-07-26 11:39:50,546 [INFO] Sending command to the server: 'session,2023-07-26_19-39-50,start,ranging'
client 2023-07-26 11:40:14,400 [INFO] Got response: 'OK'
client 2023-07-26 11:40:14,400 [INFO] Sending command to the server: 'time'
client 2023-07-26 11:40:14,403 [INFO] Got response: '1690396814.373185'
client 2023-07-26 11:40:14,403 [INFO] The time difference between the client and the server is within range 27.011 ms..30.469 ms
client 2023-07-26 11:40:14,403 [INFO] Running the workload 'CM_MLPERF_RUN_COUNT=$(cat ${CM_RUN_DIR}/count.txt); echo ${CM_MLPERF_RUN_COUNT}; CM_MLPERF_RUN_COUNT=$((CM_MLPERF_RUN_COUNT+1)); echo ${CM_MLPERF_RUN_COUNT} > ${CM_RUN_DIR}/count.txt && if [ ${CM_MLPERF_RUN_COUNT} -eq "1" ]; then export CM_MLPERF_USER_CONF=${CM_MLPERF_RANGING_USER_CONF}; else export CM_MLPERF_USER_CONF=${CM_MLPERF_TESTING_USER_CONF}; fi && /home/cmuser/run.out'
client 2023-07-26 11:45:15,043 [INFO] Sending command to the server: 'time'
client 2023-07-26 11:45:15,047 [INFO] Got response: '1690397115.0123816'
client 2023-07-26 11:45:15,047 [INFO] The time difference between the client and the server is within range 30.741 ms..35.580 ms
client 2023-07-26 11:45:15,048 [INFO] Sending command to the server: 'session,2023-07-26_19-39-50,stop,ranging'
client 2023-07-26 11:45:25,531 [INFO] Got response: 'OK'
client 2023-07-26 11:45:25,531 [INFO] Sending command to the server: 'time'
client 2023-07-26 11:45:25,533 [INFO] Got response: '1690397125.4921396'
client 2023-07-26 11:45:25,533 [INFO] The time difference between the client and the server is within range 39.656 ms..41.724 ms
client 2023-07-26 11:45:25,537 [INFO] Copying loadgen logs from '/home/cmuser/mobilenet_results/valid_results/bb3b3f2d4d2e-tflite_cpp-cpu-tflite-vmaster-default_config/mobilenet-v1-precision_uint8-0.5-128/singlestream/performance/run_1' to '/home/cmuser/mobilenet_results/valid_results/bb3b3f2d4d2e-tflite_cpp-cpu-tflite-vmaster-default_config/mobilenet-v1-precision_uint8-0.5-128/singlestream/performance/tmp_power/ranging'
client 2023-07-26 11:45:25,537 [INFO] Running workload in testing mode
client 2023-07-26 11:45:25,537 [INFO] Synchronizing with the server and with time.google.com...
client 2023-07-26 11:45:25,599 [INFO] NTP:offset = 0.001 s, delay = 0.012 s 
client 2023-07-26 11:45:25,600 [INFO] Sending command to the server: 'time'
client 2023-07-26 11:45:25,604 [INFO] Got response: '1690397125.563385'
client 2023-07-26 11:45:25,604 [INFO] The time difference between the client and the server is within range 36.695 ms..40.718 ms
client 2023-07-26 11:45:25,604 [INFO] Sending command to the server: 'session,2023-07-26_19-39-50,start,testing'
client 2023-07-26 11:45:38,653 [INFO] Got response: 'OK'
client 2023-07-26 11:45:38,654 [INFO] Sending command to the server: 'time'
client 2023-07-26 11:45:38,657 [INFO] Got response: '1690397138.6231549'
client 2023-07-26 11:45:38,657 [INFO] The time difference between the client and the server is within range 30.933 ms..34.072 ms
client 2023-07-26 11:45:38,657 [INFO] Running the workload 'CM_MLPERF_RUN_COUNT=$(cat ${CM_RUN_DIR}/count.txt); echo ${CM_MLPERF_RUN_COUNT}; CM_MLPERF_RUN_COUNT=$((CM_MLPERF_RUN_COUNT+1)); echo ${CM_MLPERF_RUN_COUNT} > ${CM_RUN_DIR}/count.txt && if [ ${CM_MLPERF_RUN_COUNT} -eq "1" ]; then export CM_MLPERF_USER_CONF=${CM_MLPERF_RANGING_USER_CONF}; else export CM_MLPERF_USER_CONF=${CM_MLPERF_TESTING_USER_CONF}; fi && /home/cmuser/run.out'
client 2023-07-26 11:55:39,942 [INFO] Sending command to the server: 'time'
client 2023-07-26 11:55:39,946 [INFO] Got response: '1690397739.9010706'
client 2023-07-26 11:55:39,946 [INFO] The time difference between the client and the server is within range 41.218 ms..45.208 ms
client 2023-07-26 11:55:39,946 [INFO] Sending command to the server: 'session,2023-07-26_19-39-50,stop,testing'
client 2023-07-26 11:55:50,734 [INFO] Got response: 'OK'
client 2023-07-26 11:55:50,735 [INFO] Sending command to the server: 'time'
client 2023-07-26 11:55:50,738 [INFO] Got response: '1690397750.6959279'
client 2023-07-26 11:55:50,738 [INFO] The time difference between the client and the server is within range 39.122 ms..42.583 ms
client 2023-07-26 11:55:50,739 [INFO] Copying loadgen logs from '/home/cmuser/mobilenet_results/valid_results/bb3b3f2d4d2e-tflite_cpp-cpu-tflite-vmaster-default_config/mobilenet-v1-precision_uint8-0.5-128/singlestream/performance/run_1' to '/home/cmuser/mobilenet_results/valid_results/bb3b3f2d4d2e-tflite_cpp-cpu-tflite-vmaster-default_config/mobilenet-v1-precision_uint8-0.5-128/singlestream/performance/tmp_power/run_1'
client 2023-07-26 11:55:50,739 [INFO] Done runs
