client 2023-07-22 21:58:00,882 [INFO] Creating output directory '/home/cmuser/results_dir/valid_results/28df27c48ad9-nvidia_original-gpu-tensorrt-vdefault-default_config/retinanet/offline/performance/tmp_power'
client 2023-07-22 21:58:00,885 [INFO] Sending command to the server: 'mlcommons/power client v3'
client 2023-07-22 21:58:00,886 [INFO] Got response: 'mlcommons/power server v3'
client 2023-07-22 21:58:00,886 [INFO] Synchronizing with the server and with time.google.com...
client 2023-07-22 21:58:00,919 [INFO] NTP:offset = 0.002 s, delay = 0.020 s 
client 2023-07-22 21:58:00,920 [INFO] Sending command to the server: 'time'
client 2023-07-22 21:58:00,923 [INFO] Got response: '1690063080.9691148'
client 2023-07-22 21:58:00,923 [INFO] The time difference between the client and the server is within range -49.087 ms..-45.256 ms
client 2023-07-22 21:58:00,923 [INFO] Sending command to the server: 'new,,970409da-8269-4d2a-a6b0-0d2ad75e1526'
client 2023-07-22 21:58:00,948 [INFO] Got response: 'OK 2023-07-22_22-58-00,18de7136-8855-440f-9621-978fca316de3'
client 2023-07-22 21:58:00,948 [INFO] Session id is '2023-07-22_22-58-00'
client 2023-07-22 21:58:00,948 [INFO] Sources: {"sources": {"__init__.py": "da39a3ee5e6b4b0d3255bfef95601890afd80709", "client.py": "33ca4f26368777ac06e01f9567b714a4b8063886", "lib/__init__.py": "da39a3ee5e6b4b0d3255bfef95601890afd80709", "lib/client.py": "ac2aa093c8e8bbc9569b9e2a3471bc64e58a2258", "lib/common.py": "611d8b29633d331eb19c9455ea3b5fa3284ed6df", "lib/external/__init__.py": "da39a3ee5e6b4b0d3255bfef95601890afd80709", "lib/external/ntplib.py": "4da8f970656505a40483206ef2b5d3dd5e81711d", "lib/server.py": "c7af63c31bb2fbedea4345f571f6e3507d268ada", "lib/source_hashes.py": "60a2e02193209e8d392803326208d5466342da18", "lib/summary.py": "aa92f0a3f975eecd44d3c0cd0236342ccc9f941d", "lib/time_sync.py": "122eba67a9abc85635223e054def53be1367ade2", "server.py": "c3f90f2f7eeb4db30727556d0c815ebc89b3d28b", "tests/unit/__init__.py": "da39a3ee5e6b4b0d3255bfef95601890afd80709", "tests/unit/test_server.py": "948c1995d4008bc2aa6c4046a34ffa3858d6d671", "tests/unit/test_source_hashes.py": "00468a2907583c593e6574a1f6b404e4651c221a"}, "modules": {"ptd_client_server.lib.client": "lib/client.py", "ptd_client_server.lib.common": "lib/common.py", "ptd_client_server.lib.external.ntplib": "lib/external/ntplib.py", "ptd_client_server.lib.source_hashes": "lib/source_hashes.py", "ptd_client_server.lib.summary": "lib/summary.py", "ptd_client_server.lib.time_sync": "lib/time_sync.py"}}
client 2023-07-22 21:58:00,948 [INFO] Running workload in ranging mode
client 2023-07-22 21:58:00,948 [INFO] Synchronizing with the server and with time.google.com...
client 2023-07-22 21:58:00,976 [INFO] NTP:offset = 0.003 s, delay = 0.015 s 
client 2023-07-22 21:58:00,977 [INFO] Sending command to the server: 'time'
client 2023-07-22 21:58:00,990 [INFO] Got response: '1690063081.0295925'
client 2023-07-22 21:58:00,990 [INFO] The time difference between the client and the server is within range -52.544 ms..-38.831 ms
client 2023-07-22 21:58:00,990 [INFO] Sending command to the server: 'session,2023-07-22_22-58-00,start,ranging'
client 2023-07-22 21:58:24,869 [INFO] Got response: 'OK'
client 2023-07-22 21:58:24,869 [INFO] Sending command to the server: 'time'
client 2023-07-22 21:58:24,881 [INFO] Got response: '1690063104.9166977'
client 2023-07-22 21:58:24,881 [INFO] The time difference between the client and the server is within range -47.217 ms..-34.749 ms
client 2023-07-22 21:58:24,881 [INFO] Running the workload 'CM_MLPERF_RUN_COUNT=$(cat ${CM_RUN_DIR}/count.txt); echo ${CM_MLPERF_RUN_COUNT}; CM_MLPERF_RUN_COUNT=$((CM_MLPERF_RUN_COUNT+1)); echo ${CM_MLPERF_RUN_COUNT} > ${CM_RUN_DIR}/count.txt && if [ ${CM_MLPERF_RUN_COUNT} -eq "1" ]; then export CM_MLPERF_USER_CONF=${CM_MLPERF_RANGING_USER_CONF}; else export CM_MLPERF_USER_CONF=${CM_MLPERF_TESTING_USER_CONF}; fi && make run_harness RUN_ARGS=" --benchmarks=retinanet --scenarios=offline --test_mode=PerformanceOnly --offline_expected_qps=650 --user_conf_path=${CM_MLPERF_USER_CONF} --mlperf_conf_path=/home/cmuser/CM/repos/local/cache/669f6ef943704402/inference/mlperf.conf --gpu_batch_size=2 --no_audit_verify "'
client 2023-07-22 22:04:17,779 [INFO] Sending command to the server: 'time'
client 2023-07-22 22:04:17,785 [INFO] Got response: '1690063457.8441865'
client 2023-07-22 22:04:17,785 [INFO] The time difference between the client and the server is within range -64.515 ms..-58.606 ms
client 2023-07-22 22:04:17,785 [INFO] Sending command to the server: 'session,2023-07-22_22-58-00,stop,ranging'
client 2023-07-22 22:04:28,029 [INFO] Got response: 'OK'
client 2023-07-22 22:04:28,029 [INFO] Sending command to the server: 'time'
client 2023-07-22 22:04:28,041 [INFO] Got response: '1690063468.0930793'
client 2023-07-22 22:04:28,041 [INFO] The time difference between the client and the server is within range -63.897 ms..-51.163 ms
client 2023-07-22 22:04:28,044 [INFO] Copying loadgen logs from '/home/cmuser/results_dir/valid_results/28df27c48ad9-nvidia_original-gpu-tensorrt-vdefault-default_config/retinanet/offline/performance/run_1' to '/home/cmuser/results_dir/valid_results/28df27c48ad9-nvidia_original-gpu-tensorrt-vdefault-default_config/retinanet/offline/performance/tmp_power/ranging'
client 2023-07-22 22:04:28,044 [INFO] Running workload in testing mode
client 2023-07-22 22:04:28,045 [INFO] Synchronizing with the server and with time.google.com...
client 2023-07-22 22:04:28,073 [INFO] NTP:offset = 0.003 s, delay = 0.015 s 
client 2023-07-22 22:04:28,073 [INFO] Sending command to the server: 'time'
client 2023-07-22 22:04:28,076 [INFO] Got response: '1690063468.1391132'
client 2023-07-22 22:04:28,076 [INFO] The time difference between the client and the server is within range -66.005 ms..-62.531 ms
client 2023-07-22 22:04:28,076 [INFO] Sending command to the server: 'session,2023-07-22_22-58-00,start,testing'
client 2023-07-22 22:04:41,130 [INFO] Got response: 'OK'
client 2023-07-22 22:04:41,130 [INFO] Sending command to the server: 'time'
client 2023-07-22 22:04:41,133 [INFO] Got response: '1690063481.1918638'
client 2023-07-22 22:04:41,133 [INFO] The time difference between the client and the server is within range -61.531 ms..-58.607 ms
client 2023-07-22 22:04:41,133 [INFO] Running the workload 'CM_MLPERF_RUN_COUNT=$(cat ${CM_RUN_DIR}/count.txt); echo ${CM_MLPERF_RUN_COUNT}; CM_MLPERF_RUN_COUNT=$((CM_MLPERF_RUN_COUNT+1)); echo ${CM_MLPERF_RUN_COUNT} > ${CM_RUN_DIR}/count.txt && if [ ${CM_MLPERF_RUN_COUNT} -eq "1" ]; then export CM_MLPERF_USER_CONF=${CM_MLPERF_RANGING_USER_CONF}; else export CM_MLPERF_USER_CONF=${CM_MLPERF_TESTING_USER_CONF}; fi && make run_harness RUN_ARGS=" --benchmarks=retinanet --scenarios=offline --test_mode=PerformanceOnly --offline_expected_qps=650 --user_conf_path=${CM_MLPERF_USER_CONF} --mlperf_conf_path=/home/cmuser/CM/repos/local/cache/669f6ef943704402/inference/mlperf.conf --gpu_batch_size=2 --no_audit_verify "'
client 2023-07-22 22:16:20,835 [INFO] Sending command to the server: 'time'
client 2023-07-22 22:16:20,844 [INFO] Got response: '1690064180.9071758'
client 2023-07-22 22:16:20,844 [INFO] The time difference between the client and the server is within range -71.216 ms..-62.633 ms
client 2023-07-22 22:16:20,844 [INFO] Sending command to the server: 'session,2023-07-22_22-58-00,stop,testing'
client 2023-07-22 22:16:31,683 [INFO] Got response: 'OK'
client 2023-07-22 22:16:31,683 [INFO] Sending command to the server: 'time'
client 2023-07-22 22:16:31,685 [INFO] Got response: '1690064191.759577'
client 2023-07-22 22:16:31,685 [INFO] The time difference between the client and the server is within range -76.307 ms..-74.421 ms
client 2023-07-22 22:16:31,685 [INFO] Copying loadgen logs from '/home/cmuser/results_dir/valid_results/28df27c48ad9-nvidia_original-gpu-tensorrt-vdefault-default_config/retinanet/offline/performance/run_1' to '/home/cmuser/results_dir/valid_results/28df27c48ad9-nvidia_original-gpu-tensorrt-vdefault-default_config/retinanet/offline/performance/tmp_power/run_1'
client 2023-07-22 22:16:31,685 [INFO] Done runs
