client 2023-07-13 07:44:37,737 [INFO] Creating output directory '/home/arjun/mobilenet_results/valid_results/phoenix_Amd_Am5-tflite_cpp-cpu-tflite-vmaster-default_config/mobilenet-v2-precision_uint8-0.5-128/singlestream/performance/tmp_power'
client 2023-07-13 07:44:37,738 [INFO] Sending command to the server: 'mlcommons/power client v3'
client 2023-07-13 07:44:37,741 [INFO] Got response: 'mlcommons/power server v3'
client 2023-07-13 07:44:37,741 [INFO] Synchronizing with the server and with time.google.com...
client 2023-07-13 07:44:37,756 [INFO] NTP:offset = -0.001 s, delay = 0.014 s 
client 2023-07-13 07:44:37,756 [INFO] Sending command to the server: 'time'
client 2023-07-13 07:44:37,758 [INFO] Got response: '1689230677.6785629'
client 2023-07-13 07:44:37,758 [INFO] The time difference between the client and the server is within range 78.142 ms..80.296 ms
client 2023-07-13 07:44:37,758 [INFO] Sending command to the server: 'new,,c055b41e-d593-4f6c-be6f-2466061008dc'
client 2023-07-13 07:44:37,762 [INFO] Got response: 'OK 2023-07-13_07-44-37,99f3a6d6-ab81-4174-93fd-247c1d12ec64'
client 2023-07-13 07:44:37,762 [INFO] Session id is '2023-07-13_07-44-37'
client 2023-07-13 07:44:37,762 [INFO] Sources: {"sources": {"__init__.py": "da39a3ee5e6b4b0d3255bfef95601890afd80709", "client.py": "33ca4f26368777ac06e01f9567b714a4b8063886", "lib/__init__.py": "da39a3ee5e6b4b0d3255bfef95601890afd80709", "lib/client.py": "ac2aa093c8e8bbc9569b9e2a3471bc64e58a2258", "lib/common.py": "611d8b29633d331eb19c9455ea3b5fa3284ed6df", "lib/external/__init__.py": "da39a3ee5e6b4b0d3255bfef95601890afd80709", "lib/external/ntplib.py": "4da8f970656505a40483206ef2b5d3dd5e81711d", "lib/server.py": "c7af63c31bb2fbedea4345f571f6e3507d268ada", "lib/source_hashes.py": "60a2e02193209e8d392803326208d5466342da18", "lib/summary.py": "aa92f0a3f975eecd44d3c0cd0236342ccc9f941d", "lib/time_sync.py": "122eba67a9abc85635223e054def53be1367ade2", "server.py": "c3f90f2f7eeb4db30727556d0c815ebc89b3d28b", "tests/unit/__init__.py": "da39a3ee5e6b4b0d3255bfef95601890afd80709", "tests/unit/test_server.py": "948c1995d4008bc2aa6c4046a34ffa3858d6d671", "tests/unit/test_source_hashes.py": "00468a2907583c593e6574a1f6b404e4651c221a"}, "modules": {"ptd_client_server.lib.client": "lib/client.py", "ptd_client_server.lib.common": "lib/common.py", "ptd_client_server.lib.external.ntplib": "lib/external/ntplib.py", "ptd_client_server.lib.source_hashes": "lib/source_hashes.py", "ptd_client_server.lib.summary": "lib/summary.py", "ptd_client_server.lib.time_sync": "lib/time_sync.py"}}
client 2023-07-13 07:44:37,762 [INFO] Running workload in ranging mode
client 2023-07-13 07:44:37,762 [INFO] Synchronizing with the server and with time.google.com...
client 2023-07-13 07:44:37,778 [INFO] NTP:offset = 0.001 s, delay = 0.015 s 
client 2023-07-13 07:44:37,778 [INFO] Sending command to the server: 'time'
client 2023-07-13 07:44:37,779 [INFO] Got response: '1689230677.6988428'
client 2023-07-13 07:44:37,779 [INFO] The time difference between the client and the server is within range 79.216 ms..81.150 ms
client 2023-07-13 07:44:37,780 [INFO] Sending command to the server: 'session,2023-07-13_07-44-37,start,ranging'
client 2023-07-13 07:45:01,663 [INFO] Got response: 'OK'
client 2023-07-13 07:45:01,663 [INFO] Sending command to the server: 'time'
client 2023-07-13 07:45:01,667 [INFO] Got response: '1689230701.5873618'
client 2023-07-13 07:45:01,667 [INFO] The time difference between the client and the server is within range 76.580 ms..80.207 ms
client 2023-07-13 07:45:01,667 [INFO] Running the workload 'CM_MLPERF_RUN_COUNT=$(cat ${CM_RUN_DIR}/count.txt); echo ${CM_MLPERF_RUN_COUNT}; CM_MLPERF_RUN_COUNT=$((CM_MLPERF_RUN_COUNT+1)); echo ${CM_MLPERF_RUN_COUNT} > ${CM_RUN_DIR}/count.txt && if [ ${CM_MLPERF_RUN_COUNT} -eq "1" ]; then export CM_MLPERF_USER_CONF=${CM_MLPERF_RANGING_USER_CONF}; else export CM_MLPERF_USER_CONF=${CM_MLPERF_TESTING_USER_CONF}; fi && /home/arjun/run.out'
client 2023-07-13 07:50:02,245 [INFO] Sending command to the server: 'time'
client 2023-07-13 07:50:02,249 [INFO] Got response: '1689231002.1752658'
client 2023-07-13 07:50:02,249 [INFO] The time difference between the client and the server is within range 70.688 ms..73.958 ms
client 2023-07-13 07:50:02,249 [INFO] Sending command to the server: 'session,2023-07-13_07-44-37,stop,ranging'
client 2023-07-13 07:50:12,878 [INFO] Got response: 'OK'
client 2023-07-13 07:50:12,878 [INFO] Sending command to the server: 'time'
client 2023-07-13 07:50:12,881 [INFO] Got response: '1689231012.8042672'
client 2023-07-13 07:50:12,881 [INFO] The time difference between the client and the server is within range 74.589 ms..76.838 ms
client 2023-07-13 07:50:12,883 [INFO] Copying loadgen logs from '/home/arjun/mobilenet_results/valid_results/phoenix_Amd_Am5-tflite_cpp-cpu-tflite-vmaster-default_config/mobilenet-v2-precision_uint8-0.5-128/singlestream/performance/run_1' to '/home/arjun/mobilenet_results/valid_results/phoenix_Amd_Am5-tflite_cpp-cpu-tflite-vmaster-default_config/mobilenet-v2-precision_uint8-0.5-128/singlestream/performance/tmp_power/ranging'
client 2023-07-13 07:50:12,884 [INFO] Running workload in testing mode
client 2023-07-13 07:50:12,884 [INFO] Synchronizing with the server and with time.google.com...
client 2023-07-13 07:50:12,900 [INFO] NTP:offset = 0.000 s, delay = 0.015 s 
client 2023-07-13 07:50:12,900 [INFO] Sending command to the server: 'time'
client 2023-07-13 07:50:12,902 [INFO] Got response: '1689231012.824655'
client 2023-07-13 07:50:12,903 [INFO] The time difference between the client and the server is within range 75.818 ms..78.375 ms
client 2023-07-13 07:50:12,903 [INFO] Sending command to the server: 'session,2023-07-13_07-44-37,start,testing'
client 2023-07-13 07:50:25,970 [INFO] Got response: 'OK'
client 2023-07-13 07:50:25,970 [INFO] Sending command to the server: 'time'
client 2023-07-13 07:50:25,972 [INFO] Got response: '1689231025.896341'
client 2023-07-13 07:50:25,972 [INFO] The time difference between the client and the server is within range 74.431 ms..76.238 ms
client 2023-07-13 07:50:25,972 [INFO] Running the workload 'CM_MLPERF_RUN_COUNT=$(cat ${CM_RUN_DIR}/count.txt); echo ${CM_MLPERF_RUN_COUNT}; CM_MLPERF_RUN_COUNT=$((CM_MLPERF_RUN_COUNT+1)); echo ${CM_MLPERF_RUN_COUNT} > ${CM_RUN_DIR}/count.txt && if [ ${CM_MLPERF_RUN_COUNT} -eq "1" ]; then export CM_MLPERF_USER_CONF=${CM_MLPERF_RANGING_USER_CONF}; else export CM_MLPERF_USER_CONF=${CM_MLPERF_TESTING_USER_CONF}; fi && /home/arjun/run.out'
client 2023-07-13 08:00:27,135 [INFO] Sending command to the server: 'time'
client 2023-07-13 08:00:27,138 [INFO] Got response: '1689231627.0639172'
client 2023-07-13 08:00:27,138 [INFO] The time difference between the client and the server is within range 71.167 ms..74.764 ms
client 2023-07-13 08:00:27,138 [INFO] Sending command to the server: 'session,2023-07-13_07-44-37,stop,testing'
client 2023-07-13 08:00:38,050 [INFO] Got response: 'OK'
client 2023-07-13 08:00:38,050 [INFO] Sending command to the server: 'time'
client 2023-07-13 08:00:38,052 [INFO] Got response: '1689231637.9804544'
client 2023-07-13 08:00:38,052 [INFO] The time difference between the client and the server is within range 70.392 ms..72.393 ms
client 2023-07-13 08:00:38,053 [INFO] Copying loadgen logs from '/home/arjun/mobilenet_results/valid_results/phoenix_Amd_Am5-tflite_cpp-cpu-tflite-vmaster-default_config/mobilenet-v2-precision_uint8-0.5-128/singlestream/performance/run_1' to '/home/arjun/mobilenet_results/valid_results/phoenix_Amd_Am5-tflite_cpp-cpu-tflite-vmaster-default_config/mobilenet-v2-precision_uint8-0.5-128/singlestream/performance/tmp_power/run_1'
client 2023-07-13 08:00:38,053 [INFO] Done runs
