client 2023-07-13 13:39:45,685 [INFO] Creating output directory '/home/arjun/mobilenet_results/valid_results/phoenix_Amd_Am5-tflite_cpp-cpu-tflite-vmaster-default_config/efficientnet-fp32-lite3/singlestream/performance/tmp_power'
client 2023-07-13 13:39:45,687 [INFO] Sending command to the server: 'mlcommons/power client v3'
client 2023-07-13 13:39:45,689 [INFO] Got response: 'mlcommons/power server v3'
client 2023-07-13 13:39:45,689 [INFO] Synchronizing with the server and with time.google.com...
client 2023-07-13 13:39:45,722 [INFO] NTP:offset = -0.001 s, delay = 0.019 s 
client 2023-07-13 13:39:45,722 [INFO] Sending command to the server: 'time'
client 2023-07-13 13:39:45,725 [INFO] Got response: '1689251985.6280775'
client 2023-07-13 13:39:45,725 [INFO] The time difference between the client and the server is within range 94.032 ms..97.234 ms
client 2023-07-13 13:39:45,725 [INFO] Sending command to the server: 'new,,18823a8d-cdd7-4594-806c-72ac2f3f9e69'
client 2023-07-13 13:39:45,737 [INFO] Got response: 'OK 2023-07-13_13-39-45,2d5a5e8d-6fa2-4a0e-b21c-d19dae2ea18e'
client 2023-07-13 13:39:45,737 [INFO] Session id is '2023-07-13_13-39-45'
client 2023-07-13 13:39:45,737 [INFO] Sources: {"sources": {"__init__.py": "da39a3ee5e6b4b0d3255bfef95601890afd80709", "client.py": "33ca4f26368777ac06e01f9567b714a4b8063886", "lib/__init__.py": "da39a3ee5e6b4b0d3255bfef95601890afd80709", "lib/client.py": "ac2aa093c8e8bbc9569b9e2a3471bc64e58a2258", "lib/common.py": "611d8b29633d331eb19c9455ea3b5fa3284ed6df", "lib/external/__init__.py": "da39a3ee5e6b4b0d3255bfef95601890afd80709", "lib/external/ntplib.py": "4da8f970656505a40483206ef2b5d3dd5e81711d", "lib/server.py": "c7af63c31bb2fbedea4345f571f6e3507d268ada", "lib/source_hashes.py": "60a2e02193209e8d392803326208d5466342da18", "lib/summary.py": "aa92f0a3f975eecd44d3c0cd0236342ccc9f941d", "lib/time_sync.py": "122eba67a9abc85635223e054def53be1367ade2", "server.py": "c3f90f2f7eeb4db30727556d0c815ebc89b3d28b", "tests/unit/__init__.py": "da39a3ee5e6b4b0d3255bfef95601890afd80709", "tests/unit/test_server.py": "948c1995d4008bc2aa6c4046a34ffa3858d6d671", "tests/unit/test_source_hashes.py": "00468a2907583c593e6574a1f6b404e4651c221a"}, "modules": {"ptd_client_server.lib.client": "lib/client.py", "ptd_client_server.lib.common": "lib/common.py", "ptd_client_server.lib.external.ntplib": "lib/external/ntplib.py", "ptd_client_server.lib.source_hashes": "lib/source_hashes.py", "ptd_client_server.lib.summary": "lib/summary.py", "ptd_client_server.lib.time_sync": "lib/time_sync.py"}}
client 2023-07-13 13:39:45,738 [INFO] Running workload in ranging mode
client 2023-07-13 13:39:45,738 [INFO] Synchronizing with the server and with time.google.com...
client 2023-07-13 13:39:45,753 [INFO] NTP:offset = -0.001 s, delay = 0.015 s 
client 2023-07-13 13:39:45,753 [INFO] Sending command to the server: 'time'
client 2023-07-13 13:39:45,755 [INFO] Got response: '1689251985.6584036'
client 2023-07-13 13:39:45,755 [INFO] The time difference between the client and the server is within range 95.293 ms..97.365 ms
client 2023-07-13 13:39:45,755 [INFO] Sending command to the server: 'session,2023-07-13_13-39-45,start,ranging'
client 2023-07-13 13:40:09,625 [INFO] Got response: 'OK'
client 2023-07-13 13:40:09,625 [INFO] Sending command to the server: 'time'
client 2023-07-13 13:40:09,635 [INFO] Got response: '1689252009.5397468'
client 2023-07-13 13:40:09,635 [INFO] The time difference between the client and the server is within range 85.912 ms..95.860 ms
client 2023-07-13 13:40:09,635 [INFO] Running the workload 'CM_MLPERF_RUN_COUNT=$(cat ${CM_RUN_DIR}/count.txt); echo ${CM_MLPERF_RUN_COUNT}; CM_MLPERF_RUN_COUNT=$((CM_MLPERF_RUN_COUNT+1)); echo ${CM_MLPERF_RUN_COUNT} > ${CM_RUN_DIR}/count.txt && if [ ${CM_MLPERF_RUN_COUNT} -eq "1" ]; then export CM_MLPERF_USER_CONF=${CM_MLPERF_RANGING_USER_CONF}; else export CM_MLPERF_USER_CONF=${CM_MLPERF_TESTING_USER_CONF}; fi && /home/arjun/run.out'
client 2023-07-13 13:45:10,686 [INFO] Sending command to the server: 'time'
client 2023-07-13 13:45:10,690 [INFO] Got response: '1689252310.5905519'
client 2023-07-13 13:45:10,690 [INFO] The time difference between the client and the server is within range 95.980 ms..99.826 ms
client 2023-07-13 13:45:10,690 [INFO] Sending command to the server: 'session,2023-07-13_13-39-45,stop,ranging'
client 2023-07-13 13:45:22,008 [INFO] Got response: 'OK'
client 2023-07-13 13:45:22,008 [INFO] Sending command to the server: 'time'
client 2023-07-13 13:45:22,011 [INFO] Got response: '1689252321.9168005'
client 2023-07-13 13:45:22,011 [INFO] The time difference between the client and the server is within range 92.137 ms..94.537 ms
client 2023-07-13 13:45:22,013 [INFO] Copying loadgen logs from '/home/arjun/mobilenet_results/valid_results/phoenix_Amd_Am5-tflite_cpp-cpu-tflite-vmaster-default_config/efficientnet-fp32-lite3/singlestream/performance/run_1' to '/home/arjun/mobilenet_results/valid_results/phoenix_Amd_Am5-tflite_cpp-cpu-tflite-vmaster-default_config/efficientnet-fp32-lite3/singlestream/performance/tmp_power/ranging'
client 2023-07-13 13:45:22,013 [INFO] Running workload in testing mode
client 2023-07-13 13:45:22,013 [INFO] Synchronizing with the server and with time.google.com...
client 2023-07-13 13:45:22,030 [INFO] NTP:offset = -0.001 s, delay = 0.016 s 
client 2023-07-13 13:45:22,030 [INFO] Sending command to the server: 'time'
client 2023-07-13 13:45:22,032 [INFO] Got response: '1689252321.9371364'
client 2023-07-13 13:45:22,032 [INFO] The time difference between the client and the server is within range 93.207 ms..95.237 ms
client 2023-07-13 13:45:22,032 [INFO] Sending command to the server: 'session,2023-07-13_13-39-45,start,testing'
client 2023-07-13 13:45:35,094 [INFO] Got response: 'OK'
client 2023-07-13 13:45:35,094 [INFO] Sending command to the server: 'time'
client 2023-07-13 13:45:35,097 [INFO] Got response: '1689252335.002249'
client 2023-07-13 13:45:35,097 [INFO] The time difference between the client and the server is within range 92.485 ms..95.065 ms
client 2023-07-13 13:45:35,097 [INFO] Running the workload 'CM_MLPERF_RUN_COUNT=$(cat ${CM_RUN_DIR}/count.txt); echo ${CM_MLPERF_RUN_COUNT}; CM_MLPERF_RUN_COUNT=$((CM_MLPERF_RUN_COUNT+1)); echo ${CM_MLPERF_RUN_COUNT} > ${CM_RUN_DIR}/count.txt && if [ ${CM_MLPERF_RUN_COUNT} -eq "1" ]; then export CM_MLPERF_USER_CONF=${CM_MLPERF_RANGING_USER_CONF}; else export CM_MLPERF_USER_CONF=${CM_MLPERF_TESTING_USER_CONF}; fi && /home/arjun/run.out'
client 2023-07-13 13:55:36,095 [INFO] Sending command to the server: 'time'
client 2023-07-13 13:55:36,100 [INFO] Got response: '1689252935.9910913'
client 2023-07-13 13:55:36,100 [INFO] The time difference between the client and the server is within range 104.773 ms..109.160 ms
client 2023-07-13 13:55:36,100 [INFO] Sending command to the server: 'session,2023-07-13_13-39-45,stop,testing'
client 2023-07-13 13:55:46,282 [INFO] Got response: 'OK'
client 2023-07-13 13:55:46,282 [INFO] Sending command to the server: 'time'
client 2023-07-13 13:55:46,284 [INFO] Got response: '1689252946.1725864'
client 2023-07-13 13:55:46,284 [INFO] The time difference between the client and the server is within range 109.985 ms..111.572 ms
client 2023-07-13 13:55:46,284 [INFO] Copying loadgen logs from '/home/arjun/mobilenet_results/valid_results/phoenix_Amd_Am5-tflite_cpp-cpu-tflite-vmaster-default_config/efficientnet-fp32-lite3/singlestream/performance/run_1' to '/home/arjun/mobilenet_results/valid_results/phoenix_Amd_Am5-tflite_cpp-cpu-tflite-vmaster-default_config/efficientnet-fp32-lite3/singlestream/performance/tmp_power/run_1'
client 2023-07-13 13:55:46,284 [INFO] Done runs
