client 2023-07-26 18:55:31,273 [INFO] Creating output directory '/home/cmuser/mobilenet_results/valid_results/bb3b3f2d4d2e-tflite_cpp-cpu-tflite-vmaster-default_config/mobilenet-v2-precision_float-0.5-192/singlestream/performance/tmp_power'
client 2023-07-26 18:55:31,275 [INFO] Sending command to the server: 'mlcommons/power client v3'
client 2023-07-26 18:55:31,277 [INFO] Got response: 'mlcommons/power server v3'
client 2023-07-26 18:55:31,277 [INFO] Synchronizing with the server and with time.google.com...
client 2023-07-26 18:55:31,329 [INFO] NTP:offset = 0.000 s, delay = 0.014 s 
client 2023-07-26 18:55:31,329 [INFO] Sending command to the server: 'time'
client 2023-07-26 18:55:31,331 [INFO] Got response: '1690422931.1459281'
client 2023-07-26 18:55:31,331 [INFO] The time difference between the client and the server is within range 183.187 ms..185.862 ms
client 2023-07-26 18:55:31,331 [INFO] Sending command to the server: 'new,,56006e71-e29c-4159-b50f-8cc6913c286a'
client 2023-07-26 18:55:31,334 [INFO] Got response: 'OK 2023-07-27_02-55-31,6257760b-9ef7-467b-a9fd-1f71ca7a2042'
client 2023-07-26 18:55:31,334 [INFO] Session id is '2023-07-27_02-55-31'
client 2023-07-26 18:55:31,334 [INFO] Sources: {"sources": {"__init__.py": "da39a3ee5e6b4b0d3255bfef95601890afd80709", "client.py": "33ca4f26368777ac06e01f9567b714a4b8063886", "lib/__init__.py": "da39a3ee5e6b4b0d3255bfef95601890afd80709", "lib/client.py": "ac2aa093c8e8bbc9569b9e2a3471bc64e58a2258", "lib/common.py": "611d8b29633d331eb19c9455ea3b5fa3284ed6df", "lib/external/__init__.py": "da39a3ee5e6b4b0d3255bfef95601890afd80709", "lib/external/ntplib.py": "4da8f970656505a40483206ef2b5d3dd5e81711d", "lib/server.py": "c7af63c31bb2fbedea4345f571f6e3507d268ada", "lib/source_hashes.py": "60a2e02193209e8d392803326208d5466342da18", "lib/summary.py": "aa92f0a3f975eecd44d3c0cd0236342ccc9f941d", "lib/time_sync.py": "122eba67a9abc85635223e054def53be1367ade2", "server.py": "c3f90f2f7eeb4db30727556d0c815ebc89b3d28b", "tests/unit/__init__.py": "da39a3ee5e6b4b0d3255bfef95601890afd80709", "tests/unit/test_server.py": "948c1995d4008bc2aa6c4046a34ffa3858d6d671", "tests/unit/test_source_hashes.py": "00468a2907583c593e6574a1f6b404e4651c221a"}, "modules": {"ptd_client_server.lib.client": "lib/client.py", "ptd_client_server.lib.common": "lib/common.py", "ptd_client_server.lib.external.ntplib": "lib/external/ntplib.py", "ptd_client_server.lib.source_hashes": "lib/source_hashes.py", "ptd_client_server.lib.summary": "lib/summary.py", "ptd_client_server.lib.time_sync": "lib/time_sync.py"}}
client 2023-07-26 18:55:31,334 [INFO] Running workload in ranging mode
client 2023-07-26 18:55:31,334 [INFO] Synchronizing with the server and with time.google.com...
client 2023-07-26 18:55:31,405 [INFO] NTP:offset = -0.000 s, delay = 0.022 s 
client 2023-07-26 18:55:31,405 [INFO] Sending command to the server: 'time'
client 2023-07-26 18:55:31,408 [INFO] Got response: '1690422931.2261775'
client 2023-07-26 18:55:31,408 [INFO] The time difference between the client and the server is within range 179.742 ms..182.811 ms
client 2023-07-26 18:55:31,409 [INFO] Sending command to the server: 'session,2023-07-27_02-55-31,start,ranging'
client 2023-07-26 18:55:55,256 [INFO] Got response: 'OK'
client 2023-07-26 18:55:55,256 [INFO] Sending command to the server: 'time'
client 2023-07-26 18:55:55,259 [INFO] Got response: '1690422955.0710337'
client 2023-07-26 18:55:55,259 [INFO] The time difference between the client and the server is within range 185.659 ms..188.607 ms
client 2023-07-26 18:55:55,259 [INFO] Running the workload 'CM_MLPERF_RUN_COUNT=$(cat ${CM_RUN_DIR}/count.txt); echo ${CM_MLPERF_RUN_COUNT}; CM_MLPERF_RUN_COUNT=$((CM_MLPERF_RUN_COUNT+1)); echo ${CM_MLPERF_RUN_COUNT} > ${CM_RUN_DIR}/count.txt && if [ ${CM_MLPERF_RUN_COUNT} -eq "1" ]; then export CM_MLPERF_USER_CONF=${CM_MLPERF_RANGING_USER_CONF}; else export CM_MLPERF_USER_CONF=${CM_MLPERF_TESTING_USER_CONF}; fi && /home/cmuser/run.out'
client 2023-07-26 19:00:55,864 [INFO] Sending command to the server: 'time'
client 2023-07-26 19:00:55,867 [INFO] Got response: '1690423255.682492'
client 2023-07-26 19:00:55,868 [INFO] The time difference between the client and the server is within range 182.058 ms..185.549 ms
client 2023-07-26 19:00:55,868 [INFO] Sending command to the server: 'session,2023-07-27_02-55-31,stop,ranging'
client 2023-07-26 19:01:06,442 [INFO] Got response: 'OK'
client 2023-07-26 19:01:06,443 [INFO] Sending command to the server: 'time'
client 2023-07-26 19:01:06,444 [INFO] Got response: '1690423266.2593334'
client 2023-07-26 19:01:06,444 [INFO] The time difference between the client and the server is within range 183.703 ms..185.263 ms
client 2023-07-26 19:01:06,446 [INFO] Copying loadgen logs from '/home/cmuser/mobilenet_results/valid_results/bb3b3f2d4d2e-tflite_cpp-cpu-tflite-vmaster-default_config/mobilenet-v2-precision_float-0.5-192/singlestream/performance/run_1' to '/home/cmuser/mobilenet_results/valid_results/bb3b3f2d4d2e-tflite_cpp-cpu-tflite-vmaster-default_config/mobilenet-v2-precision_float-0.5-192/singlestream/performance/tmp_power/ranging'
client 2023-07-26 19:01:06,446 [INFO] Running workload in testing mode
client 2023-07-26 19:01:06,446 [INFO] Synchronizing with the server and with time.google.com...
client 2023-07-26 19:01:06,508 [INFO] NTP:offset = -0.001 s, delay = 0.012 s 
client 2023-07-26 19:01:06,508 [INFO] Sending command to the server: 'time'
client 2023-07-26 19:01:06,510 [INFO] Got response: '1690423266.3197813'
client 2023-07-26 19:01:06,510 [INFO] The time difference between the client and the server is within range 188.741 ms..190.999 ms
client 2023-07-26 19:01:06,510 [INFO] Sending command to the server: 'session,2023-07-27_02-55-31,start,testing'
client 2023-07-26 19:01:19,566 [INFO] Got response: 'OK'
client 2023-07-26 19:01:19,566 [INFO] Sending command to the server: 'time'
client 2023-07-26 19:01:19,568 [INFO] Got response: '1690423279.3809361'
client 2023-07-26 19:01:19,568 [INFO] The time difference between the client and the server is within range 185.567 ms..187.232 ms
client 2023-07-26 19:01:19,568 [INFO] Running the workload 'CM_MLPERF_RUN_COUNT=$(cat ${CM_RUN_DIR}/count.txt); echo ${CM_MLPERF_RUN_COUNT}; CM_MLPERF_RUN_COUNT=$((CM_MLPERF_RUN_COUNT+1)); echo ${CM_MLPERF_RUN_COUNT} > ${CM_RUN_DIR}/count.txt && if [ ${CM_MLPERF_RUN_COUNT} -eq "1" ]; then export CM_MLPERF_USER_CONF=${CM_MLPERF_RANGING_USER_CONF}; else export CM_MLPERF_USER_CONF=${CM_MLPERF_TESTING_USER_CONF}; fi && /home/cmuser/run.out'
client 2023-07-26 19:11:20,716 [INFO] Sending command to the server: 'time'
client 2023-07-26 19:11:20,718 [INFO] Got response: '1690423880.5281553'
client 2023-07-26 19:11:20,718 [INFO] The time difference between the client and the server is within range 187.842 ms..190.040 ms
client 2023-07-26 19:11:20,718 [INFO] Sending command to the server: 'session,2023-07-27_02-55-31,stop,testing'
client 2023-07-26 19:11:31,645 [INFO] Got response: 'OK'
client 2023-07-26 19:11:31,645 [INFO] Sending command to the server: 'time'
client 2023-07-26 19:11:31,647 [INFO] Got response: '1690423891.4571226'
client 2023-07-26 19:11:31,647 [INFO] The time difference between the client and the server is within range 188.754 ms..190.372 ms
client 2023-07-26 19:11:31,648 [INFO] Copying loadgen logs from '/home/cmuser/mobilenet_results/valid_results/bb3b3f2d4d2e-tflite_cpp-cpu-tflite-vmaster-default_config/mobilenet-v2-precision_float-0.5-192/singlestream/performance/run_1' to '/home/cmuser/mobilenet_results/valid_results/bb3b3f2d4d2e-tflite_cpp-cpu-tflite-vmaster-default_config/mobilenet-v2-precision_float-0.5-192/singlestream/performance/tmp_power/run_1'
client 2023-07-26 19:11:31,648 [INFO] Done runs
