client 2023-07-13 10:09:56,995 [INFO] Creating output directory '/home/arjun/mobilenet_results/valid_results/phoenix_Amd_Am5-tflite_cpp-cpu-tflite-vmaster-default_config/mobilenet-v3-precision_float-large-224/singlestream/performance/tmp_power'
client 2023-07-13 10:09:56,997 [INFO] Sending command to the server: 'mlcommons/power client v3'
client 2023-07-13 10:09:56,998 [INFO] Got response: 'mlcommons/power server v3'
client 2023-07-13 10:09:56,998 [INFO] Synchronizing with the server and with time.google.com...
client 2023-07-13 10:09:57,015 [INFO] NTP:offset = -0.002 s, delay = 0.015 s 
client 2023-07-13 10:09:57,015 [INFO] Sending command to the server: 'time'
client 2023-07-13 10:09:57,016 [INFO] Got response: '1689239396.9421782'
client 2023-07-13 10:09:57,017 [INFO] The time difference between the client and the server is within range 73.083 ms..74.852 ms
client 2023-07-13 10:09:57,017 [INFO] Sending command to the server: 'new,,7ba3da65-f770-42d6-a05d-53916d0f6ea6'
client 2023-07-13 10:09:57,019 [INFO] Got response: 'OK 2023-07-13_10-09-56,3d6ddc91-95b9-4e49-adb2-77379d6a5e43'
client 2023-07-13 10:09:57,019 [INFO] Session id is '2023-07-13_10-09-56'
client 2023-07-13 10:09:57,019 [INFO] Sources: {"sources": {"__init__.py": "da39a3ee5e6b4b0d3255bfef95601890afd80709", "client.py": "33ca4f26368777ac06e01f9567b714a4b8063886", "lib/__init__.py": "da39a3ee5e6b4b0d3255bfef95601890afd80709", "lib/client.py": "ac2aa093c8e8bbc9569b9e2a3471bc64e58a2258", "lib/common.py": "611d8b29633d331eb19c9455ea3b5fa3284ed6df", "lib/external/__init__.py": "da39a3ee5e6b4b0d3255bfef95601890afd80709", "lib/external/ntplib.py": "4da8f970656505a40483206ef2b5d3dd5e81711d", "lib/server.py": "c7af63c31bb2fbedea4345f571f6e3507d268ada", "lib/source_hashes.py": "60a2e02193209e8d392803326208d5466342da18", "lib/summary.py": "aa92f0a3f975eecd44d3c0cd0236342ccc9f941d", "lib/time_sync.py": "122eba67a9abc85635223e054def53be1367ade2", "server.py": "c3f90f2f7eeb4db30727556d0c815ebc89b3d28b", "tests/unit/__init__.py": "da39a3ee5e6b4b0d3255bfef95601890afd80709", "tests/unit/test_server.py": "948c1995d4008bc2aa6c4046a34ffa3858d6d671", "tests/unit/test_source_hashes.py": "00468a2907583c593e6574a1f6b404e4651c221a"}, "modules": {"ptd_client_server.lib.client": "lib/client.py", "ptd_client_server.lib.common": "lib/common.py", "ptd_client_server.lib.external.ntplib": "lib/external/ntplib.py", "ptd_client_server.lib.source_hashes": "lib/source_hashes.py", "ptd_client_server.lib.summary": "lib/summary.py", "ptd_client_server.lib.time_sync": "lib/time_sync.py"}}
client 2023-07-13 10:09:57,019 [INFO] Running workload in ranging mode
client 2023-07-13 10:09:57,019 [INFO] Synchronizing with the server and with time.google.com...
client 2023-07-13 10:09:57,033 [INFO] NTP:offset = -0.001 s, delay = 0.013 s 
client 2023-07-13 10:09:57,033 [INFO] Sending command to the server: 'time'
client 2023-07-13 10:09:57,035 [INFO] Got response: '1689239396.9648392'
client 2023-07-13 10:09:57,035 [INFO] The time difference between the client and the server is within range 68.398 ms..70.606 ms
client 2023-07-13 10:09:57,035 [INFO] Sending command to the server: 'session,2023-07-13_10-09-56,start,ranging'
client 2023-07-13 10:10:20,889 [INFO] Got response: 'OK'
client 2023-07-13 10:10:20,890 [INFO] Sending command to the server: 'time'
client 2023-07-13 10:10:20,892 [INFO] Got response: '1689239420.8204305'
client 2023-07-13 10:10:20,892 [INFO] The time difference between the client and the server is within range 69.591 ms..72.527 ms
client 2023-07-13 10:10:20,893 [INFO] Running the workload 'CM_MLPERF_RUN_COUNT=$(cat ${CM_RUN_DIR}/count.txt); echo ${CM_MLPERF_RUN_COUNT}; CM_MLPERF_RUN_COUNT=$((CM_MLPERF_RUN_COUNT+1)); echo ${CM_MLPERF_RUN_COUNT} > ${CM_RUN_DIR}/count.txt && if [ ${CM_MLPERF_RUN_COUNT} -eq "1" ]; then export CM_MLPERF_USER_CONF=${CM_MLPERF_RANGING_USER_CONF}; else export CM_MLPERF_USER_CONF=${CM_MLPERF_TESTING_USER_CONF}; fi && /home/arjun/run.out'
client 2023-07-13 10:15:21,496 [INFO] Sending command to the server: 'time'
client 2023-07-13 10:15:21,499 [INFO] Got response: '1689239721.4275682'
client 2023-07-13 10:15:21,499 [INFO] The time difference between the client and the server is within range 68.489 ms..71.656 ms
client 2023-07-13 10:15:21,499 [INFO] Sending command to the server: 'session,2023-07-13_10-09-56,stop,ranging'
client 2023-07-13 10:15:32,034 [INFO] Got response: 'OK'
client 2023-07-13 10:15:32,034 [INFO] Sending command to the server: 'time'
client 2023-07-13 10:15:32,036 [INFO] Got response: '1689239731.9647713'
client 2023-07-13 10:15:32,036 [INFO] The time difference between the client and the server is within range 70.072 ms..71.685 ms
client 2023-07-13 10:15:32,038 [INFO] Copying loadgen logs from '/home/arjun/mobilenet_results/valid_results/phoenix_Amd_Am5-tflite_cpp-cpu-tflite-vmaster-default_config/mobilenet-v3-precision_float-large-224/singlestream/performance/run_1' to '/home/arjun/mobilenet_results/valid_results/phoenix_Amd_Am5-tflite_cpp-cpu-tflite-vmaster-default_config/mobilenet-v3-precision_float-large-224/singlestream/performance/tmp_power/ranging'
client 2023-07-13 10:15:32,038 [INFO] Running workload in testing mode
client 2023-07-13 10:15:32,038 [INFO] Synchronizing with the server and with time.google.com...
client 2023-07-13 10:15:32,053 [INFO] NTP:offset = -0.001 s, delay = 0.014 s 
client 2023-07-13 10:15:32,053 [INFO] Sending command to the server: 'time'
client 2023-07-13 10:15:32,054 [INFO] Got response: '1689239731.9851968'
client 2023-07-13 10:15:32,054 [INFO] The time difference between the client and the server is within range 67.897 ms..69.681 ms
client 2023-07-13 10:15:32,054 [INFO] Sending command to the server: 'session,2023-07-13_10-09-56,start,testing'
client 2023-07-13 10:15:45,113 [INFO] Got response: 'OK'
client 2023-07-13 10:15:45,113 [INFO] Sending command to the server: 'time'
client 2023-07-13 10:15:45,114 [INFO] Got response: '1689239745.0484033'
client 2023-07-13 10:15:45,114 [INFO] The time difference between the client and the server is within range 64.753 ms..66.506 ms
client 2023-07-13 10:15:45,114 [INFO] Running the workload 'CM_MLPERF_RUN_COUNT=$(cat ${CM_RUN_DIR}/count.txt); echo ${CM_MLPERF_RUN_COUNT}; CM_MLPERF_RUN_COUNT=$((CM_MLPERF_RUN_COUNT+1)); echo ${CM_MLPERF_RUN_COUNT} > ${CM_RUN_DIR}/count.txt && if [ ${CM_MLPERF_RUN_COUNT} -eq "1" ]; then export CM_MLPERF_USER_CONF=${CM_MLPERF_RANGING_USER_CONF}; else export CM_MLPERF_USER_CONF=${CM_MLPERF_TESTING_USER_CONF}; fi && /home/arjun/run.out'
client 2023-07-13 10:25:46,151 [INFO] Sending command to the server: 'time'
client 2023-07-13 10:25:46,155 [INFO] Got response: '1689240346.090197'
client 2023-07-13 10:25:46,156 [INFO] The time difference between the client and the server is within range 61.654 ms..65.864 ms
client 2023-07-13 10:25:46,156 [INFO] Sending command to the server: 'session,2023-07-13_10-09-56,stop,testing'
client 2023-07-13 10:25:57,320 [INFO] Got response: 'OK'
client 2023-07-13 10:25:57,320 [INFO] Sending command to the server: 'time'
client 2023-07-13 10:25:57,322 [INFO] Got response: '1689240357.251005'
client 2023-07-13 10:25:57,322 [INFO] The time difference between the client and the server is within range 69.188 ms..71.237 ms
client 2023-07-13 10:25:57,322 [INFO] Copying loadgen logs from '/home/arjun/mobilenet_results/valid_results/phoenix_Amd_Am5-tflite_cpp-cpu-tflite-vmaster-default_config/mobilenet-v3-precision_float-large-224/singlestream/performance/run_1' to '/home/arjun/mobilenet_results/valid_results/phoenix_Amd_Am5-tflite_cpp-cpu-tflite-vmaster-default_config/mobilenet-v3-precision_float-large-224/singlestream/performance/tmp_power/run_1'
client 2023-07-13 10:25:57,322 [INFO] Done runs
