client 2023-07-13 12:19:03,668 [INFO] Creating output directory '/home/arjun/mobilenet_results/valid_results/phoenix_Amd_Am5-tflite_cpp-cpu-tflite-vmaster-default_config/efficientnet-int8-lite0/singlestream/performance/tmp_power'
client 2023-07-13 12:19:03,670 [INFO] Sending command to the server: 'mlcommons/power client v3'
client 2023-07-13 12:19:03,672 [INFO] Got response: 'mlcommons/power server v3'
client 2023-07-13 12:19:03,672 [INFO] Synchronizing with the server and with time.google.com...
client 2023-07-13 12:19:03,690 [INFO] NTP:offset = -0.001 s, delay = 0.017 s 
client 2023-07-13 12:19:03,690 [INFO] Sending command to the server: 'time'
client 2023-07-13 12:19:03,692 [INFO] Got response: '1689247143.6214495'
client 2023-07-13 12:19:03,692 [INFO] The time difference between the client and the server is within range 69.305 ms..71.482 ms
client 2023-07-13 12:19:03,692 [INFO] Sending command to the server: 'new,,aba0ceff-5110-43a0-8c65-d3330b77a40e'
client 2023-07-13 12:19:03,695 [INFO] Got response: 'OK 2023-07-13_12-19-03,36336f85-a04d-4147-b13c-07c263900bd3'
client 2023-07-13 12:19:03,695 [INFO] Session id is '2023-07-13_12-19-03'
client 2023-07-13 12:19:03,695 [INFO] Sources: {"sources": {"__init__.py": "da39a3ee5e6b4b0d3255bfef95601890afd80709", "client.py": "33ca4f26368777ac06e01f9567b714a4b8063886", "lib/__init__.py": "da39a3ee5e6b4b0d3255bfef95601890afd80709", "lib/client.py": "ac2aa093c8e8bbc9569b9e2a3471bc64e58a2258", "lib/common.py": "611d8b29633d331eb19c9455ea3b5fa3284ed6df", "lib/external/__init__.py": "da39a3ee5e6b4b0d3255bfef95601890afd80709", "lib/external/ntplib.py": "4da8f970656505a40483206ef2b5d3dd5e81711d", "lib/server.py": "c7af63c31bb2fbedea4345f571f6e3507d268ada", "lib/source_hashes.py": "60a2e02193209e8d392803326208d5466342da18", "lib/summary.py": "aa92f0a3f975eecd44d3c0cd0236342ccc9f941d", "lib/time_sync.py": "122eba67a9abc85635223e054def53be1367ade2", "server.py": "c3f90f2f7eeb4db30727556d0c815ebc89b3d28b", "tests/unit/__init__.py": "da39a3ee5e6b4b0d3255bfef95601890afd80709", "tests/unit/test_server.py": "948c1995d4008bc2aa6c4046a34ffa3858d6d671", "tests/unit/test_source_hashes.py": "00468a2907583c593e6574a1f6b404e4651c221a"}, "modules": {"ptd_client_server.lib.client": "lib/client.py", "ptd_client_server.lib.common": "lib/common.py", "ptd_client_server.lib.external.ntplib": "lib/external/ntplib.py", "ptd_client_server.lib.source_hashes": "lib/source_hashes.py", "ptd_client_server.lib.summary": "lib/summary.py", "ptd_client_server.lib.time_sync": "lib/time_sync.py"}}
client 2023-07-13 12:19:03,696 [INFO] Running workload in ranging mode
client 2023-07-13 12:19:03,696 [INFO] Synchronizing with the server and with time.google.com...
client 2023-07-13 12:19:03,710 [INFO] NTP:offset = -0.001 s, delay = 0.014 s 
client 2023-07-13 12:19:03,710 [INFO] Sending command to the server: 'time'
client 2023-07-13 12:19:03,714 [INFO] Got response: '1689247143.641386'
client 2023-07-13 12:19:03,714 [INFO] The time difference between the client and the server is within range 69.341 ms..73.564 ms
client 2023-07-13 12:19:03,714 [INFO] Sending command to the server: 'session,2023-07-13_12-19-03,start,ranging'
client 2023-07-13 12:19:27,595 [INFO] Got response: 'OK'
client 2023-07-13 12:19:27,595 [INFO] Sending command to the server: 'time'
client 2023-07-13 12:19:27,597 [INFO] Got response: '1689247167.528409'
client 2023-07-13 12:19:27,597 [INFO] The time difference between the client and the server is within range 67.306 ms..68.927 ms
client 2023-07-13 12:19:27,597 [INFO] Running the workload 'CM_MLPERF_RUN_COUNT=$(cat ${CM_RUN_DIR}/count.txt); echo ${CM_MLPERF_RUN_COUNT}; CM_MLPERF_RUN_COUNT=$((CM_MLPERF_RUN_COUNT+1)); echo ${CM_MLPERF_RUN_COUNT} > ${CM_RUN_DIR}/count.txt && if [ ${CM_MLPERF_RUN_COUNT} -eq "1" ]; then export CM_MLPERF_USER_CONF=${CM_MLPERF_RANGING_USER_CONF}; else export CM_MLPERF_USER_CONF=${CM_MLPERF_TESTING_USER_CONF}; fi && /home/arjun/run.out'
client 2023-07-13 12:24:28,123 [INFO] Sending command to the server: 'time'
client 2023-07-13 12:24:28,127 [INFO] Got response: '1689247468.0498445'
client 2023-07-13 12:24:28,127 [INFO] The time difference between the client and the server is within range 73.715 ms..77.327 ms
client 2023-07-13 12:24:28,127 [INFO] Sending command to the server: 'session,2023-07-13_12-19-03,stop,ranging'
client 2023-07-13 12:24:38,762 [INFO] Got response: 'OK'
client 2023-07-13 12:24:38,762 [INFO] Sending command to the server: 'time'
client 2023-07-13 12:24:38,764 [INFO] Got response: '1689247478.6926703'
client 2023-07-13 12:24:38,764 [INFO] The time difference between the client and the server is within range 69.891 ms..71.518 ms
client 2023-07-13 12:24:38,766 [INFO] Copying loadgen logs from '/home/arjun/mobilenet_results/valid_results/phoenix_Amd_Am5-tflite_cpp-cpu-tflite-vmaster-default_config/efficientnet-int8-lite0/singlestream/performance/run_1' to '/home/arjun/mobilenet_results/valid_results/phoenix_Amd_Am5-tflite_cpp-cpu-tflite-vmaster-default_config/efficientnet-int8-lite0/singlestream/performance/tmp_power/ranging'
client 2023-07-13 12:24:38,766 [INFO] Running workload in testing mode
client 2023-07-13 12:24:38,766 [INFO] Synchronizing with the server and with time.google.com...
client 2023-07-13 12:24:38,784 [INFO] NTP:offset = -0.000 s, delay = 0.018 s 
client 2023-07-13 12:24:38,785 [INFO] Sending command to the server: 'time'
client 2023-07-13 12:24:38,787 [INFO] Got response: '1689247478.7139776'
client 2023-07-13 12:24:38,787 [INFO] The time difference between the client and the server is within range 71.100 ms..73.364 ms
client 2023-07-13 12:24:38,787 [INFO] Sending command to the server: 'session,2023-07-13_12-19-03,start,testing'
client 2023-07-13 12:24:51,852 [INFO] Got response: 'OK'
client 2023-07-13 12:24:51,852 [INFO] Sending command to the server: 'time'
client 2023-07-13 12:24:51,855 [INFO] Got response: '1689247491.7801569'
client 2023-07-13 12:24:51,855 [INFO] The time difference between the client and the server is within range 72.433 ms..74.972 ms
client 2023-07-13 12:24:51,855 [INFO] Running the workload 'CM_MLPERF_RUN_COUNT=$(cat ${CM_RUN_DIR}/count.txt); echo ${CM_MLPERF_RUN_COUNT}; CM_MLPERF_RUN_COUNT=$((CM_MLPERF_RUN_COUNT+1)); echo ${CM_MLPERF_RUN_COUNT} > ${CM_RUN_DIR}/count.txt && if [ ${CM_MLPERF_RUN_COUNT} -eq "1" ]; then export CM_MLPERF_USER_CONF=${CM_MLPERF_RANGING_USER_CONF}; else export CM_MLPERF_USER_CONF=${CM_MLPERF_TESTING_USER_CONF}; fi && /home/arjun/run.out'
client 2023-07-13 12:34:52,814 [INFO] Sending command to the server: 'time'
client 2023-07-13 12:34:52,817 [INFO] Got response: '1689248092.7456193'
client 2023-07-13 12:34:52,817 [INFO] The time difference between the client and the server is within range 68.567 ms..72.203 ms
client 2023-07-13 12:34:52,817 [INFO] Sending command to the server: 'session,2023-07-13_12-19-03,stop,testing'
client 2023-07-13 12:35:03,214 [INFO] Got response: 'OK'
client 2023-07-13 12:35:03,214 [INFO] Sending command to the server: 'time'
client 2023-07-13 12:35:03,215 [INFO] Got response: '1689248103.1435916'
client 2023-07-13 12:35:03,215 [INFO] The time difference between the client and the server is within range 70.960 ms..72.239 ms
client 2023-07-13 12:35:03,216 [INFO] Copying loadgen logs from '/home/arjun/mobilenet_results/valid_results/phoenix_Amd_Am5-tflite_cpp-cpu-tflite-vmaster-default_config/efficientnet-int8-lite0/singlestream/performance/run_1' to '/home/arjun/mobilenet_results/valid_results/phoenix_Amd_Am5-tflite_cpp-cpu-tflite-vmaster-default_config/efficientnet-int8-lite0/singlestream/performance/tmp_power/run_1'
client 2023-07-13 12:35:03,216 [INFO] Done runs
