client 2023-07-26 22:25:18,699 [INFO] Creating output directory '/home/cmuser/mobilenet_results/valid_results/bb3b3f2d4d2e-tflite_cpp-cpu-tflite-vmaster-default_config/mobilenet-v3-precision_float-large-224/singlestream/performance/tmp_power'
client 2023-07-26 22:25:18,701 [INFO] Sending command to the server: 'mlcommons/power client v3'
client 2023-07-26 22:25:18,704 [INFO] Got response: 'mlcommons/power server v3'
client 2023-07-26 22:25:18,704 [INFO] Synchronizing with the server and with time.google.com...
client 2023-07-26 22:25:18,767 [INFO] NTP:offset = -0.002 s, delay = 0.013 s 
client 2023-07-26 22:25:18,767 [INFO] Sending command to the server: 'time'
client 2023-07-26 22:25:18,771 [INFO] Got response: '1690435518.667823'
client 2023-07-26 22:25:18,771 [INFO] The time difference between the client and the server is within range 99.915 ms..103.593 ms
client 2023-07-26 22:25:18,771 [INFO] Sending command to the server: 'new,,1e91f9ee-68e8-42c7-b660-4fc989bbe117'
client 2023-07-26 22:25:18,775 [INFO] Got response: 'OK 2023-07-27_06-25-18,0e9acc23-686f-482d-ad97-79f10e3fc612'
client 2023-07-26 22:25:18,775 [INFO] Session id is '2023-07-27_06-25-18'
client 2023-07-26 22:25:18,775 [INFO] Sources: {"sources": {"__init__.py": "da39a3ee5e6b4b0d3255bfef95601890afd80709", "client.py": "33ca4f26368777ac06e01f9567b714a4b8063886", "lib/__init__.py": "da39a3ee5e6b4b0d3255bfef95601890afd80709", "lib/client.py": "ac2aa093c8e8bbc9569b9e2a3471bc64e58a2258", "lib/common.py": "611d8b29633d331eb19c9455ea3b5fa3284ed6df", "lib/external/__init__.py": "da39a3ee5e6b4b0d3255bfef95601890afd80709", "lib/external/ntplib.py": "4da8f970656505a40483206ef2b5d3dd5e81711d", "lib/server.py": "c7af63c31bb2fbedea4345f571f6e3507d268ada", "lib/source_hashes.py": "60a2e02193209e8d392803326208d5466342da18", "lib/summary.py": "aa92f0a3f975eecd44d3c0cd0236342ccc9f941d", "lib/time_sync.py": "122eba67a9abc85635223e054def53be1367ade2", "server.py": "c3f90f2f7eeb4db30727556d0c815ebc89b3d28b", "tests/unit/__init__.py": "da39a3ee5e6b4b0d3255bfef95601890afd80709", "tests/unit/test_server.py": "948c1995d4008bc2aa6c4046a34ffa3858d6d671", "tests/unit/test_source_hashes.py": "00468a2907583c593e6574a1f6b404e4651c221a"}, "modules": {"ptd_client_server.lib.client": "lib/client.py", "ptd_client_server.lib.common": "lib/common.py", "ptd_client_server.lib.external.ntplib": "lib/external/ntplib.py", "ptd_client_server.lib.source_hashes": "lib/source_hashes.py", "ptd_client_server.lib.summary": "lib/summary.py", "ptd_client_server.lib.time_sync": "lib/time_sync.py"}}
client 2023-07-26 22:25:18,775 [INFO] Running workload in ranging mode
client 2023-07-26 22:25:18,775 [INFO] Synchronizing with the server and with time.google.com...
client 2023-07-26 22:25:18,839 [INFO] NTP:offset = -0.001 s, delay = 0.014 s 
client 2023-07-26 22:25:18,840 [INFO] Sending command to the server: 'time'
client 2023-07-26 22:25:18,843 [INFO] Got response: '1690435518.738244'
client 2023-07-26 22:25:18,843 [INFO] The time difference between the client and the server is within range 101.755 ms..105.602 ms
client 2023-07-26 22:25:18,843 [INFO] Sending command to the server: 'session,2023-07-27_06-25-18,start,ranging'
client 2023-07-26 22:25:42,715 [INFO] Got response: 'OK'
client 2023-07-26 22:25:42,715 [INFO] Sending command to the server: 'time'
client 2023-07-26 22:25:42,718 [INFO] Got response: '1690435542.6168091'
client 2023-07-26 22:25:42,718 [INFO] The time difference between the client and the server is within range 98.804 ms..102.145 ms
client 2023-07-26 22:25:42,719 [INFO] Running the workload 'CM_MLPERF_RUN_COUNT=$(cat ${CM_RUN_DIR}/count.txt); echo ${CM_MLPERF_RUN_COUNT}; CM_MLPERF_RUN_COUNT=$((CM_MLPERF_RUN_COUNT+1)); echo ${CM_MLPERF_RUN_COUNT} > ${CM_RUN_DIR}/count.txt && if [ ${CM_MLPERF_RUN_COUNT} -eq "1" ]; then export CM_MLPERF_USER_CONF=${CM_MLPERF_RANGING_USER_CONF}; else export CM_MLPERF_USER_CONF=${CM_MLPERF_TESTING_USER_CONF}; fi && /home/cmuser/run.out'
client 2023-07-26 22:30:43,331 [INFO] Sending command to the server: 'time'
client 2023-07-26 22:30:43,335 [INFO] Got response: '1690435843.231359'
client 2023-07-26 22:30:43,336 [INFO] The time difference between the client and the server is within range 100.366 ms..104.711 ms
client 2023-07-26 22:30:43,336 [INFO] Sending command to the server: 'session,2023-07-27_06-25-18,stop,ranging'
client 2023-07-26 22:30:54,055 [INFO] Got response: 'OK'
client 2023-07-26 22:30:54,055 [INFO] Sending command to the server: 'time'
client 2023-07-26 22:30:54,057 [INFO] Got response: '1690435853.9505653'
client 2023-07-26 22:30:54,057 [INFO] The time difference between the client and the server is within range 105.154 ms..107.399 ms
client 2023-07-26 22:30:54,061 [INFO] Copying loadgen logs from '/home/cmuser/mobilenet_results/valid_results/bb3b3f2d4d2e-tflite_cpp-cpu-tflite-vmaster-default_config/mobilenet-v3-precision_float-large-224/singlestream/performance/run_1' to '/home/cmuser/mobilenet_results/valid_results/bb3b3f2d4d2e-tflite_cpp-cpu-tflite-vmaster-default_config/mobilenet-v3-precision_float-large-224/singlestream/performance/tmp_power/ranging'
client 2023-07-26 22:30:54,061 [INFO] Running workload in testing mode
client 2023-07-26 22:30:54,061 [INFO] Synchronizing with the server and with time.google.com...
client 2023-07-26 22:30:54,148 [INFO] NTP:offset = 0.001 s, delay = 0.015 s 
client 2023-07-26 22:30:54,148 [INFO] Sending command to the server: 'time'
client 2023-07-26 22:30:54,151 [INFO] Got response: '1690435854.0421662'
client 2023-07-26 22:30:54,151 [INFO] The time difference between the client and the server is within range 106.482 ms..109.333 ms
client 2023-07-26 22:30:54,151 [INFO] Sending command to the server: 'session,2023-07-27_06-25-18,start,testing'
client 2023-07-26 22:31:07,230 [INFO] Got response: 'OK'
client 2023-07-26 22:31:07,230 [INFO] Sending command to the server: 'time'
client 2023-07-26 22:31:07,234 [INFO] Got response: '1690435867.1314774'
client 2023-07-26 22:31:07,234 [INFO] The time difference between the client and the server is within range 99.376 ms..103.020 ms
client 2023-07-26 22:31:07,234 [INFO] Running the workload 'CM_MLPERF_RUN_COUNT=$(cat ${CM_RUN_DIR}/count.txt); echo ${CM_MLPERF_RUN_COUNT}; CM_MLPERF_RUN_COUNT=$((CM_MLPERF_RUN_COUNT+1)); echo ${CM_MLPERF_RUN_COUNT} > ${CM_RUN_DIR}/count.txt && if [ ${CM_MLPERF_RUN_COUNT} -eq "1" ]; then export CM_MLPERF_USER_CONF=${CM_MLPERF_RANGING_USER_CONF}; else export CM_MLPERF_USER_CONF=${CM_MLPERF_TESTING_USER_CONF}; fi && /home/cmuser/run.out'
client 2023-07-26 22:41:08,315 [INFO] Sending command to the server: 'time'
client 2023-07-26 22:41:08,319 [INFO] Got response: '1690436468.2119875'
client 2023-07-26 22:41:08,319 [INFO] The time difference between the client and the server is within range 103.694 ms..107.859 ms
client 2023-07-26 22:41:08,319 [INFO] Sending command to the server: 'session,2023-07-27_06-25-18,stop,testing'
client 2023-07-26 22:41:19,279 [INFO] Got response: 'OK'
client 2023-07-26 22:41:19,279 [INFO] Sending command to the server: 'time'
client 2023-07-26 22:41:19,281 [INFO] Got response: '1690436479.1725764'
client 2023-07-26 22:41:19,281 [INFO] The time difference between the client and the server is within range 107.018 ms..108.674 ms
client 2023-07-26 22:41:19,281 [INFO] Copying loadgen logs from '/home/cmuser/mobilenet_results/valid_results/bb3b3f2d4d2e-tflite_cpp-cpu-tflite-vmaster-default_config/mobilenet-v3-precision_float-large-224/singlestream/performance/run_1' to '/home/cmuser/mobilenet_results/valid_results/bb3b3f2d4d2e-tflite_cpp-cpu-tflite-vmaster-default_config/mobilenet-v3-precision_float-large-224/singlestream/performance/tmp_power/run_1'
client 2023-07-26 22:41:19,282 [INFO] Done runs
