client 2023-07-14 09:38:27,309 [INFO] Creating output directory '/home/arjun/results_dir/valid_results/phoenix_Amd_Am5-reference-cpu-onnxruntime-v1.14.0-default_config/resnet50/multistream/performance/tmp_power'
client 2023-07-14 09:38:27,312 [INFO] Sending command to the server: 'mlcommons/power client v3'
client 2023-07-14 09:38:27,316 [INFO] Got response: 'mlcommons/power server v3'
client 2023-07-14 09:38:27,316 [INFO] Synchronizing with the server and with time.google.com...
client 2023-07-14 09:38:27,333 [INFO] NTP:offset = 0.000 s, delay = 0.016 s 
client 2023-07-14 09:38:27,333 [INFO] Sending command to the server: 'time'
client 2023-07-14 09:38:27,340 [INFO] Got response: '1689323907.1029885'
client 2023-07-14 09:38:27,340 [INFO] The time difference between the client and the server is within range 230.875 ms..237.948 ms
client 2023-07-14 09:38:27,340 [WARNING] The time difference between the client and the server is more than 200 ms
client 2023-07-14 09:38:27,341 [INFO] Sending command to the server: 'set_ntp'
client 2023-07-14 09:38:28,385 [INFO] Got response: 'OK'
client 2023-07-14 09:38:28,385 [INFO] Synchronizing with time.google.com time using NTP...
client 2023-07-14 09:38:36,908 [INFO] Set system time at 2023-07-14 09:38:36.908095
client 2023-07-14 09:38:36,932 [INFO] NTP:offset = -0.001 s, delay = 0.013 s 
client 2023-07-14 09:38:36,932 [INFO] Sending command to the server: 'time'
client 2023-07-14 09:38:36,935 [INFO] Got response: '1689323916.9328651'
client 2023-07-14 09:38:36,935 [INFO] The time difference between the client and the server is within range -0.289 ms..2.470 ms
client 2023-07-14 09:38:36,935 [INFO] Sending command to the server: 'new,,e4c71387-ef17-4f3c-b6a4-3593b4cfcd4a'
client 2023-07-14 09:38:36,939 [INFO] Got response: 'OK 2023-07-14_09-38-36,59208fc1-d0b3-499c-8b74-fcc7f1b566ad'
client 2023-07-14 09:38:36,939 [INFO] Session id is '2023-07-14_09-38-36'
client 2023-07-14 09:38:36,939 [INFO] Sources: {"sources": {"__init__.py": "da39a3ee5e6b4b0d3255bfef95601890afd80709", "client.py": "33ca4f26368777ac06e01f9567b714a4b8063886", "lib/__init__.py": "da39a3ee5e6b4b0d3255bfef95601890afd80709", "lib/client.py": "ac2aa093c8e8bbc9569b9e2a3471bc64e58a2258", "lib/common.py": "611d8b29633d331eb19c9455ea3b5fa3284ed6df", "lib/external/__init__.py": "da39a3ee5e6b4b0d3255bfef95601890afd80709", "lib/external/ntplib.py": "4da8f970656505a40483206ef2b5d3dd5e81711d", "lib/server.py": "c7af63c31bb2fbedea4345f571f6e3507d268ada", "lib/source_hashes.py": "60a2e02193209e8d392803326208d5466342da18", "lib/summary.py": "aa92f0a3f975eecd44d3c0cd0236342ccc9f941d", "lib/time_sync.py": "122eba67a9abc85635223e054def53be1367ade2", "server.py": "c3f90f2f7eeb4db30727556d0c815ebc89b3d28b", "tests/unit/__init__.py": "da39a3ee5e6b4b0d3255bfef95601890afd80709", "tests/unit/test_server.py": "948c1995d4008bc2aa6c4046a34ffa3858d6d671", "tests/unit/test_source_hashes.py": "00468a2907583c593e6574a1f6b404e4651c221a"}, "modules": {"ptd_client_server.lib.client": "lib/client.py", "ptd_client_server.lib.common": "lib/common.py", "ptd_client_server.lib.external.ntplib": "lib/external/ntplib.py", "ptd_client_server.lib.source_hashes": "lib/source_hashes.py", "ptd_client_server.lib.summary": "lib/summary.py", "ptd_client_server.lib.time_sync": "lib/time_sync.py"}}
client 2023-07-14 09:38:36,939 [INFO] Running workload in ranging mode
client 2023-07-14 09:38:36,939 [INFO] Synchronizing with the server and with time.google.com...
client 2023-07-14 09:38:36,954 [INFO] NTP:offset = -0.002 s, delay = 0.014 s 
client 2023-07-14 09:38:36,954 [INFO] Sending command to the server: 'time'
client 2023-07-14 09:38:36,957 [INFO] Got response: '1689323916.9534452'
client 2023-07-14 09:38:36,957 [INFO] The time difference between the client and the server is within range 1.419 ms..4.396 ms
client 2023-07-14 09:38:36,957 [INFO] Sending command to the server: 'session,2023-07-14_09-38-36,start,ranging'
client 2023-07-14 09:39:00,880 [INFO] Got response: 'OK'
client 2023-07-14 09:39:00,880 [INFO] Sending command to the server: 'time'
client 2023-07-14 09:39:00,884 [INFO] Got response: '1689323940.8820264'
client 2023-07-14 09:39:00,884 [INFO] The time difference between the client and the server is within range -1.345 ms..2.377 ms
client 2023-07-14 09:39:00,884 [INFO] Running the workload 'CM_MLPERF_RUN_COUNT=$(cat ${CM_RUN_DIR}/count.txt); echo ${CM_MLPERF_RUN_COUNT}; CM_MLPERF_RUN_COUNT=$((CM_MLPERF_RUN_COUNT+1)); echo ${CM_MLPERF_RUN_COUNT} > ${CM_RUN_DIR}/count.txt && if [ ${CM_MLPERF_RUN_COUNT} -eq "1" ]; then export CM_MLPERF_USER_CONF=${CM_MLPERF_RANGING_USER_CONF}; else export CM_MLPERF_USER_CONF=${CM_MLPERF_TESTING_USER_CONF}; fi && cd "/home/arjun/CM/repos/local/cache/c042bda7a3d1463a/inference/vision/classification_and_detection" && OUTPUT_DIR="/home/arjun/results_dir/valid_results/phoenix_Amd_Am5-reference-cpu-onnxruntime-v1.14.0-default_config/resnet50/multistream/performance/run_1" ./run_local.sh onnxruntime resnet50 cpu --scenario MultiStream --mlperf_conf "/home/arjun/CM/repos/local/cache/c042bda7a3d1463a/inference/mlperf.conf" --threads 32 --user_conf "/home/arjun/CM/repos/ctuning@mlcommons-ck/cm-mlops/script/generate-mlperf-inference-user-conf/tmp/6b0f3b8f7c9341698547b519a4f60964.conf" --use_preprocessed_dataset --cache_dir /home/arjun/CM/repos/local/cache/1c39043a9246402c --dataset-list /home/arjun/CM/repos/local/cache/534a68d2aebf47ba/data/val.txt'
client 2023-07-14 09:49:01,737 [INFO] Sending command to the server: 'time'
client 2023-07-14 09:49:01,741 [INFO] Got response: '1689324541.7270982'
client 2023-07-14 09:49:01,741 [INFO] The time difference between the client and the server is within range 10.100 ms..14.089 ms
client 2023-07-14 09:49:01,741 [INFO] Sending command to the server: 'session,2023-07-14_09-38-36,stop,ranging'
client 2023-07-14 09:49:12,086 [INFO] Got response: 'OK'
client 2023-07-14 09:49:12,086 [INFO] Sending command to the server: 'time'
client 2023-07-14 09:49:12,089 [INFO] Got response: '1689324552.0728233'
client 2023-07-14 09:49:12,089 [INFO] The time difference between the client and the server is within range 14.058 ms..16.494 ms
client 2023-07-14 09:49:12,091 [INFO] Copying loadgen logs from '/home/arjun/results_dir/valid_results/phoenix_Amd_Am5-reference-cpu-onnxruntime-v1.14.0-default_config/resnet50/multistream/performance/run_1' to '/home/arjun/results_dir/valid_results/phoenix_Amd_Am5-reference-cpu-onnxruntime-v1.14.0-default_config/resnet50/multistream/performance/tmp_power/ranging'
client 2023-07-14 09:49:12,091 [INFO] Running workload in testing mode
client 2023-07-14 09:49:12,091 [INFO] Synchronizing with the server and with time.google.com...
client 2023-07-14 09:49:12,106 [INFO] NTP:offset = 0.001 s, delay = 0.015 s 
client 2023-07-14 09:49:12,106 [INFO] Sending command to the server: 'time'
client 2023-07-14 09:49:12,109 [INFO] Got response: '1689324552.0932178'
client 2023-07-14 09:49:12,109 [INFO] The time difference between the client and the server is within range 13.626 ms..16.070 ms
client 2023-07-14 09:49:12,109 [INFO] Sending command to the server: 'session,2023-07-14_09-38-36,start,testing'
client 2023-07-14 09:49:25,168 [INFO] Got response: 'OK'
client 2023-07-14 09:49:25,168 [INFO] Sending command to the server: 'time'
client 2023-07-14 09:49:25,172 [INFO] Got response: '1689324565.1619651'
client 2023-07-14 09:49:25,172 [INFO] The time difference between the client and the server is within range 6.841 ms..10.384 ms
client 2023-07-14 09:49:25,172 [INFO] Running the workload 'CM_MLPERF_RUN_COUNT=$(cat ${CM_RUN_DIR}/count.txt); echo ${CM_MLPERF_RUN_COUNT}; CM_MLPERF_RUN_COUNT=$((CM_MLPERF_RUN_COUNT+1)); echo ${CM_MLPERF_RUN_COUNT} > ${CM_RUN_DIR}/count.txt && if [ ${CM_MLPERF_RUN_COUNT} -eq "1" ]; then export CM_MLPERF_USER_CONF=${CM_MLPERF_RANGING_USER_CONF}; else export CM_MLPERF_USER_CONF=${CM_MLPERF_TESTING_USER_CONF}; fi && cd "/home/arjun/CM/repos/local/cache/c042bda7a3d1463a/inference/vision/classification_and_detection" && OUTPUT_DIR="/home/arjun/results_dir/valid_results/phoenix_Amd_Am5-reference-cpu-onnxruntime-v1.14.0-default_config/resnet50/multistream/performance/run_1" ./run_local.sh onnxruntime resnet50 cpu --scenario MultiStream --mlperf_conf "/home/arjun/CM/repos/local/cache/c042bda7a3d1463a/inference/mlperf.conf" --threads 32 --user_conf "/home/arjun/CM/repos/ctuning@mlcommons-ck/cm-mlops/script/generate-mlperf-inference-user-conf/tmp/6b0f3b8f7c9341698547b519a4f60964.conf" --use_preprocessed_dataset --cache_dir /home/arjun/CM/repos/local/cache/1c39043a9246402c --dataset-list /home/arjun/CM/repos/local/cache/534a68d2aebf47ba/data/val.txt'
client 2023-07-14 09:59:25,999 [INFO] Sending command to the server: 'time'
client 2023-07-14 09:59:26,003 [INFO] Got response: '1689325165.98181'
client 2023-07-14 09:59:26,003 [INFO] The time difference between the client and the server is within range 17.355 ms..21.329 ms
client 2023-07-14 09:59:26,003 [INFO] Sending command to the server: 'session,2023-07-14_09-38-36,stop,testing'
client 2023-07-14 09:59:36,243 [INFO] Got response: 'OK'
client 2023-07-14 09:59:36,243 [INFO] Sending command to the server: 'time'
client 2023-07-14 09:59:36,244 [INFO] Got response: '1689325176.2274344'
client 2023-07-14 09:59:36,244 [INFO] The time difference between the client and the server is within range 15.772 ms..17.169 ms
client 2023-07-14 09:59:36,244 [INFO] Copying loadgen logs from '/home/arjun/results_dir/valid_results/phoenix_Amd_Am5-reference-cpu-onnxruntime-v1.14.0-default_config/resnet50/multistream/performance/run_1' to '/home/arjun/results_dir/valid_results/phoenix_Amd_Am5-reference-cpu-onnxruntime-v1.14.0-default_config/resnet50/multistream/performance/tmp_power/run_1'
client 2023-07-14 09:59:36,245 [INFO] Done runs
