client 2023-07-13 09:21:30,950 [INFO] Creating output directory '/home/arjun/mobilenet_results/valid_results/phoenix_Amd_Am5-tflite_cpp-cpu-tflite-vmaster-default_config/mobilenet-v2-precision_uint8-0.35-160/singlestream/performance/tmp_power'
client 2023-07-13 09:21:30,952 [INFO] Sending command to the server: 'mlcommons/power client v3'
client 2023-07-13 09:21:30,955 [INFO] Got response: 'mlcommons/power server v3'
client 2023-07-13 09:21:30,955 [INFO] Synchronizing with the server and with time.google.com...
client 2023-07-13 09:21:30,980 [INFO] NTP:offset = -0.001 s, delay = 0.013 s 
client 2023-07-13 09:21:30,980 [INFO] Sending command to the server: 'time'
client 2023-07-13 09:21:30,982 [INFO] Got response: '1689236490.917281'
client 2023-07-13 09:21:30,982 [INFO] The time difference between the client and the server is within range 63.162 ms..65.274 ms
client 2023-07-13 09:21:30,982 [INFO] Sending command to the server: 'new,,96ca189f-e81b-4394-a78e-574df87087b0'
client 2023-07-13 09:21:30,984 [INFO] Got response: 'OK 2023-07-13_09-21-30,c3cb287f-a8b8-4c1f-8e8c-24fd2d6340c7'
client 2023-07-13 09:21:30,984 [INFO] Session id is '2023-07-13_09-21-30'
client 2023-07-13 09:21:30,984 [INFO] Sources: {"sources": {"__init__.py": "da39a3ee5e6b4b0d3255bfef95601890afd80709", "client.py": "33ca4f26368777ac06e01f9567b714a4b8063886", "lib/__init__.py": "da39a3ee5e6b4b0d3255bfef95601890afd80709", "lib/client.py": "ac2aa093c8e8bbc9569b9e2a3471bc64e58a2258", "lib/common.py": "611d8b29633d331eb19c9455ea3b5fa3284ed6df", "lib/external/__init__.py": "da39a3ee5e6b4b0d3255bfef95601890afd80709", "lib/external/ntplib.py": "4da8f970656505a40483206ef2b5d3dd5e81711d", "lib/server.py": "c7af63c31bb2fbedea4345f571f6e3507d268ada", "lib/source_hashes.py": "60a2e02193209e8d392803326208d5466342da18", "lib/summary.py": "aa92f0a3f975eecd44d3c0cd0236342ccc9f941d", "lib/time_sync.py": "122eba67a9abc85635223e054def53be1367ade2", "server.py": "c3f90f2f7eeb4db30727556d0c815ebc89b3d28b", "tests/unit/__init__.py": "da39a3ee5e6b4b0d3255bfef95601890afd80709", "tests/unit/test_server.py": "948c1995d4008bc2aa6c4046a34ffa3858d6d671", "tests/unit/test_source_hashes.py": "00468a2907583c593e6574a1f6b404e4651c221a"}, "modules": {"ptd_client_server.lib.client": "lib/client.py", "ptd_client_server.lib.common": "lib/common.py", "ptd_client_server.lib.external.ntplib": "lib/external/ntplib.py", "ptd_client_server.lib.source_hashes": "lib/source_hashes.py", "ptd_client_server.lib.summary": "lib/summary.py", "ptd_client_server.lib.time_sync": "lib/time_sync.py"}}
client 2023-07-13 09:21:30,984 [INFO] Running workload in ranging mode
client 2023-07-13 09:21:30,984 [INFO] Synchronizing with the server and with time.google.com...
client 2023-07-13 09:21:31,001 [INFO] NTP:offset = -0.001 s, delay = 0.016 s 
client 2023-07-13 09:21:31,001 [INFO] Sending command to the server: 'time'
client 2023-07-13 09:21:31,003 [INFO] Got response: '1689236490.9370613'
client 2023-07-13 09:21:31,003 [INFO] The time difference between the client and the server is within range 64.801 ms..66.453 ms
client 2023-07-13 09:21:31,003 [INFO] Sending command to the server: 'session,2023-07-13_09-21-30,start,ranging'
client 2023-07-13 09:21:54,874 [INFO] Got response: 'OK'
client 2023-07-13 09:21:54,875 [INFO] Sending command to the server: 'time'
client 2023-07-13 09:21:54,877 [INFO] Got response: '1689236514.8115401'
client 2023-07-13 09:21:54,877 [INFO] The time difference between the client and the server is within range 63.493 ms..66.170 ms
client 2023-07-13 09:21:54,877 [INFO] Running the workload 'CM_MLPERF_RUN_COUNT=$(cat ${CM_RUN_DIR}/count.txt); echo ${CM_MLPERF_RUN_COUNT}; CM_MLPERF_RUN_COUNT=$((CM_MLPERF_RUN_COUNT+1)); echo ${CM_MLPERF_RUN_COUNT} > ${CM_RUN_DIR}/count.txt && if [ ${CM_MLPERF_RUN_COUNT} -eq "1" ]; then export CM_MLPERF_USER_CONF=${CM_MLPERF_RANGING_USER_CONF}; else export CM_MLPERF_USER_CONF=${CM_MLPERF_TESTING_USER_CONF}; fi && /home/arjun/run.out'
client 2023-07-13 09:26:55,466 [INFO] Sending command to the server: 'time'
client 2023-07-13 09:26:55,469 [INFO] Got response: '1689236815.397537'
client 2023-07-13 09:26:55,469 [INFO] The time difference between the client and the server is within range 69.069 ms..72.279 ms
client 2023-07-13 09:26:55,469 [INFO] Sending command to the server: 'session,2023-07-13_09-21-30,stop,ranging'
client 2023-07-13 09:27:06,025 [INFO] Got response: 'OK'
client 2023-07-13 09:27:06,025 [INFO] Sending command to the server: 'time'
client 2023-07-13 09:27:06,027 [INFO] Got response: '1689236825.9625068'
client 2023-07-13 09:27:06,027 [INFO] The time difference between the client and the server is within range 63.061 ms..65.100 ms
client 2023-07-13 09:27:06,029 [INFO] Copying loadgen logs from '/home/arjun/mobilenet_results/valid_results/phoenix_Amd_Am5-tflite_cpp-cpu-tflite-vmaster-default_config/mobilenet-v2-precision_uint8-0.35-160/singlestream/performance/run_1' to '/home/arjun/mobilenet_results/valid_results/phoenix_Amd_Am5-tflite_cpp-cpu-tflite-vmaster-default_config/mobilenet-v2-precision_uint8-0.35-160/singlestream/performance/tmp_power/ranging'
client 2023-07-13 09:27:06,029 [INFO] Running workload in testing mode
client 2023-07-13 09:27:06,029 [INFO] Synchronizing with the server and with time.google.com...
client 2023-07-13 09:27:06,048 [INFO] NTP:offset = -0.000 s, delay = 0.018 s 
client 2023-07-13 09:27:06,048 [INFO] Sending command to the server: 'time'
client 2023-07-13 09:27:06,051 [INFO] Got response: '1689236825.9829206'
client 2023-07-13 09:27:06,051 [INFO] The time difference between the client and the server is within range 65.869 ms..68.449 ms
client 2023-07-13 09:27:06,051 [INFO] Sending command to the server: 'session,2023-07-13_09-21-30,start,testing'
client 2023-07-13 09:27:19,098 [INFO] Got response: 'OK'
client 2023-07-13 09:27:19,098 [INFO] Sending command to the server: 'time'
client 2023-07-13 09:27:19,101 [INFO] Got response: '1689236839.0340824'
client 2023-07-13 09:27:19,101 [INFO] The time difference between the client and the server is within range 64.798 ms..67.364 ms
client 2023-07-13 09:27:19,101 [INFO] Running the workload 'CM_MLPERF_RUN_COUNT=$(cat ${CM_RUN_DIR}/count.txt); echo ${CM_MLPERF_RUN_COUNT}; CM_MLPERF_RUN_COUNT=$((CM_MLPERF_RUN_COUNT+1)); echo ${CM_MLPERF_RUN_COUNT} > ${CM_RUN_DIR}/count.txt && if [ ${CM_MLPERF_RUN_COUNT} -eq "1" ]; then export CM_MLPERF_USER_CONF=${CM_MLPERF_RANGING_USER_CONF}; else export CM_MLPERF_USER_CONF=${CM_MLPERF_TESTING_USER_CONF}; fi && /home/arjun/run.out'
client 2023-07-13 09:37:20,173 [INFO] Sending command to the server: 'time'
client 2023-07-13 09:37:20,174 [INFO] Got response: '1689237440.1040146'
client 2023-07-13 09:37:20,174 [INFO] The time difference between the client and the server is within range 69.077 ms..70.925 ms
client 2023-07-13 09:37:20,174 [INFO] Sending command to the server: 'session,2023-07-13_09-21-30,stop,testing'
client 2023-07-13 09:37:31,165 [INFO] Got response: 'OK'
client 2023-07-13 09:37:31,165 [INFO] Sending command to the server: 'time'
client 2023-07-13 09:37:31,166 [INFO] Got response: '1689237451.0964415'
client 2023-07-13 09:37:31,167 [INFO] The time difference between the client and the server is within range 68.987 ms..70.600 ms
client 2023-07-13 09:37:31,167 [INFO] Copying loadgen logs from '/home/arjun/mobilenet_results/valid_results/phoenix_Amd_Am5-tflite_cpp-cpu-tflite-vmaster-default_config/mobilenet-v2-precision_uint8-0.35-160/singlestream/performance/run_1' to '/home/arjun/mobilenet_results/valid_results/phoenix_Amd_Am5-tflite_cpp-cpu-tflite-vmaster-default_config/mobilenet-v2-precision_uint8-0.35-160/singlestream/performance/tmp_power/run_1'
client 2023-07-13 09:37:31,167 [INFO] Done runs
