client 2023-07-26 19:44:02,160 [INFO] Creating output directory '/home/cmuser/mobilenet_results/valid_results/bb3b3f2d4d2e-tflite_cpp-cpu-tflite-vmaster-default_config/mobilenet-v2-precision_float-0.5-128/singlestream/performance/tmp_power'
client 2023-07-26 19:44:02,162 [INFO] Sending command to the server: 'mlcommons/power client v3'
client 2023-07-26 19:44:02,164 [INFO] Got response: 'mlcommons/power server v3'
client 2023-07-26 19:44:02,164 [INFO] Synchronizing with the server and with time.google.com...
client 2023-07-26 19:44:02,224 [INFO] NTP:offset = -0.000 s, delay = 0.021 s 
client 2023-07-26 19:44:02,224 [INFO] Sending command to the server: 'time'
client 2023-07-26 19:44:02,227 [INFO] Got response: '1690425842.211654'
client 2023-07-26 19:44:02,228 [INFO] The time difference between the client and the server is within range 12.495 ms..16.409 ms
client 2023-07-26 19:44:02,228 [INFO] Sending command to the server: 'new,,cbe9cd37-5823-4286-813f-9ad1f6aab212'
client 2023-07-26 19:44:02,232 [INFO] Got response: 'OK 2023-07-27_03-44-02,e29b78a4-e3a0-42f6-b1c4-14060645f978'
client 2023-07-26 19:44:02,232 [INFO] Session id is '2023-07-27_03-44-02'
client 2023-07-26 19:44:02,232 [INFO] Sources: {"sources": {"__init__.py": "da39a3ee5e6b4b0d3255bfef95601890afd80709", "client.py": "33ca4f26368777ac06e01f9567b714a4b8063886", "lib/__init__.py": "da39a3ee5e6b4b0d3255bfef95601890afd80709", "lib/client.py": "ac2aa093c8e8bbc9569b9e2a3471bc64e58a2258", "lib/common.py": "611d8b29633d331eb19c9455ea3b5fa3284ed6df", "lib/external/__init__.py": "da39a3ee5e6b4b0d3255bfef95601890afd80709", "lib/external/ntplib.py": "4da8f970656505a40483206ef2b5d3dd5e81711d", "lib/server.py": "c7af63c31bb2fbedea4345f571f6e3507d268ada", "lib/source_hashes.py": "60a2e02193209e8d392803326208d5466342da18", "lib/summary.py": "aa92f0a3f975eecd44d3c0cd0236342ccc9f941d", "lib/time_sync.py": "122eba67a9abc85635223e054def53be1367ade2", "server.py": "c3f90f2f7eeb4db30727556d0c815ebc89b3d28b", "tests/unit/__init__.py": "da39a3ee5e6b4b0d3255bfef95601890afd80709", "tests/unit/test_server.py": "948c1995d4008bc2aa6c4046a34ffa3858d6d671", "tests/unit/test_source_hashes.py": "00468a2907583c593e6574a1f6b404e4651c221a"}, "modules": {"ptd_client_server.lib.client": "lib/client.py", "ptd_client_server.lib.common": "lib/common.py", "ptd_client_server.lib.external.ntplib": "lib/external/ntplib.py", "ptd_client_server.lib.source_hashes": "lib/source_hashes.py", "ptd_client_server.lib.summary": "lib/summary.py", "ptd_client_server.lib.time_sync": "lib/time_sync.py"}}
client 2023-07-26 19:44:02,232 [INFO] Running workload in ranging mode
client 2023-07-26 19:44:02,232 [INFO] Synchronizing with the server and with time.google.com...
client 2023-07-26 19:44:02,279 [INFO] NTP:offset = 0.000 s, delay = 0.015 s 
client 2023-07-26 19:44:02,280 [INFO] Sending command to the server: 'time'
client 2023-07-26 19:44:02,283 [INFO] Got response: '1690425842.2618892'
client 2023-07-26 19:44:02,283 [INFO] The time difference between the client and the server is within range 18.208 ms..21.754 ms
client 2023-07-26 19:44:02,283 [INFO] Sending command to the server: 'session,2023-07-27_03-44-02,start,ranging'
client 2023-07-26 19:44:26,140 [INFO] Got response: 'OK'
client 2023-07-26 19:44:26,140 [INFO] Sending command to the server: 'time'
client 2023-07-26 19:44:26,143 [INFO] Got response: '1690425866.1203601'
client 2023-07-26 19:44:26,143 [INFO] The time difference between the client and the server is within range 20.355 ms..23.481 ms
client 2023-07-26 19:44:26,143 [INFO] Running the workload 'CM_MLPERF_RUN_COUNT=$(cat ${CM_RUN_DIR}/count.txt); echo ${CM_MLPERF_RUN_COUNT}; CM_MLPERF_RUN_COUNT=$((CM_MLPERF_RUN_COUNT+1)); echo ${CM_MLPERF_RUN_COUNT} > ${CM_RUN_DIR}/count.txt && if [ ${CM_MLPERF_RUN_COUNT} -eq "1" ]; then export CM_MLPERF_USER_CONF=${CM_MLPERF_RANGING_USER_CONF}; else export CM_MLPERF_USER_CONF=${CM_MLPERF_TESTING_USER_CONF}; fi && /home/cmuser/run.out'
client 2023-07-26 19:49:26,804 [INFO] Sending command to the server: 'time'
client 2023-07-26 19:49:26,807 [INFO] Got response: '1690426166.78833'
client 2023-07-26 19:49:26,808 [INFO] The time difference between the client and the server is within range 16.419 ms..19.712 ms
client 2023-07-26 19:49:26,808 [INFO] Sending command to the server: 'session,2023-07-27_03-44-02,stop,ranging'
client 2023-07-26 19:49:37,301 [INFO] Got response: 'OK'
client 2023-07-26 19:49:37,301 [INFO] Sending command to the server: 'time'
client 2023-07-26 19:49:37,302 [INFO] Got response: '1690426177.2792175'
client 2023-07-26 19:49:37,302 [INFO] The time difference between the client and the server is within range 22.102 ms..23.716 ms
client 2023-07-26 19:49:37,306 [INFO] Copying loadgen logs from '/home/cmuser/mobilenet_results/valid_results/bb3b3f2d4d2e-tflite_cpp-cpu-tflite-vmaster-default_config/mobilenet-v2-precision_float-0.5-128/singlestream/performance/run_1' to '/home/cmuser/mobilenet_results/valid_results/bb3b3f2d4d2e-tflite_cpp-cpu-tflite-vmaster-default_config/mobilenet-v2-precision_float-0.5-128/singlestream/performance/tmp_power/ranging'
client 2023-07-26 19:49:37,306 [INFO] Running workload in testing mode
client 2023-07-26 19:49:37,306 [INFO] Synchronizing with the server and with time.google.com...
client 2023-07-26 19:49:37,367 [INFO] NTP:offset = -0.002 s, delay = 0.013 s 
client 2023-07-26 19:49:37,367 [INFO] Sending command to the server: 'time'
client 2023-07-26 19:49:37,369 [INFO] Got response: '1690426177.3500564'
client 2023-07-26 19:49:37,369 [INFO] The time difference between the client and the server is within range 17.346 ms..19.773 ms
client 2023-07-26 19:49:37,369 [INFO] Sending command to the server: 'session,2023-07-27_03-44-02,start,testing'
client 2023-07-26 19:49:50,448 [INFO] Got response: 'OK'
client 2023-07-26 19:49:50,449 [INFO] Sending command to the server: 'time'
client 2023-07-26 19:49:50,451 [INFO] Got response: '1690426190.4268239'
client 2023-07-26 19:49:50,451 [INFO] The time difference between the client and the server is within range 22.194 ms..24.799 ms
client 2023-07-26 19:49:50,451 [INFO] Running the workload 'CM_MLPERF_RUN_COUNT=$(cat ${CM_RUN_DIR}/count.txt); echo ${CM_MLPERF_RUN_COUNT}; CM_MLPERF_RUN_COUNT=$((CM_MLPERF_RUN_COUNT+1)); echo ${CM_MLPERF_RUN_COUNT} > ${CM_RUN_DIR}/count.txt && if [ ${CM_MLPERF_RUN_COUNT} -eq "1" ]; then export CM_MLPERF_USER_CONF=${CM_MLPERF_RANGING_USER_CONF}; else export CM_MLPERF_USER_CONF=${CM_MLPERF_TESTING_USER_CONF}; fi && /home/cmuser/run.out'
client 2023-07-26 19:59:51,761 [INFO] Sending command to the server: 'time'
client 2023-07-26 19:59:51,763 [INFO] Got response: '1690426791.7336302'
client 2023-07-26 19:59:51,763 [INFO] The time difference between the client and the server is within range 27.627 ms..29.980 ms
client 2023-07-26 19:59:51,763 [INFO] Sending command to the server: 'session,2023-07-27_03-44-02,stop,testing'
client 2023-07-26 20:00:02,531 [INFO] Got response: 'OK'
client 2023-07-26 20:00:02,532 [INFO] Sending command to the server: 'time'
client 2023-07-26 20:00:02,533 [INFO] Got response: '1690426802.506606'
client 2023-07-26 20:00:02,533 [INFO] The time difference between the client and the server is within range 25.477 ms..27.353 ms
client 2023-07-26 20:00:02,534 [INFO] Copying loadgen logs from '/home/cmuser/mobilenet_results/valid_results/bb3b3f2d4d2e-tflite_cpp-cpu-tflite-vmaster-default_config/mobilenet-v2-precision_float-0.5-128/singlestream/performance/run_1' to '/home/cmuser/mobilenet_results/valid_results/bb3b3f2d4d2e-tflite_cpp-cpu-tflite-vmaster-default_config/mobilenet-v2-precision_float-0.5-128/singlestream/performance/tmp_power/run_1'
client 2023-07-26 20:00:02,534 [INFO] Done runs
