client 2023-07-26 20:16:18,109 [INFO] Creating output directory '/home/cmuser/mobilenet_results/valid_results/bb3b3f2d4d2e-tflite_cpp-cpu-tflite-vmaster-default_config/mobilenet-v2-precision_float-0.35-224/singlestream/performance/tmp_power'
client 2023-07-26 20:16:18,110 [INFO] Sending command to the server: 'mlcommons/power client v3'
client 2023-07-26 20:16:18,113 [INFO] Got response: 'mlcommons/power server v3'
client 2023-07-26 20:16:18,113 [INFO] Synchronizing with the server and with time.google.com...
client 2023-07-26 20:16:18,161 [INFO] NTP:offset = -0.002 s, delay = 0.013 s 
client 2023-07-26 20:16:18,161 [INFO] Sending command to the server: 'time'
client 2023-07-26 20:16:18,163 [INFO] Got response: '1690427778.1269495'
client 2023-07-26 20:16:18,163 [INFO] The time difference between the client and the server is within range 34.728 ms..36.860 ms
client 2023-07-26 20:16:18,163 [INFO] Sending command to the server: 'new,,af1318fe-107e-483f-9f4c-ed7c4fb16471'
client 2023-07-26 20:16:18,166 [INFO] Got response: 'OK 2023-07-27_04-16-18,db7c63a2-c30d-40d0-ac04-81dc346578d4'
client 2023-07-26 20:16:18,166 [INFO] Session id is '2023-07-27_04-16-18'
client 2023-07-26 20:16:18,166 [INFO] Sources: {"sources": {"__init__.py": "da39a3ee5e6b4b0d3255bfef95601890afd80709", "client.py": "33ca4f26368777ac06e01f9567b714a4b8063886", "lib/__init__.py": "da39a3ee5e6b4b0d3255bfef95601890afd80709", "lib/client.py": "ac2aa093c8e8bbc9569b9e2a3471bc64e58a2258", "lib/common.py": "611d8b29633d331eb19c9455ea3b5fa3284ed6df", "lib/external/__init__.py": "da39a3ee5e6b4b0d3255bfef95601890afd80709", "lib/external/ntplib.py": "4da8f970656505a40483206ef2b5d3dd5e81711d", "lib/server.py": "c7af63c31bb2fbedea4345f571f6e3507d268ada", "lib/source_hashes.py": "60a2e02193209e8d392803326208d5466342da18", "lib/summary.py": "aa92f0a3f975eecd44d3c0cd0236342ccc9f941d", "lib/time_sync.py": "122eba67a9abc85635223e054def53be1367ade2", "server.py": "c3f90f2f7eeb4db30727556d0c815ebc89b3d28b", "tests/unit/__init__.py": "da39a3ee5e6b4b0d3255bfef95601890afd80709", "tests/unit/test_server.py": "948c1995d4008bc2aa6c4046a34ffa3858d6d671", "tests/unit/test_source_hashes.py": "00468a2907583c593e6574a1f6b404e4651c221a"}, "modules": {"ptd_client_server.lib.client": "lib/client.py", "ptd_client_server.lib.common": "lib/common.py", "ptd_client_server.lib.external.ntplib": "lib/external/ntplib.py", "ptd_client_server.lib.source_hashes": "lib/source_hashes.py", "ptd_client_server.lib.summary": "lib/summary.py", "ptd_client_server.lib.time_sync": "lib/time_sync.py"}}
client 2023-07-26 20:16:18,166 [INFO] Running workload in ranging mode
client 2023-07-26 20:16:18,166 [INFO] Synchronizing with the server and with time.google.com...
client 2023-07-26 20:16:18,218 [INFO] NTP:offset = -0.002 s, delay = 0.016 s 
client 2023-07-26 20:16:18,218 [INFO] Sending command to the server: 'time'
client 2023-07-26 20:16:18,221 [INFO] Got response: '1690427778.1863594'
client 2023-07-26 20:16:18,221 [INFO] The time difference between the client and the server is within range 32.003 ms..35.312 ms
client 2023-07-26 20:16:18,221 [INFO] Sending command to the server: 'session,2023-07-27_04-16-18,start,ranging'
client 2023-07-26 20:16:42,084 [INFO] Got response: 'OK'
client 2023-07-26 20:16:42,084 [INFO] Sending command to the server: 'time'
client 2023-07-26 20:16:42,087 [INFO] Got response: '1690427802.0474882'
client 2023-07-26 20:16:42,087 [INFO] The time difference between the client and the server is within range 36.987 ms..40.022 ms
client 2023-07-26 20:16:42,087 [INFO] Running the workload 'CM_MLPERF_RUN_COUNT=$(cat ${CM_RUN_DIR}/count.txt); echo ${CM_MLPERF_RUN_COUNT}; CM_MLPERF_RUN_COUNT=$((CM_MLPERF_RUN_COUNT+1)); echo ${CM_MLPERF_RUN_COUNT} > ${CM_RUN_DIR}/count.txt && if [ ${CM_MLPERF_RUN_COUNT} -eq "1" ]; then export CM_MLPERF_USER_CONF=${CM_MLPERF_RANGING_USER_CONF}; else export CM_MLPERF_USER_CONF=${CM_MLPERF_TESTING_USER_CONF}; fi && /home/cmuser/run.out'
client 2023-07-26 20:21:42,707 [INFO] Sending command to the server: 'time'
client 2023-07-26 20:21:42,711 [INFO] Got response: '1690428102.6705556'
client 2023-07-26 20:21:42,711 [INFO] The time difference between the client and the server is within range 36.881 ms..40.694 ms
client 2023-07-26 20:21:42,711 [INFO] Sending command to the server: 'session,2023-07-27_04-16-18,stop,ranging'
client 2023-07-26 20:21:53,275 [INFO] Got response: 'OK'
client 2023-07-26 20:21:53,276 [INFO] Sending command to the server: 'time'
client 2023-07-26 20:21:53,277 [INFO] Got response: '1690428113.2313626'
client 2023-07-26 20:21:53,277 [INFO] The time difference between the client and the server is within range 44.660 ms..46.555 ms
client 2023-07-26 20:21:53,281 [INFO] Copying loadgen logs from '/home/cmuser/mobilenet_results/valid_results/bb3b3f2d4d2e-tflite_cpp-cpu-tflite-vmaster-default_config/mobilenet-v2-precision_float-0.35-224/singlestream/performance/run_1' to '/home/cmuser/mobilenet_results/valid_results/bb3b3f2d4d2e-tflite_cpp-cpu-tflite-vmaster-default_config/mobilenet-v2-precision_float-0.35-224/singlestream/performance/tmp_power/ranging'
client 2023-07-26 20:21:53,281 [INFO] Running workload in testing mode
client 2023-07-26 20:21:53,281 [INFO] Synchronizing with the server and with time.google.com...
client 2023-07-26 20:21:53,364 [INFO] NTP:offset = -0.001 s, delay = 0.015 s 
client 2023-07-26 20:21:53,364 [INFO] Sending command to the server: 'time'
client 2023-07-26 20:21:53,366 [INFO] Got response: '1690428113.3225822'
client 2023-07-26 20:21:53,366 [INFO] The time difference between the client and the server is within range 41.767 ms..44.116 ms
client 2023-07-26 20:21:53,366 [INFO] Sending command to the server: 'session,2023-07-27_04-16-18,start,testing'
client 2023-07-26 20:22:06,407 [INFO] Got response: 'OK'
client 2023-07-26 20:22:06,407 [INFO] Sending command to the server: 'time'
client 2023-07-26 20:22:06,410 [INFO] Got response: '1690428126.372194'
client 2023-07-26 20:22:06,410 [INFO] The time difference between the client and the server is within range 35.071 ms..38.257 ms
client 2023-07-26 20:22:06,410 [INFO] Running the workload 'CM_MLPERF_RUN_COUNT=$(cat ${CM_RUN_DIR}/count.txt); echo ${CM_MLPERF_RUN_COUNT}; CM_MLPERF_RUN_COUNT=$((CM_MLPERF_RUN_COUNT+1)); echo ${CM_MLPERF_RUN_COUNT} > ${CM_RUN_DIR}/count.txt && if [ ${CM_MLPERF_RUN_COUNT} -eq "1" ]; then export CM_MLPERF_USER_CONF=${CM_MLPERF_RANGING_USER_CONF}; else export CM_MLPERF_USER_CONF=${CM_MLPERF_TESTING_USER_CONF}; fi && /home/cmuser/run.out'
client 2023-07-26 20:32:07,546 [INFO] Sending command to the server: 'time'
client 2023-07-26 20:32:07,548 [INFO] Got response: '1690428727.4986575'
client 2023-07-26 20:32:07,548 [INFO] The time difference between the client and the server is within range 47.387 ms..49.975 ms
client 2023-07-26 20:32:07,548 [INFO] Sending command to the server: 'session,2023-07-27_04-16-18,stop,testing'
client 2023-07-26 20:32:18,482 [INFO] Got response: 'OK'
client 2023-07-26 20:32:18,482 [INFO] Sending command to the server: 'time'
client 2023-07-26 20:32:18,484 [INFO] Got response: '1690428738.4376857'
client 2023-07-26 20:32:18,484 [INFO] The time difference between the client and the server is within range 44.675 ms..46.586 ms
client 2023-07-26 20:32:18,484 [INFO] Copying loadgen logs from '/home/cmuser/mobilenet_results/valid_results/bb3b3f2d4d2e-tflite_cpp-cpu-tflite-vmaster-default_config/mobilenet-v2-precision_float-0.35-224/singlestream/performance/run_1' to '/home/cmuser/mobilenet_results/valid_results/bb3b3f2d4d2e-tflite_cpp-cpu-tflite-vmaster-default_config/mobilenet-v2-precision_float-0.35-224/singlestream/performance/tmp_power/run_1'
client 2023-07-26 20:32:18,485 [INFO] Done runs
