client 2023-07-13 01:49:25,971 [INFO] Creating output directory '/home/arjun/mobilenet_results/valid_results/phoenix_Amd_Am5-tflite_cpp-cpu-tflite-vmaster-default_config/mobilenet-v2-precision_uint8-1.0-224/singlestream/performance/tmp_power'
client 2023-07-13 01:49:25,972 [INFO] Sending command to the server: 'mlcommons/power client v3'
client 2023-07-13 01:49:25,974 [INFO] Got response: 'mlcommons/power server v3'
client 2023-07-13 01:49:25,974 [INFO] Synchronizing with the server and with time.google.com...
client 2023-07-13 01:49:25,990 [INFO] NTP:offset = -0.001 s, delay = 0.014 s 
client 2023-07-13 01:49:25,990 [INFO] Sending command to the server: 'time'
client 2023-07-13 01:49:25,993 [INFO] Got response: '1689209365.9163954'
client 2023-07-13 01:49:25,993 [INFO] The time difference between the client and the server is within range 73.889 ms..77.174 ms
client 2023-07-13 01:49:25,993 [INFO] Sending command to the server: 'new,,ab3c3e24-2f2f-48f5-9a7c-350bb233d9f9'
client 2023-07-13 01:49:25,995 [INFO] Got response: 'OK 2023-07-13_01-49-25,fa5c0608-2fa0-4bf7-9448-6a0af48c9667'
client 2023-07-13 01:49:25,995 [INFO] Session id is '2023-07-13_01-49-25'
client 2023-07-13 01:49:25,996 [INFO] Sources: {"sources": {"__init__.py": "da39a3ee5e6b4b0d3255bfef95601890afd80709", "client.py": "33ca4f26368777ac06e01f9567b714a4b8063886", "lib/__init__.py": "da39a3ee5e6b4b0d3255bfef95601890afd80709", "lib/client.py": "ac2aa093c8e8bbc9569b9e2a3471bc64e58a2258", "lib/common.py": "611d8b29633d331eb19c9455ea3b5fa3284ed6df", "lib/external/__init__.py": "da39a3ee5e6b4b0d3255bfef95601890afd80709", "lib/external/ntplib.py": "4da8f970656505a40483206ef2b5d3dd5e81711d", "lib/server.py": "c7af63c31bb2fbedea4345f571f6e3507d268ada", "lib/source_hashes.py": "60a2e02193209e8d392803326208d5466342da18", "lib/summary.py": "aa92f0a3f975eecd44d3c0cd0236342ccc9f941d", "lib/time_sync.py": "122eba67a9abc85635223e054def53be1367ade2", "server.py": "c3f90f2f7eeb4db30727556d0c815ebc89b3d28b", "tests/unit/__init__.py": "da39a3ee5e6b4b0d3255bfef95601890afd80709", "tests/unit/test_server.py": "948c1995d4008bc2aa6c4046a34ffa3858d6d671", "tests/unit/test_source_hashes.py": "00468a2907583c593e6574a1f6b404e4651c221a"}, "modules": {"ptd_client_server.lib.client": "lib/client.py", "ptd_client_server.lib.common": "lib/common.py", "ptd_client_server.lib.external.ntplib": "lib/external/ntplib.py", "ptd_client_server.lib.source_hashes": "lib/source_hashes.py", "ptd_client_server.lib.summary": "lib/summary.py", "ptd_client_server.lib.time_sync": "lib/time_sync.py"}}
client 2023-07-13 01:49:25,996 [INFO] Running workload in ranging mode
client 2023-07-13 01:49:25,996 [INFO] Synchronizing with the server and with time.google.com...
client 2023-07-13 01:49:26,011 [INFO] NTP:offset = -0.001 s, delay = 0.015 s 
client 2023-07-13 01:49:26,011 [INFO] Sending command to the server: 'time'
client 2023-07-13 01:49:26,017 [INFO] Got response: '1689209365.9363315'
client 2023-07-13 01:49:26,017 [INFO] The time difference between the client and the server is within range 75.583 ms..80.991 ms
client 2023-07-13 01:49:26,017 [INFO] Sending command to the server: 'session,2023-07-13_01-49-25,start,ranging'
client 2023-07-13 01:49:49,859 [INFO] Got response: 'OK'
client 2023-07-13 01:49:49,859 [INFO] Sending command to the server: 'time'
client 2023-07-13 01:49:49,861 [INFO] Got response: '1689209389.7836006'
client 2023-07-13 01:49:49,861 [INFO] The time difference between the client and the server is within range 75.701 ms..77.606 ms
client 2023-07-13 01:49:49,861 [INFO] Running the workload 'CM_MLPERF_RUN_COUNT=$(cat ${CM_RUN_DIR}/count.txt); echo ${CM_MLPERF_RUN_COUNT}; CM_MLPERF_RUN_COUNT=$((CM_MLPERF_RUN_COUNT+1)); echo ${CM_MLPERF_RUN_COUNT} > ${CM_RUN_DIR}/count.txt && if [ ${CM_MLPERF_RUN_COUNT} -eq "1" ]; then export CM_MLPERF_USER_CONF=${CM_MLPERF_RANGING_USER_CONF}; else export CM_MLPERF_USER_CONF=${CM_MLPERF_TESTING_USER_CONF}; fi && /home/arjun/run.out'
client 2023-07-13 01:54:50,407 [INFO] Sending command to the server: 'time'
client 2023-07-13 01:54:50,410 [INFO] Got response: '1689209690.3271286'
client 2023-07-13 01:54:50,410 [INFO] The time difference between the client and the server is within range 80.312 ms..83.648 ms
client 2023-07-13 01:54:50,410 [INFO] Sending command to the server: 'session,2023-07-13_01-49-25,stop,ranging'
client 2023-07-13 01:55:01,045 [INFO] Got response: 'OK'
client 2023-07-13 01:55:01,045 [INFO] Sending command to the server: 'time'
client 2023-07-13 01:55:01,047 [INFO] Got response: '1689209700.963975'
client 2023-07-13 01:55:01,047 [INFO] The time difference between the client and the server is within range 81.698 ms..83.700 ms
client 2023-07-13 01:55:01,050 [INFO] Copying loadgen logs from '/home/arjun/mobilenet_results/valid_results/phoenix_Amd_Am5-tflite_cpp-cpu-tflite-vmaster-default_config/mobilenet-v2-precision_uint8-1.0-224/singlestream/performance/run_1' to '/home/arjun/mobilenet_results/valid_results/phoenix_Amd_Am5-tflite_cpp-cpu-tflite-vmaster-default_config/mobilenet-v2-precision_uint8-1.0-224/singlestream/performance/tmp_power/ranging'
client 2023-07-13 01:55:01,050 [INFO] Running workload in testing mode
client 2023-07-13 01:55:01,050 [INFO] Synchronizing with the server and with time.google.com...
client 2023-07-13 01:55:01,065 [INFO] NTP:offset = -0.000 s, delay = 0.014 s 
client 2023-07-13 01:55:01,066 [INFO] Sending command to the server: 'time'
client 2023-07-13 01:55:01,068 [INFO] Got response: '1689209700.9841728'
client 2023-07-13 01:55:01,068 [INFO] The time difference between the client and the server is within range 81.906 ms..84.553 ms
client 2023-07-13 01:55:01,068 [INFO] Sending command to the server: 'session,2023-07-13_01-49-25,start,testing'
client 2023-07-13 01:55:14,144 [INFO] Got response: 'OK'
client 2023-07-13 01:55:14,144 [INFO] Sending command to the server: 'time'
client 2023-07-13 01:55:14,147 [INFO] Got response: '1689209714.0697904'
client 2023-07-13 01:55:14,147 [INFO] The time difference between the client and the server is within range 74.745 ms..77.657 ms
client 2023-07-13 01:55:14,147 [INFO] Running the workload 'CM_MLPERF_RUN_COUNT=$(cat ${CM_RUN_DIR}/count.txt); echo ${CM_MLPERF_RUN_COUNT}; CM_MLPERF_RUN_COUNT=$((CM_MLPERF_RUN_COUNT+1)); echo ${CM_MLPERF_RUN_COUNT} > ${CM_RUN_DIR}/count.txt && if [ ${CM_MLPERF_RUN_COUNT} -eq "1" ]; then export CM_MLPERF_USER_CONF=${CM_MLPERF_RANGING_USER_CONF}; else export CM_MLPERF_USER_CONF=${CM_MLPERF_TESTING_USER_CONF}; fi && /home/arjun/run.out'
client 2023-07-13 02:05:15,188 [INFO] Sending command to the server: 'time'
client 2023-07-13 02:05:15,191 [INFO] Got response: '1689210315.1070106'
client 2023-07-13 02:05:15,191 [INFO] The time difference between the client and the server is within range 81.060 ms..84.415 ms
client 2023-07-13 02:05:15,191 [INFO] Sending command to the server: 'session,2023-07-13_01-49-25,stop,testing'
client 2023-07-13 02:05:26,228 [INFO] Got response: 'OK'
client 2023-07-13 02:05:26,228 [INFO] Sending command to the server: 'time'
client 2023-07-13 02:05:26,230 [INFO] Got response: '1689210326.150237'
client 2023-07-13 02:05:26,230 [INFO] The time difference between the client and the server is within range 78.255 ms..79.953 ms
client 2023-07-13 02:05:26,230 [INFO] Copying loadgen logs from '/home/arjun/mobilenet_results/valid_results/phoenix_Amd_Am5-tflite_cpp-cpu-tflite-vmaster-default_config/mobilenet-v2-precision_uint8-1.0-224/singlestream/performance/run_1' to '/home/arjun/mobilenet_results/valid_results/phoenix_Amd_Am5-tflite_cpp-cpu-tflite-vmaster-default_config/mobilenet-v2-precision_uint8-1.0-224/singlestream/performance/tmp_power/run_1'
client 2023-07-13 02:05:26,230 [INFO] Done runs
