client 2023-07-13 08:49:13,108 [INFO] Creating output directory '/home/arjun/mobilenet_results/valid_results/phoenix_Amd_Am5-tflite_cpp-cpu-tflite-vmaster-default_config/mobilenet-v2-precision_uint8-0.35-192/singlestream/performance/tmp_power'
client 2023-07-13 08:49:13,109 [INFO] Sending command to the server: 'mlcommons/power client v3'
client 2023-07-13 08:49:13,111 [INFO] Got response: 'mlcommons/power server v3'
client 2023-07-13 08:49:13,111 [INFO] Synchronizing with the server and with time.google.com...
client 2023-07-13 08:49:13,128 [INFO] NTP:offset = 0.000 s, delay = 0.015 s 
client 2023-07-13 08:49:13,128 [INFO] Sending command to the server: 'time'
client 2023-07-13 08:49:13,133 [INFO] Got response: '1689234553.0636647'
client 2023-07-13 08:49:13,133 [INFO] The time difference between the client and the server is within range 65.220 ms..70.246 ms
client 2023-07-13 08:49:13,133 [INFO] Sending command to the server: 'new,,18c07468-126f-4136-beeb-c493665a5057'
client 2023-07-13 08:49:13,136 [INFO] Got response: 'OK 2023-07-13_08-49-13,ef7f220f-077c-4fc4-9748-5c98ff42af3a'
client 2023-07-13 08:49:13,136 [INFO] Session id is '2023-07-13_08-49-13'
client 2023-07-13 08:49:13,136 [INFO] Sources: {"sources": {"__init__.py": "da39a3ee5e6b4b0d3255bfef95601890afd80709", "client.py": "33ca4f26368777ac06e01f9567b714a4b8063886", "lib/__init__.py": "da39a3ee5e6b4b0d3255bfef95601890afd80709", "lib/client.py": "ac2aa093c8e8bbc9569b9e2a3471bc64e58a2258", "lib/common.py": "611d8b29633d331eb19c9455ea3b5fa3284ed6df", "lib/external/__init__.py": "da39a3ee5e6b4b0d3255bfef95601890afd80709", "lib/external/ntplib.py": "4da8f970656505a40483206ef2b5d3dd5e81711d", "lib/server.py": "c7af63c31bb2fbedea4345f571f6e3507d268ada", "lib/source_hashes.py": "60a2e02193209e8d392803326208d5466342da18", "lib/summary.py": "aa92f0a3f975eecd44d3c0cd0236342ccc9f941d", "lib/time_sync.py": "122eba67a9abc85635223e054def53be1367ade2", "server.py": "c3f90f2f7eeb4db30727556d0c815ebc89b3d28b", "tests/unit/__init__.py": "da39a3ee5e6b4b0d3255bfef95601890afd80709", "tests/unit/test_server.py": "948c1995d4008bc2aa6c4046a34ffa3858d6d671", "tests/unit/test_source_hashes.py": "00468a2907583c593e6574a1f6b404e4651c221a"}, "modules": {"ptd_client_server.lib.client": "lib/client.py", "ptd_client_server.lib.common": "lib/common.py", "ptd_client_server.lib.external.ntplib": "lib/external/ntplib.py", "ptd_client_server.lib.source_hashes": "lib/source_hashes.py", "ptd_client_server.lib.summary": "lib/summary.py", "ptd_client_server.lib.time_sync": "lib/time_sync.py"}}
client 2023-07-13 08:49:13,136 [INFO] Running workload in ranging mode
client 2023-07-13 08:49:13,136 [INFO] Synchronizing with the server and with time.google.com...
client 2023-07-13 08:49:13,151 [INFO] NTP:offset = 0.001 s, delay = 0.014 s 
client 2023-07-13 08:49:13,151 [INFO] Sending command to the server: 'time'
client 2023-07-13 08:49:13,154 [INFO] Got response: '1689234553.0834455'
client 2023-07-13 08:49:13,154 [INFO] The time difference between the client and the server is within range 68.116 ms..71.416 ms
client 2023-07-13 08:49:13,154 [INFO] Sending command to the server: 'session,2023-07-13_08-49-13,start,ranging'
client 2023-07-13 08:49:36,967 [INFO] Got response: 'OK'
client 2023-07-13 08:49:36,967 [INFO] Sending command to the server: 'time'
client 2023-07-13 08:49:36,970 [INFO] Got response: '1689234576.896165'
client 2023-07-13 08:49:36,970 [INFO] The time difference between the client and the server is within range 70.951 ms..74.071 ms
client 2023-07-13 08:49:36,970 [INFO] Running the workload 'CM_MLPERF_RUN_COUNT=$(cat ${CM_RUN_DIR}/count.txt); echo ${CM_MLPERF_RUN_COUNT}; CM_MLPERF_RUN_COUNT=$((CM_MLPERF_RUN_COUNT+1)); echo ${CM_MLPERF_RUN_COUNT} > ${CM_RUN_DIR}/count.txt && if [ ${CM_MLPERF_RUN_COUNT} -eq "1" ]; then export CM_MLPERF_USER_CONF=${CM_MLPERF_RANGING_USER_CONF}; else export CM_MLPERF_USER_CONF=${CM_MLPERF_TESTING_USER_CONF}; fi && /home/arjun/run.out'
client 2023-07-13 08:54:37,523 [INFO] Sending command to the server: 'time'
client 2023-07-13 08:54:37,525 [INFO] Got response: '1689234877.4525948'
client 2023-07-13 08:54:37,525 [INFO] The time difference between the client and the server is within range 70.797 ms..73.242 ms
client 2023-07-13 08:54:37,525 [INFO] Sending command to the server: 'session,2023-07-13_08-49-13,stop,ranging'
client 2023-07-13 08:54:48,208 [INFO] Got response: 'OK'
client 2023-07-13 08:54:48,208 [INFO] Sending command to the server: 'time'
client 2023-07-13 08:54:48,295 [INFO] Got response: '1689234888.2250867'
client 2023-07-13 08:54:48,295 [INFO] The time difference between the client and the server is within range -16.244 ms..70.564 ms
client 2023-07-13 08:54:48,298 [INFO] Copying loadgen logs from '/home/arjun/mobilenet_results/valid_results/phoenix_Amd_Am5-tflite_cpp-cpu-tflite-vmaster-default_config/mobilenet-v2-precision_uint8-0.35-192/singlestream/performance/run_1' to '/home/arjun/mobilenet_results/valid_results/phoenix_Amd_Am5-tflite_cpp-cpu-tflite-vmaster-default_config/mobilenet-v2-precision_uint8-0.35-192/singlestream/performance/tmp_power/ranging'
client 2023-07-13 08:54:48,299 [INFO] Running workload in testing mode
client 2023-07-13 08:54:48,299 [INFO] Synchronizing with the server and with time.google.com...
client 2023-07-13 08:54:48,314 [INFO] NTP:offset = 0.000 s, delay = 0.015 s 
client 2023-07-13 08:54:48,314 [INFO] Sending command to the server: 'time'
client 2023-07-13 08:54:48,397 [INFO] Got response: '1689234888.3275115'
client 2023-07-13 08:54:48,397 [INFO] The time difference between the client and the server is within range -12.608 ms..69.744 ms
client 2023-07-13 08:54:48,397 [INFO] Sending command to the server: 'session,2023-07-13_08-49-13,start,testing'
client 2023-07-13 08:55:01,456 [INFO] Got response: 'OK'
client 2023-07-13 08:55:01,456 [INFO] Sending command to the server: 'time'
client 2023-07-13 08:55:01,459 [INFO] Got response: '1689234901.3867562'
client 2023-07-13 08:55:01,459 [INFO] The time difference between the client and the server is within range 69.415 ms..73.190 ms
client 2023-07-13 08:55:01,459 [INFO] Running the workload 'CM_MLPERF_RUN_COUNT=$(cat ${CM_RUN_DIR}/count.txt); echo ${CM_MLPERF_RUN_COUNT}; CM_MLPERF_RUN_COUNT=$((CM_MLPERF_RUN_COUNT+1)); echo ${CM_MLPERF_RUN_COUNT} > ${CM_RUN_DIR}/count.txt && if [ ${CM_MLPERF_RUN_COUNT} -eq "1" ]; then export CM_MLPERF_USER_CONF=${CM_MLPERF_RANGING_USER_CONF}; else export CM_MLPERF_USER_CONF=${CM_MLPERF_TESTING_USER_CONF}; fi && /home/arjun/run.out'
client 2023-07-13 09:05:02,538 [INFO] Sending command to the server: 'time'
client 2023-07-13 09:05:02,542 [INFO] Got response: '1689235502.4668372'
client 2023-07-13 09:05:02,542 [INFO] The time difference between the client and the server is within range 71.959 ms..75.393 ms
client 2023-07-13 09:05:02,542 [INFO] Sending command to the server: 'session,2023-07-13_08-49-13,stop,testing'
client 2023-07-13 09:05:14,002 [INFO] Got response: 'OK'
client 2023-07-13 09:05:14,002 [INFO] Sending command to the server: 'time'
client 2023-07-13 09:05:14,004 [INFO] Got response: '1689235513.9324486'
client 2023-07-13 09:05:14,004 [INFO] The time difference between the client and the server is within range 70.334 ms..71.790 ms
client 2023-07-13 09:05:14,004 [INFO] Copying loadgen logs from '/home/arjun/mobilenet_results/valid_results/phoenix_Amd_Am5-tflite_cpp-cpu-tflite-vmaster-default_config/mobilenet-v2-precision_uint8-0.35-192/singlestream/performance/run_1' to '/home/arjun/mobilenet_results/valid_results/phoenix_Amd_Am5-tflite_cpp-cpu-tflite-vmaster-default_config/mobilenet-v2-precision_uint8-0.35-192/singlestream/performance/tmp_power/run_1'
client 2023-07-13 09:05:14,004 [INFO] Done runs
