client 2023-07-26 17:50:59,969 [INFO] Creating output directory '/home/cmuser/mobilenet_results/valid_results/bb3b3f2d4d2e-tflite_cpp-cpu-tflite-vmaster-default_config/mobilenet-v2-precision_float-0.75-128/singlestream/performance/tmp_power'
client 2023-07-26 17:50:59,971 [INFO] Sending command to the server: 'mlcommons/power client v3'
client 2023-07-26 17:50:59,973 [INFO] Got response: 'mlcommons/power server v3'
client 2023-07-26 17:50:59,973 [INFO] Synchronizing with the server and with time.google.com...
client 2023-07-26 17:51:00,057 [INFO] NTP:offset = -0.001 s, delay = 0.014 s 
client 2023-07-26 17:51:00,057 [INFO] Sending command to the server: 'time'
client 2023-07-26 17:51:00,059 [INFO] Got response: '1690419059.899945'
client 2023-07-26 17:51:00,059 [INFO] The time difference between the client and the server is within range 157.325 ms..159.796 ms
client 2023-07-26 17:51:00,059 [INFO] Sending command to the server: 'new,,96b33ab4-66fe-4fed-8b8a-33bd91290d3f'
client 2023-07-26 17:51:00,061 [INFO] Got response: 'OK 2023-07-27_01-50-59,968cd557-9221-4087-8cac-1169bea57552'
client 2023-07-26 17:51:00,062 [INFO] Session id is '2023-07-27_01-50-59'
client 2023-07-26 17:51:00,062 [INFO] Sources: {"sources": {"__init__.py": "da39a3ee5e6b4b0d3255bfef95601890afd80709", "client.py": "33ca4f26368777ac06e01f9567b714a4b8063886", "lib/__init__.py": "da39a3ee5e6b4b0d3255bfef95601890afd80709", "lib/client.py": "ac2aa093c8e8bbc9569b9e2a3471bc64e58a2258", "lib/common.py": "611d8b29633d331eb19c9455ea3b5fa3284ed6df", "lib/external/__init__.py": "da39a3ee5e6b4b0d3255bfef95601890afd80709", "lib/external/ntplib.py": "4da8f970656505a40483206ef2b5d3dd5e81711d", "lib/server.py": "c7af63c31bb2fbedea4345f571f6e3507d268ada", "lib/source_hashes.py": "60a2e02193209e8d392803326208d5466342da18", "lib/summary.py": "aa92f0a3f975eecd44d3c0cd0236342ccc9f941d", "lib/time_sync.py": "122eba67a9abc85635223e054def53be1367ade2", "server.py": "c3f90f2f7eeb4db30727556d0c815ebc89b3d28b", "tests/unit/__init__.py": "da39a3ee5e6b4b0d3255bfef95601890afd80709", "tests/unit/test_server.py": "948c1995d4008bc2aa6c4046a34ffa3858d6d671", "tests/unit/test_source_hashes.py": "00468a2907583c593e6574a1f6b404e4651c221a"}, "modules": {"ptd_client_server.lib.client": "lib/client.py", "ptd_client_server.lib.common": "lib/common.py", "ptd_client_server.lib.external.ntplib": "lib/external/ntplib.py", "ptd_client_server.lib.source_hashes": "lib/source_hashes.py", "ptd_client_server.lib.summary": "lib/summary.py", "ptd_client_server.lib.time_sync": "lib/time_sync.py"}}
client 2023-07-26 17:51:00,062 [INFO] Running workload in ranging mode
client 2023-07-26 17:51:00,062 [INFO] Synchronizing with the server and with time.google.com...
client 2023-07-26 17:51:00,118 [INFO] NTP:offset = -0.000 s, delay = 0.016 s 
client 2023-07-26 17:51:00,118 [INFO] Sending command to the server: 'time'
client 2023-07-26 17:51:00,121 [INFO] Got response: '1690419059.9699373'
client 2023-07-26 17:51:00,121 [INFO] The time difference between the client and the server is within range 148.265 ms..151.918 ms
client 2023-07-26 17:51:00,121 [INFO] Sending command to the server: 'session,2023-07-27_01-50-59,start,ranging'
client 2023-07-26 17:51:23,972 [INFO] Got response: 'OK'
client 2023-07-26 17:51:23,972 [INFO] Sending command to the server: 'time'
client 2023-07-26 17:51:23,973 [INFO] Got response: '1690419083.818834'
client 2023-07-26 17:51:23,974 [INFO] The time difference between the client and the server is within range 153.302 ms..155.210 ms
client 2023-07-26 17:51:23,974 [INFO] Running the workload 'CM_MLPERF_RUN_COUNT=$(cat ${CM_RUN_DIR}/count.txt); echo ${CM_MLPERF_RUN_COUNT}; CM_MLPERF_RUN_COUNT=$((CM_MLPERF_RUN_COUNT+1)); echo ${CM_MLPERF_RUN_COUNT} > ${CM_RUN_DIR}/count.txt && if [ ${CM_MLPERF_RUN_COUNT} -eq "1" ]; then export CM_MLPERF_USER_CONF=${CM_MLPERF_RANGING_USER_CONF}; else export CM_MLPERF_USER_CONF=${CM_MLPERF_TESTING_USER_CONF}; fi && /home/cmuser/run.out'
client 2023-07-26 17:56:24,587 [INFO] Sending command to the server: 'time'
client 2023-07-26 17:56:24,592 [INFO] Got response: '1690419384.437515'
client 2023-07-26 17:56:24,592 [INFO] The time difference between the client and the server is within range 149.892 ms..154.937 ms
client 2023-07-26 17:56:24,592 [INFO] Sending command to the server: 'session,2023-07-27_01-50-59,stop,ranging'
client 2023-07-26 17:56:35,148 [INFO] Got response: 'OK'
client 2023-07-26 17:56:35,148 [INFO] Sending command to the server: 'time'
client 2023-07-26 17:56:35,150 [INFO] Got response: '1690419394.994076'
client 2023-07-26 17:56:35,150 [INFO] The time difference between the client and the server is within range 154.663 ms..156.008 ms
client 2023-07-26 17:56:35,153 [INFO] Copying loadgen logs from '/home/cmuser/mobilenet_results/valid_results/bb3b3f2d4d2e-tflite_cpp-cpu-tflite-vmaster-default_config/mobilenet-v2-precision_float-0.75-128/singlestream/performance/run_1' to '/home/cmuser/mobilenet_results/valid_results/bb3b3f2d4d2e-tflite_cpp-cpu-tflite-vmaster-default_config/mobilenet-v2-precision_float-0.75-128/singlestream/performance/tmp_power/ranging'
client 2023-07-26 17:56:35,153 [INFO] Running workload in testing mode
client 2023-07-26 17:56:35,153 [INFO] Synchronizing with the server and with time.google.com...
client 2023-07-26 17:56:35,212 [INFO] NTP:offset = -0.002 s, delay = 0.013 s 
client 2023-07-26 17:56:35,213 [INFO] Sending command to the server: 'time'
client 2023-07-26 17:56:35,216 [INFO] Got response: '1690419395.0548718'
client 2023-07-26 17:56:35,216 [INFO] The time difference between the client and the server is within range 158.218 ms..161.342 ms
client 2023-07-26 17:56:35,216 [INFO] Sending command to the server: 'session,2023-07-27_01-50-59,start,testing'
client 2023-07-26 17:56:48,277 [INFO] Got response: 'OK'
client 2023-07-26 17:56:48,277 [INFO] Sending command to the server: 'time'
client 2023-07-26 17:56:48,281 [INFO] Got response: '1690419408.124366'
client 2023-07-26 17:56:48,281 [INFO] The time difference between the client and the server is within range 153.579 ms..157.082 ms
client 2023-07-26 17:56:48,281 [INFO] Running the workload 'CM_MLPERF_RUN_COUNT=$(cat ${CM_RUN_DIR}/count.txt); echo ${CM_MLPERF_RUN_COUNT}; CM_MLPERF_RUN_COUNT=$((CM_MLPERF_RUN_COUNT+1)); echo ${CM_MLPERF_RUN_COUNT} > ${CM_RUN_DIR}/count.txt && if [ ${CM_MLPERF_RUN_COUNT} -eq "1" ]; then export CM_MLPERF_USER_CONF=${CM_MLPERF_RANGING_USER_CONF}; else export CM_MLPERF_USER_CONF=${CM_MLPERF_TESTING_USER_CONF}; fi && /home/cmuser/run.out'
client 2023-07-26 18:06:49,436 [INFO] Sending command to the server: 'time'
client 2023-07-26 18:06:49,440 [INFO] Got response: '1690420009.277311'
client 2023-07-26 18:06:49,440 [INFO] The time difference between the client and the server is within range 158.978 ms..163.437 ms
client 2023-07-26 18:06:49,440 [INFO] Sending command to the server: 'session,2023-07-27_01-50-59,stop,testing'
client 2023-07-26 18:07:00,344 [INFO] Got response: 'OK'
client 2023-07-26 18:07:00,344 [INFO] Sending command to the server: 'time'
client 2023-07-26 18:07:00,360 [INFO] Got response: '1690420020.1976063'
client 2023-07-26 18:07:00,360 [INFO] The time difference between the client and the server is within range 146.837 ms..163.380 ms
client 2023-07-26 18:07:00,361 [INFO] Copying loadgen logs from '/home/cmuser/mobilenet_results/valid_results/bb3b3f2d4d2e-tflite_cpp-cpu-tflite-vmaster-default_config/mobilenet-v2-precision_float-0.75-128/singlestream/performance/run_1' to '/home/cmuser/mobilenet_results/valid_results/bb3b3f2d4d2e-tflite_cpp-cpu-tflite-vmaster-default_config/mobilenet-v2-precision_float-0.75-128/singlestream/performance/tmp_power/run_1'
client 2023-07-26 18:07:00,361 [INFO] Done runs
