client 2023-07-24 09:29:59,061 [INFO] Creating output directory '/home/cmuser/results_dir/valid_results/28df27c48ad9-nvidia_original-gpu-tensorrt-vdefault-default_config/3d-unet-99/singlestream/performance/tmp_power'
client 2023-07-24 09:29:59,064 [INFO] Sending command to the server: 'mlcommons/power client v3'
client 2023-07-24 09:29:59,067 [INFO] Got response: 'mlcommons/power server v3'
client 2023-07-24 09:29:59,067 [INFO] Synchronizing with the server and with time.google.com...
client 2023-07-24 09:29:59,143 [INFO] NTP:offset = -0.002 s, delay = 0.012 s 
client 2023-07-24 09:29:59,143 [INFO] Sending command to the server: 'time'
client 2023-07-24 09:29:59,146 [INFO] Got response: '1690190999.0826056'
client 2023-07-24 09:29:59,146 [INFO] The time difference between the client and the server is within range 61.161 ms..63.903 ms
client 2023-07-24 09:29:59,146 [INFO] Sending command to the server: 'new,,e4610d4f-c394-44ad-be02-a0a738232db6'
client 2023-07-24 09:29:59,149 [INFO] Got response: 'OK 2023-07-24_10-29-59,f4335c0e-efa7-4c8b-b719-28e3d5d4b53f'
client 2023-07-24 09:29:59,149 [INFO] Session id is '2023-07-24_10-29-59'
client 2023-07-24 09:29:59,150 [INFO] Sources: {"sources": {"__init__.py": "da39a3ee5e6b4b0d3255bfef95601890afd80709", "client.py": "33ca4f26368777ac06e01f9567b714a4b8063886", "lib/__init__.py": "da39a3ee5e6b4b0d3255bfef95601890afd80709", "lib/client.py": "ac2aa093c8e8bbc9569b9e2a3471bc64e58a2258", "lib/common.py": "611d8b29633d331eb19c9455ea3b5fa3284ed6df", "lib/external/__init__.py": "da39a3ee5e6b4b0d3255bfef95601890afd80709", "lib/external/ntplib.py": "4da8f970656505a40483206ef2b5d3dd5e81711d", "lib/server.py": "c7af63c31bb2fbedea4345f571f6e3507d268ada", "lib/source_hashes.py": "60a2e02193209e8d392803326208d5466342da18", "lib/summary.py": "aa92f0a3f975eecd44d3c0cd0236342ccc9f941d", "lib/time_sync.py": "122eba67a9abc85635223e054def53be1367ade2", "server.py": "c3f90f2f7eeb4db30727556d0c815ebc89b3d28b", "tests/unit/__init__.py": "da39a3ee5e6b4b0d3255bfef95601890afd80709", "tests/unit/test_server.py": "948c1995d4008bc2aa6c4046a34ffa3858d6d671", "tests/unit/test_source_hashes.py": "00468a2907583c593e6574a1f6b404e4651c221a"}, "modules": {"ptd_client_server.lib.client": "lib/client.py", "ptd_client_server.lib.common": "lib/common.py", "ptd_client_server.lib.external.ntplib": "lib/external/ntplib.py", "ptd_client_server.lib.source_hashes": "lib/source_hashes.py", "ptd_client_server.lib.summary": "lib/summary.py", "ptd_client_server.lib.time_sync": "lib/time_sync.py"}}
client 2023-07-24 09:29:59,150 [INFO] Running workload in ranging mode
client 2023-07-24 09:29:59,150 [INFO] Synchronizing with the server and with time.google.com...
client 2023-07-24 09:29:59,209 [INFO] NTP:offset = -0.002 s, delay = 0.012 s 
client 2023-07-24 09:29:59,209 [INFO] Sending command to the server: 'time'
client 2023-07-24 09:29:59,212 [INFO] Got response: '1690190999.1444063'
client 2023-07-24 09:29:59,212 [INFO] The time difference between the client and the server is within range 64.807 ms..67.882 ms
client 2023-07-24 09:29:59,212 [INFO] Sending command to the server: 'session,2023-07-24_10-29-59,start,ranging'
client 2023-07-24 09:30:23,102 [INFO] Got response: 'OK'
client 2023-07-24 09:30:23,102 [INFO] Sending command to the server: 'time'
client 2023-07-24 09:30:23,104 [INFO] Got response: '1690191023.0413332'
client 2023-07-24 09:30:23,104 [INFO] The time difference between the client and the server is within range 60.920 ms..62.999 ms
client 2023-07-24 09:30:23,104 [INFO] Running the workload 'CM_MLPERF_RUN_COUNT=$(cat ${CM_RUN_DIR}/count.txt); echo ${CM_MLPERF_RUN_COUNT}; CM_MLPERF_RUN_COUNT=$((CM_MLPERF_RUN_COUNT+1)); echo ${CM_MLPERF_RUN_COUNT} > ${CM_RUN_DIR}/count.txt && if [ ${CM_MLPERF_RUN_COUNT} -eq "1" ]; then export CM_MLPERF_USER_CONF=${CM_MLPERF_RANGING_USER_CONF}; else export CM_MLPERF_USER_CONF=${CM_MLPERF_TESTING_USER_CONF}; fi && make run_harness RUN_ARGS=" --benchmarks=3d-unet --scenarios=singlestream --test_mode=PerformanceOnly --offline_expected_qps=4 --single_stream_expected_latency_ns=430000000 --user_conf_path=${CM_MLPERF_USER_CONF} --mlperf_conf_path=/home/cmuser/CM/repos/local/cache/669f6ef943704402/inference/mlperf.conf --gpu_batch_size=1 --no_audit_verify "'
client 2023-07-24 09:35:31,371 [INFO] Sending command to the server: 'time'
client 2023-07-24 09:35:31,374 [INFO] Got response: '1690191331.3064034'
client 2023-07-24 09:35:31,374 [INFO] The time difference between the client and the server is within range 64.637 ms..68.526 ms
client 2023-07-24 09:35:31,374 [INFO] Sending command to the server: 'session,2023-07-24_10-29-59,stop,ranging'
client 2023-07-24 09:35:42,214 [INFO] Got response: 'OK'
client 2023-07-24 09:35:42,214 [INFO] Sending command to the server: 'time'
client 2023-07-24 09:35:42,216 [INFO] Got response: '1690191342.144758'
client 2023-07-24 09:35:42,216 [INFO] The time difference between the client and the server is within range 69.553 ms..71.506 ms
client 2023-07-24 09:35:42,219 [INFO] Copying loadgen logs from '/home/cmuser/results_dir/valid_results/28df27c48ad9-nvidia_original-gpu-tensorrt-vdefault-default_config/3d-unet-99/singlestream/performance/run_1' to '/home/cmuser/results_dir/valid_results/28df27c48ad9-nvidia_original-gpu-tensorrt-vdefault-default_config/3d-unet-99/singlestream/performance/tmp_power/ranging'
client 2023-07-24 09:35:42,219 [INFO] Running workload in testing mode
client 2023-07-24 09:35:42,219 [INFO] Synchronizing with the server and with time.google.com...
client 2023-07-24 09:35:42,288 [INFO] NTP:offset = -0.003 s, delay = 0.016 s 
client 2023-07-24 09:35:42,288 [INFO] Sending command to the server: 'time'
client 2023-07-24 09:35:42,290 [INFO] Got response: '1690191342.2253249'
client 2023-07-24 09:35:42,290 [INFO] The time difference between the client and the server is within range 63.118 ms..65.494 ms
client 2023-07-24 09:35:42,290 [INFO] Sending command to the server: 'session,2023-07-24_10-29-59,start,testing'
client 2023-07-24 09:35:55,339 [INFO] Got response: 'OK'
client 2023-07-24 09:35:55,339 [INFO] Sending command to the server: 'time'
client 2023-07-24 09:35:55,343 [INFO] Got response: '1690191355.2795556'
client 2023-07-24 09:35:55,343 [INFO] The time difference between the client and the server is within range 60.350 ms..63.679 ms
client 2023-07-24 09:35:55,343 [INFO] Running the workload 'CM_MLPERF_RUN_COUNT=$(cat ${CM_RUN_DIR}/count.txt); echo ${CM_MLPERF_RUN_COUNT}; CM_MLPERF_RUN_COUNT=$((CM_MLPERF_RUN_COUNT+1)); echo ${CM_MLPERF_RUN_COUNT} > ${CM_RUN_DIR}/count.txt && if [ ${CM_MLPERF_RUN_COUNT} -eq "1" ]; then export CM_MLPERF_USER_CONF=${CM_MLPERF_RANGING_USER_CONF}; else export CM_MLPERF_USER_CONF=${CM_MLPERF_TESTING_USER_CONF}; fi && make run_harness RUN_ARGS=" --benchmarks=3d-unet --scenarios=singlestream --test_mode=PerformanceOnly --offline_expected_qps=4 --single_stream_expected_latency_ns=430000000 --user_conf_path=${CM_MLPERF_USER_CONF} --mlperf_conf_path=/home/cmuser/CM/repos/local/cache/669f6ef943704402/inference/mlperf.conf --gpu_batch_size=1 --no_audit_verify "'
client 2023-07-24 09:46:25,389 [INFO] Sending command to the server: 'time'
client 2023-07-24 09:46:25,393 [INFO] Got response: '1690191985.3142211'
client 2023-07-24 09:46:25,393 [INFO] The time difference between the client and the server is within range 75.474 ms..79.684 ms
client 2023-07-24 09:46:25,393 [INFO] Sending command to the server: 'session,2023-07-24_10-29-59,stop,testing'
client 2023-07-24 09:46:36,434 [INFO] Got response: 'OK'
client 2023-07-24 09:46:36,434 [INFO] Sending command to the server: 'time'
client 2023-07-24 09:46:36,436 [INFO] Got response: '1690191996.3650477'
client 2023-07-24 09:46:36,436 [INFO] The time difference between the client and the server is within range 69.219 ms..71.152 ms
client 2023-07-24 09:46:36,436 [INFO] Copying loadgen logs from '/home/cmuser/results_dir/valid_results/28df27c48ad9-nvidia_original-gpu-tensorrt-vdefault-default_config/3d-unet-99/singlestream/performance/run_1' to '/home/cmuser/results_dir/valid_results/28df27c48ad9-nvidia_original-gpu-tensorrt-vdefault-default_config/3d-unet-99/singlestream/performance/tmp_power/run_1'
client 2023-07-24 09:46:36,436 [INFO] Done runs
