client 2023-07-26 14:53:24,547 [INFO] Creating output directory '/home/cmuser/mobilenet_results/valid_results/bb3b3f2d4d2e-tflite_cpp-cpu-tflite-vmaster-default_config/mobilenet-v2-precision_uint8-1.0-192/singlestream/performance/tmp_power'
client 2023-07-26 14:53:24,550 [INFO] Sending command to the server: 'mlcommons/power client v3'
client 2023-07-26 14:53:24,553 [INFO] Got response: 'mlcommons/power server v3'
client 2023-07-26 14:53:24,553 [INFO] Synchronizing with the server and with time.google.com...
client 2023-07-26 14:53:24,620 [INFO] NTP:offset = -0.002 s, delay = 0.014 s 
client 2023-07-26 14:53:24,620 [INFO] Sending command to the server: 'time'
client 2023-07-26 14:53:24,624 [INFO] Got response: '1690408404.467581'
client 2023-07-26 14:53:24,624 [INFO] The time difference between the client and the server is within range 153.270 ms..157.173 ms
client 2023-07-26 14:53:24,624 [INFO] Sending command to the server: 'new,,50ec66c0-ac76-4360-a8a8-8d0941ae332d'
client 2023-07-26 14:53:24,629 [INFO] Got response: 'OK 2023-07-26_22-53-24,4be64a15-6c45-46df-9e2a-a94cc6b33672'
client 2023-07-26 14:53:24,629 [INFO] Session id is '2023-07-26_22-53-24'
client 2023-07-26 14:53:24,629 [INFO] Sources: {"sources": {"__init__.py": "da39a3ee5e6b4b0d3255bfef95601890afd80709", "client.py": "33ca4f26368777ac06e01f9567b714a4b8063886", "lib/__init__.py": "da39a3ee5e6b4b0d3255bfef95601890afd80709", "lib/client.py": "ac2aa093c8e8bbc9569b9e2a3471bc64e58a2258", "lib/common.py": "611d8b29633d331eb19c9455ea3b5fa3284ed6df", "lib/external/__init__.py": "da39a3ee5e6b4b0d3255bfef95601890afd80709", "lib/external/ntplib.py": "4da8f970656505a40483206ef2b5d3dd5e81711d", "lib/server.py": "c7af63c31bb2fbedea4345f571f6e3507d268ada", "lib/source_hashes.py": "60a2e02193209e8d392803326208d5466342da18", "lib/summary.py": "aa92f0a3f975eecd44d3c0cd0236342ccc9f941d", "lib/time_sync.py": "122eba67a9abc85635223e054def53be1367ade2", "server.py": "c3f90f2f7eeb4db30727556d0c815ebc89b3d28b", "tests/unit/__init__.py": "da39a3ee5e6b4b0d3255bfef95601890afd80709", "tests/unit/test_server.py": "948c1995d4008bc2aa6c4046a34ffa3858d6d671", "tests/unit/test_source_hashes.py": "00468a2907583c593e6574a1f6b404e4651c221a"}, "modules": {"ptd_client_server.lib.client": "lib/client.py", "ptd_client_server.lib.common": "lib/common.py", "ptd_client_server.lib.external.ntplib": "lib/external/ntplib.py", "ptd_client_server.lib.source_hashes": "lib/source_hashes.py", "ptd_client_server.lib.summary": "lib/summary.py", "ptd_client_server.lib.time_sync": "lib/time_sync.py"}}
client 2023-07-26 14:53:24,629 [INFO] Running workload in ranging mode
client 2023-07-26 14:53:24,629 [INFO] Synchronizing with the server and with time.google.com...
client 2023-07-26 14:53:24,677 [INFO] NTP:offset = -0.001 s, delay = 0.011 s 
client 2023-07-26 14:53:24,678 [INFO] Sending command to the server: 'time'
client 2023-07-26 14:53:24,681 [INFO] Got response: '1690408404.5179095'
client 2023-07-26 14:53:24,681 [INFO] The time difference between the client and the server is within range 160.164 ms..163.474 ms
client 2023-07-26 14:53:24,681 [INFO] Sending command to the server: 'session,2023-07-26_22-53-24,start,ranging'
client 2023-07-26 14:53:48,657 [INFO] Got response: 'OK'
client 2023-07-26 14:53:48,657 [INFO] Sending command to the server: 'time'
client 2023-07-26 14:53:48,661 [INFO] Got response: '1690408428.499748'
client 2023-07-26 14:53:48,661 [INFO] The time difference between the client and the server is within range 158.047 ms..161.375 ms
client 2023-07-26 14:53:48,661 [INFO] Running the workload 'CM_MLPERF_RUN_COUNT=$(cat ${CM_RUN_DIR}/count.txt); echo ${CM_MLPERF_RUN_COUNT}; CM_MLPERF_RUN_COUNT=$((CM_MLPERF_RUN_COUNT+1)); echo ${CM_MLPERF_RUN_COUNT} > ${CM_RUN_DIR}/count.txt && if [ ${CM_MLPERF_RUN_COUNT} -eq "1" ]; then export CM_MLPERF_USER_CONF=${CM_MLPERF_RANGING_USER_CONF}; else export CM_MLPERF_USER_CONF=${CM_MLPERF_TESTING_USER_CONF}; fi && /home/cmuser/run.out'
client 2023-07-26 14:58:49,236 [INFO] Sending command to the server: 'time'
client 2023-07-26 14:58:49,240 [INFO] Got response: '1690408729.0736768'
client 2023-07-26 14:58:49,240 [INFO] The time difference between the client and the server is within range 162.752 ms..166.466 ms
client 2023-07-26 14:58:49,240 [INFO] Sending command to the server: 'session,2023-07-26_22-53-24,stop,ranging'
client 2023-07-26 14:58:59,790 [INFO] Got response: 'OK'
client 2023-07-26 14:58:59,790 [INFO] Sending command to the server: 'time'
client 2023-07-26 14:58:59,794 [INFO] Got response: '1690408739.6342225'
client 2023-07-26 14:58:59,794 [INFO] The time difference between the client and the server is within range 156.384 ms..159.936 ms
client 2023-07-26 14:58:59,797 [INFO] Copying loadgen logs from '/home/cmuser/mobilenet_results/valid_results/bb3b3f2d4d2e-tflite_cpp-cpu-tflite-vmaster-default_config/mobilenet-v2-precision_uint8-1.0-192/singlestream/performance/run_1' to '/home/cmuser/mobilenet_results/valid_results/bb3b3f2d4d2e-tflite_cpp-cpu-tflite-vmaster-default_config/mobilenet-v2-precision_uint8-1.0-192/singlestream/performance/tmp_power/ranging'
client 2023-07-26 14:58:59,798 [INFO] Running workload in testing mode
client 2023-07-26 14:58:59,798 [INFO] Synchronizing with the server and with time.google.com...
client 2023-07-26 14:58:59,862 [INFO] NTP:offset = -0.001 s, delay = 0.016 s 
client 2023-07-26 14:58:59,862 [INFO] Sending command to the server: 'time'
client 2023-07-26 14:58:59,864 [INFO] Got response: '1690408739.7053988'
client 2023-07-26 14:58:59,865 [INFO] The time difference between the client and the server is within range 156.762 ms..159.594 ms
client 2023-07-26 14:58:59,865 [INFO] Sending command to the server: 'session,2023-07-26_22-53-24,start,testing'
client 2023-07-26 14:59:12,920 [INFO] Got response: 'OK'
client 2023-07-26 14:59:12,920 [INFO] Sending command to the server: 'time'
client 2023-07-26 14:59:12,922 [INFO] Got response: '1690408752.7587051'
client 2023-07-26 14:59:12,923 [INFO] The time difference between the client and the server is within range 161.970 ms..164.376 ms
client 2023-07-26 14:59:12,923 [INFO] Running the workload 'CM_MLPERF_RUN_COUNT=$(cat ${CM_RUN_DIR}/count.txt); echo ${CM_MLPERF_RUN_COUNT}; CM_MLPERF_RUN_COUNT=$((CM_MLPERF_RUN_COUNT+1)); echo ${CM_MLPERF_RUN_COUNT} > ${CM_RUN_DIR}/count.txt && if [ ${CM_MLPERF_RUN_COUNT} -eq "1" ]; then export CM_MLPERF_USER_CONF=${CM_MLPERF_RANGING_USER_CONF}; else export CM_MLPERF_USER_CONF=${CM_MLPERF_TESTING_USER_CONF}; fi && /home/cmuser/run.out'
client 2023-07-26 15:09:14,014 [INFO] Sending command to the server: 'time'
client 2023-07-26 15:09:14,018 [INFO] Got response: '1690409353.8569682'
client 2023-07-26 15:09:14,018 [INFO] The time difference between the client and the server is within range 157.687 ms..161.435 ms
client 2023-07-26 15:09:14,018 [INFO] Sending command to the server: 'session,2023-07-26_22-53-24,stop,testing'
client 2023-07-26 15:09:24,996 [INFO] Got response: 'OK'
client 2023-07-26 15:09:24,996 [INFO] Sending command to the server: 'time'
client 2023-07-26 15:09:24,997 [INFO] Got response: '1690409364.8332522'
client 2023-07-26 15:09:24,997 [INFO] The time difference between the client and the server is within range 162.862 ms..164.349 ms
client 2023-07-26 15:09:24,998 [INFO] Copying loadgen logs from '/home/cmuser/mobilenet_results/valid_results/bb3b3f2d4d2e-tflite_cpp-cpu-tflite-vmaster-default_config/mobilenet-v2-precision_uint8-1.0-192/singlestream/performance/run_1' to '/home/cmuser/mobilenet_results/valid_results/bb3b3f2d4d2e-tflite_cpp-cpu-tflite-vmaster-default_config/mobilenet-v2-precision_uint8-1.0-192/singlestream/performance/tmp_power/run_1'
client 2023-07-26 15:09:24,998 [INFO] Done runs
