client 2023-07-26 20:48:31,090 [INFO] Creating output directory '/home/cmuser/mobilenet_results/valid_results/bb3b3f2d4d2e-tflite_cpp-cpu-tflite-vmaster-default_config/mobilenet-v2-precision_float-0.35-192/singlestream/performance/tmp_power'
client 2023-07-26 20:48:31,092 [INFO] Sending command to the server: 'mlcommons/power client v3'
client 2023-07-26 20:48:31,094 [INFO] Got response: 'mlcommons/power server v3'
client 2023-07-26 20:48:31,094 [INFO] Synchronizing with the server and with time.google.com...
client 2023-07-26 20:48:31,161 [INFO] NTP:offset = -0.001 s, delay = 0.016 s 
client 2023-07-26 20:48:31,161 [INFO] Sending command to the server: 'time'
client 2023-07-26 20:48:31,163 [INFO] Got response: '1690429711.1113746'
client 2023-07-26 20:48:31,163 [INFO] The time difference between the client and the server is within range 50.016 ms..52.161 ms
client 2023-07-26 20:48:31,163 [INFO] Sending command to the server: 'new,,8b89c5d0-5679-41e2-8ddf-097d880caf11'
client 2023-07-26 20:48:31,166 [INFO] Got response: 'OK 2023-07-27_04-48-31,5eaf5847-5f16-44f2-8f88-c18a604af459'
client 2023-07-26 20:48:31,166 [INFO] Session id is '2023-07-27_04-48-31'
client 2023-07-26 20:48:31,166 [INFO] Sources: {"sources": {"__init__.py": "da39a3ee5e6b4b0d3255bfef95601890afd80709", "client.py": "33ca4f26368777ac06e01f9567b714a4b8063886", "lib/__init__.py": "da39a3ee5e6b4b0d3255bfef95601890afd80709", "lib/client.py": "ac2aa093c8e8bbc9569b9e2a3471bc64e58a2258", "lib/common.py": "611d8b29633d331eb19c9455ea3b5fa3284ed6df", "lib/external/__init__.py": "da39a3ee5e6b4b0d3255bfef95601890afd80709", "lib/external/ntplib.py": "4da8f970656505a40483206ef2b5d3dd5e81711d", "lib/server.py": "c7af63c31bb2fbedea4345f571f6e3507d268ada", "lib/source_hashes.py": "60a2e02193209e8d392803326208d5466342da18", "lib/summary.py": "aa92f0a3f975eecd44d3c0cd0236342ccc9f941d", "lib/time_sync.py": "122eba67a9abc85635223e054def53be1367ade2", "server.py": "c3f90f2f7eeb4db30727556d0c815ebc89b3d28b", "tests/unit/__init__.py": "da39a3ee5e6b4b0d3255bfef95601890afd80709", "tests/unit/test_server.py": "948c1995d4008bc2aa6c4046a34ffa3858d6d671", "tests/unit/test_source_hashes.py": "00468a2907583c593e6574a1f6b404e4651c221a"}, "modules": {"ptd_client_server.lib.client": "lib/client.py", "ptd_client_server.lib.common": "lib/common.py", "ptd_client_server.lib.external.ntplib": "lib/external/ntplib.py", "ptd_client_server.lib.source_hashes": "lib/source_hashes.py", "ptd_client_server.lib.summary": "lib/summary.py", "ptd_client_server.lib.time_sync": "lib/time_sync.py"}}
client 2023-07-26 20:48:31,166 [INFO] Running workload in ranging mode
client 2023-07-26 20:48:31,166 [INFO] Synchronizing with the server and with time.google.com...
client 2023-07-26 20:48:31,225 [INFO] NTP:offset = -0.002 s, delay = 0.017 s 
client 2023-07-26 20:48:31,225 [INFO] Sending command to the server: 'time'
client 2023-07-26 20:48:31,228 [INFO] Got response: '1690429711.172082'
client 2023-07-26 20:48:31,228 [INFO] The time difference between the client and the server is within range 53.184 ms..56.525 ms
client 2023-07-26 20:48:31,228 [INFO] Sending command to the server: 'session,2023-07-27_04-48-31,start,ranging'
client 2023-07-26 20:48:55,699 [INFO] Got response: 'OK'
client 2023-07-26 20:48:55,699 [INFO] Sending command to the server: 'time'
client 2023-07-26 20:48:55,702 [INFO] Got response: '1690429735.6535773'
client 2023-07-26 20:48:55,702 [INFO] The time difference between the client and the server is within range 46.152 ms..49.364 ms
client 2023-07-26 20:48:55,702 [INFO] Running the workload 'CM_MLPERF_RUN_COUNT=$(cat ${CM_RUN_DIR}/count.txt); echo ${CM_MLPERF_RUN_COUNT}; CM_MLPERF_RUN_COUNT=$((CM_MLPERF_RUN_COUNT+1)); echo ${CM_MLPERF_RUN_COUNT} > ${CM_RUN_DIR}/count.txt && if [ ${CM_MLPERF_RUN_COUNT} -eq "1" ]; then export CM_MLPERF_USER_CONF=${CM_MLPERF_RANGING_USER_CONF}; else export CM_MLPERF_USER_CONF=${CM_MLPERF_TESTING_USER_CONF}; fi && /home/cmuser/run.out'
client 2023-07-26 20:53:56,318 [INFO] Sending command to the server: 'time'
client 2023-07-26 20:53:56,322 [INFO] Got response: '1690430036.2710752'
client 2023-07-26 20:53:56,322 [INFO] The time difference between the client and the server is within range 47.215 ms..51.143 ms
client 2023-07-26 20:53:56,322 [INFO] Sending command to the server: 'session,2023-07-27_04-48-31,stop,ranging'
client 2023-07-26 20:54:06,999 [INFO] Got response: 'OK'
client 2023-07-26 20:54:07,000 [INFO] Sending command to the server: 'time'
client 2023-07-26 20:54:07,001 [INFO] Got response: '1690430046.9495418'
client 2023-07-26 20:54:07,002 [INFO] The time difference between the client and the server is within range 50.559 ms..52.484 ms
client 2023-07-26 20:54:07,005 [INFO] Copying loadgen logs from '/home/cmuser/mobilenet_results/valid_results/bb3b3f2d4d2e-tflite_cpp-cpu-tflite-vmaster-default_config/mobilenet-v2-precision_float-0.35-192/singlestream/performance/run_1' to '/home/cmuser/mobilenet_results/valid_results/bb3b3f2d4d2e-tflite_cpp-cpu-tflite-vmaster-default_config/mobilenet-v2-precision_float-0.35-192/singlestream/performance/tmp_power/ranging'
client 2023-07-26 20:54:07,005 [INFO] Running workload in testing mode
client 2023-07-26 20:54:07,005 [INFO] Synchronizing with the server and with time.google.com...
client 2023-07-26 20:54:07,068 [INFO] NTP:offset = -0.000 s, delay = 0.013 s 
client 2023-07-26 20:54:07,068 [INFO] Sending command to the server: 'time'
client 2023-07-26 20:54:07,071 [INFO] Got response: '1690430047.0202296'
client 2023-07-26 20:54:07,071 [INFO] The time difference between the client and the server is within range 48.646 ms..50.978 ms
client 2023-07-26 20:54:07,071 [INFO] Sending command to the server: 'session,2023-07-27_04-48-31,start,testing'
client 2023-07-26 20:54:20,120 [INFO] Got response: 'OK'
client 2023-07-26 20:54:20,120 [INFO] Sending command to the server: 'time'
client 2023-07-26 20:54:20,122 [INFO] Got response: '1690430060.0652716'
client 2023-07-26 20:54:20,122 [INFO] The time difference between the client and the server is within range 54.942 ms..57.528 ms
client 2023-07-26 20:54:20,122 [INFO] Running the workload 'CM_MLPERF_RUN_COUNT=$(cat ${CM_RUN_DIR}/count.txt); echo ${CM_MLPERF_RUN_COUNT}; CM_MLPERF_RUN_COUNT=$((CM_MLPERF_RUN_COUNT+1)); echo ${CM_MLPERF_RUN_COUNT} > ${CM_RUN_DIR}/count.txt && if [ ${CM_MLPERF_RUN_COUNT} -eq "1" ]; then export CM_MLPERF_USER_CONF=${CM_MLPERF_RANGING_USER_CONF}; else export CM_MLPERF_USER_CONF=${CM_MLPERF_TESTING_USER_CONF}; fi && /home/cmuser/run.out'
client 2023-07-26 21:04:21,301 [INFO] Sending command to the server: 'time'
client 2023-07-26 21:04:21,304 [INFO] Got response: '1690430661.2423446'
client 2023-07-26 21:04:21,304 [INFO] The time difference between the client and the server is within range 58.896 ms..62.289 ms
client 2023-07-26 21:04:21,304 [INFO] Sending command to the server: 'session,2023-07-27_04-48-31,stop,testing'
client 2023-07-26 21:04:32,188 [INFO] Got response: 'OK'
client 2023-07-26 21:04:32,189 [INFO] Sending command to the server: 'time'
client 2023-07-26 21:04:32,191 [INFO] Got response: '1690430672.130715'
client 2023-07-26 21:04:32,191 [INFO] The time difference between the client and the server is within range 58.285 ms..60.862 ms
client 2023-07-26 21:04:32,192 [INFO] Copying loadgen logs from '/home/cmuser/mobilenet_results/valid_results/bb3b3f2d4d2e-tflite_cpp-cpu-tflite-vmaster-default_config/mobilenet-v2-precision_float-0.35-192/singlestream/performance/run_1' to '/home/cmuser/mobilenet_results/valid_results/bb3b3f2d4d2e-tflite_cpp-cpu-tflite-vmaster-default_config/mobilenet-v2-precision_float-0.35-192/singlestream/performance/tmp_power/run_1'
client 2023-07-26 21:04:32,192 [INFO] Done runs
