client 2023-07-25 12:01:55,454 [INFO] Creating output directory '/home/cmuser/results_dir/valid_results/28df27c48ad9-nvidia_original-gpu-tensorrt-vdefault-default_config/bert-99.9/server/performance/tmp_power'
client 2023-07-25 12:01:55,456 [INFO] Sending command to the server: 'mlcommons/power client v3'
client 2023-07-25 12:01:55,459 [INFO] Got response: 'mlcommons/power server v3'
client 2023-07-25 12:01:55,459 [INFO] Synchronizing with the server and with time.google.com...
client 2023-07-25 12:01:55,620 [INFO] NTP:offset = -0.001 s, delay = 0.014 s 
client 2023-07-25 12:01:55,620 [INFO] Sending command to the server: 'time'
client 2023-07-25 12:01:55,623 [INFO] Got response: '1690286515.534325'
client 2023-07-25 12:01:55,623 [INFO] The time difference between the client and the server is within range 86.472 ms..89.444 ms
client 2023-07-25 12:01:55,623 [INFO] Sending command to the server: 'new,,a5780d02-a71d-477b-bccb-1efb7a06ebf8'
client 2023-07-25 12:01:55,627 [INFO] Got response: 'OK 2023-07-25_13-01-55,f82cefb6-dfeb-4d7b-a95f-ab2099319e98'
client 2023-07-25 12:01:55,627 [INFO] Session id is '2023-07-25_13-01-55'
client 2023-07-25 12:01:55,627 [INFO] Sources: {"sources": {"__init__.py": "da39a3ee5e6b4b0d3255bfef95601890afd80709", "client.py": "33ca4f26368777ac06e01f9567b714a4b8063886", "lib/__init__.py": "da39a3ee5e6b4b0d3255bfef95601890afd80709", "lib/client.py": "ac2aa093c8e8bbc9569b9e2a3471bc64e58a2258", "lib/common.py": "611d8b29633d331eb19c9455ea3b5fa3284ed6df", "lib/external/__init__.py": "da39a3ee5e6b4b0d3255bfef95601890afd80709", "lib/external/ntplib.py": "4da8f970656505a40483206ef2b5d3dd5e81711d", "lib/server.py": "c7af63c31bb2fbedea4345f571f6e3507d268ada", "lib/source_hashes.py": "60a2e02193209e8d392803326208d5466342da18", "lib/summary.py": "aa92f0a3f975eecd44d3c0cd0236342ccc9f941d", "lib/time_sync.py": "122eba67a9abc85635223e054def53be1367ade2", "server.py": "c3f90f2f7eeb4db30727556d0c815ebc89b3d28b", "tests/unit/__init__.py": "da39a3ee5e6b4b0d3255bfef95601890afd80709", "tests/unit/test_server.py": "948c1995d4008bc2aa6c4046a34ffa3858d6d671", "tests/unit/test_source_hashes.py": "00468a2907583c593e6574a1f6b404e4651c221a"}, "modules": {"ptd_client_server.lib.client": "lib/client.py", "ptd_client_server.lib.common": "lib/common.py", "ptd_client_server.lib.external.ntplib": "lib/external/ntplib.py", "ptd_client_server.lib.source_hashes": "lib/source_hashes.py", "ptd_client_server.lib.summary": "lib/summary.py", "ptd_client_server.lib.time_sync": "lib/time_sync.py"}}
client 2023-07-25 12:01:55,627 [INFO] Running workload in ranging mode
client 2023-07-25 12:01:55,627 [INFO] Synchronizing with the server and with time.google.com...
client 2023-07-25 12:01:55,703 [INFO] NTP:offset = -0.002 s, delay = 0.014 s 
client 2023-07-25 12:01:55,704 [INFO] Sending command to the server: 'time'
client 2023-07-25 12:01:55,707 [INFO] Got response: '1690286515.6153705'
client 2023-07-25 12:01:55,707 [INFO] The time difference between the client and the server is within range 88.712 ms..91.803 ms
client 2023-07-25 12:01:55,707 [INFO] Sending command to the server: 'session,2023-07-25_13-01-55,start,ranging'
client 2023-07-25 12:02:19,556 [INFO] Got response: 'OK'
client 2023-07-25 12:02:19,556 [INFO] Sending command to the server: 'time'
client 2023-07-25 12:02:19,560 [INFO] Got response: '1690286539.4685612'
client 2023-07-25 12:02:19,560 [INFO] The time difference between the client and the server is within range 88.084 ms..91.550 ms
client 2023-07-25 12:02:19,560 [INFO] Running the workload 'CM_MLPERF_RUN_COUNT=$(cat ${CM_RUN_DIR}/count.txt); echo ${CM_MLPERF_RUN_COUNT}; CM_MLPERF_RUN_COUNT=$((CM_MLPERF_RUN_COUNT+1)); echo ${CM_MLPERF_RUN_COUNT} > ${CM_RUN_DIR}/count.txt && if [ ${CM_MLPERF_RUN_COUNT} -eq "1" ]; then export CM_MLPERF_USER_CONF=${CM_MLPERF_RANGING_USER_CONF}; else export CM_MLPERF_USER_CONF=${CM_MLPERF_TESTING_USER_CONF}; fi && make run_harness RUN_ARGS=" --benchmarks=bert --scenarios=server --test_mode=PerformanceOnly --offline_expected_qps=38000 --server_target_qps=1520 --single_stream_expected_latency_ns=230000 --multi_stream_expected_latency_ns=400000 --config_ver=high_accuracy --user_conf_path=${CM_MLPERF_USER_CONF} --mlperf_conf_path=/home/cmuser/CM/repos/local/cache/a3af5496e00b4b47/inference/mlperf.conf --gpu_batch_size=256 --no_audit_verify "'
client 2023-07-25 12:08:26,376 [INFO] Sending command to the server: 'time'
client 2023-07-25 12:08:26,379 [INFO] Got response: '1690286906.2784083'
client 2023-07-25 12:08:26,379 [INFO] The time difference between the client and the server is within range 98.500 ms..101.289 ms
client 2023-07-25 12:08:26,379 [INFO] Sending command to the server: 'session,2023-07-25_13-01-55,stop,ranging'
client 2023-07-25 12:08:37,125 [INFO] Got response: 'OK'
client 2023-07-25 12:08:37,125 [INFO] Sending command to the server: 'time'
client 2023-07-25 12:08:37,127 [INFO] Got response: '1690286917.0339408'
client 2023-07-25 12:08:37,128 [INFO] The time difference between the client and the server is within range 91.847 ms..94.156 ms
client 2023-07-25 12:08:37,131 [INFO] Copying loadgen logs from '/home/cmuser/results_dir/valid_results/28df27c48ad9-nvidia_original-gpu-tensorrt-vdefault-default_config/bert-99.9/server/performance/run_1' to '/home/cmuser/results_dir/valid_results/28df27c48ad9-nvidia_original-gpu-tensorrt-vdefault-default_config/bert-99.9/server/performance/tmp_power/ranging'
client 2023-07-25 12:08:37,131 [INFO] Running workload in testing mode
client 2023-07-25 12:08:37,131 [INFO] Synchronizing with the server and with time.google.com...
client 2023-07-25 12:08:37,231 [INFO] NTP:offset = 0.000 s, delay = 0.014 s 
client 2023-07-25 12:08:37,231 [INFO] Sending command to the server: 'time'
client 2023-07-25 12:08:37,239 [INFO] Got response: '1690286917.1443903'
client 2023-07-25 12:08:37,239 [INFO] The time difference between the client and the server is within range 86.796 ms..94.797 ms
client 2023-07-25 12:08:37,239 [INFO] Sending command to the server: 'session,2023-07-25_13-01-55,start,testing'
client 2023-07-25 12:08:50,314 [INFO] Got response: 'OK'
client 2023-07-25 12:08:50,314 [INFO] Sending command to the server: 'time'
client 2023-07-25 12:08:50,317 [INFO] Got response: '1690286930.222783'
client 2023-07-25 12:08:50,317 [INFO] The time difference between the client and the server is within range 91.409 ms..95.004 ms
client 2023-07-25 12:08:50,317 [INFO] Running the workload 'CM_MLPERF_RUN_COUNT=$(cat ${CM_RUN_DIR}/count.txt); echo ${CM_MLPERF_RUN_COUNT}; CM_MLPERF_RUN_COUNT=$((CM_MLPERF_RUN_COUNT+1)); echo ${CM_MLPERF_RUN_COUNT} > ${CM_RUN_DIR}/count.txt && if [ ${CM_MLPERF_RUN_COUNT} -eq "1" ]; then export CM_MLPERF_USER_CONF=${CM_MLPERF_RANGING_USER_CONF}; else export CM_MLPERF_USER_CONF=${CM_MLPERF_TESTING_USER_CONF}; fi && make run_harness RUN_ARGS=" --benchmarks=bert --scenarios=server --test_mode=PerformanceOnly --offline_expected_qps=38000 --server_target_qps=1520 --single_stream_expected_latency_ns=230000 --multi_stream_expected_latency_ns=400000 --config_ver=high_accuracy --user_conf_path=${CM_MLPERF_USER_CONF} --mlperf_conf_path=/home/cmuser/CM/repos/local/cache/a3af5496e00b4b47/inference/mlperf.conf --gpu_batch_size=256 --no_audit_verify "'
client 2023-07-25 12:19:57,652 [INFO] Sending command to the server: 'time'
client 2023-07-25 12:19:57,656 [INFO] Got response: '1690287597.5518308'
client 2023-07-25 12:19:57,656 [INFO] The time difference between the client and the server is within range 100.276 ms..104.254 ms
client 2023-07-25 12:19:57,656 [INFO] Sending command to the server: 'session,2023-07-25_13-01-55,stop,testing'
client 2023-07-25 12:20:08,388 [INFO] Got response: 'OK'
client 2023-07-25 12:20:08,388 [INFO] Sending command to the server: 'time'
client 2023-07-25 12:20:08,403 [INFO] Got response: '1690287608.3024333'
client 2023-07-25 12:20:08,403 [INFO] The time difference between the client and the server is within range 86.500 ms..101.078 ms
client 2023-07-25 12:20:08,404 [INFO] Copying loadgen logs from '/home/cmuser/results_dir/valid_results/28df27c48ad9-nvidia_original-gpu-tensorrt-vdefault-default_config/bert-99.9/server/performance/run_1' to '/home/cmuser/results_dir/valid_results/28df27c48ad9-nvidia_original-gpu-tensorrt-vdefault-default_config/bert-99.9/server/performance/tmp_power/run_1'
client 2023-07-25 12:20:08,404 [INFO] Done runs
