client 2023-07-13 19:30:20,379 [INFO] Creating output directory '/home/arjun/mobilenet_results/valid_results/phoenix_Amd_Am5-tflite_cpp-cpu-tflite-vmaster-default_config/mobilenet-v2-precision_float-1.0-128/singlestream/performance/tmp_power'
client 2023-07-13 19:30:20,381 [INFO] Sending command to the server: 'mlcommons/power client v3'
client 2023-07-13 19:30:20,385 [INFO] Got response: 'mlcommons/power server v3'
client 2023-07-13 19:30:20,385 [INFO] Synchronizing with the server and with time.google.com...
client 2023-07-13 19:30:20,401 [INFO] NTP:offset = 0.000 s, delay = 0.015 s 
client 2023-07-13 19:30:20,401 [INFO] Sending command to the server: 'time'
client 2023-07-13 19:30:20,412 [INFO] Got response: '1689273020.286548'
client 2023-07-13 19:30:20,412 [INFO] The time difference between the client and the server is within range 115.372 ms..126.323 ms
client 2023-07-13 19:30:20,412 [INFO] Sending command to the server: 'new,,ab15a4de-01c5-47e6-b72a-f7de965239b8'
client 2023-07-13 19:30:20,417 [INFO] Got response: 'OK 2023-07-13_19-30-20,c5ec17af-152c-47a3-be8e-54b0220f1b2a'
client 2023-07-13 19:30:20,417 [INFO] Session id is '2023-07-13_19-30-20'
client 2023-07-13 19:30:20,417 [INFO] Sources: {"sources": {"__init__.py": "da39a3ee5e6b4b0d3255bfef95601890afd80709", "client.py": "33ca4f26368777ac06e01f9567b714a4b8063886", "lib/__init__.py": "da39a3ee5e6b4b0d3255bfef95601890afd80709", "lib/client.py": "ac2aa093c8e8bbc9569b9e2a3471bc64e58a2258", "lib/common.py": "611d8b29633d331eb19c9455ea3b5fa3284ed6df", "lib/external/__init__.py": "da39a3ee5e6b4b0d3255bfef95601890afd80709", "lib/external/ntplib.py": "4da8f970656505a40483206ef2b5d3dd5e81711d", "lib/server.py": "c7af63c31bb2fbedea4345f571f6e3507d268ada", "lib/source_hashes.py": "60a2e02193209e8d392803326208d5466342da18", "lib/summary.py": "aa92f0a3f975eecd44d3c0cd0236342ccc9f941d", "lib/time_sync.py": "122eba67a9abc85635223e054def53be1367ade2", "server.py": "c3f90f2f7eeb4db30727556d0c815ebc89b3d28b", "tests/unit/__init__.py": "da39a3ee5e6b4b0d3255bfef95601890afd80709", "tests/unit/test_server.py": "948c1995d4008bc2aa6c4046a34ffa3858d6d671", "tests/unit/test_source_hashes.py": "00468a2907583c593e6574a1f6b404e4651c221a"}, "modules": {"ptd_client_server.lib.client": "lib/client.py", "ptd_client_server.lib.common": "lib/common.py", "ptd_client_server.lib.external.ntplib": "lib/external/ntplib.py", "ptd_client_server.lib.source_hashes": "lib/source_hashes.py", "ptd_client_server.lib.summary": "lib/summary.py", "ptd_client_server.lib.time_sync": "lib/time_sync.py"}}
client 2023-07-13 19:30:20,417 [INFO] Running workload in ranging mode
client 2023-07-13 19:30:20,417 [INFO] Synchronizing with the server and with time.google.com...
client 2023-07-13 19:30:20,434 [INFO] NTP:offset = -0.001 s, delay = 0.016 s 
client 2023-07-13 19:30:20,434 [INFO] Sending command to the server: 'time'
client 2023-07-13 19:30:20,437 [INFO] Got response: '1689273020.3067317'
client 2023-07-13 19:30:20,437 [INFO] The time difference between the client and the server is within range 127.612 ms..130.524 ms
client 2023-07-13 19:30:20,437 [INFO] Sending command to the server: 'session,2023-07-13_19-30-20,start,ranging'
client 2023-07-13 19:30:44,266 [INFO] Got response: 'OK'
client 2023-07-13 19:30:44,266 [INFO] Sending command to the server: 'time'
client 2023-07-13 19:30:44,269 [INFO] Got response: '1689273044.1455095'
client 2023-07-13 19:30:44,269 [INFO] The time difference between the client and the server is within range 120.765 ms..123.653 ms
client 2023-07-13 19:30:44,269 [INFO] Running the workload 'CM_MLPERF_RUN_COUNT=$(cat ${CM_RUN_DIR}/count.txt); echo ${CM_MLPERF_RUN_COUNT}; CM_MLPERF_RUN_COUNT=$((CM_MLPERF_RUN_COUNT+1)); echo ${CM_MLPERF_RUN_COUNT} > ${CM_RUN_DIR}/count.txt && if [ ${CM_MLPERF_RUN_COUNT} -eq "1" ]; then export CM_MLPERF_USER_CONF=${CM_MLPERF_RANGING_USER_CONF}; else export CM_MLPERF_USER_CONF=${CM_MLPERF_TESTING_USER_CONF}; fi && /home/arjun/run.out'
client 2023-07-13 19:35:44,786 [INFO] Sending command to the server: 'time'
client 2023-07-13 19:35:44,790 [INFO] Got response: '1689273344.6637156'
client 2023-07-13 19:35:44,790 [INFO] The time difference between the client and the server is within range 123.220 ms..127.244 ms
client 2023-07-13 19:35:44,791 [INFO] Sending command to the server: 'session,2023-07-13_19-30-20,stop,ranging'
client 2023-07-13 19:35:55,441 [INFO] Got response: 'OK'
client 2023-07-13 19:35:55,441 [INFO] Sending command to the server: 'time'
client 2023-07-13 19:35:55,443 [INFO] Got response: '1689273355.3142362'
client 2023-07-13 19:35:55,443 [INFO] The time difference between the client and the server is within range 127.522 ms..129.601 ms
client 2023-07-13 19:35:55,445 [INFO] Copying loadgen logs from '/home/arjun/mobilenet_results/valid_results/phoenix_Amd_Am5-tflite_cpp-cpu-tflite-vmaster-default_config/mobilenet-v2-precision_float-1.0-128/singlestream/performance/run_1' to '/home/arjun/mobilenet_results/valid_results/phoenix_Amd_Am5-tflite_cpp-cpu-tflite-vmaster-default_config/mobilenet-v2-precision_float-1.0-128/singlestream/performance/tmp_power/ranging'
client 2023-07-13 19:35:55,445 [INFO] Running workload in testing mode
client 2023-07-13 19:35:55,445 [INFO] Synchronizing with the server and with time.google.com...
client 2023-07-13 19:35:55,461 [INFO] NTP:offset = -0.002 s, delay = 0.014 s 
client 2023-07-13 19:35:55,461 [INFO] Sending command to the server: 'time'
client 2023-07-13 19:35:55,464 [INFO] Got response: '1689273355.3346684'
client 2023-07-13 19:35:55,464 [INFO] The time difference between the client and the server is within range 126.434 ms..129.410 ms
client 2023-07-13 19:35:55,464 [INFO] Sending command to the server: 'session,2023-07-13_19-30-20,start,testing'
client 2023-07-13 19:36:08,529 [INFO] Got response: 'OK'
client 2023-07-13 19:36:08,530 [INFO] Sending command to the server: 'time'
client 2023-07-13 19:36:08,533 [INFO] Got response: '1689273368.4008307'
client 2023-07-13 19:36:08,533 [INFO] The time difference between the client and the server is within range 129.243 ms..132.766 ms
client 2023-07-13 19:36:08,533 [INFO] Running the workload 'CM_MLPERF_RUN_COUNT=$(cat ${CM_RUN_DIR}/count.txt); echo ${CM_MLPERF_RUN_COUNT}; CM_MLPERF_RUN_COUNT=$((CM_MLPERF_RUN_COUNT+1)); echo ${CM_MLPERF_RUN_COUNT} > ${CM_RUN_DIR}/count.txt && if [ ${CM_MLPERF_RUN_COUNT} -eq "1" ]; then export CM_MLPERF_USER_CONF=${CM_MLPERF_RANGING_USER_CONF}; else export CM_MLPERF_USER_CONF=${CM_MLPERF_TESTING_USER_CONF}; fi && /home/arjun/run.out'
client 2023-07-13 19:46:09,579 [INFO] Sending command to the server: 'time'
client 2023-07-13 19:46:09,582 [INFO] Got response: '1689273969.446202'
client 2023-07-13 19:46:09,582 [INFO] The time difference between the client and the server is within range 132.959 ms..136.701 ms
client 2023-07-13 19:46:09,582 [INFO] Sending command to the server: 'session,2023-07-13_19-30-20,stop,testing'
client 2023-07-13 19:46:20,960 [INFO] Got response: 'OK'
client 2023-07-13 19:46:20,960 [INFO] Sending command to the server: 'time'
client 2023-07-13 19:46:20,962 [INFO] Got response: '1689273980.8297727'
client 2023-07-13 19:46:20,962 [INFO] The time difference between the client and the server is within range 130.525 ms..132.687 ms
client 2023-07-13 19:46:20,962 [INFO] Copying loadgen logs from '/home/arjun/mobilenet_results/valid_results/phoenix_Amd_Am5-tflite_cpp-cpu-tflite-vmaster-default_config/mobilenet-v2-precision_float-1.0-128/singlestream/performance/run_1' to '/home/arjun/mobilenet_results/valid_results/phoenix_Amd_Am5-tflite_cpp-cpu-tflite-vmaster-default_config/mobilenet-v2-precision_float-1.0-128/singlestream/performance/tmp_power/run_1'
client 2023-07-13 19:46:20,963 [INFO] Done runs
