client 2023-07-26 14:21:08,661 [INFO] Creating output directory '/home/cmuser/mobilenet_results/valid_results/bb3b3f2d4d2e-tflite_cpp-cpu-tflite-vmaster-default_config/mobilenet-v2-precision_uint8-1.0-224/singlestream/performance/tmp_power'
client 2023-07-26 14:21:08,663 [INFO] Sending command to the server: 'mlcommons/power client v3'
client 2023-07-26 14:21:08,665 [INFO] Got response: 'mlcommons/power server v3'
client 2023-07-26 14:21:08,665 [INFO] Synchronizing with the server and with time.google.com...
client 2023-07-26 14:21:08,714 [INFO] NTP:offset = 0.000 s, delay = 0.013 s 
client 2023-07-26 14:21:08,714 [INFO] Sending command to the server: 'time'
client 2023-07-26 14:21:08,717 [INFO] Got response: '1690406468.5800593'
client 2023-07-26 14:21:08,717 [INFO] The time difference between the client and the server is within range 134.342 ms..136.981 ms
client 2023-07-26 14:21:08,717 [INFO] Sending command to the server: 'new,,6187646f-7c0e-43f2-b875-4457f5697be0'
client 2023-07-26 14:21:08,719 [INFO] Got response: 'OK 2023-07-26_22-21-08,8e4c443c-b28b-45f1-a556-40d4599b15bd'
client 2023-07-26 14:21:08,719 [INFO] Session id is '2023-07-26_22-21-08'
client 2023-07-26 14:21:08,719 [INFO] Sources: {"sources": {"__init__.py": "da39a3ee5e6b4b0d3255bfef95601890afd80709", "client.py": "33ca4f26368777ac06e01f9567b714a4b8063886", "lib/__init__.py": "da39a3ee5e6b4b0d3255bfef95601890afd80709", "lib/client.py": "ac2aa093c8e8bbc9569b9e2a3471bc64e58a2258", "lib/common.py": "611d8b29633d331eb19c9455ea3b5fa3284ed6df", "lib/external/__init__.py": "da39a3ee5e6b4b0d3255bfef95601890afd80709", "lib/external/ntplib.py": "4da8f970656505a40483206ef2b5d3dd5e81711d", "lib/server.py": "c7af63c31bb2fbedea4345f571f6e3507d268ada", "lib/source_hashes.py": "60a2e02193209e8d392803326208d5466342da18", "lib/summary.py": "aa92f0a3f975eecd44d3c0cd0236342ccc9f941d", "lib/time_sync.py": "122eba67a9abc85635223e054def53be1367ade2", "server.py": "c3f90f2f7eeb4db30727556d0c815ebc89b3d28b", "tests/unit/__init__.py": "da39a3ee5e6b4b0d3255bfef95601890afd80709", "tests/unit/test_server.py": "948c1995d4008bc2aa6c4046a34ffa3858d6d671", "tests/unit/test_source_hashes.py": "00468a2907583c593e6574a1f6b404e4651c221a"}, "modules": {"ptd_client_server.lib.client": "lib/client.py", "ptd_client_server.lib.common": "lib/common.py", "ptd_client_server.lib.external.ntplib": "lib/external/ntplib.py", "ptd_client_server.lib.source_hashes": "lib/source_hashes.py", "ptd_client_server.lib.summary": "lib/summary.py", "ptd_client_server.lib.time_sync": "lib/time_sync.py"}}
client 2023-07-26 14:21:08,719 [INFO] Running workload in ranging mode
client 2023-07-26 14:21:08,719 [INFO] Synchronizing with the server and with time.google.com...
client 2023-07-26 14:21:08,768 [INFO] NTP:offset = 0.001 s, delay = 0.016 s 
client 2023-07-26 14:21:08,768 [INFO] Sending command to the server: 'time'
client 2023-07-26 14:21:08,770 [INFO] Got response: '1690406468.6300511'
client 2023-07-26 14:21:08,770 [INFO] The time difference between the client and the server is within range 138.295 ms..140.040 ms
client 2023-07-26 14:21:08,770 [INFO] Sending command to the server: 'session,2023-07-26_22-21-08,start,ranging'
client 2023-07-26 14:21:32,745 [INFO] Got response: 'OK'
client 2023-07-26 14:21:32,745 [INFO] Sending command to the server: 'time'
client 2023-07-26 14:21:32,748 [INFO] Got response: '1690406492.6091053'
client 2023-07-26 14:21:32,748 [INFO] The time difference between the client and the server is within range 136.546 ms..139.555 ms
client 2023-07-26 14:21:32,748 [INFO] Running the workload 'CM_MLPERF_RUN_COUNT=$(cat ${CM_RUN_DIR}/count.txt); echo ${CM_MLPERF_RUN_COUNT}; CM_MLPERF_RUN_COUNT=$((CM_MLPERF_RUN_COUNT+1)); echo ${CM_MLPERF_RUN_COUNT} > ${CM_RUN_DIR}/count.txt && if [ ${CM_MLPERF_RUN_COUNT} -eq "1" ]; then export CM_MLPERF_USER_CONF=${CM_MLPERF_RANGING_USER_CONF}; else export CM_MLPERF_USER_CONF=${CM_MLPERF_TESTING_USER_CONF}; fi && /home/cmuser/run.out'
client 2023-07-26 14:26:33,331 [INFO] Sending command to the server: 'time'
client 2023-07-26 14:26:33,335 [INFO] Got response: '1690406793.191551'
client 2023-07-26 14:26:33,335 [INFO] The time difference between the client and the server is within range 139.938 ms..143.911 ms
client 2023-07-26 14:26:33,335 [INFO] Sending command to the server: 'session,2023-07-26_22-21-08,stop,ranging'
client 2023-07-26 14:26:43,905 [INFO] Got response: 'OK'
client 2023-07-26 14:26:43,905 [INFO] Sending command to the server: 'time'
client 2023-07-26 14:26:43,909 [INFO] Got response: '1690406803.769594'
client 2023-07-26 14:26:43,909 [INFO] The time difference between the client and the server is within range 136.383 ms..139.863 ms
client 2023-07-26 14:26:43,913 [INFO] Copying loadgen logs from '/home/cmuser/mobilenet_results/valid_results/bb3b3f2d4d2e-tflite_cpp-cpu-tflite-vmaster-default_config/mobilenet-v2-precision_uint8-1.0-224/singlestream/performance/run_1' to '/home/cmuser/mobilenet_results/valid_results/bb3b3f2d4d2e-tflite_cpp-cpu-tflite-vmaster-default_config/mobilenet-v2-precision_uint8-1.0-224/singlestream/performance/tmp_power/ranging'
client 2023-07-26 14:26:43,913 [INFO] Running workload in testing mode
client 2023-07-26 14:26:43,913 [INFO] Synchronizing with the server and with time.google.com...
client 2023-07-26 14:26:43,999 [INFO] NTP:offset = 0.000 s, delay = 0.014 s 
client 2023-07-26 14:26:43,999 [INFO] Sending command to the server: 'time'
client 2023-07-26 14:26:44,001 [INFO] Got response: '1690406803.862912'
client 2023-07-26 14:26:44,001 [INFO] The time difference between the client and the server is within range 136.308 ms..138.965 ms
client 2023-07-26 14:26:44,001 [INFO] Sending command to the server: 'session,2023-07-26_22-21-08,start,testing'
client 2023-07-26 14:26:57,068 [INFO] Got response: 'OK'
client 2023-07-26 14:26:57,068 [INFO] Sending command to the server: 'time'
client 2023-07-26 14:26:57,072 [INFO] Got response: '1690406816.9268932'
client 2023-07-26 14:26:57,072 [INFO] The time difference between the client and the server is within range 141.847 ms..145.371 ms
client 2023-07-26 14:26:57,072 [INFO] Running the workload 'CM_MLPERF_RUN_COUNT=$(cat ${CM_RUN_DIR}/count.txt); echo ${CM_MLPERF_RUN_COUNT}; CM_MLPERF_RUN_COUNT=$((CM_MLPERF_RUN_COUNT+1)); echo ${CM_MLPERF_RUN_COUNT} > ${CM_RUN_DIR}/count.txt && if [ ${CM_MLPERF_RUN_COUNT} -eq "1" ]; then export CM_MLPERF_USER_CONF=${CM_MLPERF_RANGING_USER_CONF}; else export CM_MLPERF_USER_CONF=${CM_MLPERF_TESTING_USER_CONF}; fi && /home/cmuser/run.out'
client 2023-07-26 14:36:58,176 [INFO] Sending command to the server: 'time'
client 2023-07-26 14:36:58,180 [INFO] Got response: '1690407418.0269501'
client 2023-07-26 14:36:58,180 [INFO] The time difference between the client and the server is within range 149.493 ms..153.152 ms
client 2023-07-26 14:36:58,180 [INFO] Sending command to the server: 'session,2023-07-26_22-21-08,stop,testing'
client 2023-07-26 14:37:09,177 [INFO] Got response: 'OK'
client 2023-07-26 14:37:09,177 [INFO] Sending command to the server: 'time'
client 2023-07-26 14:37:09,179 [INFO] Got response: '1690407429.026706'
client 2023-07-26 14:37:09,179 [INFO] The time difference between the client and the server is within range 150.469 ms..152.948 ms
client 2023-07-26 14:37:09,180 [INFO] Copying loadgen logs from '/home/cmuser/mobilenet_results/valid_results/bb3b3f2d4d2e-tflite_cpp-cpu-tflite-vmaster-default_config/mobilenet-v2-precision_uint8-1.0-224/singlestream/performance/run_1' to '/home/cmuser/mobilenet_results/valid_results/bb3b3f2d4d2e-tflite_cpp-cpu-tflite-vmaster-default_config/mobilenet-v2-precision_uint8-1.0-224/singlestream/performance/tmp_power/run_1'
client 2023-07-26 14:37:09,180 [INFO] Done runs
