client 2023-07-13 06:07:45,869 [INFO] Creating output directory '/home/arjun/mobilenet_results/valid_results/phoenix_Amd_Am5-tflite_cpp-cpu-tflite-vmaster-default_config/mobilenet-v2-precision_uint8-0.5-224/singlestream/performance/tmp_power'
client 2023-07-13 06:07:45,871 [INFO] Sending command to the server: 'mlcommons/power client v3'
client 2023-07-13 06:07:45,873 [INFO] Got response: 'mlcommons/power server v3'
client 2023-07-13 06:07:45,873 [INFO] Synchronizing with the server and with time.google.com...
client 2023-07-13 06:07:45,893 [INFO] NTP:offset = -0.001 s, delay = 0.018 s 
client 2023-07-13 06:07:45,893 [INFO] Sending command to the server: 'time'
client 2023-07-13 06:07:45,896 [INFO] Got response: '1689224865.824736'
client 2023-07-13 06:07:45,896 [INFO] The time difference between the client and the server is within range 69.117 ms..71.345 ms
client 2023-07-13 06:07:45,896 [INFO] Sending command to the server: 'new,,86f81eba-1da6-40a5-b1d0-7e7d0b69cfa6'
client 2023-07-13 06:07:45,898 [INFO] Got response: 'OK 2023-07-13_06-07-45,4dedaa57-2c69-4da4-b943-410be99a4cd5'
client 2023-07-13 06:07:45,898 [INFO] Session id is '2023-07-13_06-07-45'
client 2023-07-13 06:07:45,898 [INFO] Sources: {"sources": {"__init__.py": "da39a3ee5e6b4b0d3255bfef95601890afd80709", "client.py": "33ca4f26368777ac06e01f9567b714a4b8063886", "lib/__init__.py": "da39a3ee5e6b4b0d3255bfef95601890afd80709", "lib/client.py": "ac2aa093c8e8bbc9569b9e2a3471bc64e58a2258", "lib/common.py": "611d8b29633d331eb19c9455ea3b5fa3284ed6df", "lib/external/__init__.py": "da39a3ee5e6b4b0d3255bfef95601890afd80709", "lib/external/ntplib.py": "4da8f970656505a40483206ef2b5d3dd5e81711d", "lib/server.py": "c7af63c31bb2fbedea4345f571f6e3507d268ada", "lib/source_hashes.py": "60a2e02193209e8d392803326208d5466342da18", "lib/summary.py": "aa92f0a3f975eecd44d3c0cd0236342ccc9f941d", "lib/time_sync.py": "122eba67a9abc85635223e054def53be1367ade2", "server.py": "c3f90f2f7eeb4db30727556d0c815ebc89b3d28b", "tests/unit/__init__.py": "da39a3ee5e6b4b0d3255bfef95601890afd80709", "tests/unit/test_server.py": "948c1995d4008bc2aa6c4046a34ffa3858d6d671", "tests/unit/test_source_hashes.py": "00468a2907583c593e6574a1f6b404e4651c221a"}, "modules": {"ptd_client_server.lib.client": "lib/client.py", "ptd_client_server.lib.common": "lib/common.py", "ptd_client_server.lib.external.ntplib": "lib/external/ntplib.py", "ptd_client_server.lib.source_hashes": "lib/source_hashes.py", "ptd_client_server.lib.summary": "lib/summary.py", "ptd_client_server.lib.time_sync": "lib/time_sync.py"}}
client 2023-07-13 06:07:45,898 [INFO] Running workload in ranging mode
client 2023-07-13 06:07:45,898 [INFO] Synchronizing with the server and with time.google.com...
client 2023-07-13 06:07:45,911 [INFO] NTP:offset = -0.001 s, delay = 0.012 s 
client 2023-07-13 06:07:45,911 [INFO] Sending command to the server: 'time'
client 2023-07-13 06:07:45,913 [INFO] Got response: '1689224865.8495648'
client 2023-07-13 06:07:45,913 [INFO] The time difference between the client and the server is within range 62.186 ms..64.281 ms
client 2023-07-13 06:07:45,913 [INFO] Sending command to the server: 'session,2023-07-13_06-07-45,start,ranging'
client 2023-07-13 06:08:09,799 [INFO] Got response: 'OK'
client 2023-07-13 06:08:09,799 [INFO] Sending command to the server: 'time'
client 2023-07-13 06:08:09,802 [INFO] Got response: '1689224889.7327526'
client 2023-07-13 06:08:09,802 [INFO] The time difference between the client and the server is within range 66.943 ms..69.592 ms
client 2023-07-13 06:08:09,802 [INFO] Running the workload 'CM_MLPERF_RUN_COUNT=$(cat ${CM_RUN_DIR}/count.txt); echo ${CM_MLPERF_RUN_COUNT}; CM_MLPERF_RUN_COUNT=$((CM_MLPERF_RUN_COUNT+1)); echo ${CM_MLPERF_RUN_COUNT} > ${CM_RUN_DIR}/count.txt && if [ ${CM_MLPERF_RUN_COUNT} -eq "1" ]; then export CM_MLPERF_USER_CONF=${CM_MLPERF_RANGING_USER_CONF}; else export CM_MLPERF_USER_CONF=${CM_MLPERF_TESTING_USER_CONF}; fi && /home/arjun/run.out'
client 2023-07-13 06:13:10,342 [INFO] Sending command to the server: 'time'
client 2023-07-13 06:13:10,346 [INFO] Got response: '1689225190.3358426'
client 2023-07-13 06:13:10,346 [INFO] The time difference between the client and the server is within range 7.097 ms..10.778 ms
client 2023-07-13 06:13:10,346 [INFO] Sending command to the server: 'session,2023-07-13_06-07-45,stop,ranging'
client 2023-07-13 06:13:20,856 [INFO] Got response: 'OK'
client 2023-07-13 06:13:20,856 [INFO] Sending command to the server: 'time'
client 2023-07-13 06:13:20,858 [INFO] Got response: '1689225200.8565986'
client 2023-07-13 06:13:20,858 [INFO] The time difference between the client and the server is within range -0.489 ms..2.116 ms
client 2023-07-13 06:13:20,861 [INFO] Copying loadgen logs from '/home/arjun/mobilenet_results/valid_results/phoenix_Amd_Am5-tflite_cpp-cpu-tflite-vmaster-default_config/mobilenet-v2-precision_uint8-0.5-224/singlestream/performance/run_1' to '/home/arjun/mobilenet_results/valid_results/phoenix_Amd_Am5-tflite_cpp-cpu-tflite-vmaster-default_config/mobilenet-v2-precision_uint8-0.5-224/singlestream/performance/tmp_power/ranging'
client 2023-07-13 06:13:20,861 [INFO] Running workload in testing mode
client 2023-07-13 06:13:20,861 [INFO] Synchronizing with the server and with time.google.com...
client 2023-07-13 06:13:20,876 [INFO] NTP:offset = -0.001 s, delay = 0.014 s 
client 2023-07-13 06:13:20,876 [INFO] Sending command to the server: 'time'
client 2023-07-13 06:13:20,878 [INFO] Got response: '1689225200.8763933'
client 2023-07-13 06:13:20,878 [INFO] The time difference between the client and the server is within range 0.029 ms..1.720 ms
client 2023-07-13 06:13:20,878 [INFO] Sending command to the server: 'session,2023-07-13_06-07-45,start,testing'
client 2023-07-13 06:13:33,930 [INFO] Got response: 'OK'
client 2023-07-13 06:13:33,930 [INFO] Sending command to the server: 'time'
client 2023-07-13 06:13:33,932 [INFO] Got response: '1689225213.9243317'
client 2023-07-13 06:13:33,933 [INFO] The time difference between the client and the server is within range 6.060 ms..8.670 ms
client 2023-07-13 06:13:33,933 [INFO] Running the workload 'CM_MLPERF_RUN_COUNT=$(cat ${CM_RUN_DIR}/count.txt); echo ${CM_MLPERF_RUN_COUNT}; CM_MLPERF_RUN_COUNT=$((CM_MLPERF_RUN_COUNT+1)); echo ${CM_MLPERF_RUN_COUNT} > ${CM_RUN_DIR}/count.txt && if [ ${CM_MLPERF_RUN_COUNT} -eq "1" ]; then export CM_MLPERF_USER_CONF=${CM_MLPERF_RANGING_USER_CONF}; else export CM_MLPERF_USER_CONF=${CM_MLPERF_TESTING_USER_CONF}; fi && /home/arjun/run.out'
client 2023-07-13 06:23:34,978 [INFO] Sending command to the server: 'time'
client 2023-07-13 06:23:34,981 [INFO] Got response: '1689225814.9734464'
client 2023-07-13 06:23:34,981 [INFO] The time difference between the client and the server is within range 5.192 ms..8.456 ms
client 2023-07-13 06:23:34,981 [INFO] Sending command to the server: 'session,2023-07-13_06-07-45,stop,testing'
client 2023-07-13 06:23:45,999 [INFO] Got response: 'OK'
client 2023-07-13 06:23:45,999 [INFO] Sending command to the server: 'time'
client 2023-07-13 06:23:46,001 [INFO] Got response: '1689225825.9990418'
client 2023-07-13 06:23:46,002 [INFO] The time difference between the client and the server is within range 0.861 ms..2.950 ms
client 2023-07-13 06:23:46,002 [INFO] Copying loadgen logs from '/home/arjun/mobilenet_results/valid_results/phoenix_Amd_Am5-tflite_cpp-cpu-tflite-vmaster-default_config/mobilenet-v2-precision_uint8-0.5-224/singlestream/performance/run_1' to '/home/arjun/mobilenet_results/valid_results/phoenix_Amd_Am5-tflite_cpp-cpu-tflite-vmaster-default_config/mobilenet-v2-precision_uint8-0.5-224/singlestream/performance/tmp_power/run_1'
client 2023-07-13 06:23:46,002 [INFO] Done runs
