client 2023-07-13 04:30:53,016 [INFO] Creating output directory '/home/arjun/mobilenet_results/valid_results/phoenix_Amd_Am5-tflite_cpp-cpu-tflite-vmaster-default_config/mobilenet-v2-precision_uint8-0.75-192/singlestream/performance/tmp_power'
client 2023-07-13 04:30:53,018 [INFO] Sending command to the server: 'mlcommons/power client v3'
client 2023-07-13 04:30:53,020 [INFO] Got response: 'mlcommons/power server v3'
client 2023-07-13 04:30:53,020 [INFO] Synchronizing with the server and with time.google.com...
client 2023-07-13 04:30:53,035 [INFO] NTP:offset = -0.001 s, delay = 0.013 s 
client 2023-07-13 04:30:53,035 [INFO] Sending command to the server: 'time'
client 2023-07-13 04:30:53,038 [INFO] Got response: '1689219052.963844'
client 2023-07-13 04:30:53,038 [INFO] The time difference between the client and the server is within range 71.951 ms..75.070 ms
client 2023-07-13 04:30:53,038 [INFO] Sending command to the server: 'new,,af9f547a-3927-414b-950d-e9c3b102fb72'
client 2023-07-13 04:30:53,048 [INFO] Got response: 'OK 2023-07-13_04-30-52,20822044-52cb-40db-b0ec-cd0578d53cca'
client 2023-07-13 04:30:53,048 [INFO] Session id is '2023-07-13_04-30-52'
client 2023-07-13 04:30:53,048 [INFO] Sources: {"sources": {"__init__.py": "da39a3ee5e6b4b0d3255bfef95601890afd80709", "client.py": "33ca4f26368777ac06e01f9567b714a4b8063886", "lib/__init__.py": "da39a3ee5e6b4b0d3255bfef95601890afd80709", "lib/client.py": "ac2aa093c8e8bbc9569b9e2a3471bc64e58a2258", "lib/common.py": "611d8b29633d331eb19c9455ea3b5fa3284ed6df", "lib/external/__init__.py": "da39a3ee5e6b4b0d3255bfef95601890afd80709", "lib/external/ntplib.py": "4da8f970656505a40483206ef2b5d3dd5e81711d", "lib/server.py": "c7af63c31bb2fbedea4345f571f6e3507d268ada", "lib/source_hashes.py": "60a2e02193209e8d392803326208d5466342da18", "lib/summary.py": "aa92f0a3f975eecd44d3c0cd0236342ccc9f941d", "lib/time_sync.py": "122eba67a9abc85635223e054def53be1367ade2", "server.py": "c3f90f2f7eeb4db30727556d0c815ebc89b3d28b", "tests/unit/__init__.py": "da39a3ee5e6b4b0d3255bfef95601890afd80709", "tests/unit/test_server.py": "948c1995d4008bc2aa6c4046a34ffa3858d6d671", "tests/unit/test_source_hashes.py": "00468a2907583c593e6574a1f6b404e4651c221a"}, "modules": {"ptd_client_server.lib.client": "lib/client.py", "ptd_client_server.lib.common": "lib/common.py", "ptd_client_server.lib.external.ntplib": "lib/external/ntplib.py", "ptd_client_server.lib.source_hashes": "lib/source_hashes.py", "ptd_client_server.lib.summary": "lib/summary.py", "ptd_client_server.lib.time_sync": "lib/time_sync.py"}}
client 2023-07-13 04:30:53,048 [INFO] Running workload in ranging mode
client 2023-07-13 04:30:53,049 [INFO] Synchronizing with the server and with time.google.com...
client 2023-07-13 04:30:53,062 [INFO] NTP:offset = 0.000 s, delay = 0.013 s 
client 2023-07-13 04:30:53,062 [INFO] Sending command to the server: 'time'
client 2023-07-13 04:30:53,064 [INFO] Got response: '1689219052.9933708'
client 2023-07-13 04:30:53,064 [INFO] The time difference between the client and the server is within range 69.349 ms..71.450 ms
client 2023-07-13 04:30:53,064 [INFO] Sending command to the server: 'session,2023-07-13_04-30-52,start,ranging'
client 2023-07-13 04:31:16,907 [INFO] Got response: 'OK'
client 2023-07-13 04:31:16,907 [INFO] Sending command to the server: 'time'
client 2023-07-13 04:31:16,910 [INFO] Got response: '1689219076.8361444'
client 2023-07-13 04:31:16,910 [INFO] The time difference between the client and the server is within range 71.443 ms..74.117 ms
client 2023-07-13 04:31:16,910 [INFO] Running the workload 'CM_MLPERF_RUN_COUNT=$(cat ${CM_RUN_DIR}/count.txt); echo ${CM_MLPERF_RUN_COUNT}; CM_MLPERF_RUN_COUNT=$((CM_MLPERF_RUN_COUNT+1)); echo ${CM_MLPERF_RUN_COUNT} > ${CM_RUN_DIR}/count.txt && if [ ${CM_MLPERF_RUN_COUNT} -eq "1" ]; then export CM_MLPERF_USER_CONF=${CM_MLPERF_RANGING_USER_CONF}; else export CM_MLPERF_USER_CONF=${CM_MLPERF_TESTING_USER_CONF}; fi && /home/arjun/run.out'
client 2023-07-13 04:36:17,428 [INFO] Sending command to the server: 'time'
client 2023-07-13 04:36:17,430 [INFO] Got response: '1689219377.3637266'
client 2023-07-13 04:36:17,431 [INFO] The time difference between the client and the server is within range 64.578 ms..67.263 ms
client 2023-07-13 04:36:17,431 [INFO] Sending command to the server: 'session,2023-07-13_04-30-52,stop,ranging'
client 2023-07-13 04:36:28,052 [INFO] Got response: 'OK'
client 2023-07-13 04:36:28,053 [INFO] Sending command to the server: 'time'
client 2023-07-13 04:36:28,055 [INFO] Got response: '1689219387.9796333'
client 2023-07-13 04:36:28,055 [INFO] The time difference between the client and the server is within range 73.381 ms..75.763 ms
client 2023-07-13 04:36:28,058 [INFO] Copying loadgen logs from '/home/arjun/mobilenet_results/valid_results/phoenix_Amd_Am5-tflite_cpp-cpu-tflite-vmaster-default_config/mobilenet-v2-precision_uint8-0.75-192/singlestream/performance/run_1' to '/home/arjun/mobilenet_results/valid_results/phoenix_Amd_Am5-tflite_cpp-cpu-tflite-vmaster-default_config/mobilenet-v2-precision_uint8-0.75-192/singlestream/performance/tmp_power/ranging'
client 2023-07-13 04:36:28,058 [INFO] Running workload in testing mode
client 2023-07-13 04:36:28,058 [INFO] Synchronizing with the server and with time.google.com...
client 2023-07-13 04:36:28,077 [INFO] NTP:offset = 0.000 s, delay = 0.018 s 
client 2023-07-13 04:36:28,077 [INFO] Sending command to the server: 'time'
client 2023-07-13 04:36:28,079 [INFO] Got response: '1689219388.0100698'
client 2023-07-13 04:36:28,079 [INFO] The time difference between the client and the server is within range 67.116 ms..69.337 ms
client 2023-07-13 04:36:28,079 [INFO] Sending command to the server: 'session,2023-07-13_04-30-52,start,testing'
client 2023-07-13 04:36:41,145 [INFO] Got response: 'OK'
client 2023-07-13 04:36:41,145 [INFO] Sending command to the server: 'time'
client 2023-07-13 04:36:41,148 [INFO] Got response: '1689219401.07866'
client 2023-07-13 04:36:41,148 [INFO] The time difference between the client and the server is within range 66.731 ms..69.643 ms
client 2023-07-13 04:36:41,148 [INFO] Running the workload 'CM_MLPERF_RUN_COUNT=$(cat ${CM_RUN_DIR}/count.txt); echo ${CM_MLPERF_RUN_COUNT}; CM_MLPERF_RUN_COUNT=$((CM_MLPERF_RUN_COUNT+1)); echo ${CM_MLPERF_RUN_COUNT} > ${CM_RUN_DIR}/count.txt && if [ ${CM_MLPERF_RUN_COUNT} -eq "1" ]; then export CM_MLPERF_USER_CONF=${CM_MLPERF_RANGING_USER_CONF}; else export CM_MLPERF_USER_CONF=${CM_MLPERF_TESTING_USER_CONF}; fi && /home/arjun/run.out'
client 2023-07-13 04:46:42,153 [INFO] Sending command to the server: 'time'
client 2023-07-13 04:46:42,154 [INFO] Got response: '1689220002.0825727'
client 2023-07-13 04:46:42,154 [INFO] The time difference between the client and the server is within range 70.420 ms..72.155 ms
client 2023-07-13 04:46:42,154 [INFO] Sending command to the server: 'session,2023-07-13_04-30-52,stop,testing'
client 2023-07-13 04:46:53,213 [INFO] Got response: 'OK'
client 2023-07-13 04:46:53,213 [INFO] Sending command to the server: 'time'
client 2023-07-13 04:46:53,231 [INFO] Got response: '1689220013.159083'
client 2023-07-13 04:46:53,231 [INFO] The time difference between the client and the server is within range 54.184 ms..72.053 ms
client 2023-07-13 04:46:53,231 [INFO] Copying loadgen logs from '/home/arjun/mobilenet_results/valid_results/phoenix_Amd_Am5-tflite_cpp-cpu-tflite-vmaster-default_config/mobilenet-v2-precision_uint8-0.75-192/singlestream/performance/run_1' to '/home/arjun/mobilenet_results/valid_results/phoenix_Amd_Am5-tflite_cpp-cpu-tflite-vmaster-default_config/mobilenet-v2-precision_uint8-0.75-192/singlestream/performance/tmp_power/run_1'
client 2023-07-13 04:46:53,231 [INFO] Done runs
