client 2023-07-13 16:59:00,082 [INFO] Creating output directory '/home/arjun/mobilenet_results/valid_results/phoenix_Amd_Am5-tflite_cpp-cpu-tflite-vmaster-default_config/mobilenet-v1-precision_uint8-0.25-192/singlestream/performance/tmp_power'
client 2023-07-13 16:59:00,084 [INFO] Sending command to the server: 'mlcommons/power client v3'
client 2023-07-13 16:59:00,086 [INFO] Got response: 'mlcommons/power server v3'
client 2023-07-13 16:59:00,086 [INFO] Synchronizing with the server and with time.google.com...
client 2023-07-13 16:59:00,104 [INFO] NTP:offset = -0.001 s, delay = 0.017 s 
client 2023-07-13 16:59:00,104 [INFO] Sending command to the server: 'time'
client 2023-07-13 16:59:00,107 [INFO] Got response: '1689263939.9817774'
client 2023-07-13 16:59:00,107 [INFO] The time difference between the client and the server is within range 122.672 ms..125.955 ms
client 2023-07-13 16:59:00,107 [INFO] Sending command to the server: 'new,,7e5effb5-dd2b-4950-a40a-f7feb2f36248'
client 2023-07-13 16:59:00,110 [INFO] Got response: 'OK 2023-07-13_16-58-59,2be9146e-8a85-476e-880c-dcc1e6c7a96f'
client 2023-07-13 16:59:00,110 [INFO] Session id is '2023-07-13_16-58-59'
client 2023-07-13 16:59:00,110 [INFO] Sources: {"sources": {"__init__.py": "da39a3ee5e6b4b0d3255bfef95601890afd80709", "client.py": "33ca4f26368777ac06e01f9567b714a4b8063886", "lib/__init__.py": "da39a3ee5e6b4b0d3255bfef95601890afd80709", "lib/client.py": "ac2aa093c8e8bbc9569b9e2a3471bc64e58a2258", "lib/common.py": "611d8b29633d331eb19c9455ea3b5fa3284ed6df", "lib/external/__init__.py": "da39a3ee5e6b4b0d3255bfef95601890afd80709", "lib/external/ntplib.py": "4da8f970656505a40483206ef2b5d3dd5e81711d", "lib/server.py": "c7af63c31bb2fbedea4345f571f6e3507d268ada", "lib/source_hashes.py": "60a2e02193209e8d392803326208d5466342da18", "lib/summary.py": "aa92f0a3f975eecd44d3c0cd0236342ccc9f941d", "lib/time_sync.py": "122eba67a9abc85635223e054def53be1367ade2", "server.py": "c3f90f2f7eeb4db30727556d0c815ebc89b3d28b", "tests/unit/__init__.py": "da39a3ee5e6b4b0d3255bfef95601890afd80709", "tests/unit/test_server.py": "948c1995d4008bc2aa6c4046a34ffa3858d6d671", "tests/unit/test_source_hashes.py": "00468a2907583c593e6574a1f6b404e4651c221a"}, "modules": {"ptd_client_server.lib.client": "lib/client.py", "ptd_client_server.lib.common": "lib/common.py", "ptd_client_server.lib.external.ntplib": "lib/external/ntplib.py", "ptd_client_server.lib.source_hashes": "lib/source_hashes.py", "ptd_client_server.lib.summary": "lib/summary.py", "ptd_client_server.lib.time_sync": "lib/time_sync.py"}}
client 2023-07-13 16:59:00,110 [INFO] Running workload in ranging mode
client 2023-07-13 16:59:00,110 [INFO] Synchronizing with the server and with time.google.com...
client 2023-07-13 16:59:00,126 [INFO] NTP:offset = 0.001 s, delay = 0.015 s 
client 2023-07-13 16:59:00,126 [INFO] Sending command to the server: 'time'
client 2023-07-13 16:59:00,129 [INFO] Got response: '1689263940.0022662'
client 2023-07-13 16:59:00,129 [INFO] The time difference between the client and the server is within range 124.721 ms..127.369 ms
client 2023-07-13 16:59:00,129 [INFO] Sending command to the server: 'session,2023-07-13_16-58-59,start,ranging'
client 2023-07-13 16:59:24,214 [INFO] Got response: 'OK'
client 2023-07-13 16:59:24,214 [INFO] Sending command to the server: 'time'
client 2023-07-13 16:59:24,218 [INFO] Got response: '1689263964.088309'
client 2023-07-13 16:59:24,218 [INFO] The time difference between the client and the server is within range 126.415 ms..129.830 ms
client 2023-07-13 16:59:24,218 [INFO] Running the workload 'CM_MLPERF_RUN_COUNT=$(cat ${CM_RUN_DIR}/count.txt); echo ${CM_MLPERF_RUN_COUNT}; CM_MLPERF_RUN_COUNT=$((CM_MLPERF_RUN_COUNT+1)); echo ${CM_MLPERF_RUN_COUNT} > ${CM_RUN_DIR}/count.txt && if [ ${CM_MLPERF_RUN_COUNT} -eq "1" ]; then export CM_MLPERF_USER_CONF=${CM_MLPERF_RANGING_USER_CONF}; else export CM_MLPERF_USER_CONF=${CM_MLPERF_TESTING_USER_CONF}; fi && /home/arjun/run.out'
client 2023-07-13 17:04:24,887 [INFO] Sending command to the server: 'time'
client 2023-07-13 17:04:24,891 [INFO] Got response: '1689264264.7660027'
client 2023-07-13 17:04:24,891 [INFO] The time difference between the client and the server is within range 121.819 ms..125.356 ms
client 2023-07-13 17:04:24,891 [INFO] Sending command to the server: 'session,2023-07-13_16-58-59,stop,ranging'
client 2023-07-13 17:04:35,360 [INFO] Got response: 'OK'
client 2023-07-13 17:04:35,360 [INFO] Sending command to the server: 'time'
client 2023-07-13 17:04:35,363 [INFO] Got response: '1689264275.2347195'
client 2023-07-13 17:04:35,363 [INFO] The time difference between the client and the server is within range 126.080 ms..128.901 ms
client 2023-07-13 17:04:35,365 [INFO] Copying loadgen logs from '/home/arjun/mobilenet_results/valid_results/phoenix_Amd_Am5-tflite_cpp-cpu-tflite-vmaster-default_config/mobilenet-v1-precision_uint8-0.25-192/singlestream/performance/run_1' to '/home/arjun/mobilenet_results/valid_results/phoenix_Amd_Am5-tflite_cpp-cpu-tflite-vmaster-default_config/mobilenet-v1-precision_uint8-0.25-192/singlestream/performance/tmp_power/ranging'
client 2023-07-13 17:04:35,365 [INFO] Running workload in testing mode
client 2023-07-13 17:04:35,365 [INFO] Synchronizing with the server and with time.google.com...
client 2023-07-13 17:04:35,381 [INFO] NTP:offset = -0.000 s, delay = 0.015 s 
client 2023-07-13 17:04:35,381 [INFO] Sending command to the server: 'time'
client 2023-07-13 17:04:35,383 [INFO] Got response: '1689264275.2551115'
client 2023-07-13 17:04:35,384 [INFO] The time difference between the client and the server is within range 126.858 ms..128.924 ms
client 2023-07-13 17:04:35,384 [INFO] Sending command to the server: 'session,2023-07-13_16-58-59,start,testing'
client 2023-07-13 17:04:48,439 [INFO] Got response: 'OK'
client 2023-07-13 17:04:48,439 [INFO] Sending command to the server: 'time'
client 2023-07-13 17:04:48,442 [INFO] Got response: '1689264288.3134756'
client 2023-07-13 17:04:48,442 [INFO] The time difference between the client and the server is within range 125.645 ms..128.742 ms
client 2023-07-13 17:04:48,442 [INFO] Running the workload 'CM_MLPERF_RUN_COUNT=$(cat ${CM_RUN_DIR}/count.txt); echo ${CM_MLPERF_RUN_COUNT}; CM_MLPERF_RUN_COUNT=$((CM_MLPERF_RUN_COUNT+1)); echo ${CM_MLPERF_RUN_COUNT} > ${CM_RUN_DIR}/count.txt && if [ ${CM_MLPERF_RUN_COUNT} -eq "1" ]; then export CM_MLPERF_USER_CONF=${CM_MLPERF_RANGING_USER_CONF}; else export CM_MLPERF_USER_CONF=${CM_MLPERF_TESTING_USER_CONF}; fi && /home/arjun/run.out'
client 2023-07-13 17:14:49,794 [INFO] Sending command to the server: 'time'
client 2023-07-13 17:14:49,798 [INFO] Got response: '1689264889.6808293'
client 2023-07-13 17:14:49,798 [INFO] The time difference between the client and the server is within range 113.435 ms..117.322 ms
client 2023-07-13 17:14:49,798 [INFO] Sending command to the server: 'session,2023-07-13_16-58-59,stop,testing'
client 2023-07-13 17:15:00,921 [INFO] Got response: 'OK'
client 2023-07-13 17:15:00,922 [INFO] Sending command to the server: 'time'
client 2023-07-13 17:15:00,924 [INFO] Got response: '1689264900.8064873'
client 2023-07-13 17:15:00,924 [INFO] The time difference between the client and the server is within range 115.541 ms..118.351 ms
client 2023-07-13 17:15:00,925 [INFO] Copying loadgen logs from '/home/arjun/mobilenet_results/valid_results/phoenix_Amd_Am5-tflite_cpp-cpu-tflite-vmaster-default_config/mobilenet-v1-precision_uint8-0.25-192/singlestream/performance/run_1' to '/home/arjun/mobilenet_results/valid_results/phoenix_Amd_Am5-tflite_cpp-cpu-tflite-vmaster-default_config/mobilenet-v1-precision_uint8-0.25-192/singlestream/performance/tmp_power/run_1'
client 2023-07-13 17:15:00,925 [INFO] Done runs
