client 2023-07-14 20:54:34,184 [INFO] Creating output directory '/home/arjun/results_dir/valid_results/phoenix_Amd_Am5-reference-cpu-tf-v2.12.0-default_config/resnet50/multistream/performance/tmp_power'
client 2023-07-14 20:54:34,187 [INFO] Sending command to the server: 'mlcommons/power client v3'
client 2023-07-14 20:54:34,189 [INFO] Got response: 'mlcommons/power server v3'
client 2023-07-14 20:54:34,189 [INFO] Synchronizing with the server and with time.google.com...
client 2023-07-14 20:54:34,207 [INFO] NTP:offset = -0.003 s, delay = 0.015 s 
client 2023-07-14 20:54:34,207 [INFO] Sending command to the server: 'time'
client 2023-07-14 20:54:34,209 [INFO] Got response: '1689364474.1187048'
client 2023-07-14 20:54:34,210 [INFO] The time difference between the client and the server is within range 88.537 ms..91.285 ms
client 2023-07-14 20:54:34,210 [INFO] Sending command to the server: 'new,,864d0ccd-3876-4d2d-a73f-b5494597a015'
client 2023-07-14 20:54:34,212 [INFO] Got response: 'OK 2023-07-14_20-54-34,b79fd72d-bad4-4d15-bd12-9451f877b7fc'
client 2023-07-14 20:54:34,212 [INFO] Session id is '2023-07-14_20-54-34'
client 2023-07-14 20:54:34,212 [INFO] Sources: {"sources": {"__init__.py": "da39a3ee5e6b4b0d3255bfef95601890afd80709", "client.py": "33ca4f26368777ac06e01f9567b714a4b8063886", "lib/__init__.py": "da39a3ee5e6b4b0d3255bfef95601890afd80709", "lib/client.py": "ac2aa093c8e8bbc9569b9e2a3471bc64e58a2258", "lib/common.py": "611d8b29633d331eb19c9455ea3b5fa3284ed6df", "lib/external/__init__.py": "da39a3ee5e6b4b0d3255bfef95601890afd80709", "lib/external/ntplib.py": "4da8f970656505a40483206ef2b5d3dd5e81711d", "lib/server.py": "c7af63c31bb2fbedea4345f571f6e3507d268ada", "lib/source_hashes.py": "60a2e02193209e8d392803326208d5466342da18", "lib/summary.py": "aa92f0a3f975eecd44d3c0cd0236342ccc9f941d", "lib/time_sync.py": "122eba67a9abc85635223e054def53be1367ade2", "server.py": "c3f90f2f7eeb4db30727556d0c815ebc89b3d28b", "tests/unit/__init__.py": "da39a3ee5e6b4b0d3255bfef95601890afd80709", "tests/unit/test_server.py": "948c1995d4008bc2aa6c4046a34ffa3858d6d671", "tests/unit/test_source_hashes.py": "00468a2907583c593e6574a1f6b404e4651c221a"}, "modules": {"ptd_client_server.lib.client": "lib/client.py", "ptd_client_server.lib.common": "lib/common.py", "ptd_client_server.lib.external.ntplib": "lib/external/ntplib.py", "ptd_client_server.lib.source_hashes": "lib/source_hashes.py", "ptd_client_server.lib.summary": "lib/summary.py", "ptd_client_server.lib.time_sync": "lib/time_sync.py"}}
client 2023-07-14 20:54:34,213 [INFO] Running workload in ranging mode
client 2023-07-14 20:54:34,213 [INFO] Synchronizing with the server and with time.google.com...
client 2023-07-14 20:54:34,228 [INFO] NTP:offset = -0.003 s, delay = 0.015 s 
client 2023-07-14 20:54:34,228 [INFO] Sending command to the server: 'time'
client 2023-07-14 20:54:34,230 [INFO] Got response: '1689364474.1397967'
client 2023-07-14 20:54:34,230 [INFO] The time difference between the client and the server is within range 88.619 ms..90.543 ms
client 2023-07-14 20:54:34,230 [INFO] Sending command to the server: 'session,2023-07-14_20-54-34,start,ranging'
client 2023-07-14 20:54:58,076 [INFO] Got response: 'OK'
client 2023-07-14 20:54:58,076 [INFO] Sending command to the server: 'time'
client 2023-07-14 20:54:58,082 [INFO] Got response: '1689364497.995161'
client 2023-07-14 20:54:58,082 [INFO] The time difference between the client and the server is within range 81.708 ms..87.385 ms
client 2023-07-14 20:54:58,082 [INFO] Running the workload 'CM_MLPERF_RUN_COUNT=$(cat ${CM_RUN_DIR}/count.txt); echo ${CM_MLPERF_RUN_COUNT}; CM_MLPERF_RUN_COUNT=$((CM_MLPERF_RUN_COUNT+1)); echo ${CM_MLPERF_RUN_COUNT} > ${CM_RUN_DIR}/count.txt && if [ ${CM_MLPERF_RUN_COUNT} -eq "1" ]; then export CM_MLPERF_USER_CONF=${CM_MLPERF_RANGING_USER_CONF}; else export CM_MLPERF_USER_CONF=${CM_MLPERF_TESTING_USER_CONF}; fi && cd "/home/arjun/CM/repos/local/cache/c042bda7a3d1463a/inference/vision/classification_and_detection" && OUTPUT_DIR="/home/arjun/results_dir/valid_results/phoenix_Amd_Am5-reference-cpu-tf-v2.12.0-default_config/resnet50/multistream/performance/run_1" ./run_local.sh tf resnet50 cpu --scenario MultiStream --mlperf_conf "/home/arjun/CM/repos/local/cache/c042bda7a3d1463a/inference/mlperf.conf" --threads 32 --user_conf "${CM_MLPERF_USER_CONF}" --use_preprocessed_dataset --cache_dir /home/arjun/CM/repos/local/cache/53e23c1f408c4897 --dataset-list /home/arjun/CM/repos/local/cache/534a68d2aebf47ba/data/val.txt'
client 2023-07-14 21:00:28,611 [INFO] Sending command to the server: 'time'
client 2023-07-14 21:00:28,615 [INFO] Got response: '1689364828.517901'
client 2023-07-14 21:00:28,615 [INFO] The time difference between the client and the server is within range 93.977 ms..97.347 ms
client 2023-07-14 21:00:28,615 [INFO] Sending command to the server: 'session,2023-07-14_20-54-34,stop,ranging'
client 2023-07-14 21:00:39,247 [INFO] Got response: 'OK'
client 2023-07-14 21:00:39,247 [INFO] Sending command to the server: 'time'
client 2023-07-14 21:00:39,249 [INFO] Got response: '1689364839.1523383'
client 2023-07-14 21:00:39,249 [INFO] The time difference between the client and the server is within range 94.825 ms..96.823 ms
client 2023-07-14 21:00:39,251 [INFO] Copying loadgen logs from '/home/arjun/results_dir/valid_results/phoenix_Amd_Am5-reference-cpu-tf-v2.12.0-default_config/resnet50/multistream/performance/run_1' to '/home/arjun/results_dir/valid_results/phoenix_Amd_Am5-reference-cpu-tf-v2.12.0-default_config/resnet50/multistream/performance/tmp_power/ranging'
client 2023-07-14 21:00:39,251 [INFO] Running workload in testing mode
client 2023-07-14 21:00:39,251 [INFO] Synchronizing with the server and with time.google.com...
client 2023-07-14 21:00:39,267 [INFO] NTP:offset = -0.002 s, delay = 0.015 s 
client 2023-07-14 21:00:39,267 [INFO] Sending command to the server: 'time'
client 2023-07-14 21:00:39,269 [INFO] Got response: '1689364839.1727011'
client 2023-07-14 21:00:39,269 [INFO] The time difference between the client and the server is within range 94.583 ms..97.140 ms
client 2023-07-14 21:00:39,269 [INFO] Sending command to the server: 'session,2023-07-14_20-54-34,start,testing'
client 2023-07-14 21:00:52,317 [INFO] Got response: 'OK'
client 2023-07-14 21:00:52,317 [INFO] Sending command to the server: 'time'
client 2023-07-14 21:00:52,319 [INFO] Got response: '1689364852.2288723'
client 2023-07-14 21:00:52,319 [INFO] The time difference between the client and the server is within range 88.371 ms..91.020 ms
client 2023-07-14 21:00:52,319 [INFO] Running the workload 'CM_MLPERF_RUN_COUNT=$(cat ${CM_RUN_DIR}/count.txt); echo ${CM_MLPERF_RUN_COUNT}; CM_MLPERF_RUN_COUNT=$((CM_MLPERF_RUN_COUNT+1)); echo ${CM_MLPERF_RUN_COUNT} > ${CM_RUN_DIR}/count.txt && if [ ${CM_MLPERF_RUN_COUNT} -eq "1" ]; then export CM_MLPERF_USER_CONF=${CM_MLPERF_RANGING_USER_CONF}; else export CM_MLPERF_USER_CONF=${CM_MLPERF_TESTING_USER_CONF}; fi && cd "/home/arjun/CM/repos/local/cache/c042bda7a3d1463a/inference/vision/classification_and_detection" && OUTPUT_DIR="/home/arjun/results_dir/valid_results/phoenix_Amd_Am5-reference-cpu-tf-v2.12.0-default_config/resnet50/multistream/performance/run_1" ./run_local.sh tf resnet50 cpu --scenario MultiStream --mlperf_conf "/home/arjun/CM/repos/local/cache/c042bda7a3d1463a/inference/mlperf.conf" --threads 32 --user_conf "${CM_MLPERF_USER_CONF}" --use_preprocessed_dataset --cache_dir /home/arjun/CM/repos/local/cache/53e23c1f408c4897 --dataset-list /home/arjun/CM/repos/local/cache/534a68d2aebf47ba/data/val.txt'
client 2023-07-14 21:11:20,594 [INFO] Sending command to the server: 'time'
client 2023-07-14 21:11:20,597 [INFO] Got response: '1689365480.4960058'
client 2023-07-14 21:11:20,597 [INFO] The time difference between the client and the server is within range 97.970 ms..101.276 ms
client 2023-07-14 21:11:20,597 [INFO] Sending command to the server: 'session,2023-07-14_20-54-34,stop,testing'
client 2023-07-14 21:11:31,389 [INFO] Got response: 'OK'
client 2023-07-14 21:11:31,389 [INFO] Sending command to the server: 'time'
client 2023-07-14 21:11:31,422 [INFO] Got response: '1689365491.3249803'
client 2023-07-14 21:11:31,422 [INFO] The time difference between the client and the server is within range 64.791 ms..97.327 ms
client 2023-07-14 21:11:31,422 [INFO] Copying loadgen logs from '/home/arjun/results_dir/valid_results/phoenix_Amd_Am5-reference-cpu-tf-v2.12.0-default_config/resnet50/multistream/performance/run_1' to '/home/arjun/results_dir/valid_results/phoenix_Amd_Am5-reference-cpu-tf-v2.12.0-default_config/resnet50/multistream/performance/tmp_power/run_1'
client 2023-07-14 21:11:31,422 [INFO] Done runs
