client 2023-07-26 21:53:02,794 [INFO] Creating output directory '/home/cmuser/mobilenet_results/valid_results/bb3b3f2d4d2e-tflite_cpp-cpu-tflite-vmaster-default_config/mobilenet-v2-precision_float-0.35-128/singlestream/performance/tmp_power'
client 2023-07-26 21:53:02,796 [INFO] Sending command to the server: 'mlcommons/power client v3'
client 2023-07-26 21:53:02,800 [INFO] Got response: 'mlcommons/power server v3'
client 2023-07-26 21:53:02,800 [INFO] Synchronizing with the server and with time.google.com...
client 2023-07-26 21:53:02,881 [INFO] NTP:offset = -0.001 s, delay = 0.013 s 
client 2023-07-26 21:53:02,881 [INFO] Sending command to the server: 'time'
client 2023-07-26 21:53:02,883 [INFO] Got response: '1690433582.7984207'
client 2023-07-26 21:53:02,883 [INFO] The time difference between the client and the server is within range 83.195 ms..85.288 ms
client 2023-07-26 21:53:02,883 [INFO] Sending command to the server: 'new,,2fadef85-7bc9-4b62-bae8-1b4270e07cd7'
client 2023-07-26 21:53:02,885 [INFO] Got response: 'OK 2023-07-27_05-53-02,6aaab88f-e95a-4f6d-b15d-e65b10b01237'
client 2023-07-26 21:53:02,885 [INFO] Session id is '2023-07-27_05-53-02'
client 2023-07-26 21:53:02,886 [INFO] Sources: {"sources": {"__init__.py": "da39a3ee5e6b4b0d3255bfef95601890afd80709", "client.py": "33ca4f26368777ac06e01f9567b714a4b8063886", "lib/__init__.py": "da39a3ee5e6b4b0d3255bfef95601890afd80709", "lib/client.py": "ac2aa093c8e8bbc9569b9e2a3471bc64e58a2258", "lib/common.py": "611d8b29633d331eb19c9455ea3b5fa3284ed6df", "lib/external/__init__.py": "da39a3ee5e6b4b0d3255bfef95601890afd80709", "lib/external/ntplib.py": "4da8f970656505a40483206ef2b5d3dd5e81711d", "lib/server.py": "c7af63c31bb2fbedea4345f571f6e3507d268ada", "lib/source_hashes.py": "60a2e02193209e8d392803326208d5466342da18", "lib/summary.py": "aa92f0a3f975eecd44d3c0cd0236342ccc9f941d", "lib/time_sync.py": "122eba67a9abc85635223e054def53be1367ade2", "server.py": "c3f90f2f7eeb4db30727556d0c815ebc89b3d28b", "tests/unit/__init__.py": "da39a3ee5e6b4b0d3255bfef95601890afd80709", "tests/unit/test_server.py": "948c1995d4008bc2aa6c4046a34ffa3858d6d671", "tests/unit/test_source_hashes.py": "00468a2907583c593e6574a1f6b404e4651c221a"}, "modules": {"ptd_client_server.lib.client": "lib/client.py", "ptd_client_server.lib.common": "lib/common.py", "ptd_client_server.lib.external.ntplib": "lib/external/ntplib.py", "ptd_client_server.lib.source_hashes": "lib/source_hashes.py", "ptd_client_server.lib.summary": "lib/summary.py", "ptd_client_server.lib.time_sync": "lib/time_sync.py"}}
client 2023-07-26 21:53:02,886 [INFO] Running workload in ranging mode
client 2023-07-26 21:53:02,886 [INFO] Synchronizing with the server and with time.google.com...
client 2023-07-26 21:53:02,958 [INFO] NTP:offset = -0.001 s, delay = 0.015 s 
client 2023-07-26 21:53:02,958 [INFO] Sending command to the server: 'time'
client 2023-07-26 21:53:02,960 [INFO] Got response: '1690433582.8791554'
client 2023-07-26 21:53:02,960 [INFO] The time difference between the client and the server is within range 79.720 ms..81.753 ms
client 2023-07-26 21:53:02,960 [INFO] Sending command to the server: 'session,2023-07-27_05-53-02,start,ranging'
client 2023-07-26 21:53:26,850 [INFO] Got response: 'OK'
client 2023-07-26 21:53:26,851 [INFO] Sending command to the server: 'time'
client 2023-07-26 21:53:26,853 [INFO] Got response: '1690433606.7658534'
client 2023-07-26 21:53:26,853 [INFO] The time difference between the client and the server is within range 85.141 ms..88.091 ms
client 2023-07-26 21:53:26,853 [INFO] Running the workload 'CM_MLPERF_RUN_COUNT=$(cat ${CM_RUN_DIR}/count.txt); echo ${CM_MLPERF_RUN_COUNT}; CM_MLPERF_RUN_COUNT=$((CM_MLPERF_RUN_COUNT+1)); echo ${CM_MLPERF_RUN_COUNT} > ${CM_RUN_DIR}/count.txt && if [ ${CM_MLPERF_RUN_COUNT} -eq "1" ]; then export CM_MLPERF_USER_CONF=${CM_MLPERF_RANGING_USER_CONF}; else export CM_MLPERF_USER_CONF=${CM_MLPERF_TESTING_USER_CONF}; fi && /home/cmuser/run.out'
client 2023-07-26 21:58:27,547 [INFO] Sending command to the server: 'time'
client 2023-07-26 21:58:27,551 [INFO] Got response: '1690433907.459454'
client 2023-07-26 21:58:27,552 [INFO] The time difference between the client and the server is within range 87.734 ms..92.587 ms
client 2023-07-26 21:58:27,552 [INFO] Sending command to the server: 'session,2023-07-27_05-53-02,stop,ranging'
client 2023-07-26 21:58:38,207 [INFO] Got response: 'OK'
client 2023-07-26 21:58:38,208 [INFO] Sending command to the server: 'time'
client 2023-07-26 21:58:38,210 [INFO] Got response: '1690433918.1163867'
client 2023-07-26 21:58:38,210 [INFO] The time difference between the client and the server is within range 91.692 ms..93.897 ms
client 2023-07-26 21:58:38,213 [INFO] Copying loadgen logs from '/home/cmuser/mobilenet_results/valid_results/bb3b3f2d4d2e-tflite_cpp-cpu-tflite-vmaster-default_config/mobilenet-v2-precision_float-0.35-128/singlestream/performance/run_1' to '/home/cmuser/mobilenet_results/valid_results/bb3b3f2d4d2e-tflite_cpp-cpu-tflite-vmaster-default_config/mobilenet-v2-precision_float-0.35-128/singlestream/performance/tmp_power/ranging'
client 2023-07-26 21:58:38,214 [INFO] Running workload in testing mode
client 2023-07-26 21:58:38,214 [INFO] Synchronizing with the server and with time.google.com...
client 2023-07-26 21:58:38,278 [INFO] NTP:offset = -0.000 s, delay = 0.012 s 
client 2023-07-26 21:58:38,278 [INFO] Sending command to the server: 'time'
client 2023-07-26 21:58:38,280 [INFO] Got response: '1690433918.1963522'
client 2023-07-26 21:58:38,280 [INFO] The time difference between the client and the server is within range 81.873 ms..84.018 ms
client 2023-07-26 21:58:38,280 [INFO] Sending command to the server: 'session,2023-07-27_05-53-02,start,testing'
client 2023-07-26 21:58:51,336 [INFO] Got response: 'OK'
client 2023-07-26 21:58:51,336 [INFO] Sending command to the server: 'time'
client 2023-07-26 21:58:51,339 [INFO] Got response: '1690433931.2465189'
client 2023-07-26 21:58:51,339 [INFO] The time difference between the client and the server is within range 89.864 ms..92.828 ms
client 2023-07-26 21:58:51,339 [INFO] Running the workload 'CM_MLPERF_RUN_COUNT=$(cat ${CM_RUN_DIR}/count.txt); echo ${CM_MLPERF_RUN_COUNT}; CM_MLPERF_RUN_COUNT=$((CM_MLPERF_RUN_COUNT+1)); echo ${CM_MLPERF_RUN_COUNT} > ${CM_RUN_DIR}/count.txt && if [ ${CM_MLPERF_RUN_COUNT} -eq "1" ]; then export CM_MLPERF_USER_CONF=${CM_MLPERF_RANGING_USER_CONF}; else export CM_MLPERF_USER_CONF=${CM_MLPERF_TESTING_USER_CONF}; fi && /home/cmuser/run.out'
client 2023-07-26 22:08:52,713 [INFO] Sending command to the server: 'time'
client 2023-07-26 22:08:52,716 [INFO] Got response: '1690434532.6223204'
client 2023-07-26 22:08:52,717 [INFO] The time difference between the client and the server is within range 91.468 ms..94.686 ms
client 2023-07-26 22:08:52,717 [INFO] Sending command to the server: 'session,2023-07-27_05-53-02,stop,testing'
client 2023-07-26 22:09:03,417 [INFO] Got response: 'OK'
client 2023-07-26 22:09:03,417 [INFO] Sending command to the server: 'time'
client 2023-07-26 22:09:03,420 [INFO] Got response: '1690434543.3283455'
client 2023-07-26 22:09:03,421 [INFO] The time difference between the client and the server is within range 89.152 ms..92.700 ms
client 2023-07-26 22:09:03,421 [INFO] Copying loadgen logs from '/home/cmuser/mobilenet_results/valid_results/bb3b3f2d4d2e-tflite_cpp-cpu-tflite-vmaster-default_config/mobilenet-v2-precision_float-0.35-128/singlestream/performance/run_1' to '/home/cmuser/mobilenet_results/valid_results/bb3b3f2d4d2e-tflite_cpp-cpu-tflite-vmaster-default_config/mobilenet-v2-precision_float-0.35-128/singlestream/performance/tmp_power/run_1'
client 2023-07-26 22:09:03,421 [INFO] Done runs
