client 2023-07-26 15:25:44,956 [INFO] Creating output directory '/home/cmuser/mobilenet_results/valid_results/bb3b3f2d4d2e-tflite_cpp-cpu-tflite-vmaster-default_config/mobilenet-v2-precision_uint8-1.0-160/singlestream/performance/tmp_power'
client 2023-07-26 15:25:44,958 [INFO] Sending command to the server: 'mlcommons/power client v3'
client 2023-07-26 15:25:44,962 [INFO] Got response: 'mlcommons/power server v3'
client 2023-07-26 15:25:44,962 [INFO] Synchronizing with the server and with time.google.com...
client 2023-07-26 15:25:45,047 [INFO] NTP:offset = -0.002 s, delay = 0.014 s 
client 2023-07-26 15:25:45,047 [INFO] Sending command to the server: 'time'
client 2023-07-26 15:25:45,049 [INFO] Got response: '1690410344.8976965'
client 2023-07-26 15:25:45,050 [INFO] The time difference between the client and the server is within range 149.679 ms..152.302 ms
client 2023-07-26 15:25:45,050 [INFO] Sending command to the server: 'new,,130eec20-fd8e-46e3-b11c-93ecb3c4b5b7'
client 2023-07-26 15:25:45,052 [INFO] Got response: 'OK 2023-07-26_23-25-44,af7f42bc-93ce-4507-8621-3ae292fb7530'
client 2023-07-26 15:25:45,052 [INFO] Session id is '2023-07-26_23-25-44'
client 2023-07-26 15:25:45,053 [INFO] Sources: {"sources": {"__init__.py": "da39a3ee5e6b4b0d3255bfef95601890afd80709", "client.py": "33ca4f26368777ac06e01f9567b714a4b8063886", "lib/__init__.py": "da39a3ee5e6b4b0d3255bfef95601890afd80709", "lib/client.py": "ac2aa093c8e8bbc9569b9e2a3471bc64e58a2258", "lib/common.py": "611d8b29633d331eb19c9455ea3b5fa3284ed6df", "lib/external/__init__.py": "da39a3ee5e6b4b0d3255bfef95601890afd80709", "lib/external/ntplib.py": "4da8f970656505a40483206ef2b5d3dd5e81711d", "lib/server.py": "c7af63c31bb2fbedea4345f571f6e3507d268ada", "lib/source_hashes.py": "60a2e02193209e8d392803326208d5466342da18", "lib/summary.py": "aa92f0a3f975eecd44d3c0cd0236342ccc9f941d", "lib/time_sync.py": "122eba67a9abc85635223e054def53be1367ade2", "server.py": "c3f90f2f7eeb4db30727556d0c815ebc89b3d28b", "tests/unit/__init__.py": "da39a3ee5e6b4b0d3255bfef95601890afd80709", "tests/unit/test_server.py": "948c1995d4008bc2aa6c4046a34ffa3858d6d671", "tests/unit/test_source_hashes.py": "00468a2907583c593e6574a1f6b404e4651c221a"}, "modules": {"ptd_client_server.lib.client": "lib/client.py", "ptd_client_server.lib.common": "lib/common.py", "ptd_client_server.lib.external.ntplib": "lib/external/ntplib.py", "ptd_client_server.lib.source_hashes": "lib/source_hashes.py", "ptd_client_server.lib.summary": "lib/summary.py", "ptd_client_server.lib.time_sync": "lib/time_sync.py"}}
client 2023-07-26 15:25:45,053 [INFO] Running workload in ranging mode
client 2023-07-26 15:25:45,053 [INFO] Synchronizing with the server and with time.google.com...
client 2023-07-26 15:25:45,142 [INFO] NTP:offset = -0.001 s, delay = 0.019 s 
client 2023-07-26 15:25:45,143 [INFO] Sending command to the server: 'time'
client 2023-07-26 15:25:45,146 [INFO] Got response: '1690410344.9886515'
client 2023-07-26 15:25:45,146 [INFO] The time difference between the client and the server is within range 154.391 ms..158.010 ms
client 2023-07-26 15:25:45,146 [INFO] Sending command to the server: 'session,2023-07-26_23-25-44,start,ranging'
client 2023-07-26 15:26:09,017 [INFO] Got response: 'OK'
client 2023-07-26 15:26:09,017 [INFO] Sending command to the server: 'time'
client 2023-07-26 15:26:09,019 [INFO] Got response: '1690410368.8668249'
client 2023-07-26 15:26:09,019 [INFO] The time difference between the client and the server is within range 150.885 ms..153.012 ms
client 2023-07-26 15:26:09,019 [INFO] Running the workload 'CM_MLPERF_RUN_COUNT=$(cat ${CM_RUN_DIR}/count.txt); echo ${CM_MLPERF_RUN_COUNT}; CM_MLPERF_RUN_COUNT=$((CM_MLPERF_RUN_COUNT+1)); echo ${CM_MLPERF_RUN_COUNT} > ${CM_RUN_DIR}/count.txt && if [ ${CM_MLPERF_RUN_COUNT} -eq "1" ]; then export CM_MLPERF_USER_CONF=${CM_MLPERF_RANGING_USER_CONF}; else export CM_MLPERF_USER_CONF=${CM_MLPERF_TESTING_USER_CONF}; fi && /home/cmuser/run.out'
client 2023-07-26 15:31:09,590 [INFO] Sending command to the server: 'time'
client 2023-07-26 15:31:09,593 [INFO] Got response: '1690410669.4395082'
client 2023-07-26 15:31:09,593 [INFO] The time difference between the client and the server is within range 151.314 ms..153.723 ms
client 2023-07-26 15:31:09,593 [INFO] Sending command to the server: 'session,2023-07-26_23-25-44,stop,ranging'
client 2023-07-26 15:31:20,285 [INFO] Got response: 'OK'
client 2023-07-26 15:31:20,286 [INFO] Sending command to the server: 'time'
client 2023-07-26 15:31:20,287 [INFO] Got response: '1690410680.1400447'
client 2023-07-26 15:31:20,287 [INFO] The time difference between the client and the server is within range 145.973 ms..147.748 ms
client 2023-07-26 15:31:20,291 [INFO] Copying loadgen logs from '/home/cmuser/mobilenet_results/valid_results/bb3b3f2d4d2e-tflite_cpp-cpu-tflite-vmaster-default_config/mobilenet-v2-precision_uint8-1.0-160/singlestream/performance/run_1' to '/home/cmuser/mobilenet_results/valid_results/bb3b3f2d4d2e-tflite_cpp-cpu-tflite-vmaster-default_config/mobilenet-v2-precision_uint8-1.0-160/singlestream/performance/tmp_power/ranging'
client 2023-07-26 15:31:20,291 [INFO] Running workload in testing mode
client 2023-07-26 15:31:20,291 [INFO] Synchronizing with the server and with time.google.com...
client 2023-07-26 15:31:20,350 [INFO] NTP:offset = -0.001 s, delay = 0.015 s 
client 2023-07-26 15:31:20,350 [INFO] Sending command to the server: 'time'
client 2023-07-26 15:31:20,354 [INFO] Got response: '1690410680.2016032'
client 2023-07-26 15:31:20,354 [INFO] The time difference between the client and the server is within range 148.785 ms..152.828 ms
client 2023-07-26 15:31:20,354 [INFO] Sending command to the server: 'session,2023-07-26_23-25-44,start,testing'
client 2023-07-26 15:31:33,433 [INFO] Got response: 'OK'
client 2023-07-26 15:31:33,433 [INFO] Sending command to the server: 'time'
client 2023-07-26 15:31:33,435 [INFO] Got response: '1690410693.2887762'
client 2023-07-26 15:31:33,435 [INFO] The time difference between the client and the server is within range 144.754 ms..146.945 ms
client 2023-07-26 15:31:33,435 [INFO] Running the workload 'CM_MLPERF_RUN_COUNT=$(cat ${CM_RUN_DIR}/count.txt); echo ${CM_MLPERF_RUN_COUNT}; CM_MLPERF_RUN_COUNT=$((CM_MLPERF_RUN_COUNT+1)); echo ${CM_MLPERF_RUN_COUNT} > ${CM_RUN_DIR}/count.txt && if [ ${CM_MLPERF_RUN_COUNT} -eq "1" ]; then export CM_MLPERF_USER_CONF=${CM_MLPERF_RANGING_USER_CONF}; else export CM_MLPERF_USER_CONF=${CM_MLPERF_TESTING_USER_CONF}; fi && /home/cmuser/run.out'
client 2023-07-26 15:41:34,528 [INFO] Sending command to the server: 'time'
client 2023-07-26 15:41:34,532 [INFO] Got response: '1690411294.3848524'
client 2023-07-26 15:41:34,532 [INFO] The time difference between the client and the server is within range 144.092 ms..147.954 ms
client 2023-07-26 15:41:34,532 [INFO] Sending command to the server: 'session,2023-07-26_23-25-44,stop,testing'
client 2023-07-26 15:41:45,519 [INFO] Got response: 'OK'
client 2023-07-26 15:41:45,519 [INFO] Sending command to the server: 'time'
client 2023-07-26 15:41:45,521 [INFO] Got response: '1690411305.374316'
client 2023-07-26 15:41:45,521 [INFO] The time difference between the client and the server is within range 145.268 ms..146.969 ms
client 2023-07-26 15:41:45,521 [INFO] Copying loadgen logs from '/home/cmuser/mobilenet_results/valid_results/bb3b3f2d4d2e-tflite_cpp-cpu-tflite-vmaster-default_config/mobilenet-v2-precision_uint8-1.0-160/singlestream/performance/run_1' to '/home/cmuser/mobilenet_results/valid_results/bb3b3f2d4d2e-tflite_cpp-cpu-tflite-vmaster-default_config/mobilenet-v2-precision_uint8-1.0-160/singlestream/performance/tmp_power/run_1'
client 2023-07-26 15:41:45,522 [INFO] Done runs
