client 2023-07-13 11:46:47,505 [INFO] Creating output directory '/home/arjun/mobilenet_results/valid_results/phoenix_Amd_Am5-tflite_cpp-cpu-tflite-vmaster-default_config/mobilenet-v3-precision_float-small-minimalistic-224/singlestream/performance/tmp_power'
client 2023-07-13 11:46:47,507 [INFO] Sending command to the server: 'mlcommons/power client v3'
client 2023-07-13 11:46:47,510 [INFO] Got response: 'mlcommons/power server v3'
client 2023-07-13 11:46:47,510 [INFO] Synchronizing with the server and with time.google.com...
client 2023-07-13 11:46:47,526 [INFO] NTP:offset = 0.001 s, delay = 0.015 s 
client 2023-07-13 11:46:47,526 [INFO] Sending command to the server: 'time'
client 2023-07-13 11:46:47,532 [INFO] Got response: '1689245207.4628453'
client 2023-07-13 11:46:47,532 [INFO] The time difference between the client and the server is within range 63.548 ms..69.471 ms
client 2023-07-13 11:46:47,532 [INFO] Sending command to the server: 'new,,d3f7bb35-c962-469b-9f5f-7bb7d9ed002f'
client 2023-07-13 11:46:47,534 [INFO] Got response: 'OK 2023-07-13_11-46-47,c2e85c9e-25ed-4118-9c67-533a9de0e78c'
client 2023-07-13 11:46:47,534 [INFO] Session id is '2023-07-13_11-46-47'
client 2023-07-13 11:46:47,534 [INFO] Sources: {"sources": {"__init__.py": "da39a3ee5e6b4b0d3255bfef95601890afd80709", "client.py": "33ca4f26368777ac06e01f9567b714a4b8063886", "lib/__init__.py": "da39a3ee5e6b4b0d3255bfef95601890afd80709", "lib/client.py": "ac2aa093c8e8bbc9569b9e2a3471bc64e58a2258", "lib/common.py": "611d8b29633d331eb19c9455ea3b5fa3284ed6df", "lib/external/__init__.py": "da39a3ee5e6b4b0d3255bfef95601890afd80709", "lib/external/ntplib.py": "4da8f970656505a40483206ef2b5d3dd5e81711d", "lib/server.py": "c7af63c31bb2fbedea4345f571f6e3507d268ada", "lib/source_hashes.py": "60a2e02193209e8d392803326208d5466342da18", "lib/summary.py": "aa92f0a3f975eecd44d3c0cd0236342ccc9f941d", "lib/time_sync.py": "122eba67a9abc85635223e054def53be1367ade2", "server.py": "c3f90f2f7eeb4db30727556d0c815ebc89b3d28b", "tests/unit/__init__.py": "da39a3ee5e6b4b0d3255bfef95601890afd80709", "tests/unit/test_server.py": "948c1995d4008bc2aa6c4046a34ffa3858d6d671", "tests/unit/test_source_hashes.py": "00468a2907583c593e6574a1f6b404e4651c221a"}, "modules": {"ptd_client_server.lib.client": "lib/client.py", "ptd_client_server.lib.common": "lib/common.py", "ptd_client_server.lib.external.ntplib": "lib/external/ntplib.py", "ptd_client_server.lib.source_hashes": "lib/source_hashes.py", "ptd_client_server.lib.summary": "lib/summary.py", "ptd_client_server.lib.time_sync": "lib/time_sync.py"}}
client 2023-07-13 11:46:47,534 [INFO] Running workload in ranging mode
client 2023-07-13 11:46:47,534 [INFO] Synchronizing with the server and with time.google.com...
client 2023-07-13 11:46:47,551 [INFO] NTP:offset = -0.000 s, delay = 0.016 s 
client 2023-07-13 11:46:47,551 [INFO] Sending command to the server: 'time'
client 2023-07-13 11:46:47,553 [INFO] Got response: '1689245207.4829957'
client 2023-07-13 11:46:47,554 [INFO] The time difference between the client and the server is within range 68.537 ms..71.007 ms
client 2023-07-13 11:46:47,554 [INFO] Sending command to the server: 'session,2023-07-13_11-46-47,start,ranging'
client 2023-07-13 11:47:11,397 [INFO] Got response: 'OK'
client 2023-07-13 11:47:11,397 [INFO] Sending command to the server: 'time'
client 2023-07-13 11:47:11,400 [INFO] Got response: '1689245231.3348715'
client 2023-07-13 11:47:11,400 [INFO] The time difference between the client and the server is within range 62.603 ms..65.624 ms
client 2023-07-13 11:47:11,400 [INFO] Running the workload 'CM_MLPERF_RUN_COUNT=$(cat ${CM_RUN_DIR}/count.txt); echo ${CM_MLPERF_RUN_COUNT}; CM_MLPERF_RUN_COUNT=$((CM_MLPERF_RUN_COUNT+1)); echo ${CM_MLPERF_RUN_COUNT} > ${CM_RUN_DIR}/count.txt && if [ ${CM_MLPERF_RUN_COUNT} -eq "1" ]; then export CM_MLPERF_USER_CONF=${CM_MLPERF_RANGING_USER_CONF}; else export CM_MLPERF_USER_CONF=${CM_MLPERF_TESTING_USER_CONF}; fi && /home/arjun/run.out'
client 2023-07-13 11:52:11,960 [INFO] Sending command to the server: 'time'
client 2023-07-13 11:52:11,964 [INFO] Got response: '1689245531.8997357'
client 2023-07-13 11:52:11,964 [INFO] The time difference between the client and the server is within range 60.961 ms..64.995 ms
client 2023-07-13 11:52:11,964 [INFO] Sending command to the server: 'session,2023-07-13_11-46-47,stop,ranging'
client 2023-07-13 11:52:22,604 [INFO] Got response: 'OK'
client 2023-07-13 11:52:22,604 [INFO] Sending command to the server: 'time'
client 2023-07-13 11:52:22,606 [INFO] Got response: '1689245542.5403976'
client 2023-07-13 11:52:22,606 [INFO] The time difference between the client and the server is within range 64.117 ms..66.113 ms
client 2023-07-13 11:52:22,608 [INFO] Copying loadgen logs from '/home/arjun/mobilenet_results/valid_results/phoenix_Amd_Am5-tflite_cpp-cpu-tflite-vmaster-default_config/mobilenet-v3-precision_float-small-minimalistic-224/singlestream/performance/run_1' to '/home/arjun/mobilenet_results/valid_results/phoenix_Amd_Am5-tflite_cpp-cpu-tflite-vmaster-default_config/mobilenet-v3-precision_float-small-minimalistic-224/singlestream/performance/tmp_power/ranging'
client 2023-07-13 11:52:22,608 [INFO] Running workload in testing mode
client 2023-07-13 11:52:22,608 [INFO] Synchronizing with the server and with time.google.com...
client 2023-07-13 11:52:22,624 [INFO] NTP:offset = 0.001 s, delay = 0.016 s 
client 2023-07-13 11:52:22,624 [INFO] Sending command to the server: 'time'
client 2023-07-13 11:52:22,626 [INFO] Got response: '1689245542.561291'
client 2023-07-13 11:52:22,626 [INFO] The time difference between the client and the server is within range 63.608 ms..65.631 ms
client 2023-07-13 11:52:22,626 [INFO] Sending command to the server: 'session,2023-07-13_11-46-47,start,testing'
client 2023-07-13 11:52:35,674 [INFO] Got response: 'OK'
client 2023-07-13 11:52:35,674 [INFO] Sending command to the server: 'time'
client 2023-07-13 11:52:35,677 [INFO] Got response: '1689245555.6106668'
client 2023-07-13 11:52:35,677 [INFO] The time difference between the client and the server is within range 63.846 ms..66.449 ms
client 2023-07-13 11:52:35,677 [INFO] Running the workload 'CM_MLPERF_RUN_COUNT=$(cat ${CM_RUN_DIR}/count.txt); echo ${CM_MLPERF_RUN_COUNT}; CM_MLPERF_RUN_COUNT=$((CM_MLPERF_RUN_COUNT+1)); echo ${CM_MLPERF_RUN_COUNT} > ${CM_RUN_DIR}/count.txt && if [ ${CM_MLPERF_RUN_COUNT} -eq "1" ]; then export CM_MLPERF_USER_CONF=${CM_MLPERF_RANGING_USER_CONF}; else export CM_MLPERF_USER_CONF=${CM_MLPERF_TESTING_USER_CONF}; fi && /home/arjun/run.out'
client 2023-07-13 12:02:36,807 [INFO] Sending command to the server: 'time'
client 2023-07-13 12:02:36,810 [INFO] Got response: '1689246156.7501514'
client 2023-07-13 12:02:36,810 [INFO] The time difference between the client and the server is within range 56.841 ms..60.406 ms
client 2023-07-13 12:02:36,810 [INFO] Sending command to the server: 'session,2023-07-13_11-46-47,stop,testing'
client 2023-07-13 12:02:47,751 [INFO] Got response: 'OK'
client 2023-07-13 12:02:47,751 [INFO] Sending command to the server: 'time'
client 2023-07-13 12:02:47,752 [INFO] Got response: '1689246167.6869628'
client 2023-07-13 12:02:47,752 [INFO] The time difference between the client and the server is within range 64.641 ms..65.790 ms
client 2023-07-13 12:02:47,753 [INFO] Copying loadgen logs from '/home/arjun/mobilenet_results/valid_results/phoenix_Amd_Am5-tflite_cpp-cpu-tflite-vmaster-default_config/mobilenet-v3-precision_float-small-minimalistic-224/singlestream/performance/run_1' to '/home/arjun/mobilenet_results/valid_results/phoenix_Amd_Am5-tflite_cpp-cpu-tflite-vmaster-default_config/mobilenet-v3-precision_float-small-minimalistic-224/singlestream/performance/tmp_power/run_1'
client 2023-07-13 12:02:47,753 [INFO] Done runs
