client 2023-07-26 18:23:15,466 [INFO] Creating output directory '/home/cmuser/mobilenet_results/valid_results/bb3b3f2d4d2e-tflite_cpp-cpu-tflite-vmaster-default_config/mobilenet-v2-precision_float-0.5-224/singlestream/performance/tmp_power'
client 2023-07-26 18:23:15,468 [INFO] Sending command to the server: 'mlcommons/power client v3'
client 2023-07-26 18:23:15,472 [INFO] Got response: 'mlcommons/power server v3'
client 2023-07-26 18:23:15,472 [INFO] Synchronizing with the server and with time.google.com...
client 2023-07-26 18:23:15,527 [INFO] NTP:offset = -0.002 s, delay = 0.019 s 
client 2023-07-26 18:23:15,527 [INFO] Sending command to the server: 'time'
client 2023-07-26 18:23:15,531 [INFO] Got response: '1690420995.3573802'
client 2023-07-26 18:23:15,531 [INFO] The time difference between the client and the server is within range 170.466 ms..174.510 ms
client 2023-07-26 18:23:15,531 [INFO] Sending command to the server: 'new,,1f3094e5-b0c8-48d8-ae83-b4f86f6cecc6'
client 2023-07-26 18:23:15,536 [INFO] Got response: 'OK 2023-07-27_02-23-15,31a09a2b-32ff-4fca-b6a0-77e1f0b8fe1a'
client 2023-07-26 18:23:15,536 [INFO] Session id is '2023-07-27_02-23-15'
client 2023-07-26 18:23:15,537 [INFO] Sources: {"sources": {"__init__.py": "da39a3ee5e6b4b0d3255bfef95601890afd80709", "client.py": "33ca4f26368777ac06e01f9567b714a4b8063886", "lib/__init__.py": "da39a3ee5e6b4b0d3255bfef95601890afd80709", "lib/client.py": "ac2aa093c8e8bbc9569b9e2a3471bc64e58a2258", "lib/common.py": "611d8b29633d331eb19c9455ea3b5fa3284ed6df", "lib/external/__init__.py": "da39a3ee5e6b4b0d3255bfef95601890afd80709", "lib/external/ntplib.py": "4da8f970656505a40483206ef2b5d3dd5e81711d", "lib/server.py": "c7af63c31bb2fbedea4345f571f6e3507d268ada", "lib/source_hashes.py": "60a2e02193209e8d392803326208d5466342da18", "lib/summary.py": "aa92f0a3f975eecd44d3c0cd0236342ccc9f941d", "lib/time_sync.py": "122eba67a9abc85635223e054def53be1367ade2", "server.py": "c3f90f2f7eeb4db30727556d0c815ebc89b3d28b", "tests/unit/__init__.py": "da39a3ee5e6b4b0d3255bfef95601890afd80709", "tests/unit/test_server.py": "948c1995d4008bc2aa6c4046a34ffa3858d6d671", "tests/unit/test_source_hashes.py": "00468a2907583c593e6574a1f6b404e4651c221a"}, "modules": {"ptd_client_server.lib.client": "lib/client.py", "ptd_client_server.lib.common": "lib/common.py", "ptd_client_server.lib.external.ntplib": "lib/external/ntplib.py", "ptd_client_server.lib.source_hashes": "lib/source_hashes.py", "ptd_client_server.lib.summary": "lib/summary.py", "ptd_client_server.lib.time_sync": "lib/time_sync.py"}}
client 2023-07-26 18:23:15,537 [INFO] Running workload in ranging mode
client 2023-07-26 18:23:15,537 [INFO] Synchronizing with the server and with time.google.com...
client 2023-07-26 18:23:15,587 [INFO] NTP:offset = -0.001 s, delay = 0.015 s 
client 2023-07-26 18:23:15,588 [INFO] Sending command to the server: 'time'
client 2023-07-26 18:23:15,590 [INFO] Got response: '1690420995.4198906'
client 2023-07-26 18:23:15,591 [INFO] The time difference between the client and the server is within range 168.147 ms..171.149 ms
client 2023-07-26 18:23:15,591 [INFO] Sending command to the server: 'session,2023-07-27_02-23-15,start,ranging'
client 2023-07-26 18:23:39,457 [INFO] Got response: 'OK'
client 2023-07-26 18:23:39,457 [INFO] Sending command to the server: 'time'
client 2023-07-26 18:23:39,459 [INFO] Got response: '1690421019.2929585'
client 2023-07-26 18:23:39,459 [INFO] The time difference between the client and the server is within range 164.637 ms..166.354 ms
client 2023-07-26 18:23:39,459 [INFO] Running the workload 'CM_MLPERF_RUN_COUNT=$(cat ${CM_RUN_DIR}/count.txt); echo ${CM_MLPERF_RUN_COUNT}; CM_MLPERF_RUN_COUNT=$((CM_MLPERF_RUN_COUNT+1)); echo ${CM_MLPERF_RUN_COUNT} > ${CM_RUN_DIR}/count.txt && if [ ${CM_MLPERF_RUN_COUNT} -eq "1" ]; then export CM_MLPERF_USER_CONF=${CM_MLPERF_RANGING_USER_CONF}; else export CM_MLPERF_USER_CONF=${CM_MLPERF_TESTING_USER_CONF}; fi && /home/cmuser/run.out'
client 2023-07-26 18:28:40,073 [INFO] Sending command to the server: 'time'
client 2023-07-26 18:28:40,076 [INFO] Got response: '1690421319.907811'
client 2023-07-26 18:28:40,076 [INFO] The time difference between the client and the server is within range 165.417 ms..169.076 ms
client 2023-07-26 18:28:40,076 [INFO] Sending command to the server: 'session,2023-07-27_02-23-15,stop,ranging'
client 2023-07-26 18:28:51,029 [INFO] Got response: 'OK'
client 2023-07-26 18:28:51,029 [INFO] Sending command to the server: 'time'
client 2023-07-26 18:28:51,031 [INFO] Got response: '1690421330.8589883'
client 2023-07-26 18:28:51,031 [INFO] The time difference between the client and the server is within range 170.208 ms..172.482 ms
client 2023-07-26 18:28:51,034 [INFO] Copying loadgen logs from '/home/cmuser/mobilenet_results/valid_results/bb3b3f2d4d2e-tflite_cpp-cpu-tflite-vmaster-default_config/mobilenet-v2-precision_float-0.5-224/singlestream/performance/run_1' to '/home/cmuser/mobilenet_results/valid_results/bb3b3f2d4d2e-tflite_cpp-cpu-tflite-vmaster-default_config/mobilenet-v2-precision_float-0.5-224/singlestream/performance/tmp_power/ranging'
client 2023-07-26 18:28:51,035 [INFO] Running workload in testing mode
client 2023-07-26 18:28:51,035 [INFO] Synchronizing with the server and with time.google.com...
client 2023-07-26 18:28:51,117 [INFO] NTP:offset = -0.003 s, delay = 0.014 s 
client 2023-07-26 18:28:51,117 [INFO] Sending command to the server: 'time'
client 2023-07-26 18:28:51,119 [INFO] Got response: '1690421330.9504855'
client 2023-07-26 18:28:51,119 [INFO] The time difference between the client and the server is within range 166.830 ms..169.339 ms
client 2023-07-26 18:28:51,119 [INFO] Sending command to the server: 'session,2023-07-27_02-23-15,start,testing'
client 2023-07-26 18:29:04,187 [INFO] Got response: 'OK'
client 2023-07-26 18:29:04,187 [INFO] Sending command to the server: 'time'
client 2023-07-26 18:29:04,190 [INFO] Got response: '1690421344.020399'
client 2023-07-26 18:29:04,190 [INFO] The time difference between the client and the server is within range 166.790 ms..170.066 ms
client 2023-07-26 18:29:04,190 [INFO] Running the workload 'CM_MLPERF_RUN_COUNT=$(cat ${CM_RUN_DIR}/count.txt); echo ${CM_MLPERF_RUN_COUNT}; CM_MLPERF_RUN_COUNT=$((CM_MLPERF_RUN_COUNT+1)); echo ${CM_MLPERF_RUN_COUNT} > ${CM_RUN_DIR}/count.txt && if [ ${CM_MLPERF_RUN_COUNT} -eq "1" ]; then export CM_MLPERF_USER_CONF=${CM_MLPERF_RANGING_USER_CONF}; else export CM_MLPERF_USER_CONF=${CM_MLPERF_TESTING_USER_CONF}; fi && /home/cmuser/run.out'
client 2023-07-26 18:39:05,322 [INFO] Sending command to the server: 'time'
client 2023-07-26 18:39:05,325 [INFO] Got response: '1690421945.14739'
client 2023-07-26 18:39:05,325 [INFO] The time difference between the client and the server is within range 174.564 ms..178.540 ms
client 2023-07-26 18:39:05,325 [INFO] Sending command to the server: 'session,2023-07-27_02-23-15,stop,testing'
client 2023-07-26 18:39:16,255 [INFO] Got response: 'OK'
client 2023-07-26 18:39:16,255 [INFO] Sending command to the server: 'time'
client 2023-07-26 18:39:16,271 [INFO] Got response: '1690421956.0932283'
client 2023-07-26 18:39:16,271 [INFO] The time difference between the client and the server is within range 162.014 ms..178.078 ms
client 2023-07-26 18:39:16,271 [INFO] Copying loadgen logs from '/home/cmuser/mobilenet_results/valid_results/bb3b3f2d4d2e-tflite_cpp-cpu-tflite-vmaster-default_config/mobilenet-v2-precision_float-0.5-224/singlestream/performance/run_1' to '/home/cmuser/mobilenet_results/valid_results/bb3b3f2d4d2e-tflite_cpp-cpu-tflite-vmaster-default_config/mobilenet-v2-precision_float-0.5-224/singlestream/performance/tmp_power/run_1'
client 2023-07-26 18:39:16,272 [INFO] Done runs
