client 2023-07-13 16:26:42,425 [INFO] Creating output directory '/home/arjun/mobilenet_results/valid_results/phoenix_Amd_Am5-tflite_cpp-cpu-tflite-vmaster-default_config/mobilenet-v1-precision_uint8-0.25-224/singlestream/performance/tmp_power'
client 2023-07-13 16:26:42,427 [INFO] Sending command to the server: 'mlcommons/power client v3'
client 2023-07-13 16:26:42,431 [INFO] Got response: 'mlcommons/power server v3'
client 2023-07-13 16:26:42,431 [INFO] Synchronizing with the server and with time.google.com...
client 2023-07-13 16:26:42,447 [INFO] NTP:offset = 0.000 s, delay = 0.015 s 
client 2023-07-13 16:26:42,448 [INFO] Sending command to the server: 'time'
client 2023-07-13 16:26:42,451 [INFO] Got response: '1689262002.3245726'
client 2023-07-13 16:26:42,451 [INFO] The time difference between the client and the server is within range 123.507 ms..126.707 ms
client 2023-07-13 16:26:42,451 [INFO] Sending command to the server: 'new,,0329428e-57de-4884-9bb1-77b672c432e9'
client 2023-07-13 16:26:42,963 [INFO] Got response: 'OK 2023-07-13_16-26-42,0e2ed4b4-10c0-41ab-9dfe-72fe73e700ca'
client 2023-07-13 16:26:42,964 [INFO] Session id is '2023-07-13_16-26-42'
client 2023-07-13 16:26:42,964 [INFO] Sources: {"sources": {"__init__.py": "da39a3ee5e6b4b0d3255bfef95601890afd80709", "client.py": "33ca4f26368777ac06e01f9567b714a4b8063886", "lib/__init__.py": "da39a3ee5e6b4b0d3255bfef95601890afd80709", "lib/client.py": "ac2aa093c8e8bbc9569b9e2a3471bc64e58a2258", "lib/common.py": "611d8b29633d331eb19c9455ea3b5fa3284ed6df", "lib/external/__init__.py": "da39a3ee5e6b4b0d3255bfef95601890afd80709", "lib/external/ntplib.py": "4da8f970656505a40483206ef2b5d3dd5e81711d", "lib/server.py": "c7af63c31bb2fbedea4345f571f6e3507d268ada", "lib/source_hashes.py": "60a2e02193209e8d392803326208d5466342da18", "lib/summary.py": "aa92f0a3f975eecd44d3c0cd0236342ccc9f941d", "lib/time_sync.py": "122eba67a9abc85635223e054def53be1367ade2", "server.py": "c3f90f2f7eeb4db30727556d0c815ebc89b3d28b", "tests/unit/__init__.py": "da39a3ee5e6b4b0d3255bfef95601890afd80709", "tests/unit/test_server.py": "948c1995d4008bc2aa6c4046a34ffa3858d6d671", "tests/unit/test_source_hashes.py": "00468a2907583c593e6574a1f6b404e4651c221a"}, "modules": {"ptd_client_server.lib.client": "lib/client.py", "ptd_client_server.lib.common": "lib/common.py", "ptd_client_server.lib.external.ntplib": "lib/external/ntplib.py", "ptd_client_server.lib.source_hashes": "lib/source_hashes.py", "ptd_client_server.lib.summary": "lib/summary.py", "ptd_client_server.lib.time_sync": "lib/time_sync.py"}}
client 2023-07-13 16:26:42,964 [INFO] Running workload in ranging mode
client 2023-07-13 16:26:42,964 [INFO] Synchronizing with the server and with time.google.com...
client 2023-07-13 16:26:42,982 [INFO] NTP:offset = -0.000 s, delay = 0.018 s 
client 2023-07-13 16:26:42,982 [INFO] Sending command to the server: 'time'
client 2023-07-13 16:26:42,985 [INFO] Got response: '1689262002.8676007'
client 2023-07-13 16:26:42,985 [INFO] The time difference between the client and the server is within range 115.071 ms..118.012 ms
client 2023-07-13 16:26:42,985 [INFO] Sending command to the server: 'session,2023-07-13_16-26-42,start,ranging'
client 2023-07-13 16:27:06,956 [INFO] Got response: 'OK'
client 2023-07-13 16:27:06,956 [INFO] Sending command to the server: 'time'
client 2023-07-13 16:27:06,960 [INFO] Got response: '1689262026.8410995'
client 2023-07-13 16:27:06,961 [INFO] The time difference between the client and the server is within range 115.638 ms..119.918 ms
client 2023-07-13 16:27:06,961 [INFO] Running the workload 'CM_MLPERF_RUN_COUNT=$(cat ${CM_RUN_DIR}/count.txt); echo ${CM_MLPERF_RUN_COUNT}; CM_MLPERF_RUN_COUNT=$((CM_MLPERF_RUN_COUNT+1)); echo ${CM_MLPERF_RUN_COUNT} > ${CM_RUN_DIR}/count.txt && if [ ${CM_MLPERF_RUN_COUNT} -eq "1" ]; then export CM_MLPERF_USER_CONF=${CM_MLPERF_RANGING_USER_CONF}; else export CM_MLPERF_USER_CONF=${CM_MLPERF_TESTING_USER_CONF}; fi && /home/arjun/run.out'
client 2023-07-13 16:32:07,596 [INFO] Sending command to the server: 'time'
client 2023-07-13 16:32:07,599 [INFO] Got response: '1689262327.4743123'
client 2023-07-13 16:32:07,600 [INFO] The time difference between the client and the server is within range 122.112 ms..125.696 ms
client 2023-07-13 16:32:07,600 [INFO] Sending command to the server: 'session,2023-07-13_16-26-42,stop,ranging'
client 2023-07-13 16:32:18,125 [INFO] Got response: 'OK'
client 2023-07-13 16:32:18,125 [INFO] Sending command to the server: 'time'
client 2023-07-13 16:32:18,127 [INFO] Got response: '1689262338.001636'
client 2023-07-13 16:32:18,127 [INFO] The time difference between the client and the server is within range 123.544 ms..126.107 ms
client 2023-07-13 16:32:18,129 [INFO] Copying loadgen logs from '/home/arjun/mobilenet_results/valid_results/phoenix_Amd_Am5-tflite_cpp-cpu-tflite-vmaster-default_config/mobilenet-v1-precision_uint8-0.25-224/singlestream/performance/run_1' to '/home/arjun/mobilenet_results/valid_results/phoenix_Amd_Am5-tflite_cpp-cpu-tflite-vmaster-default_config/mobilenet-v1-precision_uint8-0.25-224/singlestream/performance/tmp_power/ranging'
client 2023-07-13 16:32:18,129 [INFO] Running workload in testing mode
client 2023-07-13 16:32:18,129 [INFO] Synchronizing with the server and with time.google.com...
client 2023-07-13 16:32:18,149 [INFO] NTP:offset = -0.000 s, delay = 0.019 s 
client 2023-07-13 16:32:18,149 [INFO] Sending command to the server: 'time'
client 2023-07-13 16:32:18,152 [INFO] Got response: '1689262338.0227401'
client 2023-07-13 16:32:18,152 [INFO] The time difference between the client and the server is within range 127.138 ms..129.800 ms
client 2023-07-13 16:32:18,152 [INFO] Sending command to the server: 'session,2023-07-13_16-26-42,start,testing'
client 2023-07-13 16:32:31,220 [INFO] Got response: 'OK'
client 2023-07-13 16:32:31,220 [INFO] Sending command to the server: 'time'
client 2023-07-13 16:32:31,223 [INFO] Got response: '1689262351.0946326'
client 2023-07-13 16:32:31,223 [INFO] The time difference between the client and the server is within range 126.043 ms..129.205 ms
client 2023-07-13 16:32:31,223 [INFO] Running the workload 'CM_MLPERF_RUN_COUNT=$(cat ${CM_RUN_DIR}/count.txt); echo ${CM_MLPERF_RUN_COUNT}; CM_MLPERF_RUN_COUNT=$((CM_MLPERF_RUN_COUNT+1)); echo ${CM_MLPERF_RUN_COUNT} > ${CM_RUN_DIR}/count.txt && if [ ${CM_MLPERF_RUN_COUNT} -eq "1" ]; then export CM_MLPERF_USER_CONF=${CM_MLPERF_RANGING_USER_CONF}; else export CM_MLPERF_USER_CONF=${CM_MLPERF_TESTING_USER_CONF}; fi && /home/arjun/run.out'
client 2023-07-13 16:42:32,449 [INFO] Sending command to the server: 'time'
client 2023-07-13 16:42:32,453 [INFO] Got response: '1689262952.316032'
client 2023-07-13 16:42:32,453 [INFO] The time difference between the client and the server is within range 132.947 ms..137.164 ms
client 2023-07-13 16:42:32,453 [INFO] Sending command to the server: 'session,2023-07-13_16-26-42,stop,testing'
client 2023-07-13 16:42:43,366 [INFO] Got response: 'OK'
client 2023-07-13 16:42:43,366 [INFO] Sending command to the server: 'time'
client 2023-07-13 16:42:43,367 [INFO] Got response: '1689262963.2331114'
client 2023-07-13 16:42:43,367 [INFO] The time difference between the client and the server is within range 133.252 ms..134.854 ms
client 2023-07-13 16:42:43,368 [INFO] Copying loadgen logs from '/home/arjun/mobilenet_results/valid_results/phoenix_Amd_Am5-tflite_cpp-cpu-tflite-vmaster-default_config/mobilenet-v1-precision_uint8-0.25-224/singlestream/performance/run_1' to '/home/arjun/mobilenet_results/valid_results/phoenix_Amd_Am5-tflite_cpp-cpu-tflite-vmaster-default_config/mobilenet-v1-precision_uint8-0.25-224/singlestream/performance/tmp_power/run_1'
client 2023-07-13 16:42:43,368 [INFO] Done runs
