client 2023-07-26 15:09:32,347 [INFO] Creating output directory '/home/cmuser/mobilenet_results/valid_results/bb3b3f2d4d2e-tflite_cpp-cpu-tflite-vmaster-default_config/mobilenet-v2-precision_float-1.0-160/singlestream/performance/tmp_power'
client 2023-07-26 15:09:32,349 [INFO] Sending command to the server: 'mlcommons/power client v3'
client 2023-07-26 15:09:32,352 [INFO] Got response: 'mlcommons/power server v3'
client 2023-07-26 15:09:32,352 [INFO] Synchronizing with the server and with time.google.com...
client 2023-07-26 15:09:32,414 [INFO] NTP:offset = -0.001 s, delay = 0.014 s 
client 2023-07-26 15:09:32,414 [INFO] Sending command to the server: 'time'
client 2023-07-26 15:09:32,418 [INFO] Got response: '1690409372.2541018'
client 2023-07-26 15:09:32,418 [INFO] The time difference between the client and the server is within range 160.380 ms..164.067 ms
client 2023-07-26 15:09:32,418 [INFO] Sending command to the server: 'new,,d25ff392-061a-4f9b-b105-37e1cd1d7f96'
client 2023-07-26 15:09:32,423 [INFO] Got response: 'OK 2023-07-26_23-09-32,2b93fc9a-73c4-466e-9b98-eb4ee434e3cd'
client 2023-07-26 15:09:32,423 [INFO] Session id is '2023-07-26_23-09-32'
client 2023-07-26 15:09:32,423 [INFO] Sources: {"sources": {"__init__.py": "da39a3ee5e6b4b0d3255bfef95601890afd80709", "client.py": "33ca4f26368777ac06e01f9567b714a4b8063886", "lib/__init__.py": "da39a3ee5e6b4b0d3255bfef95601890afd80709", "lib/client.py": "ac2aa093c8e8bbc9569b9e2a3471bc64e58a2258", "lib/common.py": "611d8b29633d331eb19c9455ea3b5fa3284ed6df", "lib/external/__init__.py": "da39a3ee5e6b4b0d3255bfef95601890afd80709", "lib/external/ntplib.py": "4da8f970656505a40483206ef2b5d3dd5e81711d", "lib/server.py": "c7af63c31bb2fbedea4345f571f6e3507d268ada", "lib/source_hashes.py": "60a2e02193209e8d392803326208d5466342da18", "lib/summary.py": "aa92f0a3f975eecd44d3c0cd0236342ccc9f941d", "lib/time_sync.py": "122eba67a9abc85635223e054def53be1367ade2", "server.py": "c3f90f2f7eeb4db30727556d0c815ebc89b3d28b", "tests/unit/__init__.py": "da39a3ee5e6b4b0d3255bfef95601890afd80709", "tests/unit/test_server.py": "948c1995d4008bc2aa6c4046a34ffa3858d6d671", "tests/unit/test_source_hashes.py": "00468a2907583c593e6574a1f6b404e4651c221a"}, "modules": {"ptd_client_server.lib.client": "lib/client.py", "ptd_client_server.lib.common": "lib/common.py", "ptd_client_server.lib.external.ntplib": "lib/external/ntplib.py", "ptd_client_server.lib.source_hashes": "lib/source_hashes.py", "ptd_client_server.lib.summary": "lib/summary.py", "ptd_client_server.lib.time_sync": "lib/time_sync.py"}}
client 2023-07-26 15:09:32,423 [INFO] Running workload in ranging mode
client 2023-07-26 15:09:32,423 [INFO] Synchronizing with the server and with time.google.com...
client 2023-07-26 15:09:32,488 [INFO] NTP:offset = 0.000 s, delay = 0.013 s 
client 2023-07-26 15:09:32,489 [INFO] Sending command to the server: 'time'
client 2023-07-26 15:09:32,493 [INFO] Got response: '1690409372.335379'
client 2023-07-26 15:09:32,493 [INFO] The time difference between the client and the server is within range 153.644 ms..157.945 ms
client 2023-07-26 15:09:32,493 [INFO] Sending command to the server: 'session,2023-07-26_23-09-32,start,ranging'
client 2023-07-26 15:09:56,384 [INFO] Got response: 'OK'
client 2023-07-26 15:09:56,385 [INFO] Sending command to the server: 'time'
client 2023-07-26 15:09:56,388 [INFO] Got response: '1690409396.2250319'
client 2023-07-26 15:09:56,388 [INFO] The time difference between the client and the server is within range 160.046 ms..163.264 ms
client 2023-07-26 15:09:56,388 [INFO] Running the workload 'CM_MLPERF_RUN_COUNT=$(cat ${CM_RUN_DIR}/count.txt); echo ${CM_MLPERF_RUN_COUNT}; CM_MLPERF_RUN_COUNT=$((CM_MLPERF_RUN_COUNT+1)); echo ${CM_MLPERF_RUN_COUNT} > ${CM_RUN_DIR}/count.txt && if [ ${CM_MLPERF_RUN_COUNT} -eq "1" ]; then export CM_MLPERF_USER_CONF=${CM_MLPERF_RANGING_USER_CONF}; else export CM_MLPERF_USER_CONF=${CM_MLPERF_TESTING_USER_CONF}; fi && /home/cmuser/run.out'
client 2023-07-26 15:14:56,977 [INFO] Sending command to the server: 'time'
client 2023-07-26 15:14:56,982 [INFO] Got response: '1690409696.821416'
client 2023-07-26 15:14:56,982 [INFO] The time difference between the client and the server is within range 156.469 ms..160.967 ms
client 2023-07-26 15:14:56,982 [INFO] Sending command to the server: 'session,2023-07-26_23-09-32,stop,ranging'
client 2023-07-26 15:15:07,542 [INFO] Got response: 'OK'
client 2023-07-26 15:15:07,542 [INFO] Sending command to the server: 'time'
client 2023-07-26 15:15:07,544 [INFO] Got response: '1690409707.3828557'
client 2023-07-26 15:15:07,545 [INFO] The time difference between the client and the server is within range 159.709 ms..162.224 ms
client 2023-07-26 15:15:07,548 [INFO] Copying loadgen logs from '/home/cmuser/mobilenet_results/valid_results/bb3b3f2d4d2e-tflite_cpp-cpu-tflite-vmaster-default_config/mobilenet-v2-precision_float-1.0-160/singlestream/performance/run_1' to '/home/cmuser/mobilenet_results/valid_results/bb3b3f2d4d2e-tflite_cpp-cpu-tflite-vmaster-default_config/mobilenet-v2-precision_float-1.0-160/singlestream/performance/tmp_power/ranging'
client 2023-07-26 15:15:07,548 [INFO] Running workload in testing mode
client 2023-07-26 15:15:07,548 [INFO] Synchronizing with the server and with time.google.com...
client 2023-07-26 15:15:12,640 [INFO] NTP:offset = -0.002 s, delay = 0.015 s 
client 2023-07-26 15:15:12,640 [INFO] Sending command to the server: 'time'
client 2023-07-26 15:15:12,644 [INFO] Got response: '1690409712.48559'
client 2023-07-26 15:15:12,644 [INFO] The time difference between the client and the server is within range 155.143 ms..158.726 ms
client 2023-07-26 15:15:12,644 [INFO] Sending command to the server: 'session,2023-07-26_23-09-32,start,testing'
client 2023-07-26 15:15:25,684 [INFO] Got response: 'OK'
client 2023-07-26 15:15:25,684 [INFO] Sending command to the server: 'time'
client 2023-07-26 15:15:25,689 [INFO] Got response: '1690409725.5266163'
client 2023-07-26 15:15:25,689 [INFO] The time difference between the client and the server is within range 158.182 ms..162.643 ms
client 2023-07-26 15:15:25,689 [INFO] Running the workload 'CM_MLPERF_RUN_COUNT=$(cat ${CM_RUN_DIR}/count.txt); echo ${CM_MLPERF_RUN_COUNT}; CM_MLPERF_RUN_COUNT=$((CM_MLPERF_RUN_COUNT+1)); echo ${CM_MLPERF_RUN_COUNT} > ${CM_RUN_DIR}/count.txt && if [ ${CM_MLPERF_RUN_COUNT} -eq "1" ]; then export CM_MLPERF_USER_CONF=${CM_MLPERF_RANGING_USER_CONF}; else export CM_MLPERF_USER_CONF=${CM_MLPERF_TESTING_USER_CONF}; fi && /home/cmuser/run.out'
client 2023-07-26 15:25:26,763 [INFO] Sending command to the server: 'time'
client 2023-07-26 15:25:26,768 [INFO] Got response: '1690410326.6160116'
client 2023-07-26 15:25:26,768 [INFO] The time difference between the client and the server is within range 147.667 ms..152.072 ms
client 2023-07-26 15:25:26,768 [INFO] Sending command to the server: 'session,2023-07-26_23-09-32,stop,testing'
client 2023-07-26 15:25:37,746 [INFO] Got response: 'OK'
client 2023-07-26 15:25:37,746 [INFO] Sending command to the server: 'time'
client 2023-07-26 15:25:37,748 [INFO] Got response: '1690410337.5931888'
client 2023-07-26 15:25:37,748 [INFO] The time difference between the client and the server is within range 153.010 ms..155.566 ms
client 2023-07-26 15:25:37,749 [INFO] Copying loadgen logs from '/home/cmuser/mobilenet_results/valid_results/bb3b3f2d4d2e-tflite_cpp-cpu-tflite-vmaster-default_config/mobilenet-v2-precision_float-1.0-160/singlestream/performance/run_1' to '/home/cmuser/mobilenet_results/valid_results/bb3b3f2d4d2e-tflite_cpp-cpu-tflite-vmaster-default_config/mobilenet-v2-precision_float-1.0-160/singlestream/performance/tmp_power/run_1'
client 2023-07-26 15:25:37,749 [INFO] Done runs
