client 2023-07-24 11:17:40,250 [INFO] Creating output directory '/home/cmuser/results_dir/valid_results/28df27c48ad9-nvidia_original-gpu-tensorrt-vdefault-default_config/retinanet/singlestream/performance/tmp_power'
client 2023-07-24 11:17:40,254 [INFO] Sending command to the server: 'mlcommons/power client v3'
client 2023-07-24 11:17:40,257 [INFO] Got response: 'mlcommons/power server v3'
client 2023-07-24 11:17:40,257 [INFO] Synchronizing with the server and with time.google.com...
client 2023-07-24 11:17:40,357 [INFO] NTP:offset = -0.002 s, delay = 0.013 s 
client 2023-07-24 11:17:40,357 [INFO] Sending command to the server: 'time'
client 2023-07-24 11:17:40,361 [INFO] Got response: '1690197460.2307644'
client 2023-07-24 11:17:40,361 [INFO] The time difference between the client and the server is within range 126.758 ms..130.446 ms
client 2023-07-24 11:17:40,361 [INFO] Sending command to the server: 'new,,bef511fc-9a73-490a-81d3-0fcf073b109f'
client 2023-07-24 11:17:40,366 [INFO] Got response: 'OK 2023-07-24_12-17-40,c1dd8942-ec8f-4c54-b087-3d89333a5f86'
client 2023-07-24 11:17:40,366 [INFO] Session id is '2023-07-24_12-17-40'
client 2023-07-24 11:17:40,366 [INFO] Sources: {"sources": {"__init__.py": "da39a3ee5e6b4b0d3255bfef95601890afd80709", "client.py": "33ca4f26368777ac06e01f9567b714a4b8063886", "lib/__init__.py": "da39a3ee5e6b4b0d3255bfef95601890afd80709", "lib/client.py": "ac2aa093c8e8bbc9569b9e2a3471bc64e58a2258", "lib/common.py": "611d8b29633d331eb19c9455ea3b5fa3284ed6df", "lib/external/__init__.py": "da39a3ee5e6b4b0d3255bfef95601890afd80709", "lib/external/ntplib.py": "4da8f970656505a40483206ef2b5d3dd5e81711d", "lib/server.py": "c7af63c31bb2fbedea4345f571f6e3507d268ada", "lib/source_hashes.py": "60a2e02193209e8d392803326208d5466342da18", "lib/summary.py": "aa92f0a3f975eecd44d3c0cd0236342ccc9f941d", "lib/time_sync.py": "122eba67a9abc85635223e054def53be1367ade2", "server.py": "c3f90f2f7eeb4db30727556d0c815ebc89b3d28b", "tests/unit/__init__.py": "da39a3ee5e6b4b0d3255bfef95601890afd80709", "tests/unit/test_server.py": "948c1995d4008bc2aa6c4046a34ffa3858d6d671", "tests/unit/test_source_hashes.py": "00468a2907583c593e6574a1f6b404e4651c221a"}, "modules": {"ptd_client_server.lib.client": "lib/client.py", "ptd_client_server.lib.common": "lib/common.py", "ptd_client_server.lib.external.ntplib": "lib/external/ntplib.py", "ptd_client_server.lib.source_hashes": "lib/source_hashes.py", "ptd_client_server.lib.summary": "lib/summary.py", "ptd_client_server.lib.time_sync": "lib/time_sync.py"}}
client 2023-07-24 11:17:40,366 [INFO] Running workload in ranging mode
client 2023-07-24 11:17:40,366 [INFO] Synchronizing with the server and with time.google.com...
client 2023-07-24 11:17:40,414 [INFO] NTP:offset = -0.001 s, delay = 0.013 s 
client 2023-07-24 11:17:40,415 [INFO] Sending command to the server: 'time'
client 2023-07-24 11:17:40,419 [INFO] Got response: '1690197460.2812965'
client 2023-07-24 11:17:40,419 [INFO] The time difference between the client and the server is within range 133.740 ms..137.959 ms
client 2023-07-24 11:17:40,419 [INFO] Sending command to the server: 'session,2023-07-24_12-17-40,start,ranging'
client 2023-07-24 11:18:04,309 [INFO] Got response: 'OK'
client 2023-07-24 11:18:04,309 [INFO] Sending command to the server: 'time'
client 2023-07-24 11:18:04,311 [INFO] Got response: '1690197484.1800215'
client 2023-07-24 11:18:04,311 [INFO] The time difference between the client and the server is within range 129.743 ms..131.430 ms
client 2023-07-24 11:18:04,311 [INFO] Running the workload 'CM_MLPERF_RUN_COUNT=$(cat ${CM_RUN_DIR}/count.txt); echo ${CM_MLPERF_RUN_COUNT}; CM_MLPERF_RUN_COUNT=$((CM_MLPERF_RUN_COUNT+1)); echo ${CM_MLPERF_RUN_COUNT} > ${CM_RUN_DIR}/count.txt && if [ ${CM_MLPERF_RUN_COUNT} -eq "1" ]; then export CM_MLPERF_USER_CONF=${CM_MLPERF_RANGING_USER_CONF}; else export CM_MLPERF_USER_CONF=${CM_MLPERF_TESTING_USER_CONF}; fi && make run_harness RUN_ARGS=" --benchmarks=retinanet --scenarios=singlestream --test_mode=PerformanceOnly --offline_expected_qps=620 --single_stream_expected_latency_ns=1000000 --multi_stream_expected_latency_ns=6000000 --user_conf_path=${CM_MLPERF_USER_CONF} --mlperf_conf_path=/home/cmuser/CM/repos/local/cache/669f6ef943704402/inference/mlperf.conf --gpu_batch_size=1 --no_audit_verify "'
client 2023-07-24 11:23:11,350 [INFO] Sending command to the server: 'time'
client 2023-07-24 11:23:11,354 [INFO] Got response: '1690197791.2179706'
client 2023-07-24 11:23:11,354 [INFO] The time difference between the client and the server is within range 132.620 ms..136.526 ms
client 2023-07-24 11:23:11,354 [INFO] Sending command to the server: 'session,2023-07-24_12-17-40,stop,ranging'
client 2023-07-24 11:23:22,421 [INFO] Got response: 'OK'
client 2023-07-24 11:23:22,421 [INFO] Sending command to the server: 'time'
client 2023-07-24 11:23:22,424 [INFO] Got response: '1690197802.2825277'
client 2023-07-24 11:23:22,424 [INFO] The time difference between the client and the server is within range 139.081 ms..141.760 ms
client 2023-07-24 11:23:22,427 [INFO] Copying loadgen logs from '/home/cmuser/results_dir/valid_results/28df27c48ad9-nvidia_original-gpu-tensorrt-vdefault-default_config/retinanet/singlestream/performance/run_1' to '/home/cmuser/results_dir/valid_results/28df27c48ad9-nvidia_original-gpu-tensorrt-vdefault-default_config/retinanet/singlestream/performance/tmp_power/ranging'
client 2023-07-24 11:23:22,427 [INFO] Running workload in testing mode
client 2023-07-24 11:23:22,427 [INFO] Synchronizing with the server and with time.google.com...
client 2023-07-24 11:23:22,578 [INFO] NTP:offset = -0.002 s, delay = 0.013 s 
client 2023-07-24 11:23:22,578 [INFO] Sending command to the server: 'time'
client 2023-07-24 11:23:22,582 [INFO] Got response: '1690197802.444406'
client 2023-07-24 11:23:22,582 [INFO] The time difference between the client and the server is within range 134.526 ms..138.553 ms
client 2023-07-24 11:23:22,583 [INFO] Sending command to the server: 'session,2023-07-24_12-17-40,start,testing'
client 2023-07-24 11:23:35,635 [INFO] Got response: 'OK'
client 2023-07-24 11:23:35,635 [INFO] Sending command to the server: 'time'
client 2023-07-24 11:23:35,638 [INFO] Got response: '1690197815.5049891'
client 2023-07-24 11:23:35,638 [INFO] The time difference between the client and the server is within range 130.175 ms..133.508 ms
client 2023-07-24 11:23:35,638 [INFO] Running the workload 'CM_MLPERF_RUN_COUNT=$(cat ${CM_RUN_DIR}/count.txt); echo ${CM_MLPERF_RUN_COUNT}; CM_MLPERF_RUN_COUNT=$((CM_MLPERF_RUN_COUNT+1)); echo ${CM_MLPERF_RUN_COUNT} > ${CM_RUN_DIR}/count.txt && if [ ${CM_MLPERF_RUN_COUNT} -eq "1" ]; then export CM_MLPERF_USER_CONF=${CM_MLPERF_RANGING_USER_CONF}; else export CM_MLPERF_USER_CONF=${CM_MLPERF_TESTING_USER_CONF}; fi && make run_harness RUN_ARGS=" --benchmarks=retinanet --scenarios=singlestream --test_mode=PerformanceOnly --offline_expected_qps=620 --single_stream_expected_latency_ns=1000000 --multi_stream_expected_latency_ns=6000000 --user_conf_path=${CM_MLPERF_USER_CONF} --mlperf_conf_path=/home/cmuser/CM/repos/local/cache/669f6ef943704402/inference/mlperf.conf --gpu_batch_size=1 --no_audit_verify "'
client 2023-07-24 11:33:44,962 [INFO] Sending command to the server: 'time'
client 2023-07-24 11:33:44,964 [INFO] Got response: '1690198424.8224404'
client 2023-07-24 11:33:44,964 [INFO] The time difference between the client and the server is within range 140.149 ms..142.330 ms
client 2023-07-24 11:33:44,964 [INFO] Sending command to the server: 'session,2023-07-24_12-17-40,stop,testing'
client 2023-07-24 11:33:55,719 [INFO] Got response: 'OK'
client 2023-07-24 11:33:55,720 [INFO] Sending command to the server: 'time'
client 2023-07-24 11:33:55,721 [INFO] Got response: '1690198435.5765836'
client 2023-07-24 11:33:55,721 [INFO] The time difference between the client and the server is within range 143.471 ms..144.945 ms
client 2023-07-24 11:33:55,721 [INFO] Copying loadgen logs from '/home/cmuser/results_dir/valid_results/28df27c48ad9-nvidia_original-gpu-tensorrt-vdefault-default_config/retinanet/singlestream/performance/run_1' to '/home/cmuser/results_dir/valid_results/28df27c48ad9-nvidia_original-gpu-tensorrt-vdefault-default_config/retinanet/singlestream/performance/tmp_power/run_1'
client 2023-07-24 11:33:55,722 [INFO] Done runs
