client 2023-07-12 20:41:40,698 [INFO] Creating output directory '/home/arjun/mobilenet_results/valid_results/phoenix_Amd_Am5-tflite_cpp-cpu-tflite-vmaster-default_config/mobilenet-v1-precision_float-0.75-160/singlestream/performance/tmp_power'
client 2023-07-12 20:41:40,701 [INFO] Sending command to the server: 'mlcommons/power client v3'
client 2023-07-12 20:41:40,703 [INFO] Got response: 'mlcommons/power server v3'
client 2023-07-12 20:41:40,703 [INFO] Synchronizing with the server and with time.google.com...
client 2023-07-12 20:41:40,720 [INFO] NTP:offset = -0.006 s, delay = 0.015 s 
client 2023-07-12 20:41:40,720 [INFO] Sending command to the server: 'time'
client 2023-07-12 20:41:40,725 [INFO] Got response: '1689190900.6837065'
client 2023-07-12 20:41:40,725 [INFO] The time difference between the client and the server is within range 37.042 ms..41.799 ms
client 2023-07-12 20:41:40,725 [INFO] Sending command to the server: 'new,,2d46c6cd-1979-4a7c-ba83-02f29ea8044d'
client 2023-07-12 20:41:40,728 [INFO] Got response: 'OK 2023-07-12_20-41-40,f41d4294-4933-4091-ae87-8083f90f6c29'
client 2023-07-12 20:41:40,728 [INFO] Session id is '2023-07-12_20-41-40'
client 2023-07-12 20:41:40,728 [INFO] Sources: {"sources": {"__init__.py": "da39a3ee5e6b4b0d3255bfef95601890afd80709", "client.py": "33ca4f26368777ac06e01f9567b714a4b8063886", "lib/__init__.py": "da39a3ee5e6b4b0d3255bfef95601890afd80709", "lib/client.py": "ac2aa093c8e8bbc9569b9e2a3471bc64e58a2258", "lib/common.py": "611d8b29633d331eb19c9455ea3b5fa3284ed6df", "lib/external/__init__.py": "da39a3ee5e6b4b0d3255bfef95601890afd80709", "lib/external/ntplib.py": "4da8f970656505a40483206ef2b5d3dd5e81711d", "lib/server.py": "c7af63c31bb2fbedea4345f571f6e3507d268ada", "lib/source_hashes.py": "60a2e02193209e8d392803326208d5466342da18", "lib/summary.py": "aa92f0a3f975eecd44d3c0cd0236342ccc9f941d", "lib/time_sync.py": "122eba67a9abc85635223e054def53be1367ade2", "server.py": "c3f90f2f7eeb4db30727556d0c815ebc89b3d28b", "tests/unit/__init__.py": "da39a3ee5e6b4b0d3255bfef95601890afd80709", "tests/unit/test_server.py": "948c1995d4008bc2aa6c4046a34ffa3858d6d671", "tests/unit/test_source_hashes.py": "00468a2907583c593e6574a1f6b404e4651c221a"}, "modules": {"ptd_client_server.lib.client": "lib/client.py", "ptd_client_server.lib.common": "lib/common.py", "ptd_client_server.lib.external.ntplib": "lib/external/ntplib.py", "ptd_client_server.lib.source_hashes": "lib/source_hashes.py", "ptd_client_server.lib.summary": "lib/summary.py", "ptd_client_server.lib.time_sync": "lib/time_sync.py"}}
client 2023-07-12 20:41:40,728 [INFO] Running workload in ranging mode
client 2023-07-12 20:41:40,728 [INFO] Synchronizing with the server and with time.google.com...
client 2023-07-12 20:41:40,740 [INFO] NTP:offset = -0.006 s, delay = 0.011 s 
client 2023-07-12 20:41:40,740 [INFO] Sending command to the server: 'time'
client 2023-07-12 20:41:41,134 [INFO] Got response: '1689190901.0927498'
client 2023-07-12 20:41:41,135 [INFO] The time difference between the client and the server is within range -352.545 ms..42.329 ms
client 2023-07-12 20:41:41,135 [WARNING] The time difference between the client and the server is more than 200 ms
client 2023-07-12 20:41:41,135 [INFO] Sending command to the server: 'set_ntp'
client 2023-07-12 20:41:42,167 [INFO] Got response: 'OK'
client 2023-07-12 20:41:42,167 [INFO] Synchronizing with time.google.com time using NTP...
client 2023-07-12 20:41:50,683 [INFO] Set system time at 2023-07-12 20:41:50.683383
client 2023-07-12 20:41:50,709 [INFO] NTP:offset = -0.002 s, delay = 0.012 s 
client 2023-07-12 20:41:50,709 [INFO] Sending command to the server: 'time'
client 2023-07-12 20:41:50,712 [INFO] Got response: '1689190910.707034'
client 2023-07-12 20:41:50,712 [INFO] The time difference between the client and the server is within range 2.218 ms..5.402 ms
client 2023-07-12 20:41:50,712 [INFO] Sending command to the server: 'session,2023-07-12_20-41-40,start,ranging'
client 2023-07-12 20:42:14,784 [INFO] Got response: 'OK'
client 2023-07-12 20:42:14,784 [INFO] Sending command to the server: 'time'
client 2023-07-12 20:42:14,785 [INFO] Got response: '1689190934.7811685'
client 2023-07-12 20:42:14,785 [INFO] The time difference between the client and the server is within range 3.035 ms..4.665 ms
client 2023-07-12 20:42:14,785 [INFO] Running the workload 'CM_MLPERF_RUN_COUNT=$(cat ${CM_RUN_DIR}/count.txt); echo ${CM_MLPERF_RUN_COUNT}; CM_MLPERF_RUN_COUNT=$((CM_MLPERF_RUN_COUNT+1)); echo ${CM_MLPERF_RUN_COUNT} > ${CM_RUN_DIR}/count.txt && if [ ${CM_MLPERF_RUN_COUNT} -eq "1" ]; then export CM_MLPERF_USER_CONF=${CM_MLPERF_RANGING_USER_CONF}; else export CM_MLPERF_USER_CONF=${CM_MLPERF_TESTING_USER_CONF}; fi && /home/arjun/run.out'
client 2023-07-12 20:47:15,365 [INFO] Sending command to the server: 'time'
client 2023-07-12 20:47:15,369 [INFO] Got response: '1689191235.3598115'
client 2023-07-12 20:47:15,369 [INFO] The time difference between the client and the server is within range 6.082 ms..9.707 ms
client 2023-07-12 20:47:15,369 [INFO] Sending command to the server: 'session,2023-07-12_20-41-40,stop,ranging'
client 2023-07-12 20:47:25,877 [INFO] Got response: 'OK'
client 2023-07-12 20:47:25,877 [INFO] Sending command to the server: 'time'
client 2023-07-12 20:47:25,878 [INFO] Got response: '1689191245.867756'
client 2023-07-12 20:47:25,878 [INFO] The time difference between the client and the server is within range 9.443 ms..10.779 ms
client 2023-07-12 20:47:25,881 [INFO] Copying loadgen logs from '/home/arjun/mobilenet_results/valid_results/phoenix_Amd_Am5-tflite_cpp-cpu-tflite-vmaster-default_config/mobilenet-v1-precision_float-0.75-160/singlestream/performance/run_1' to '/home/arjun/mobilenet_results/valid_results/phoenix_Amd_Am5-tflite_cpp-cpu-tflite-vmaster-default_config/mobilenet-v1-precision_float-0.75-160/singlestream/performance/tmp_power/ranging'
client 2023-07-12 20:47:25,881 [INFO] Running workload in testing mode
client 2023-07-12 20:47:25,881 [INFO] Synchronizing with the server and with time.google.com...
client 2023-07-12 20:47:25,896 [INFO] NTP:offset = -0.001 s, delay = 0.014 s 
client 2023-07-12 20:47:25,896 [INFO] Sending command to the server: 'time'
client 2023-07-12 20:47:25,898 [INFO] Got response: '1689191245.8864233'
client 2023-07-12 20:47:25,898 [INFO] The time difference between the client and the server is within range 9.960 ms..11.864 ms
client 2023-07-12 20:47:25,898 [INFO] Sending command to the server: 'session,2023-07-12_20-41-40,start,testing'
client 2023-07-12 20:47:38,969 [INFO] Got response: 'OK'
client 2023-07-12 20:47:38,969 [INFO] Sending command to the server: 'time'
client 2023-07-12 20:47:38,972 [INFO] Got response: '1689191258.9581923'
client 2023-07-12 20:47:38,972 [INFO] The time difference between the client and the server is within range 11.311 ms..14.611 ms
client 2023-07-12 20:47:38,972 [INFO] Running the workload 'CM_MLPERF_RUN_COUNT=$(cat ${CM_RUN_DIR}/count.txt); echo ${CM_MLPERF_RUN_COUNT}; CM_MLPERF_RUN_COUNT=$((CM_MLPERF_RUN_COUNT+1)); echo ${CM_MLPERF_RUN_COUNT} > ${CM_RUN_DIR}/count.txt && if [ ${CM_MLPERF_RUN_COUNT} -eq "1" ]; then export CM_MLPERF_USER_CONF=${CM_MLPERF_RANGING_USER_CONF}; else export CM_MLPERF_USER_CONF=${CM_MLPERF_TESTING_USER_CONF}; fi && /home/arjun/run.out'
client 2023-07-12 20:57:39,985 [INFO] Sending command to the server: 'time'
client 2023-07-12 20:57:40,049 [INFO] Got response: '1689191860.0338826'
client 2023-07-12 20:57:40,050 [INFO] The time difference between the client and the server is within range -48.624 ms..16.184 ms
client 2023-07-12 20:57:40,050 [INFO] Sending command to the server: 'session,2023-07-12_20-41-40,stop,testing'
client 2023-07-12 20:57:51,420 [INFO] Got response: 'OK'
client 2023-07-12 20:57:51,420 [INFO] Sending command to the server: 'time'
client 2023-07-12 20:57:51,421 [INFO] Got response: '1689191871.4067805'
client 2023-07-12 20:57:51,422 [INFO] The time difference between the client and the server is within range 13.540 ms..15.209 ms
client 2023-07-12 20:57:51,422 [INFO] Copying loadgen logs from '/home/arjun/mobilenet_results/valid_results/phoenix_Amd_Am5-tflite_cpp-cpu-tflite-vmaster-default_config/mobilenet-v1-precision_float-0.75-160/singlestream/performance/run_1' to '/home/arjun/mobilenet_results/valid_results/phoenix_Amd_Am5-tflite_cpp-cpu-tflite-vmaster-default_config/mobilenet-v1-precision_float-0.75-160/singlestream/performance/tmp_power/run_1'
client 2023-07-12 20:57:51,429 [INFO] Done runs
