client 2023-07-13 08:16:55,215 [INFO] Creating output directory '/home/arjun/mobilenet_results/valid_results/phoenix_Amd_Am5-tflite_cpp-cpu-tflite-vmaster-default_config/mobilenet-v2-precision_uint8-0.35-224/singlestream/performance/tmp_power'
client 2023-07-13 08:16:55,217 [INFO] Sending command to the server: 'mlcommons/power client v3'
client 2023-07-13 08:16:55,220 [INFO] Got response: 'mlcommons/power server v3'
client 2023-07-13 08:16:55,220 [INFO] Synchronizing with the server and with time.google.com...
client 2023-07-13 08:16:55,238 [INFO] NTP:offset = 0.000 s, delay = 0.017 s 
client 2023-07-13 08:16:55,238 [INFO] Sending command to the server: 'time'
client 2023-07-13 08:16:55,241 [INFO] Got response: '1689232615.1754315'
client 2023-07-13 08:16:55,241 [INFO] The time difference between the client and the server is within range 63.456 ms..65.992 ms
client 2023-07-13 08:16:55,241 [INFO] Sending command to the server: 'new,,0f9eba38-75c4-4be4-b7a5-8742f270c451'
client 2023-07-13 08:16:55,244 [INFO] Got response: 'OK 2023-07-13_08-16-55,050aeec9-459b-4df0-89eb-d25857c8c54e'
client 2023-07-13 08:16:55,244 [INFO] Session id is '2023-07-13_08-16-55'
client 2023-07-13 08:16:55,244 [INFO] Sources: {"sources": {"__init__.py": "da39a3ee5e6b4b0d3255bfef95601890afd80709", "client.py": "33ca4f26368777ac06e01f9567b714a4b8063886", "lib/__init__.py": "da39a3ee5e6b4b0d3255bfef95601890afd80709", "lib/client.py": "ac2aa093c8e8bbc9569b9e2a3471bc64e58a2258", "lib/common.py": "611d8b29633d331eb19c9455ea3b5fa3284ed6df", "lib/external/__init__.py": "da39a3ee5e6b4b0d3255bfef95601890afd80709", "lib/external/ntplib.py": "4da8f970656505a40483206ef2b5d3dd5e81711d", "lib/server.py": "c7af63c31bb2fbedea4345f571f6e3507d268ada", "lib/source_hashes.py": "60a2e02193209e8d392803326208d5466342da18", "lib/summary.py": "aa92f0a3f975eecd44d3c0cd0236342ccc9f941d", "lib/time_sync.py": "122eba67a9abc85635223e054def53be1367ade2", "server.py": "c3f90f2f7eeb4db30727556d0c815ebc89b3d28b", "tests/unit/__init__.py": "da39a3ee5e6b4b0d3255bfef95601890afd80709", "tests/unit/test_server.py": "948c1995d4008bc2aa6c4046a34ffa3858d6d671", "tests/unit/test_source_hashes.py": "00468a2907583c593e6574a1f6b404e4651c221a"}, "modules": {"ptd_client_server.lib.client": "lib/client.py", "ptd_client_server.lib.common": "lib/common.py", "ptd_client_server.lib.external.ntplib": "lib/external/ntplib.py", "ptd_client_server.lib.source_hashes": "lib/source_hashes.py", "ptd_client_server.lib.summary": "lib/summary.py", "ptd_client_server.lib.time_sync": "lib/time_sync.py"}}
client 2023-07-13 08:16:55,244 [INFO] Running workload in ranging mode
client 2023-07-13 08:16:55,244 [INFO] Synchronizing with the server and with time.google.com...
client 2023-07-13 08:16:55,260 [INFO] NTP:offset = 0.000 s, delay = 0.015 s 
client 2023-07-13 08:16:55,260 [INFO] Sending command to the server: 'time'
client 2023-07-13 08:16:55,261 [INFO] Got response: '1689232615.1958632'
client 2023-07-13 08:16:55,262 [INFO] The time difference between the client and the server is within range 64.505 ms..66.208 ms
client 2023-07-13 08:16:55,262 [INFO] Sending command to the server: 'session,2023-07-13_08-16-55,start,ranging'
client 2023-07-13 08:17:19,111 [INFO] Got response: 'OK'
client 2023-07-13 08:17:19,111 [INFO] Sending command to the server: 'time'
client 2023-07-13 08:17:19,115 [INFO] Got response: '1689232639.0488677'
client 2023-07-13 08:17:19,115 [INFO] The time difference between the client and the server is within range 63.086 ms..66.858 ms
client 2023-07-13 08:17:19,115 [INFO] Running the workload 'CM_MLPERF_RUN_COUNT=$(cat ${CM_RUN_DIR}/count.txt); echo ${CM_MLPERF_RUN_COUNT}; CM_MLPERF_RUN_COUNT=$((CM_MLPERF_RUN_COUNT+1)); echo ${CM_MLPERF_RUN_COUNT} > ${CM_RUN_DIR}/count.txt && if [ ${CM_MLPERF_RUN_COUNT} -eq "1" ]; then export CM_MLPERF_USER_CONF=${CM_MLPERF_RANGING_USER_CONF}; else export CM_MLPERF_USER_CONF=${CM_MLPERF_TESTING_USER_CONF}; fi && /home/arjun/run.out'
client 2023-07-13 08:22:19,669 [INFO] Sending command to the server: 'time'
client 2023-07-13 08:22:19,671 [INFO] Got response: '1689232939.6024463'
client 2023-07-13 08:22:19,671 [INFO] The time difference between the client and the server is within range 67.045 ms..69.473 ms
client 2023-07-13 08:22:19,671 [INFO] Sending command to the server: 'session,2023-07-13_08-16-55,stop,ranging'
client 2023-07-13 08:22:30,497 [INFO] Got response: 'OK'
client 2023-07-13 08:22:30,497 [INFO] Sending command to the server: 'time'
client 2023-07-13 08:22:30,499 [INFO] Got response: '1689232950.431887'
client 2023-07-13 08:22:30,499 [INFO] The time difference between the client and the server is within range 65.998 ms..67.959 ms
client 2023-07-13 08:22:30,502 [INFO] Copying loadgen logs from '/home/arjun/mobilenet_results/valid_results/phoenix_Amd_Am5-tflite_cpp-cpu-tflite-vmaster-default_config/mobilenet-v2-precision_uint8-0.35-224/singlestream/performance/run_1' to '/home/arjun/mobilenet_results/valid_results/phoenix_Amd_Am5-tflite_cpp-cpu-tflite-vmaster-default_config/mobilenet-v2-precision_uint8-0.35-224/singlestream/performance/tmp_power/ranging'
client 2023-07-13 08:22:30,507 [INFO] Running workload in testing mode
client 2023-07-13 08:22:30,507 [INFO] Synchronizing with the server and with time.google.com...
client 2023-07-13 08:22:30,522 [INFO] NTP:offset = 0.000 s, delay = 0.015 s 
client 2023-07-13 08:22:30,522 [INFO] Sending command to the server: 'time'
client 2023-07-13 08:22:30,525 [INFO] Got response: '1689232950.4530377'
client 2023-07-13 08:22:30,525 [INFO] The time difference between the client and the server is within range 69.931 ms..72.613 ms
client 2023-07-13 08:22:30,525 [INFO] Sending command to the server: 'session,2023-07-13_08-16-55,start,testing'
client 2023-07-13 08:22:43,595 [INFO] Got response: 'OK'
client 2023-07-13 08:22:43,596 [INFO] Sending command to the server: 'time'
client 2023-07-13 08:22:43,599 [INFO] Got response: '1689232963.5270848'
client 2023-07-13 08:22:43,599 [INFO] The time difference between the client and the server is within range 68.942 ms..72.077 ms
client 2023-07-13 08:22:43,599 [INFO] Running the workload 'CM_MLPERF_RUN_COUNT=$(cat ${CM_RUN_DIR}/count.txt); echo ${CM_MLPERF_RUN_COUNT}; CM_MLPERF_RUN_COUNT=$((CM_MLPERF_RUN_COUNT+1)); echo ${CM_MLPERF_RUN_COUNT} > ${CM_RUN_DIR}/count.txt && if [ ${CM_MLPERF_RUN_COUNT} -eq "1" ]; then export CM_MLPERF_USER_CONF=${CM_MLPERF_RANGING_USER_CONF}; else export CM_MLPERF_USER_CONF=${CM_MLPERF_TESTING_USER_CONF}; fi && /home/arjun/run.out'
client 2023-07-13 08:32:44,662 [INFO] Sending command to the server: 'time'
client 2023-07-13 08:32:44,668 [INFO] Got response: '1689233564.605546'
client 2023-07-13 08:32:44,668 [INFO] The time difference between the client and the server is within range 56.709 ms..62.806 ms
client 2023-07-13 08:32:44,668 [INFO] Sending command to the server: 'session,2023-07-13_08-16-55,stop,testing'
client 2023-07-13 08:32:55,646 [INFO] Got response: 'OK'
client 2023-07-13 08:32:55,647 [INFO] Sending command to the server: 'time'
client 2023-07-13 08:32:55,648 [INFO] Got response: '1689233575.5805285'
client 2023-07-13 08:32:55,648 [INFO] The time difference between the client and the server is within range 66.562 ms..67.793 ms
client 2023-07-13 08:32:55,648 [INFO] Copying loadgen logs from '/home/arjun/mobilenet_results/valid_results/phoenix_Amd_Am5-tflite_cpp-cpu-tflite-vmaster-default_config/mobilenet-v2-precision_uint8-0.35-224/singlestream/performance/run_1' to '/home/arjun/mobilenet_results/valid_results/phoenix_Amd_Am5-tflite_cpp-cpu-tflite-vmaster-default_config/mobilenet-v2-precision_uint8-0.35-224/singlestream/performance/tmp_power/run_1'
client 2023-07-13 08:32:55,649 [INFO] Done runs
