client 2023-07-26 19:27:54,166 [INFO] Creating output directory '/home/cmuser/mobilenet_results/valid_results/bb3b3f2d4d2e-tflite_cpp-cpu-tflite-vmaster-default_config/mobilenet-v2-precision_uint8-0.5-160/singlestream/performance/tmp_power'
client 2023-07-26 19:27:54,167 [INFO] Sending command to the server: 'mlcommons/power client v3'
client 2023-07-26 19:27:54,170 [INFO] Got response: 'mlcommons/power server v3'
client 2023-07-26 19:27:54,170 [INFO] Synchronizing with the server and with time.google.com...
client 2023-07-26 19:27:54,229 [INFO] NTP:offset = -0.000 s, delay = 0.018 s 
client 2023-07-26 19:27:54,229 [INFO] Sending command to the server: 'time'
client 2023-07-26 19:27:54,232 [INFO] Got response: '1690424874.2208035'
client 2023-07-26 19:27:54,232 [INFO] The time difference between the client and the server is within range 8.546 ms..11.373 ms
client 2023-07-26 19:27:54,232 [INFO] Sending command to the server: 'new,,328b83e0-be25-4509-9e47-3babd38004b2'
client 2023-07-26 19:27:54,236 [INFO] Got response: 'OK 2023-07-27_03-27-54,3d5e6c1b-5319-4f38-af04-ee795fe98dcd'
client 2023-07-26 19:27:54,236 [INFO] Session id is '2023-07-27_03-27-54'
client 2023-07-26 19:27:54,236 [INFO] Sources: {"sources": {"__init__.py": "da39a3ee5e6b4b0d3255bfef95601890afd80709", "client.py": "33ca4f26368777ac06e01f9567b714a4b8063886", "lib/__init__.py": "da39a3ee5e6b4b0d3255bfef95601890afd80709", "lib/client.py": "ac2aa093c8e8bbc9569b9e2a3471bc64e58a2258", "lib/common.py": "611d8b29633d331eb19c9455ea3b5fa3284ed6df", "lib/external/__init__.py": "da39a3ee5e6b4b0d3255bfef95601890afd80709", "lib/external/ntplib.py": "4da8f970656505a40483206ef2b5d3dd5e81711d", "lib/server.py": "c7af63c31bb2fbedea4345f571f6e3507d268ada", "lib/source_hashes.py": "60a2e02193209e8d392803326208d5466342da18", "lib/summary.py": "aa92f0a3f975eecd44d3c0cd0236342ccc9f941d", "lib/time_sync.py": "122eba67a9abc85635223e054def53be1367ade2", "server.py": "c3f90f2f7eeb4db30727556d0c815ebc89b3d28b", "tests/unit/__init__.py": "da39a3ee5e6b4b0d3255bfef95601890afd80709", "tests/unit/test_server.py": "948c1995d4008bc2aa6c4046a34ffa3858d6d671", "tests/unit/test_source_hashes.py": "00468a2907583c593e6574a1f6b404e4651c221a"}, "modules": {"ptd_client_server.lib.client": "lib/client.py", "ptd_client_server.lib.common": "lib/common.py", "ptd_client_server.lib.external.ntplib": "lib/external/ntplib.py", "ptd_client_server.lib.source_hashes": "lib/source_hashes.py", "ptd_client_server.lib.summary": "lib/summary.py", "ptd_client_server.lib.time_sync": "lib/time_sync.py"}}
client 2023-07-26 19:27:54,236 [INFO] Running workload in ranging mode
client 2023-07-26 19:27:54,236 [INFO] Synchronizing with the server and with time.google.com...
client 2023-07-26 19:27:54,287 [INFO] NTP:offset = -0.001 s, delay = 0.016 s 
client 2023-07-26 19:27:54,287 [INFO] Sending command to the server: 'time'
client 2023-07-26 19:27:54,291 [INFO] Got response: '1690424874.2806044'
client 2023-07-26 19:27:54,291 [INFO] The time difference between the client and the server is within range 6.556 ms..10.786 ms
client 2023-07-26 19:27:54,291 [INFO] Sending command to the server: 'session,2023-07-27_03-27-54,start,ranging'
client 2023-07-26 19:28:18,162 [INFO] Got response: 'OK'
client 2023-07-26 19:28:18,162 [INFO] Sending command to the server: 'time'
client 2023-07-26 19:28:18,165 [INFO] Got response: '1690424898.1575897'
client 2023-07-26 19:28:18,165 [INFO] The time difference between the client and the server is within range 4.952 ms..7.858 ms
client 2023-07-26 19:28:18,165 [INFO] Running the workload 'CM_MLPERF_RUN_COUNT=$(cat ${CM_RUN_DIR}/count.txt); echo ${CM_MLPERF_RUN_COUNT}; CM_MLPERF_RUN_COUNT=$((CM_MLPERF_RUN_COUNT+1)); echo ${CM_MLPERF_RUN_COUNT} > ${CM_RUN_DIR}/count.txt && if [ ${CM_MLPERF_RUN_COUNT} -eq "1" ]; then export CM_MLPERF_USER_CONF=${CM_MLPERF_RANGING_USER_CONF}; else export CM_MLPERF_USER_CONF=${CM_MLPERF_TESTING_USER_CONF}; fi && /home/cmuser/run.out'
client 2023-07-26 19:33:18,782 [INFO] Sending command to the server: 'time'
client 2023-07-26 19:33:18,785 [INFO] Got response: '1690425198.7728798'
client 2023-07-26 19:33:18,785 [INFO] The time difference between the client and the server is within range 9.142 ms..12.823 ms
client 2023-07-26 19:33:18,785 [INFO] Sending command to the server: 'session,2023-07-27_03-27-54,stop,ranging'
client 2023-07-26 19:33:29,464 [INFO] Got response: 'OK'
client 2023-07-26 19:33:29,464 [INFO] Sending command to the server: 'time'
client 2023-07-26 19:33:29,466 [INFO] Got response: '1690425209.4501739'
client 2023-07-26 19:33:29,466 [INFO] The time difference between the client and the server is within range 14.657 ms..16.189 ms
client 2023-07-26 19:33:29,469 [INFO] Copying loadgen logs from '/home/cmuser/mobilenet_results/valid_results/bb3b3f2d4d2e-tflite_cpp-cpu-tflite-vmaster-default_config/mobilenet-v2-precision_uint8-0.5-160/singlestream/performance/run_1' to '/home/cmuser/mobilenet_results/valid_results/bb3b3f2d4d2e-tflite_cpp-cpu-tflite-vmaster-default_config/mobilenet-v2-precision_uint8-0.5-160/singlestream/performance/tmp_power/ranging'
client 2023-07-26 19:33:29,470 [INFO] Running workload in testing mode
client 2023-07-26 19:33:29,470 [INFO] Synchronizing with the server and with time.google.com...
client 2023-07-26 19:33:29,530 [INFO] NTP:offset = -0.001 s, delay = 0.013 s 
client 2023-07-26 19:33:29,530 [INFO] Sending command to the server: 'time'
client 2023-07-26 19:33:29,534 [INFO] Got response: '1690425209.52101'
client 2023-07-26 19:33:29,534 [INFO] The time difference between the client and the server is within range 9.830 ms..13.141 ms
client 2023-07-26 19:33:29,534 [INFO] Sending command to the server: 'session,2023-07-27_03-27-54,start,testing'
client 2023-07-26 19:33:42,598 [INFO] Got response: 'OK'
client 2023-07-26 19:33:42,598 [INFO] Sending command to the server: 'time'
client 2023-07-26 19:33:42,602 [INFO] Got response: '1690425222.5847955'
client 2023-07-26 19:33:42,602 [INFO] The time difference between the client and the server is within range 14.088 ms..17.344 ms
client 2023-07-26 19:33:42,602 [INFO] Running the workload 'CM_MLPERF_RUN_COUNT=$(cat ${CM_RUN_DIR}/count.txt); echo ${CM_MLPERF_RUN_COUNT}; CM_MLPERF_RUN_COUNT=$((CM_MLPERF_RUN_COUNT+1)); echo ${CM_MLPERF_RUN_COUNT} > ${CM_RUN_DIR}/count.txt && if [ ${CM_MLPERF_RUN_COUNT} -eq "1" ]; then export CM_MLPERF_USER_CONF=${CM_MLPERF_RANGING_USER_CONF}; else export CM_MLPERF_USER_CONF=${CM_MLPERF_TESTING_USER_CONF}; fi && /home/cmuser/run.out'
client 2023-07-26 19:43:43,784 [INFO] Sending command to the server: 'time'
client 2023-07-26 19:43:43,788 [INFO] Got response: '1690425823.7681746'
client 2023-07-26 19:43:43,788 [INFO] The time difference between the client and the server is within range 16.328 ms..19.939 ms
client 2023-07-26 19:43:43,788 [INFO] Sending command to the server: 'session,2023-07-27_03-27-54,stop,testing'
client 2023-07-26 19:43:54,654 [INFO] Got response: 'OK'
client 2023-07-26 19:43:54,654 [INFO] Sending command to the server: 'time'
client 2023-07-26 19:43:54,656 [INFO] Got response: '1690425834.636319'
client 2023-07-26 19:43:54,656 [INFO] The time difference between the client and the server is within range 18.600 ms..19.949 ms
client 2023-07-26 19:43:54,656 [INFO] Copying loadgen logs from '/home/cmuser/mobilenet_results/valid_results/bb3b3f2d4d2e-tflite_cpp-cpu-tflite-vmaster-default_config/mobilenet-v2-precision_uint8-0.5-160/singlestream/performance/run_1' to '/home/cmuser/mobilenet_results/valid_results/bb3b3f2d4d2e-tflite_cpp-cpu-tflite-vmaster-default_config/mobilenet-v2-precision_uint8-0.5-160/singlestream/performance/tmp_power/run_1'
client 2023-07-26 19:43:54,657 [INFO] Done runs
