client 2023-07-13 09:05:22,433 [INFO] Creating output directory '/home/arjun/mobilenet_results/valid_results/phoenix_Amd_Am5-tflite_cpp-cpu-tflite-vmaster-default_config/mobilenet-v2-precision_float-0.35-160/singlestream/performance/tmp_power'
client 2023-07-13 09:05:22,434 [INFO] Sending command to the server: 'mlcommons/power client v3'
client 2023-07-13 09:05:22,437 [INFO] Got response: 'mlcommons/power server v3'
client 2023-07-13 09:05:22,437 [INFO] Synchronizing with the server and with time.google.com...
client 2023-07-13 09:05:22,453 [INFO] NTP:offset = -0.001 s, delay = 0.014 s 
client 2023-07-13 09:05:22,453 [INFO] Sending command to the server: 'time'
client 2023-07-13 09:05:22,459 [INFO] Got response: '1689235522.3879473'
client 2023-07-13 09:05:22,459 [INFO] The time difference between the client and the server is within range 65.286 ms..71.543 ms
client 2023-07-13 09:05:22,459 [INFO] Sending command to the server: 'new,,c29fe00f-9112-4f94-ac51-2599c8c75213'
client 2023-07-13 09:05:22,462 [INFO] Got response: 'OK 2023-07-13_09-05-22,83386451-40c3-44e9-9946-7c955db60c23'
client 2023-07-13 09:05:22,462 [INFO] Session id is '2023-07-13_09-05-22'
client 2023-07-13 09:05:22,462 [INFO] Sources: {"sources": {"__init__.py": "da39a3ee5e6b4b0d3255bfef95601890afd80709", "client.py": "33ca4f26368777ac06e01f9567b714a4b8063886", "lib/__init__.py": "da39a3ee5e6b4b0d3255bfef95601890afd80709", "lib/client.py": "ac2aa093c8e8bbc9569b9e2a3471bc64e58a2258", "lib/common.py": "611d8b29633d331eb19c9455ea3b5fa3284ed6df", "lib/external/__init__.py": "da39a3ee5e6b4b0d3255bfef95601890afd80709", "lib/external/ntplib.py": "4da8f970656505a40483206ef2b5d3dd5e81711d", "lib/server.py": "c7af63c31bb2fbedea4345f571f6e3507d268ada", "lib/source_hashes.py": "60a2e02193209e8d392803326208d5466342da18", "lib/summary.py": "aa92f0a3f975eecd44d3c0cd0236342ccc9f941d", "lib/time_sync.py": "122eba67a9abc85635223e054def53be1367ade2", "server.py": "c3f90f2f7eeb4db30727556d0c815ebc89b3d28b", "tests/unit/__init__.py": "da39a3ee5e6b4b0d3255bfef95601890afd80709", "tests/unit/test_server.py": "948c1995d4008bc2aa6c4046a34ffa3858d6d671", "tests/unit/test_source_hashes.py": "00468a2907583c593e6574a1f6b404e4651c221a"}, "modules": {"ptd_client_server.lib.client": "lib/client.py", "ptd_client_server.lib.common": "lib/common.py", "ptd_client_server.lib.external.ntplib": "lib/external/ntplib.py", "ptd_client_server.lib.source_hashes": "lib/source_hashes.py", "ptd_client_server.lib.summary": "lib/summary.py", "ptd_client_server.lib.time_sync": "lib/time_sync.py"}}
client 2023-07-13 09:05:22,462 [INFO] Running workload in ranging mode
client 2023-07-13 09:05:22,462 [INFO] Synchronizing with the server and with time.google.com...
client 2023-07-13 09:05:22,475 [INFO] NTP:offset = -0.001 s, delay = 0.013 s 
client 2023-07-13 09:05:22,475 [INFO] Sending command to the server: 'time'
client 2023-07-13 09:05:22,478 [INFO] Got response: '1689235522.408695'
client 2023-07-13 09:05:22,478 [INFO] The time difference between the client and the server is within range 66.937 ms..70.245 ms
client 2023-07-13 09:05:22,478 [INFO] Sending command to the server: 'session,2023-07-13_09-05-22,start,ranging'
client 2023-07-13 09:05:46,290 [INFO] Got response: 'OK'
client 2023-07-13 09:05:46,290 [INFO] Sending command to the server: 'time'
client 2023-07-13 09:05:46,293 [INFO] Got response: '1689235546.220464'
client 2023-07-13 09:05:46,293 [INFO] The time difference between the client and the server is within range 70.432 ms..73.490 ms
client 2023-07-13 09:05:46,294 [INFO] Running the workload 'CM_MLPERF_RUN_COUNT=$(cat ${CM_RUN_DIR}/count.txt); echo ${CM_MLPERF_RUN_COUNT}; CM_MLPERF_RUN_COUNT=$((CM_MLPERF_RUN_COUNT+1)); echo ${CM_MLPERF_RUN_COUNT} > ${CM_RUN_DIR}/count.txt && if [ ${CM_MLPERF_RUN_COUNT} -eq "1" ]; then export CM_MLPERF_USER_CONF=${CM_MLPERF_RANGING_USER_CONF}; else export CM_MLPERF_USER_CONF=${CM_MLPERF_TESTING_USER_CONF}; fi && /home/arjun/run.out'
client 2023-07-13 09:10:46,918 [INFO] Sending command to the server: 'time'
client 2023-07-13 09:10:46,921 [INFO] Got response: '1689235846.853592'
client 2023-07-13 09:10:46,921 [INFO] The time difference between the client and the server is within range 64.436 ms..67.803 ms
client 2023-07-13 09:10:46,921 [INFO] Sending command to the server: 'session,2023-07-13_09-05-22,stop,ranging'
client 2023-07-13 09:10:57,429 [INFO] Got response: 'OK'
client 2023-07-13 09:10:57,429 [INFO] Sending command to the server: 'time'
client 2023-07-13 09:10:57,431 [INFO] Got response: '1689235857.3642676'
client 2023-07-13 09:10:57,431 [INFO] The time difference between the client and the server is within range 65.096 ms..66.906 ms
client 2023-07-13 09:10:57,433 [INFO] Copying loadgen logs from '/home/arjun/mobilenet_results/valid_results/phoenix_Amd_Am5-tflite_cpp-cpu-tflite-vmaster-default_config/mobilenet-v2-precision_float-0.35-160/singlestream/performance/run_1' to '/home/arjun/mobilenet_results/valid_results/phoenix_Amd_Am5-tflite_cpp-cpu-tflite-vmaster-default_config/mobilenet-v2-precision_float-0.35-160/singlestream/performance/tmp_power/ranging'
client 2023-07-13 09:10:57,433 [INFO] Running workload in testing mode
client 2023-07-13 09:10:57,433 [INFO] Synchronizing with the server and with time.google.com...
client 2023-07-13 09:10:57,457 [INFO] NTP:offset = -0.001 s, delay = 0.013 s 
client 2023-07-13 09:10:57,457 [INFO] Sending command to the server: 'time'
client 2023-07-13 09:10:57,459 [INFO] Got response: '1689235857.3942695'
client 2023-07-13 09:10:57,460 [INFO] The time difference between the client and the server is within range 62.898 ms..65.732 ms
client 2023-07-13 09:10:57,460 [INFO] Sending command to the server: 'session,2023-07-13_09-05-22,start,testing'
client 2023-07-13 09:11:10,520 [INFO] Got response: 'OK'
client 2023-07-13 09:11:10,520 [INFO] Sending command to the server: 'time'
client 2023-07-13 09:11:10,523 [INFO] Got response: '1689235870.4560137'
client 2023-07-13 09:11:10,523 [INFO] The time difference between the client and the server is within range 64.292 ms..67.282 ms
client 2023-07-13 09:11:10,523 [INFO] Running the workload 'CM_MLPERF_RUN_COUNT=$(cat ${CM_RUN_DIR}/count.txt); echo ${CM_MLPERF_RUN_COUNT}; CM_MLPERF_RUN_COUNT=$((CM_MLPERF_RUN_COUNT+1)); echo ${CM_MLPERF_RUN_COUNT} > ${CM_RUN_DIR}/count.txt && if [ ${CM_MLPERF_RUN_COUNT} -eq "1" ]; then export CM_MLPERF_USER_CONF=${CM_MLPERF_RANGING_USER_CONF}; else export CM_MLPERF_USER_CONF=${CM_MLPERF_TESTING_USER_CONF}; fi && /home/arjun/run.out'
client 2023-07-13 09:21:11,727 [INFO] Sending command to the server: 'time'
client 2023-07-13 09:21:11,731 [INFO] Got response: '1689236471.660842'
client 2023-07-13 09:21:11,731 [INFO] The time difference between the client and the server is within range 67.119 ms..70.579 ms
client 2023-07-13 09:21:11,731 [INFO] Sending command to the server: 'session,2023-07-13_09-05-22,stop,testing'
client 2023-07-13 09:21:22,583 [INFO] Got response: 'OK'
client 2023-07-13 09:21:22,583 [INFO] Sending command to the server: 'time'
client 2023-07-13 09:21:22,584 [INFO] Got response: '1689236482.5138643'
client 2023-07-13 09:21:22,585 [INFO] The time difference between the client and the server is within range 69.436 ms..71.200 ms
client 2023-07-13 09:21:22,585 [INFO] Copying loadgen logs from '/home/arjun/mobilenet_results/valid_results/phoenix_Amd_Am5-tflite_cpp-cpu-tflite-vmaster-default_config/mobilenet-v2-precision_float-0.35-160/singlestream/performance/run_1' to '/home/arjun/mobilenet_results/valid_results/phoenix_Amd_Am5-tflite_cpp-cpu-tflite-vmaster-default_config/mobilenet-v2-precision_float-0.35-160/singlestream/performance/tmp_power/run_1'
client 2023-07-13 09:21:22,592 [INFO] Done runs
