client 2023-07-27 02:43:31,913 [INFO] Creating output directory '/home/cmuser/mobilenet_results/valid_results/bb3b3f2d4d2e-tflite_cpp-cpu-tflite-vmaster-default_config/efficientnet-int8-lite4/singlestream/performance/tmp_power'
client 2023-07-27 02:43:31,915 [INFO] Sending command to the server: 'mlcommons/power client v3'
client 2023-07-27 02:43:31,919 [INFO] Got response: 'mlcommons/power server v3'
client 2023-07-27 02:43:31,919 [INFO] Synchronizing with the server and with time.google.com...
client 2023-07-27 02:43:31,995 [INFO] NTP:offset = -0.002 s, delay = 0.013 s 
client 2023-07-27 02:43:31,996 [INFO] Sending command to the server: 'time'
client 2023-07-27 02:43:31,998 [INFO] Got response: '1690451011.8503017'
client 2023-07-27 02:43:31,998 [INFO] The time difference between the client and the server is within range 145.760 ms..148.311 ms
client 2023-07-27 02:43:31,998 [INFO] Sending command to the server: 'new,,a4bdf5ac-b838-40ba-b05d-1743bda58cf9'
client 2023-07-27 02:43:32,001 [INFO] Got response: 'OK 2023-07-27_10-43-31,24f579f2-3c6c-4d08-9daa-118eebd5ca28'
client 2023-07-27 02:43:32,001 [INFO] Session id is '2023-07-27_10-43-31'
client 2023-07-27 02:43:32,001 [INFO] Sources: {"sources": {"__init__.py": "da39a3ee5e6b4b0d3255bfef95601890afd80709", "client.py": "33ca4f26368777ac06e01f9567b714a4b8063886", "lib/__init__.py": "da39a3ee5e6b4b0d3255bfef95601890afd80709", "lib/client.py": "ac2aa093c8e8bbc9569b9e2a3471bc64e58a2258", "lib/common.py": "611d8b29633d331eb19c9455ea3b5fa3284ed6df", "lib/external/__init__.py": "da39a3ee5e6b4b0d3255bfef95601890afd80709", "lib/external/ntplib.py": "4da8f970656505a40483206ef2b5d3dd5e81711d", "lib/server.py": "c7af63c31bb2fbedea4345f571f6e3507d268ada", "lib/source_hashes.py": "60a2e02193209e8d392803326208d5466342da18", "lib/summary.py": "aa92f0a3f975eecd44d3c0cd0236342ccc9f941d", "lib/time_sync.py": "122eba67a9abc85635223e054def53be1367ade2", "server.py": "c3f90f2f7eeb4db30727556d0c815ebc89b3d28b", "tests/unit/__init__.py": "da39a3ee5e6b4b0d3255bfef95601890afd80709", "tests/unit/test_server.py": "948c1995d4008bc2aa6c4046a34ffa3858d6d671", "tests/unit/test_source_hashes.py": "00468a2907583c593e6574a1f6b404e4651c221a"}, "modules": {"ptd_client_server.lib.client": "lib/client.py", "ptd_client_server.lib.common": "lib/common.py", "ptd_client_server.lib.external.ntplib": "lib/external/ntplib.py", "ptd_client_server.lib.source_hashes": "lib/source_hashes.py", "ptd_client_server.lib.summary": "lib/summary.py", "ptd_client_server.lib.time_sync": "lib/time_sync.py"}}
client 2023-07-27 02:43:32,001 [INFO] Running workload in ranging mode
client 2023-07-27 02:43:32,001 [INFO] Synchronizing with the server and with time.google.com...
client 2023-07-27 02:43:32,082 [INFO] NTP:offset = -0.002 s, delay = 0.015 s 
client 2023-07-27 02:43:32,082 [INFO] Sending command to the server: 'time'
client 2023-07-27 02:43:32,085 [INFO] Got response: '1690451011.9315326'
client 2023-07-27 02:43:32,085 [INFO] The time difference between the client and the server is within range 150.758 ms..154.312 ms
client 2023-07-27 02:43:32,085 [INFO] Sending command to the server: 'session,2023-07-27_10-43-31,start,ranging'
client 2023-07-27 02:43:55,920 [INFO] Got response: 'OK'
client 2023-07-27 02:43:55,920 [INFO] Sending command to the server: 'time'
client 2023-07-27 02:43:55,924 [INFO] Got response: '1690451035.773643'
client 2023-07-27 02:43:55,924 [INFO] The time difference between the client and the server is within range 147.139 ms..150.466 ms
client 2023-07-27 02:43:55,924 [INFO] Running the workload 'CM_MLPERF_RUN_COUNT=$(cat ${CM_RUN_DIR}/count.txt); echo ${CM_MLPERF_RUN_COUNT}; CM_MLPERF_RUN_COUNT=$((CM_MLPERF_RUN_COUNT+1)); echo ${CM_MLPERF_RUN_COUNT} > ${CM_RUN_DIR}/count.txt && if [ ${CM_MLPERF_RUN_COUNT} -eq "1" ]; then export CM_MLPERF_USER_CONF=${CM_MLPERF_RANGING_USER_CONF}; else export CM_MLPERF_USER_CONF=${CM_MLPERF_TESTING_USER_CONF}; fi && /home/cmuser/run.out'
client 2023-07-27 02:48:56,577 [INFO] Sending command to the server: 'time'
client 2023-07-27 02:48:56,582 [INFO] Got response: '1690451336.428774'
client 2023-07-27 02:48:56,582 [INFO] The time difference between the client and the server is within range 148.889 ms..154.046 ms
client 2023-07-27 02:48:56,582 [INFO] Sending command to the server: 'session,2023-07-27_10-43-31,stop,ranging'
client 2023-07-27 02:49:07,128 [INFO] Got response: 'OK'
client 2023-07-27 02:49:07,129 [INFO] Sending command to the server: 'time'
client 2023-07-27 02:49:07,131 [INFO] Got response: '1690451346.978342'
client 2023-07-27 02:49:07,131 [INFO] The time difference between the client and the server is within range 150.711 ms..153.296 ms
client 2023-07-27 02:49:07,135 [INFO] Copying loadgen logs from '/home/cmuser/mobilenet_results/valid_results/bb3b3f2d4d2e-tflite_cpp-cpu-tflite-vmaster-default_config/efficientnet-int8-lite4/singlestream/performance/run_1' to '/home/cmuser/mobilenet_results/valid_results/bb3b3f2d4d2e-tflite_cpp-cpu-tflite-vmaster-default_config/efficientnet-int8-lite4/singlestream/performance/tmp_power/ranging'
client 2023-07-27 02:49:07,135 [INFO] Running workload in testing mode
client 2023-07-27 02:49:07,135 [INFO] Synchronizing with the server and with time.google.com...
client 2023-07-27 02:49:07,199 [INFO] NTP:offset = -0.002 s, delay = 0.016 s 
client 2023-07-27 02:49:07,199 [INFO] Sending command to the server: 'time'
client 2023-07-27 02:49:07,202 [INFO] Got response: '1690451347.0499918'
client 2023-07-27 02:49:07,202 [INFO] The time difference between the client and the server is within range 149.920 ms..152.560 ms
client 2023-07-27 02:49:07,202 [INFO] Sending command to the server: 'session,2023-07-27_10-43-31,start,testing'
client 2023-07-27 02:49:20,244 [INFO] Got response: 'OK'
client 2023-07-27 02:49:20,244 [INFO] Sending command to the server: 'time'
client 2023-07-27 02:49:20,247 [INFO] Got response: '1690451360.0948653'
client 2023-07-27 02:49:20,247 [INFO] The time difference between the client and the server is within range 149.926 ms..152.475 ms
client 2023-07-27 02:49:20,247 [INFO] Running the workload 'CM_MLPERF_RUN_COUNT=$(cat ${CM_RUN_DIR}/count.txt); echo ${CM_MLPERF_RUN_COUNT}; CM_MLPERF_RUN_COUNT=$((CM_MLPERF_RUN_COUNT+1)); echo ${CM_MLPERF_RUN_COUNT} > ${CM_RUN_DIR}/count.txt && if [ ${CM_MLPERF_RUN_COUNT} -eq "1" ]; then export CM_MLPERF_USER_CONF=${CM_MLPERF_RANGING_USER_CONF}; else export CM_MLPERF_USER_CONF=${CM_MLPERF_TESTING_USER_CONF}; fi && /home/cmuser/run.out'
client 2023-07-27 02:59:21,316 [INFO] Sending command to the server: 'time'
client 2023-07-27 02:59:21,320 [INFO] Got response: '1690451961.1654336'
client 2023-07-27 02:59:21,320 [INFO] The time difference between the client and the server is within range 151.259 ms..154.907 ms
client 2023-07-27 02:59:21,320 [INFO] Sending command to the server: 'session,2023-07-27_10-43-31,stop,testing'
client 2023-07-27 02:59:32,332 [INFO] Got response: 'OK'
client 2023-07-27 02:59:32,332 [INFO] Sending command to the server: 'time'
client 2023-07-27 02:59:32,334 [INFO] Got response: '1690451972.1759648'
client 2023-07-27 02:59:32,334 [INFO] The time difference between the client and the server is within range 156.904 ms..158.605 ms
client 2023-07-27 02:59:32,335 [INFO] Copying loadgen logs from '/home/cmuser/mobilenet_results/valid_results/bb3b3f2d4d2e-tflite_cpp-cpu-tflite-vmaster-default_config/efficientnet-int8-lite4/singlestream/performance/run_1' to '/home/cmuser/mobilenet_results/valid_results/bb3b3f2d4d2e-tflite_cpp-cpu-tflite-vmaster-default_config/efficientnet-int8-lite4/singlestream/performance/tmp_power/run_1'
client 2023-07-27 02:59:32,335 [INFO] Done runs
