client 2023-07-13 02:37:51,480 [INFO] Creating output directory '/home/arjun/mobilenet_results/valid_results/phoenix_Amd_Am5-tflite_cpp-cpu-tflite-vmaster-default_config/mobilenet-v2-precision_float-1.0-160/singlestream/performance/tmp_power'
client 2023-07-13 02:37:51,482 [INFO] Sending command to the server: 'mlcommons/power client v3'
client 2023-07-13 02:37:51,484 [INFO] Got response: 'mlcommons/power server v3'
client 2023-07-13 02:37:51,484 [INFO] Synchronizing with the server and with time.google.com...
client 2023-07-13 02:37:51,500 [INFO] NTP:offset = 0.001 s, delay = 0.014 s 
client 2023-07-13 02:37:51,500 [INFO] Sending command to the server: 'time'
client 2023-07-13 02:37:51,503 [INFO] Got response: '1689212271.42116'
client 2023-07-13 02:37:51,503 [INFO] The time difference between the client and the server is within range 79.070 ms..82.609 ms
client 2023-07-13 02:37:51,503 [INFO] Sending command to the server: 'new,,a28026e3-ab5d-41f3-990d-9da37b0c89ec'
client 2023-07-13 02:37:51,506 [INFO] Got response: 'OK 2023-07-13_02-37-51,eb338ef7-ea15-4056-aac3-3b94649d00fa'
client 2023-07-13 02:37:51,506 [INFO] Session id is '2023-07-13_02-37-51'
client 2023-07-13 02:37:51,506 [INFO] Sources: {"sources": {"__init__.py": "da39a3ee5e6b4b0d3255bfef95601890afd80709", "client.py": "33ca4f26368777ac06e01f9567b714a4b8063886", "lib/__init__.py": "da39a3ee5e6b4b0d3255bfef95601890afd80709", "lib/client.py": "ac2aa093c8e8bbc9569b9e2a3471bc64e58a2258", "lib/common.py": "611d8b29633d331eb19c9455ea3b5fa3284ed6df", "lib/external/__init__.py": "da39a3ee5e6b4b0d3255bfef95601890afd80709", "lib/external/ntplib.py": "4da8f970656505a40483206ef2b5d3dd5e81711d", "lib/server.py": "c7af63c31bb2fbedea4345f571f6e3507d268ada", "lib/source_hashes.py": "60a2e02193209e8d392803326208d5466342da18", "lib/summary.py": "aa92f0a3f975eecd44d3c0cd0236342ccc9f941d", "lib/time_sync.py": "122eba67a9abc85635223e054def53be1367ade2", "server.py": "c3f90f2f7eeb4db30727556d0c815ebc89b3d28b", "tests/unit/__init__.py": "da39a3ee5e6b4b0d3255bfef95601890afd80709", "tests/unit/test_server.py": "948c1995d4008bc2aa6c4046a34ffa3858d6d671", "tests/unit/test_source_hashes.py": "00468a2907583c593e6574a1f6b404e4651c221a"}, "modules": {"ptd_client_server.lib.client": "lib/client.py", "ptd_client_server.lib.common": "lib/common.py", "ptd_client_server.lib.external.ntplib": "lib/external/ntplib.py", "ptd_client_server.lib.source_hashes": "lib/source_hashes.py", "ptd_client_server.lib.summary": "lib/summary.py", "ptd_client_server.lib.time_sync": "lib/time_sync.py"}}
client 2023-07-13 02:37:51,506 [INFO] Running workload in ranging mode
client 2023-07-13 02:37:51,506 [INFO] Synchronizing with the server and with time.google.com...
client 2023-07-13 02:37:51,524 [INFO] NTP:offset = -0.001 s, delay = 0.017 s 
client 2023-07-13 02:37:51,524 [INFO] Sending command to the server: 'time'
client 2023-07-13 02:37:51,525 [INFO] Got response: '1689212271.4410977'
client 2023-07-13 02:37:51,526 [INFO] The time difference between the client and the server is within range 83.258 ms..84.916 ms
client 2023-07-13 02:37:51,526 [INFO] Sending command to the server: 'session,2023-07-13_02-37-51,start,ranging'
client 2023-07-13 02:38:15,432 [INFO] Got response: 'OK'
client 2023-07-13 02:38:15,432 [INFO] Sending command to the server: 'time'
client 2023-07-13 02:38:15,436 [INFO] Got response: '1689212295.350872'
client 2023-07-13 02:38:15,436 [INFO] The time difference between the client and the server is within range 81.668 ms..85.509 ms
client 2023-07-13 02:38:15,436 [INFO] Running the workload 'CM_MLPERF_RUN_COUNT=$(cat ${CM_RUN_DIR}/count.txt); echo ${CM_MLPERF_RUN_COUNT}; CM_MLPERF_RUN_COUNT=$((CM_MLPERF_RUN_COUNT+1)); echo ${CM_MLPERF_RUN_COUNT} > ${CM_RUN_DIR}/count.txt && if [ ${CM_MLPERF_RUN_COUNT} -eq "1" ]; then export CM_MLPERF_USER_CONF=${CM_MLPERF_RANGING_USER_CONF}; else export CM_MLPERF_USER_CONF=${CM_MLPERF_TESTING_USER_CONF}; fi && /home/arjun/run.out'
client 2023-07-13 02:43:16,000 [INFO] Sending command to the server: 'time'
client 2023-07-13 02:43:16,004 [INFO] Got response: '1689212595.9163759'
client 2023-07-13 02:43:16,004 [INFO] The time difference between the client and the server is within range 84.247 ms..88.464 ms
client 2023-07-13 02:43:16,004 [INFO] Sending command to the server: 'session,2023-07-13_02-37-51,stop,ranging'
client 2023-07-13 02:43:26,617 [INFO] Got response: 'OK'
client 2023-07-13 02:43:26,617 [INFO] Sending command to the server: 'time'
client 2023-07-13 02:43:26,620 [INFO] Got response: '1689212606.5404963'
client 2023-07-13 02:43:26,620 [INFO] The time difference between the client and the server is within range 77.302 ms..80.266 ms
client 2023-07-13 02:43:26,623 [INFO] Copying loadgen logs from '/home/arjun/mobilenet_results/valid_results/phoenix_Amd_Am5-tflite_cpp-cpu-tflite-vmaster-default_config/mobilenet-v2-precision_float-1.0-160/singlestream/performance/run_1' to '/home/arjun/mobilenet_results/valid_results/phoenix_Amd_Am5-tflite_cpp-cpu-tflite-vmaster-default_config/mobilenet-v2-precision_float-1.0-160/singlestream/performance/tmp_power/ranging'
client 2023-07-13 02:43:26,623 [INFO] Running workload in testing mode
client 2023-07-13 02:43:26,623 [INFO] Synchronizing with the server and with time.google.com...
client 2023-07-13 02:43:26,638 [INFO] NTP:offset = -0.001 s, delay = 0.014 s 
client 2023-07-13 02:43:26,638 [INFO] Sending command to the server: 'time'
client 2023-07-13 02:43:26,641 [INFO] Got response: '1689212606.5588593'
client 2023-07-13 02:43:26,641 [INFO] The time difference between the client and the server is within range 80.060 ms..82.823 ms
client 2023-07-13 02:43:26,641 [INFO] Sending command to the server: 'session,2023-07-13_02-37-51,start,testing'
client 2023-07-13 02:43:39,711 [INFO] Got response: 'OK'
client 2023-07-13 02:43:39,711 [INFO] Sending command to the server: 'time'
client 2023-07-13 02:43:39,712 [INFO] Got response: '1689212619.629664'
client 2023-07-13 02:43:39,712 [INFO] The time difference between the client and the server is within range 81.794 ms..82.883 ms
client 2023-07-13 02:43:39,712 [INFO] Running the workload 'CM_MLPERF_RUN_COUNT=$(cat ${CM_RUN_DIR}/count.txt); echo ${CM_MLPERF_RUN_COUNT}; CM_MLPERF_RUN_COUNT=$((CM_MLPERF_RUN_COUNT+1)); echo ${CM_MLPERF_RUN_COUNT} > ${CM_RUN_DIR}/count.txt && if [ ${CM_MLPERF_RUN_COUNT} -eq "1" ]; then export CM_MLPERF_USER_CONF=${CM_MLPERF_RANGING_USER_CONF}; else export CM_MLPERF_USER_CONF=${CM_MLPERF_TESTING_USER_CONF}; fi && /home/arjun/run.out'
client 2023-07-13 02:53:40,745 [INFO] Sending command to the server: 'time'
client 2023-07-13 02:53:40,748 [INFO] Got response: '1689213220.659587'
client 2023-07-13 02:53:40,749 [INFO] The time difference between the client and the server is within range 85.920 ms..89.451 ms
client 2023-07-13 02:53:40,749 [INFO] Sending command to the server: 'session,2023-07-13_02-37-51,stop,testing'
client 2023-07-13 02:53:51,890 [INFO] Got response: 'OK'
client 2023-07-13 02:53:51,891 [INFO] Sending command to the server: 'time'
client 2023-07-13 02:53:51,892 [INFO] Got response: '1689213231.8052201'
client 2023-07-13 02:53:51,892 [INFO] The time difference between the client and the server is within range 85.809 ms..87.619 ms
client 2023-07-13 02:53:51,893 [INFO] Copying loadgen logs from '/home/arjun/mobilenet_results/valid_results/phoenix_Amd_Am5-tflite_cpp-cpu-tflite-vmaster-default_config/mobilenet-v2-precision_float-1.0-160/singlestream/performance/run_1' to '/home/arjun/mobilenet_results/valid_results/phoenix_Amd_Am5-tflite_cpp-cpu-tflite-vmaster-default_config/mobilenet-v2-precision_float-1.0-160/singlestream/performance/tmp_power/run_1'
client 2023-07-13 02:53:51,893 [INFO] Done runs
