client 2023-07-13 06:23:54,305 [INFO] Creating output directory '/home/arjun/mobilenet_results/valid_results/phoenix_Amd_Am5-tflite_cpp-cpu-tflite-vmaster-default_config/mobilenet-v2-precision_float-0.5-192/singlestream/performance/tmp_power'
client 2023-07-13 06:23:54,307 [INFO] Sending command to the server: 'mlcommons/power client v3'
client 2023-07-13 06:23:54,310 [INFO] Got response: 'mlcommons/power server v3'
client 2023-07-13 06:23:54,310 [INFO] Synchronizing with the server and with time.google.com...
client 2023-07-13 06:23:54,324 [INFO] NTP:offset = -0.001 s, delay = 0.013 s 
client 2023-07-13 06:23:54,324 [INFO] Sending command to the server: 'time'
client 2023-07-13 06:23:54,327 [INFO] Got response: '1689225834.3196533'
client 2023-07-13 06:23:54,327 [INFO] The time difference between the client and the server is within range 5.319 ms..7.926 ms
client 2023-07-13 06:23:54,327 [INFO] Sending command to the server: 'new,,89fa4974-cc0a-4966-8609-4558a19f2e18'
client 2023-07-13 06:23:54,329 [INFO] Got response: 'OK 2023-07-13_06-23-54,58aaa06d-ecd6-4adf-bedb-da896e29f43e'
client 2023-07-13 06:23:54,330 [INFO] Session id is '2023-07-13_06-23-54'
client 2023-07-13 06:23:54,330 [INFO] Sources: {"sources": {"__init__.py": "da39a3ee5e6b4b0d3255bfef95601890afd80709", "client.py": "33ca4f26368777ac06e01f9567b714a4b8063886", "lib/__init__.py": "da39a3ee5e6b4b0d3255bfef95601890afd80709", "lib/client.py": "ac2aa093c8e8bbc9569b9e2a3471bc64e58a2258", "lib/common.py": "611d8b29633d331eb19c9455ea3b5fa3284ed6df", "lib/external/__init__.py": "da39a3ee5e6b4b0d3255bfef95601890afd80709", "lib/external/ntplib.py": "4da8f970656505a40483206ef2b5d3dd5e81711d", "lib/server.py": "c7af63c31bb2fbedea4345f571f6e3507d268ada", "lib/source_hashes.py": "60a2e02193209e8d392803326208d5466342da18", "lib/summary.py": "aa92f0a3f975eecd44d3c0cd0236342ccc9f941d", "lib/time_sync.py": "122eba67a9abc85635223e054def53be1367ade2", "server.py": "c3f90f2f7eeb4db30727556d0c815ebc89b3d28b", "tests/unit/__init__.py": "da39a3ee5e6b4b0d3255bfef95601890afd80709", "tests/unit/test_server.py": "948c1995d4008bc2aa6c4046a34ffa3858d6d671", "tests/unit/test_source_hashes.py": "00468a2907583c593e6574a1f6b404e4651c221a"}, "modules": {"ptd_client_server.lib.client": "lib/client.py", "ptd_client_server.lib.common": "lib/common.py", "ptd_client_server.lib.external.ntplib": "lib/external/ntplib.py", "ptd_client_server.lib.source_hashes": "lib/source_hashes.py", "ptd_client_server.lib.summary": "lib/summary.py", "ptd_client_server.lib.time_sync": "lib/time_sync.py"}}
client 2023-07-13 06:23:54,330 [INFO] Running workload in ranging mode
client 2023-07-13 06:23:54,330 [INFO] Synchronizing with the server and with time.google.com...
client 2023-07-13 06:23:54,347 [INFO] NTP:offset = -0.001 s, delay = 0.017 s 
client 2023-07-13 06:23:54,347 [INFO] Sending command to the server: 'time'
client 2023-07-13 06:23:54,349 [INFO] Got response: '1689225834.3494792'
client 2023-07-13 06:23:54,349 [INFO] The time difference between the client and the server is within range -1.843 ms..0.109 ms
client 2023-07-13 06:23:54,349 [INFO] Sending command to the server: 'session,2023-07-13_06-23-54,start,ranging'
client 2023-07-13 06:24:18,164 [INFO] Got response: 'OK'
client 2023-07-13 06:24:18,164 [INFO] Sending command to the server: 'time'
client 2023-07-13 06:24:18,167 [INFO] Got response: '1689225858.1609132'
client 2023-07-13 06:24:18,167 [INFO] The time difference between the client and the server is within range 3.871 ms..6.920 ms
client 2023-07-13 06:24:18,167 [INFO] Running the workload 'CM_MLPERF_RUN_COUNT=$(cat ${CM_RUN_DIR}/count.txt); echo ${CM_MLPERF_RUN_COUNT}; CM_MLPERF_RUN_COUNT=$((CM_MLPERF_RUN_COUNT+1)); echo ${CM_MLPERF_RUN_COUNT} > ${CM_RUN_DIR}/count.txt && if [ ${CM_MLPERF_RUN_COUNT} -eq "1" ]; then export CM_MLPERF_USER_CONF=${CM_MLPERF_RANGING_USER_CONF}; else export CM_MLPERF_USER_CONF=${CM_MLPERF_TESTING_USER_CONF}; fi && /home/arjun/run.out'
client 2023-07-13 06:29:18,755 [INFO] Sending command to the server: 'time'
client 2023-07-13 06:29:18,758 [INFO] Got response: '1689226158.753993'
client 2023-07-13 06:29:18,758 [INFO] The time difference between the client and the server is within range 1.331 ms..4.762 ms
client 2023-07-13 06:29:18,758 [INFO] Sending command to the server: 'session,2023-07-13_06-23-54,stop,ranging'
client 2023-07-13 06:29:29,291 [INFO] Got response: 'OK'
client 2023-07-13 06:29:29,291 [INFO] Sending command to the server: 'time'
client 2023-07-13 06:29:29,293 [INFO] Got response: '1689226169.2833877'
client 2023-07-13 06:29:29,293 [INFO] The time difference between the client and the server is within range 7.828 ms..9.724 ms
client 2023-07-13 06:29:29,295 [INFO] Copying loadgen logs from '/home/arjun/mobilenet_results/valid_results/phoenix_Amd_Am5-tflite_cpp-cpu-tflite-vmaster-default_config/mobilenet-v2-precision_float-0.5-192/singlestream/performance/run_1' to '/home/arjun/mobilenet_results/valid_results/phoenix_Amd_Am5-tflite_cpp-cpu-tflite-vmaster-default_config/mobilenet-v2-precision_float-0.5-192/singlestream/performance/tmp_power/ranging'
client 2023-07-13 06:29:29,296 [INFO] Running workload in testing mode
client 2023-07-13 06:29:29,296 [INFO] Synchronizing with the server and with time.google.com...
client 2023-07-13 06:29:29,311 [INFO] NTP:offset = 0.001 s, delay = 0.014 s 
client 2023-07-13 06:29:29,311 [INFO] Sending command to the server: 'time'
client 2023-07-13 06:29:29,313 [INFO] Got response: '1689226169.304782'
client 2023-07-13 06:29:29,313 [INFO] The time difference between the client and the server is within range 6.645 ms..8.929 ms
client 2023-07-13 06:29:29,313 [INFO] Sending command to the server: 'session,2023-07-13_06-23-54,start,testing'
client 2023-07-13 06:29:42,374 [INFO] Got response: 'OK'
client 2023-07-13 06:29:42,374 [INFO] Sending command to the server: 'time'
client 2023-07-13 06:29:42,377 [INFO] Got response: '1689226182.367084'
client 2023-07-13 06:29:42,377 [INFO] The time difference between the client and the server is within range 7.510 ms..10.307 ms
client 2023-07-13 06:29:42,377 [INFO] Running the workload 'CM_MLPERF_RUN_COUNT=$(cat ${CM_RUN_DIR}/count.txt); echo ${CM_MLPERF_RUN_COUNT}; CM_MLPERF_RUN_COUNT=$((CM_MLPERF_RUN_COUNT+1)); echo ${CM_MLPERF_RUN_COUNT} > ${CM_RUN_DIR}/count.txt && if [ ${CM_MLPERF_RUN_COUNT} -eq "1" ]; then export CM_MLPERF_USER_CONF=${CM_MLPERF_RANGING_USER_CONF}; else export CM_MLPERF_USER_CONF=${CM_MLPERF_TESTING_USER_CONF}; fi && /home/arjun/run.out'
client 2023-07-13 06:39:43,484 [INFO] Sending command to the server: 'time'
client 2023-07-13 06:39:43,486 [INFO] Got response: '1689226783.471231'
client 2023-07-13 06:39:43,486 [INFO] The time difference between the client and the server is within range 13.389 ms..15.717 ms
client 2023-07-13 06:39:43,487 [INFO] Sending command to the server: 'session,2023-07-13_06-23-54,stop,testing'
client 2023-07-13 06:39:54,498 [INFO] Got response: 'OK'
client 2023-07-13 06:39:54,498 [INFO] Sending command to the server: 'time'
client 2023-07-13 06:39:54,502 [INFO] Got response: '1689226794.4841356'
client 2023-07-13 06:39:54,502 [INFO] The time difference between the client and the server is within range 14.603 ms..18.697 ms
client 2023-07-13 06:39:54,503 [INFO] Copying loadgen logs from '/home/arjun/mobilenet_results/valid_results/phoenix_Amd_Am5-tflite_cpp-cpu-tflite-vmaster-default_config/mobilenet-v2-precision_float-0.5-192/singlestream/performance/run_1' to '/home/arjun/mobilenet_results/valid_results/phoenix_Amd_Am5-tflite_cpp-cpu-tflite-vmaster-default_config/mobilenet-v2-precision_float-0.5-192/singlestream/performance/tmp_power/run_1'
client 2023-07-13 06:39:54,503 [INFO] Done runs
