client 2023-07-27 07:34:05,789 [INFO] Creating output directory '/home/cmuser/mobilenet_results/valid_results/bb3b3f2d4d2e-tflite_cpp-cpu-tflite-vmaster-default_config/mobilenet-v3-precision_float-small-minimalistic-224/singlestream/performance/tmp_power'
client 2023-07-27 07:34:05,791 [INFO] Sending command to the server: 'mlcommons/power client v3'
client 2023-07-27 07:34:05,794 [INFO] Got response: 'mlcommons/power server v3'
client 2023-07-27 07:34:05,794 [INFO] Synchronizing with the server and with time.google.com...
client 2023-07-27 07:34:05,869 [INFO] NTP:offset = -0.003 s, delay = 0.016 s 
client 2023-07-27 07:34:05,869 [INFO] Sending command to the server: 'time'
client 2023-07-27 07:34:05,872 [INFO] Got response: '1690468445.7045348'
client 2023-07-27 07:34:05,872 [INFO] The time difference between the client and the server is within range 164.778 ms..168.253 ms
client 2023-07-27 07:34:05,872 [INFO] Sending command to the server: 'new,,7b0f9102-6dfc-4f36-b5f0-6cc126efa7e7'
client 2023-07-27 07:34:05,876 [INFO] Got response: 'OK 2023-07-27_15-34-05,420421cd-3a5b-498a-b936-d7d30d957689'
client 2023-07-27 07:34:05,876 [INFO] Session id is '2023-07-27_15-34-05'
client 2023-07-27 07:34:05,876 [INFO] Sources: {"sources": {"__init__.py": "da39a3ee5e6b4b0d3255bfef95601890afd80709", "client.py": "33ca4f26368777ac06e01f9567b714a4b8063886", "lib/__init__.py": "da39a3ee5e6b4b0d3255bfef95601890afd80709", "lib/client.py": "ac2aa093c8e8bbc9569b9e2a3471bc64e58a2258", "lib/common.py": "611d8b29633d331eb19c9455ea3b5fa3284ed6df", "lib/external/__init__.py": "da39a3ee5e6b4b0d3255bfef95601890afd80709", "lib/external/ntplib.py": "4da8f970656505a40483206ef2b5d3dd5e81711d", "lib/server.py": "c7af63c31bb2fbedea4345f571f6e3507d268ada", "lib/source_hashes.py": "60a2e02193209e8d392803326208d5466342da18", "lib/summary.py": "aa92f0a3f975eecd44d3c0cd0236342ccc9f941d", "lib/time_sync.py": "122eba67a9abc85635223e054def53be1367ade2", "server.py": "c3f90f2f7eeb4db30727556d0c815ebc89b3d28b", "tests/unit/__init__.py": "da39a3ee5e6b4b0d3255bfef95601890afd80709", "tests/unit/test_server.py": "948c1995d4008bc2aa6c4046a34ffa3858d6d671", "tests/unit/test_source_hashes.py": "00468a2907583c593e6574a1f6b404e4651c221a"}, "modules": {"ptd_client_server.lib.client": "lib/client.py", "ptd_client_server.lib.common": "lib/common.py", "ptd_client_server.lib.external.ntplib": "lib/external/ntplib.py", "ptd_client_server.lib.source_hashes": "lib/source_hashes.py", "ptd_client_server.lib.summary": "lib/summary.py", "ptd_client_server.lib.time_sync": "lib/time_sync.py"}}
client 2023-07-27 07:34:05,876 [INFO] Running workload in ranging mode
client 2023-07-27 07:34:05,876 [INFO] Synchronizing with the server and with time.google.com...
client 2023-07-27 07:34:05,928 [INFO] NTP:offset = -0.002 s, delay = 0.016 s 
client 2023-07-27 07:34:05,928 [INFO] Sending command to the server: 'time'
client 2023-07-27 07:34:05,933 [INFO] Got response: '1690468445.774287'
client 2023-07-27 07:34:05,933 [INFO] The time difference between the client and the server is within range 154.016 ms..159.281 ms
client 2023-07-27 07:34:05,933 [INFO] Sending command to the server: 'session,2023-07-27_15-34-05,start,ranging'
client 2023-07-27 07:34:29,804 [INFO] Got response: 'OK'
client 2023-07-27 07:34:29,804 [INFO] Sending command to the server: 'time'
client 2023-07-27 07:34:29,806 [INFO] Got response: '1690468469.6407926'
client 2023-07-27 07:34:29,806 [INFO] The time difference between the client and the server is within range 163.355 ms..166.131 ms
client 2023-07-27 07:34:29,806 [INFO] Running the workload 'CM_MLPERF_RUN_COUNT=$(cat ${CM_RUN_DIR}/count.txt); echo ${CM_MLPERF_RUN_COUNT}; CM_MLPERF_RUN_COUNT=$((CM_MLPERF_RUN_COUNT+1)); echo ${CM_MLPERF_RUN_COUNT} > ${CM_RUN_DIR}/count.txt && if [ ${CM_MLPERF_RUN_COUNT} -eq "1" ]; then export CM_MLPERF_USER_CONF=${CM_MLPERF_RANGING_USER_CONF}; else export CM_MLPERF_USER_CONF=${CM_MLPERF_TESTING_USER_CONF}; fi && /home/cmuser/run.out'
client 2023-07-27 07:39:30,450 [INFO] Sending command to the server: 'time'
client 2023-07-27 07:39:30,453 [INFO] Got response: '1690468770.2918303'
client 2023-07-27 07:39:30,454 [INFO] The time difference between the client and the server is within range 158.549 ms..162.167 ms
client 2023-07-27 07:39:30,454 [INFO] Sending command to the server: 'session,2023-07-27_15-34-05,stop,ranging'
client 2023-07-27 07:39:41,041 [INFO] Got response: 'OK'
client 2023-07-27 07:39:41,041 [INFO] Sending command to the server: 'time'
client 2023-07-27 07:39:41,043 [INFO] Got response: '1690468780.8804648'
client 2023-07-27 07:39:41,043 [INFO] The time difference between the client and the server is within range 161.088 ms..163.436 ms
client 2023-07-27 07:39:41,047 [INFO] Copying loadgen logs from '/home/cmuser/mobilenet_results/valid_results/bb3b3f2d4d2e-tflite_cpp-cpu-tflite-vmaster-default_config/mobilenet-v3-precision_float-small-minimalistic-224/singlestream/performance/run_1' to '/home/cmuser/mobilenet_results/valid_results/bb3b3f2d4d2e-tflite_cpp-cpu-tflite-vmaster-default_config/mobilenet-v3-precision_float-small-minimalistic-224/singlestream/performance/tmp_power/ranging'
client 2023-07-27 07:39:41,047 [INFO] Running workload in testing mode
client 2023-07-27 07:39:41,047 [INFO] Synchronizing with the server and with time.google.com...
client 2023-07-27 07:39:41,106 [INFO] NTP:offset = -0.001 s, delay = 0.015 s 
client 2023-07-27 07:39:41,107 [INFO] Sending command to the server: 'time'
client 2023-07-27 07:39:41,110 [INFO] Got response: '1690468780.9509838'
client 2023-07-27 07:39:41,110 [INFO] The time difference between the client and the server is within range 156.013 ms..159.341 ms
client 2023-07-27 07:39:41,110 [INFO] Sending command to the server: 'session,2023-07-27_15-34-05,start,testing'
client 2023-07-27 07:39:54,155 [INFO] Got response: 'OK'
client 2023-07-27 07:39:54,156 [INFO] Sending command to the server: 'time'
client 2023-07-27 07:39:54,159 [INFO] Got response: '1690468793.9946048'
client 2023-07-27 07:39:54,159 [INFO] The time difference between the client and the server is within range 161.496 ms..164.823 ms
client 2023-07-27 07:39:54,159 [INFO] Running the workload 'CM_MLPERF_RUN_COUNT=$(cat ${CM_RUN_DIR}/count.txt); echo ${CM_MLPERF_RUN_COUNT}; CM_MLPERF_RUN_COUNT=$((CM_MLPERF_RUN_COUNT+1)); echo ${CM_MLPERF_RUN_COUNT} > ${CM_RUN_DIR}/count.txt && if [ ${CM_MLPERF_RUN_COUNT} -eq "1" ]; then export CM_MLPERF_USER_CONF=${CM_MLPERF_RANGING_USER_CONF}; else export CM_MLPERF_USER_CONF=${CM_MLPERF_TESTING_USER_CONF}; fi && /home/cmuser/run.out'
client 2023-07-27 07:49:55,390 [INFO] Sending command to the server: 'time'
client 2023-07-27 07:49:55,396 [INFO] Got response: '1690469395.2311506'
client 2023-07-27 07:49:55,396 [INFO] The time difference between the client and the server is within range 159.552 ms..165.293 ms
client 2023-07-27 07:49:55,396 [INFO] Sending command to the server: 'session,2023-07-27_15-34-05,stop,testing'
client 2023-07-27 07:50:06,231 [INFO] Got response: 'OK'
client 2023-07-27 07:50:06,231 [INFO] Sending command to the server: 'time'
client 2023-07-27 07:50:06,232 [INFO] Got response: '1690469406.0637352'
client 2023-07-27 07:50:06,232 [INFO] The time difference between the client and the server is within range 167.498 ms..169.203 ms
client 2023-07-27 07:50:06,233 [INFO] Copying loadgen logs from '/home/cmuser/mobilenet_results/valid_results/bb3b3f2d4d2e-tflite_cpp-cpu-tflite-vmaster-default_config/mobilenet-v3-precision_float-small-minimalistic-224/singlestream/performance/run_1' to '/home/cmuser/mobilenet_results/valid_results/bb3b3f2d4d2e-tflite_cpp-cpu-tflite-vmaster-default_config/mobilenet-v3-precision_float-small-minimalistic-224/singlestream/performance/tmp_power/run_1'
client 2023-07-27 07:50:06,233 [INFO] Done runs
