client 2023-07-26 11:55:57,918 [INFO] Creating output directory '/home/cmuser/mobilenet_results/valid_results/bb3b3f2d4d2e-tflite_cpp-cpu-tflite-vmaster-default_config/mobilenet-v1-precision_float-0.25-224/singlestream/performance/tmp_power'
client 2023-07-26 11:55:57,920 [INFO] Sending command to the server: 'mlcommons/power client v3'
client 2023-07-26 11:55:57,924 [INFO] Got response: 'mlcommons/power server v3'
client 2023-07-26 11:55:57,924 [INFO] Synchronizing with the server and with time.google.com...
client 2023-07-26 11:55:58,018 [INFO] NTP:offset = -0.001 s, delay = 0.015 s 
client 2023-07-26 11:55:58,019 [INFO] Sending command to the server: 'time'
client 2023-07-26 11:55:58,022 [INFO] Got response: '1690397757.9818947'
client 2023-07-26 11:55:58,022 [INFO] The time difference between the client and the server is within range 37.104 ms..40.308 ms
client 2023-07-26 11:55:58,022 [INFO] Sending command to the server: 'new,,2c7e00b3-e395-4cda-acf9-61b06d8e9725'
client 2023-07-26 11:55:58,025 [INFO] Got response: 'OK 2023-07-26_19-55-57,981cf6df-52de-49a4-8598-eec1d2228b05'
client 2023-07-26 11:55:58,025 [INFO] Session id is '2023-07-26_19-55-57'
client 2023-07-26 11:55:58,025 [INFO] Sources: {"sources": {"__init__.py": "da39a3ee5e6b4b0d3255bfef95601890afd80709", "client.py": "33ca4f26368777ac06e01f9567b714a4b8063886", "lib/__init__.py": "da39a3ee5e6b4b0d3255bfef95601890afd80709", "lib/client.py": "ac2aa093c8e8bbc9569b9e2a3471bc64e58a2258", "lib/common.py": "611d8b29633d331eb19c9455ea3b5fa3284ed6df", "lib/external/__init__.py": "da39a3ee5e6b4b0d3255bfef95601890afd80709", "lib/external/ntplib.py": "4da8f970656505a40483206ef2b5d3dd5e81711d", "lib/server.py": "c7af63c31bb2fbedea4345f571f6e3507d268ada", "lib/source_hashes.py": "60a2e02193209e8d392803326208d5466342da18", "lib/summary.py": "aa92f0a3f975eecd44d3c0cd0236342ccc9f941d", "lib/time_sync.py": "122eba67a9abc85635223e054def53be1367ade2", "server.py": "c3f90f2f7eeb4db30727556d0c815ebc89b3d28b", "tests/unit/__init__.py": "da39a3ee5e6b4b0d3255bfef95601890afd80709", "tests/unit/test_server.py": "948c1995d4008bc2aa6c4046a34ffa3858d6d671", "tests/unit/test_source_hashes.py": "00468a2907583c593e6574a1f6b404e4651c221a"}, "modules": {"ptd_client_server.lib.client": "lib/client.py", "ptd_client_server.lib.common": "lib/common.py", "ptd_client_server.lib.external.ntplib": "lib/external/ntplib.py", "ptd_client_server.lib.source_hashes": "lib/source_hashes.py", "ptd_client_server.lib.summary": "lib/summary.py", "ptd_client_server.lib.time_sync": "lib/time_sync.py"}}
client 2023-07-26 11:55:58,025 [INFO] Running workload in ranging mode
client 2023-07-26 11:55:58,025 [INFO] Synchronizing with the server and with time.google.com...
client 2023-07-26 11:55:58,103 [INFO] NTP:offset = -0.001 s, delay = 0.011 s 
client 2023-07-26 11:55:58,103 [INFO] Sending command to the server: 'time'
client 2023-07-26 11:55:58,105 [INFO] Got response: '1690397758.0634432'
client 2023-07-26 11:55:58,105 [INFO] The time difference between the client and the server is within range 40.016 ms..42.229 ms
client 2023-07-26 11:55:58,105 [INFO] Sending command to the server: 'session,2023-07-26_19-55-57,start,ranging'
client 2023-07-26 11:56:21,983 [INFO] Got response: 'OK'
client 2023-07-26 11:56:21,983 [INFO] Sending command to the server: 'time'
client 2023-07-26 11:56:21,986 [INFO] Got response: '1690397781.9457164'
client 2023-07-26 11:56:21,986 [INFO] The time difference between the client and the server is within range 37.548 ms..40.851 ms
client 2023-07-26 11:56:21,986 [INFO] Running the workload 'CM_MLPERF_RUN_COUNT=$(cat ${CM_RUN_DIR}/count.txt); echo ${CM_MLPERF_RUN_COUNT}; CM_MLPERF_RUN_COUNT=$((CM_MLPERF_RUN_COUNT+1)); echo ${CM_MLPERF_RUN_COUNT} > ${CM_RUN_DIR}/count.txt && if [ ${CM_MLPERF_RUN_COUNT} -eq "1" ]; then export CM_MLPERF_USER_CONF=${CM_MLPERF_RANGING_USER_CONF}; else export CM_MLPERF_USER_CONF=${CM_MLPERF_TESTING_USER_CONF}; fi && /home/cmuser/run.out'
client 2023-07-26 12:01:22,625 [INFO] Sending command to the server: 'time'
client 2023-07-26 12:01:22,629 [INFO] Got response: '1690398082.583459'
client 2023-07-26 12:01:22,629 [INFO] The time difference between the client and the server is within range 41.881 ms..46.260 ms
client 2023-07-26 12:01:22,629 [INFO] Sending command to the server: 'session,2023-07-26_19-55-57,stop,ranging'
client 2023-07-26 12:01:33,256 [INFO] Got response: 'OK'
client 2023-07-26 12:01:33,257 [INFO] Sending command to the server: 'time'
client 2023-07-26 12:01:33,259 [INFO] Got response: '1690398093.2127824'
client 2023-07-26 12:01:33,260 [INFO] The time difference between the client and the server is within range 44.219 ms..47.241 ms
client 2023-07-26 12:01:33,263 [INFO] Copying loadgen logs from '/home/cmuser/mobilenet_results/valid_results/bb3b3f2d4d2e-tflite_cpp-cpu-tflite-vmaster-default_config/mobilenet-v1-precision_float-0.25-224/singlestream/performance/run_1' to '/home/cmuser/mobilenet_results/valid_results/bb3b3f2d4d2e-tflite_cpp-cpu-tflite-vmaster-default_config/mobilenet-v1-precision_float-0.25-224/singlestream/performance/tmp_power/ranging'
client 2023-07-26 12:01:33,263 [INFO] Running workload in testing mode
client 2023-07-26 12:01:33,263 [INFO] Synchronizing with the server and with time.google.com...
client 2023-07-26 12:01:33,316 [INFO] NTP:offset = -0.001 s, delay = 0.013 s 
client 2023-07-26 12:01:33,316 [INFO] Sending command to the server: 'time'
client 2023-07-26 12:01:33,318 [INFO] Got response: '1690398093.273458'
client 2023-07-26 12:01:33,318 [INFO] The time difference between the client and the server is within range 42.648 ms..45.312 ms
client 2023-07-26 12:01:33,318 [INFO] Sending command to the server: 'session,2023-07-26_19-55-57,start,testing'
client 2023-07-26 12:01:46,383 [INFO] Got response: 'OK'
client 2023-07-26 12:01:46,383 [INFO] Sending command to the server: 'time'
client 2023-07-26 12:01:46,386 [INFO] Got response: '1690398106.3401275'
client 2023-07-26 12:01:46,387 [INFO] The time difference between the client and the server is within range 42.981 ms..46.890 ms
client 2023-07-26 12:01:46,387 [INFO] Running the workload 'CM_MLPERF_RUN_COUNT=$(cat ${CM_RUN_DIR}/count.txt); echo ${CM_MLPERF_RUN_COUNT}; CM_MLPERF_RUN_COUNT=$((CM_MLPERF_RUN_COUNT+1)); echo ${CM_MLPERF_RUN_COUNT} > ${CM_RUN_DIR}/count.txt && if [ ${CM_MLPERF_RUN_COUNT} -eq "1" ]; then export CM_MLPERF_USER_CONF=${CM_MLPERF_RANGING_USER_CONF}; else export CM_MLPERF_USER_CONF=${CM_MLPERF_TESTING_USER_CONF}; fi && /home/cmuser/run.out'
client 2023-07-26 12:11:47,606 [INFO] Sending command to the server: 'time'
client 2023-07-26 12:11:47,610 [INFO] Got response: '1690398707.556295'
client 2023-07-26 12:11:47,610 [INFO] The time difference between the client and the server is within range 49.903 ms..54.394 ms
client 2023-07-26 12:11:47,610 [INFO] Sending command to the server: 'session,2023-07-26_19-55-57,stop,testing'
client 2023-07-26 12:11:58,483 [INFO] Got response: 'OK'
client 2023-07-26 12:11:58,483 [INFO] Sending command to the server: 'time'
client 2023-07-26 12:11:58,485 [INFO] Got response: '1690398718.4281747'
client 2023-07-26 12:11:58,485 [INFO] The time difference between the client and the server is within range 55.476 ms..56.991 ms
client 2023-07-26 12:11:58,485 [INFO] Copying loadgen logs from '/home/cmuser/mobilenet_results/valid_results/bb3b3f2d4d2e-tflite_cpp-cpu-tflite-vmaster-default_config/mobilenet-v1-precision_float-0.25-224/singlestream/performance/run_1' to '/home/cmuser/mobilenet_results/valid_results/bb3b3f2d4d2e-tflite_cpp-cpu-tflite-vmaster-default_config/mobilenet-v1-precision_float-0.25-224/singlestream/performance/tmp_power/run_1'
client 2023-07-26 12:11:58,486 [INFO] Done runs
