client 2023-07-23 16:28:37,755 [INFO] Creating output directory '/home/cmuser/results_dir/valid_results/28df27c48ad9-nvidia_original-gpu-tensorrt-vdefault-default_config/bert-99/offline/performance/tmp_power'
client 2023-07-23 16:28:37,806 [INFO] Sending command to the server: 'mlcommons/power client v3'
client 2023-07-23 16:28:37,811 [INFO] Got response: 'mlcommons/power server v3'
client 2023-07-23 16:28:37,811 [INFO] Synchronizing with the server and with time.google.com...
client 2023-07-23 16:28:37,974 [INFO] NTP:offset = -0.011 s, delay = 0.034 s 
client 2023-07-23 16:28:37,974 [INFO] Sending command to the server: 'time'
client 2023-07-23 16:28:37,977 [INFO] Got response: '1690129717.8854947'
client 2023-07-23 16:28:37,977 [INFO] The time difference between the client and the server is within range 89.151 ms..92.495 ms
client 2023-07-23 16:28:37,978 [INFO] Sending command to the server: 'new,,22b8b696-ff69-4cc9-9deb-4fcb04146719'
client 2023-07-23 16:28:37,982 [INFO] Got response: 'OK 2023-07-23_17-28-37,a082fda0-d180-4d7e-90f2-50393c467751'
client 2023-07-23 16:28:37,982 [INFO] Session id is '2023-07-23_17-28-37'
client 2023-07-23 16:28:37,982 [INFO] Sources: {"sources": {"__init__.py": "da39a3ee5e6b4b0d3255bfef95601890afd80709", "client.py": "33ca4f26368777ac06e01f9567b714a4b8063886", "lib/__init__.py": "da39a3ee5e6b4b0d3255bfef95601890afd80709", "lib/client.py": "ac2aa093c8e8bbc9569b9e2a3471bc64e58a2258", "lib/common.py": "611d8b29633d331eb19c9455ea3b5fa3284ed6df", "lib/external/__init__.py": "da39a3ee5e6b4b0d3255bfef95601890afd80709", "lib/external/ntplib.py": "4da8f970656505a40483206ef2b5d3dd5e81711d", "lib/server.py": "c7af63c31bb2fbedea4345f571f6e3507d268ada", "lib/source_hashes.py": "60a2e02193209e8d392803326208d5466342da18", "lib/summary.py": "aa92f0a3f975eecd44d3c0cd0236342ccc9f941d", "lib/time_sync.py": "122eba67a9abc85635223e054def53be1367ade2", "server.py": "c3f90f2f7eeb4db30727556d0c815ebc89b3d28b", "tests/unit/__init__.py": "da39a3ee5e6b4b0d3255bfef95601890afd80709", "tests/unit/test_server.py": "948c1995d4008bc2aa6c4046a34ffa3858d6d671", "tests/unit/test_source_hashes.py": "00468a2907583c593e6574a1f6b404e4651c221a"}, "modules": {"ptd_client_server.lib.client": "lib/client.py", "ptd_client_server.lib.common": "lib/common.py", "ptd_client_server.lib.external.ntplib": "lib/external/ntplib.py", "ptd_client_server.lib.source_hashes": "lib/source_hashes.py", "ptd_client_server.lib.summary": "lib/summary.py", "ptd_client_server.lib.time_sync": "lib/time_sync.py"}}
client 2023-07-23 16:28:37,982 [INFO] Running workload in ranging mode
client 2023-07-23 16:28:37,982 [INFO] Synchronizing with the server and with time.google.com...
client 2023-07-23 16:28:38,033 [INFO] NTP:offset = -0.002 s, delay = 0.016 s 
client 2023-07-23 16:28:38,033 [INFO] Sending command to the server: 'time'
client 2023-07-23 16:28:38,035 [INFO] Got response: '1690129717.9457278'
client 2023-07-23 16:28:38,035 [INFO] The time difference between the client and the server is within range 87.606 ms..89.675 ms
client 2023-07-23 16:28:38,035 [INFO] Sending command to the server: 'session,2023-07-23_17-28-37,start,ranging'
client 2023-07-23 16:29:01,879 [INFO] Got response: 'OK'
client 2023-07-23 16:29:01,879 [INFO] Sending command to the server: 'time'
client 2023-07-23 16:29:01,883 [INFO] Got response: '1690129741.7937398'
client 2023-07-23 16:29:01,883 [INFO] The time difference between the client and the server is within range 85.466 ms..89.980 ms
client 2023-07-23 16:29:01,883 [INFO] Running the workload 'CM_MLPERF_RUN_COUNT=$(cat ${CM_RUN_DIR}/count.txt); echo ${CM_MLPERF_RUN_COUNT}; CM_MLPERF_RUN_COUNT=$((CM_MLPERF_RUN_COUNT+1)); echo ${CM_MLPERF_RUN_COUNT} > ${CM_RUN_DIR}/count.txt && if [ ${CM_MLPERF_RUN_COUNT} -eq "1" ]; then export CM_MLPERF_USER_CONF=${CM_MLPERF_RANGING_USER_CONF}; else export CM_MLPERF_USER_CONF=${CM_MLPERF_TESTING_USER_CONF}; fi && make run_harness RUN_ARGS=" --benchmarks=bert --scenarios=offline --test_mode=PerformanceOnly --offline_expected_qps=4000 --user_conf_path=${CM_MLPERF_USER_CONF} --mlperf_conf_path=/home/cmuser/CM/repos/local/cache/a3af5496e00b4b47/inference/mlperf.conf --gpu_batch_size=256 --no_audit_verify "'
client 2023-07-23 16:34:28,704 [INFO] Sending command to the server: 'time'
client 2023-07-23 16:34:28,708 [INFO] Got response: '1690130068.6178021'
client 2023-07-23 16:34:28,708 [INFO] The time difference between the client and the server is within range 86.753 ms..90.391 ms
client 2023-07-23 16:34:28,708 [INFO] Sending command to the server: 'session,2023-07-23_17-28-37,stop,ranging'
client 2023-07-23 16:34:38,961 [INFO] Got response: 'OK'
client 2023-07-23 16:34:38,961 [INFO] Sending command to the server: 'time'
client 2023-07-23 16:34:38,966 [INFO] Got response: '1690130078.873799'
client 2023-07-23 16:34:38,966 [INFO] The time difference between the client and the server is within range 87.334 ms..92.597 ms
client 2023-07-23 16:34:38,969 [INFO] Copying loadgen logs from '/home/cmuser/results_dir/valid_results/28df27c48ad9-nvidia_original-gpu-tensorrt-vdefault-default_config/bert-99/offline/performance/run_1' to '/home/cmuser/results_dir/valid_results/28df27c48ad9-nvidia_original-gpu-tensorrt-vdefault-default_config/bert-99/offline/performance/tmp_power/ranging'
client 2023-07-23 16:34:38,969 [INFO] Running workload in testing mode
client 2023-07-23 16:34:38,969 [INFO] Synchronizing with the server and with time.google.com...
client 2023-07-23 16:34:39,120 [INFO] NTP:offset = -0.001 s, delay = 0.020 s 
client 2023-07-23 16:34:39,120 [INFO] Sending command to the server: 'time'
client 2023-07-23 16:34:39,123 [INFO] Got response: '1690130079.0258288'
client 2023-07-23 16:34:39,123 [INFO] The time difference between the client and the server is within range 94.271 ms..97.501 ms
client 2023-07-23 16:34:39,123 [INFO] Sending command to the server: 'session,2023-07-23_17-28-37,start,testing'
client 2023-07-23 16:34:52,184 [INFO] Got response: 'OK'
client 2023-07-23 16:34:52,184 [INFO] Sending command to the server: 'time'
client 2023-07-23 16:34:52,187 [INFO] Got response: '1690130092.0960274'
client 2023-07-23 16:34:52,187 [INFO] The time difference between the client and the server is within range 88.650 ms..91.576 ms
client 2023-07-23 16:34:52,187 [INFO] Running the workload 'CM_MLPERF_RUN_COUNT=$(cat ${CM_RUN_DIR}/count.txt); echo ${CM_MLPERF_RUN_COUNT}; CM_MLPERF_RUN_COUNT=$((CM_MLPERF_RUN_COUNT+1)); echo ${CM_MLPERF_RUN_COUNT} > ${CM_RUN_DIR}/count.txt && if [ ${CM_MLPERF_RUN_COUNT} -eq "1" ]; then export CM_MLPERF_USER_CONF=${CM_MLPERF_RANGING_USER_CONF}; else export CM_MLPERF_USER_CONF=${CM_MLPERF_TESTING_USER_CONF}; fi && make run_harness RUN_ARGS=" --benchmarks=bert --scenarios=offline --test_mode=PerformanceOnly --offline_expected_qps=4000 --user_conf_path=${CM_MLPERF_USER_CONF} --mlperf_conf_path=/home/cmuser/CM/repos/local/cache/a3af5496e00b4b47/inference/mlperf.conf --gpu_batch_size=256 --no_audit_verify "'
client 2023-07-23 16:45:38,789 [INFO] Sending command to the server: 'time'
client 2023-07-23 16:45:38,792 [INFO] Got response: '1690130738.6962385'
client 2023-07-23 16:45:38,792 [INFO] The time difference between the client and the server is within range 93.146 ms..96.724 ms
client 2023-07-23 16:45:38,792 [INFO] Sending command to the server: 'session,2023-07-23_17-28-37,stop,testing'
client 2023-07-23 16:45:49,271 [INFO] Got response: 'OK'
client 2023-07-23 16:45:49,271 [INFO] Sending command to the server: 'time'
client 2023-07-23 16:45:49,287 [INFO] Got response: '1690130749.1930132'
client 2023-07-23 16:45:49,288 [INFO] The time difference between the client and the server is within range 78.742 ms..95.045 ms
client 2023-07-23 16:45:49,288 [INFO] Copying loadgen logs from '/home/cmuser/results_dir/valid_results/28df27c48ad9-nvidia_original-gpu-tensorrt-vdefault-default_config/bert-99/offline/performance/run_1' to '/home/cmuser/results_dir/valid_results/28df27c48ad9-nvidia_original-gpu-tensorrt-vdefault-default_config/bert-99/offline/performance/tmp_power/run_1'
client 2023-07-23 16:45:49,289 [INFO] Done runs
