client 2023-07-13 02:21:43,125 [INFO] Creating output directory '/home/arjun/mobilenet_results/valid_results/phoenix_Amd_Am5-tflite_cpp-cpu-tflite-vmaster-default_config/mobilenet-v2-precision_uint8-1.0-192/singlestream/performance/tmp_power'
client 2023-07-13 02:21:43,126 [INFO] Sending command to the server: 'mlcommons/power client v3'
client 2023-07-13 02:21:43,129 [INFO] Got response: 'mlcommons/power server v3'
client 2023-07-13 02:21:43,129 [INFO] Synchronizing with the server and with time.google.com...
client 2023-07-13 02:21:43,145 [INFO] NTP:offset = 0.001 s, delay = 0.014 s 
client 2023-07-13 02:21:43,145 [INFO] Sending command to the server: 'time'
client 2023-07-13 02:21:43,149 [INFO] Got response: '1689211303.0649016'
client 2023-07-13 02:21:43,149 [INFO] The time difference between the client and the server is within range 80.280 ms..84.249 ms
client 2023-07-13 02:21:43,149 [INFO] Sending command to the server: 'new,,c770ec0f-c284-4ecd-b5f6-6a1e4cca1c1e'
client 2023-07-13 02:21:43,152 [INFO] Got response: 'OK 2023-07-13_02-21-43,459015bf-8b08-4dd7-88fa-a05d6da5695b'
client 2023-07-13 02:21:43,152 [INFO] Session id is '2023-07-13_02-21-43'
client 2023-07-13 02:21:43,152 [INFO] Sources: {"sources": {"__init__.py": "da39a3ee5e6b4b0d3255bfef95601890afd80709", "client.py": "33ca4f26368777ac06e01f9567b714a4b8063886", "lib/__init__.py": "da39a3ee5e6b4b0d3255bfef95601890afd80709", "lib/client.py": "ac2aa093c8e8bbc9569b9e2a3471bc64e58a2258", "lib/common.py": "611d8b29633d331eb19c9455ea3b5fa3284ed6df", "lib/external/__init__.py": "da39a3ee5e6b4b0d3255bfef95601890afd80709", "lib/external/ntplib.py": "4da8f970656505a40483206ef2b5d3dd5e81711d", "lib/server.py": "c7af63c31bb2fbedea4345f571f6e3507d268ada", "lib/source_hashes.py": "60a2e02193209e8d392803326208d5466342da18", "lib/summary.py": "aa92f0a3f975eecd44d3c0cd0236342ccc9f941d", "lib/time_sync.py": "122eba67a9abc85635223e054def53be1367ade2", "server.py": "c3f90f2f7eeb4db30727556d0c815ebc89b3d28b", "tests/unit/__init__.py": "da39a3ee5e6b4b0d3255bfef95601890afd80709", "tests/unit/test_server.py": "948c1995d4008bc2aa6c4046a34ffa3858d6d671", "tests/unit/test_source_hashes.py": "00468a2907583c593e6574a1f6b404e4651c221a"}, "modules": {"ptd_client_server.lib.client": "lib/client.py", "ptd_client_server.lib.common": "lib/common.py", "ptd_client_server.lib.external.ntplib": "lib/external/ntplib.py", "ptd_client_server.lib.source_hashes": "lib/source_hashes.py", "ptd_client_server.lib.summary": "lib/summary.py", "ptd_client_server.lib.time_sync": "lib/time_sync.py"}}
client 2023-07-13 02:21:43,152 [INFO] Running workload in ranging mode
client 2023-07-13 02:21:43,152 [INFO] Synchronizing with the server and with time.google.com...
client 2023-07-13 02:21:43,169 [INFO] NTP:offset = -0.001 s, delay = 0.016 s 
client 2023-07-13 02:21:43,169 [INFO] Sending command to the server: 'time'
client 2023-07-13 02:21:43,172 [INFO] Got response: '1689211303.094979'
client 2023-07-13 02:21:43,172 [INFO] The time difference between the client and the server is within range 74.839 ms..77.325 ms
client 2023-07-13 02:21:43,172 [INFO] Sending command to the server: 'session,2023-07-13_02-21-43,start,ranging'
client 2023-07-13 02:22:07,043 [INFO] Got response: 'OK'
client 2023-07-13 02:22:07,043 [INFO] Sending command to the server: 'time'
client 2023-07-13 02:22:07,047 [INFO] Got response: '1689211326.9637039'
client 2023-07-13 02:22:07,047 [INFO] The time difference between the client and the server is within range 79.854 ms..84.156 ms
client 2023-07-13 02:22:07,047 [INFO] Running the workload 'CM_MLPERF_RUN_COUNT=$(cat ${CM_RUN_DIR}/count.txt); echo ${CM_MLPERF_RUN_COUNT}; CM_MLPERF_RUN_COUNT=$((CM_MLPERF_RUN_COUNT+1)); echo ${CM_MLPERF_RUN_COUNT} > ${CM_RUN_DIR}/count.txt && if [ ${CM_MLPERF_RUN_COUNT} -eq "1" ]; then export CM_MLPERF_USER_CONF=${CM_MLPERF_RANGING_USER_CONF}; else export CM_MLPERF_USER_CONF=${CM_MLPERF_TESTING_USER_CONF}; fi && /home/arjun/run.out'
client 2023-07-13 02:27:07,566 [INFO] Sending command to the server: 'time'
client 2023-07-13 02:27:07,570 [INFO] Got response: '1689211627.4916508'
client 2023-07-13 02:27:07,570 [INFO] The time difference between the client and the server is within range 75.266 ms..79.006 ms
client 2023-07-13 02:27:07,570 [INFO] Sending command to the server: 'session,2023-07-13_02-21-43,stop,ranging'
client 2023-07-13 02:27:18,284 [INFO] Got response: 'OK'
client 2023-07-13 02:27:18,285 [INFO] Sending command to the server: 'time'
client 2023-07-13 02:27:18,286 [INFO] Got response: '1689211638.2078729'
client 2023-07-13 02:27:18,286 [INFO] The time difference between the client and the server is within range 77.126 ms..78.937 ms
client 2023-07-13 02:27:18,289 [INFO] Copying loadgen logs from '/home/arjun/mobilenet_results/valid_results/phoenix_Amd_Am5-tflite_cpp-cpu-tflite-vmaster-default_config/mobilenet-v2-precision_uint8-1.0-192/singlestream/performance/run_1' to '/home/arjun/mobilenet_results/valid_results/phoenix_Amd_Am5-tflite_cpp-cpu-tflite-vmaster-default_config/mobilenet-v2-precision_uint8-1.0-192/singlestream/performance/tmp_power/ranging'
client 2023-07-13 02:27:18,289 [INFO] Running workload in testing mode
client 2023-07-13 02:27:18,289 [INFO] Synchronizing with the server and with time.google.com...
client 2023-07-13 02:27:18,308 [INFO] NTP:offset = 0.000 s, delay = 0.017 s 
client 2023-07-13 02:27:18,308 [INFO] Sending command to the server: 'time'
client 2023-07-13 02:27:18,310 [INFO] Got response: '1689211638.2284076'
client 2023-07-13 02:27:18,310 [INFO] The time difference between the client and the server is within range 79.968 ms..82.079 ms
client 2023-07-13 02:27:18,310 [INFO] Sending command to the server: 'session,2023-07-13_02-21-43,start,testing'
client 2023-07-13 02:27:31,363 [INFO] Got response: 'OK'
client 2023-07-13 02:27:31,364 [INFO] Sending command to the server: 'time'
client 2023-07-13 02:27:31,366 [INFO] Got response: '1689211651.287103'
client 2023-07-13 02:27:31,366 [INFO] The time difference between the client and the server is within range 76.976 ms..79.664 ms
client 2023-07-13 02:27:31,366 [INFO] Running the workload 'CM_MLPERF_RUN_COUNT=$(cat ${CM_RUN_DIR}/count.txt); echo ${CM_MLPERF_RUN_COUNT}; CM_MLPERF_RUN_COUNT=$((CM_MLPERF_RUN_COUNT+1)); echo ${CM_MLPERF_RUN_COUNT} > ${CM_RUN_DIR}/count.txt && if [ ${CM_MLPERF_RUN_COUNT} -eq "1" ]; then export CM_MLPERF_USER_CONF=${CM_MLPERF_RANGING_USER_CONF}; else export CM_MLPERF_USER_CONF=${CM_MLPERF_TESTING_USER_CONF}; fi && /home/arjun/run.out'
client 2023-07-13 02:37:32,452 [INFO] Sending command to the server: 'time'
client 2023-07-13 02:37:32,455 [INFO] Got response: '1689212252.371003'
client 2023-07-13 02:37:32,455 [INFO] The time difference between the client and the server is within range 81.713 ms..84.806 ms
client 2023-07-13 02:37:32,455 [INFO] Sending command to the server: 'session,2023-07-13_02-21-43,stop,testing'
client 2023-07-13 02:37:43,409 [INFO] Got response: 'OK'
client 2023-07-13 02:37:43,409 [INFO] Sending command to the server: 'time'
client 2023-07-13 02:37:43,411 [INFO] Got response: '1689212263.3274233'
client 2023-07-13 02:37:43,411 [INFO] The time difference between the client and the server is within range 81.914 ms..83.875 ms
client 2023-07-13 02:37:43,411 [INFO] Copying loadgen logs from '/home/arjun/mobilenet_results/valid_results/phoenix_Amd_Am5-tflite_cpp-cpu-tflite-vmaster-default_config/mobilenet-v2-precision_uint8-1.0-192/singlestream/performance/run_1' to '/home/arjun/mobilenet_results/valid_results/phoenix_Amd_Am5-tflite_cpp-cpu-tflite-vmaster-default_config/mobilenet-v2-precision_uint8-1.0-192/singlestream/performance/tmp_power/run_1'
client 2023-07-13 02:37:43,412 [INFO] Done runs
