client 2023-07-26 13:16:37,332 [INFO] Creating output directory '/home/cmuser/mobilenet_results/valid_results/bb3b3f2d4d2e-tflite_cpp-cpu-tflite-vmaster-default_config/mobilenet-v1-precision_uint8-0.25-160/singlestream/performance/tmp_power'
client 2023-07-26 13:16:37,334 [INFO] Sending command to the server: 'mlcommons/power client v3'
client 2023-07-26 13:16:37,337 [INFO] Got response: 'mlcommons/power server v3'
client 2023-07-26 13:16:37,337 [INFO] Synchronizing with the server and with time.google.com...
client 2023-07-26 13:16:37,390 [INFO] NTP:offset = 0.000 s, delay = 0.011 s 
client 2023-07-26 13:16:37,390 [INFO] Sending command to the server: 'time'
client 2023-07-26 13:16:37,394 [INFO] Got response: '1690402597.3002517'
client 2023-07-26 13:16:37,395 [INFO] The time difference between the client and the server is within range 90.657 ms..94.740 ms
client 2023-07-26 13:16:37,395 [INFO] Sending command to the server: 'new,,1fe64f76-4a5a-4aeb-b8a7-adbdd087e588'
client 2023-07-26 13:16:37,399 [INFO] Got response: 'OK 2023-07-26_21-16-37,2440e327-0a3b-4123-ba09-ceed111337bb'
client 2023-07-26 13:16:37,399 [INFO] Session id is '2023-07-26_21-16-37'
client 2023-07-26 13:16:37,399 [INFO] Sources: {"sources": {"__init__.py": "da39a3ee5e6b4b0d3255bfef95601890afd80709", "client.py": "33ca4f26368777ac06e01f9567b714a4b8063886", "lib/__init__.py": "da39a3ee5e6b4b0d3255bfef95601890afd80709", "lib/client.py": "ac2aa093c8e8bbc9569b9e2a3471bc64e58a2258", "lib/common.py": "611d8b29633d331eb19c9455ea3b5fa3284ed6df", "lib/external/__init__.py": "da39a3ee5e6b4b0d3255bfef95601890afd80709", "lib/external/ntplib.py": "4da8f970656505a40483206ef2b5d3dd5e81711d", "lib/server.py": "c7af63c31bb2fbedea4345f571f6e3507d268ada", "lib/source_hashes.py": "60a2e02193209e8d392803326208d5466342da18", "lib/summary.py": "aa92f0a3f975eecd44d3c0cd0236342ccc9f941d", "lib/time_sync.py": "122eba67a9abc85635223e054def53be1367ade2", "server.py": "c3f90f2f7eeb4db30727556d0c815ebc89b3d28b", "tests/unit/__init__.py": "da39a3ee5e6b4b0d3255bfef95601890afd80709", "tests/unit/test_server.py": "948c1995d4008bc2aa6c4046a34ffa3858d6d671", "tests/unit/test_source_hashes.py": "00468a2907583c593e6574a1f6b404e4651c221a"}, "modules": {"ptd_client_server.lib.client": "lib/client.py", "ptd_client_server.lib.common": "lib/common.py", "ptd_client_server.lib.external.ntplib": "lib/external/ntplib.py", "ptd_client_server.lib.source_hashes": "lib/source_hashes.py", "ptd_client_server.lib.summary": "lib/summary.py", "ptd_client_server.lib.time_sync": "lib/time_sync.py"}}
client 2023-07-26 13:16:37,400 [INFO] Running workload in ranging mode
client 2023-07-26 13:16:37,400 [INFO] Synchronizing with the server and with time.google.com...
client 2023-07-26 13:16:37,468 [INFO] NTP:offset = -0.000 s, delay = 0.013 s 
client 2023-07-26 13:16:37,468 [INFO] Sending command to the server: 'time'
client 2023-07-26 13:16:37,473 [INFO] Got response: '1690402597.3807783'
client 2023-07-26 13:16:37,473 [INFO] The time difference between the client and the server is within range 88.107 ms..92.347 ms
client 2023-07-26 13:16:37,473 [INFO] Sending command to the server: 'session,2023-07-26_21-16-37,start,ranging'
client 2023-07-26 13:17:01,442 [INFO] Got response: 'OK'
client 2023-07-26 13:17:01,442 [INFO] Sending command to the server: 'time'
client 2023-07-26 13:17:01,446 [INFO] Got response: '1690402621.3494577'
client 2023-07-26 13:17:01,446 [INFO] The time difference between the client and the server is within range 93.385 ms..97.311 ms
client 2023-07-26 13:17:01,446 [INFO] Running the workload 'CM_MLPERF_RUN_COUNT=$(cat ${CM_RUN_DIR}/count.txt); echo ${CM_MLPERF_RUN_COUNT}; CM_MLPERF_RUN_COUNT=$((CM_MLPERF_RUN_COUNT+1)); echo ${CM_MLPERF_RUN_COUNT} > ${CM_RUN_DIR}/count.txt && if [ ${CM_MLPERF_RUN_COUNT} -eq "1" ]; then export CM_MLPERF_USER_CONF=${CM_MLPERF_RANGING_USER_CONF}; else export CM_MLPERF_USER_CONF=${CM_MLPERF_TESTING_USER_CONF}; fi && /home/cmuser/run.out'
client 2023-07-26 13:22:02,174 [INFO] Sending command to the server: 'time'
client 2023-07-26 13:22:02,178 [INFO] Got response: '1690402922.0775487'
client 2023-07-26 13:22:02,178 [INFO] The time difference between the client and the server is within range 97.166 ms..100.996 ms
client 2023-07-26 13:22:02,178 [INFO] Sending command to the server: 'session,2023-07-26_21-16-37,stop,ranging'
client 2023-07-26 13:22:12,607 [INFO] Got response: 'OK'
client 2023-07-26 13:22:12,607 [INFO] Sending command to the server: 'time'
client 2023-07-26 13:22:12,610 [INFO] Got response: '1690402932.5120027'
client 2023-07-26 13:22:12,610 [INFO] The time difference between the client and the server is within range 95.617 ms..98.571 ms
client 2023-07-26 13:22:12,614 [INFO] Copying loadgen logs from '/home/cmuser/mobilenet_results/valid_results/bb3b3f2d4d2e-tflite_cpp-cpu-tflite-vmaster-default_config/mobilenet-v1-precision_uint8-0.25-160/singlestream/performance/run_1' to '/home/cmuser/mobilenet_results/valid_results/bb3b3f2d4d2e-tflite_cpp-cpu-tflite-vmaster-default_config/mobilenet-v1-precision_uint8-0.25-160/singlestream/performance/tmp_power/ranging'
client 2023-07-26 13:22:12,614 [INFO] Running workload in testing mode
client 2023-07-26 13:22:12,614 [INFO] Synchronizing with the server and with time.google.com...
client 2023-07-26 13:22:12,687 [INFO] NTP:offset = -0.001 s, delay = 0.020 s 
client 2023-07-26 13:22:12,687 [INFO] Sending command to the server: 'time'
client 2023-07-26 13:22:12,690 [INFO] Got response: '1690402932.5929494'
client 2023-07-26 13:22:12,690 [INFO] The time difference between the client and the server is within range 94.775 ms..97.363 ms
client 2023-07-26 13:22:12,690 [INFO] Sending command to the server: 'session,2023-07-26_21-16-37,start,testing'
client 2023-07-26 13:22:25,746 [INFO] Got response: 'OK'
client 2023-07-26 13:22:25,746 [INFO] Sending command to the server: 'time'
client 2023-07-26 13:22:25,750 [INFO] Got response: '1690402945.646563'
client 2023-07-26 13:22:25,750 [INFO] The time difference between the client and the server is within range 100.408 ms..104.257 ms
client 2023-07-26 13:22:25,750 [INFO] Running the workload 'CM_MLPERF_RUN_COUNT=$(cat ${CM_RUN_DIR}/count.txt); echo ${CM_MLPERF_RUN_COUNT}; CM_MLPERF_RUN_COUNT=$((CM_MLPERF_RUN_COUNT+1)); echo ${CM_MLPERF_RUN_COUNT} > ${CM_RUN_DIR}/count.txt && if [ ${CM_MLPERF_RUN_COUNT} -eq "1" ]; then export CM_MLPERF_USER_CONF=${CM_MLPERF_RANGING_USER_CONF}; else export CM_MLPERF_USER_CONF=${CM_MLPERF_TESTING_USER_CONF}; fi && /home/cmuser/run.out'
client 2023-07-26 13:32:27,230 [INFO] Sending command to the server: 'time'
client 2023-07-26 13:32:27,234 [INFO] Got response: '1690403547.1236458'
client 2023-07-26 13:32:27,234 [INFO] The time difference between the client and the server is within range 106.335 ms..110.709 ms
client 2023-07-26 13:32:27,234 [INFO] Sending command to the server: 'session,2023-07-26_21-16-37,stop,testing'
client 2023-07-26 13:32:38,279 [INFO] Got response: 'OK'
client 2023-07-26 13:32:38,279 [INFO] Sending command to the server: 'time'
client 2023-07-26 13:32:38,281 [INFO] Got response: '1690403558.175115'
client 2023-07-26 13:32:38,281 [INFO] The time difference between the client and the server is within range 104.707 ms..106.582 ms
client 2023-07-26 13:32:38,282 [INFO] Copying loadgen logs from '/home/cmuser/mobilenet_results/valid_results/bb3b3f2d4d2e-tflite_cpp-cpu-tflite-vmaster-default_config/mobilenet-v1-precision_uint8-0.25-160/singlestream/performance/run_1' to '/home/cmuser/mobilenet_results/valid_results/bb3b3f2d4d2e-tflite_cpp-cpu-tflite-vmaster-default_config/mobilenet-v1-precision_uint8-0.25-160/singlestream/performance/tmp_power/run_1'
client 2023-07-26 13:32:38,282 [INFO] Done runs
