client 2023-07-13 06:56:11,684 [INFO] Creating output directory '/home/arjun/mobilenet_results/valid_results/phoenix_Amd_Am5-tflite_cpp-cpu-tflite-vmaster-default_config/mobilenet-v2-precision_float-0.5-160/singlestream/performance/tmp_power'
client 2023-07-13 06:56:11,685 [INFO] Sending command to the server: 'mlcommons/power client v3'
client 2023-07-13 06:56:11,686 [INFO] Got response: 'mlcommons/power server v3'
client 2023-07-13 06:56:11,686 [INFO] Synchronizing with the server and with time.google.com...
client 2023-07-13 06:56:11,715 [INFO] NTP:offset = -0.001 s, delay = 0.017 s 
client 2023-07-13 06:56:11,716 [INFO] Sending command to the server: 'time'
client 2023-07-13 06:56:11,718 [INFO] Got response: '1689227771.6848419'
client 2023-07-13 06:56:11,718 [INFO] The time difference between the client and the server is within range 31.159 ms..33.351 ms
client 2023-07-13 06:56:11,718 [INFO] Sending command to the server: 'new,,2eef4bb2-9358-4307-9755-083a1fc06e65'
client 2023-07-13 06:56:11,720 [INFO] Got response: 'OK 2023-07-13_06-56-11,ddfa8960-2118-4697-8349-4bb3f096d6ca'
client 2023-07-13 06:56:11,720 [INFO] Session id is '2023-07-13_06-56-11'
client 2023-07-13 06:56:11,720 [INFO] Sources: {"sources": {"__init__.py": "da39a3ee5e6b4b0d3255bfef95601890afd80709", "client.py": "33ca4f26368777ac06e01f9567b714a4b8063886", "lib/__init__.py": "da39a3ee5e6b4b0d3255bfef95601890afd80709", "lib/client.py": "ac2aa093c8e8bbc9569b9e2a3471bc64e58a2258", "lib/common.py": "611d8b29633d331eb19c9455ea3b5fa3284ed6df", "lib/external/__init__.py": "da39a3ee5e6b4b0d3255bfef95601890afd80709", "lib/external/ntplib.py": "4da8f970656505a40483206ef2b5d3dd5e81711d", "lib/server.py": "c7af63c31bb2fbedea4345f571f6e3507d268ada", "lib/source_hashes.py": "60a2e02193209e8d392803326208d5466342da18", "lib/summary.py": "aa92f0a3f975eecd44d3c0cd0236342ccc9f941d", "lib/time_sync.py": "122eba67a9abc85635223e054def53be1367ade2", "server.py": "c3f90f2f7eeb4db30727556d0c815ebc89b3d28b", "tests/unit/__init__.py": "da39a3ee5e6b4b0d3255bfef95601890afd80709", "tests/unit/test_server.py": "948c1995d4008bc2aa6c4046a34ffa3858d6d671", "tests/unit/test_source_hashes.py": "00468a2907583c593e6574a1f6b404e4651c221a"}, "modules": {"ptd_client_server.lib.client": "lib/client.py", "ptd_client_server.lib.common": "lib/common.py", "ptd_client_server.lib.external.ntplib": "lib/external/ntplib.py", "ptd_client_server.lib.source_hashes": "lib/source_hashes.py", "ptd_client_server.lib.summary": "lib/summary.py", "ptd_client_server.lib.time_sync": "lib/time_sync.py"}}
client 2023-07-13 06:56:11,720 [INFO] Running workload in ranging mode
client 2023-07-13 06:56:11,720 [INFO] Synchronizing with the server and with time.google.com...
client 2023-07-13 06:56:11,737 [INFO] NTP:offset = -0.000 s, delay = 0.016 s 
client 2023-07-13 06:56:11,737 [INFO] Sending command to the server: 'time'
client 2023-07-13 06:56:11,739 [INFO] Got response: '1689227771.7048645'
client 2023-07-13 06:56:11,739 [INFO] The time difference between the client and the server is within range 32.517 ms..34.755 ms
client 2023-07-13 06:56:11,739 [INFO] Sending command to the server: 'session,2023-07-13_06-56-11,start,ranging'
client 2023-07-13 06:56:35,564 [INFO] Got response: 'OK'
client 2023-07-13 06:56:35,564 [INFO] Sending command to the server: 'time'
client 2023-07-13 06:56:35,569 [INFO] Got response: '1689227795.5372436'
client 2023-07-13 06:56:35,569 [INFO] The time difference between the client and the server is within range 27.648 ms..32.623 ms
client 2023-07-13 06:56:35,569 [INFO] Running the workload 'CM_MLPERF_RUN_COUNT=$(cat ${CM_RUN_DIR}/count.txt); echo ${CM_MLPERF_RUN_COUNT}; CM_MLPERF_RUN_COUNT=$((CM_MLPERF_RUN_COUNT+1)); echo ${CM_MLPERF_RUN_COUNT} > ${CM_RUN_DIR}/count.txt && if [ ${CM_MLPERF_RUN_COUNT} -eq "1" ]; then export CM_MLPERF_USER_CONF=${CM_MLPERF_RANGING_USER_CONF}; else export CM_MLPERF_USER_CONF=${CM_MLPERF_TESTING_USER_CONF}; fi && /home/arjun/run.out'
client 2023-07-13 07:01:36,145 [INFO] Sending command to the server: 'time'
client 2023-07-13 07:01:36,149 [INFO] Got response: '1689228096.1129196'
client 2023-07-13 07:01:36,150 [INFO] The time difference between the client and the server is within range 32.954 ms..37.113 ms
client 2023-07-13 07:01:36,150 [INFO] Sending command to the server: 'session,2023-07-13_06-56-11,stop,ranging'
client 2023-07-13 07:01:47,064 [INFO] Got response: 'OK'
client 2023-07-13 07:01:47,064 [INFO] Sending command to the server: 'time'
client 2023-07-13 07:01:47,066 [INFO] Got response: '1689228107.028805'
client 2023-07-13 07:01:47,066 [INFO] The time difference between the client and the server is within range 35.986 ms..37.395 ms
client 2023-07-13 07:01:47,067 [INFO] Copying loadgen logs from '/home/arjun/mobilenet_results/valid_results/phoenix_Amd_Am5-tflite_cpp-cpu-tflite-vmaster-default_config/mobilenet-v2-precision_float-0.5-160/singlestream/performance/run_1' to '/home/arjun/mobilenet_results/valid_results/phoenix_Amd_Am5-tflite_cpp-cpu-tflite-vmaster-default_config/mobilenet-v2-precision_float-0.5-160/singlestream/performance/tmp_power/ranging'
client 2023-07-13 07:01:47,068 [INFO] Running workload in testing mode
client 2023-07-13 07:01:47,068 [INFO] Synchronizing with the server and with time.google.com...
client 2023-07-13 07:01:47,086 [INFO] NTP:offset = -0.001 s, delay = 0.018 s 
client 2023-07-13 07:01:47,086 [INFO] Sending command to the server: 'time'
client 2023-07-13 07:01:47,088 [INFO] Got response: '1689228107.0499792'
client 2023-07-13 07:01:47,088 [INFO] The time difference between the client and the server is within range 36.441 ms..38.362 ms
client 2023-07-13 07:01:47,088 [INFO] Sending command to the server: 'session,2023-07-13_06-56-11,start,testing'
client 2023-07-13 07:02:00,134 [INFO] Got response: 'OK'
client 2023-07-13 07:02:00,134 [INFO] Sending command to the server: 'time'
client 2023-07-13 07:02:00,136 [INFO] Got response: '1689228120.0976856'
client 2023-07-13 07:02:00,136 [INFO] The time difference between the client and the server is within range 36.895 ms..39.046 ms
client 2023-07-13 07:02:00,136 [INFO] Running the workload 'CM_MLPERF_RUN_COUNT=$(cat ${CM_RUN_DIR}/count.txt); echo ${CM_MLPERF_RUN_COUNT}; CM_MLPERF_RUN_COUNT=$((CM_MLPERF_RUN_COUNT+1)); echo ${CM_MLPERF_RUN_COUNT} > ${CM_RUN_DIR}/count.txt && if [ ${CM_MLPERF_RUN_COUNT} -eq "1" ]; then export CM_MLPERF_USER_CONF=${CM_MLPERF_RANGING_USER_CONF}; else export CM_MLPERF_USER_CONF=${CM_MLPERF_TESTING_USER_CONF}; fi && /home/arjun/run.out'
client 2023-07-13 07:12:01,199 [INFO] Sending command to the server: 'time'
client 2023-07-13 07:12:01,202 [INFO] Got response: '1689228721.1504033'
client 2023-07-13 07:12:01,202 [INFO] The time difference between the client and the server is within range 48.827 ms..52.138 ms
client 2023-07-13 07:12:01,202 [INFO] Sending command to the server: 'session,2023-07-13_06-56-11,stop,testing'
client 2023-07-13 07:12:12,236 [INFO] Got response: 'OK'
client 2023-07-13 07:12:12,236 [INFO] Sending command to the server: 'time'
client 2023-07-13 07:12:12,237 [INFO] Got response: '1689228732.184748'
client 2023-07-13 07:12:12,237 [INFO] The time difference between the client and the server is within range 51.605 ms..53.069 ms
client 2023-07-13 07:12:12,238 [INFO] Copying loadgen logs from '/home/arjun/mobilenet_results/valid_results/phoenix_Amd_Am5-tflite_cpp-cpu-tflite-vmaster-default_config/mobilenet-v2-precision_float-0.5-160/singlestream/performance/run_1' to '/home/arjun/mobilenet_results/valid_results/phoenix_Amd_Am5-tflite_cpp-cpu-tflite-vmaster-default_config/mobilenet-v2-precision_float-0.5-160/singlestream/performance/tmp_power/run_1'
client 2023-07-13 07:12:12,238 [INFO] Done runs
