client 2023-07-27 03:17:45,738 [INFO] Creating output directory '/home/cmuser/mobilenet_results/valid_results/bb3b3f2d4d2e-tflite_cpp-cpu-tflite-vmaster-default_config/mobilenet-v1-precision_uint8-0.5-192/singlestream/performance/tmp_power'
client 2023-07-27 03:17:45,740 [INFO] Sending command to the server: 'mlcommons/power client v3'
client 2023-07-27 03:17:45,742 [INFO] Got response: 'mlcommons/power server v3'
client 2023-07-27 03:17:45,742 [INFO] Synchronizing with the server and with time.google.com...
client 2023-07-27 03:17:45,803 [INFO] NTP:offset = 0.000 s, delay = 0.014 s 
client 2023-07-27 03:17:45,803 [INFO] Sending command to the server: 'time'
client 2023-07-27 03:17:45,807 [INFO] Got response: '1690453065.647578'
client 2023-07-27 03:17:45,807 [INFO] The time difference between the client and the server is within range 155.886 ms..160.029 ms
client 2023-07-27 03:17:45,807 [INFO] Sending command to the server: 'new,,dd2f8d20-6ba9-4148-9148-87c9f5d2734c'
client 2023-07-27 03:17:45,811 [INFO] Got response: 'OK 2023-07-27_11-17-45,7494c927-bd85-4612-9a7b-8f5f5e272d9f'
client 2023-07-27 03:17:45,811 [INFO] Session id is '2023-07-27_11-17-45'
client 2023-07-27 03:17:45,812 [INFO] Sources: {"sources": {"__init__.py": "da39a3ee5e6b4b0d3255bfef95601890afd80709", "client.py": "33ca4f26368777ac06e01f9567b714a4b8063886", "lib/__init__.py": "da39a3ee5e6b4b0d3255bfef95601890afd80709", "lib/client.py": "ac2aa093c8e8bbc9569b9e2a3471bc64e58a2258", "lib/common.py": "611d8b29633d331eb19c9455ea3b5fa3284ed6df", "lib/external/__init__.py": "da39a3ee5e6b4b0d3255bfef95601890afd80709", "lib/external/ntplib.py": "4da8f970656505a40483206ef2b5d3dd5e81711d", "lib/server.py": "c7af63c31bb2fbedea4345f571f6e3507d268ada", "lib/source_hashes.py": "60a2e02193209e8d392803326208d5466342da18", "lib/summary.py": "aa92f0a3f975eecd44d3c0cd0236342ccc9f941d", "lib/time_sync.py": "122eba67a9abc85635223e054def53be1367ade2", "server.py": "c3f90f2f7eeb4db30727556d0c815ebc89b3d28b", "tests/unit/__init__.py": "da39a3ee5e6b4b0d3255bfef95601890afd80709", "tests/unit/test_server.py": "948c1995d4008bc2aa6c4046a34ffa3858d6d671", "tests/unit/test_source_hashes.py": "00468a2907583c593e6574a1f6b404e4651c221a"}, "modules": {"ptd_client_server.lib.client": "lib/client.py", "ptd_client_server.lib.common": "lib/common.py", "ptd_client_server.lib.external.ntplib": "lib/external/ntplib.py", "ptd_client_server.lib.source_hashes": "lib/source_hashes.py", "ptd_client_server.lib.summary": "lib/summary.py", "ptd_client_server.lib.time_sync": "lib/time_sync.py"}}
client 2023-07-27 03:17:45,812 [INFO] Running workload in ranging mode
client 2023-07-27 03:17:45,812 [INFO] Synchronizing with the server and with time.google.com...
client 2023-07-27 03:17:45,863 [INFO] NTP:offset = 0.001 s, delay = 0.016 s 
client 2023-07-27 03:17:45,863 [INFO] Sending command to the server: 'time'
client 2023-07-27 03:17:45,867 [INFO] Got response: '1690453065.7077572'
client 2023-07-27 03:17:45,867 [INFO] The time difference between the client and the server is within range 156.042 ms..159.955 ms
client 2023-07-27 03:17:45,867 [INFO] Sending command to the server: 'session,2023-07-27_11-17-45,start,ranging'
client 2023-07-27 03:18:09,724 [INFO] Got response: 'OK'
client 2023-07-27 03:18:09,725 [INFO] Sending command to the server: 'time'
client 2023-07-27 03:18:09,728 [INFO] Got response: '1690453089.5642333'
client 2023-07-27 03:18:09,728 [INFO] The time difference between the client and the server is within range 160.811 ms..164.648 ms
client 2023-07-27 03:18:09,728 [INFO] Running the workload 'CM_MLPERF_RUN_COUNT=$(cat ${CM_RUN_DIR}/count.txt); echo ${CM_MLPERF_RUN_COUNT}; CM_MLPERF_RUN_COUNT=$((CM_MLPERF_RUN_COUNT+1)); echo ${CM_MLPERF_RUN_COUNT} > ${CM_RUN_DIR}/count.txt && if [ ${CM_MLPERF_RUN_COUNT} -eq "1" ]; then export CM_MLPERF_USER_CONF=${CM_MLPERF_RANGING_USER_CONF}; else export CM_MLPERF_USER_CONF=${CM_MLPERF_TESTING_USER_CONF}; fi && /home/cmuser/run.out'
client 2023-07-27 03:23:10,320 [INFO] Sending command to the server: 'time'
client 2023-07-27 03:23:10,324 [INFO] Got response: '1690453390.1573906'
client 2023-07-27 03:23:10,324 [INFO] The time difference between the client and the server is within range 162.701 ms..167.419 ms
client 2023-07-27 03:23:10,324 [INFO] Sending command to the server: 'session,2023-07-27_11-17-45,stop,ranging'
client 2023-07-27 03:23:20,911 [INFO] Got response: 'OK'
client 2023-07-27 03:23:20,911 [INFO] Sending command to the server: 'time'
client 2023-07-27 03:23:20,913 [INFO] Got response: '1690453400.7497249'
client 2023-07-27 03:23:20,913 [INFO] The time difference between the client and the server is within range 161.943 ms..164.033 ms
client 2023-07-27 03:23:20,917 [INFO] Copying loadgen logs from '/home/cmuser/mobilenet_results/valid_results/bb3b3f2d4d2e-tflite_cpp-cpu-tflite-vmaster-default_config/mobilenet-v1-precision_uint8-0.5-192/singlestream/performance/run_1' to '/home/cmuser/mobilenet_results/valid_results/bb3b3f2d4d2e-tflite_cpp-cpu-tflite-vmaster-default_config/mobilenet-v1-precision_uint8-0.5-192/singlestream/performance/tmp_power/ranging'
client 2023-07-27 03:23:20,917 [INFO] Running workload in testing mode
client 2023-07-27 03:23:20,917 [INFO] Synchronizing with the server and with time.google.com...
client 2023-07-27 03:23:20,973 [INFO] NTP:offset = 0.002 s, delay = 0.014 s 
client 2023-07-27 03:23:20,973 [INFO] Sending command to the server: 'time'
client 2023-07-27 03:23:20,976 [INFO] Got response: '1690453400.8078527'
client 2023-07-27 03:23:20,976 [INFO] The time difference between the client and the server is within range 165.461 ms..168.312 ms
client 2023-07-27 03:23:20,976 [INFO] Sending command to the server: 'session,2023-07-27_11-17-45,start,testing'
client 2023-07-27 03:23:34,034 [INFO] Got response: 'OK'
client 2023-07-27 03:23:34,034 [INFO] Sending command to the server: 'time'
client 2023-07-27 03:23:34,038 [INFO] Got response: '1690453413.8762155'
client 2023-07-27 03:23:34,038 [INFO] The time difference between the client and the server is within range 158.567 ms..162.359 ms
client 2023-07-27 03:23:34,038 [INFO] Running the workload 'CM_MLPERF_RUN_COUNT=$(cat ${CM_RUN_DIR}/count.txt); echo ${CM_MLPERF_RUN_COUNT}; CM_MLPERF_RUN_COUNT=$((CM_MLPERF_RUN_COUNT+1)); echo ${CM_MLPERF_RUN_COUNT} > ${CM_RUN_DIR}/count.txt && if [ ${CM_MLPERF_RUN_COUNT} -eq "1" ]; then export CM_MLPERF_USER_CONF=${CM_MLPERF_RANGING_USER_CONF}; else export CM_MLPERF_USER_CONF=${CM_MLPERF_TESTING_USER_CONF}; fi && /home/cmuser/run.out'
client 2023-07-27 03:33:35,126 [INFO] Sending command to the server: 'time'
client 2023-07-27 03:33:35,129 [INFO] Got response: '1690454014.9646297'
client 2023-07-27 03:33:35,129 [INFO] The time difference between the client and the server is within range 161.446 ms..164.630 ms
client 2023-07-27 03:33:35,129 [INFO] Sending command to the server: 'session,2023-07-27_11-17-45,stop,testing'
client 2023-07-27 03:33:46,128 [INFO] Got response: 'OK'
client 2023-07-27 03:33:46,128 [INFO] Sending command to the server: 'time'
client 2023-07-27 03:33:46,131 [INFO] Got response: '1690454025.9656885'
client 2023-07-27 03:33:46,131 [INFO] The time difference between the client and the server is within range 162.854 ms..165.583 ms
client 2023-07-27 03:33:46,131 [INFO] Copying loadgen logs from '/home/cmuser/mobilenet_results/valid_results/bb3b3f2d4d2e-tflite_cpp-cpu-tflite-vmaster-default_config/mobilenet-v1-precision_uint8-0.5-192/singlestream/performance/run_1' to '/home/cmuser/mobilenet_results/valid_results/bb3b3f2d4d2e-tflite_cpp-cpu-tflite-vmaster-default_config/mobilenet-v1-precision_uint8-0.5-192/singlestream/performance/tmp_power/run_1'
client 2023-07-27 03:33:46,132 [INFO] Done runs
