client 2023-07-13 09:53:48,021 [INFO] Creating output directory '/home/arjun/mobilenet_results/valid_results/phoenix_Amd_Am5-tflite_cpp-cpu-tflite-vmaster-default_config/mobilenet-v2-precision_uint8-0.35-128/singlestream/performance/tmp_power'
client 2023-07-13 09:53:48,023 [INFO] Sending command to the server: 'mlcommons/power client v3'
client 2023-07-13 09:53:48,026 [INFO] Got response: 'mlcommons/power server v3'
client 2023-07-13 09:53:48,026 [INFO] Synchronizing with the server and with time.google.com...
client 2023-07-13 09:53:48,042 [INFO] NTP:offset = -0.001 s, delay = 0.016 s 
client 2023-07-13 09:53:48,042 [INFO] Sending command to the server: 'time'
client 2023-07-13 09:53:48,046 [INFO] Got response: '1689238427.9789867'
client 2023-07-13 09:53:48,046 [INFO] The time difference between the client and the server is within range 63.977 ms..67.952 ms
client 2023-07-13 09:53:48,046 [INFO] Sending command to the server: 'new,,550b30bf-4d8e-42eb-9350-7af00cdba532'
client 2023-07-13 09:53:48,049 [INFO] Got response: 'OK 2023-07-13_09-53-47,1cb2a257-7eba-427b-a157-60af76724a4b'
client 2023-07-13 09:53:48,049 [INFO] Session id is '2023-07-13_09-53-47'
client 2023-07-13 09:53:48,049 [INFO] Sources: {"sources": {"__init__.py": "da39a3ee5e6b4b0d3255bfef95601890afd80709", "client.py": "33ca4f26368777ac06e01f9567b714a4b8063886", "lib/__init__.py": "da39a3ee5e6b4b0d3255bfef95601890afd80709", "lib/client.py": "ac2aa093c8e8bbc9569b9e2a3471bc64e58a2258", "lib/common.py": "611d8b29633d331eb19c9455ea3b5fa3284ed6df", "lib/external/__init__.py": "da39a3ee5e6b4b0d3255bfef95601890afd80709", "lib/external/ntplib.py": "4da8f970656505a40483206ef2b5d3dd5e81711d", "lib/server.py": "c7af63c31bb2fbedea4345f571f6e3507d268ada", "lib/source_hashes.py": "60a2e02193209e8d392803326208d5466342da18", "lib/summary.py": "aa92f0a3f975eecd44d3c0cd0236342ccc9f941d", "lib/time_sync.py": "122eba67a9abc85635223e054def53be1367ade2", "server.py": "c3f90f2f7eeb4db30727556d0c815ebc89b3d28b", "tests/unit/__init__.py": "da39a3ee5e6b4b0d3255bfef95601890afd80709", "tests/unit/test_server.py": "948c1995d4008bc2aa6c4046a34ffa3858d6d671", "tests/unit/test_source_hashes.py": "00468a2907583c593e6574a1f6b404e4651c221a"}, "modules": {"ptd_client_server.lib.client": "lib/client.py", "ptd_client_server.lib.common": "lib/common.py", "ptd_client_server.lib.external.ntplib": "lib/external/ntplib.py", "ptd_client_server.lib.source_hashes": "lib/source_hashes.py", "ptd_client_server.lib.summary": "lib/summary.py", "ptd_client_server.lib.time_sync": "lib/time_sync.py"}}
client 2023-07-13 09:53:48,049 [INFO] Running workload in ranging mode
client 2023-07-13 09:53:48,049 [INFO] Synchronizing with the server and with time.google.com...
client 2023-07-13 09:53:48,065 [INFO] NTP:offset = -0.002 s, delay = 0.016 s 
client 2023-07-13 09:53:48,066 [INFO] Sending command to the server: 'time'
client 2023-07-13 09:53:48,070 [INFO] Got response: '1689238428.00042'
client 2023-07-13 09:53:48,070 [INFO] The time difference between the client and the server is within range 65.658 ms..70.061 ms
client 2023-07-13 09:53:48,070 [INFO] Sending command to the server: 'session,2023-07-13_09-53-47,start,ranging'
client 2023-07-13 09:54:11,863 [INFO] Got response: 'OK'
client 2023-07-13 09:54:11,863 [INFO] Sending command to the server: 'time'
client 2023-07-13 09:54:11,864 [INFO] Got response: '1689238451.7947712'
client 2023-07-13 09:54:11,864 [INFO] The time difference between the client and the server is within range 68.449 ms..70.217 ms
client 2023-07-13 09:54:11,865 [INFO] Running the workload 'CM_MLPERF_RUN_COUNT=$(cat ${CM_RUN_DIR}/count.txt); echo ${CM_MLPERF_RUN_COUNT}; CM_MLPERF_RUN_COUNT=$((CM_MLPERF_RUN_COUNT+1)); echo ${CM_MLPERF_RUN_COUNT} > ${CM_RUN_DIR}/count.txt && if [ ${CM_MLPERF_RUN_COUNT} -eq "1" ]; then export CM_MLPERF_USER_CONF=${CM_MLPERF_RANGING_USER_CONF}; else export CM_MLPERF_USER_CONF=${CM_MLPERF_TESTING_USER_CONF}; fi && /home/arjun/run.out'
client 2023-07-13 09:59:12,472 [INFO] Sending command to the server: 'time'
client 2023-07-13 09:59:12,475 [INFO] Got response: '1689238752.4030054'
client 2023-07-13 09:59:12,475 [INFO] The time difference between the client and the server is within range 69.361 ms..72.553 ms
client 2023-07-13 09:59:12,475 [INFO] Sending command to the server: 'session,2023-07-13_09-53-47,stop,ranging'
client 2023-07-13 09:59:23,003 [INFO] Got response: 'OK'
client 2023-07-13 09:59:23,003 [INFO] Sending command to the server: 'time'
client 2023-07-13 09:59:23,004 [INFO] Got response: '1689238762.9365096'
client 2023-07-13 09:59:23,005 [INFO] The time difference between the client and the server is within range 66.881 ms..68.493 ms
client 2023-07-13 09:59:23,006 [INFO] Copying loadgen logs from '/home/arjun/mobilenet_results/valid_results/phoenix_Amd_Am5-tflite_cpp-cpu-tflite-vmaster-default_config/mobilenet-v2-precision_uint8-0.35-128/singlestream/performance/run_1' to '/home/arjun/mobilenet_results/valid_results/phoenix_Amd_Am5-tflite_cpp-cpu-tflite-vmaster-default_config/mobilenet-v2-precision_uint8-0.35-128/singlestream/performance/tmp_power/ranging'
client 2023-07-13 09:59:23,006 [INFO] Running workload in testing mode
client 2023-07-13 09:59:23,006 [INFO] Synchronizing with the server and with time.google.com...
client 2023-07-13 09:59:23,024 [INFO] NTP:offset = -0.002 s, delay = 0.016 s 
client 2023-07-13 09:59:23,024 [INFO] Sending command to the server: 'time'
client 2023-07-13 09:59:23,026 [INFO] Got response: '1689238762.9558535'
client 2023-07-13 09:59:23,026 [INFO] The time difference between the client and the server is within range 68.371 ms..70.313 ms
client 2023-07-13 09:59:23,026 [INFO] Sending command to the server: 'session,2023-07-13_09-53-47,start,testing'
client 2023-07-13 09:59:36,086 [INFO] Got response: 'OK'
client 2023-07-13 09:59:36,086 [INFO] Sending command to the server: 'time'
client 2023-07-13 09:59:36,089 [INFO] Got response: '1689238776.0129354'
client 2023-07-13 09:59:36,089 [INFO] The time difference between the client and the server is within range 73.185 ms..76.224 ms
client 2023-07-13 09:59:36,089 [INFO] Running the workload 'CM_MLPERF_RUN_COUNT=$(cat ${CM_RUN_DIR}/count.txt); echo ${CM_MLPERF_RUN_COUNT}; CM_MLPERF_RUN_COUNT=$((CM_MLPERF_RUN_COUNT+1)); echo ${CM_MLPERF_RUN_COUNT} > ${CM_RUN_DIR}/count.txt && if [ ${CM_MLPERF_RUN_COUNT} -eq "1" ]; then export CM_MLPERF_USER_CONF=${CM_MLPERF_RANGING_USER_CONF}; else export CM_MLPERF_USER_CONF=${CM_MLPERF_TESTING_USER_CONF}; fi && /home/arjun/run.out'
client 2023-07-13 10:09:37,297 [INFO] Sending command to the server: 'time'
client 2023-07-13 10:09:37,301 [INFO] Got response: '1689239377.2310205'
client 2023-07-13 10:09:37,301 [INFO] The time difference between the client and the server is within range 66.649 ms..70.074 ms
client 2023-07-13 10:09:37,301 [INFO] Sending command to the server: 'session,2023-07-13_09-53-47,stop,testing'
client 2023-07-13 10:09:48,158 [INFO] Got response: 'OK'
client 2023-07-13 10:09:48,159 [INFO] Sending command to the server: 'time'
client 2023-07-13 10:09:48,160 [INFO] Got response: '1689239388.0924013'
client 2023-07-13 10:09:48,160 [INFO] The time difference between the client and the server is within range 66.604 ms..68.322 ms
client 2023-07-13 10:09:48,161 [INFO] Copying loadgen logs from '/home/arjun/mobilenet_results/valid_results/phoenix_Amd_Am5-tflite_cpp-cpu-tflite-vmaster-default_config/mobilenet-v2-precision_uint8-0.35-128/singlestream/performance/run_1' to '/home/arjun/mobilenet_results/valid_results/phoenix_Amd_Am5-tflite_cpp-cpu-tflite-vmaster-default_config/mobilenet-v2-precision_uint8-0.35-128/singlestream/performance/tmp_power/run_1'
client 2023-07-13 10:09:48,161 [INFO] Done runs
