client 2023-07-13 13:07:28,678 [INFO] Creating output directory '/home/arjun/mobilenet_results/valid_results/phoenix_Amd_Am5-tflite_cpp-cpu-tflite-vmaster-default_config/efficientnet-fp32-lite2/singlestream/performance/tmp_power'
client 2023-07-13 13:07:28,680 [INFO] Sending command to the server: 'mlcommons/power client v3'
client 2023-07-13 13:07:28,681 [INFO] Got response: 'mlcommons/power server v3'
client 2023-07-13 13:07:28,681 [INFO] Synchronizing with the server and with time.google.com...
client 2023-07-13 13:07:28,699 [INFO] NTP:offset = -0.001 s, delay = 0.016 s 
client 2023-07-13 13:07:28,699 [INFO] Sending command to the server: 'time'
client 2023-07-13 13:07:28,701 [INFO] Got response: '1689250048.6244175'
client 2023-07-13 13:07:28,701 [INFO] The time difference between the client and the server is within range 75.279 ms..77.291 ms
client 2023-07-13 13:07:28,701 [INFO] Sending command to the server: 'new,,35a374f2-fef9-4247-9e31-5033d6a31ef7'
client 2023-07-13 13:07:28,704 [INFO] Got response: 'OK 2023-07-13_13-07-28,9b36e315-f6ba-4f9e-a7e8-3c41df0b84d2'
client 2023-07-13 13:07:28,704 [INFO] Session id is '2023-07-13_13-07-28'
client 2023-07-13 13:07:28,704 [INFO] Sources: {"sources": {"__init__.py": "da39a3ee5e6b4b0d3255bfef95601890afd80709", "client.py": "33ca4f26368777ac06e01f9567b714a4b8063886", "lib/__init__.py": "da39a3ee5e6b4b0d3255bfef95601890afd80709", "lib/client.py": "ac2aa093c8e8bbc9569b9e2a3471bc64e58a2258", "lib/common.py": "611d8b29633d331eb19c9455ea3b5fa3284ed6df", "lib/external/__init__.py": "da39a3ee5e6b4b0d3255bfef95601890afd80709", "lib/external/ntplib.py": "4da8f970656505a40483206ef2b5d3dd5e81711d", "lib/server.py": "c7af63c31bb2fbedea4345f571f6e3507d268ada", "lib/source_hashes.py": "60a2e02193209e8d392803326208d5466342da18", "lib/summary.py": "aa92f0a3f975eecd44d3c0cd0236342ccc9f941d", "lib/time_sync.py": "122eba67a9abc85635223e054def53be1367ade2", "server.py": "c3f90f2f7eeb4db30727556d0c815ebc89b3d28b", "tests/unit/__init__.py": "da39a3ee5e6b4b0d3255bfef95601890afd80709", "tests/unit/test_server.py": "948c1995d4008bc2aa6c4046a34ffa3858d6d671", "tests/unit/test_source_hashes.py": "00468a2907583c593e6574a1f6b404e4651c221a"}, "modules": {"ptd_client_server.lib.client": "lib/client.py", "ptd_client_server.lib.common": "lib/common.py", "ptd_client_server.lib.external.ntplib": "lib/external/ntplib.py", "ptd_client_server.lib.source_hashes": "lib/source_hashes.py", "ptd_client_server.lib.summary": "lib/summary.py", "ptd_client_server.lib.time_sync": "lib/time_sync.py"}}
client 2023-07-13 13:07:28,704 [INFO] Running workload in ranging mode
client 2023-07-13 13:07:28,704 [INFO] Synchronizing with the server and with time.google.com...
client 2023-07-13 13:07:28,719 [INFO] NTP:offset = -0.001 s, delay = 0.015 s 
client 2023-07-13 13:07:28,719 [INFO] Sending command to the server: 'time'
client 2023-07-13 13:07:28,726 [INFO] Got response: '1689250048.6548266'
client 2023-07-13 13:07:28,726 [INFO] The time difference between the client and the server is within range 64.799 ms..71.908 ms
client 2023-07-13 13:07:28,726 [INFO] Sending command to the server: 'session,2023-07-13_13-07-28,start,ranging'
client 2023-07-13 13:07:52,569 [INFO] Got response: 'OK'
client 2023-07-13 13:07:52,570 [INFO] Sending command to the server: 'time'
client 2023-07-13 13:07:52,572 [INFO] Got response: '1689250072.5003366'
client 2023-07-13 13:07:52,573 [INFO] The time difference between the client and the server is within range 69.680 ms..72.749 ms
client 2023-07-13 13:07:52,573 [INFO] Running the workload 'CM_MLPERF_RUN_COUNT=$(cat ${CM_RUN_DIR}/count.txt); echo ${CM_MLPERF_RUN_COUNT}; CM_MLPERF_RUN_COUNT=$((CM_MLPERF_RUN_COUNT+1)); echo ${CM_MLPERF_RUN_COUNT} > ${CM_RUN_DIR}/count.txt && if [ ${CM_MLPERF_RUN_COUNT} -eq "1" ]; then export CM_MLPERF_USER_CONF=${CM_MLPERF_RANGING_USER_CONF}; else export CM_MLPERF_USER_CONF=${CM_MLPERF_TESTING_USER_CONF}; fi && /home/arjun/run.out'
client 2023-07-13 13:12:53,585 [INFO] Sending command to the server: 'time'
client 2023-07-13 13:12:53,587 [INFO] Got response: '1689250373.5132341'
client 2023-07-13 13:12:53,588 [INFO] The time difference between the client and the server is within range 72.069 ms..74.773 ms
client 2023-07-13 13:12:53,588 [INFO] Sending command to the server: 'session,2023-07-13_13-07-28,stop,ranging'
client 2023-07-13 13:13:04,705 [INFO] Got response: 'OK'
client 2023-07-13 13:13:04,705 [INFO] Sending command to the server: 'time'
client 2023-07-13 13:13:04,708 [INFO] Got response: '1689250384.6341753'
client 2023-07-13 13:13:04,708 [INFO] The time difference between the client and the server is within range 71.316 ms..74.287 ms
client 2023-07-13 13:13:04,710 [INFO] Copying loadgen logs from '/home/arjun/mobilenet_results/valid_results/phoenix_Amd_Am5-tflite_cpp-cpu-tflite-vmaster-default_config/efficientnet-fp32-lite2/singlestream/performance/run_1' to '/home/arjun/mobilenet_results/valid_results/phoenix_Amd_Am5-tflite_cpp-cpu-tflite-vmaster-default_config/efficientnet-fp32-lite2/singlestream/performance/tmp_power/ranging'
client 2023-07-13 13:13:04,710 [INFO] Running workload in testing mode
client 2023-07-13 13:13:04,710 [INFO] Synchronizing with the server and with time.google.com...
client 2023-07-13 13:13:04,725 [INFO] NTP:offset = -0.001 s, delay = 0.014 s 
client 2023-07-13 13:13:04,725 [INFO] Sending command to the server: 'time'
client 2023-07-13 13:13:04,727 [INFO] Got response: '1689250384.6549532'
client 2023-07-13 13:13:04,727 [INFO] The time difference between the client and the server is within range 70.219 ms..72.623 ms
client 2023-07-13 13:13:04,727 [INFO] Sending command to the server: 'session,2023-07-13_13-07-28,start,testing'
client 2023-07-13 13:13:17,780 [INFO] Got response: 'OK'
client 2023-07-13 13:13:17,780 [INFO] Sending command to the server: 'time'
client 2023-07-13 13:13:17,783 [INFO] Got response: '1689250397.7071195'
client 2023-07-13 13:13:17,783 [INFO] The time difference between the client and the server is within range 73.834 ms..76.854 ms
client 2023-07-13 13:13:17,784 [INFO] Running the workload 'CM_MLPERF_RUN_COUNT=$(cat ${CM_RUN_DIR}/count.txt); echo ${CM_MLPERF_RUN_COUNT}; CM_MLPERF_RUN_COUNT=$((CM_MLPERF_RUN_COUNT+1)); echo ${CM_MLPERF_RUN_COUNT} > ${CM_RUN_DIR}/count.txt && if [ ${CM_MLPERF_RUN_COUNT} -eq "1" ]; then export CM_MLPERF_USER_CONF=${CM_MLPERF_RANGING_USER_CONF}; else export CM_MLPERF_USER_CONF=${CM_MLPERF_TESTING_USER_CONF}; fi && /home/arjun/run.out'
client 2023-07-13 13:23:18,767 [INFO] Sending command to the server: 'time'
client 2023-07-13 13:23:18,770 [INFO] Got response: '1689250998.689386'
client 2023-07-13 13:23:18,770 [INFO] The time difference between the client and the server is within range 77.735 ms..81.292 ms
client 2023-07-13 13:23:18,770 [INFO] Sending command to the server: 'session,2023-07-13_13-07-28,stop,testing'
client 2023-07-13 13:23:29,168 [INFO] Got response: 'OK'
client 2023-07-13 13:23:29,168 [INFO] Sending command to the server: 'time'
client 2023-07-13 13:23:29,170 [INFO] Got response: '1689251009.092659'
client 2023-07-13 13:23:29,170 [INFO] The time difference between the client and the server is within range 76.197 ms..78.206 ms
client 2023-07-13 13:23:29,171 [INFO] Copying loadgen logs from '/home/arjun/mobilenet_results/valid_results/phoenix_Amd_Am5-tflite_cpp-cpu-tflite-vmaster-default_config/efficientnet-fp32-lite2/singlestream/performance/run_1' to '/home/arjun/mobilenet_results/valid_results/phoenix_Amd_Am5-tflite_cpp-cpu-tflite-vmaster-default_config/efficientnet-fp32-lite2/singlestream/performance/tmp_power/run_1'
client 2023-07-13 13:23:29,171 [INFO] Done runs
