client 2023-07-13 00:27:54,197 [INFO] Creating output directory '/home/arjun/mobilenet_results/valid_results/phoenix_Amd_Am5-tflite_cpp-cpu-tflite-vmaster-default_config/mobilenet-v1-precision_uint8-0.5-128/singlestream/performance/tmp_power'
client 2023-07-13 00:27:54,198 [INFO] Sending command to the server: 'mlcommons/power client v3'
client 2023-07-13 00:27:54,200 [INFO] Got response: 'mlcommons/power server v3'
client 2023-07-13 00:27:54,200 [INFO] Synchronizing with the server and with time.google.com...
client 2023-07-13 00:27:54,216 [INFO] NTP:offset = -0.002 s, delay = 0.015 s 
client 2023-07-13 00:27:54,216 [INFO] Sending command to the server: 'time'
client 2023-07-13 00:27:54,219 [INFO] Got response: '1689204474.145571'
client 2023-07-13 00:27:54,219 [INFO] The time difference between the client and the server is within range 71.216 ms..74.179 ms
client 2023-07-13 00:27:54,219 [INFO] Sending command to the server: 'new,,fe24fa5d-8fd3-44df-9721-59795bce1e8c'
client 2023-07-13 00:27:54,222 [INFO] Got response: 'OK 2023-07-13_00-27-54,b6007f2e-029f-44ae-a67a-a779c79d27d2'
client 2023-07-13 00:27:54,222 [INFO] Session id is '2023-07-13_00-27-54'
client 2023-07-13 00:27:54,222 [INFO] Sources: {"sources": {"__init__.py": "da39a3ee5e6b4b0d3255bfef95601890afd80709", "client.py": "33ca4f26368777ac06e01f9567b714a4b8063886", "lib/__init__.py": "da39a3ee5e6b4b0d3255bfef95601890afd80709", "lib/client.py": "ac2aa093c8e8bbc9569b9e2a3471bc64e58a2258", "lib/common.py": "611d8b29633d331eb19c9455ea3b5fa3284ed6df", "lib/external/__init__.py": "da39a3ee5e6b4b0d3255bfef95601890afd80709", "lib/external/ntplib.py": "4da8f970656505a40483206ef2b5d3dd5e81711d", "lib/server.py": "c7af63c31bb2fbedea4345f571f6e3507d268ada", "lib/source_hashes.py": "60a2e02193209e8d392803326208d5466342da18", "lib/summary.py": "aa92f0a3f975eecd44d3c0cd0236342ccc9f941d", "lib/time_sync.py": "122eba67a9abc85635223e054def53be1367ade2", "server.py": "c3f90f2f7eeb4db30727556d0c815ebc89b3d28b", "tests/unit/__init__.py": "da39a3ee5e6b4b0d3255bfef95601890afd80709", "tests/unit/test_server.py": "948c1995d4008bc2aa6c4046a34ffa3858d6d671", "tests/unit/test_source_hashes.py": "00468a2907583c593e6574a1f6b404e4651c221a"}, "modules": {"ptd_client_server.lib.client": "lib/client.py", "ptd_client_server.lib.common": "lib/common.py", "ptd_client_server.lib.external.ntplib": "lib/external/ntplib.py", "ptd_client_server.lib.source_hashes": "lib/source_hashes.py", "ptd_client_server.lib.summary": "lib/summary.py", "ptd_client_server.lib.time_sync": "lib/time_sync.py"}}
client 2023-07-13 00:27:54,222 [INFO] Running workload in ranging mode
client 2023-07-13 00:27:54,222 [INFO] Synchronizing with the server and with time.google.com...
client 2023-07-13 00:27:54,235 [INFO] NTP:offset = -0.002 s, delay = 0.012 s 
client 2023-07-13 00:27:54,235 [INFO] Sending command to the server: 'time'
client 2023-07-13 00:27:54,242 [INFO] Got response: '1689204474.1650972'
client 2023-07-13 00:27:54,242 [INFO] The time difference between the client and the server is within range 70.626 ms..77.681 ms
client 2023-07-13 00:27:54,242 [INFO] Sending command to the server: 'session,2023-07-13_00-27-54,start,ranging'
client 2023-07-13 00:28:18,085 [INFO] Got response: 'OK'
client 2023-07-13 00:28:18,085 [INFO] Sending command to the server: 'time'
client 2023-07-13 00:28:18,088 [INFO] Got response: '1689204498.017131'
client 2023-07-13 00:28:18,089 [INFO] The time difference between the client and the server is within range 68.442 ms..71.876 ms
client 2023-07-13 00:28:18,089 [INFO] Running the workload 'CM_MLPERF_RUN_COUNT=$(cat ${CM_RUN_DIR}/count.txt); echo ${CM_MLPERF_RUN_COUNT}; CM_MLPERF_RUN_COUNT=$((CM_MLPERF_RUN_COUNT+1)); echo ${CM_MLPERF_RUN_COUNT} > ${CM_RUN_DIR}/count.txt && if [ ${CM_MLPERF_RUN_COUNT} -eq "1" ]; then export CM_MLPERF_USER_CONF=${CM_MLPERF_RANGING_USER_CONF}; else export CM_MLPERF_USER_CONF=${CM_MLPERF_TESTING_USER_CONF}; fi && /home/arjun/run.out'
client 2023-07-13 00:33:18,750 [INFO] Sending command to the server: 'time'
client 2023-07-13 00:33:18,753 [INFO] Got response: '1689204798.6837056'
client 2023-07-13 00:33:18,753 [INFO] The time difference between the client and the server is within range 66.531 ms..69.935 ms
client 2023-07-13 00:33:18,753 [INFO] Sending command to the server: 'session,2023-07-13_00-27-54,stop,ranging'
client 2023-07-13 00:33:29,179 [INFO] Got response: 'OK'
client 2023-07-13 00:33:29,180 [INFO] Sending command to the server: 'time'
client 2023-07-13 00:33:29,181 [INFO] Got response: '1689204809.1064274'
client 2023-07-13 00:33:29,181 [INFO] The time difference between the client and the server is within range 73.595 ms..75.226 ms
client 2023-07-13 00:33:29,184 [INFO] Copying loadgen logs from '/home/arjun/mobilenet_results/valid_results/phoenix_Amd_Am5-tflite_cpp-cpu-tflite-vmaster-default_config/mobilenet-v1-precision_uint8-0.5-128/singlestream/performance/run_1' to '/home/arjun/mobilenet_results/valid_results/phoenix_Amd_Am5-tflite_cpp-cpu-tflite-vmaster-default_config/mobilenet-v1-precision_uint8-0.5-128/singlestream/performance/tmp_power/ranging'
client 2023-07-13 00:33:29,184 [INFO] Running workload in testing mode
client 2023-07-13 00:33:29,184 [INFO] Synchronizing with the server and with time.google.com...
client 2023-07-13 00:33:29,199 [INFO] NTP:offset = -0.002 s, delay = 0.014 s 
client 2023-07-13 00:33:29,199 [INFO] Sending command to the server: 'time'
client 2023-07-13 00:33:29,201 [INFO] Got response: '1689204809.126909'
client 2023-07-13 00:33:29,201 [INFO] The time difference between the client and the server is within range 72.490 ms..74.281 ms
client 2023-07-13 00:33:29,201 [INFO] Sending command to the server: 'session,2023-07-13_00-27-54,start,testing'
client 2023-07-13 00:33:42,260 [INFO] Got response: 'OK'
client 2023-07-13 00:33:42,260 [INFO] Sending command to the server: 'time'
client 2023-07-13 00:33:42,263 [INFO] Got response: '1689204822.1880784'
client 2023-07-13 00:33:42,263 [INFO] The time difference between the client and the server is within range 72.775 ms..75.893 ms
client 2023-07-13 00:33:42,264 [INFO] Running the workload 'CM_MLPERF_RUN_COUNT=$(cat ${CM_RUN_DIR}/count.txt); echo ${CM_MLPERF_RUN_COUNT}; CM_MLPERF_RUN_COUNT=$((CM_MLPERF_RUN_COUNT+1)); echo ${CM_MLPERF_RUN_COUNT} > ${CM_RUN_DIR}/count.txt && if [ ${CM_MLPERF_RUN_COUNT} -eq "1" ]; then export CM_MLPERF_USER_CONF=${CM_MLPERF_RANGING_USER_CONF}; else export CM_MLPERF_USER_CONF=${CM_MLPERF_TESTING_USER_CONF}; fi && /home/arjun/run.out'
client 2023-07-13 00:43:43,639 [INFO] Sending command to the server: 'time'
client 2023-07-13 00:43:43,643 [INFO] Got response: '1689205423.5735319'
client 2023-07-13 00:43:43,643 [INFO] The time difference between the client and the server is within range 66.313 ms..70.298 ms
client 2023-07-13 00:43:43,643 [INFO] Sending command to the server: 'session,2023-07-13_00-27-54,stop,testing'
client 2023-07-13 00:43:54,340 [INFO] Got response: 'OK'
client 2023-07-13 00:43:54,340 [INFO] Sending command to the server: 'time'
client 2023-07-13 00:43:54,341 [INFO] Got response: '1689205434.2719307'
client 2023-07-13 00:43:54,342 [INFO] The time difference between the client and the server is within range 68.748 ms..70.083 ms
client 2023-07-13 00:43:54,342 [INFO] Copying loadgen logs from '/home/arjun/mobilenet_results/valid_results/phoenix_Amd_Am5-tflite_cpp-cpu-tflite-vmaster-default_config/mobilenet-v1-precision_uint8-0.5-128/singlestream/performance/run_1' to '/home/arjun/mobilenet_results/valid_results/phoenix_Amd_Am5-tflite_cpp-cpu-tflite-vmaster-default_config/mobilenet-v1-precision_uint8-0.5-128/singlestream/performance/tmp_power/run_1'
client 2023-07-13 00:43:54,342 [INFO] Done runs
