client 2023-07-13 07:28:29,145 [INFO] Creating output directory '/home/arjun/mobilenet_results/valid_results/phoenix_Amd_Am5-tflite_cpp-cpu-tflite-vmaster-default_config/mobilenet-v2-precision_float-0.5-128/singlestream/performance/tmp_power'
client 2023-07-13 07:28:29,147 [INFO] Sending command to the server: 'mlcommons/power client v3'
client 2023-07-13 07:28:29,150 [INFO] Got response: 'mlcommons/power server v3'
client 2023-07-13 07:28:29,150 [INFO] Synchronizing with the server and with time.google.com...
client 2023-07-13 07:28:29,166 [INFO] NTP:offset = 0.001 s, delay = 0.015 s 
client 2023-07-13 07:28:29,166 [INFO] Sending command to the server: 'time'
client 2023-07-13 07:28:29,174 [INFO] Got response: '1689229709.107622'
client 2023-07-13 07:28:29,175 [INFO] The time difference between the client and the server is within range 59.191 ms..67.418 ms
client 2023-07-13 07:28:29,175 [INFO] Sending command to the server: 'new,,1d209ec3-92a0-47ae-b744-479cc4e3d150'
client 2023-07-13 07:28:29,177 [INFO] Got response: 'OK 2023-07-13_07-28-29,1218772c-7068-4774-8d21-317890033625'
client 2023-07-13 07:28:29,178 [INFO] Session id is '2023-07-13_07-28-29'
client 2023-07-13 07:28:29,178 [INFO] Sources: {"sources": {"__init__.py": "da39a3ee5e6b4b0d3255bfef95601890afd80709", "client.py": "33ca4f26368777ac06e01f9567b714a4b8063886", "lib/__init__.py": "da39a3ee5e6b4b0d3255bfef95601890afd80709", "lib/client.py": "ac2aa093c8e8bbc9569b9e2a3471bc64e58a2258", "lib/common.py": "611d8b29633d331eb19c9455ea3b5fa3284ed6df", "lib/external/__init__.py": "da39a3ee5e6b4b0d3255bfef95601890afd80709", "lib/external/ntplib.py": "4da8f970656505a40483206ef2b5d3dd5e81711d", "lib/server.py": "c7af63c31bb2fbedea4345f571f6e3507d268ada", "lib/source_hashes.py": "60a2e02193209e8d392803326208d5466342da18", "lib/summary.py": "aa92f0a3f975eecd44d3c0cd0236342ccc9f941d", "lib/time_sync.py": "122eba67a9abc85635223e054def53be1367ade2", "server.py": "c3f90f2f7eeb4db30727556d0c815ebc89b3d28b", "tests/unit/__init__.py": "da39a3ee5e6b4b0d3255bfef95601890afd80709", "tests/unit/test_server.py": "948c1995d4008bc2aa6c4046a34ffa3858d6d671", "tests/unit/test_source_hashes.py": "00468a2907583c593e6574a1f6b404e4651c221a"}, "modules": {"ptd_client_server.lib.client": "lib/client.py", "ptd_client_server.lib.common": "lib/common.py", "ptd_client_server.lib.external.ntplib": "lib/external/ntplib.py", "ptd_client_server.lib.source_hashes": "lib/source_hashes.py", "ptd_client_server.lib.summary": "lib/summary.py", "ptd_client_server.lib.time_sync": "lib/time_sync.py"}}
client 2023-07-13 07:28:29,178 [INFO] Running workload in ranging mode
client 2023-07-13 07:28:29,178 [INFO] Synchronizing with the server and with time.google.com...
client 2023-07-13 07:28:29,194 [INFO] NTP:offset = 0.001 s, delay = 0.016 s 
client 2023-07-13 07:28:29,194 [INFO] Sending command to the server: 'time'
client 2023-07-13 07:28:29,196 [INFO] Got response: '1689229709.1274173'
client 2023-07-13 07:28:29,196 [INFO] The time difference between the client and the server is within range 67.573 ms..69.538 ms
client 2023-07-13 07:28:29,196 [INFO] Sending command to the server: 'session,2023-07-13_07-28-29,start,ranging'
client 2023-07-13 07:28:53,076 [INFO] Got response: 'OK'
client 2023-07-13 07:28:53,076 [INFO] Sending command to the server: 'time'
client 2023-07-13 07:28:53,078 [INFO] Got response: '1689229733.0129733'
client 2023-07-13 07:28:53,078 [INFO] The time difference between the client and the server is within range 63.158 ms..65.879 ms
client 2023-07-13 07:28:53,078 [INFO] Running the workload 'CM_MLPERF_RUN_COUNT=$(cat ${CM_RUN_DIR}/count.txt); echo ${CM_MLPERF_RUN_COUNT}; CM_MLPERF_RUN_COUNT=$((CM_MLPERF_RUN_COUNT+1)); echo ${CM_MLPERF_RUN_COUNT} > ${CM_RUN_DIR}/count.txt && if [ ${CM_MLPERF_RUN_COUNT} -eq "1" ]; then export CM_MLPERF_USER_CONF=${CM_MLPERF_RANGING_USER_CONF}; else export CM_MLPERF_USER_CONF=${CM_MLPERF_TESTING_USER_CONF}; fi && /home/arjun/run.out'
client 2023-07-13 07:33:53,699 [INFO] Sending command to the server: 'time'
client 2023-07-13 07:33:53,702 [INFO] Got response: '1689230033.6300309'
client 2023-07-13 07:33:53,703 [INFO] The time difference between the client and the server is within range 69.390 ms..73.027 ms
client 2023-07-13 07:33:53,703 [INFO] Sending command to the server: 'session,2023-07-13_07-28-29,stop,ranging'
client 2023-07-13 07:34:04,212 [INFO] Got response: 'OK'
client 2023-07-13 07:34:04,212 [INFO] Sending command to the server: 'time'
client 2023-07-13 07:34:04,216 [INFO] Got response: '1689230044.1468697'
client 2023-07-13 07:34:04,216 [INFO] The time difference between the client and the server is within range 65.915 ms..69.298 ms
client 2023-07-13 07:34:04,217 [INFO] Copying loadgen logs from '/home/arjun/mobilenet_results/valid_results/phoenix_Amd_Am5-tflite_cpp-cpu-tflite-vmaster-default_config/mobilenet-v2-precision_float-0.5-128/singlestream/performance/run_1' to '/home/arjun/mobilenet_results/valid_results/phoenix_Amd_Am5-tflite_cpp-cpu-tflite-vmaster-default_config/mobilenet-v2-precision_float-0.5-128/singlestream/performance/tmp_power/ranging'
client 2023-07-13 07:34:04,218 [INFO] Running workload in testing mode
client 2023-07-13 07:34:04,218 [INFO] Synchronizing with the server and with time.google.com...
client 2023-07-13 07:34:04,241 [INFO] NTP:offset = 0.003 s, delay = 0.022 s 
client 2023-07-13 07:34:04,241 [INFO] Sending command to the server: 'time'
client 2023-07-13 07:34:04,243 [INFO] Got response: '1689230044.1769557'
client 2023-07-13 07:34:04,243 [INFO] The time difference between the client and the server is within range 64.200 ms..66.788 ms
client 2023-07-13 07:34:04,243 [INFO] Sending command to the server: 'session,2023-07-13_07-28-29,start,testing'
client 2023-07-13 07:34:17,300 [INFO] Got response: 'OK'
client 2023-07-13 07:34:17,301 [INFO] Sending command to the server: 'time'
client 2023-07-13 07:34:17,304 [INFO] Got response: '1689230057.2376492'
client 2023-07-13 07:34:17,304 [INFO] The time difference between the client and the server is within range 63.432 ms..66.914 ms
client 2023-07-13 07:34:17,304 [INFO] Running the workload 'CM_MLPERF_RUN_COUNT=$(cat ${CM_RUN_DIR}/count.txt); echo ${CM_MLPERF_RUN_COUNT}; CM_MLPERF_RUN_COUNT=$((CM_MLPERF_RUN_COUNT+1)); echo ${CM_MLPERF_RUN_COUNT} > ${CM_RUN_DIR}/count.txt && if [ ${CM_MLPERF_RUN_COUNT} -eq "1" ]; then export CM_MLPERF_USER_CONF=${CM_MLPERF_RANGING_USER_CONF}; else export CM_MLPERF_USER_CONF=${CM_MLPERF_TESTING_USER_CONF}; fi && /home/arjun/run.out'
client 2023-07-13 07:44:18,543 [INFO] Sending command to the server: 'time'
client 2023-07-13 07:44:18,547 [INFO] Got response: '1689230658.4699688'
client 2023-07-13 07:44:18,547 [INFO] The time difference between the client and the server is within range 73.270 ms..77.207 ms
client 2023-07-13 07:44:18,547 [INFO] Sending command to the server: 'session,2023-07-13_07-28-29,stop,testing'
client 2023-07-13 07:44:29,389 [INFO] Got response: 'OK'
client 2023-07-13 07:44:29,389 [INFO] Sending command to the server: 'time'
client 2023-07-13 07:44:29,390 [INFO] Got response: '1689230669.3115451'
client 2023-07-13 07:44:29,390 [INFO] The time difference between the client and the server is within range 77.572 ms..78.900 ms
client 2023-07-13 07:44:29,390 [INFO] Copying loadgen logs from '/home/arjun/mobilenet_results/valid_results/phoenix_Amd_Am5-tflite_cpp-cpu-tflite-vmaster-default_config/mobilenet-v2-precision_float-0.5-128/singlestream/performance/run_1' to '/home/arjun/mobilenet_results/valid_results/phoenix_Amd_Am5-tflite_cpp-cpu-tflite-vmaster-default_config/mobilenet-v2-precision_float-0.5-128/singlestream/performance/tmp_power/run_1'
client 2023-07-13 07:44:29,391 [INFO] Done runs
