client 2023-07-26 09:14:38,468 [INFO] Creating output directory '/home/cmuser/mobilenet_results/valid_results/bb3b3f2d4d2e-tflite_cpp-cpu-tflite-vmaster-default_config/mobilenet-v1-precision_uint8-0.75-160/singlestream/performance/tmp_power'
client 2023-07-26 09:14:38,470 [INFO] Sending command to the server: 'mlcommons/power client v3'
client 2023-07-26 09:14:38,475 [INFO] Got response: 'mlcommons/power server v3'
client 2023-07-26 09:14:38,475 [INFO] Synchronizing with the server and with time.google.com...
client 2023-07-26 09:14:38,528 [INFO] NTP:offset = -0.001 s, delay = 0.014 s 
client 2023-07-26 09:14:38,528 [INFO] Sending command to the server: 'time'
client 2023-07-26 09:14:38,531 [INFO] Got response: '1690388078.3941844'
client 2023-07-26 09:14:38,531 [INFO] The time difference between the client and the server is within range 133.999 ms..137.800 ms
client 2023-07-26 09:14:38,532 [INFO] Sending command to the server: 'new,,872aa415-256e-443e-97b1-43c25e7f1e60'
client 2023-07-26 09:14:38,536 [INFO] Got response: 'OK 2023-07-26_17-14-38,161f3872-5a3b-4c76-a968-4bd8d86d2e4d'
client 2023-07-26 09:14:38,536 [INFO] Session id is '2023-07-26_17-14-38'
client 2023-07-26 09:14:38,536 [INFO] Sources: {"sources": {"__init__.py": "da39a3ee5e6b4b0d3255bfef95601890afd80709", "client.py": "33ca4f26368777ac06e01f9567b714a4b8063886", "lib/__init__.py": "da39a3ee5e6b4b0d3255bfef95601890afd80709", "lib/client.py": "ac2aa093c8e8bbc9569b9e2a3471bc64e58a2258", "lib/common.py": "611d8b29633d331eb19c9455ea3b5fa3284ed6df", "lib/external/__init__.py": "da39a3ee5e6b4b0d3255bfef95601890afd80709", "lib/external/ntplib.py": "4da8f970656505a40483206ef2b5d3dd5e81711d", "lib/server.py": "c7af63c31bb2fbedea4345f571f6e3507d268ada", "lib/source_hashes.py": "60a2e02193209e8d392803326208d5466342da18", "lib/summary.py": "aa92f0a3f975eecd44d3c0cd0236342ccc9f941d", "lib/time_sync.py": "122eba67a9abc85635223e054def53be1367ade2", "server.py": "c3f90f2f7eeb4db30727556d0c815ebc89b3d28b", "tests/unit/__init__.py": "da39a3ee5e6b4b0d3255bfef95601890afd80709", "tests/unit/test_server.py": "948c1995d4008bc2aa6c4046a34ffa3858d6d671", "tests/unit/test_source_hashes.py": "00468a2907583c593e6574a1f6b404e4651c221a"}, "modules": {"ptd_client_server.lib.client": "lib/client.py", "ptd_client_server.lib.common": "lib/common.py", "ptd_client_server.lib.external.ntplib": "lib/external/ntplib.py", "ptd_client_server.lib.source_hashes": "lib/source_hashes.py", "ptd_client_server.lib.summary": "lib/summary.py", "ptd_client_server.lib.time_sync": "lib/time_sync.py"}}
client 2023-07-26 09:14:38,536 [INFO] Running workload in ranging mode
client 2023-07-26 09:14:38,536 [INFO] Synchronizing with the server and with time.google.com...
client 2023-07-26 09:14:38,588 [INFO] NTP:offset = -0.001 s, delay = 0.014 s 
client 2023-07-26 09:14:38,588 [INFO] Sending command to the server: 'time'
client 2023-07-26 09:14:38,593 [INFO] Got response: '1690388078.4549987'
client 2023-07-26 09:14:38,593 [INFO] The time difference between the client and the server is within range 133.178 ms..138.975 ms
client 2023-07-26 09:14:38,594 [INFO] Sending command to the server: 'session,2023-07-26_17-14-38,start,ranging'
client 2023-07-26 09:15:02,457 [INFO] Got response: 'OK'
client 2023-07-26 09:15:02,457 [INFO] Sending command to the server: 'time'
client 2023-07-26 09:15:02,460 [INFO] Got response: '1690388102.3217518'
client 2023-07-26 09:15:02,460 [INFO] The time difference between the client and the server is within range 136.089 ms..138.424 ms
client 2023-07-26 09:15:02,460 [INFO] Running the workload 'CM_MLPERF_RUN_COUNT=$(cat ${CM_RUN_DIR}/count.txt); echo ${CM_MLPERF_RUN_COUNT}; CM_MLPERF_RUN_COUNT=$((CM_MLPERF_RUN_COUNT+1)); echo ${CM_MLPERF_RUN_COUNT} > ${CM_RUN_DIR}/count.txt && if [ ${CM_MLPERF_RUN_COUNT} -eq "1" ]; then export CM_MLPERF_USER_CONF=${CM_MLPERF_RANGING_USER_CONF}; else export CM_MLPERF_USER_CONF=${CM_MLPERF_TESTING_USER_CONF}; fi && /home/cmuser/run.out'
client 2023-07-26 09:20:03,059 [INFO] Sending command to the server: 'time'
client 2023-07-26 09:20:03,063 [INFO] Got response: '1690388402.9227762'
client 2023-07-26 09:20:03,063 [INFO] The time difference between the client and the server is within range 136.494 ms..140.552 ms
client 2023-07-26 09:20:03,063 [INFO] Sending command to the server: 'session,2023-07-26_17-14-38,stop,ranging'
client 2023-07-26 09:20:13,738 [INFO] Got response: 'OK'
client 2023-07-26 09:20:13,739 [INFO] Sending command to the server: 'time'
client 2023-07-26 09:20:13,740 [INFO] Got response: '1690388413.5947323'
client 2023-07-26 09:20:13,740 [INFO] The time difference between the client and the server is within range 144.355 ms..146.004 ms
client 2023-07-26 09:20:13,744 [INFO] Copying loadgen logs from '/home/cmuser/mobilenet_results/valid_results/bb3b3f2d4d2e-tflite_cpp-cpu-tflite-vmaster-default_config/mobilenet-v1-precision_uint8-0.75-160/singlestream/performance/run_1' to '/home/cmuser/mobilenet_results/valid_results/bb3b3f2d4d2e-tflite_cpp-cpu-tflite-vmaster-default_config/mobilenet-v1-precision_uint8-0.75-160/singlestream/performance/tmp_power/ranging'
client 2023-07-26 09:20:13,744 [INFO] Running workload in testing mode
client 2023-07-26 09:20:13,744 [INFO] Synchronizing with the server and with time.google.com...
client 2023-07-26 09:20:13,807 [INFO] NTP:offset = -0.001 s, delay = 0.014 s 
client 2023-07-26 09:20:13,807 [INFO] Sending command to the server: 'time'
client 2023-07-26 09:20:13,810 [INFO] Got response: '1690388413.6670518'
client 2023-07-26 09:20:13,810 [INFO] The time difference between the client and the server is within range 140.135 ms..143.006 ms
client 2023-07-26 09:20:13,810 [INFO] Sending command to the server: 'session,2023-07-26_17-14-38,start,testing'
client 2023-07-26 09:20:26,879 [INFO] Got response: 'OK'
client 2023-07-26 09:20:26,879 [INFO] Sending command to the server: 'time'
client 2023-07-26 09:20:26,882 [INFO] Got response: '1690388426.743745'
client 2023-07-26 09:20:26,882 [INFO] The time difference between the client and the server is within range 135.702 ms..138.580 ms
client 2023-07-26 09:20:26,882 [INFO] Running the workload 'CM_MLPERF_RUN_COUNT=$(cat ${CM_RUN_DIR}/count.txt); echo ${CM_MLPERF_RUN_COUNT}; CM_MLPERF_RUN_COUNT=$((CM_MLPERF_RUN_COUNT+1)); echo ${CM_MLPERF_RUN_COUNT} > ${CM_RUN_DIR}/count.txt && if [ ${CM_MLPERF_RUN_COUNT} -eq "1" ]; then export CM_MLPERF_USER_CONF=${CM_MLPERF_RANGING_USER_CONF}; else export CM_MLPERF_USER_CONF=${CM_MLPERF_TESTING_USER_CONF}; fi && /home/cmuser/run.out'
client 2023-07-26 09:30:27,992 [INFO] Sending command to the server: 'time'
client 2023-07-26 09:30:27,996 [INFO] Got response: '1690389027.850681'
client 2023-07-26 09:30:27,996 [INFO] The time difference between the client and the server is within range 141.673 ms..145.445 ms
client 2023-07-26 09:30:27,996 [INFO] Sending command to the server: 'session,2023-07-26_17-14-38,stop,testing'
client 2023-07-26 09:30:38,972 [INFO] Got response: 'OK'
client 2023-07-26 09:30:38,973 [INFO] Sending command to the server: 'time'
client 2023-07-26 09:30:38,974 [INFO] Got response: '1690389038.8231883'
client 2023-07-26 09:30:38,974 [INFO] The time difference between the client and the server is within range 149.911 ms..151.339 ms
client 2023-07-26 09:30:38,975 [INFO] Copying loadgen logs from '/home/cmuser/mobilenet_results/valid_results/bb3b3f2d4d2e-tflite_cpp-cpu-tflite-vmaster-default_config/mobilenet-v1-precision_uint8-0.75-160/singlestream/performance/run_1' to '/home/cmuser/mobilenet_results/valid_results/bb3b3f2d4d2e-tflite_cpp-cpu-tflite-vmaster-default_config/mobilenet-v1-precision_uint8-0.75-160/singlestream/performance/tmp_power/run_1'
client 2023-07-26 09:30:38,975 [INFO] Done runs
