client 2023-07-12 22:34:54,517 [INFO] Creating output directory '/home/arjun/mobilenet_results/valid_results/phoenix_Amd_Am5-tflite_cpp-cpu-tflite-vmaster-default_config/mobilenet-v1-precision_float-0.5-224/singlestream/performance/tmp_power'
client 2023-07-12 22:34:54,519 [INFO] Sending command to the server: 'mlcommons/power client v3'
client 2023-07-12 22:34:54,521 [INFO] Got response: 'mlcommons/power server v3'
client 2023-07-12 22:34:54,521 [INFO] Synchronizing with the server and with time.google.com...
client 2023-07-12 22:34:54,540 [INFO] NTP:offset = -0.020 s, delay = 0.017 s 
client 2023-07-12 22:34:54,540 [INFO] Sending command to the server: 'time'
client 2023-07-12 22:34:54,543 [INFO] Got response: '1689197694.441386'
client 2023-07-12 22:34:54,543 [INFO] The time difference between the client and the server is within range 98.841 ms..102.468 ms
client 2023-07-12 22:34:54,543 [INFO] Sending command to the server: 'new,,fccab6b1-02b7-4567-8eea-6f1a4a20de43'
client 2023-07-12 22:34:54,547 [INFO] Got response: 'OK 2023-07-12_22-34-54,2ad2cd2a-c754-486e-be32-70803bca1b1e'
client 2023-07-12 22:34:54,547 [INFO] Session id is '2023-07-12_22-34-54'
client 2023-07-12 22:34:54,547 [INFO] Sources: {"sources": {"__init__.py": "da39a3ee5e6b4b0d3255bfef95601890afd80709", "client.py": "33ca4f26368777ac06e01f9567b714a4b8063886", "lib/__init__.py": "da39a3ee5e6b4b0d3255bfef95601890afd80709", "lib/client.py": "ac2aa093c8e8bbc9569b9e2a3471bc64e58a2258", "lib/common.py": "611d8b29633d331eb19c9455ea3b5fa3284ed6df", "lib/external/__init__.py": "da39a3ee5e6b4b0d3255bfef95601890afd80709", "lib/external/ntplib.py": "4da8f970656505a40483206ef2b5d3dd5e81711d", "lib/server.py": "c7af63c31bb2fbedea4345f571f6e3507d268ada", "lib/source_hashes.py": "60a2e02193209e8d392803326208d5466342da18", "lib/summary.py": "aa92f0a3f975eecd44d3c0cd0236342ccc9f941d", "lib/time_sync.py": "122eba67a9abc85635223e054def53be1367ade2", "server.py": "c3f90f2f7eeb4db30727556d0c815ebc89b3d28b", "tests/unit/__init__.py": "da39a3ee5e6b4b0d3255bfef95601890afd80709", "tests/unit/test_server.py": "948c1995d4008bc2aa6c4046a34ffa3858d6d671", "tests/unit/test_source_hashes.py": "00468a2907583c593e6574a1f6b404e4651c221a"}, "modules": {"ptd_client_server.lib.client": "lib/client.py", "ptd_client_server.lib.common": "lib/common.py", "ptd_client_server.lib.external.ntplib": "lib/external/ntplib.py", "ptd_client_server.lib.source_hashes": "lib/source_hashes.py", "ptd_client_server.lib.summary": "lib/summary.py", "ptd_client_server.lib.time_sync": "lib/time_sync.py"}}
client 2023-07-12 22:34:54,548 [INFO] Running workload in ranging mode
client 2023-07-12 22:34:54,548 [INFO] Synchronizing with the server and with time.google.com...
client 2023-07-12 22:34:54,566 [INFO] NTP:offset = -0.019 s, delay = 0.018 s 
client 2023-07-12 22:34:54,566 [INFO] Sending command to the server: 'time'
client 2023-07-12 22:34:54,570 [INFO] Got response: '1689197694.47145'
client 2023-07-12 22:34:54,570 [INFO] The time difference between the client and the server is within range 95.082 ms..98.821 ms
client 2023-07-12 22:34:54,570 [INFO] Sending command to the server: 'session,2023-07-12_22-34-54,start,ranging'
client 2023-07-12 22:35:18,452 [INFO] Got response: 'OK'
client 2023-07-12 22:35:18,452 [INFO] Sending command to the server: 'time'
client 2023-07-12 22:35:18,497 [INFO] Got response: '1689197718.4010088'
client 2023-07-12 22:35:18,498 [INFO] The time difference between the client and the server is within range 51.772 ms..96.981 ms
client 2023-07-12 22:35:18,498 [INFO] Running the workload 'CM_MLPERF_RUN_COUNT=$(cat ${CM_RUN_DIR}/count.txt); echo ${CM_MLPERF_RUN_COUNT}; CM_MLPERF_RUN_COUNT=$((CM_MLPERF_RUN_COUNT+1)); echo ${CM_MLPERF_RUN_COUNT} > ${CM_RUN_DIR}/count.txt && if [ ${CM_MLPERF_RUN_COUNT} -eq "1" ]; then export CM_MLPERF_USER_CONF=${CM_MLPERF_RANGING_USER_CONF}; else export CM_MLPERF_USER_CONF=${CM_MLPERF_TESTING_USER_CONF}; fi && /home/arjun/run.out'
client 2023-07-12 22:40:19,129 [INFO] Sending command to the server: 'time'
client 2023-07-12 22:40:19,133 [INFO] Got response: '1689198019.031086'
client 2023-07-12 22:40:19,133 [INFO] The time difference between the client and the server is within range 98.713 ms..101.996 ms
client 2023-07-12 22:40:19,133 [INFO] Sending command to the server: 'session,2023-07-12_22-34-54,stop,ranging'
client 2023-07-12 22:40:29,707 [INFO] Got response: 'OK'
client 2023-07-12 22:40:29,707 [INFO] Sending command to the server: 'time'
client 2023-07-12 22:40:29,709 [INFO] Got response: '1689198029.6077213'
client 2023-07-12 22:40:29,709 [INFO] The time difference between the client and the server is within range 100.019 ms..101.854 ms
client 2023-07-12 22:40:29,712 [INFO] Copying loadgen logs from '/home/arjun/mobilenet_results/valid_results/phoenix_Amd_Am5-tflite_cpp-cpu-tflite-vmaster-default_config/mobilenet-v1-precision_float-0.5-224/singlestream/performance/run_1' to '/home/arjun/mobilenet_results/valid_results/phoenix_Amd_Am5-tflite_cpp-cpu-tflite-vmaster-default_config/mobilenet-v1-precision_float-0.5-224/singlestream/performance/tmp_power/ranging'
client 2023-07-12 22:40:29,712 [INFO] Running workload in testing mode
client 2023-07-12 22:40:29,712 [INFO] Synchronizing with the server and with time.google.com...
client 2023-07-12 22:40:29,732 [INFO] NTP:offset = -0.015 s, delay = 0.019 s 
client 2023-07-12 22:40:29,732 [INFO] Sending command to the server: 'time'
client 2023-07-12 22:40:29,733 [INFO] Got response: '1689198029.6379254'
client 2023-07-12 22:40:29,734 [INFO] The time difference between the client and the server is within range 94.357 ms..96.086 ms
client 2023-07-12 22:40:29,734 [INFO] Sending command to the server: 'session,2023-07-12_22-34-54,start,testing'
client 2023-07-12 22:40:42,792 [INFO] Got response: 'OK'
client 2023-07-12 22:40:42,792 [INFO] Sending command to the server: 'time'
client 2023-07-12 22:40:42,793 [INFO] Got response: '1689198042.7001927'
client 2023-07-12 22:40:42,793 [INFO] The time difference between the client and the server is within range 91.917 ms..93.317 ms
client 2023-07-12 22:40:42,793 [INFO] Running the workload 'CM_MLPERF_RUN_COUNT=$(cat ${CM_RUN_DIR}/count.txt); echo ${CM_MLPERF_RUN_COUNT}; CM_MLPERF_RUN_COUNT=$((CM_MLPERF_RUN_COUNT+1)); echo ${CM_MLPERF_RUN_COUNT} > ${CM_RUN_DIR}/count.txt && if [ ${CM_MLPERF_RUN_COUNT} -eq "1" ]; then export CM_MLPERF_USER_CONF=${CM_MLPERF_RANGING_USER_CONF}; else export CM_MLPERF_USER_CONF=${CM_MLPERF_TESTING_USER_CONF}; fi && /home/arjun/run.out'
client 2023-07-12 22:50:43,779 [INFO] Sending command to the server: 'time'
client 2023-07-12 22:50:43,781 [INFO] Got response: '1689198643.682526'
client 2023-07-12 22:50:43,781 [INFO] The time difference between the client and the server is within range 96.550 ms..99.327 ms
client 2023-07-12 22:50:43,781 [INFO] Sending command to the server: 'session,2023-07-12_22-34-54,stop,testing'
client 2023-07-12 22:50:54,132 [INFO] Got response: 'OK'
client 2023-07-12 22:50:54,132 [INFO] Sending command to the server: 'time'
client 2023-07-12 22:50:54,134 [INFO] Got response: '1689198654.0378702'
client 2023-07-12 22:50:54,135 [INFO] The time difference between the client and the server is within range 95.067 ms..97.204 ms
client 2023-07-12 22:50:54,135 [INFO] Copying loadgen logs from '/home/arjun/mobilenet_results/valid_results/phoenix_Amd_Am5-tflite_cpp-cpu-tflite-vmaster-default_config/mobilenet-v1-precision_float-0.5-224/singlestream/performance/run_1' to '/home/arjun/mobilenet_results/valid_results/phoenix_Amd_Am5-tflite_cpp-cpu-tflite-vmaster-default_config/mobilenet-v1-precision_float-0.5-224/singlestream/performance/tmp_power/run_1'
client 2023-07-12 22:50:54,135 [INFO] Done runs
