client 2023-07-13 18:23:37,884 [INFO] Creating output directory '/home/arjun/mobilenet_results/valid_results/phoenix_Amd_Am5-tflite_cpp-cpu-tflite-vmaster-default_config/mobilenet-v1-precision_float-0.25-192/singlestream/performance/tmp_power'
client 2023-07-13 18:23:37,886 [INFO] Sending command to the server: 'mlcommons/power client v3'
client 2023-07-13 18:23:37,889 [INFO] Got response: 'mlcommons/power server v3'
client 2023-07-13 18:23:37,889 [INFO] Synchronizing with the server and with time.google.com...
client 2023-07-13 18:23:37,905 [INFO] NTP:offset = 0.001 s, delay = 0.015 s 
client 2023-07-13 18:23:37,905 [INFO] Sending command to the server: 'time'
client 2023-07-13 18:23:37,908 [INFO] Got response: '1689269017.7991421'
client 2023-07-13 18:23:37,908 [INFO] The time difference between the client and the server is within range 106.659 ms..109.100 ms
client 2023-07-13 18:23:37,908 [INFO] Sending command to the server: 'new,,582d552c-fe0d-4c16-b8cf-41ffbe1d06de'
client 2023-07-13 18:23:37,910 [INFO] Got response: 'OK 2023-07-13_18-23-37,29a2f27f-9f15-49e2-bb81-f4d231e58341'
client 2023-07-13 18:23:37,910 [INFO] Session id is '2023-07-13_18-23-37'
client 2023-07-13 18:23:37,911 [INFO] Sources: {"sources": {"__init__.py": "da39a3ee5e6b4b0d3255bfef95601890afd80709", "client.py": "33ca4f26368777ac06e01f9567b714a4b8063886", "lib/__init__.py": "da39a3ee5e6b4b0d3255bfef95601890afd80709", "lib/client.py": "ac2aa093c8e8bbc9569b9e2a3471bc64e58a2258", "lib/common.py": "611d8b29633d331eb19c9455ea3b5fa3284ed6df", "lib/external/__init__.py": "da39a3ee5e6b4b0d3255bfef95601890afd80709", "lib/external/ntplib.py": "4da8f970656505a40483206ef2b5d3dd5e81711d", "lib/server.py": "c7af63c31bb2fbedea4345f571f6e3507d268ada", "lib/source_hashes.py": "60a2e02193209e8d392803326208d5466342da18", "lib/summary.py": "aa92f0a3f975eecd44d3c0cd0236342ccc9f941d", "lib/time_sync.py": "122eba67a9abc85635223e054def53be1367ade2", "server.py": "c3f90f2f7eeb4db30727556d0c815ebc89b3d28b", "tests/unit/__init__.py": "da39a3ee5e6b4b0d3255bfef95601890afd80709", "tests/unit/test_server.py": "948c1995d4008bc2aa6c4046a34ffa3858d6d671", "tests/unit/test_source_hashes.py": "00468a2907583c593e6574a1f6b404e4651c221a"}, "modules": {"ptd_client_server.lib.client": "lib/client.py", "ptd_client_server.lib.common": "lib/common.py", "ptd_client_server.lib.external.ntplib": "lib/external/ntplib.py", "ptd_client_server.lib.source_hashes": "lib/source_hashes.py", "ptd_client_server.lib.summary": "lib/summary.py", "ptd_client_server.lib.time_sync": "lib/time_sync.py"}}
client 2023-07-13 18:23:37,911 [INFO] Running workload in ranging mode
client 2023-07-13 18:23:37,911 [INFO] Synchronizing with the server and with time.google.com...
client 2023-07-13 18:23:37,927 [INFO] NTP:offset = -0.000 s, delay = 0.015 s 
client 2023-07-13 18:23:37,927 [INFO] Sending command to the server: 'time'
client 2023-07-13 18:23:37,929 [INFO] Got response: '1689269017.8194633'
client 2023-07-13 18:23:37,929 [INFO] The time difference between the client and the server is within range 107.576 ms..110.168 ms
client 2023-07-13 18:23:37,929 [INFO] Sending command to the server: 'session,2023-07-13_18-23-37,start,ranging'
client 2023-07-13 18:24:01,785 [INFO] Got response: 'OK'
client 2023-07-13 18:24:01,785 [INFO] Sending command to the server: 'time'
client 2023-07-13 18:24:01,789 [INFO] Got response: '1689269041.6806386'
client 2023-07-13 18:24:01,789 [INFO] The time difference between the client and the server is within range 105.219 ms..108.704 ms
client 2023-07-13 18:24:01,789 [INFO] Running the workload 'CM_MLPERF_RUN_COUNT=$(cat ${CM_RUN_DIR}/count.txt); echo ${CM_MLPERF_RUN_COUNT}; CM_MLPERF_RUN_COUNT=$((CM_MLPERF_RUN_COUNT+1)); echo ${CM_MLPERF_RUN_COUNT} > ${CM_RUN_DIR}/count.txt && if [ ${CM_MLPERF_RUN_COUNT} -eq "1" ]; then export CM_MLPERF_USER_CONF=${CM_MLPERF_RANGING_USER_CONF}; else export CM_MLPERF_USER_CONF=${CM_MLPERF_TESTING_USER_CONF}; fi && /home/arjun/run.out'
client 2023-07-13 18:29:02,414 [INFO] Sending command to the server: 'time'
client 2023-07-13 18:29:02,418 [INFO] Got response: '1689269342.3119292'
client 2023-07-13 18:29:02,418 [INFO] The time difference between the client and the server is within range 102.152 ms..106.898 ms
client 2023-07-13 18:29:02,418 [INFO] Sending command to the server: 'session,2023-07-13_18-23-37,stop,ranging'
client 2023-07-13 18:29:13,220 [INFO] Got response: 'OK'
client 2023-07-13 18:29:13,220 [INFO] Sending command to the server: 'time'
client 2023-07-13 18:29:13,222 [INFO] Got response: '1689269353.115261'
client 2023-07-13 18:29:13,222 [INFO] The time difference between the client and the server is within range 104.913 ms..107.129 ms
client 2023-07-13 18:29:13,224 [INFO] Copying loadgen logs from '/home/arjun/mobilenet_results/valid_results/phoenix_Amd_Am5-tflite_cpp-cpu-tflite-vmaster-default_config/mobilenet-v1-precision_float-0.25-192/singlestream/performance/run_1' to '/home/arjun/mobilenet_results/valid_results/phoenix_Amd_Am5-tflite_cpp-cpu-tflite-vmaster-default_config/mobilenet-v1-precision_float-0.25-192/singlestream/performance/tmp_power/ranging'
client 2023-07-13 18:29:13,224 [INFO] Running workload in testing mode
client 2023-07-13 18:29:13,224 [INFO] Synchronizing with the server and with time.google.com...
client 2023-07-13 18:29:13,238 [INFO] NTP:offset = 0.001 s, delay = 0.013 s 
client 2023-07-13 18:29:13,238 [INFO] Sending command to the server: 'time'
client 2023-07-13 18:29:13,240 [INFO] Got response: '1689269353.135775'
client 2023-07-13 18:29:13,240 [INFO] The time difference between the client and the server is within range 102.717 ms..105.067 ms
client 2023-07-13 18:29:13,240 [INFO] Sending command to the server: 'session,2023-07-13_18-23-37,start,testing'
client 2023-07-13 18:29:26,297 [INFO] Got response: 'OK'
client 2023-07-13 18:29:26,297 [INFO] Sending command to the server: 'time'
client 2023-07-13 18:29:26,299 [INFO] Got response: '1689269366.1949463'
client 2023-07-13 18:29:26,299 [INFO] The time difference between the client and the server is within range 102.663 ms..104.886 ms
client 2023-07-13 18:29:26,299 [INFO] Running the workload 'CM_MLPERF_RUN_COUNT=$(cat ${CM_RUN_DIR}/count.txt); echo ${CM_MLPERF_RUN_COUNT}; CM_MLPERF_RUN_COUNT=$((CM_MLPERF_RUN_COUNT+1)); echo ${CM_MLPERF_RUN_COUNT} > ${CM_RUN_DIR}/count.txt && if [ ${CM_MLPERF_RUN_COUNT} -eq "1" ]; then export CM_MLPERF_USER_CONF=${CM_MLPERF_RANGING_USER_CONF}; else export CM_MLPERF_USER_CONF=${CM_MLPERF_TESTING_USER_CONF}; fi && /home/arjun/run.out'
client 2023-07-13 18:39:27,517 [INFO] Sending command to the server: 'time'
client 2023-07-13 18:39:27,523 [INFO] Got response: '1689269967.4145591'
client 2023-07-13 18:39:27,523 [INFO] The time difference between the client and the server is within range 102.424 ms..108.561 ms
client 2023-07-13 18:39:27,523 [INFO] Sending command to the server: 'session,2023-07-13_18-23-37,stop,testing'
client 2023-07-13 18:39:38,414 [INFO] Got response: 'OK'
client 2023-07-13 18:39:38,414 [INFO] Sending command to the server: 'time'
client 2023-07-13 18:39:38,418 [INFO] Got response: '1689269978.312671'
client 2023-07-13 18:39:38,418 [INFO] The time difference between the client and the server is within range 101.687 ms..106.288 ms
client 2023-07-13 18:39:38,419 [INFO] Copying loadgen logs from '/home/arjun/mobilenet_results/valid_results/phoenix_Amd_Am5-tflite_cpp-cpu-tflite-vmaster-default_config/mobilenet-v1-precision_float-0.25-192/singlestream/performance/run_1' to '/home/arjun/mobilenet_results/valid_results/phoenix_Amd_Am5-tflite_cpp-cpu-tflite-vmaster-default_config/mobilenet-v1-precision_float-0.25-192/singlestream/performance/tmp_power/run_1'
client 2023-07-13 18:39:38,425 [INFO] Done runs
