client 2023-07-26 07:54:00,980 [INFO] Creating output directory '/home/cmuser/mobilenet_results/valid_results/bb3b3f2d4d2e-tflite_cpp-cpu-tflite-vmaster-default_config/mobilenet-v1-precision_float-0.75-224/singlestream/performance/tmp_power'
client 2023-07-26 07:54:00,982 [INFO] Sending command to the server: 'mlcommons/power client v3'
client 2023-07-26 07:54:00,985 [INFO] Got response: 'mlcommons/power server v3'
client 2023-07-26 07:54:00,985 [INFO] Synchronizing with the server and with time.google.com...
client 2023-07-26 07:54:01,039 [INFO] NTP:offset = -0.002 s, delay = 0.014 s 
client 2023-07-26 07:54:01,039 [INFO] Sending command to the server: 'time'
client 2023-07-26 07:54:01,042 [INFO] Got response: '1690383240.9491692'
client 2023-07-26 07:54:01,042 [INFO] The time difference between the client and the server is within range 90.035 ms..93.597 ms
client 2023-07-26 07:54:01,042 [INFO] Sending command to the server: 'new,,0349752e-a786-418b-9fb3-ae0bc356d103'
client 2023-07-26 07:54:01,047 [INFO] Got response: 'OK 2023-07-26_15-54-00,544e7526-4528-4c42-a9ec-154801f73e16'
client 2023-07-26 07:54:01,047 [INFO] Session id is '2023-07-26_15-54-00'
client 2023-07-26 07:54:01,047 [INFO] Sources: {"sources": {"__init__.py": "da39a3ee5e6b4b0d3255bfef95601890afd80709", "client.py": "33ca4f26368777ac06e01f9567b714a4b8063886", "lib/__init__.py": "da39a3ee5e6b4b0d3255bfef95601890afd80709", "lib/client.py": "ac2aa093c8e8bbc9569b9e2a3471bc64e58a2258", "lib/common.py": "611d8b29633d331eb19c9455ea3b5fa3284ed6df", "lib/external/__init__.py": "da39a3ee5e6b4b0d3255bfef95601890afd80709", "lib/external/ntplib.py": "4da8f970656505a40483206ef2b5d3dd5e81711d", "lib/server.py": "c7af63c31bb2fbedea4345f571f6e3507d268ada", "lib/source_hashes.py": "60a2e02193209e8d392803326208d5466342da18", "lib/summary.py": "aa92f0a3f975eecd44d3c0cd0236342ccc9f941d", "lib/time_sync.py": "122eba67a9abc85635223e054def53be1367ade2", "server.py": "c3f90f2f7eeb4db30727556d0c815ebc89b3d28b", "tests/unit/__init__.py": "da39a3ee5e6b4b0d3255bfef95601890afd80709", "tests/unit/test_server.py": "948c1995d4008bc2aa6c4046a34ffa3858d6d671", "tests/unit/test_source_hashes.py": "00468a2907583c593e6574a1f6b404e4651c221a"}, "modules": {"ptd_client_server.lib.client": "lib/client.py", "ptd_client_server.lib.common": "lib/common.py", "ptd_client_server.lib.external.ntplib": "lib/external/ntplib.py", "ptd_client_server.lib.source_hashes": "lib/source_hashes.py", "ptd_client_server.lib.summary": "lib/summary.py", "ptd_client_server.lib.time_sync": "lib/time_sync.py"}}
client 2023-07-26 07:54:01,047 [INFO] Running workload in ranging mode
client 2023-07-26 07:54:01,047 [INFO] Synchronizing with the server and with time.google.com...
client 2023-07-26 07:54:01,101 [INFO] NTP:offset = -0.001 s, delay = 0.016 s 
client 2023-07-26 07:54:01,101 [INFO] Sending command to the server: 'time'
client 2023-07-26 07:54:01,104 [INFO] Got response: '1690383241.0104246'
client 2023-07-26 07:54:01,104 [INFO] The time difference between the client and the server is within range 91.473 ms..94.250 ms
client 2023-07-26 07:54:01,104 [INFO] Sending command to the server: 'session,2023-07-26_15-54-00,start,ranging'
client 2023-07-26 07:54:24,978 [INFO] Got response: 'OK'
client 2023-07-26 07:54:24,979 [INFO] Sending command to the server: 'time'
client 2023-07-26 07:54:24,980 [INFO] Got response: '1690383264.891702'
client 2023-07-26 07:54:24,981 [INFO] The time difference between the client and the server is within range 87.372 ms..89.304 ms
client 2023-07-26 07:54:24,981 [INFO] Running the workload 'CM_MLPERF_RUN_COUNT=$(cat ${CM_RUN_DIR}/count.txt); echo ${CM_MLPERF_RUN_COUNT}; CM_MLPERF_RUN_COUNT=$((CM_MLPERF_RUN_COUNT+1)); echo ${CM_MLPERF_RUN_COUNT} > ${CM_RUN_DIR}/count.txt && if [ ${CM_MLPERF_RUN_COUNT} -eq "1" ]; then export CM_MLPERF_USER_CONF=${CM_MLPERF_RANGING_USER_CONF}; else export CM_MLPERF_USER_CONF=${CM_MLPERF_TESTING_USER_CONF}; fi && /home/cmuser/run.out'
client 2023-07-26 07:59:25,574 [INFO] Sending command to the server: 'time'
client 2023-07-26 07:59:25,578 [INFO] Got response: '1690383565.4898896'
client 2023-07-26 07:59:25,578 [INFO] The time difference between the client and the server is within range 84.960 ms..88.913 ms
client 2023-07-26 07:59:25,578 [INFO] Sending command to the server: 'session,2023-07-26_15-54-00,stop,ranging'
client 2023-07-26 07:59:36,135 [INFO] Got response: 'OK'
client 2023-07-26 07:59:36,135 [INFO] Sending command to the server: 'time'
client 2023-07-26 07:59:36,138 [INFO] Got response: '1690383576.0416696'
client 2023-07-26 07:59:36,138 [INFO] The time difference between the client and the server is within range 94.166 ms..97.162 ms
client 2023-07-26 07:59:36,142 [INFO] Copying loadgen logs from '/home/cmuser/mobilenet_results/valid_results/bb3b3f2d4d2e-tflite_cpp-cpu-tflite-vmaster-default_config/mobilenet-v1-precision_float-0.75-224/singlestream/performance/run_1' to '/home/cmuser/mobilenet_results/valid_results/bb3b3f2d4d2e-tflite_cpp-cpu-tflite-vmaster-default_config/mobilenet-v1-precision_float-0.75-224/singlestream/performance/tmp_power/ranging'
client 2023-07-26 07:59:36,142 [INFO] Running workload in testing mode
client 2023-07-26 07:59:36,142 [INFO] Synchronizing with the server and with time.google.com...
client 2023-07-26 07:59:36,211 [INFO] NTP:offset = -0.001 s, delay = 0.022 s 
client 2023-07-26 07:59:36,211 [INFO] Sending command to the server: 'time'
client 2023-07-26 07:59:36,215 [INFO] Got response: '1690383576.1233332'
client 2023-07-26 07:59:36,215 [INFO] The time difference between the client and the server is within range 88.390 ms..92.204 ms
client 2023-07-26 07:59:36,215 [INFO] Sending command to the server: 'session,2023-07-26_15-54-00,start,testing'
client 2023-07-26 07:59:49,275 [INFO] Got response: 'OK'
client 2023-07-26 07:59:49,275 [INFO] Sending command to the server: 'time'
client 2023-07-26 07:59:49,280 [INFO] Got response: '1690383589.1895154'
client 2023-07-26 07:59:49,280 [INFO] The time difference between the client and the server is within range 85.616 ms..90.965 ms
client 2023-07-26 07:59:49,280 [INFO] Running the workload 'CM_MLPERF_RUN_COUNT=$(cat ${CM_RUN_DIR}/count.txt); echo ${CM_MLPERF_RUN_COUNT}; CM_MLPERF_RUN_COUNT=$((CM_MLPERF_RUN_COUNT+1)); echo ${CM_MLPERF_RUN_COUNT} > ${CM_RUN_DIR}/count.txt && if [ ${CM_MLPERF_RUN_COUNT} -eq "1" ]; then export CM_MLPERF_USER_CONF=${CM_MLPERF_RANGING_USER_CONF}; else export CM_MLPERF_USER_CONF=${CM_MLPERF_TESTING_USER_CONF}; fi && /home/cmuser/run.out'
client 2023-07-26 08:09:50,352 [INFO] Sending command to the server: 'time'
client 2023-07-26 08:09:50,356 [INFO] Got response: '1690384190.2514458'
client 2023-07-26 08:09:50,356 [INFO] The time difference between the client and the server is within range 100.687 ms..104.809 ms
client 2023-07-26 08:09:50,356 [INFO] Sending command to the server: 'session,2023-07-26_15-54-00,stop,testing'
client 2023-07-26 08:10:01,350 [INFO] Got response: 'OK'
client 2023-07-26 08:10:01,350 [INFO] Sending command to the server: 'time'
client 2023-07-26 08:10:01,352 [INFO] Got response: '1690384201.2477272'
client 2023-07-26 08:10:01,352 [INFO] The time difference between the client and the server is within range 102.427 ms..104.445 ms
client 2023-07-26 08:10:01,352 [INFO] Copying loadgen logs from '/home/cmuser/mobilenet_results/valid_results/bb3b3f2d4d2e-tflite_cpp-cpu-tflite-vmaster-default_config/mobilenet-v1-precision_float-0.75-224/singlestream/performance/run_1' to '/home/cmuser/mobilenet_results/valid_results/bb3b3f2d4d2e-tflite_cpp-cpu-tflite-vmaster-default_config/mobilenet-v1-precision_float-0.75-224/singlestream/performance/tmp_power/run_1'
client 2023-07-26 08:10:01,353 [INFO] Done runs
