client 2023-07-12 21:30:05,742 [INFO] Creating output directory '/home/arjun/mobilenet_results/valid_results/phoenix_Amd_Am5-tflite_cpp-cpu-tflite-vmaster-default_config/mobilenet-v1-precision_float-1.0-224/singlestream/performance/tmp_power'
client 2023-07-12 21:30:05,764 [INFO] Sending command to the server: 'mlcommons/power client v3'
client 2023-07-12 21:30:05,766 [INFO] Got response: 'mlcommons/power server v3'
client 2023-07-12 21:30:05,766 [INFO] Synchronizing with the server and with time.google.com...
client 2023-07-12 21:30:05,796 [INFO] NTP:offset = 0.000 s, delay = 0.017 s 
client 2023-07-12 21:30:05,796 [INFO] Sending command to the server: 'time'
client 2023-07-12 21:30:05,798 [INFO] Got response: '1689193805.7594132'
client 2023-07-12 21:30:05,798 [INFO] The time difference between the client and the server is within range 37.098 ms..39.453 ms
client 2023-07-12 21:30:05,798 [INFO] Sending command to the server: 'new,,8998541e-9129-4707-af80-3bfe87f72632'
client 2023-07-12 21:30:05,801 [INFO] Got response: 'OK 2023-07-12_21-30-05,4688b5f2-3ed4-4d78-a792-65f3aa5bd0e3'
client 2023-07-12 21:30:05,801 [INFO] Session id is '2023-07-12_21-30-05'
client 2023-07-12 21:30:05,801 [INFO] Sources: {"sources": {"__init__.py": "da39a3ee5e6b4b0d3255bfef95601890afd80709", "client.py": "33ca4f26368777ac06e01f9567b714a4b8063886", "lib/__init__.py": "da39a3ee5e6b4b0d3255bfef95601890afd80709", "lib/client.py": "ac2aa093c8e8bbc9569b9e2a3471bc64e58a2258", "lib/common.py": "611d8b29633d331eb19c9455ea3b5fa3284ed6df", "lib/external/__init__.py": "da39a3ee5e6b4b0d3255bfef95601890afd80709", "lib/external/ntplib.py": "4da8f970656505a40483206ef2b5d3dd5e81711d", "lib/server.py": "c7af63c31bb2fbedea4345f571f6e3507d268ada", "lib/source_hashes.py": "60a2e02193209e8d392803326208d5466342da18", "lib/summary.py": "aa92f0a3f975eecd44d3c0cd0236342ccc9f941d", "lib/time_sync.py": "122eba67a9abc85635223e054def53be1367ade2", "server.py": "c3f90f2f7eeb4db30727556d0c815ebc89b3d28b", "tests/unit/__init__.py": "da39a3ee5e6b4b0d3255bfef95601890afd80709", "tests/unit/test_server.py": "948c1995d4008bc2aa6c4046a34ffa3858d6d671", "tests/unit/test_source_hashes.py": "00468a2907583c593e6574a1f6b404e4651c221a"}, "modules": {"ptd_client_server.lib.client": "lib/client.py", "ptd_client_server.lib.common": "lib/common.py", "ptd_client_server.lib.external.ntplib": "lib/external/ntplib.py", "ptd_client_server.lib.source_hashes": "lib/source_hashes.py", "ptd_client_server.lib.summary": "lib/summary.py", "ptd_client_server.lib.time_sync": "lib/time_sync.py"}}
client 2023-07-12 21:30:05,801 [INFO] Running workload in ranging mode
client 2023-07-12 21:30:05,801 [INFO] Synchronizing with the server and with time.google.com...
client 2023-07-12 21:30:05,820 [INFO] NTP:offset = 0.001 s, delay = 0.018 s 
client 2023-07-12 21:30:05,820 [INFO] Sending command to the server: 'time'
client 2023-07-12 21:30:05,822 [INFO] Got response: '1689193805.780352'
client 2023-07-12 21:30:05,822 [INFO] The time difference between the client and the server is within range 39.860 ms..42.430 ms
client 2023-07-12 21:30:05,822 [INFO] Sending command to the server: 'session,2023-07-12_21-30-05,start,ranging'
client 2023-07-12 21:30:29,699 [INFO] Got response: 'OK'
client 2023-07-12 21:30:29,699 [INFO] Sending command to the server: 'time'
client 2023-07-12 21:30:29,702 [INFO] Got response: '1689193829.6575413'
client 2023-07-12 21:30:29,702 [INFO] The time difference between the client and the server is within range 42.302 ms..45.331 ms
client 2023-07-12 21:30:29,702 [INFO] Running the workload 'CM_MLPERF_RUN_COUNT=$(cat ${CM_RUN_DIR}/count.txt); echo ${CM_MLPERF_RUN_COUNT}; CM_MLPERF_RUN_COUNT=$((CM_MLPERF_RUN_COUNT+1)); echo ${CM_MLPERF_RUN_COUNT} > ${CM_RUN_DIR}/count.txt && if [ ${CM_MLPERF_RUN_COUNT} -eq "1" ]; then export CM_MLPERF_USER_CONF=${CM_MLPERF_RANGING_USER_CONF}; else export CM_MLPERF_USER_CONF=${CM_MLPERF_TESTING_USER_CONF}; fi && /home/arjun/run.out'
client 2023-07-12 21:35:30,290 [INFO] Sending command to the server: 'time'
client 2023-07-12 21:35:30,294 [INFO] Got response: '1689194130.2477214'
client 2023-07-12 21:35:30,294 [INFO] The time difference between the client and the server is within range 42.881 ms..46.748 ms
client 2023-07-12 21:35:30,294 [INFO] Sending command to the server: 'session,2023-07-12_21-30-05,stop,ranging'
client 2023-07-12 21:35:40,978 [INFO] Got response: 'OK'
client 2023-07-12 21:35:40,978 [INFO] Sending command to the server: 'time'
client 2023-07-12 21:35:40,981 [INFO] Got response: '1689194140.9321191'
client 2023-07-12 21:35:40,981 [INFO] The time difference between the client and the server is within range 46.423 ms..49.168 ms
client 2023-07-12 21:35:40,991 [INFO] Copying loadgen logs from '/home/arjun/mobilenet_results/valid_results/phoenix_Amd_Am5-tflite_cpp-cpu-tflite-vmaster-default_config/mobilenet-v1-precision_float-1.0-224/singlestream/performance/run_1' to '/home/arjun/mobilenet_results/valid_results/phoenix_Amd_Am5-tflite_cpp-cpu-tflite-vmaster-default_config/mobilenet-v1-precision_float-1.0-224/singlestream/performance/tmp_power/ranging'
client 2023-07-12 21:35:40,991 [INFO] Running workload in testing mode
client 2023-07-12 21:35:40,991 [INFO] Synchronizing with the server and with time.google.com...
client 2023-07-12 21:35:41,004 [INFO] NTP:offset = -0.006 s, delay = 0.013 s 
client 2023-07-12 21:35:41,004 [INFO] Sending command to the server: 'time'
client 2023-07-12 21:35:41,007 [INFO] Got response: '1689194140.9621048'
client 2023-07-12 21:35:41,007 [INFO] The time difference between the client and the server is within range 42.817 ms..45.159 ms
client 2023-07-12 21:35:41,007 [INFO] Sending command to the server: 'session,2023-07-12_21-30-05,start,testing'
client 2023-07-12 21:35:54,075 [INFO] Got response: 'OK'
client 2023-07-12 21:35:54,075 [INFO] Sending command to the server: 'time'
client 2023-07-12 21:35:54,078 [INFO] Got response: '1689194154.0283835'
client 2023-07-12 21:35:54,078 [INFO] The time difference between the client and the server is within range 47.220 ms..50.109 ms
client 2023-07-12 21:35:54,078 [INFO] Running the workload 'CM_MLPERF_RUN_COUNT=$(cat ${CM_RUN_DIR}/count.txt); echo ${CM_MLPERF_RUN_COUNT}; CM_MLPERF_RUN_COUNT=$((CM_MLPERF_RUN_COUNT+1)); echo ${CM_MLPERF_RUN_COUNT} > ${CM_RUN_DIR}/count.txt && if [ ${CM_MLPERF_RUN_COUNT} -eq "1" ]; then export CM_MLPERF_USER_CONF=${CM_MLPERF_RANGING_USER_CONF}; else export CM_MLPERF_USER_CONF=${CM_MLPERF_TESTING_USER_CONF}; fi && /home/arjun/run.out'
client 2023-07-12 21:45:54,245 [INFO] Sending command to the server: 'time'
client 2023-07-12 21:45:54,250 [INFO] Got response: '1689194754.1915781'
client 2023-07-12 21:45:54,250 [INFO] The time difference between the client and the server is within range 54.361 ms..59.299 ms
client 2023-07-12 21:45:54,250 [INFO] Sending command to the server: 'session,2023-07-12_21-30-05,stop,testing'
client 2023-07-12 21:46:05,309 [INFO] Got response: 'OK'
client 2023-07-12 21:46:05,309 [INFO] Sending command to the server: 'time'
client 2023-07-12 21:46:05,312 [INFO] Got response: '1689194765.2555022'
client 2023-07-12 21:46:05,312 [INFO] The time difference between the client and the server is within range 53.625 ms..57.135 ms
client 2023-07-12 21:46:05,313 [INFO] Copying loadgen logs from '/home/arjun/mobilenet_results/valid_results/phoenix_Amd_Am5-tflite_cpp-cpu-tflite-vmaster-default_config/mobilenet-v1-precision_float-1.0-224/singlestream/performance/run_1' to '/home/arjun/mobilenet_results/valid_results/phoenix_Amd_Am5-tflite_cpp-cpu-tflite-vmaster-default_config/mobilenet-v1-precision_float-1.0-224/singlestream/performance/tmp_power/run_1'
client 2023-07-12 21:46:05,313 [INFO] Done runs
