client 2023-07-13 17:51:09,830 [INFO] Creating output directory '/home/arjun/mobilenet_results/valid_results/phoenix_Amd_Am5-tflite_cpp-cpu-tflite-vmaster-default_config/mobilenet-v1-precision_uint8-0.5-224/singlestream/performance/tmp_power'
client 2023-07-13 17:51:09,833 [INFO] Sending command to the server: 'mlcommons/power client v3'
client 2023-07-13 17:51:09,836 [INFO] Got response: 'mlcommons/power server v3'
client 2023-07-13 17:51:09,836 [INFO] Synchronizing with the server and with time.google.com...
client 2023-07-13 17:51:09,851 [INFO] NTP:offset = -0.001 s, delay = 0.013 s 
client 2023-07-13 17:51:09,851 [INFO] Sending command to the server: 'time'
client 2023-07-13 17:51:09,862 [INFO] Got response: '1689267069.7421193'
client 2023-07-13 17:51:09,862 [INFO] The time difference between the client and the server is within range 109.400 ms..120.109 ms
client 2023-07-13 17:51:09,862 [INFO] Sending command to the server: 'new,,e35fdcf6-30d3-4446-863d-ad240cfd09cb'
client 2023-07-13 17:51:09,865 [INFO] Got response: 'OK 2023-07-13_17-51-09,78021973-6a77-4f36-bb3a-e0cd090d385b'
client 2023-07-13 17:51:09,865 [INFO] Session id is '2023-07-13_17-51-09'
client 2023-07-13 17:51:09,865 [INFO] Sources: {"sources": {"__init__.py": "da39a3ee5e6b4b0d3255bfef95601890afd80709", "client.py": "33ca4f26368777ac06e01f9567b714a4b8063886", "lib/__init__.py": "da39a3ee5e6b4b0d3255bfef95601890afd80709", "lib/client.py": "ac2aa093c8e8bbc9569b9e2a3471bc64e58a2258", "lib/common.py": "611d8b29633d331eb19c9455ea3b5fa3284ed6df", "lib/external/__init__.py": "da39a3ee5e6b4b0d3255bfef95601890afd80709", "lib/external/ntplib.py": "4da8f970656505a40483206ef2b5d3dd5e81711d", "lib/server.py": "c7af63c31bb2fbedea4345f571f6e3507d268ada", "lib/source_hashes.py": "60a2e02193209e8d392803326208d5466342da18", "lib/summary.py": "aa92f0a3f975eecd44d3c0cd0236342ccc9f941d", "lib/time_sync.py": "122eba67a9abc85635223e054def53be1367ade2", "server.py": "c3f90f2f7eeb4db30727556d0c815ebc89b3d28b", "tests/unit/__init__.py": "da39a3ee5e6b4b0d3255bfef95601890afd80709", "tests/unit/test_server.py": "948c1995d4008bc2aa6c4046a34ffa3858d6d671", "tests/unit/test_source_hashes.py": "00468a2907583c593e6574a1f6b404e4651c221a"}, "modules": {"ptd_client_server.lib.client": "lib/client.py", "ptd_client_server.lib.common": "lib/common.py", "ptd_client_server.lib.external.ntplib": "lib/external/ntplib.py", "ptd_client_server.lib.source_hashes": "lib/source_hashes.py", "ptd_client_server.lib.summary": "lib/summary.py", "ptd_client_server.lib.time_sync": "lib/time_sync.py"}}
client 2023-07-13 17:51:09,865 [INFO] Running workload in ranging mode
client 2023-07-13 17:51:09,865 [INFO] Synchronizing with the server and with time.google.com...
client 2023-07-13 17:51:09,880 [INFO] NTP:offset = -0.002 s, delay = 0.015 s 
client 2023-07-13 17:51:09,880 [INFO] Sending command to the server: 'time'
client 2023-07-13 17:51:09,883 [INFO] Got response: '1689267069.771649'
client 2023-07-13 17:51:09,883 [INFO] The time difference between the client and the server is within range 109.019 ms..111.550 ms
client 2023-07-13 17:51:09,883 [INFO] Sending command to the server: 'session,2023-07-13_17-51-09,start,ranging'
client 2023-07-13 17:51:33,730 [INFO] Got response: 'OK'
client 2023-07-13 17:51:33,730 [INFO] Sending command to the server: 'time'
client 2023-07-13 17:51:33,733 [INFO] Got response: '1689267093.615275'
client 2023-07-13 17:51:33,733 [INFO] The time difference between the client and the server is within range 114.876 ms..118.529 ms
client 2023-07-13 17:51:33,733 [INFO] Running the workload 'CM_MLPERF_RUN_COUNT=$(cat ${CM_RUN_DIR}/count.txt); echo ${CM_MLPERF_RUN_COUNT}; CM_MLPERF_RUN_COUNT=$((CM_MLPERF_RUN_COUNT+1)); echo ${CM_MLPERF_RUN_COUNT} > ${CM_RUN_DIR}/count.txt && if [ ${CM_MLPERF_RUN_COUNT} -eq "1" ]; then export CM_MLPERF_USER_CONF=${CM_MLPERF_RANGING_USER_CONF}; else export CM_MLPERF_USER_CONF=${CM_MLPERF_TESTING_USER_CONF}; fi && /home/arjun/run.out'
client 2023-07-13 17:56:34,346 [INFO] Sending command to the server: 'time'
client 2023-07-13 17:56:34,349 [INFO] Got response: '1689267394.236848'
client 2023-07-13 17:56:34,350 [INFO] The time difference between the client and the server is within range 109.306 ms..113.168 ms
client 2023-07-13 17:56:34,350 [INFO] Sending command to the server: 'session,2023-07-13_17-51-09,stop,ranging'
client 2023-07-13 17:56:45,204 [INFO] Got response: 'OK'
client 2023-07-13 17:56:45,204 [INFO] Sending command to the server: 'time'
client 2023-07-13 17:56:45,207 [INFO] Got response: '1689267405.0935948'
client 2023-07-13 17:56:45,207 [INFO] The time difference between the client and the server is within range 111.239 ms..113.713 ms
client 2023-07-13 17:56:45,209 [INFO] Copying loadgen logs from '/home/arjun/mobilenet_results/valid_results/phoenix_Amd_Am5-tflite_cpp-cpu-tflite-vmaster-default_config/mobilenet-v1-precision_uint8-0.5-224/singlestream/performance/run_1' to '/home/arjun/mobilenet_results/valid_results/phoenix_Amd_Am5-tflite_cpp-cpu-tflite-vmaster-default_config/mobilenet-v1-precision_uint8-0.5-224/singlestream/performance/tmp_power/ranging'
client 2023-07-13 17:56:45,209 [INFO] Running workload in testing mode
client 2023-07-13 17:56:45,209 [INFO] Synchronizing with the server and with time.google.com...
client 2023-07-13 17:56:45,223 [INFO] NTP:offset = 0.000 s, delay = 0.014 s 
client 2023-07-13 17:56:45,223 [INFO] Sending command to the server: 'time'
client 2023-07-13 17:56:45,226 [INFO] Got response: '1689267405.114017'
client 2023-07-13 17:56:45,226 [INFO] The time difference between the client and the server is within range 109.789 ms..112.060 ms
client 2023-07-13 17:56:45,226 [INFO] Sending command to the server: 'session,2023-07-13_17-51-09,start,testing'
client 2023-07-13 17:56:58,294 [INFO] Got response: 'OK'
client 2023-07-13 17:56:58,294 [INFO] Sending command to the server: 'time'
client 2023-07-13 17:56:58,297 [INFO] Got response: '1689267418.1809683'
client 2023-07-13 17:56:58,297 [INFO] The time difference between the client and the server is within range 113.231 ms..116.828 ms
client 2023-07-13 17:56:58,297 [INFO] Running the workload 'CM_MLPERF_RUN_COUNT=$(cat ${CM_RUN_DIR}/count.txt); echo ${CM_MLPERF_RUN_COUNT}; CM_MLPERF_RUN_COUNT=$((CM_MLPERF_RUN_COUNT+1)); echo ${CM_MLPERF_RUN_COUNT} > ${CM_RUN_DIR}/count.txt && if [ ${CM_MLPERF_RUN_COUNT} -eq "1" ]; then export CM_MLPERF_USER_CONF=${CM_MLPERF_RANGING_USER_CONF}; else export CM_MLPERF_USER_CONF=${CM_MLPERF_TESTING_USER_CONF}; fi && /home/arjun/run.out'
client 2023-07-13 18:06:59,468 [INFO] Sending command to the server: 'time'
client 2023-07-13 18:06:59,472 [INFO] Got response: '1689268019.357953'
client 2023-07-13 18:06:59,472 [INFO] The time difference between the client and the server is within range 110.228 ms..114.491 ms
client 2023-07-13 18:06:59,472 [INFO] Sending command to the server: 'session,2023-07-13_17-51-09,stop,testing'
client 2023-07-13 18:07:10,738 [INFO] Got response: 'OK'
client 2023-07-13 18:07:10,738 [INFO] Sending command to the server: 'time'
client 2023-07-13 18:07:10,740 [INFO] Got response: '1689268030.6295412'
client 2023-07-13 18:07:10,740 [INFO] The time difference between the client and the server is within range 109.426 ms..110.858 ms
client 2023-07-13 18:07:10,740 [INFO] Copying loadgen logs from '/home/arjun/mobilenet_results/valid_results/phoenix_Amd_Am5-tflite_cpp-cpu-tflite-vmaster-default_config/mobilenet-v1-precision_uint8-0.5-224/singlestream/performance/run_1' to '/home/arjun/mobilenet_results/valid_results/phoenix_Amd_Am5-tflite_cpp-cpu-tflite-vmaster-default_config/mobilenet-v1-precision_uint8-0.5-224/singlestream/performance/tmp_power/run_1'
client 2023-07-13 18:07:10,740 [INFO] Done runs
