client 2023-07-24 09:48:03,141 [INFO] Creating output directory '/home/cmuser/results_dir/valid_results/28df27c48ad9-nvidia_original-gpu-tensorrt-vdefault-default_config/3d-unet-99.9/singlestream/performance/tmp_power'
client 2023-07-24 09:48:03,143 [INFO] Sending command to the server: 'mlcommons/power client v3'
client 2023-07-24 09:48:03,146 [INFO] Got response: 'mlcommons/power server v3'
client 2023-07-24 09:48:03,146 [INFO] Synchronizing with the server and with time.google.com...
client 2023-07-24 09:48:03,252 [INFO] NTP:offset = -0.002 s, delay = 0.016 s 
client 2023-07-24 09:48:03,252 [INFO] Sending command to the server: 'time'
client 2023-07-24 09:48:03,256 [INFO] Got response: '1690192083.1765769'
client 2023-07-24 09:48:03,256 [INFO] The time difference between the client and the server is within range 76.163 ms..80.267 ms
client 2023-07-24 09:48:03,256 [INFO] Sending command to the server: 'new,,c8ba2b9f-1e11-4f86-8f08-c172554a8f3d'
client 2023-07-24 09:48:03,261 [INFO] Got response: 'OK 2023-07-24_10-48-03,6ac16c5d-8d36-40e2-85f7-87eb01e75f09'
client 2023-07-24 09:48:03,261 [INFO] Session id is '2023-07-24_10-48-03'
client 2023-07-24 09:48:03,261 [INFO] Sources: {"sources": {"__init__.py": "da39a3ee5e6b4b0d3255bfef95601890afd80709", "client.py": "33ca4f26368777ac06e01f9567b714a4b8063886", "lib/__init__.py": "da39a3ee5e6b4b0d3255bfef95601890afd80709", "lib/client.py": "ac2aa093c8e8bbc9569b9e2a3471bc64e58a2258", "lib/common.py": "611d8b29633d331eb19c9455ea3b5fa3284ed6df", "lib/external/__init__.py": "da39a3ee5e6b4b0d3255bfef95601890afd80709", "lib/external/ntplib.py": "4da8f970656505a40483206ef2b5d3dd5e81711d", "lib/server.py": "c7af63c31bb2fbedea4345f571f6e3507d268ada", "lib/source_hashes.py": "60a2e02193209e8d392803326208d5466342da18", "lib/summary.py": "aa92f0a3f975eecd44d3c0cd0236342ccc9f941d", "lib/time_sync.py": "122eba67a9abc85635223e054def53be1367ade2", "server.py": "c3f90f2f7eeb4db30727556d0c815ebc89b3d28b", "tests/unit/__init__.py": "da39a3ee5e6b4b0d3255bfef95601890afd80709", "tests/unit/test_server.py": "948c1995d4008bc2aa6c4046a34ffa3858d6d671", "tests/unit/test_source_hashes.py": "00468a2907583c593e6574a1f6b404e4651c221a"}, "modules": {"ptd_client_server.lib.client": "lib/client.py", "ptd_client_server.lib.common": "lib/common.py", "ptd_client_server.lib.external.ntplib": "lib/external/ntplib.py", "ptd_client_server.lib.source_hashes": "lib/source_hashes.py", "ptd_client_server.lib.summary": "lib/summary.py", "ptd_client_server.lib.time_sync": "lib/time_sync.py"}}
client 2023-07-24 09:48:03,262 [INFO] Running workload in ranging mode
client 2023-07-24 09:48:03,262 [INFO] Synchronizing with the server and with time.google.com...
client 2023-07-24 09:48:03,321 [INFO] NTP:offset = -0.002 s, delay = 0.014 s 
client 2023-07-24 09:48:03,321 [INFO] Sending command to the server: 'time'
client 2023-07-24 09:48:03,325 [INFO] Got response: '1690192083.246547'
client 2023-07-24 09:48:03,325 [INFO] The time difference between the client and the server is within range 75.370 ms..78.893 ms
client 2023-07-24 09:48:03,325 [INFO] Sending command to the server: 'session,2023-07-24_10-48-03,start,ranging'
client 2023-07-24 09:48:27,239 [INFO] Got response: 'OK'
client 2023-07-24 09:48:27,239 [INFO] Sending command to the server: 'time'
client 2023-07-24 09:48:27,242 [INFO] Got response: '1690192107.163875'
client 2023-07-24 09:48:27,242 [INFO] The time difference between the client and the server is within range 75.329 ms..78.359 ms
client 2023-07-24 09:48:27,242 [INFO] Running the workload 'CM_MLPERF_RUN_COUNT=$(cat ${CM_RUN_DIR}/count.txt); echo ${CM_MLPERF_RUN_COUNT}; CM_MLPERF_RUN_COUNT=$((CM_MLPERF_RUN_COUNT+1)); echo ${CM_MLPERF_RUN_COUNT} > ${CM_RUN_DIR}/count.txt && if [ ${CM_MLPERF_RUN_COUNT} -eq "1" ]; then export CM_MLPERF_USER_CONF=${CM_MLPERF_RANGING_USER_CONF}; else export CM_MLPERF_USER_CONF=${CM_MLPERF_TESTING_USER_CONF}; fi && make run_harness RUN_ARGS=" --benchmarks=3d-unet --scenarios=singlestream --test_mode=PerformanceOnly --offline_expected_qps=4 --single_stream_expected_latency_ns=430000000 --config_ver=high_accuracy --user_conf_path=${CM_MLPERF_USER_CONF} --mlperf_conf_path=/home/cmuser/CM/repos/local/cache/669f6ef943704402/inference/mlperf.conf --gpu_batch_size=1 --no_audit_verify "'
client 2023-07-24 09:53:35,934 [INFO] Sending command to the server: 'time'
client 2023-07-24 09:53:35,938 [INFO] Got response: '1690192415.8584952'
client 2023-07-24 09:53:35,938 [INFO] The time difference between the client and the server is within range 75.776 ms..79.889 ms
client 2023-07-24 09:53:35,938 [INFO] Sending command to the server: 'session,2023-07-24_10-48-03,stop,ranging'
client 2023-07-24 09:53:46,347 [INFO] Got response: 'OK'
client 2023-07-24 09:53:46,348 [INFO] Sending command to the server: 'time'
client 2023-07-24 09:53:46,351 [INFO] Got response: '1690192426.2721715'
client 2023-07-24 09:53:46,351 [INFO] The time difference between the client and the server is within range 75.871 ms..79.081 ms
client 2023-07-24 09:53:46,354 [INFO] Copying loadgen logs from '/home/cmuser/results_dir/valid_results/28df27c48ad9-nvidia_original-gpu-tensorrt-vdefault-default_config/3d-unet-99.9/singlestream/performance/run_1' to '/home/cmuser/results_dir/valid_results/28df27c48ad9-nvidia_original-gpu-tensorrt-vdefault-default_config/3d-unet-99.9/singlestream/performance/tmp_power/ranging'
client 2023-07-24 09:53:46,354 [INFO] Running workload in testing mode
client 2023-07-24 09:53:46,354 [INFO] Synchronizing with the server and with time.google.com...
client 2023-07-24 09:53:46,613 [INFO] NTP:offset = -0.009 s, delay = 0.028 s 
client 2023-07-24 09:53:46,613 [INFO] Sending command to the server: 'time'
client 2023-07-24 09:53:46,616 [INFO] Got response: '1690192426.53651'
client 2023-07-24 09:53:46,616 [INFO] The time difference between the client and the server is within range 76.677 ms..80.032 ms
client 2023-07-24 09:53:46,616 [INFO] Sending command to the server: 'session,2023-07-24_10-48-03,start,testing'
client 2023-07-24 09:53:59,688 [INFO] Got response: 'OK'
client 2023-07-24 09:53:59,688 [INFO] Sending command to the server: 'time'
client 2023-07-24 09:53:59,692 [INFO] Got response: '1690192439.6105006'
client 2023-07-24 09:53:59,692 [INFO] The time difference between the client and the server is within range 78.232 ms..81.754 ms
client 2023-07-24 09:53:59,692 [INFO] Running the workload 'CM_MLPERF_RUN_COUNT=$(cat ${CM_RUN_DIR}/count.txt); echo ${CM_MLPERF_RUN_COUNT}; CM_MLPERF_RUN_COUNT=$((CM_MLPERF_RUN_COUNT+1)); echo ${CM_MLPERF_RUN_COUNT} > ${CM_RUN_DIR}/count.txt && if [ ${CM_MLPERF_RUN_COUNT} -eq "1" ]; then export CM_MLPERF_USER_CONF=${CM_MLPERF_RANGING_USER_CONF}; else export CM_MLPERF_USER_CONF=${CM_MLPERF_TESTING_USER_CONF}; fi && make run_harness RUN_ARGS=" --benchmarks=3d-unet --scenarios=singlestream --test_mode=PerformanceOnly --offline_expected_qps=4 --single_stream_expected_latency_ns=430000000 --config_ver=high_accuracy --user_conf_path=${CM_MLPERF_USER_CONF} --mlperf_conf_path=/home/cmuser/CM/repos/local/cache/669f6ef943704402/inference/mlperf.conf --gpu_batch_size=1 --no_audit_verify "'
client 2023-07-24 10:04:29,587 [INFO] Sending command to the server: 'time'
client 2023-07-24 10:04:29,590 [INFO] Got response: '1690193069.5042498'
client 2023-07-24 10:04:29,590 [INFO] The time difference between the client and the server is within range 83.513 ms..86.658 ms
client 2023-07-24 10:04:29,590 [INFO] Sending command to the server: 'session,2023-07-24_10-48-03,stop,testing'
client 2023-07-24 10:04:39,776 [INFO] Got response: 'OK'
client 2023-07-24 10:04:39,776 [INFO] Sending command to the server: 'time'
client 2023-07-24 10:04:39,778 [INFO] Got response: '1690193079.6931863'
client 2023-07-24 10:04:39,778 [INFO] The time difference between the client and the server is within range 83.750 ms..85.362 ms
client 2023-07-24 10:04:39,779 [INFO] Copying loadgen logs from '/home/cmuser/results_dir/valid_results/28df27c48ad9-nvidia_original-gpu-tensorrt-vdefault-default_config/3d-unet-99.9/singlestream/performance/run_1' to '/home/cmuser/results_dir/valid_results/28df27c48ad9-nvidia_original-gpu-tensorrt-vdefault-default_config/3d-unet-99.9/singlestream/performance/tmp_power/run_1'
client 2023-07-24 10:04:39,779 [INFO] Done runs
