client 2023-07-12 17:59:36,974 [INFO] Creating output directory '/home/arjun/mobilenet_results/valid_results/phoenix_Amd_Am5-tflite_cpp-cpu-tflite-vmaster-default_config/mobilenet-v1-precision_float-1.0-192/singlestream/performance/tmp_power'
client 2023-07-12 17:59:36,976 [INFO] Sending command to the server: 'mlcommons/power client v3'
client 2023-07-12 17:59:36,978 [INFO] Got response: 'mlcommons/power server v3'
client 2023-07-12 17:59:36,979 [INFO] Synchronizing with the server and with time.google.com...
client 2023-07-12 17:59:36,994 [INFO] NTP:offset = -0.005 s, delay = 0.014 s 
client 2023-07-12 17:59:36,994 [INFO] Sending command to the server: 'time'
client 2023-07-12 17:59:37,494 [INFO] Got response: '1689181176.9873316'
client 2023-07-12 17:59:37,494 [INFO] The time difference between the client and the server is within range 7.360 ms..507.080 ms
client 2023-07-12 17:59:37,494 [WARNING] The time difference between the client and the server is more than 200 ms
client 2023-07-12 17:59:37,494 [INFO] Sending command to the server: 'set_ntp'
client 2023-07-12 17:59:38,555 [INFO] Got response: 'OK'
client 2023-07-12 17:59:38,555 [INFO] Synchronizing with time.google.com time using NTP...
client 2023-07-12 17:59:47,074 [INFO] Set system time at 2023-07-12 17:59:47.074075
client 2023-07-12 17:59:47,106 [INFO] NTP:offset = -0.001 s, delay = 0.019 s 
client 2023-07-12 17:59:47,106 [INFO] Sending command to the server: 'time'
client 2023-07-12 17:59:47,113 [INFO] Got response: '1689181187.11023'
client 2023-07-12 17:59:47,113 [INFO] The time difference between the client and the server is within range -3.364 ms..3.206 ms
client 2023-07-12 17:59:47,113 [INFO] Sending command to the server: 'new,,329b276e-074c-4bb9-8a37-4c11c5cae88a'
client 2023-07-12 17:59:47,124 [INFO] Got response: 'OK 2023-07-12_17-59-47,04fd4f4a-6381-40f1-b128-8ee0f779e16a'
client 2023-07-12 17:59:47,124 [INFO] Session id is '2023-07-12_17-59-47'
client 2023-07-12 17:59:47,124 [INFO] Sources: {"sources": {"__init__.py": "da39a3ee5e6b4b0d3255bfef95601890afd80709", "client.py": "33ca4f26368777ac06e01f9567b714a4b8063886", "lib/__init__.py": "da39a3ee5e6b4b0d3255bfef95601890afd80709", "lib/client.py": "ac2aa093c8e8bbc9569b9e2a3471bc64e58a2258", "lib/common.py": "611d8b29633d331eb19c9455ea3b5fa3284ed6df", "lib/external/__init__.py": "da39a3ee5e6b4b0d3255bfef95601890afd80709", "lib/external/ntplib.py": "4da8f970656505a40483206ef2b5d3dd5e81711d", "lib/server.py": "c7af63c31bb2fbedea4345f571f6e3507d268ada", "lib/source_hashes.py": "60a2e02193209e8d392803326208d5466342da18", "lib/summary.py": "aa92f0a3f975eecd44d3c0cd0236342ccc9f941d", "lib/time_sync.py": "122eba67a9abc85635223e054def53be1367ade2", "server.py": "c3f90f2f7eeb4db30727556d0c815ebc89b3d28b", "tests/unit/__init__.py": "da39a3ee5e6b4b0d3255bfef95601890afd80709", "tests/unit/test_server.py": "948c1995d4008bc2aa6c4046a34ffa3858d6d671", "tests/unit/test_source_hashes.py": "00468a2907583c593e6574a1f6b404e4651c221a"}, "modules": {"ptd_client_server.lib.client": "lib/client.py", "ptd_client_server.lib.common": "lib/common.py", "ptd_client_server.lib.external.ntplib": "lib/external/ntplib.py", "ptd_client_server.lib.source_hashes": "lib/source_hashes.py", "ptd_client_server.lib.summary": "lib/summary.py", "ptd_client_server.lib.time_sync": "lib/time_sync.py"}}
client 2023-07-12 17:59:47,124 [INFO] Running workload in ranging mode
client 2023-07-12 17:59:47,124 [INFO] Synchronizing with the server and with time.google.com...
client 2023-07-12 17:59:47,139 [INFO] NTP:offset = -0.002 s, delay = 0.015 s 
client 2023-07-12 17:59:47,139 [INFO] Sending command to the server: 'time'
client 2023-07-12 17:59:47,144 [INFO] Got response: '1689181187.140176'
client 2023-07-12 17:59:47,144 [INFO] The time difference between the client and the server is within range -0.380 ms..4.053 ms
client 2023-07-12 17:59:47,144 [INFO] Sending command to the server: 'session,2023-07-12_17-59-47,start,ranging'
client 2023-07-12 18:00:11,798 [INFO] Got response: 'OK'
client 2023-07-12 18:00:11,798 [INFO] Sending command to the server: 'time'
client 2023-07-12 18:00:11,800 [INFO] Got response: '1689181211.7927475'
client 2023-07-12 18:00:11,800 [INFO] The time difference between the client and the server is within range 5.665 ms..8.229 ms
client 2023-07-12 18:00:11,801 [INFO] Running the workload 'CM_MLPERF_RUN_COUNT=$(cat ${CM_RUN_DIR}/count.txt); echo ${CM_MLPERF_RUN_COUNT}; CM_MLPERF_RUN_COUNT=$((CM_MLPERF_RUN_COUNT+1)); echo ${CM_MLPERF_RUN_COUNT} > ${CM_RUN_DIR}/count.txt && if [ ${CM_MLPERF_RUN_COUNT} -eq "1" ]; then export CM_MLPERF_USER_CONF=${CM_MLPERF_RANGING_USER_CONF}; else export CM_MLPERF_USER_CONF=${CM_MLPERF_TESTING_USER_CONF}; fi && /home/arjun/run.out'
client 2023-07-12 18:05:12,760 [INFO] Sending command to the server: 'time'
client 2023-07-12 18:05:12,918 [INFO] Got response: '1689181512.7586002'
client 2023-07-12 18:05:12,918 [INFO] The time difference between the client and the server is within range 1.843 ms..159.891 ms
client 2023-07-12 18:05:12,918 [INFO] Sending command to the server: 'session,2023-07-12_17-59-47,stop,ranging'
client 2023-07-12 18:05:23,925 [INFO] Got response: 'OK'
client 2023-07-12 18:05:23,925 [INFO] Sending command to the server: 'time'
client 2023-07-12 18:05:24,010 [INFO] Got response: '1689181523.999405'
client 2023-07-12 18:05:24,011 [INFO] The time difference between the client and the server is within range -74.094 ms..11.667 ms
client 2023-07-12 18:05:24,013 [INFO] Copying loadgen logs from '/home/arjun/mobilenet_results/valid_results/phoenix_Amd_Am5-tflite_cpp-cpu-tflite-vmaster-default_config/mobilenet-v1-precision_float-1.0-192/singlestream/performance/run_1' to '/home/arjun/mobilenet_results/valid_results/phoenix_Amd_Am5-tflite_cpp-cpu-tflite-vmaster-default_config/mobilenet-v1-precision_float-1.0-192/singlestream/performance/tmp_power/ranging'
client 2023-07-12 18:05:24,014 [INFO] Running workload in testing mode
client 2023-07-12 18:05:24,014 [INFO] Synchronizing with the server and with time.google.com...
client 2023-07-12 18:05:24,029 [INFO] NTP:offset = 0.001 s, delay = 0.015 s 
client 2023-07-12 18:05:24,029 [INFO] Sending command to the server: 'time'
client 2023-07-12 18:05:24,034 [INFO] Got response: '1689181524.021948'
client 2023-07-12 18:05:24,035 [INFO] The time difference between the client and the server is within range 8.016 ms..13.072 ms
client 2023-07-12 18:05:24,035 [INFO] Sending command to the server: 'session,2023-07-12_17-59-47,start,testing'
client 2023-07-12 18:05:37,129 [INFO] Got response: 'OK'
client 2023-07-12 18:05:37,129 [INFO] Sending command to the server: 'time'
client 2023-07-12 18:05:37,137 [INFO] Got response: '1689181537.1273582'
client 2023-07-12 18:05:37,137 [INFO] The time difference between the client and the server is within range 2.123 ms..9.924 ms
client 2023-07-12 18:05:37,137 [INFO] Running the workload 'CM_MLPERF_RUN_COUNT=$(cat ${CM_RUN_DIR}/count.txt); echo ${CM_MLPERF_RUN_COUNT}; CM_MLPERF_RUN_COUNT=$((CM_MLPERF_RUN_COUNT+1)); echo ${CM_MLPERF_RUN_COUNT} > ${CM_RUN_DIR}/count.txt && if [ ${CM_MLPERF_RUN_COUNT} -eq "1" ]; then export CM_MLPERF_USER_CONF=${CM_MLPERF_RANGING_USER_CONF}; else export CM_MLPERF_USER_CONF=${CM_MLPERF_TESTING_USER_CONF}; fi && /home/arjun/run.out'
client 2023-07-12 18:15:38,106 [INFO] Sending command to the server: 'time'
client 2023-07-12 18:15:38,112 [INFO] Got response: '1689182138.0903778'
client 2023-07-12 18:15:38,112 [INFO] The time difference between the client and the server is within range 16.418 ms..21.764 ms
client 2023-07-12 18:15:38,112 [INFO] Sending command to the server: 'session,2023-07-12_17-59-47,stop,testing'
client 2023-07-12 18:15:48,390 [INFO] Got response: 'OK'
client 2023-07-12 18:15:48,390 [INFO] Sending command to the server: 'time'
client 2023-07-12 18:15:48,393 [INFO] Got response: '1689182148.376758'
client 2023-07-12 18:15:48,393 [INFO] The time difference between the client and the server is within range 14.035 ms..16.626 ms
client 2023-07-12 18:15:48,393 [INFO] Copying loadgen logs from '/home/arjun/mobilenet_results/valid_results/phoenix_Amd_Am5-tflite_cpp-cpu-tflite-vmaster-default_config/mobilenet-v1-precision_float-1.0-192/singlestream/performance/run_1' to '/home/arjun/mobilenet_results/valid_results/phoenix_Amd_Am5-tflite_cpp-cpu-tflite-vmaster-default_config/mobilenet-v1-precision_float-1.0-192/singlestream/performance/tmp_power/run_1'
client 2023-07-12 18:15:48,394 [INFO] Done runs
