client 2023-07-13 18:07:18,593 [INFO] Creating output directory '/home/arjun/mobilenet_results/valid_results/phoenix_Amd_Am5-tflite_cpp-cpu-tflite-vmaster-default_config/mobilenet-v1-precision_float-0.5-192/singlestream/performance/tmp_power'
client 2023-07-13 18:07:18,596 [INFO] Sending command to the server: 'mlcommons/power client v3'
client 2023-07-13 18:07:18,598 [INFO] Got response: 'mlcommons/power server v3'
client 2023-07-13 18:07:18,598 [INFO] Synchronizing with the server and with time.google.com...
client 2023-07-13 18:07:18,614 [INFO] NTP:offset = 0.001 s, delay = 0.014 s 
client 2023-07-13 18:07:18,614 [INFO] Sending command to the server: 'time'
client 2023-07-13 18:07:18,617 [INFO] Got response: '1689268038.506757'
client 2023-07-13 18:07:18,617 [INFO] The time difference between the client and the server is within range 107.483 ms..110.645 ms
client 2023-07-13 18:07:18,617 [INFO] Sending command to the server: 'new,,9d3c893d-dcab-44f8-a609-e43afb846bd7'
client 2023-07-13 18:07:18,619 [INFO] Got response: 'OK 2023-07-13_18-07-18,8d86305a-f099-4ee5-8760-a3b7e683a866'
client 2023-07-13 18:07:18,619 [INFO] Session id is '2023-07-13_18-07-18'
client 2023-07-13 18:07:18,619 [INFO] Sources: {"sources": {"__init__.py": "da39a3ee5e6b4b0d3255bfef95601890afd80709", "client.py": "33ca4f26368777ac06e01f9567b714a4b8063886", "lib/__init__.py": "da39a3ee5e6b4b0d3255bfef95601890afd80709", "lib/client.py": "ac2aa093c8e8bbc9569b9e2a3471bc64e58a2258", "lib/common.py": "611d8b29633d331eb19c9455ea3b5fa3284ed6df", "lib/external/__init__.py": "da39a3ee5e6b4b0d3255bfef95601890afd80709", "lib/external/ntplib.py": "4da8f970656505a40483206ef2b5d3dd5e81711d", "lib/server.py": "c7af63c31bb2fbedea4345f571f6e3507d268ada", "lib/source_hashes.py": "60a2e02193209e8d392803326208d5466342da18", "lib/summary.py": "aa92f0a3f975eecd44d3c0cd0236342ccc9f941d", "lib/time_sync.py": "122eba67a9abc85635223e054def53be1367ade2", "server.py": "c3f90f2f7eeb4db30727556d0c815ebc89b3d28b", "tests/unit/__init__.py": "da39a3ee5e6b4b0d3255bfef95601890afd80709", "tests/unit/test_server.py": "948c1995d4008bc2aa6c4046a34ffa3858d6d671", "tests/unit/test_source_hashes.py": "00468a2907583c593e6574a1f6b404e4651c221a"}, "modules": {"ptd_client_server.lib.client": "lib/client.py", "ptd_client_server.lib.common": "lib/common.py", "ptd_client_server.lib.external.ntplib": "lib/external/ntplib.py", "ptd_client_server.lib.source_hashes": "lib/source_hashes.py", "ptd_client_server.lib.summary": "lib/summary.py", "ptd_client_server.lib.time_sync": "lib/time_sync.py"}}
client 2023-07-13 18:07:18,619 [INFO] Running workload in ranging mode
client 2023-07-13 18:07:18,619 [INFO] Synchronizing with the server and with time.google.com...
client 2023-07-13 18:07:18,633 [INFO] NTP:offset = -0.000 s, delay = 0.013 s 
client 2023-07-13 18:07:18,633 [INFO] Sending command to the server: 'time'
client 2023-07-13 18:07:18,653 [INFO] Got response: '1689268038.5476472'
client 2023-07-13 18:07:18,653 [INFO] The time difference between the client and the server is within range 85.769 ms..105.527 ms
client 2023-07-13 18:07:18,653 [INFO] Sending command to the server: 'session,2023-07-13_18-07-18,start,ranging'
client 2023-07-13 18:07:42,512 [INFO] Got response: 'OK'
client 2023-07-13 18:07:42,512 [INFO] Sending command to the server: 'time'
client 2023-07-13 18:07:42,515 [INFO] Got response: '1689268062.4068909'
client 2023-07-13 18:07:42,515 [INFO] The time difference between the client and the server is within range 106.062 ms..109.090 ms
client 2023-07-13 18:07:42,516 [INFO] Running the workload 'CM_MLPERF_RUN_COUNT=$(cat ${CM_RUN_DIR}/count.txt); echo ${CM_MLPERF_RUN_COUNT}; CM_MLPERF_RUN_COUNT=$((CM_MLPERF_RUN_COUNT+1)); echo ${CM_MLPERF_RUN_COUNT} > ${CM_RUN_DIR}/count.txt && if [ ${CM_MLPERF_RUN_COUNT} -eq "1" ]; then export CM_MLPERF_USER_CONF=${CM_MLPERF_RANGING_USER_CONF}; else export CM_MLPERF_USER_CONF=${CM_MLPERF_TESTING_USER_CONF}; fi && /home/arjun/run.out'
client 2023-07-13 18:12:43,048 [INFO] Sending command to the server: 'time'
client 2023-07-13 18:12:43,053 [INFO] Got response: '1689268362.9471536'
client 2023-07-13 18:12:43,053 [INFO] The time difference between the client and the server is within range 101.736 ms..106.755 ms
client 2023-07-13 18:12:43,053 [INFO] Sending command to the server: 'session,2023-07-13_18-07-18,stop,ranging'
client 2023-07-13 18:12:53,648 [INFO] Got response: 'OK'
client 2023-07-13 18:12:53,648 [INFO] Sending command to the server: 'time'
client 2023-07-13 18:12:53,650 [INFO] Got response: '1689268373.5427284'
client 2023-07-13 18:12:53,650 [INFO] The time difference between the client and the server is within range 105.623 ms..107.552 ms
client 2023-07-13 18:12:53,652 [INFO] Copying loadgen logs from '/home/arjun/mobilenet_results/valid_results/phoenix_Amd_Am5-tflite_cpp-cpu-tflite-vmaster-default_config/mobilenet-v1-precision_float-0.5-192/singlestream/performance/run_1' to '/home/arjun/mobilenet_results/valid_results/phoenix_Amd_Am5-tflite_cpp-cpu-tflite-vmaster-default_config/mobilenet-v1-precision_float-0.5-192/singlestream/performance/tmp_power/ranging'
client 2023-07-13 18:12:53,652 [INFO] Running workload in testing mode
client 2023-07-13 18:12:53,652 [INFO] Synchronizing with the server and with time.google.com...
client 2023-07-13 18:12:53,681 [INFO] NTP:offset = 0.000 s, delay = 0.016 s 
client 2023-07-13 18:12:53,681 [INFO] Sending command to the server: 'time'
client 2023-07-13 18:12:53,685 [INFO] Got response: '1689268373.5826948'
client 2023-07-13 18:12:53,685 [INFO] The time difference between the client and the server is within range 99.199 ms..103.002 ms
client 2023-07-13 18:12:53,685 [INFO] Sending command to the server: 'session,2023-07-13_18-07-18,start,testing'
client 2023-07-13 18:13:06,747 [INFO] Got response: 'OK'
client 2023-07-13 18:13:06,747 [INFO] Sending command to the server: 'time'
client 2023-07-13 18:13:06,750 [INFO] Got response: '1689268386.6396768'
client 2023-07-13 18:13:06,750 [INFO] The time difference between the client and the server is within range 107.707 ms..110.840 ms
client 2023-07-13 18:13:06,750 [INFO] Running the workload 'CM_MLPERF_RUN_COUNT=$(cat ${CM_RUN_DIR}/count.txt); echo ${CM_MLPERF_RUN_COUNT}; CM_MLPERF_RUN_COUNT=$((CM_MLPERF_RUN_COUNT+1)); echo ${CM_MLPERF_RUN_COUNT} > ${CM_RUN_DIR}/count.txt && if [ ${CM_MLPERF_RUN_COUNT} -eq "1" ]; then export CM_MLPERF_USER_CONF=${CM_MLPERF_RANGING_USER_CONF}; else export CM_MLPERF_USER_CONF=${CM_MLPERF_TESTING_USER_CONF}; fi && /home/arjun/run.out'
client 2023-07-13 18:23:07,786 [INFO] Sending command to the server: 'time'
client 2023-07-13 18:23:07,790 [INFO] Got response: '1689268987.6840525'
client 2023-07-13 18:23:07,790 [INFO] The time difference between the client and the server is within range 102.705 ms..106.604 ms
client 2023-07-13 18:23:07,790 [INFO] Sending command to the server: 'session,2023-07-13_18-07-18,stop,testing'
client 2023-07-13 18:23:18,833 [INFO] Got response: 'OK'
client 2023-07-13 18:23:18,833 [INFO] Sending command to the server: 'time'
client 2023-07-13 18:23:18,836 [INFO] Got response: '1689268998.727873'
client 2023-07-13 18:23:18,836 [INFO] The time difference between the client and the server is within range 105.873 ms..108.353 ms
client 2023-07-13 18:23:18,836 [INFO] Copying loadgen logs from '/home/arjun/mobilenet_results/valid_results/phoenix_Amd_Am5-tflite_cpp-cpu-tflite-vmaster-default_config/mobilenet-v1-precision_float-0.5-192/singlestream/performance/run_1' to '/home/arjun/mobilenet_results/valid_results/phoenix_Amd_Am5-tflite_cpp-cpu-tflite-vmaster-default_config/mobilenet-v1-precision_float-0.5-192/singlestream/performance/tmp_power/run_1'
client 2023-07-13 18:23:18,836 [INFO] Done runs
