client 2023-07-26 06:49:26,428 [INFO] Creating output directory '/home/cmuser/mobilenet_results/valid_results/bb3b3f2d4d2e-tflite_cpp-cpu-tflite-vmaster-default_config/mobilenet-v1-precision_float-1.0-160/singlestream/performance/tmp_power'
client 2023-07-26 06:49:26,432 [INFO] Sending command to the server: 'mlcommons/power client v3'
client 2023-07-26 06:49:26,435 [INFO] Got response: 'mlcommons/power server v3'
client 2023-07-26 06:49:26,435 [INFO] Synchronizing with the server and with time.google.com...
client 2023-07-26 06:49:26,500 [INFO] NTP:offset = -0.000 s, delay = 0.021 s 
client 2023-07-26 06:49:26,500 [INFO] Sending command to the server: 'time'
client 2023-07-26 06:49:26,502 [INFO] Got response: '1690379366.4503798'
client 2023-07-26 06:49:26,503 [INFO] The time difference between the client and the server is within range 50.065 ms..52.636 ms
client 2023-07-26 06:49:26,503 [INFO] Sending command to the server: 'new,,1e0b26fb-49f6-4132-a5c0-95494edabce7'
client 2023-07-26 06:49:26,508 [INFO] Got response: 'OK 2023-07-26_14-49-26,74ceb75d-bece-42cf-961e-5e586f43c991'
client 2023-07-26 06:49:26,508 [INFO] Session id is '2023-07-26_14-49-26'
client 2023-07-26 06:49:26,508 [INFO] Sources: {"sources": {"__init__.py": "da39a3ee5e6b4b0d3255bfef95601890afd80709", "client.py": "33ca4f26368777ac06e01f9567b714a4b8063886", "lib/__init__.py": "da39a3ee5e6b4b0d3255bfef95601890afd80709", "lib/client.py": "ac2aa093c8e8bbc9569b9e2a3471bc64e58a2258", "lib/common.py": "611d8b29633d331eb19c9455ea3b5fa3284ed6df", "lib/external/__init__.py": "da39a3ee5e6b4b0d3255bfef95601890afd80709", "lib/external/ntplib.py": "4da8f970656505a40483206ef2b5d3dd5e81711d", "lib/server.py": "c7af63c31bb2fbedea4345f571f6e3507d268ada", "lib/source_hashes.py": "60a2e02193209e8d392803326208d5466342da18", "lib/summary.py": "aa92f0a3f975eecd44d3c0cd0236342ccc9f941d", "lib/time_sync.py": "122eba67a9abc85635223e054def53be1367ade2", "server.py": "c3f90f2f7eeb4db30727556d0c815ebc89b3d28b", "tests/unit/__init__.py": "da39a3ee5e6b4b0d3255bfef95601890afd80709", "tests/unit/test_server.py": "948c1995d4008bc2aa6c4046a34ffa3858d6d671", "tests/unit/test_source_hashes.py": "00468a2907583c593e6574a1f6b404e4651c221a"}, "modules": {"ptd_client_server.lib.client": "lib/client.py", "ptd_client_server.lib.common": "lib/common.py", "ptd_client_server.lib.external.ntplib": "lib/external/ntplib.py", "ptd_client_server.lib.source_hashes": "lib/source_hashes.py", "ptd_client_server.lib.summary": "lib/summary.py", "ptd_client_server.lib.time_sync": "lib/time_sync.py"}}
client 2023-07-26 06:49:26,508 [INFO] Running workload in ranging mode
client 2023-07-26 06:49:26,508 [INFO] Synchronizing with the server and with time.google.com...
client 2023-07-26 06:49:26,564 [INFO] NTP:offset = -0.001 s, delay = 0.014 s 
client 2023-07-26 06:49:26,564 [INFO] Sending command to the server: 'time'
client 2023-07-26 06:49:26,568 [INFO] Got response: '1690379366.5119452'
client 2023-07-26 06:49:26,568 [INFO] The time difference between the client and the server is within range 52.731 ms..56.162 ms
client 2023-07-26 06:49:26,568 [INFO] Sending command to the server: 'session,2023-07-26_14-49-26,start,ranging'
client 2023-07-26 06:49:50,441 [INFO] Got response: 'OK'
client 2023-07-26 06:49:50,442 [INFO] Sending command to the server: 'time'
client 2023-07-26 06:49:50,445 [INFO] Got response: '1690379390.3884616'
client 2023-07-26 06:49:50,445 [INFO] The time difference between the client and the server is within range 53.612 ms..56.602 ms
client 2023-07-26 06:49:50,445 [INFO] Running the workload 'CM_MLPERF_RUN_COUNT=$(cat ${CM_RUN_DIR}/count.txt); echo ${CM_MLPERF_RUN_COUNT}; CM_MLPERF_RUN_COUNT=$((CM_MLPERF_RUN_COUNT+1)); echo ${CM_MLPERF_RUN_COUNT} > ${CM_RUN_DIR}/count.txt && if [ ${CM_MLPERF_RUN_COUNT} -eq "1" ]; then export CM_MLPERF_USER_CONF=${CM_MLPERF_RANGING_USER_CONF}; else export CM_MLPERF_USER_CONF=${CM_MLPERF_TESTING_USER_CONF}; fi && /home/cmuser/run.out'
client 2023-07-26 06:54:51,286 [INFO] Sending command to the server: 'time'
client 2023-07-26 06:54:51,290 [INFO] Got response: '1690379691.2357612'
client 2023-07-26 06:54:51,290 [INFO] The time difference between the client and the server is within range 50.807 ms..54.365 ms
client 2023-07-26 06:54:51,290 [INFO] Sending command to the server: 'session,2023-07-26_14-49-26,stop,ranging'
client 2023-07-26 06:55:01,580 [INFO] Got response: 'OK'
client 2023-07-26 06:55:01,580 [INFO] Sending command to the server: 'time'
client 2023-07-26 06:55:01,582 [INFO] Got response: '1690379701.523066'
client 2023-07-26 06:55:01,582 [INFO] The time difference between the client and the server is within range 57.361 ms..59.754 ms
client 2023-07-26 06:55:01,586 [INFO] Copying loadgen logs from '/home/cmuser/mobilenet_results/valid_results/bb3b3f2d4d2e-tflite_cpp-cpu-tflite-vmaster-default_config/mobilenet-v1-precision_float-1.0-160/singlestream/performance/run_1' to '/home/cmuser/mobilenet_results/valid_results/bb3b3f2d4d2e-tflite_cpp-cpu-tflite-vmaster-default_config/mobilenet-v1-precision_float-1.0-160/singlestream/performance/tmp_power/ranging'
client 2023-07-26 06:55:01,586 [INFO] Running workload in testing mode
client 2023-07-26 06:55:01,586 [INFO] Synchronizing with the server and with time.google.com...
client 2023-07-26 06:55:01,634 [INFO] NTP:offset = -0.001 s, delay = 0.014 s 
client 2023-07-26 06:55:01,634 [INFO] Sending command to the server: 'time'
client 2023-07-26 06:55:01,724 [INFO] Got response: '1690379701.6643653'
client 2023-07-26 06:55:01,724 [INFO] The time difference between the client and the server is within range -29.592 ms..60.422 ms
client 2023-07-26 06:55:01,724 [INFO] Sending command to the server: 'session,2023-07-26_14-49-26,start,testing'
client 2023-07-26 06:55:14,782 [INFO] Got response: 'OK'
client 2023-07-26 06:55:14,783 [INFO] Sending command to the server: 'time'
client 2023-07-26 06:55:14,786 [INFO] Got response: '1690379714.7247484'
client 2023-07-26 06:55:14,786 [INFO] The time difference between the client and the server is within range 58.324 ms..62.193 ms
client 2023-07-26 06:55:14,786 [INFO] Running the workload 'CM_MLPERF_RUN_COUNT=$(cat ${CM_RUN_DIR}/count.txt); echo ${CM_MLPERF_RUN_COUNT}; CM_MLPERF_RUN_COUNT=$((CM_MLPERF_RUN_COUNT+1)); echo ${CM_MLPERF_RUN_COUNT} > ${CM_RUN_DIR}/count.txt && if [ ${CM_MLPERF_RUN_COUNT} -eq "1" ]; then export CM_MLPERF_USER_CONF=${CM_MLPERF_RANGING_USER_CONF}; else export CM_MLPERF_USER_CONF=${CM_MLPERF_TESTING_USER_CONF}; fi && /home/cmuser/run.out'
client 2023-07-26 07:05:15,804 [INFO] Sending command to the server: 'time'
client 2023-07-26 07:05:15,807 [INFO] Got response: '1690380315.742584'
client 2023-07-26 07:05:15,807 [INFO] The time difference between the client and the server is within range 61.440 ms..65.311 ms
client 2023-07-26 07:05:15,807 [INFO] Sending command to the server: 'session,2023-07-26_14-49-26,stop,testing'
client 2023-07-26 07:05:26,867 [INFO] Got response: 'OK'
client 2023-07-26 07:05:26,867 [INFO] Sending command to the server: 'time'
client 2023-07-26 07:05:26,868 [INFO] Got response: '1690380326.802046'
client 2023-07-26 07:05:26,868 [INFO] The time difference between the client and the server is within range 65.246 ms..66.637 ms
client 2023-07-26 07:05:26,869 [INFO] Copying loadgen logs from '/home/cmuser/mobilenet_results/valid_results/bb3b3f2d4d2e-tflite_cpp-cpu-tflite-vmaster-default_config/mobilenet-v1-precision_float-1.0-160/singlestream/performance/run_1' to '/home/cmuser/mobilenet_results/valid_results/bb3b3f2d4d2e-tflite_cpp-cpu-tflite-vmaster-default_config/mobilenet-v1-precision_float-1.0-160/singlestream/performance/tmp_power/run_1'
client 2023-07-26 07:05:26,869 [INFO] Done runs
