client 2023-07-27 08:13:40,756 [INFO] Creating output directory '/home/cmuser/mobilenet_results/valid_results/bb3b3f2d4d2e-tflite_cpp-cpu-tflite-vmaster-default_config/mobilenet-v2-precision_float-1.0-224/singlestream/performance/tmp_power'
client 2023-07-27 08:13:40,759 [INFO] Sending command to the server: 'mlcommons/power client v3'
client 2023-07-27 08:13:40,763 [INFO] Got response: 'mlcommons/power server v3'
client 2023-07-27 08:13:40,763 [INFO] Synchronizing with the server and with time.google.com...
client 2023-07-27 08:13:40,831 [INFO] NTP:offset = -0.002 s, delay = 0.014 s 
client 2023-07-27 08:13:40,831 [INFO] Sending command to the server: 'time'
client 2023-07-27 08:13:40,834 [INFO] Got response: '1690470820.6636498'
client 2023-07-27 08:13:40,834 [INFO] The time difference between the client and the server is within range 167.969 ms..170.612 ms
client 2023-07-27 08:13:40,834 [INFO] Sending command to the server: 'new,,f177a9c2-5548-42a9-ae42-b01438def392'
client 2023-07-27 08:13:40,837 [INFO] Got response: 'OK 2023-07-27_16-13-40,f457c5c1-a12a-4dec-b249-6f6e7047d11e'
client 2023-07-27 08:13:40,837 [INFO] Session id is '2023-07-27_16-13-40'
client 2023-07-27 08:13:40,837 [INFO] Sources: {"sources": {"__init__.py": "da39a3ee5e6b4b0d3255bfef95601890afd80709", "client.py": "33ca4f26368777ac06e01f9567b714a4b8063886", "lib/__init__.py": "da39a3ee5e6b4b0d3255bfef95601890afd80709", "lib/client.py": "ac2aa093c8e8bbc9569b9e2a3471bc64e58a2258", "lib/common.py": "611d8b29633d331eb19c9455ea3b5fa3284ed6df", "lib/external/__init__.py": "da39a3ee5e6b4b0d3255bfef95601890afd80709", "lib/external/ntplib.py": "4da8f970656505a40483206ef2b5d3dd5e81711d", "lib/server.py": "c7af63c31bb2fbedea4345f571f6e3507d268ada", "lib/source_hashes.py": "60a2e02193209e8d392803326208d5466342da18", "lib/summary.py": "aa92f0a3f975eecd44d3c0cd0236342ccc9f941d", "lib/time_sync.py": "122eba67a9abc85635223e054def53be1367ade2", "server.py": "c3f90f2f7eeb4db30727556d0c815ebc89b3d28b", "tests/unit/__init__.py": "da39a3ee5e6b4b0d3255bfef95601890afd80709", "tests/unit/test_server.py": "948c1995d4008bc2aa6c4046a34ffa3858d6d671", "tests/unit/test_source_hashes.py": "00468a2907583c593e6574a1f6b404e4651c221a"}, "modules": {"ptd_client_server.lib.client": "lib/client.py", "ptd_client_server.lib.common": "lib/common.py", "ptd_client_server.lib.external.ntplib": "lib/external/ntplib.py", "ptd_client_server.lib.source_hashes": "lib/source_hashes.py", "ptd_client_server.lib.summary": "lib/summary.py", "ptd_client_server.lib.time_sync": "lib/time_sync.py"}}
client 2023-07-27 08:13:40,837 [INFO] Running workload in ranging mode
client 2023-07-27 08:13:40,837 [INFO] Synchronizing with the server and with time.google.com...
client 2023-07-27 08:13:40,892 [INFO] NTP:offset = -0.002 s, delay = 0.013 s 
client 2023-07-27 08:13:40,892 [INFO] Sending command to the server: 'time'
client 2023-07-27 08:13:40,895 [INFO] Got response: '1690470820.7249622'
client 2023-07-27 08:13:40,895 [INFO] The time difference between the client and the server is within range 167.315 ms..170.819 ms
client 2023-07-27 08:13:40,895 [INFO] Sending command to the server: 'session,2023-07-27_16-13-40,start,ranging'
client 2023-07-27 08:14:04,740 [INFO] Got response: 'OK'
client 2023-07-27 08:14:04,740 [INFO] Sending command to the server: 'time'
client 2023-07-27 08:14:04,743 [INFO] Got response: '1690470844.5754676'
client 2023-07-27 08:14:04,743 [INFO] The time difference between the client and the server is within range 164.863 ms..167.696 ms
client 2023-07-27 08:14:04,743 [INFO] Running the workload 'CM_MLPERF_RUN_COUNT=$(cat ${CM_RUN_DIR}/count.txt); echo ${CM_MLPERF_RUN_COUNT}; CM_MLPERF_RUN_COUNT=$((CM_MLPERF_RUN_COUNT+1)); echo ${CM_MLPERF_RUN_COUNT} > ${CM_RUN_DIR}/count.txt && if [ ${CM_MLPERF_RUN_COUNT} -eq "1" ]; then export CM_MLPERF_USER_CONF=${CM_MLPERF_RANGING_USER_CONF}; else export CM_MLPERF_USER_CONF=${CM_MLPERF_TESTING_USER_CONF}; fi && /home/cmuser/run.out'
client 2023-07-27 08:19:05,300 [INFO] Sending command to the server: 'time'
client 2023-07-27 08:19:05,304 [INFO] Got response: '1690471145.1351707'
client 2023-07-27 08:19:05,304 [INFO] The time difference between the client and the server is within range 164.979 ms..168.955 ms
client 2023-07-27 08:19:05,304 [INFO] Sending command to the server: 'session,2023-07-27_16-13-40,stop,ranging'
client 2023-07-27 08:19:16,313 [INFO] Got response: 'OK'
client 2023-07-27 08:19:16,313 [INFO] Sending command to the server: 'time'
client 2023-07-27 08:19:16,316 [INFO] Got response: '1690471156.1496654'
client 2023-07-27 08:19:16,316 [INFO] The time difference between the client and the server is within range 163.992 ms..166.592 ms
client 2023-07-27 08:19:16,319 [INFO] Copying loadgen logs from '/home/cmuser/mobilenet_results/valid_results/bb3b3f2d4d2e-tflite_cpp-cpu-tflite-vmaster-default_config/mobilenet-v2-precision_float-1.0-224/singlestream/performance/run_1' to '/home/cmuser/mobilenet_results/valid_results/bb3b3f2d4d2e-tflite_cpp-cpu-tflite-vmaster-default_config/mobilenet-v2-precision_float-1.0-224/singlestream/performance/tmp_power/ranging'
client 2023-07-27 08:19:16,319 [INFO] Running workload in testing mode
client 2023-07-27 08:19:16,320 [INFO] Synchronizing with the server and with time.google.com...
client 2023-07-27 08:19:16,380 [INFO] NTP:offset = -0.001 s, delay = 0.014 s 
client 2023-07-27 08:19:16,380 [INFO] Sending command to the server: 'time'
client 2023-07-27 08:19:16,382 [INFO] Got response: '1690471156.2115912'
client 2023-07-27 08:19:16,382 [INFO] The time difference between the client and the server is within range 168.523 ms..171.046 ms
client 2023-07-27 08:19:16,382 [INFO] Sending command to the server: 'session,2023-07-27_16-13-40,start,testing'
client 2023-07-27 08:19:29,438 [INFO] Got response: 'OK'
client 2023-07-27 08:19:29,438 [INFO] Sending command to the server: 'time'
client 2023-07-27 08:19:29,442 [INFO] Got response: '1690471169.2720315'
client 2023-07-27 08:19:29,442 [INFO] The time difference between the client and the server is within range 166.146 ms..170.206 ms
client 2023-07-27 08:19:29,442 [INFO] Running the workload 'CM_MLPERF_RUN_COUNT=$(cat ${CM_RUN_DIR}/count.txt); echo ${CM_MLPERF_RUN_COUNT}; CM_MLPERF_RUN_COUNT=$((CM_MLPERF_RUN_COUNT+1)); echo ${CM_MLPERF_RUN_COUNT} > ${CM_RUN_DIR}/count.txt && if [ ${CM_MLPERF_RUN_COUNT} -eq "1" ]; then export CM_MLPERF_USER_CONF=${CM_MLPERF_RANGING_USER_CONF}; else export CM_MLPERF_USER_CONF=${CM_MLPERF_TESTING_USER_CONF}; fi && /home/cmuser/run.out'
client 2023-07-27 08:29:30,444 [INFO] Sending command to the server: 'time'
client 2023-07-27 08:29:30,448 [INFO] Got response: '1690471770.2745602'
client 2023-07-27 08:29:30,448 [INFO] The time difference between the client and the server is within range 170.026 ms..174.263 ms
client 2023-07-27 08:29:30,448 [INFO] Sending command to the server: 'session,2023-07-27_16-13-40,stop,testing'
client 2023-07-27 08:29:41,782 [INFO] Got response: 'OK'
client 2023-07-27 08:29:41,782 [INFO] Sending command to the server: 'time'
client 2023-07-27 08:29:41,787 [INFO] Got response: '1690471781.6138647'
client 2023-07-27 08:29:41,787 [INFO] The time difference between the client and the server is within range 168.752 ms..173.411 ms
client 2023-07-27 08:29:41,787 [INFO] Copying loadgen logs from '/home/cmuser/mobilenet_results/valid_results/bb3b3f2d4d2e-tflite_cpp-cpu-tflite-vmaster-default_config/mobilenet-v2-precision_float-1.0-224/singlestream/performance/run_1' to '/home/cmuser/mobilenet_results/valid_results/bb3b3f2d4d2e-tflite_cpp-cpu-tflite-vmaster-default_config/mobilenet-v2-precision_float-1.0-224/singlestream/performance/tmp_power/run_1'
client 2023-07-27 08:29:41,788 [INFO] Done runs
