client 2023-07-26 18:39:23,601 [INFO] Creating output directory '/home/cmuser/mobilenet_results/valid_results/bb3b3f2d4d2e-tflite_cpp-cpu-tflite-vmaster-default_config/mobilenet-v2-precision_uint8-0.5-224/singlestream/performance/tmp_power'
client 2023-07-26 18:39:23,603 [INFO] Sending command to the server: 'mlcommons/power client v3'
client 2023-07-26 18:39:23,604 [INFO] Got response: 'mlcommons/power server v3'
client 2023-07-26 18:39:23,604 [INFO] Synchronizing with the server and with time.google.com...
client 2023-07-26 18:39:23,667 [INFO] NTP:offset = -0.001 s, delay = 0.016 s 
client 2023-07-26 18:39:23,667 [INFO] Sending command to the server: 'time'
client 2023-07-26 18:39:23,669 [INFO] Got response: '1690421963.4890833'
client 2023-07-26 18:39:23,669 [INFO] The time difference between the client and the server is within range 178.079 ms..180.659 ms
client 2023-07-26 18:39:23,669 [INFO] Sending command to the server: 'new,,35eb79b0-2f61-45f7-b286-c874a70fe4a5'
client 2023-07-26 18:39:23,672 [INFO] Got response: 'OK 2023-07-27_02-39-23,b21c2be3-16c1-4980-a1b1-b0056c3c1d03'
client 2023-07-26 18:39:23,672 [INFO] Session id is '2023-07-27_02-39-23'
client 2023-07-26 18:39:23,672 [INFO] Sources: {"sources": {"__init__.py": "da39a3ee5e6b4b0d3255bfef95601890afd80709", "client.py": "33ca4f26368777ac06e01f9567b714a4b8063886", "lib/__init__.py": "da39a3ee5e6b4b0d3255bfef95601890afd80709", "lib/client.py": "ac2aa093c8e8bbc9569b9e2a3471bc64e58a2258", "lib/common.py": "611d8b29633d331eb19c9455ea3b5fa3284ed6df", "lib/external/__init__.py": "da39a3ee5e6b4b0d3255bfef95601890afd80709", "lib/external/ntplib.py": "4da8f970656505a40483206ef2b5d3dd5e81711d", "lib/server.py": "c7af63c31bb2fbedea4345f571f6e3507d268ada", "lib/source_hashes.py": "60a2e02193209e8d392803326208d5466342da18", "lib/summary.py": "aa92f0a3f975eecd44d3c0cd0236342ccc9f941d", "lib/time_sync.py": "122eba67a9abc85635223e054def53be1367ade2", "server.py": "c3f90f2f7eeb4db30727556d0c815ebc89b3d28b", "tests/unit/__init__.py": "da39a3ee5e6b4b0d3255bfef95601890afd80709", "tests/unit/test_server.py": "948c1995d4008bc2aa6c4046a34ffa3858d6d671", "tests/unit/test_source_hashes.py": "00468a2907583c593e6574a1f6b404e4651c221a"}, "modules": {"ptd_client_server.lib.client": "lib/client.py", "ptd_client_server.lib.common": "lib/common.py", "ptd_client_server.lib.external.ntplib": "lib/external/ntplib.py", "ptd_client_server.lib.source_hashes": "lib/source_hashes.py", "ptd_client_server.lib.summary": "lib/summary.py", "ptd_client_server.lib.time_sync": "lib/time_sync.py"}}
client 2023-07-26 18:39:23,673 [INFO] Running workload in ranging mode
client 2023-07-26 18:39:23,673 [INFO] Synchronizing with the server and with time.google.com...
client 2023-07-26 18:39:23,724 [INFO] NTP:offset = -0.001 s, delay = 0.013 s 
client 2023-07-26 18:39:23,724 [INFO] Sending command to the server: 'time'
client 2023-07-26 18:39:23,727 [INFO] Got response: '1690421963.5496676'
client 2023-07-26 18:39:23,727 [INFO] The time difference between the client and the server is within range 174.517 ms..178.315 ms
client 2023-07-26 18:39:23,728 [INFO] Sending command to the server: 'session,2023-07-27_02-39-23,start,ranging'
client 2023-07-26 18:39:47,614 [INFO] Got response: 'OK'
client 2023-07-26 18:39:47,614 [INFO] Sending command to the server: 'time'
client 2023-07-26 18:39:47,616 [INFO] Got response: '1690421987.4390419'
client 2023-07-26 18:39:47,616 [INFO] The time difference between the client and the server is within range 175.328 ms..177.025 ms
client 2023-07-26 18:39:47,616 [INFO] Running the workload 'CM_MLPERF_RUN_COUNT=$(cat ${CM_RUN_DIR}/count.txt); echo ${CM_MLPERF_RUN_COUNT}; CM_MLPERF_RUN_COUNT=$((CM_MLPERF_RUN_COUNT+1)); echo ${CM_MLPERF_RUN_COUNT} > ${CM_RUN_DIR}/count.txt && if [ ${CM_MLPERF_RUN_COUNT} -eq "1" ]; then export CM_MLPERF_USER_CONF=${CM_MLPERF_RANGING_USER_CONF}; else export CM_MLPERF_USER_CONF=${CM_MLPERF_TESTING_USER_CONF}; fi && /home/cmuser/run.out'
client 2023-07-26 18:44:48,194 [INFO] Sending command to the server: 'time'
client 2023-07-26 18:44:48,198 [INFO] Got response: '1690422288.0211525'
client 2023-07-26 18:44:48,198 [INFO] The time difference between the client and the server is within range 173.547 ms..177.754 ms
client 2023-07-26 18:44:48,198 [INFO] Sending command to the server: 'session,2023-07-27_02-39-23,stop,ranging'
client 2023-07-26 18:44:58,805 [INFO] Got response: 'OK'
client 2023-07-26 18:44:58,805 [INFO] Sending command to the server: 'time'
client 2023-07-26 18:44:58,807 [INFO] Got response: '1690422298.6282423'
client 2023-07-26 18:44:58,807 [INFO] The time difference between the client and the server is within range 176.989 ms..179.024 ms
client 2023-07-26 18:44:58,810 [INFO] Copying loadgen logs from '/home/cmuser/mobilenet_results/valid_results/bb3b3f2d4d2e-tflite_cpp-cpu-tflite-vmaster-default_config/mobilenet-v2-precision_uint8-0.5-224/singlestream/performance/run_1' to '/home/cmuser/mobilenet_results/valid_results/bb3b3f2d4d2e-tflite_cpp-cpu-tflite-vmaster-default_config/mobilenet-v2-precision_uint8-0.5-224/singlestream/performance/tmp_power/ranging'
client 2023-07-26 18:44:58,810 [INFO] Running workload in testing mode
client 2023-07-26 18:44:58,810 [INFO] Synchronizing with the server and with time.google.com...
client 2023-07-26 18:44:58,858 [INFO] NTP:offset = -0.001 s, delay = 0.012 s 
client 2023-07-26 18:44:58,858 [INFO] Sending command to the server: 'time'
client 2023-07-26 18:44:58,861 [INFO] Got response: '1690422298.6792767'
client 2023-07-26 18:44:58,861 [INFO] The time difference between the client and the server is within range 179.563 ms..181.974 ms
client 2023-07-26 18:44:58,861 [INFO] Sending command to the server: 'session,2023-07-27_02-39-23,start,testing'
client 2023-07-26 18:45:11,900 [INFO] Got response: 'OK'
client 2023-07-26 18:45:11,900 [INFO] Sending command to the server: 'time'
client 2023-07-26 18:45:11,902 [INFO] Got response: '1690422311.7223537'
client 2023-07-26 18:45:11,902 [INFO] The time difference between the client and the server is within range 178.003 ms..180.165 ms
client 2023-07-26 18:45:11,902 [INFO] Running the workload 'CM_MLPERF_RUN_COUNT=$(cat ${CM_RUN_DIR}/count.txt); echo ${CM_MLPERF_RUN_COUNT}; CM_MLPERF_RUN_COUNT=$((CM_MLPERF_RUN_COUNT+1)); echo ${CM_MLPERF_RUN_COUNT} > ${CM_RUN_DIR}/count.txt && if [ ${CM_MLPERF_RUN_COUNT} -eq "1" ]; then export CM_MLPERF_USER_CONF=${CM_MLPERF_RANGING_USER_CONF}; else export CM_MLPERF_USER_CONF=${CM_MLPERF_TESTING_USER_CONF}; fi && /home/cmuser/run.out'
client 2023-07-26 18:55:13,175 [INFO] Sending command to the server: 'time'
client 2023-07-26 18:55:13,179 [INFO] Got response: '1690422912.9933727'
client 2023-07-26 18:55:13,179 [INFO] The time difference between the client and the server is within range 182.338 ms..186.052 ms
client 2023-07-26 18:55:13,179 [INFO] Sending command to the server: 'session,2023-07-27_02-39-23,stop,testing'
client 2023-07-26 18:55:23,988 [INFO] Got response: 'OK'
client 2023-07-26 18:55:23,989 [INFO] Sending command to the server: 'time'
client 2023-07-26 18:55:24,002 [INFO] Got response: '1690422923.8188217'
client 2023-07-26 18:55:24,002 [INFO] The time difference between the client and the server is within range 170.177 ms..183.781 ms
client 2023-07-26 18:55:24,003 [INFO] Copying loadgen logs from '/home/cmuser/mobilenet_results/valid_results/bb3b3f2d4d2e-tflite_cpp-cpu-tflite-vmaster-default_config/mobilenet-v2-precision_uint8-0.5-224/singlestream/performance/run_1' to '/home/cmuser/mobilenet_results/valid_results/bb3b3f2d4d2e-tflite_cpp-cpu-tflite-vmaster-default_config/mobilenet-v2-precision_uint8-0.5-224/singlestream/performance/tmp_power/run_1'
client 2023-07-26 18:55:24,003 [INFO] Done runs
