client 2023-07-13 04:47:01,946 [INFO] Creating output directory '/home/arjun/mobilenet_results/valid_results/phoenix_Amd_Am5-tflite_cpp-cpu-tflite-vmaster-default_config/mobilenet-v2-precision_float-0.75-160/singlestream/performance/tmp_power'
client 2023-07-13 04:47:01,948 [INFO] Sending command to the server: 'mlcommons/power client v3'
client 2023-07-13 04:47:01,950 [INFO] Got response: 'mlcommons/power server v3'
client 2023-07-13 04:47:01,950 [INFO] Synchronizing with the server and with time.google.com...
client 2023-07-13 04:47:01,965 [INFO] NTP:offset = -0.001 s, delay = 0.013 s 
client 2023-07-13 04:47:01,965 [INFO] Sending command to the server: 'time'
client 2023-07-13 04:47:01,969 [INFO] Got response: '1689220021.8941534'
client 2023-07-13 04:47:01,969 [INFO] The time difference between the client and the server is within range 71.376 ms..75.208 ms
client 2023-07-13 04:47:01,969 [INFO] Sending command to the server: 'new,,e59dae9a-fd0c-4016-8e18-0b3a82976923'
client 2023-07-13 04:47:01,973 [INFO] Got response: 'OK 2023-07-13_04-47-01,7b2dd693-cbaa-4775-81c6-070062f99434'
client 2023-07-13 04:47:01,973 [INFO] Session id is '2023-07-13_04-47-01'
client 2023-07-13 04:47:01,974 [INFO] Sources: {"sources": {"__init__.py": "da39a3ee5e6b4b0d3255bfef95601890afd80709", "client.py": "33ca4f26368777ac06e01f9567b714a4b8063886", "lib/__init__.py": "da39a3ee5e6b4b0d3255bfef95601890afd80709", "lib/client.py": "ac2aa093c8e8bbc9569b9e2a3471bc64e58a2258", "lib/common.py": "611d8b29633d331eb19c9455ea3b5fa3284ed6df", "lib/external/__init__.py": "da39a3ee5e6b4b0d3255bfef95601890afd80709", "lib/external/ntplib.py": "4da8f970656505a40483206ef2b5d3dd5e81711d", "lib/server.py": "c7af63c31bb2fbedea4345f571f6e3507d268ada", "lib/source_hashes.py": "60a2e02193209e8d392803326208d5466342da18", "lib/summary.py": "aa92f0a3f975eecd44d3c0cd0236342ccc9f941d", "lib/time_sync.py": "122eba67a9abc85635223e054def53be1367ade2", "server.py": "c3f90f2f7eeb4db30727556d0c815ebc89b3d28b", "tests/unit/__init__.py": "da39a3ee5e6b4b0d3255bfef95601890afd80709", "tests/unit/test_server.py": "948c1995d4008bc2aa6c4046a34ffa3858d6d671", "tests/unit/test_source_hashes.py": "00468a2907583c593e6574a1f6b404e4651c221a"}, "modules": {"ptd_client_server.lib.client": "lib/client.py", "ptd_client_server.lib.common": "lib/common.py", "ptd_client_server.lib.external.ntplib": "lib/external/ntplib.py", "ptd_client_server.lib.source_hashes": "lib/source_hashes.py", "ptd_client_server.lib.summary": "lib/summary.py", "ptd_client_server.lib.time_sync": "lib/time_sync.py"}}
client 2023-07-13 04:47:01,974 [INFO] Running workload in ranging mode
client 2023-07-13 04:47:01,974 [INFO] Synchronizing with the server and with time.google.com...
client 2023-07-13 04:47:01,988 [INFO] NTP:offset = -0.001 s, delay = 0.013 s 
client 2023-07-13 04:47:01,988 [INFO] Sending command to the server: 'time'
client 2023-07-13 04:47:01,992 [INFO] Got response: '1689220021.9238455'
client 2023-07-13 04:47:01,992 [INFO] The time difference between the client and the server is within range 64.514 ms..68.617 ms
client 2023-07-13 04:47:01,992 [INFO] Sending command to the server: 'session,2023-07-13_04-47-01,start,ranging'
client 2023-07-13 04:47:26,495 [INFO] Got response: 'OK'
client 2023-07-13 04:47:26,495 [INFO] Sending command to the server: 'time'
client 2023-07-13 04:47:26,498 [INFO] Got response: '1689220046.431318'
client 2023-07-13 04:47:26,498 [INFO] The time difference between the client and the server is within range 63.878 ms..66.797 ms
client 2023-07-13 04:47:26,498 [INFO] Running the workload 'CM_MLPERF_RUN_COUNT=$(cat ${CM_RUN_DIR}/count.txt); echo ${CM_MLPERF_RUN_COUNT}; CM_MLPERF_RUN_COUNT=$((CM_MLPERF_RUN_COUNT+1)); echo ${CM_MLPERF_RUN_COUNT} > ${CM_RUN_DIR}/count.txt && if [ ${CM_MLPERF_RUN_COUNT} -eq "1" ]; then export CM_MLPERF_USER_CONF=${CM_MLPERF_RANGING_USER_CONF}; else export CM_MLPERF_USER_CONF=${CM_MLPERF_TESTING_USER_CONF}; fi && /home/arjun/run.out'
client 2023-07-13 04:52:27,045 [INFO] Sending command to the server: 'time'
client 2023-07-13 04:52:27,049 [INFO] Got response: '1689220346.9764009'
client 2023-07-13 04:52:27,049 [INFO] The time difference between the client and the server is within range 69.363 ms..72.956 ms
client 2023-07-13 04:52:27,049 [INFO] Sending command to the server: 'session,2023-07-13_04-47-01,stop,ranging'
client 2023-07-13 04:52:37,954 [INFO] Got response: 'OK'
client 2023-07-13 04:52:37,954 [INFO] Sending command to the server: 'time'
client 2023-07-13 04:52:37,955 [INFO] Got response: '1689220357.8823657'
client 2023-07-13 04:52:37,955 [INFO] The time difference between the client and the server is within range 71.746 ms..73.161 ms
client 2023-07-13 04:52:37,958 [INFO] Copying loadgen logs from '/home/arjun/mobilenet_results/valid_results/phoenix_Amd_Am5-tflite_cpp-cpu-tflite-vmaster-default_config/mobilenet-v2-precision_float-0.75-160/singlestream/performance/run_1' to '/home/arjun/mobilenet_results/valid_results/phoenix_Amd_Am5-tflite_cpp-cpu-tflite-vmaster-default_config/mobilenet-v2-precision_float-0.75-160/singlestream/performance/tmp_power/ranging'
client 2023-07-13 04:52:37,958 [INFO] Running workload in testing mode
client 2023-07-13 04:52:37,958 [INFO] Synchronizing with the server and with time.google.com...
client 2023-07-13 04:52:37,973 [INFO] NTP:offset = 0.000 s, delay = 0.014 s 
client 2023-07-13 04:52:37,973 [INFO] Sending command to the server: 'time'
client 2023-07-13 04:52:37,975 [INFO] Got response: '1689220357.9027228'
client 2023-07-13 04:52:37,975 [INFO] The time difference between the client and the server is within range 70.760 ms..73.030 ms
client 2023-07-13 04:52:37,975 [INFO] Sending command to the server: 'session,2023-07-13_04-47-01,start,testing'
client 2023-07-13 04:52:51,060 [INFO] Got response: 'OK'
client 2023-07-13 04:52:51,060 [INFO] Sending command to the server: 'time'
client 2023-07-13 04:52:51,062 [INFO] Got response: '1689220370.9919665'
client 2023-07-13 04:52:51,062 [INFO] The time difference between the client and the server is within range 68.848 ms..70.818 ms
client 2023-07-13 04:52:51,062 [INFO] Running the workload 'CM_MLPERF_RUN_COUNT=$(cat ${CM_RUN_DIR}/count.txt); echo ${CM_MLPERF_RUN_COUNT}; CM_MLPERF_RUN_COUNT=$((CM_MLPERF_RUN_COUNT+1)); echo ${CM_MLPERF_RUN_COUNT} > ${CM_RUN_DIR}/count.txt && if [ ${CM_MLPERF_RUN_COUNT} -eq "1" ]; then export CM_MLPERF_USER_CONF=${CM_MLPERF_RANGING_USER_CONF}; else export CM_MLPERF_USER_CONF=${CM_MLPERF_TESTING_USER_CONF}; fi && /home/arjun/run.out'
client 2023-07-13 05:02:52,073 [INFO] Sending command to the server: 'time'
client 2023-07-13 05:02:52,077 [INFO] Got response: '1689220972.0058975'
client 2023-07-13 05:02:52,077 [INFO] The time difference between the client and the server is within range 67.923 ms..71.911 ms
client 2023-07-13 05:02:52,077 [INFO] Sending command to the server: 'session,2023-07-13_04-47-01,stop,testing'
client 2023-07-13 05:03:03,113 [INFO] Got response: 'OK'
client 2023-07-13 05:03:03,113 [INFO] Sending command to the server: 'time'
client 2023-07-13 05:03:03,114 [INFO] Got response: '1689220983.0506985'
client 2023-07-13 05:03:03,115 [INFO] The time difference between the client and the server is within range 62.714 ms..64.351 ms
client 2023-07-13 05:03:03,115 [INFO] Copying loadgen logs from '/home/arjun/mobilenet_results/valid_results/phoenix_Amd_Am5-tflite_cpp-cpu-tflite-vmaster-default_config/mobilenet-v2-precision_float-0.75-160/singlestream/performance/run_1' to '/home/arjun/mobilenet_results/valid_results/phoenix_Amd_Am5-tflite_cpp-cpu-tflite-vmaster-default_config/mobilenet-v2-precision_float-0.75-160/singlestream/performance/tmp_power/run_1'
client 2023-07-13 05:03:03,115 [INFO] Done runs
