client 2023-07-26 18:07:07,611 [INFO] Creating output directory '/home/cmuser/mobilenet_results/valid_results/bb3b3f2d4d2e-tflite_cpp-cpu-tflite-vmaster-default_config/mobilenet-v2-precision_uint8-0.75-128/singlestream/performance/tmp_power'
client 2023-07-26 18:07:07,612 [INFO] Sending command to the server: 'mlcommons/power client v3'
client 2023-07-26 18:07:07,616 [INFO] Got response: 'mlcommons/power server v3'
client 2023-07-26 18:07:07,616 [INFO] Synchronizing with the server and with time.google.com...
client 2023-07-26 18:07:07,690 [INFO] NTP:offset = -0.000 s, delay = 0.020 s 
client 2023-07-26 18:07:07,690 [INFO] Sending command to the server: 'time'
client 2023-07-26 18:07:07,693 [INFO] Got response: '1690420027.5276942'
client 2023-07-26 18:07:07,693 [INFO] The time difference between the client and the server is within range 162.990 ms..165.755 ms
client 2023-07-26 18:07:07,693 [INFO] Sending command to the server: 'new,,f02ea8d7-a798-44ac-87de-c879f398bb44'
client 2023-07-26 18:07:07,695 [INFO] Got response: 'OK 2023-07-27_02-07-07,86c68e9a-dfa8-48b3-b173-3d8c5491ec7b'
client 2023-07-26 18:07:07,695 [INFO] Session id is '2023-07-27_02-07-07'
client 2023-07-26 18:07:07,695 [INFO] Sources: {"sources": {"__init__.py": "da39a3ee5e6b4b0d3255bfef95601890afd80709", "client.py": "33ca4f26368777ac06e01f9567b714a4b8063886", "lib/__init__.py": "da39a3ee5e6b4b0d3255bfef95601890afd80709", "lib/client.py": "ac2aa093c8e8bbc9569b9e2a3471bc64e58a2258", "lib/common.py": "611d8b29633d331eb19c9455ea3b5fa3284ed6df", "lib/external/__init__.py": "da39a3ee5e6b4b0d3255bfef95601890afd80709", "lib/external/ntplib.py": "4da8f970656505a40483206ef2b5d3dd5e81711d", "lib/server.py": "c7af63c31bb2fbedea4345f571f6e3507d268ada", "lib/source_hashes.py": "60a2e02193209e8d392803326208d5466342da18", "lib/summary.py": "aa92f0a3f975eecd44d3c0cd0236342ccc9f941d", "lib/time_sync.py": "122eba67a9abc85635223e054def53be1367ade2", "server.py": "c3f90f2f7eeb4db30727556d0c815ebc89b3d28b", "tests/unit/__init__.py": "da39a3ee5e6b4b0d3255bfef95601890afd80709", "tests/unit/test_server.py": "948c1995d4008bc2aa6c4046a34ffa3858d6d671", "tests/unit/test_source_hashes.py": "00468a2907583c593e6574a1f6b404e4651c221a"}, "modules": {"ptd_client_server.lib.client": "lib/client.py", "ptd_client_server.lib.common": "lib/common.py", "ptd_client_server.lib.external.ntplib": "lib/external/ntplib.py", "ptd_client_server.lib.source_hashes": "lib/source_hashes.py", "ptd_client_server.lib.summary": "lib/summary.py", "ptd_client_server.lib.time_sync": "lib/time_sync.py"}}
client 2023-07-26 18:07:07,696 [INFO] Running workload in ranging mode
client 2023-07-26 18:07:07,696 [INFO] Synchronizing with the server and with time.google.com...
client 2023-07-26 18:07:07,748 [INFO] NTP:offset = -0.001 s, delay = 0.012 s 
client 2023-07-26 18:07:07,748 [INFO] Sending command to the server: 'time'
client 2023-07-26 18:07:07,751 [INFO] Got response: '1690420027.5884013'
client 2023-07-26 18:07:07,752 [INFO] The time difference between the client and the server is within range 159.697 ms..163.670 ms
client 2023-07-26 18:07:07,752 [INFO] Sending command to the server: 'session,2023-07-27_02-07-07,start,ranging'
client 2023-07-26 18:07:31,619 [INFO] Got response: 'OK'
client 2023-07-26 18:07:31,619 [INFO] Sending command to the server: 'time'
client 2023-07-26 18:07:31,622 [INFO] Got response: '1690420051.4589443'
client 2023-07-26 18:07:31,622 [INFO] The time difference between the client and the server is within range 160.913 ms..163.927 ms
client 2023-07-26 18:07:31,622 [INFO] Running the workload 'CM_MLPERF_RUN_COUNT=$(cat ${CM_RUN_DIR}/count.txt); echo ${CM_MLPERF_RUN_COUNT}; CM_MLPERF_RUN_COUNT=$((CM_MLPERF_RUN_COUNT+1)); echo ${CM_MLPERF_RUN_COUNT} > ${CM_RUN_DIR}/count.txt && if [ ${CM_MLPERF_RUN_COUNT} -eq "1" ]; then export CM_MLPERF_USER_CONF=${CM_MLPERF_RANGING_USER_CONF}; else export CM_MLPERF_USER_CONF=${CM_MLPERF_TESTING_USER_CONF}; fi && /home/cmuser/run.out'
client 2023-07-26 18:12:32,233 [INFO] Sending command to the server: 'time'
client 2023-07-26 18:12:32,236 [INFO] Got response: '1690420352.0725007'
client 2023-07-26 18:12:32,236 [INFO] The time difference between the client and the server is within range 161.215 ms..163.826 ms
client 2023-07-26 18:12:32,236 [INFO] Sending command to the server: 'session,2023-07-27_02-07-07,stop,ranging'
client 2023-07-26 18:12:42,798 [INFO] Got response: 'OK'
client 2023-07-26 18:12:42,798 [INFO] Sending command to the server: 'time'
client 2023-07-26 18:12:42,800 [INFO] Got response: '1690420362.6326203'
client 2023-07-26 18:12:42,800 [INFO] The time difference between the client and the server is within range 165.578 ms..167.904 ms
client 2023-07-26 18:12:42,803 [INFO] Copying loadgen logs from '/home/cmuser/mobilenet_results/valid_results/bb3b3f2d4d2e-tflite_cpp-cpu-tflite-vmaster-default_config/mobilenet-v2-precision_uint8-0.75-128/singlestream/performance/run_1' to '/home/cmuser/mobilenet_results/valid_results/bb3b3f2d4d2e-tflite_cpp-cpu-tflite-vmaster-default_config/mobilenet-v2-precision_uint8-0.75-128/singlestream/performance/tmp_power/ranging'
client 2023-07-26 18:12:42,804 [INFO] Running workload in testing mode
client 2023-07-26 18:12:42,804 [INFO] Synchronizing with the server and with time.google.com...
client 2023-07-26 18:12:42,875 [INFO] NTP:offset = -0.001 s, delay = 0.022 s 
client 2023-07-26 18:12:42,876 [INFO] Sending command to the server: 'time'
client 2023-07-26 18:12:42,878 [INFO] Got response: '1690420362.7143102'
client 2023-07-26 18:12:42,878 [INFO] The time difference between the client and the server is within range 161.740 ms..164.469 ms
client 2023-07-26 18:12:42,878 [INFO] Sending command to the server: 'session,2023-07-27_02-07-07,start,testing'
client 2023-07-26 18:12:55,942 [INFO] Got response: 'OK'
client 2023-07-26 18:12:55,942 [INFO] Sending command to the server: 'time'
client 2023-07-26 18:12:55,945 [INFO] Got response: '1690420375.7830462'
client 2023-07-26 18:12:55,945 [INFO] The time difference between the client and the server is within range 159.125 ms..162.185 ms
client 2023-07-26 18:12:55,945 [INFO] Running the workload 'CM_MLPERF_RUN_COUNT=$(cat ${CM_RUN_DIR}/count.txt); echo ${CM_MLPERF_RUN_COUNT}; CM_MLPERF_RUN_COUNT=$((CM_MLPERF_RUN_COUNT+1)); echo ${CM_MLPERF_RUN_COUNT} > ${CM_RUN_DIR}/count.txt && if [ ${CM_MLPERF_RUN_COUNT} -eq "1" ]; then export CM_MLPERF_USER_CONF=${CM_MLPERF_RANGING_USER_CONF}; else export CM_MLPERF_USER_CONF=${CM_MLPERF_TESTING_USER_CONF}; fi && /home/cmuser/run.out'
client 2023-07-26 18:22:57,066 [INFO] Sending command to the server: 'time'
client 2023-07-26 18:22:57,071 [INFO] Got response: '1690420976.9043043'
client 2023-07-26 18:22:57,071 [INFO] The time difference between the client and the server is within range 162.562 ms..167.098 ms
client 2023-07-26 18:22:57,071 [INFO] Sending command to the server: 'session,2023-07-27_02-07-07,stop,testing'
client 2023-07-26 18:23:08,011 [INFO] Got response: 'OK'
client 2023-07-26 18:23:08,011 [INFO] Sending command to the server: 'time'
client 2023-07-26 18:23:08,014 [INFO] Got response: '1690420987.8412719'
client 2023-07-26 18:23:08,014 [INFO] The time difference between the client and the server is within range 170.477 ms..173.096 ms
client 2023-07-26 18:23:08,014 [INFO] Copying loadgen logs from '/home/cmuser/mobilenet_results/valid_results/bb3b3f2d4d2e-tflite_cpp-cpu-tflite-vmaster-default_config/mobilenet-v2-precision_uint8-0.75-128/singlestream/performance/run_1' to '/home/cmuser/mobilenet_results/valid_results/bb3b3f2d4d2e-tflite_cpp-cpu-tflite-vmaster-default_config/mobilenet-v2-precision_uint8-0.75-128/singlestream/performance/tmp_power/run_1'
client 2023-07-26 18:23:08,015 [INFO] Done runs
