client 2023-07-12 21:46:12,729 [INFO] Creating output directory '/home/arjun/mobilenet_results/valid_results/phoenix_Amd_Am5-tflite_cpp-cpu-tflite-vmaster-default_config/mobilenet-v1-precision_uint8-1.0-224/singlestream/performance/tmp_power'
client 2023-07-12 21:46:12,734 [INFO] Sending command to the server: 'mlcommons/power client v3'
client 2023-07-12 21:46:12,736 [INFO] Got response: 'mlcommons/power server v3'
client 2023-07-12 21:46:12,736 [INFO] Synchronizing with the server and with time.google.com...
client 2023-07-12 21:46:12,754 [INFO] NTP:offset = -0.010 s, delay = 0.017 s 
client 2023-07-12 21:46:12,754 [INFO] Sending command to the server: 'time'
client 2023-07-12 21:46:12,837 [INFO] Got response: '1689194772.7807872'
client 2023-07-12 21:46:12,837 [INFO] The time difference between the client and the server is within range -25.842 ms..57.140 ms
client 2023-07-12 21:46:12,837 [INFO] Sending command to the server: 'new,,a3c0d4fe-d771-4687-8f34-dabdaae9e24d'
client 2023-07-12 21:46:12,843 [INFO] Got response: 'OK 2023-07-12_21-46-12,31baa8b8-d8ce-4adc-8f98-7b2cdce0195a'
client 2023-07-12 21:46:12,843 [INFO] Session id is '2023-07-12_21-46-12'
client 2023-07-12 21:46:12,843 [INFO] Sources: {"sources": {"__init__.py": "da39a3ee5e6b4b0d3255bfef95601890afd80709", "client.py": "33ca4f26368777ac06e01f9567b714a4b8063886", "lib/__init__.py": "da39a3ee5e6b4b0d3255bfef95601890afd80709", "lib/client.py": "ac2aa093c8e8bbc9569b9e2a3471bc64e58a2258", "lib/common.py": "611d8b29633d331eb19c9455ea3b5fa3284ed6df", "lib/external/__init__.py": "da39a3ee5e6b4b0d3255bfef95601890afd80709", "lib/external/ntplib.py": "4da8f970656505a40483206ef2b5d3dd5e81711d", "lib/server.py": "c7af63c31bb2fbedea4345f571f6e3507d268ada", "lib/source_hashes.py": "60a2e02193209e8d392803326208d5466342da18", "lib/summary.py": "aa92f0a3f975eecd44d3c0cd0236342ccc9f941d", "lib/time_sync.py": "122eba67a9abc85635223e054def53be1367ade2", "server.py": "c3f90f2f7eeb4db30727556d0c815ebc89b3d28b", "tests/unit/__init__.py": "da39a3ee5e6b4b0d3255bfef95601890afd80709", "tests/unit/test_server.py": "948c1995d4008bc2aa6c4046a34ffa3858d6d671", "tests/unit/test_source_hashes.py": "00468a2907583c593e6574a1f6b404e4651c221a"}, "modules": {"ptd_client_server.lib.client": "lib/client.py", "ptd_client_server.lib.common": "lib/common.py", "ptd_client_server.lib.external.ntplib": "lib/external/ntplib.py", "ptd_client_server.lib.source_hashes": "lib/source_hashes.py", "ptd_client_server.lib.summary": "lib/summary.py", "ptd_client_server.lib.time_sync": "lib/time_sync.py"}}
client 2023-07-12 21:46:12,843 [INFO] Running workload in ranging mode
client 2023-07-12 21:46:12,843 [INFO] Synchronizing with the server and with time.google.com...
client 2023-07-12 21:46:12,864 [INFO] NTP:offset = -0.009 s, delay = 0.020 s 
client 2023-07-12 21:46:12,864 [INFO] Sending command to the server: 'time'
client 2023-07-12 21:46:12,866 [INFO] Got response: '1689194772.8011427'
client 2023-07-12 21:46:12,866 [INFO] The time difference between the client and the server is within range 63.188 ms..65.493 ms
client 2023-07-12 21:46:12,866 [INFO] Sending command to the server: 'session,2023-07-12_21-46-12,start,ranging'
client 2023-07-12 21:46:36,725 [INFO] Got response: 'OK'
client 2023-07-12 21:46:36,725 [INFO] Sending command to the server: 'time'
client 2023-07-12 21:46:36,727 [INFO] Got response: '1689194796.6676152'
client 2023-07-12 21:46:36,727 [INFO] The time difference between the client and the server is within range 57.663 ms..59.633 ms
client 2023-07-12 21:46:36,727 [INFO] Running the workload 'CM_MLPERF_RUN_COUNT=$(cat ${CM_RUN_DIR}/count.txt); echo ${CM_MLPERF_RUN_COUNT}; CM_MLPERF_RUN_COUNT=$((CM_MLPERF_RUN_COUNT+1)); echo ${CM_MLPERF_RUN_COUNT} > ${CM_RUN_DIR}/count.txt && if [ ${CM_MLPERF_RUN_COUNT} -eq "1" ]; then export CM_MLPERF_USER_CONF=${CM_MLPERF_RANGING_USER_CONF}; else export CM_MLPERF_USER_CONF=${CM_MLPERF_TESTING_USER_CONF}; fi && /home/arjun/run.out'
client 2023-07-12 21:51:36,940 [INFO] Sending command to the server: 'time'
client 2023-07-12 21:51:36,941 [INFO] Got response: '1689195096.8838174'
client 2023-07-12 21:51:36,941 [INFO] The time difference between the client and the server is within range 56.352 ms..57.757 ms
client 2023-07-12 21:51:36,941 [INFO] Sending command to the server: 'session,2023-07-12_21-46-12,stop,ranging'
client 2023-07-12 21:51:47,779 [INFO] Got response: 'OK'
client 2023-07-12 21:51:47,779 [INFO] Sending command to the server: 'time'
client 2023-07-12 21:51:47,780 [INFO] Got response: '1689195107.7220254'
client 2023-07-12 21:51:47,780 [INFO] The time difference between the client and the server is within range 57.367 ms..58.748 ms
client 2023-07-12 21:51:47,783 [INFO] Copying loadgen logs from '/home/arjun/mobilenet_results/valid_results/phoenix_Amd_Am5-tflite_cpp-cpu-tflite-vmaster-default_config/mobilenet-v1-precision_uint8-1.0-224/singlestream/performance/run_1' to '/home/arjun/mobilenet_results/valid_results/phoenix_Amd_Am5-tflite_cpp-cpu-tflite-vmaster-default_config/mobilenet-v1-precision_uint8-1.0-224/singlestream/performance/tmp_power/ranging'
client 2023-07-12 21:51:47,783 [INFO] Running workload in testing mode
client 2023-07-12 21:51:47,783 [INFO] Synchronizing with the server and with time.google.com...
client 2023-07-12 21:51:47,800 [INFO] NTP:offset = -0.007 s, delay = 0.015 s 
client 2023-07-12 21:51:47,800 [INFO] Sending command to the server: 'time'
client 2023-07-12 21:51:47,802 [INFO] Got response: '1689195107.742299'
client 2023-07-12 21:51:47,802 [INFO] The time difference between the client and the server is within range 57.862 ms..60.023 ms
client 2023-07-12 21:51:47,802 [INFO] Sending command to the server: 'session,2023-07-12_21-46-12,start,testing'
client 2023-07-12 21:52:00,838 [INFO] Got response: 'OK'
client 2023-07-12 21:52:00,838 [INFO] Sending command to the server: 'time'
client 2023-07-12 21:52:00,840 [INFO] Got response: '1689195120.7819605'
client 2023-07-12 21:52:00,840 [INFO] The time difference between the client and the server is within range 56.253 ms..58.136 ms
client 2023-07-12 21:52:00,840 [INFO] Running the workload 'CM_MLPERF_RUN_COUNT=$(cat ${CM_RUN_DIR}/count.txt); echo ${CM_MLPERF_RUN_COUNT}; CM_MLPERF_RUN_COUNT=$((CM_MLPERF_RUN_COUNT+1)); echo ${CM_MLPERF_RUN_COUNT} > ${CM_RUN_DIR}/count.txt && if [ ${CM_MLPERF_RUN_COUNT} -eq "1" ]; then export CM_MLPERF_USER_CONF=${CM_MLPERF_RANGING_USER_CONF}; else export CM_MLPERF_USER_CONF=${CM_MLPERF_TESTING_USER_CONF}; fi && /home/arjun/run.out'
client 2023-07-12 22:02:01,197 [INFO] Sending command to the server: 'time'
client 2023-07-12 22:02:01,198 [INFO] Got response: '1689195721.125934'
client 2023-07-12 22:02:01,198 [INFO] The time difference between the client and the server is within range 71.238 ms..72.799 ms
client 2023-07-12 22:02:01,198 [INFO] Sending command to the server: 'session,2023-07-12_21-46-12,stop,testing'
client 2023-07-12 22:02:11,905 [INFO] Got response: 'OK'
client 2023-07-12 22:02:11,905 [INFO] Sending command to the server: 'time'
client 2023-07-12 22:02:11,921 [INFO] Got response: '1689195731.8490663'
client 2023-07-12 22:02:11,921 [INFO] The time difference between the client and the server is within range 56.251 ms..72.352 ms
client 2023-07-12 22:02:11,921 [INFO] Copying loadgen logs from '/home/arjun/mobilenet_results/valid_results/phoenix_Amd_Am5-tflite_cpp-cpu-tflite-vmaster-default_config/mobilenet-v1-precision_uint8-1.0-224/singlestream/performance/run_1' to '/home/arjun/mobilenet_results/valid_results/phoenix_Amd_Am5-tflite_cpp-cpu-tflite-vmaster-default_config/mobilenet-v1-precision_uint8-1.0-224/singlestream/performance/tmp_power/run_1'
client 2023-07-12 22:02:11,922 [INFO] Done runs
